do run
loading script "jan_unknown120_60.py"
loading script "jan_pump_ms.py"
loading script "jan_co2.py"
loading script "jan_pump_extraction_line.py"
testing...
no interpolation path defined
executed 213.652928
script duration name:unknown120_60 seconds:214.0
loading script "jan_unknown120_60.py"
loading script "jan_pump_ms.py"
loading script "jan_co2.py"
loading script "jan_pump_extraction_line.py"
testing...
no interpolation path defined
executed 0
loading script "jan_unknown120_60.py"
loading script "jan_pump_ms.py"
loading script "jan_co2.py"
loading script "jan_pump_extraction_line.py"
testing...
no interpolation path defined
calculate duration
testing...
no interpolation path defined
executed 0
calculate duration
testing...
no interpolation path defined
executed 0
executed 0.0
script duration name:co2 seconds:0.0
loading script "jan_unknown120_60.py"
loading script "jan_pump_ms.py"
loading script "jan_co2.py"
loading script "jan_pump_extraction_line.py"
testing...
no interpolation path defined
calculate duration
testing...
no interpolation path defined
executed 4.0
executed 4.0
Script duration 214.0
Run total estimated duration= 215.000
run duration: 0:03:35
doing event level: 2
14:40:52 -- Setting default integration. t=1.048576
setting integration time = 1.048576
SetIntegrationTime 1.048576 ===>> OK
----------------- start -----------------
**************** Experiment Type: Ar/Ar, Ar/Ar
create new session 5006077104
close session 5006077104
$$$$$ Clearing conditionals
adding conditionals 
Add queue conditionals
add default conditionals
adding default conditionals from /Users/jan/PychronDev/setupfiles/spectrometer/default_conditionals.yaml
Start automated run 65565-30C
loading script "jan_unknown120_60.py"
loading script "jan_pump_ms.py"
loading script "jan_co2.py"
loading script "jan_pump_extraction_line.py"
%%%%%%%%%%%%%%%%%% setting automated run 65565-30C
No value "sensitivity_multiplier" in metadata
$$$$$$$$$$$$$$$ auto_save_detector_ic=False
============================= Pre Extraction Check =============================
loading queue conditionals pre_run_terminations
loading system conditionals pre_run_terminations
loading conditionals from /Users/jan/PychronDev/setupfiles/spectrometer/default_conditionals.yaml
14:40:52 -- ******* Pre Extraction Check *******
Get a measurement from the spectrometer
GetData ===>> H2,-0.100810864185408,H1,0.0192519987512576,AX,-0.0456959413669961,L1,0.018294456569529,L2,0.0596...
Pre Extraction Termination data. keys=H2,H1,AX,L1,L2,CDD, signals=-0.10081,0.01925,-0.04570,0.01829,0.05962,0.00357
14:40:52 -- testing system defined conditionals
Checking default pre extraction terminations n=2
testing CDD
evaluate ot="CDD.inactive" t="CDD", ctx="{'CDD': False}"
GetDeflection CDD ===>> 50
testing CDD==2000
evaluate ot="CDD.deflection==2000" t="CDD==2000", ctx="{'CDD': 50.0}"
14:40:52 -- ******* Pre Extraction Check Passed *******
=================================================================================
14:40:52 -- stopping status monitor
stop 4975402832
Status monitor stopped
Status monitor finished
14:40:53 -- starting status monitor
start 4975402832
StatusMonitor period=1. Frequencies(state=2, checksum=3, lock=5, owner=5)
start extraction
do extraction
Analysis started at 14:40:55.360215
Extraction Started jan_co2.py
14:40:55 -- ******* Extraction Started jan_co2.py *******
state changed from not run to extraction
DO EXTRACTION <pychron.extraction_line.pyscript_runner.RemotePyScriptRunner object at 0x12ad8e3b0>
testing...
no interpolation path defined
calculate duration
testing...
no interpolation path defined
executed 0
calculate duration
testing...
no interpolation path defined
executed 0
executed 100.0
Jan CO2 laser analysis
doing GOSUB
testing...
no interpolation path defined
executed 0
Waiting for CO2 access
wait ('FelixCO2Flag', 0) {}
waiting for FelixCO2Flag = 0
Read FelixCO2Flag ===>> 0
finished waiting
CO2 free
wait ('CO2PumpTimeFlag', 0) {}
waiting for CO2PumpTimeFlag = 0
Read CO2PumpTimeFlag ===>> 0
finished waiting
acquire ('JanCO2Flag',) {'clear': True}
acquire JanCO2Flag
Set JanCO2Flag 1 ===>> OK
JanCO2Flag acquired
set extraction state False (0.75, 'red', 1.5)
CO2 acquired
executed 0
WaitForCO2Access.py completed successfully
gosub finished
doing GOSUB
testing...
no interpolation path defined
executed 0
Prepare for CO2 analysis
close () {'description': 'Jan Inlet'}
closing name=--- desc=Jan Inlet
checking ownership. requestor=129.138.12.150
check software interlocks R
interlocks []
actuate state mode=None-script, software_lock=False
doing actuation None-script close_channel False
Close R ===>> OK
GetIndicatorState R ===>> False
change switch state (True, True)
update switch state R False args=() kw={} ncanvase=4
14:40:55 -- CLOSE  VALVE-R (Jan Inlet)
---------------------------------------- close None (Jan Inlet) result=[(True, True)]
action=close, ok=True, locked=[False]
open () {'description': 'Jan Ion Pump'}
opening name=--- desc=Jan Ion Pump
checking ownership. requestor=129.138.12.150
check software interlocks O
interlocks []
actuate state mode=None-script, software_lock=False
doing actuation None-script open_channel False
Open O ===>> OK
GetIndicatorState O ===>> OK
change switch state (True, True)
update switch state O True args=() kw={} ncanvase=4
14:40:56 -- OPEN   VALVE-O (Jan Ion Pump)
---------------------------------------- open None (Jan Ion Pump) result=[(True, True)], time=0.09 sec
Get Checksum: -1546936309
action=open, ok=True, locked=[False]
close () {'description': 'Microbone to Minibone'}
closing name=--- desc=Microbone to Minibone
checking ownership. requestor=129.138.12.150
check software interlocks L
interlocks []
actuate state mode=None-script, software_lock=False
doing actuation None-script close_channel False
Close L ===>> OK
GetIndicatorState L ===>> False
change switch state (True, True)
update switch state L False args=() kw={} ncanvase=4
14:40:56 -- CLOSE  VALVE-L (Microbone to Minibone)
---------------------------------------- close None (Microbone to Minibone) result=[(True, True)]
action=close, ok=True, locked=[False]
open () {'description': 'Microbone to Turbo'}
opening name=--- desc=Microbone to Turbo
checking ownership. requestor=129.138.12.150
check software interlocks U
interlocks []
actuate state mode=None-script, software_lock=False
doing actuation None-script open_channel False
Open U ===>> OK
GetIndicatorState U ===>> OK
change switch state (True, True)
update switch state U True args=() kw={} ncanvase=4
14:40:57 -- OPEN   VALVE-U (Microbone to Turbo)
---------------------------------------- open None (Microbone to Turbo) result=[(True, True)], time=0.12 sec
action=open, ok=True, locked=[False]
open () {'description': 'Microbone to Inlet Pipette'}
opening name=--- desc=Microbone to Inlet Pipette
checking ownership. requestor=129.138.12.150
check software interlocks S
interlocks []
actuate state mode=None-script, software_lock=False
doing actuation None-script open_channel False
Open S ===>> OK
GetIndicatorState S ===>> OK
change switch state (True, True)
update switch state S True args=() kw={} ncanvase=4
14:40:57 -- OPEN   VALVE-S (Microbone to Inlet Pipette)
---------------------------------------- open None (Microbone to Inlet Pipette) result=[(True, True)], time=0.41 sec
action=open, ok=True, locked=[False]
open () {'description': 'Microbone to Getter D-50'}
opening name=--- desc=Microbone to Getter D-50
checking ownership. requestor=129.138.12.150
check software interlocks K
interlocks []
actuate state mode=None-script, software_lock=False
doing actuation None-script open_channel False
Open K ===>> OK
GetIndicatorState K ===>> OK
change switch state (True, True)
update switch state K True args=() kw={} ncanvase=4
14:40:58 -- OPEN   VALVE-K (Microbone to Getter D-50)
---------------------------------------- open None (Microbone to Getter D-50) result=[(True, True)], time=0.41 sec
action=open, ok=True, locked=[False]
open () {'description': 'Microbone to Getter NP-10'}
opening name=--- desc=Microbone to Getter NP-10
checking ownership. requestor=129.138.12.150
check software interlocks M
interlocks []
actuate state mode=None-script, software_lock=False
doing actuation None-script open_channel False
Open M ===>> OK
GetIndicatorState M ===>> OK
change switch state (True, True)
update switch state M True args=() kw={} ncanvase=4
14:40:58 -- OPEN   VALVE-M (Microbone to Getter NP-10)
---------------------------------------- open None (Microbone to Getter NP-10) result=[(True, True)], time=0.17 sec
action=open, ok=True, locked=[False]
close () {'description': 'CO2 Laser to Felix'}
closing name=--- desc=CO2 Laser to Felix
checking ownership. requestor=129.138.12.150
check software interlocks F
interlocks []
actuate state mode=None-script, software_lock=True
VALVE-F(CO2 Laser to Felix) software locked
change switch state (True, False)
---------------------------------------- close None (CO2 Laser to Felix) result=[(True, False)]
action=close, ok=True, locked=[True]
open () {'description': 'CO2 Laser to Jan'}
opening name=--- desc=CO2 Laser to Jan
checking ownership. requestor=129.138.12.150
check software interlocks A
interlocks []
actuate state mode=None-script, software_lock=False
doing actuation None-script open_channel False
Open A ===>> OK
GetIndicatorState A ===>> OK
change switch state (True, True)
update switch state A True args=() kw={} ncanvase=4
14:40:59 -- OPEN   VALVE-A (CO2 Laser to Jan)
---------------------------------------- open None (CO2 Laser to Jan) result=[(True, True)], time=0.14 sec
Get Checksum: -1546936309
action=open, ok=True, locked=[False]
open () {'description': 'Microbone to CO2 Laser'}
opening name=--- desc=Microbone to CO2 Laser
checking ownership. requestor=129.138.12.150
check software interlocks T
interlocks []
actuate state mode=None-script, software_lock=False
doing actuation None-script open_channel False
Open T ===>> OK
GetIndicatorState T ===>> OK
change switch state (True, True)
update switch state T True args=() kw={} ncanvase=4
14:41:00 -- OPEN   VALVE-T (Microbone to CO2 Laser)
---------------------------------------- open None (Microbone to CO2 Laser) result=[(True, True)], time=0.44 sec
action=open, ok=True, locked=[False]
executed 0
PrepareForCO2Analysis.py completed successfully
gosub finished
set_motor ('beam', '1.25') {}
setting motor "beam" to 1.25
set motor beam to 1.25
SetMotor beam,1.25 ===>> OK
GetMotorMoving beam ===>> False
GetMotorMoving beam ===>> False
Block completed
move_to_position ('144',) {'autocenter': True}
FusionsCO2 move to position 144
sending GoToHole 144,True
GoToHole 144,True ===>> OK
GetDriveMoving ===>> False
GetDriveMoving ===>> OK
Get Checksum: -1546936309
GetDriveMoving ===>> OK
GetDriveMoving ===>> False
Block completed
GetAutoCorrecting ===>> False
GetAutoCorrecting ===>> False
Block completed
update position
GetPosition ===>> -1.99390,-3.98780,1.00000
got position (-1.9939, -3.9878, 1.0)
move to position succeeded
sleep (5,) {}
SLEEP 5.0
block started
WaitControl setup for 5.0  
Get Checksum: -1546936309
Get Checksum: -1546936309
Join finished
block finished. duration 5.0070400238
close () {'description': 'Microbone to Turbo'}
closing name=--- desc=Microbone to Turbo
checking ownership. requestor=129.138.12.150
check software interlocks U
interlocks []
actuate state mode=None-script, software_lock=False
doing actuation None-script close_channel True
Close U ===>> OK
GetIndicatorState U ===>> False
change switch state (True, True)
update switch state U False args=() kw={} ncanvase=4
14:41:09 -- CLOSE  VALVE-U (Microbone to Turbo)
---------------------------------------- close None (Microbone to Turbo) result=[(True, True)]
action=close, ok=True, locked=[False]
enable laser
enable () {}
set extraction state FusionsCO2 Enabled (False, 'red', 1.5)
enabling laser
Enable ===>> OK
begin interval
BEGIN INTERVAL Interval 1 waiting for 30.0
set extract to 5.0
block started
WaitControl setup for 30.0  
extract (5.0,) {}
GetPosition ===>> -1.99390,-3.98780,1.00000
set extraction state FusionsCO2 ON! 5.0(watts) (0.75, 'red', 1.5)
extract sample to 5.0 (watts)
set laser output
SetLaserOutput 5.0,watts ===>> OK
executing pattern triangle.lp
execute_pattern ('triangle.lp',) {}
executing pattern triangle.lp
IsPatterning ===>> OK
Get Checksum: -113569871
IsPatterning ===>> OK
IsPatterning ===>> OK
IsPatterning ===>> OK
Get Checksum: -113569871
IsPatterning ===>> OK
IsPatterning ===>> OK
IsPatterning ===>> OK
Get Checksum: -113569871
IsPatterning ===>> OK
IsPatterning ===>> OK
IsPatterning ===>> OK
Get Checksum: -113569871
IsPatterning ===>> OK
IsPatterning ===>> OK
IsPatterning ===>> OK
Get Checksum: -113569871
IsPatterning ===>> OK
IsPatterning ===>> OK
IsPatterning ===>> OK
Get Checksum: -113569871
IsPatterning ===>> OK
IsPatterning ===>> OK
IsPatterning ===>> OK
Get Checksum: -113569871
IsPatterning ===>> OK
IsPatterning ===>> OK
IsPatterning ===>> OK
Get Checksum: -113569871
IsPatterning ===>> OK
IsPatterning ===>> OK
IsPatterning ===>> OK
Get Checksum: -113569871
IsPatterning ===>> OK
IsPatterning ===>> OK
IsPatterning ===>> False
Get Checksum: -113569871
IsPatterning ===>> False
Block completed
COMPLETE INTERVAL waiting for Interval 1 to complete
Join finished
block finished. duration 30.0311157703
Interval 1 finished
end_extract () {}
ending extraction. set laser power to 0
set laser power 0
SetLaserPower 0 ===>> OK
disable () {}
%%%%%%%%%%%%%%%%%%%%%%%%%%%%%%%%%%% disable
set extraction state False (0.75, 'red', 1.5)
disabling laser
Disable ===>> OK
sleep (30.0,) {}
SLEEP 30.0
block started
WaitControl setup for 30.0  
Get Checksum: -113569871
Get Checksum: -113569871
Get Checksum: -113569871
Get Checksum: -113569871
Get Checksum: -113569871
Get Checksum: -113569871
Get Checksum: -113569871
Get Checksum: -113569871
Get Checksum: -113569871
Get Checksum: -113569871
Join finished
block finished. duration 30.0387971401
executed 165.5
jan_co2.py completed successfully
GetAchievedOutput ===>> No Response
Requested Output= 0.000
Achieved Output=  0.000
GetResponseBlob ===>> No Response
GetOutputBlob ===>> No Response
persistence save...
persistence save - db
AutomatedRunPersister post_extraction_save deprecated
persistence save - dvc
no extraction position for 144
create new session 4983821424
close session 4983821424
Extraction Finished
14:42:10 -- ******* Extraction Finished *******
no overlap. not waiting for min ms pumptime
14:42:10 -- Sending spectrometer configuration
======== Sending configuration ========
SetDeflection CDD,50.0 ===>> OK
SetDeflection H2,0.0 ===>> OK
SetDeflection H1,0.0 ===>> OK
SetDeflection L2,825.0 ===>> OK
SetDeflection L1,400.0 ===>> OK
SetDeflection AX,190.0 ===>> OK
SetZFocus 74.64 ===>> OK
SetZSymmetry -50.72 ===>> OK
SetExtractionLens 26.13 ===>> OK
SetIonRepeller -3.81 ===>> OK
SetElectronEnergy 75.08 ===>> OK
SetYSymmetry -2.81 ===>> OK
SetIonCounterVoltage 1590.0 ===>> OK
send trap current 200.0
GetParameter Trap Current Readback ===>> 198.258926936459
SetParameter Trap Current Set,200.0 ===>> OK
updating mftable name mftable
Using mftable located at /Users/jan/PychronDev/setupfiles/spectrometer/mftables/mftable.csv
============ MFtable ===========
Isotope  H2     H1     AX     L1     L2     CDD    
Ar40     5.7800 5.8791 5.9924 6.1199 6.2307 6.3481
Ar39     5.6792 5.7713 5.8848 6.0060 6.1158 6.2346
Ar36     5.3567 5.4403 5.5481 5.6648 5.7708 5.8857
================================
get initial guess parabolic
get initial guess parabolic
get initial guess parabolic
get initial guess parabolic
get initial guess parabolic
get initial guess parabolic
======== Configuration Finished ========
GetYSymmetry ===>> -2.81
GetZSymmetry ===>> -50.72
GetParameter Trap Current Readback ===>> 198.147042666178
GetHighVoltage ===>> 4500
start measurement
do measurement
L#=65565 analysis type=unknown
Measurement Started jan_unknown120_60.py
14:42:10 -- ******* Measurement Started jan_unknown120_60.py *******
state changed from extraction to measurement
setting spec, defl, and gains
GetExtractionLens ===>> 26.13
GetYSymmetry ===>> -2.81
GetZSymmetry ===>> -50.72
GetZFocus ===>> 74.64
GetDeflection H2 ===>> 0
GetDeflection H1 ===>> 0
GetDeflection AX ===>> 190
GetDeflection L1 ===>> 400
GetDeflection L2 ===>> 825
GetDeflection CDD ===>> 50
GetGain H2 ===>> 0.0113
GetGain H1 ===>> 0.1
GetGain AX ===>> 0.097049
GetGain L1 ===>> 0.010355
GetGain L2 ===>> 0.095649
GetGain CDD ===>> 0
pre measurement save
New frame /Users/jan/PychronDev/data/isotopes/d6/0a55f9-428d-418d-8398-7b809c448469.h5
flush and close file /Users/jan/PychronDev/data/isotopes/d6/0a55f9-428d-418d-8398-7b809c448469.h5
testing...
no interpolation path defined
executed 226.132928
unknown measurement script
activate_detectors ('H2', 'H1', 'AX', 'L1', 'L2', 'CDD') {}
activate detectors
*************** Set Analysis View Ar/Ar
create graphs
clearing graphs
clear isotope group
setting isotope det=H2, iso=PM41
setting isotope det=H1, iso=Ar40
setting isotope det=AX, iso=Ar39
setting isotope det=L1, iso=Ar38
setting isotope det=L2, iso=Ar37
setting isotope det=CDD, iso=Ar36
setting previous blanks
 - setting Ar40 blank 0.885+/-0.007
 - setting Ar36 blank 0.00685+/-0.00020
 - setting Ar37 blank 0.046+/-0.005
 - setting Ar38 blank 0.0060+/-0.0023
 - setting PM41 blank 0.02+/-0.07
 - setting Ar39 blank 0.018+/-0.009
load analysis view
position_magnet ('Ar40',) {'detector': 'H1'}
detector Detector(H1)
POSITION Ar40 H1
setting detector H2 to PM41 (40.9624)
setting detector H1 to Ar40 (39.9624)
setting detector AX to Ar39 (38.9624)
setting detector L1 to Ar38 (37.9624)
setting detector L2 to Ar37 (36.9624)
setting detector CDD to Ar36 (35.9624)
Mapping mass to dac mass func: "parabolic"
H1 map mass coeffs = [-0.00063987  0.15840543  0.57065999]
H1 map mass to dac 39.9624 >> 5.87905
GetDeflection H1 ===>> 0
GetHighVoltage ===>> 4500
positioning Ar40 (5.87905) on H1
setting magnet DAC
current  : 5.879050
requested: 5.879050
Delta Dac: 0.000000
Checking detector protection. dv=0.00000
Checking detector "CDD". Protection Threshold: 0.1 (V)
SetMagnetDAC 5.87905 ===>> OK
equilibrate () {'delay': 3, 'inlet': 'R', 'outlet': 'O', 'eqtime': 12.0}
Equilibration Started
14:42:11 -- ******* Equilibration Started *******
checking ownership. requestor=129.138.12.150
check software interlocks O
interlocks []
actuate state mode=None-script, software_lock=False
doing actuation None-script close_channel True
Close O ===>> OK
GetIndicatorState O ===>> False
change switch state (True, True)
update switch state O False args=() kw={} ncanvase=4
14:42:11 -- CLOSE  VALVE-O (Jan Ion Pump)
waiting 3s before opening inlet value ('R',)
Get Checksum: -949435069
checking ownership. requestor=129.138.12.150
check software interlocks R
interlocks []
actuate state mode=None-script, software_lock=False
doing actuation None-script open_channel True
Open R ===>> OK
GetIndicatorState R ===>> OK
change switch state (True, True)
update switch state R True args=() kw={} ncanvase=4
14:42:14 -- OPEN   VALVE-R (Jan Inlet)
equilibrating for 12.0sec
set_time_zero () {}
sniff (12.0,) {}
py_sniff
build tables- sniff [Detector(H2), Detector(H1), Detector(AX), Detector(L1), Detector(L2), Detector(CDD)]
add group /sniff/PM41 (Group) '' table H2
add group /sniff/Ar40 (Group) '' table H1
add group /sniff/Ar39 (Group) '' table AX
add group /sniff/Ar38 (Group) '' table L1
add group /sniff/Ar37 (Group) '' table L2
add group /sniff/Ar36 (Group) '' table CDD
flush and close file /Users/jan/PychronDev/data/isotopes/d6/0a55f9-428d-418d-8398-7b809c448469.h5
measuring sniff. ncounts=12.0
Get Checksum: -1834644773
starting measurement
GetData ===>> H2,-0.262957218891526,H1,-0.0504358554600735,AX,-0.0185474757562478,L1,-0.0279959780577332,L2,-0....
GetData ===>> H2,0.563085503204926,H1,153.60600130317,AX,40.3721186406326,L1,0.198889450283036,L2,1.25639004355...
GetData ===>> H2,1.01620698278129,H1,471.547368059671,AX,118.475178195033,L1,0.901027355830197,L2,2.72563083657...
Get Checksum: -1834644773
GetData ===>> H2,0.301025394693293,H1,583.385747449613,AX,142.381059954218,L1,1.35564465926321,L2,2.99756962952...
GetData ===>> H2,0.111470222844952,H1,620.369296170059,AX,149.292347153582,L1,1.61745850150169,L2,3.03910369710...
GetData ===>> H2,0.00148748807767974,H1,634.119369707473,AX,151.70402410508,L1,1.72835462735472,L2,3.0129938350...
Get Checksum: -1834644773
GetData ===>> H2,0.0449436925269726,H1,639.75558477366,AX,152.97198474751,L1,1.83676305366088,L2,2.991163770255...
GetData ===>> H2,0.0378773745720826,H1,641.942801464501,AX,153.273797380989,L1,1.89302040582751,L2,3.0602768168...
GetData ===>> H2,-0.113206413825017,H1,642.983145110322,AX,153.423196466083,L1,1.90997706423594,L2,3.1142897398...
Get Checksum: -1834644773
GetData ===>> H2,-0.0133675240681751,H1,643.606408036379,AX,153.51762625359,L1,1.96449147474092,L2,3.0251798788...
GetData ===>> H2,-0.0270451793468473,H1,643.589408836019,AX,153.365745808364,L1,1.98832716646922,L2,3.012010222...
Equilibration Finished
GetData ===>> H2,-0.0657333780188493,H1,643.195230833134,AX,153.328153893487,L1,1.95701246395894,L2,2.929518617...
14:42:26 -- ******* Equilibration Finished *******
checking ownership. requestor=129.138.12.150
check software interlocks R
interlocks []
actuate state mode=None-script, software_lock=False
doing actuation None-script close_channel True
Close R ===>> OK
set states for children of R. state=False
handle state [('R', False)]
update switch state R False args=() kw={'refresh': False} ncanvase=4
refresh_canvas_needed fired
GetIndicatorState R ===>> False
change switch state (True, True)
update switch state R False args=() kw={} ncanvase=4
14:42:27 -- CLOSE  VALVE-R (Jan Inlet)
Post Equilibration Started jan_pump_extraction_line.py
14:42:27 -- ******* Post Equilibration Started jan_pump_extraction_line.py *******
testing...
no interpolation path defined
calculate duration
testing...
no interpolation path defined
Get Checksum: -949435069
executed 4.0
executed 4.0
Pump after analysis
doing GOSUB
testing...
no interpolation path defined
executed 4.0
Pump Microbone
close () {'description': 'Jan Inlet'}
closing name=--- desc=Jan Inlet
checking ownership. requestor=129.138.12.150
check software interlocks R
interlocks []
actuate state mode=None-script, software_lock=False
doing actuation None-script close_channel False
measurement finished
estimated time: 12.583 actual time: :12.642
flush and close file /Users/jan/PychronDev/data/isotopes/d6/0a55f9-428d-418d-8398-7b809c448469.h5
set_fits () {}
using default fits file=/Users/jan/PychronDev/scripts/measurement/fits/nominal_linear.yaml
set "Ar40" to "('Linear', 'SEM')"
No fit for "PM41". defaulting to linear. check the measurement script "jan_unknown120_60.py"
set "PM41" to "linear"
set "Ar36" to "('Linear', 'SEM')"
set "Ar37" to "('linear', 'SEM')"
set "Ar38" to "('linear', 'SEM')"
set "Ar39" to "('Linear', 'SEM')"
set_baseline_fits () {}
using default fits file=/Users/jan/PychronDev/scripts/measurement/fits/nominal_linear.yaml
Close R ===>> OK
set "H1" to "('average', 'SEM')"
set "H2" to "('average', 'SEM')"
set "CDD" to "('average', 'SEM')"
set "L2" to "('average', 'SEM')"
set "L1" to "('average', 'SEM')"
set "AX" to "('average', 'SEM')"
multicollect () {'integration_time': 1, 'ncounts': 120}
build tables- signal [Detector(H2), Detector(H1), Detector(AX), Detector(L1), Detector(L2), Detector(CDD)]
add group /signal/PM41 (Group) '' table H2
add group /signal/Ar40 (Group) '' table H1
add group /signal/Ar39 (Group) '' table AX
add group /signal/Ar38 (Group) '' table L1
add group /signal/Ar37 (Group) '' table L2
add group /signal/Ar36 (Group) '' table CDD
flush and close file /Users/jan/PychronDev/data/isotopes/d6/0a55f9-428d-418d-8398-7b809c448469.h5
measuring signal. ncounts=120
GetIndicatorState R ===>> False
change switch state (True, True)
update switch state R False args=() kw={} ncanvase=4
14:42:27 -- CLOSE  VALVE-R (Jan Inlet)
---------------------------------------- close None (Jan Inlet) result=[(True, True)]
action=close, ok=True, locked=[False]
is_closed ('F',) {}
is F () closed?
is closed True
open () {'description': 'CO2 Laser to Jan'}
opening name=--- desc=CO2 Laser to Jan
checking ownership. requestor=129.138.12.150
check software interlocks A
interlocks []
actuate state mode=None-script, software_lock=False
doing actuation None-script open_channel False
Open A ===>> OK
GetIndicatorState A ===>> OK
change switch state (True, True)
update switch state A True args=() kw={} ncanvase=4
14:42:28 -- OPEN   VALVE-A (CO2 Laser to Jan)
---------------------------------------- open None (CO2 Laser to Jan) result=[(True, True)], time=0.13 sec
starting measurement
GetData ===>> H2,0.0664548798383856,H1,643.64725697199,AX,153.738758503586,L1,1.96232715756556,L2,3.12897940447...
action=open, ok=True, locked=[False]
sleep (1,) {}
SLEEP 1.0
GetData ===>> H2,0.0337195945833228,H1,643.531777591617,AX,153.458464385262,L1,1.95693213282813,L2,2.9187217193...
close () {'description': 'CO2 Laser to Roughing'}
closing name=--- desc=CO2 Laser to Roughing
checking ownership. requestor=129.138.12.150
check software interlocks G
interlocks []
actuate state mode=None-script, software_lock=True
VALVE-G(CO2 Laser to Roughing) software locked
change switch state (True, False)
---------------------------------------- close None (CO2 Laser to Roughing) result=[(True, False)]
action=close, ok=True, locked=[True]
open () {'description': 'Microbone to Turbo'}
opening name=--- desc=Microbone to Turbo
checking ownership. requestor=129.138.12.150
check software interlocks U
interlocks []
actuate state mode=None-script, software_lock=False
doing actuation None-script open_channel True
Open U ===>> OK
GetIndicatorState U ===>> OK
change switch state (True, True)
update switch state U True args=() kw={} ncanvase=4
14:42:29 -- OPEN   VALVE-U (Microbone to Turbo)
---------------------------------------- open None (Microbone to Turbo) result=[(True, True)], time=0.20 sec
action=open, ok=True, locked=[False]
open () {'description': 'Microbone to Getter NP-10'}
opening name=--- desc=Microbone to Getter NP-10
checking ownership. requestor=129.138.12.150
check software interlocks M
interlocks []
actuate state mode=None-script, software_lock=False
doing actuation None-script open_channel False
Open M ===>> OK
GetIndicatorState M ===>> OK
change switch state (True, True)
update switch state M True args=() kw={} ncanvase=4
14:42:30 -- OPEN   VALVE-M (Microbone to Getter NP-10)
---------------------------------------- open None (Microbone to Getter NP-10) result=[(True, True)], time=0.15 sec
action=open, ok=True, locked=[False]
open () {'description': 'Microbone to Getter D-50'}
opening name=--- desc=Microbone to Getter D-50
checking ownership. requestor=129.138.12.150
check software interlocks K
interlocks []
actuate state mode=None-script, software_lock=False
doing actuation None-script open_channel False
GetData ===>> H2,-0.0983941876028308,H1,643.11365339251,AX,153.617433305503,L1,1.94944151758028,L2,3.0640048749...
Open K ===>> OK
Get Checksum: -1636398612
GetIndicatorState K ===>> OK
change switch state (True, True)
update switch state K True args=() kw={} ncanvase=4
14:42:30 -- OPEN   VALVE-K (Microbone to Getter D-50)
---------------------------------------- open None (Microbone to Getter D-50) result=[(True, True)], time=0.41 sec
action=open, ok=True, locked=[False]
open () {'description': 'Microbone to CO2 Laser'}
opening name=--- desc=Microbone to CO2 Laser
checking ownership. requestor=129.138.12.150
check software interlocks T
interlocks []
actuate state mode=None-script, software_lock=False
doing actuation None-script open_channel False
Open T ===>> OK
GetIndicatorState T ===>> OK
change switch state (True, True)
update switch state T True args=() kw={} ncanvase=4
GetData ===>> H2,-0.00261395389088481,H1,642.730779256251,AX,153.458319149766,L1,1.93993355914822,L2,3.05099202...
14:42:31 -- OPEN   VALVE-T (Microbone to CO2 Laser)
---------------------------------------- open None (Microbone to CO2 Laser) result=[(True, True)], time=0.45 sec
action=open, ok=True, locked=[False]
open () {'description': 'Microbone to Inlet Pipette'}
opening name=--- desc=Microbone to Inlet Pipette
checking ownership. requestor=129.138.12.150
check software interlocks S
interlocks []
actuate state mode=None-script, software_lock=False
doing actuation None-script open_channel False
Open S ===>> OK
GetIndicatorState S ===>> OK
change switch state (True, True)
update switch state S True args=() kw={} ncanvase=4
14:42:32 -- OPEN   VALVE-S (Microbone to Inlet Pipette)
---------------------------------------- open None (Microbone to Inlet Pipette) result=[(True, True)], time=0.42 sec
action=open, ok=True, locked=[False]
sleep (1,) {}
SLEEP 1.0
GetData ===>> H2,-0.133499235815411,H1,642.45120661733,AX,153.390196315313,L1,1.94757689400575,L2,3.08891243493...
set_resource () {'name': 'CO2PumpTimeFlag', 'value': 30}
Set CO2PumpTimeFlag 30 ===>> OK
release ('JanCO2Flag',) {}
release JanCO2Flag
Set JanCO2Flag 0 ===>> OK
executed 6.0
PumpMicrobone.py completed successfully
gosub finished
get_resource_value () {'name': 'JanMiniboneFlag'}
Read JanMiniboneFlag ===>> 0
Get Resource Value JanMiniboneFlag=0.0
get resource value 0.0
get_resource_value () {'name': 'JanMiniboneFlag'}
Read JanMiniboneFlag ===>> 0
Get Resource Value JanMiniboneFlag=0.0
executed 4.0
jan_pump_extraction_line.py completed successfully
Post Equilibration Finished
14:42:33 -- ******* Post Equilibration Finished *******
GetData ===>> H2,-0.20578857180067,H1,642.445882800245,AX,153.246571888397,L1,1.96096217060213,L2,3.05443030581...
Get Checksum: -1636398612
GetData ===>> H2,-0.246041598335636,H1,642.279672919376,AX,153.051433474625,L1,1.9915693102576,L2,3.06371542430...
GetData ===>> H2,-0.195165218451784,H1,642.220055204547,AX,152.962001843278,L1,1.98073380068491,L2,3.0223560061...
GetData ===>> H2,-0.111866327136438,H1,641.994095844635,AX,152.861835822248,L1,1.96357250971273,L2,2.9401431038...
Get Checksum: -1636398612
GetData ===>> H2,-0.0782080155355919,H1,641.624457596627,AX,152.868856624759,L1,1.93740176965908,L2,3.077795301...
GetData ===>> H2,-0.0904636083199983,H1,641.163193828605,AX,153.11294571253,L1,1.91018987860429,L2,2.9871223544...
GetData ===>> H2,-0.0983955416271692,H1,640.917735323875,AX,152.983646002708,L1,1.98249001148182,L2,3.021302861...
GetData ===>> H2,-0.127665225314052,H1,640.059761079737,AX,152.664874663616,L1,1.97359440714224,L2,3.0510962154...
Get Checksum: -1636398612
GetData ===>> H2,-0.197328934982741,H1,640.214607877135,AX,152.517785066861,L1,1.94645195582911,L2,2.9527828954...
GetData ===>> H2,-0.0450550166349044,H1,640.303264918674,AX,152.541353676008,L1,1.92198671039897,L2,3.047553869...
GetData ===>> H2,-0.0683301327539096,H1,639.721593490894,AX,152.541395063562,L1,1.95684126717102,L2,2.982004241...
Get Checksum: -1636398612
GetData ===>> H2,-0.0946496932720358,H1,639.768851631907,AX,152.537256357028,L1,1.96280500865732,L2,2.993676712...
GetData ===>> H2,-0.0578709915313,H1,639.552596735958,AX,152.588600551249,L1,1.96291295584197,L2,3.116062113160...
GetData ===>> H2,-0.132528164886172,H1,638.952320271065,AX,152.66338445235,L1,1.94838481504164,L2,3.08499813247...
Get Checksum: -1636398612
GetData ===>> H2,-0.173912051808949,H1,638.445797794717,AX,152.402243798101,L1,1.90601710188931,L2,3.0344390536...
GetData ===>> H2,-0.0594577355578561,H1,638.203045790865,AX,152.321069050654,L1,1.89879697967321,L2,2.947921242...
GetData ===>> H2,-0.0875289558073457,H1,637.951182949917,AX,152.3127978285,L1,1.90150986124796,L2,3.02638352169...
Get Checksum: -1636398612
GetData ===>> H2,-0.122709722292047,H1,637.828049813463,AX,152.249639373037,L1,1.90807636747451,L2,3.1142897398...
GetData ===>> H2,-0.169603987635098,H1,637.675181535848,AX,152.198987026344,L1,1.92274486328039,L2,2.9973845076...
14:42:53 -- collecting point 25
GetData ===>> H2,-0.134309299649903,H1,637.559536743577,AX,152.085146349225,L1,1.92776549168401,L2,3.0643869510...
Get Checksum: -1636398612
GetData ===>> H2,-0.10601749523461,H1,637.462683660392,AX,152.136559680958,L1,1.92644045474311,L2,3.10652874706...
GetData ===>> H2,-0.171227187523541,H1,637.091664245327,AX,152.024350336147,L1,1.90996130037207,L2,2.9662115822...
GetData ===>> H2,-0.16502998162892,H1,636.692253162052,AX,152.014319967026,L1,1.90689303073403,L2,2.97409601257...
Get Checksum: -1636398612
GetData ===>> H2,-0.00717957876988199,H1,636.525716989971,AX,151.934430512768,L1,1.91604388392427,L2,3.01786575...
GetData ===>> H2,-0.151377505135754,H1,636.580936822074,AX,151.940110600011,L1,1.91380835147013,L2,3.0125309575...
GetData ===>> H2,-0.216599603466083,H1,636.116993941053,AX,151.71776962018,L1,1.8909988609099,L2,3.041164082399...
Get Checksum: -1636398612
GetData ===>> H2,-0.213957741542474,H1,636.022598021802,AX,151.660524469371,L1,1.87617229085099,L2,2.9750570074...
GetData ===>> H2,-0.182327174074496,H1,635.34374681699,AX,151.6542109142,L1,1.90925983124701,L2,3.0050557910317...
Get Checksum: -1636398612
GetData ===>> H2,-0.194526424772222,H1,635.123603863515,AX,151.504860782214,L1,1.90236967895672,L2,3.0712761573...
GetData ===>> H2,-0.168674219759797,H1,634.473116456816,AX,151.618275664028,L1,1.91232087611201,L2,2.9450506663...
GetData ===>> H2,-0.207609094061004,H1,634.411387648715,AX,151.380574543387,L1,1.93420101882667,L2,3.0428656694...
Get Checksum: -1636398612
GetData ===>> H2,-0.158394459020752,H1,634.25194596876,AX,151.518700968407,L1,1.93172446150005,L2,2.97308871489...
GetData ===>> H2,-0.140198442137336,H1,634.196294612935,AX,151.284380908624,L1,1.98578580015726,L2,3.0487693659...
GetData ===>> H2,-0.110894326945174,H1,633.739606600957,AX,151.315834836072,L1,1.9329962088329,L2,2.97909792126...
Get Checksum: -1636398612
GetData ===>> H2,-0.116404385728923,H1,633.940697952783,AX,151.284030536661,L1,1.89721695196255,L2,3.0144982022...
GetData ===>> H2,-0.200879382447664,H1,633.764506090159,AX,151.203285615376,L1,1.87188295003473,L2,2.9203533279...
GetData ===>> H2,-0.255649160183005,H1,633.320699496635,AX,151.356345861009,L1,1.87108560548199,L2,3.0058426235...
Get Checksum: -1636398612
GetData ===>> H2,-0.179341095122599,H1,632.594898630654,AX,151.221940026615,L1,1.90777428275856,L2,3.0303880560...
GetData ===>> H2,-0.16378392318741,H1,632.597082349677,AX,151.029202568828,L1,1.90118124082461,L2,2.96189336235...
GetData ===>> H2,-0.217222664852486,H1,632.597975692578,AX,150.765947275511,L1,1.86344949924758,L2,2.9166388546...
Get Checksum: -1636398612
GetData ===>> H2,-0.23508535949853,H1,632.486571629748,AX,150.947309303087,L1,1.87379786202457,L2,2.96161552099...
GetData ===>> H2,-0.136119901001481,H1,632.63286719509,AX,150.886987908945,L1,1.88766412265882,L2,3.07156563050...
GetData ===>> H2,-0.125377714869794,H1,631.953144406548,AX,150.941152399165,L1,1.91776191137941,L2,2.9742696856...
Get Checksum: -1636398612
GetData ===>> H2,-0.165223020677607,H1,631.37862614056,AX,150.780354878576,L1,1.89503181734325,L2,3.05708145239...
14:43:19 -- collecting point 50
GetData ===>> H2,-0.191163403547055,H1,631.314445149756,AX,150.71632619728,L1,1.92080296334576,L2,3.04209011249...
GetData ===>> H2,-0.155806173261156,H1,631.329312451251,AX,150.549018075034,L1,1.90974849041576,L2,3.0190808795...
Get Checksum: -1636398612
GetData ===>> H2,-0.0856114792958273,H1,630.953375499714,AX,150.597870678012,L1,1.91016754603939,L2,3.024624356...
GetData ===>> H2,-0.163829825929306,H1,630.460051515797,AX,150.629884343633,L1,1.9236988697054,L2,3.03615209766...
GetData ===>> H2,-0.123450819117477,H1,630.028875581535,AX,150.683884848299,L1,1.90998363251921,L2,3.0582044489...
Get Checksum: -1636398612
GetData ===>> H2,-0.120845947473286,H1,629.92032382416,AX,150.277331142049,L1,1.86521352620904,L2,3.06298601256...
GetData ===>> H2,-0.180946901971474,H1,629.961979801871,AX,150.241854649789,L1,1.84048043250794,L2,3.0359669022...
Get Checksum: -1636398612
GetData ===>> H2,-0.15328756595162,H1,629.702273262653,AX,150.313822400779,L1,1.87605814912847,L2,3.02204353350...
GetData ===>> H2,-0.144393064505237,H1,629.303250528841,AX,150.022017590123,L1,1.89521301996167,L2,2.9292987330...
GetData ===>> H2,-0.291285502338286,H1,629.226128043493,AX,150.234661581192,L1,1.84935952418241,L2,2.8785765851...
Get Checksum: -1636398612
GetData ===>> H2,-0.298136008085963,H1,628.972947422106,AX,150.115855602544,L1,1.8454722446915,L2,2.99347984361...
GetData ===>> H2,-0.238759204724049,H1,628.401137252677,AX,150.044486402797,L1,1.87200229440323,L2,2.9615113306...
GetData ===>> H2,-0.160967299232637,H1,628.285087173071,AX,150.080311115855,L1,1.90822872638455,L2,3.0693077628...
Get Checksum: -1636398612
GetData ===>> H2,-0.0636500152429443,H1,628.499069412189,AX,149.870432062525,L1,1.89922256202397,L2,3.041881754...
GetData ===>> H2,-0.0736375443868094,H1,627.83855447248,AX,149.920408947417,L1,1.8678692739743,L2,2.92289915494...
GetData ===>> H2,-0.130817092578443,H1,627.58831984005,AX,149.941993423725,L1,1.87547040359405,L2,2.91673142544...
Get Checksum: -1636398612
GetData ===>> H2,-0.16377987293655,H1,627.209439373017,AX,150.081564293919,L1,1.88216748655601,L2,2.97989686109...
GetData ===>> H2,-0.212787422937117,H1,626.728972503563,AX,149.98151378175,L1,1.90972090424069,L2,2.88641920013...
GetData ===>> H2,-0.158729434019576,H1,626.722319351664,AX,149.739443755379,L1,1.91357969821362,L2,2.9961696540...
Get Checksum: -1636398612
GetData ===>> H2,-0.0684766147354364,H1,626.312032571325,AX,149.671600615176,L1,1.89246772585855,L2,2.983069527...
GetData ===>> H2,-0.173422117829094,H1,626.439970302759,AX,149.640848118256,L1,1.89578290849022,L2,2.9092334751...
GetData ===>> H2,-0.256548441827546,H1,626.049244226078,AX,149.462963710693,L1,1.8972694845711,L2,2.85654430933...
Get Checksum: -1636398612
GetData ===>> H2,-0.201963307683264,H1,626.092275028943,AX,149.410146178814,L1,1.90713730516189,L2,3.0273672793...
GetData ===>> H2,-0.167292246683105,H1,625.707828490876,AX,149.33391406908,L1,1.88551236791848,L2,3.09278056915...
GetData ===>> H2,-0.206708976083884,H1,625.837243198448,AX,149.455910707416,L1,1.86045919102806,L2,2.9327937981...
Get Checksum: -1636398612
14:43:46 -- collecting point 75
GetData ===>> H2,-0.205385618679879,H1,625.111097638255,AX,149.472436512988,L1,1.87201016330817,L2,2.9938040982...
GetData ===>> H2,-0.214978472899676,H1,624.404105940603,AX,149.34297485844,L1,1.88560945023472,L2,2.94470342501...
GetData ===>> H2,-0.186415731644967,H1,624.429120121063,AX,149.374732387927,L1,1.85268077904238,L2,2.9499469016...
Get Checksum: -1636398612
GetData ===>> H2,-0.114481379811232,H1,624.623565829085,AX,149.13728539692,L1,1.85264539944438,L2,2.95378998253...
GetData ===>> H2,-0.151565192287217,H1,624.252266325926,AX,149.099553263117,L1,1.88577606647489,L2,2.9302477117...
GetData ===>> H2,-0.204446237435866,H1,624.315312056838,AX,148.979780083948,L1,1.8716954114988,L2,2.87502563895...
Get Checksum: -1636398612
GetData ===>> H2,-0.209844256840854,H1,623.686265075751,AX,149.049463201631,L1,1.8612381216764,L2,2.96308577386...
GetData ===>> H2,-0.114753408164221,H1,623.488285285744,AX,148.963520659576,L1,1.87357225234045,L2,2.9924028626...
Get Checksum: -1636398612
GetData ===>> H2,-0.0982899272446153,H1,623.189595467781,AX,149.006404629846,L1,1.85772550228131,L2,3.022575894...
GetData ===>> H2,-0.109414506768639,H1,622.90672847675,AX,148.821041731275,L1,1.86752973247895,L2,3.06751308499...
GetData ===>> H2,-0.126936570786097,H1,622.762366517447,AX,148.862991815661,L1,1.85431229526263,L2,2.9277711281...
Get Checksum: -1636398612
GetData ===>> H2,-0.106758978729949,H1,622.580864384796,AX,148.780043326711,L1,1.89893227104594,L2,2.9287432375...
GetData ===>> H2,-0.190401698818201,H1,622.482994940829,AX,148.622728527093,L1,1.90201786757238,L2,2.9937114539...
GetData ===>> H2,-0.237287626946659,H1,622.115265865985,AX,148.664775555818,L1,1.88164289145937,L2,2.8920297190...
Get Checksum: -1636398612
GetData ===>> H2,-0.123929531126009,H1,621.96263243659,AX,148.724139161141,L1,1.85376711914039,L2,3.01807406070...
GetData ===>> H2,-0.147804105287776,H1,621.283941265663,AX,148.609778889187,L1,1.88709990239872,L2,2.8985082471...
GetData ===>> H2,-0.0353871117248366,H1,620.945938142787,AX,148.358955438349,L1,1.90083572088576,L2,2.924137376...
Get Checksum: -1636398612
GetData ===>> H2,0.0198488129034789,H1,621.225629762232,AX,148.187533732231,L1,1.86034248731482,L2,2.8917636458...
GetData ===>> H2,-0.0794533267298697,H1,620.982836544496,AX,148.446983737525,L1,1.83429597428656,L2,3.005483919...
GetData ===>> H2,-0.091962105844782,H1,620.69872937956,AX,148.197932166785,L1,1.84633261904285,L2,3.00794858910...
Get Checksum: -1636398612
GetData ===>> H2,-0.243089369810737,H1,620.624952678066,AX,148.139839761759,L1,1.83608730168109,L2,2.8419051526...
GetData ===>> H2,-0.269178700371013,H1,620.454880162729,AX,147.99496593427,L1,1.85338839490693,L2,2.99751177889...
GetData ===>> H2,-0.174342744762061,H1,619.964343934373,AX,148.046260117045,L1,1.86842121513231,L2,2.9028583586...
Get Checksum: -1636398612
GetData ===>> H2,-0.128214051082377,H1,619.435641874004,AX,148.130422366518,L1,1.8847383638464,L2,2.89906356971...
GetData ===>> H2,-0.158559246346113,H1,619.088318365314,AX,148.054960414625,L1,1.82018403852409,L2,3.0453081356...
14:44:12 -- collecting point 100
GetData ===>> H2,-0.192464249717286,H1,619.138124845002,AX,147.972223348405,L1,1.84024331054833,L2,2.9885814135...
Get Checksum: -1636398612
GetData ===>> H2,-0.185463530445686,H1,618.585139707718,AX,147.874736066196,L1,1.85162599177284,L2,2.8877610679...
GetData ===>> H2,-0.166359589504172,H1,618.837423645797,AX,147.849302981758,L1,1.86573780864957,L2,2.8928742169...
GetData ===>> H2,-0.178498967565769,H1,618.564936577544,AX,147.804569513224,L1,1.86465781409601,L2,2.9743507331...
Get Checksum: -1636398612
GetData ===>> H2,-0.186619379011385,H1,618.352164403685,AX,147.892496558723,L1,1.84506368867132,L2,2.9704257943...
GetData ===>> H2,-0.107908994241153,H1,617.955421876885,AX,147.974285163976,L1,1.83552420677445,L2,2.8947483344...
Get Checksum: -1636398612
GetData ===>> H2,-0.102975282646981,H1,617.526724948925,AX,147.829710243535,L1,1.80038293811305,L2,3.1008763542...
GetData ===>> H2,-0.245814220751183,H1,616.919950133753,AX,147.654623703896,L1,1.82256005629877,L2,2.9778705772...
GetData ===>> H2,-0.204903134184904,H1,616.929201999917,AX,147.493982865592,L1,1.8638583718469,L2,2.96589899691...
GetData ===>> H2,-0.185598408005913,H1,617.10216868251,AX,147.46847690421,L1,1.89034784489825,L2,2.841743278595...
GetData ===>> H2,-0.157694761562007,H1,616.667123619396,AX,147.307701032403,L1,1.88922309539656,L2,2.9651001722...
Get Checksum: -1636398612
GetData ===>> H2,-0.155544069618927,H1,616.108187810724,AX,147.26336250208,L1,1.79508167958721,L2,2.89982714337...
GetData ===>> H2,-0.133645295004342,H1,616.46364792442,AX,147.309046038818,L1,1.8273782743122,L2,2.867739087641...
GetData ===>> H2,-0.128979118579282,H1,615.760194760906,AX,147.218220739563,L1,1.88022837006407,L2,2.9712130849...
Get Checksum: -1636398612
GetData ===>> H2,-0.228520405255084,H1,615.665270663912,AX,147.298265906033,L1,1.85259429578156,L2,3.0150420945...
GetData ===>> H2,-0.165679281719148,H1,615.543739740174,AX,147.323169244945,L1,1.84917613105196,L2,2.9457335779...
GetData ===>> H2,-0.100002654765933,H1,615.158979075195,AX,147.280701247657,L1,1.8507848550633,L2,2.97597169815...
Get Checksum: -1636398612
GetData ===>> H2,-0.135334305880334,H1,615.391003136888,AX,147.034371080572,L1,1.84904251798311,L2,2.8938228397...
GetData ===>> H2,-0.159049542005129,H1,615.682629619467,AX,147.031195377724,L1,1.89214873317604,L2,2.9189531515...
GetData ===>> H2,-0.229005034125582,H1,615.05586876955,AX,147.099852570224,L1,1.85816206022173,L2,2.99456841716...
Get Checksum: -1636398612
GetData ===>> H2,-0.173624456308852,H1,614.900820214271,AX,147.095901793972,L1,1.81686532715737,L2,2.8357078810...
measurement finished
estimated time: 125.829 actual time: :125.994
flush and close file /Users/jan/PychronDev/data/isotopes/d6/0a55f9-428d-418d-8398-7b809c448469.h5
baselines () {'settling_time': 15.0, 'detector': 'H1', 'mass': 34.2, 'ncounts': 60}
%%%%%%%%%%%%%%%%%%%%%%%%%%%%%%%% Baseline
build tables- baseline [Detector(H2), Detector(H1), Detector(AX), Detector(L1), Detector(L2), Detector(CDD)]
add group baseline table H2
add group baseline table H1
add group baseline table AX
add group baseline table L1
add group baseline table L2
add group baseline table CDD
flush and close file /Users/jan/PychronDev/data/isotopes/d6/0a55f9-428d-418d-8398-7b809c448469.h5
detector Detector(H1)
POSITION 34.2 H1
Mapping mass to dac mass func: "parabolic"
H1 map mass coeffs = [-0.00063987  0.15840543  0.57065999]
H1 map mass to dac 34.2 >> 5.23970599104
GetDeflection H1 ===>> 0
GetHighVoltage ===>> 4500
positioning 34.2 (5.23970599104) on H1
setting magnet DAC
current  : 5.879050
requested: 5.239706
Delta Dac: 0.639344
Checking detector protection. dv=0.63934
Checking detector "CDD". Protection Threshold: 0.1 (V)
ProtectDetector CDD,On ===>> OK
GetDeflection CDD ===>> 2000
SetMagnetDAC 5.23970599104 ===>> OK
Magnet settling time: 0.500
GetMagnetMoving ===>> True
GetMagnetMoving ===>> True
GetMagnetMoving ===>> True
Get Checksum: -1636398612
GetMagnetMoving ===>> True
GetMagnetMoving ===>> True
GetMagnetMoving ===>> True
GetMagnetMoving ===>> True
GetMagnetMoving ===>> True
GetMagnetMoving ===>> False
ProtectDetector CDD,Off ===>> OK
GetDeflection CDD ===>> 50
Delaying 15.0s for detectors to settle
Get Checksum: -1636398612
Get Checksum: -1636398612
set states for children of V. state=True
handle state [('V', True)]
update switch state V True args=() kw={'refresh': False} ncanvase=4
refresh_canvas_needed fired
Get Checksum: 371198642
Get Checksum: 371198642
Get Checksum: 371198642
Join finished
measuring baseline. ncounts=60
starting measurement
GetData ===>> H2,-0.24303150164779,H1,-0.0377494328438253,AX,-0.0136295578290364,L1,-0.0228288734333888,L2,-0.0...
GetData ===>> H2,-0.233940333649414,H1,-0.0883543777132399,AX,-0.13873322563927,L1,-0.0481116346846216,L2,0.084...
Get Checksum: 371198642
GetData ===>> H2,-0.292677684097179,H1,-0.111997008684361,AX,-0.142907434875707,L1,-0.0327341509183575,L2,-0.03...
GetData ===>> H2,-0.268682774678139,H1,-0.0544894484597379,AX,-0.0591340068291499,L1,-0.0109383125300375,L2,-0....
GetData ===>> H2,-0.18566584618339,H1,-0.0650757052045979,AX,-0.0664609708434584,L1,-0.0613604820033218,L2,0.06...
Get Checksum: 371198642
GetData ===>> H2,-0.105377453226954,H1,-0.0370220609983594,AX,-0.0847180140887674,L1,-0.0958874225756141,L2,-0....
GetData ===>> H2,-0.273286384493257,H1,-0.0846477934066446,AX,-0.0138847389280266,L1,-0.0451443798457906,L2,0.0...
Get Checksum: 371198642
GetData ===>> H2,-0.190454278313952,H1,-0.0682942774721472,AX,-0.155313054967769,L1,-0.0166637012877652,L2,-0.1...
GetData ===>> H2,-0.183227026267625,H1,-0.0912980944291373,AX,-0.143916175232405,L1,-0.014419190596439,L2,-0.04...
GetData ===>> H2,-0.173562406226012,H1,-0.0807384496045892,AX,-0.0586006936054304,L1,-0.0160532132421114,L2,-0....
Get Checksum: 371198642
GetData ===>> H2,-0.272787952381264,H1,-0.0290086966550749,AX,0.00916545277553986,L1,-0.019829489132446,L2,-0.0...
GetData ===>> H2,-0.23334691971593,H1,0.042078369743437,AX,-0.111523577934312,L1,-0.062394098577047,L2,-0.02199...
GetData ===>> H2,-0.280166794950073,H1,0.0228193947264589,AX,0.0140035539151417,L1,-0.0358167794186124,L2,-0.02...
Get Checksum: 371198642
GetData ===>> H2,-0.244108070067379,H1,-0.00950921513769281,AX,-0.129088631505557,L1,-0.0446200218500499,L2,-0....
GetData ===>> H2,-0.222666870263575,H1,-0.0781758395423047,AX,-0.0990430474352081,L1,-0.0687597392348,L2,-0.023...
GetData ===>> H2,-0.254674521430372,H1,0.00919477411096565,AX,0.0454976951121526,L1,-0.018607661030854,L2,0.122...
Get Checksum: 371198642
GetData ===>> H2,-0.296058747768203,H1,0.00437529978520885,AX,-0.107073878850996,L1,-0.0235228481459398,L2,-0.0...
GetData ===>> H2,-0.232757511754707,H1,-0.00690899722564069,AX,-0.0286377086141431,L1,-0.045220996074411,L2,-0....
GetData ===>> H2,-0.190980059836869,H1,-0.0227835869219149,AX,-0.0593774749378608,L1,-0.0531894837992874,L2,0.0...
Get Checksum: 371198642
GetData ===>> H2,-0.2185795829911,H1,-0.00851923187721297,AX,-0.188441058264447,L1,-0.0485711875505345,L2,-0.04...
GetData ===>> H2,-0.272704654300239,H1,0.044548655044996,AX,-0.0565485698095627,L1,-0.0401139646032282,L2,-0.00...
GetData ===>> H2,-0.123364270158732,H1,-0.069903524785375,AX,-0.0760709780765845,L1,-0.0102261664074606,L2,-0.0...
Get Checksum: 371198642
GetData ===>> H2,-0.0694409073788866,H1,-0.0160213910880057,AX,-0.0941639646737441,L1,-0.0362385527168375,L2,-0...
GetData ===>> H2,-0.111786458391377,H1,-0.0233083237578978,AX,-0.139753604439093,L1,-0.0533282391165819,L2,-0.0...
14:45:17 -- collecting point 25
GetData ===>> H2,-0.255157146174659,H1,0.0196099257203432,AX,-0.0248452955143697,L1,-0.03047553304126,L2,-0.015...
Get Checksum: 371198642
GetData ===>> H2,-0.286872881557932,H1,-0.0616066836216287,AX,-0.0659624765421015,L1,-0.0220533389984487,L2,0.0...
GetData ===>> H2,-0.250098643748542,H1,-0.00880549310335859,AX,0.0175887767755965,L1,-0.0251539196927935,L2,0.1...
GetData ===>> H2,-0.291141844092054,H1,0.0253607944799452,AX,-0.0974437551020947,L1,-0.0549757808173716,L2,-0.0...
Get Checksum: 371198642
GetData ===>> H2,-0.227337015749723,H1,0.0701620644563807,AX,-0.10845284381932,L1,-0.0510481026681015,L2,-0.102...
GetData ===>> H2,-0.240662689763789,H1,-0.0270648821249385,AX,-0.203494458361851,L1,-0.0351541282398085,L2,0.00...
Get Checksum: 371198642
GetData ===>> H2,-0.249011885964749,H1,-0.023594542690719,AX,-0.107641690322727,L1,0.0120887533344789,L2,-0.026...
GetData ===>> H2,-0.209705498294723,H1,0.0404792803547994,AX,-0.0541021961978443,L1,-0.0245655180610523,L2,-0.0...
GetData ===>> H2,-0.267620963423023,H1,-0.0385841153329956,AX,-0.021215110301028,L1,-0.0380836028415668,L2,0.07...
Get Checksum: 371198642
GetData ===>> H2,-0.263579790394483,H1,0.015207512932647,AX,-0.0657653966953562,L1,-0.00633844702084734,L2,0.00...
GetData ===>> H2,-0.168015644241662,H1,-0.0153177148370485,AX,-0.0894005385736795,L1,-0.0259136378879813,L2,-0....
GetData ===>> H2,-0.174284689927194,H1,0.050790275440238,AX,0.0336832970003953,L1,-0.0442105726084373,L2,-0.032...
Get Checksum: 371198642
GetData ===>> H2,-0.215713665568212,H1,0.00968389214774952,AX,-0.0402459812929721,L1,-0.0347970214270548,L2,-0....
GetData ===>> H2,-0.246377947311745,H1,-0.0300104022862733,AX,0.0370603509145662,L1,-0.0257890192796171,L2,-0.0...
GetData ===>> H2,-0.1611050411331,H1,0.036493601550114,AX,-0.0671565400194688,L1,0.00290600979374861,L2,-0.0085...
Get Checksum: 371198642
GetData ===>> H2,-0.195571503016765,H1,0.001977578451018,AX,-0.214490427055358,L1,0.0146147626756684,L2,-0.0928...
GetData ===>> H2,-0.203567434279027,H1,-0.0655882995704403,AX,-0.0868970386650075,L1,-0.0150180575109618,L2,0.0...
GetData ===>> H2,-0.111334309481765,H1,-0.000909154121297817,AX,-0.0741931019387033,L1,-0.0336178198145293,L2,-...
Get Checksum: 371198642
GetData ===>> H2,-0.139545595617675,H1,-0.0897845343033275,AX,-0.0658233613975609,L1,-0.00206526055322263,L2,0....
GetData ===>> H2,-0.225035850194749,H1,-0.0431628211534417,AX,-0.023998651005907,L1,-0.00158528354485386,L2,-0....
GetData ===>> H2,-0.155899394229493,H1,-0.0184066975041695,AX,-0.168934226399288,L1,0.0350319942568472,L2,-0.06...
Get Checksum: 371198642
GetData ===>> H2,-0.150493038249754,H1,-0.064598870878929,AX,0.00488445588709916,L1,0.0327785298734321,L2,0.003...
GetData ===>> H2,-0.166900836955985,H1,-0.0710955431471703,AX,-0.0253787937507441,L1,-0.00856069872926083,L2,-0...
GetData ===>> H2,-0.142658106011295,H1,-0.00984318318553152,AX,-0.144194446593283,L1,-0.00982571194320098,L2,0....
Get Checksum: 371198642
GetData ===>> H2,-0.0985065710735461,H1,-0.0200883043635301,AX,-0.104142064847078,L1,-0.0555432082116853,L2,-0....
14:45:43 -- collecting point 50
GetData ===>> H2,-0.255744603039243,H1,0.0757125800564086,AX,-0.11606576916215,L1,-0.036787310800361,L2,-0.1309...
GetData ===>> H2,-0.131274305538581,H1,0.0258977181756272,AX,-0.0182691096779428,L1,0.0124308800725443,L2,-0.04...
Get Checksum: 371198642
GetData ===>> H2,-0.12222960637034,H1,0.000379129467975714,AX,0.0373852969879998,L1,-0.0244516685569962,L2,-0.1...
GetData ===>> H2,-0.212511323212494,H1,-0.0226404763982611,AX,-0.00199490896539804,L1,-0.0527923459171288,L2,0....
Get Checksum: 371198642
GetData ===>> H2,-0.227264312012095,H1,-0.0290325469056495,AX,-0.0694402905185534,L1,-0.0470296876428672,L2,0.0...
GetData ===>> H2,-0.263121269144045,H1,0.0846934483525576,AX,-0.0286029165050276,L1,-0.0266565244741878,L2,-0.0...
GetData ===>> H2,-0.166267804329736,H1,-0.00950921513769281,AX,-0.16065741856603,L1,-0.0119980461327623,L2,0.04...
Get Checksum: 371198642
GetData ===>> H2,-0.223508662477692,H1,0.0166391706455161,AX,-0.0824578040579883,L1,-0.0125734203524844,L2,0.05...
GetData ===>> H2,-0.2277086053253,H1,-0.0394545625136409,AX,-0.0901423039536168,L1,-0.0171578216592376,L2,-0.03...
GetData ===>> H2,-0.251114022127337,H1,-0.00244791556809325,AX,-0.0444320416390286,L1,-0.0215618565500123,L2,-0...
Get Checksum: 371198642
GetData ===>> H2,-0.239268088581077,H1,0.00485246511166007,AX,-0.0380775080474954,L1,-0.0125398577597831,L2,0.0...
measurement finished
estimated time: 62.915 actual time: :63.013
flush and close file /Users/jan/PychronDev/data/isotopes/d6/0a55f9-428d-418d-8398-7b809c448469.h5
activate_detectors ('H1', 'AX', 'CDD') {'peak_center': True}
peak_center () {'detector': 'H1', 'integration_time': 0.262144, 'isotope': 'Ar40'}
peak center: mean=615.573034172 threshold=3
peak center started
setup peak center. detector=['H1', 'AX', 'CDD'], isotope=Ar40
VersionedUnpickler [<apptools.sweet_pickle.versioned_unpickler.VersionedUnpickler object at 0x15838c590>] using Updater [<apptools.sweet_pickle.updater.Updater object at 0x132124110>]
VersionedUnpickler [<apptools.sweet_pickle.versioned_unpickler.VersionedUnpickler object at 0x15838c590>] using Updater [<apptools.sweet_pickle.updater.Updater object at 0x132124110>]
VersionedUnpickler [<apptools.sweet_pickle.versioned_unpickler.VersionedUnpickler object at 0x14fa1d9b0>] using Updater [<apptools.sweet_pickle.updater.Updater object at 0x132124110>]
setting integration time = 0.524288
SetIntegrationTime 0.524288 ===>> OK
Mapping mass to dac mass func: "parabolic"
H1 map mass coeffs = [-0.00063987  0.15840543  0.57065999]
H1 map mass to dac 39.9624 >> 5.87905
GetDeflection H1 ===>> 0
GetHighVoltage ===>> 4500
do peak center. <pychron.spectrometer.jobs.peak_center.PeakCenter object at 0x13b361e30>
doing pc
starting peak center. center dac= 5.87905 step_width=0.001
width = 0.001
get scan parameters. half-width=0.015,window=0.015, i=0, scalar=1
Scan parameters center=5.87905 width=0.03000 (5.86405 - 5.89405)
GetData ===>> H2,-0.122574480424817,H1,0.00668957285425722,AX,-0.052803622185058,L1,-0.0328646705898615,L2,-0.0...
Moving to starting dac 5.86405
setting magnet DAC
current  : 5.239706
requested: 5.864050
Delta Dac: 0.624344
Checking detector protection. dv=0.62434
Checking detector "CDD". Protection Threshold: 0.1 (V)
ProtectDetector CDD,On ===>> OK
GetDeflection CDD ===>> 2000
SetMagnetDAC 5.86405 ===>> OK
Magnet settling time: 0.500
GetMagnetMoving ===>> True
GetMagnetMoving ===>> True
GetMagnetMoving ===>> True
GetMagnetMoving ===>> True
GetMagnetMoving ===>> True
Get Checksum: 371198642
GetMagnetMoving ===>> True
GetMagnetMoving ===>> True
GetMagnetMoving ===>> True
GetMagnetMoving ===>> False
ProtectDetector CDD,Off ===>> OK
GetDeflection CDD ===>> 50
Wait until signal near baseline. tol= 0.00501717964069. timeout= 10
GetData ===>> H2,3.4445753977281,H1,1.4778049334337,AX,0.312145942134962,L1,0.0349694913904195,L2,0.03350579107...
GetData ===>> H2,37.8782629754256,H1,20.5509200933616,AX,1.78823196476553,L1,0.0689422733633736,L2,-0.206635771...
GetData ===>> H2,41.4795539828684,H1,21.9637650375253,AX,3.44260880972708,L1,0.0659407654909208,L2,-0.160155457...
GetData ===>> H2,22.0877984572635,H1,10.4709051646396,AX,1.50600270663019,L1,0.0410172353232294,L2,-0.091756234...
Get Checksum: 371198642
GetData ===>> H2,9.15689586801133,H1,5.25063586304755,AX,0.714882024164202,L1,0.00295162914046474,L2,-0.1509295...
GetData ===>> H2,3.15444098575754,H1,2.79126480600864,AX,0.265275327746124,L1,-0.0232143080447793,L2,-0.0672949...
GetData ===>> H2,0.956078632347471,H1,1.5909182404662,AX,0.0217775053560403,L1,-0.0299677426284731,L2,-0.044648...
GetData ===>> H2,0.324543483370151,H1,1.00118153298008,AX,0.0378379022548065,L1,-0.0349755764191359,L2,0.025760...
GetData ===>> H2,0.161584558609503,H1,0.766531755488687,AX,-0.00583461283416742,L1,-0.0100703027912163,L2,0.078...
GetData ===>> H2,0.106652538654039,H1,0.469596747400947,AX,0.0677283364132017,L1,-0.0104755431732167,L2,0.04810...
GetData ===>> H2,0.154222630189534,H1,0.487315976133629,AX,0.01395714412888,L1,0.00652765596633342,L2,0.0542620...
GetData ===>> H2,0.0918205225497346,H1,0.504632261484495,AX,-0.0890876046078682,L1,0.0145781911411333,L2,0.0441...
GetData ===>> H2,0.0375007699375258,H1,0.54326431593259,AX,0.00351550474077564,L1,0.0084599650652558,L2,0.06570...
GetData ===>> H2,-0.00802918111383193,H1,0.472987516721779,AX,0.0584129744884004,L1,-0.0214276360640781,L2,0.08...
GetData ===>> H2,0.0685876066278128,H1,0.459783265064506,AX,-0.0404431128284638,L1,-0.0439783045107861,L2,-0.02...
Get Checksum: 371198642
GetData ===>> H2,0.0669092877846984,H1,0.315894803967498,AX,-0.119634484924505,L1,-0.00618492204160132,L2,0.033...
GetData ===>> H2,-0.0624434156283068,H1,0.381486109565299,AX,0.0676819891230879,L1,0.000210033283445995,L2,0.01...
GetData ===>> H2,-0.140118117222467,H1,0.487769744105271,AX,-0.0650234454568713,L1,-0.0490821760794323,L2,0.018...
GetData ===>> H2,-0.140118117222467,H1,0.487769744105271,AX,-0.0650234454568713,L1,-0.0490821760794323,L2,0.018...
GetData ===>> H2,-0.170664558539132,H1,0.397119657993384,AX,-0.0154158114728334,L1,-0.0382704851329569,L2,0.014...
GetData ===>> H2,-0.170157224032238,H1,0.315966465038842,AX,0.0695822461065466,L1,-0.0329133186110247,L2,-0.070...
Peak center failed to move to a baseline position
_do_sweep sm= 5.86405, em= 5.89405, stm= 0.001
calculated step values: start=5.86405, end=5.89405, width=0.001, nsteps=31.0
setting magnet DAC
current  : 5.864050
requested: 5.864050
Delta Dac: 0.000000
Checking detector protection. dv=0.00000
Checking detector "CDD". Protection Threshold: 0.1 (V)
Get Checksum: 371198642
SetMagnetDAC 5.86405 ===>> OK
GetData ===>> H2,-0.2128924737446,H1,0.382609540186541,AX,-0.00221531902531154,L1,-0.0134939506871467,L2,-0.154...
setting magnet DAC
current  : 5.864050
requested: 5.865084
Delta Dac: 0.001034
Checking detector protection. dv=0.00103
Checking detector "CDD". Protection Threshold: 0.1 (V)
SetMagnetDAC 5.86508448276 ===>> OK
Magnet settling time: 1.049
GetData ===>> H2,-0.204978607977841,H1,1.03518576261059,AX,0.104395954171925,L1,-0.0234585736554707,L2,-0.04776...
setting magnet DAC
current  : 5.865084
requested: 5.866119
Delta Dac: 0.001034
Checking detector protection. dv=0.00103
Checking detector "CDD". Protection Threshold: 0.1 (V)
SetMagnetDAC 5.86611896552 ===>> OK
Magnet settling time: 1.049
GetData ===>> H2,-0.147569531440503,H1,3.51060291080081,AX,0.582836104812204,L1,-0.0303458583316271,L2,0.087695...
setting magnet DAC
current  : 5.866119
requested: 5.867153
Delta Dac: 0.001034
Checking detector protection. dv=0.00103
Checking detector "CDD". Protection Threshold: 0.1 (V)
SetMagnetDAC 5.86715344828 ===>> OK
Magnet settling time: 1.049
Get Checksum: 371198642
GetData ===>> H2,-0.173910421862439,H1,13.9846091732324,AX,1.97068014210212,L1,0.00436593138490966,L2,-0.032219...
setting magnet DAC
current  : 5.867153
requested: 5.868188
Delta Dac: 0.001034
Checking detector protection. dv=0.00103
Checking detector "CDD". Protection Threshold: 0.1 (V)
SetMagnetDAC 5.86818793103 ===>> OK
Magnet settling time: 1.049
GetData ===>> H2,-0.216280512253541,H1,47.7800139917295,AX,7.24208252106556,L1,0.0440027663737816,L2,0.01847114...
setting magnet DAC
current  : 5.868188
requested: 5.869222
Delta Dac: 0.001034
Checking detector protection. dv=0.00103
Checking detector "CDD". Protection Threshold: 0.1 (V)
SetMagnetDAC 5.86922241379 ===>> OK
Magnet settling time: 1.049
GetData ===>> H2,-0.114170095591651,H1,131.033346316804,AX,21.8314350670018,L1,0.105982744605063,L2,0.032412282...
setting magnet DAC
current  : 5.869222
requested: 5.870257
Delta Dac: 0.001034
Checking detector protection. dv=0.00103
Checking detector "CDD". Protection Threshold: 0.1 (V)
SetMagnetDAC 5.87025689655 ===>> OK
Magnet settling time: 1.049
Get Checksum: 371198642
GetData ===>> H2,-0.0872716860762398,H1,269.290562455462,AX,50.2949641528199,L1,0.296907383040892,L2,0.26323737...
setting magnet DAC
current  : 5.870257
requested: 5.871291
Delta Dac: 0.001034
Checking detector protection. dv=0.00103
Checking detector "CDD". Protection Threshold: 0.1 (V)
SetMagnetDAC 5.87129137931 ===>> OK
Magnet settling time: 1.049
GetData ===>> H2,-0.173422117829094,H1,415.396885114088,AX,85.0858711359705,L1,0.585607453027244,L2,0.615097897...
setting magnet DAC
current  : 5.871291
requested: 5.872326
Delta Dac: 0.001034
Checking detector protection. dv=0.00103
Checking detector "CDD". Protection Threshold: 0.1 (V)
SetMagnetDAC 5.87232586207 ===>> OK
Magnet settling time: 1.049
GetData ===>> H2,-0.0552977518493123,H1,517.194296910802,AX,114.241366999855,L1,0.961014324903893,L2,1.41811647...
setting magnet DAC
current  : 5.872326
requested: 5.873360
Delta Dac: 0.001034
Checking detector protection. dv=0.00103
Checking detector "CDD". Protection Threshold: 0.1 (V)
SetMagnetDAC 5.87336034483 ===>> OK
Magnet settling time: 1.049
Get Checksum: 371198642
GetData ===>> H2,-0.062072287570853,H1,565.038917327054,AX,130.840047240722,L1,1.2597998478036,L2,2.23121232062...
setting magnet DAC
current  : 5.873360
requested: 5.874395
Delta Dac: 0.001034
Checking detector protection. dv=0.00103
Checking detector "CDD". Protection Threshold: 0.1 (V)
SetMagnetDAC 5.87439482759 ===>> OK
Magnet settling time: 1.049
GetData ===>> H2,0.00839180055079376,H1,581.634550937355,AX,137.605400200418,L1,1.48634891372675,L2,2.534533439...
setting magnet DAC
current  : 5.874395
requested: 5.875429
Delta Dac: 0.001034
Checking detector protection. dv=0.00103
Checking detector "CDD". Protection Threshold: 0.1 (V)
SetMagnetDAC 5.87542931034 ===>> OK
Magnet settling time: 1.049
GetData ===>> H2,-0.15243213907101,H1,586.339850466358,AX,139.428035225973,L1,1.64401694670128,L2,2.70887108021...
setting magnet DAC
current  : 5.875429
requested: 5.876464
Delta Dac: 0.001034
Checking detector protection. dv=0.00103
Checking detector "CDD". Protection Threshold: 0.1 (V)
Get Checksum: 371198642
SetMagnetDAC 5.8764637931 ===>> OK
Magnet settling time: 1.049
GetData ===>> H2,-0.0536143319323664,H1,587.371248500659,AX,139.900917428397,L1,1.67991866763264,L2,2.852888858...
setting magnet DAC
current  : 5.876464
requested: 5.877498
Delta Dac: 0.001034
Checking detector protection. dv=0.00103
Checking detector "CDD". Protection Threshold: 0.1 (V)
SetMagnetDAC 5.87749827586 ===>> OK
Magnet settling time: 1.049
GetData ===>> H2,-0.0547637470429811,H1,587.560354606549,AX,140.461885218656,L1,1.67796487304394,L2,2.671824957...
setting magnet DAC
current  : 5.877498
requested: 5.878533
Delta Dac: 0.001034
Checking detector protection. dv=0.00103
Checking detector "CDD". Protection Threshold: 0.1 (V)
SetMagnetDAC 5.87853275862 ===>> OK
Magnet settling time: 1.049
Get Checksum: 371198642
GetData ===>> H2,-0.025365732560894,H1,587.394434157856,AX,140.079490456046,L1,1.69861951498608,L2,2.8031332241...
setting magnet DAC
current  : 5.878533
requested: 5.879567
Delta Dac: 0.001034
Checking detector protection. dv=0.00103
Checking detector "CDD". Protection Threshold: 0.1 (V)
SetMagnetDAC 5.87956724138 ===>> OK
Magnet settling time: 1.049
GetData ===>> H2,-0.204975912493904,H1,587.61958845626,AX,140.291748349985,L1,1.73343985931525,L2,2.80278616412...
setting magnet DAC
current  : 5.879567
requested: 5.880602
Delta Dac: 0.001034
Checking detector protection. dv=0.00103
Checking detector "CDD". Protection Threshold: 0.1 (V)
SetMagnetDAC 5.88060172414 ===>> OK
Magnet settling time: 1.049
GetData ===>> H2,-0.0783503049981335,H1,587.145443760376,AX,140.257377831186,L1,1.79338821432084,L2,2.762859411...
setting magnet DAC
current  : 5.880602
requested: 5.881636
Delta Dac: 0.001034
Checking detector protection. dv=0.00103
Checking detector "CDD". Protection Threshold: 0.1 (V)
SetMagnetDAC 5.8816362069 ===>> OK
Magnet settling time: 1.049
Get Checksum: 371198642
GetData ===>> H2,-0.135320704432788,H1,587.149104236615,AX,140.000800013894,L1,1.82260601293087,L2,2.7900383530...
setting magnet DAC
current  : 5.881636
requested: 5.882671
Delta Dac: 0.001034
Checking detector protection. dv=0.00103
Checking detector "CDD". Protection Threshold: 0.1 (V)
SetMagnetDAC 5.88267068966 ===>> OK
Magnet settling time: 1.049
GetData ===>> H2,-0.111728248613163,H1,586.096251984688,AX,139.649897487912,L1,1.79673640130074,L2,2.5950507416...
setting magnet DAC
current  : 5.882671
requested: 5.883705
Delta Dac: 0.001034
Checking detector protection. dv=0.00103
Checking detector "CDD". Protection Threshold: 0.1 (V)
SetMagnetDAC 5.88370517241 ===>> OK
Magnet settling time: 1.049
GetData ===>> H2,-0.264924851148392,H1,582.127914261476,AX,137.855018763487,L1,1.72947882937419,L2,2.5685264950...
setting magnet DAC
current  : 5.883705
requested: 5.884740
Delta Dac: 0.001034
Checking detector protection. dv=0.00103
Checking detector "CDD". Protection Threshold: 0.1 (V)
SetMagnetDAC 5.88473965517 ===>> OK
Magnet settling time: 1.049
Get Checksum: 371198642
GetData ===>> H2,-0.201794793787111,H1,567.818822943943,AX,131.432920698761,L1,1.64713080633657,L2,2.3355450997...
setting magnet DAC
current  : 5.884740
requested: 5.885774
Delta Dac: 0.001034
Checking detector protection. dv=0.00103
Checking detector "CDD". Protection Threshold: 0.1 (V)
SetMagnetDAC 5.88577413793 ===>> OK
Magnet settling time: 1.049
GetData ===>> H2,-0.238934220277723,H1,523.348620753321,AX,114.021592613446,L1,1.44302287045442,L2,1.9652456289...
setting magnet DAC
current  : 5.885774
requested: 5.886809
Delta Dac: 0.001034
Checking detector protection. dv=0.00103
Checking detector "CDD". Protection Threshold: 0.1 (V)
SetMagnetDAC 5.88680862069 ===>> OK
Magnet settling time: 1.049
GetData ===>> H2,-0.237979717899614,H1,422.465792691232,AX,82.1328702558851,L1,1.19043029446615,L2,1.1780271048...
setting magnet DAC
current  : 5.886809
requested: 5.887843
Delta Dac: 0.001034
Checking detector protection. dv=0.00103
Checking detector "CDD". Protection Threshold: 0.1 (V)
SetMagnetDAC 5.88784310345 ===>> OK
Magnet settling time: 1.049
Get Checksum: 371198642
GetData ===>> H2,-0.330708685958417,H1,277.557172196096,AX,46.3816120748881,L1,0.854646244761449,L2,0.548641274...
setting magnet DAC
current  : 5.887843
requested: 5.888878
Delta Dac: 0.001034
Checking detector protection. dv=0.00103
Checking detector "CDD". Protection Threshold: 0.1 (V)
SetMagnetDAC 5.88887758621 ===>> OK
Magnet settling time: 1.049
GetData ===>> H2,-0.415396535099876,H1,138.905024683941,AX,19.4935951179765,L1,0.496521132943669,L2,0.166802312...
setting magnet DAC
current  : 5.888878
requested: 5.889912
Delta Dac: 0.001034
Checking detector protection. dv=0.00103
Checking detector "CDD". Protection Threshold: 0.1 (V)
SetMagnetDAC 5.88991206897 ===>> OK
Magnet settling time: 1.049
Get Checksum: 371198642
GetData ===>> H2,-0.332317124663166,H1,53.1539635846538,AX,6.07106063318122,L1,0.309798141750272,L2,0.075729318...
setting magnet DAC
current  : 5.889912
requested: 5.890947
Delta Dac: 0.001034
Checking detector protection. dv=0.00103
Checking detector "CDD". Protection Threshold: 0.1 (V)
SetMagnetDAC 5.89094655172 ===>> OK
Magnet settling time: 1.049
GetData ===>> H2,-0.241836390489061,H1,16.0556192909452,AX,1.35589826362916,L1,0.185833852208845,L2,-0.05623418...
setting magnet DAC
current  : 5.890947
requested: 5.891981
Delta Dac: 0.001034
Checking detector protection. dv=0.00103
Checking detector "CDD". Protection Threshold: 0.1 (V)
SetMagnetDAC 5.89198103448 ===>> OK
Magnet settling time: 1.049
GetData ===>> H2,-0.239768872530116,H1,4.11367247036456,AX,0.144532918926559,L1,0.0708562903950971,L2,0.0371964...
setting magnet DAC
current  : 5.891981
requested: 5.893016
Delta Dac: 0.001034
Checking detector protection. dv=0.00103
Checking detector "CDD". Protection Threshold: 0.1 (V)
SetMagnetDAC 5.89301551724 ===>> OK
Magnet settling time: 1.049
Get Checksum: 371198642
GetData ===>> H2,-0.233197421392899,H1,0.240416371142494,AX,-0.157283410799126,L1,0.0795160279739406,L2,-0.1075...
setting magnet DAC
current  : 5.893016
requested: 5.894050
Delta Dac: 0.001034
Checking detector protection. dv=0.00103
Checking detector "CDD". Protection Threshold: 0.1 (V)
SetMagnetDAC 5.89405 ===>> OK
Magnet settling time: 1.049
GetData ===>> H2,-0.264637409836542,H1,0.0730433578288948,AX,-0.0648147706517915,L1,0.0492309541050879,L2,-0.03...
result of _do_sweep=True
result of _calculate_peak_center=([5.8715090560431218, 5.8790842063437223, 5.8866593566443228], [436.81718218557421, 587.61552755709033, 437.02203241163505], 5.8795485833736443, 587.61552755709033)
Failed to find a valid peak. No peak greater than 1.0. max = 0.0454527097343
new center pos Detector(H1) (Ar40) @ 5.87908420634
GetHighVoltage ===>> 4500
GetDeflection H1 ===>> 0
dac uncorrected for HV and deflection 5.87908420634
update mftable H1 Ar40 5.87908420634 message=automated run peakcenter
get initial guess parabolic
get initial guess parabolic
get initial guess parabolic
get initial guess parabolic
get initial guess parabolic
get initial guess parabolic
dump mftable to /Users/jan/PychronDev/setupfiles/spectrometer/mftables/mftable.csv
add to repo msg=modified - automated run peakcenter
locally archiving mftable
setting magnet DAC
current  : 5.894050
requested: 5.879084
Delta Dac: 0.014966
Checking detector protection. dv=0.01497
Checking detector "CDD". Protection Threshold: 0.1 (V)
SetMagnetDAC 5.87908420634 ===>> OK
Magnet settling time: 0.500
sweep finished
setting integration time = 1.048576
SetIntegrationTime 1.048576 ===>> OK
Failed to find a valid peak. No peak greater than 1.0. max = 0.0455314686292
flush and close file /Users/jan/PychronDev/data/isotopes/d6/0a55f9-428d-418d-8398-7b809c448469.h5
finished measure script
executed 226.132928
jan_unknown120_60.py completed successfully
Measurement Finished
14:46:41 -- ******* Measurement Finished *******
Post Measurement Started jan_pump_ms.py
14:46:41 -- ******* Post Measurement Started jan_pump_ms.py *******
testing...
no interpolation path defined
executed 0
Pumping spectrometer
open () {'name': 'O'}
opening name=O desc=---
checking ownership. requestor=129.138.12.150
check software interlocks O
interlocks []
actuate state mode=None-script, software_lock=False
doing actuation None-script open_channel True
Open O ===>> OK
GetIndicatorState O ===>> OK
change switch state (True, True)
update switch state O True args=() kw={} ncanvase=4
14:46:41 -- OPEN   VALVE-O (Jan Ion Pump)
---------------------------------------- open O () result=[(True, True)], time=0.09 sec
Get Checksum: 1939618519
action=open, ok=True, locked=[False]
executed 0
jan_pump_ms.py completed successfully
setting _ms_pumptime
Post Measurement Finished
14:46:41 -- ******* Post Measurement Finished *******
$$$$$$$$$$$$$$$$$$$$ state at run end measurement
state changed from measurement to success
post measurement save measured=True aborted=False
Set filtering
setting fod for Ar40= {'filter_outliers': True, 'std_devs': 2, 'iterations': 1}
setting fod for H1= {'filter_outliers': True, 'std_devs': 2, 'iterations': 1}
setting fod for PM41= {'filter_outliers': False, 'std_devs': 2, 'iterations': 1}
setting fod for H2= {'filter_outliers': True, 'std_devs': 2, 'iterations': 1}
setting fod for Ar36= {'filter_outliers': True, 'std_devs': 2, 'iterations': 1}
setting fod for CDD= {'filter_outliers': True, 'std_devs': 10, 'iterations': 1}
setting fod for Ar37= {'filter_outliers': True, 'std_devs': 2, 'iterations': 1}
setting fod for L2= {'filter_outliers': True, 'std_devs': 2, 'iterations': 1}
setting fod for Ar38= {'filter_outliers': True, 'std_devs': 2, 'iterations': 1}
setting fod for L1= {'filter_outliers': True, 'std_devs': 2, 'iterations': 1}
setting fod for Ar39= {'filter_outliers': True, 'std_devs': 2, 'iterations': 1}
setting fod for AX= {'filter_outliers': True, 'std_devs': 2, 'iterations': 1}
persistence save...
persistence save - db
post measurement save
5778446960 connecting to database sqlite:////Users/jan/PychronDev/.appdata/local_lab.db
connected to db sqlite:////Users/jan/PychronDev/.appdata/local_lab.db
create new session 5778446960
close session 5778446960
No database instance. Not saving post measurement to isotopedb database
$$$$$$$$$$$$$$$ auto_save_detector_ic=False
massspec enabled True
create new session 4978677904
MassSpec Database Version: 16.0
close session 4978677904
saving post measurement to secondary database
saving to massspec database 129.138.12.160/massspecdata
setting labnumber to 65565
setting aliquot to 30
setting step to C
setting uuid to d60a55f9-428d-418d-8398-7b809c448469
setting irradpos to 65565
setting extract_device to Fusions CO2
setting tray to 
setting position to 144
setting power_requested to 5.0
setting extract_value to 5.0
setting duration to 30.0
setting duration_at_request to 30.0
setting first_stage_delay to 30.0
setting cleanup to 30.0
setting comment to M:5 2-step
setting irradiation to NM-289
setting level to M
setting irradiation_level to M
setting sample to NM-2606
setting material to Sanidine
setting project to JoyitaHills
setting mass_spectrometer to Jan
no attribute chron_dosages
no attribute production_ratios
no attribute interference_corrections
no attribute production_name
no attribute j
Reference Isotope=Ar40
Reference Detector=H1
%%%%%%%%%%%%%%%%%%%% Comment: M:5 2-step %%%%%%%%%%%%%%%%%%%
adding isotope PM41 H2
add baseline dbdet= PM41. original det= H2
get baseline data PM41 H2
Get data baseline <pychron.processing.isotope.Baseline object at 0x156630d10> len t=60
baseline PM41. v=-0.212205062566, e=0.00701130889879
get signal data PM41 H2
Get data signal PM41 0.10+/-0.06 len t=120
adding isotope Ar40 H1
add baseline dbdet= Ar40. original det= H1
get baseline data Ar40 H1
Get data baseline <pychron.processing.isotope.Baseline object at 0x156630ed0> len t=60
baseline Ar40. v=-0.0196983246233, e=0.00525091176755
get signal data Ar40 H1
Get data signal Ar40 646.72+/-0.05 len t=120
adding isotope Ar39 AX
add baseline dbdet= Ar39. original det= AX
get baseline data Ar39 AX
Get data baseline <pychron.processing.isotope.Baseline object at 0x15663e0d0> len t=60
baseline Ar39. v=-0.0664428460014, e=0.00745202207089
get signal data Ar39 AX
Get data signal Ar39 154.227+/-0.022 len t=120
adding isotope Ar38 L1
add baseline dbdet= Ar38. original det= L1
get baseline data Ar38 L1
Get data baseline <pychron.processing.isotope.Baseline object at 0x15663e290> len t=60
baseline Ar38. v=-0.0279820344397, e=0.00261103544048
get signal data Ar38 L1
Get data signal Ar38 1.989+/-0.005 len t=120
adding isotope Ar37 L2
add baseline dbdet= Ar37. original det= L2
get baseline data Ar37 L2
Get data baseline <pychron.processing.isotope.Baseline object at 0x15663e450> len t=60
baseline Ar37. v=-0.0212740150813, e=0.00615206680478
get signal data Ar37 L2
Get data signal Ar37 3.085+/-0.011 len t=120
adding isotope Ar36 CDD
add baseline dbdet= Ar36. original det= CDD
get baseline data Ar36 CDD
Get data baseline <pychron.processing.isotope.Baseline object at 0x15663e610> len t=60
baseline Ar36. v=0.000138941051591, e=1.79960589654e-05
get signal data Ar36 CDD
Get data signal Ar36 0.0399+/-0.0005 len t=120
65565-30C added analysis time 1.33424901962s
analysis added to mass spec database
mass spec save time= 1.357
persistence save - dvc
================= post measurement started
create new session 4983821424
close session 4983821424
---------------- Experiment Queue saving disabled
DVC saving peakcenter
Failed to find a valid peak. No peak greater than 1.0. max = 0.0455314686292
Smart pull ahead: 0 behind: 0
Up-to-date with origin
add to repo msg=modified - ad8224ebc6dbfeb9f5997218dfa5fe690569839d.json
add to repo msg=modified - 65-30C.json
Get Checksum: 1939618519
add to repo msg=modified - 65-30C.dat.json
add to repo msg=modified - 65-30C.blan.json
add to repo msg=modified - 65-30C.inte.json
add to repo msg=modified - 65-30C.icfa.json
add to repo msg=modified - 65-30C.base.json
not at valid file /Users/jan/PychronDev/data/.dvc/repositories/Load1783/655/tags/65-30C.tags.json
add to repo msg=modified - 65-30C.peak.json
add to repo msg=modified - 65-30C.extr.json
not at valid file /Users/jan/PychronDev/data/.dvc/repositories/Load1783/655/monitor/65-30C.moni.json
commit message=<COLLECTION>
add to repo msg=modified - 65-30C.inte.json
add to repo msg=modified - 65-30C.base.json
commit message=<ISOEVO> default collection fits
add to repo msg=modified - 65-30C.blan.json
Get Checksum: 1939618519
commit message=<BLANKS> preceding bu-FC-J-7487
add to repo msg=modified - 65-30C.icfa.json
commit message=<ICFactor> default
push repository <pychron.git_archive.repo_manager.GitRepoManager object at 0x14e9fd2f0>
pushing to remote=origin, url=https://github.com
Get Checksum: 1939618519
no changes to meta repo
Get Checksum: 1939618519
create new session 4983821424
add association Load1783
get identifier "65565"
setting analysis irradiation position=<pychron.dvc.dvc_orm.IrradiationPositionTbl object at 0x13f95e590>
close session 4983821424
================= post measurement finished
14:46:55 -- ******* Post Run Check *******
loading queue conditionals post_run_actions
loading system conditionals post_run_actions
loading conditionals from /Users/jan/PychronDev/setupfiles/spectrometer/default_conditionals.yaml
loading queue conditionals post_run_terminations
loading system conditionals post_run_terminations
loading conditionals from /Users/jan/PychronDev/setupfiles/spectrometer/default_conditionals.yaml
Checking default post run terminations n=1
GetDeflection CDD ===>> 50
testing CDD==2000
evaluate ot="CDD.deflection==2000" t="CDD==2000", ctx="{'CDD': 50.0}"
14:46:55 -- ******* Post Run Check Passed *******
14:46:55 -- Automated run 65565-30C success duration: 363.251 s
----------------- finish -----------------
----------------- stop -----------------
retroactive repository identifiers disabled
finish run. runs completed=35
update duration runid=65565-30C, duration=363.251404047, md5=301e91d8
loading script "jan_unknown400_120.py"
loading script "jan_pump_ms.py"
loading script "jan_co2.py"
loading script "jan_pump_extraction_line.py"
testing...
no interpolation path defined
executed 556.052928
script duration name:unknown400_120 seconds:556.0
loading script "jan_unknown400_120.py"
loading script "jan_pump_ms.py"
loading script "jan_co2.py"
loading script "jan_pump_extraction_line.py"
testing...
no interpolation path defined
executed 0
loading script "jan_unknown400_120.py"
loading script "jan_pump_ms.py"
loading script "jan_co2.py"
loading script "jan_pump_extraction_line.py"
testing...
no interpolation path defined
calculate duration
testing...
no interpolation path defined
executed 0
calculate duration
testing...
no interpolation path defined
executed 0
executed 0.0
script duration name:co2 seconds:0.0
loading script "jan_unknown400_120.py"
loading script "jan_pump_ms.py"
loading script "jan_co2.py"
loading script "jan_pump_extraction_line.py"
testing...
no interpolation path defined
calculate duration
testing...
no interpolation path defined
executed 4.0
executed 4.0
Script duration 556.0
Run total estimated duration= 557.000
unknown400_120 in script context. using previous estimated duration
script duration name:unknown400_120 seconds:556.0
pump_ms in script context. using previous estimated duration
loading script "jan_unknown400_120.py"
loading script "jan_pump_ms.py"
loading script "jan_cocktail_x1.py"
loading script "jan_pump_extraction_line.py"
testing...
no interpolation path defined
calculate duration
testing...
no interpolation path defined
executed 0
calculate duration
testing...
no interpolation path defined
executed 0
calculate duration
testing...
no interpolation path defined
executed 32.0
calculate duration
testing...
no interpolation path defined
executed 34.0
calculate duration
testing...
no interpolation path defined
executed 4.0
calculate duration
testing...
no interpolation path defined
executed 38.0
executed 108.0
script duration name:cocktail_x1 seconds:108.0
pump_extraction_line in script context. using previous estimated duration
Script duration 664.0
Run total estimated duration= 665.000
loading script "jan_unknown120_60.py"
loading script "jan_pump_ms.py"
loading script "jan_cocktail_x1.py"
loading script "jan_pump_extraction_line.py"
testing...
no interpolation path defined
executed 213.652928
script duration name:unknown120_60 seconds:214.0
cocktail_x1 in script context. using previous estimated duration
script duration name:cocktail_x1 seconds:108.0
Script duration 322.0
Run total estimated duration= 323.000
loading script "jan_ic_peak_hop3.py"
loading script "jan_pump_ms.py"
loading script "jan_air_x1.py"
loading script "jan_pump_extraction_line.py"
testing...
no interpolation path defined
executed 133.8
script duration name:ic_peak_hop3 seconds:134.0
loading script "jan_ic_peak_hop3.py"
loading script "jan_pump_ms.py"
loading script "jan_air_x1.py"
loading script "jan_pump_extraction_line.py"
testing...
no interpolation path defined
calculate duration
testing...
no interpolation path defined
executed 0
calculate duration
testing...
no interpolation path defined
executed 0
calculate duration
testing...
no interpolation path defined
executed 32.0
calculate duration
testing...
no interpolation path defined
executed 34.0
calculate duration
testing...
no interpolation path defined
executed 4.0
calculate duration
testing...
no interpolation path defined
executed 36.0
executed 106.0
script duration name:air_x1 seconds:106.0
Script duration 240.0
Run total estimated duration= 241.000
script duration name:unknown400_120 seconds:556.0
loading script "jan_unknown400_120.py"
loading script "jan_pump_ms.py"
loading script "jan_sniffair_x2.py"
loading script "jan_pump_extraction_line.py"
testing...
no interpolation path defined
calculate duration
testing...
no interpolation path defined
executed 0
calculate duration
testing...
no interpolation path defined
executed 0
calculate duration
testing...
no interpolation path defined
executed 32.0
calculate duration
testing...
no interpolation path defined
executed 34.0
calculate duration
testing...
no interpolation path defined
executed 4.0
calculate duration
testing...
no interpolation path defined
executed 36.0
calculate duration
testing...
no interpolation path defined
executed 34.0
calculate duration
testing...
no interpolation path defined
executed 4.0
calculate duration
testing...
no interpolation path defined
executed 36.0
calculate duration
testing...
no interpolation path defined
executed 70.0
executed 250.0
script duration name:sniffair_x2 seconds:250.0
Script duration 806.0
Run total estimated duration= 807.000
unknown120_60 in script context. using previous estimated duration
script duration name:unknown120_60 seconds:214.0
co2 in script context. using previous estimated duration
script duration name:co2 seconds:0.0
Script duration 214.0
Run total estimated duration= 215.000
script duration name:unknown120_60 seconds:214.0
script duration name:co2 seconds:0.0
Script duration 214.0
Run total estimated duration= 215.000
script duration name:unknown120_60 seconds:214.0
script duration name:co2 seconds:0.0
Script duration 214.0
Run total estimated duration= 215.000
script duration name:unknown120_60 seconds:214.0
script duration name:co2 seconds:0.0
Script duration 214.0
Run total estimated duration= 215.000
script duration name:unknown120_60 seconds:214.0
script duration name:co2 seconds:0.0
Script duration 214.0
Run total estimated duration= 215.000
script duration name:unknown120_60 seconds:214.0
script duration name:co2 seconds:0.0
Script duration 214.0
Run total estimated duration= 215.000
script duration name:unknown400_120 seconds:556.0
script duration name:co2 seconds:0.0
Script duration 556.0
Run total estimated duration= 557.000
script duration name:unknown400_120 seconds:556.0
script duration name:cocktail_x1 seconds:108.0
Script duration 664.0
Run total estimated duration= 665.000
script duration name:unknown120_60 seconds:214.0
script duration name:cocktail_x1 seconds:108.0
Script duration 322.0
Run total estimated duration= 323.000
ic_peak_hop3 in script context. using previous estimated duration
script duration name:ic_peak_hop3 seconds:134.0
air_x1 in script context. using previous estimated duration
script duration name:air_x1 seconds:106.0
Script duration 240.0
Run total estimated duration= 241.000
script duration name:unknown120_60 seconds:214.0
script duration name:co2 seconds:0.0
Script duration 214.0
Run total estimated duration= 215.000
script duration name:unknown120_60 seconds:214.0
script duration name:co2 seconds:0.0
Script duration 214.0
Run total estimated duration= 215.000
script duration name:unknown120_60 seconds:214.0
script duration name:co2 seconds:0.0
Script duration 214.0
Run total estimated duration= 215.000
script duration name:unknown120_60 seconds:214.0
script duration name:co2 seconds:0.0
Script duration 214.0
Run total estimated duration= 215.000
script duration name:unknown400_120 seconds:556.0
sniffair_x2 in script context. using previous estimated duration
script duration name:sniffair_x2 seconds:250.0
Script duration 806.0
Run total estimated duration= 807.000
script duration name:unknown400_120 seconds:556.0
script duration name:sniffair_x2 seconds:250.0
Script duration 806.0
Run total estimated duration= 807.000
script duration name:unknown120_60 seconds:214.0
script duration name:co2 seconds:0.0
Script duration 214.0
Run total estimated duration= 215.000
script duration name:unknown120_60 seconds:214.0
script duration name:co2 seconds:0.0
Script duration 214.0
Run total estimated duration= 215.000
script duration name:unknown120_60 seconds:214.0
script duration name:co2 seconds:0.0
Script duration 214.0
Run total estimated duration= 215.000
script duration name:unknown120_60 seconds:214.0
script duration name:co2 seconds:0.0
Script duration 214.0
Run total estimated duration= 215.000
script duration name:unknown120_60 seconds:214.0
script duration name:co2 seconds:0.0
Script duration 214.0
Run total estimated duration= 215.000
script duration name:unknown120_60 seconds:214.0
script duration name:co2 seconds:0.0
Script duration 214.0
Run total estimated duration= 215.000
script duration name:unknown120_60 seconds:214.0
script duration name:co2 seconds:0.0
Script duration 214.0
Run total estimated duration= 215.000
script duration name:unknown120_60 seconds:214.0
script duration name:co2 seconds:0.0
Script duration 214.0
Run total estimated duration= 215.000
script duration name:unknown120_60 seconds:214.0
script duration name:co2 seconds:0.0
Script duration 214.0
Run total estimated duration= 215.000
script duration name:unknown120_60 seconds:214.0
script duration name:co2 seconds:0.0
Script duration 214.0
Run total estimated duration= 215.000
script duration name:unknown120_60 seconds:214.0
script duration name:co2 seconds:0.0
Script duration 214.0
Run total estimated duration= 215.000
script duration name:unknown400_120 seconds:556.0
script duration name:co2 seconds:0.0
Script duration 556.0
Run total estimated duration= 557.000
script duration name:unknown400_120 seconds:556.0
script duration name:cocktail_x1 seconds:108.0
Script duration 664.0
Run total estimated duration= 665.000
script duration name:unknown120_60 seconds:214.0
script duration name:cocktail_x1 seconds:108.0
Script duration 322.0
Run total estimated duration= 323.000
script duration name:ic_peak_hop3 seconds:134.0
script duration name:air_x1 seconds:106.0
Script duration 240.0
Run total estimated duration= 241.000
script duration name:unknown120_60 seconds:214.0
script duration name:co2 seconds:0.0
Script duration 214.0
Run total estimated duration= 215.000
script duration name:unknown120_60 seconds:214.0
script duration name:co2 seconds:0.0
Script duration 214.0
Run total estimated duration= 215.000
script duration name:unknown120_60 seconds:214.0
script duration name:co2 seconds:0.0
Script duration 214.0
Run total estimated duration= 215.000
script duration name:unknown120_60 seconds:214.0
script duration name:co2 seconds:0.0
Script duration 214.0
Run total estimated duration= 215.000
script duration name:unknown120_60 seconds:214.0
script duration name:co2 seconds:0.0
Script duration 214.0
Run total estimated duration= 215.000
script duration name:unknown120_60 seconds:214.0
script duration name:co2 seconds:0.0
Script duration 214.0
Run total estimated duration= 215.000
script duration name:unknown120_60 seconds:214.0
script duration name:co2 seconds:0.0
Script duration 214.0
Run total estimated duration= 215.000
script duration name:unknown120_60 seconds:214.0
script duration name:co2 seconds:0.0
Script duration 214.0
Run total estimated duration= 215.000
script duration name:unknown120_60 seconds:214.0
script duration name:co2 seconds:0.0
Script duration 214.0
Run total estimated duration= 215.000
script duration name:unknown120_60 seconds:214.0
script duration name:co2 seconds:0.0
Script duration 214.0
Run total estimated duration= 215.000
script duration name:unknown120_60 seconds:214.0
script duration name:co2 seconds:0.0
Script duration 214.0
Run total estimated duration= 215.000
script duration name:unknown400_120 seconds:556.0
script duration name:sniffair_x2 seconds:250.0
Script duration 806.0
Run total estimated duration= 807.000
script duration name:unknown120_60 seconds:214.0
script duration name:co2 seconds:0.0
Script duration 214.0
Run total estimated duration= 215.000
script duration name:unknown400_120 seconds:556.0
script duration name:sniffair_x2 seconds:250.0
Script duration 806.0
Run total estimated duration= 807.000
script duration name:unknown120_60 seconds:214.0
script duration name:co2 seconds:0.0
Script duration 214.0
Run total estimated duration= 215.000
script duration name:unknown120_60 seconds:214.0
script duration name:co2 seconds:0.0
Script duration 214.0
Run total estimated duration= 215.000
script duration name:unknown120_60 seconds:214.0
script duration name:co2 seconds:0.0
Script duration 214.0
Run total estimated duration= 215.000
script duration name:unknown400_120 seconds:556.0
script duration name:co2 seconds:0.0
Script duration 556.0
Run total estimated duration= 557.000
script duration name:unknown400_120 seconds:556.0
script duration name:cocktail_x1 seconds:108.0
Script duration 664.0
Run total estimated duration= 665.000
script duration name:unknown120_60 seconds:214.0
script duration name:cocktail_x1 seconds:108.0
Script duration 322.0
Run total estimated duration= 323.000
script duration name:ic_peak_hop3 seconds:134.0
script duration name:air_x1 seconds:106.0
Script duration 240.0
Run total estimated duration= 241.000
script duration name:unknown120_60 seconds:214.0
script duration name:co2 seconds:0.0
Script duration 214.0
Run total estimated duration= 215.000
script duration name:unknown120_60 seconds:214.0
script duration name:co2 seconds:0.0
Script duration 214.0
Run total estimated duration= 215.000
script duration name:unknown120_60 seconds:214.0
script duration name:co2 seconds:0.0
Script duration 214.0
Run total estimated duration= 215.000
script duration name:unknown120_60 seconds:214.0
script duration name:co2 seconds:0.0
Script duration 214.0
Run total estimated duration= 215.000
script duration name:unknown120_60 seconds:214.0
script duration name:co2 seconds:0.0
Script duration 214.0
Run total estimated duration= 215.000
script duration name:unknown120_60 seconds:214.0
script duration name:co2 seconds:0.0
Script duration 214.0
Run total estimated duration= 215.000
script duration name:unknown120_60 seconds:214.0
script duration name:co2 seconds:0.0
Script duration 214.0
Run total estimated duration= 215.000
script duration name:unknown120_60 seconds:214.0
script duration name:co2 seconds:0.0
Script duration 214.0
Run total estimated duration= 215.000
script duration name:unknown120_60 seconds:214.0
script duration name:co2 seconds:0.0
Script duration 214.0
Run total estimated duration= 215.000
script duration name:unknown120_60 seconds:214.0
script duration name:co2 seconds:0.0
Script duration 214.0
Run total estimated duration= 215.000
script duration name:unknown120_60 seconds:214.0
script duration name:co2 seconds:0.0
Script duration 214.0
Run total estimated duration= 215.000
script duration name:unknown120_60 seconds:214.0
script duration name:co2 seconds:0.0
Script duration 214.0
Run total estimated duration= 215.000
script duration name:unknown120_60 seconds:214.0
script duration name:co2 seconds:0.0
Script duration 214.0
Run total estimated duration= 215.000
script duration name:unknown120_60 seconds:214.0
script duration name:co2 seconds:0.0
Script duration 214.0
Run total estimated duration= 215.000
script duration name:unknown120_60 seconds:214.0
script duration name:co2 seconds:0.0
Script duration 214.0
Run total estimated duration= 215.000
script duration name:unknown400_120 seconds:556.0
script duration name:co2 seconds:0.0
Script duration 556.0
Run total estimated duration= 557.000
script duration name:unknown400_120 seconds:556.0
script duration name:cocktail_x1 seconds:108.0
Script duration 664.0
Run total estimated duration= 665.000
script duration name:unknown120_60 seconds:214.0
script duration name:cocktail_x1 seconds:108.0
Script duration 322.0
Run total estimated duration= 323.000
script duration name:ic_peak_hop3 seconds:134.0
script duration name:air_x1 seconds:106.0
Script duration 240.0
Run total estimated duration= 241.000
script duration name:unknown120_60 seconds:214.0
script duration name:co2 seconds:0.0
Script duration 214.0
Run total estimated duration= 215.000
script duration name:unknown120_60 seconds:214.0
script duration name:co2 seconds:0.0
Script duration 214.0
Run total estimated duration= 215.000
script duration name:unknown120_60 seconds:214.0
script duration name:co2 seconds:0.0
Script duration 214.0
Run total estimated duration= 215.000
script duration name:unknown400_120 seconds:556.0
script duration name:sniffair_x2 seconds:250.0
Script duration 806.0
Run total estimated duration= 807.000
script duration name:unknown400_120 seconds:556.0
script duration name:sniffair_x2 seconds:250.0
Script duration 806.0
Run total estimated duration= 807.000
script duration name:unknown120_60 seconds:214.0
script duration name:co2 seconds:0.0
Script duration 214.0
Run total estimated duration= 215.000
script duration name:unknown120_60 seconds:214.0
script duration name:co2 seconds:0.0
Script duration 214.0
Run total estimated duration= 215.000
script duration name:unknown120_60 seconds:214.0
script duration name:co2 seconds:0.0
Script duration 214.0
Run total estimated duration= 215.000
script duration name:unknown120_60 seconds:214.0
script duration name:co2 seconds:0.0
Script duration 214.0
Run total estimated duration= 215.000
script duration name:unknown120_60 seconds:214.0
script duration name:co2 seconds:0.0
Script duration 214.0
Run total estimated duration= 215.000
script duration name:unknown120_60 seconds:214.0
script duration name:co2 seconds:0.0
Script duration 214.0
Run total estimated duration= 215.000
script duration name:unknown120_60 seconds:214.0
script duration name:co2 seconds:0.0
Script duration 214.0
Run total estimated duration= 215.000
script duration name:unknown120_60 seconds:214.0
script duration name:co2 seconds:0.0
Script duration 214.0
Run total estimated duration= 215.000
script duration name:unknown120_60 seconds:214.0
script duration name:co2 seconds:0.0
Script duration 214.0
Run total estimated duration= 215.000
script duration name:unknown120_60 seconds:214.0
script duration name:co2 seconds:0.0
Script duration 214.0
Run total estimated duration= 215.000
script duration name:unknown120_60 seconds:214.0
script duration name:co2 seconds:0.0
Script duration 214.0
Run total estimated duration= 215.000
script duration name:unknown120_60 seconds:214.0
script duration name:co2 seconds:0.0
Script duration 214.0
Run total estimated duration= 215.000
script duration name:unknown400_120 seconds:556.0
script duration name:co2 seconds:0.0
Script duration 556.0
Run total estimated duration= 557.000
script duration name:unknown400_120 seconds:556.0
script duration name:cocktail_x1 seconds:108.0
Script duration 664.0
Run total estimated duration= 665.000
script duration name:unknown120_60 seconds:214.0
script duration name:cocktail_x1 seconds:108.0
Script duration 322.0
Run total estimated duration= 323.000
script duration name:ic_peak_hop3 seconds:134.0
script duration name:air_x1 seconds:106.0
Script duration 240.0
Run total estimated duration= 241.000
script duration name:unknown120_60 seconds:214.0
script duration name:co2 seconds:0.0
Script duration 214.0
Run total estimated duration= 215.000
script duration name:unknown120_60 seconds:214.0
script duration name:co2 seconds:0.0
Script duration 214.0
Run total estimated duration= 215.000
script duration name:unknown120_60 seconds:214.0
script duration name:co2 seconds:0.0
Script duration 214.0
Run total estimated duration= 215.000
script duration name:unknown120_60 seconds:214.0
script duration name:co2 seconds:0.0
Script duration 214.0
Run total estimated duration= 215.000
script duration name:unknown120_60 seconds:214.0
script duration name:co2 seconds:0.0
Script duration 214.0
Run total estimated duration= 215.000
script duration name:unknown120_60 seconds:214.0
script duration name:co2 seconds:0.0
Script duration 214.0
Run total estimated duration= 215.000
script duration name:unknown120_60 seconds:214.0
script duration name:co2 seconds:0.0
Script duration 214.0
Run total estimated duration= 215.000
script duration name:unknown120_60 seconds:214.0
script duration name:co2 seconds:0.0
Script duration 214.0
Run total estimated duration= 215.000
script duration name:unknown120_60 seconds:214.0
script duration name:co2 seconds:0.0
Script duration 214.0
Run total estimated duration= 215.000
script duration name:unknown120_60 seconds:214.0
script duration name:co2 seconds:0.0
Script duration 214.0
Run total estimated duration= 215.000
script duration name:unknown120_60 seconds:214.0
script duration name:co2 seconds:0.0
Script duration 214.0
Run total estimated duration= 215.000
script duration name:unknown400_120 seconds:556.0
script duration name:sniffair_x2 seconds:250.0
Script duration 806.0
Run total estimated duration= 807.000
script duration name:unknown400_120 seconds:556.0
script duration name:sniffair_x2 seconds:250.0
Script duration 806.0
Run total estimated duration= 807.000
script duration name:unknown400_120 seconds:556.0
script duration name:co2 seconds:0.0
Script duration 556.0
Run total estimated duration= 557.000
nruns=111 before=5.0, run_dur=35091.0, btw=4950.0
write rem/ex queues
/Users/jan/PychronDev/experiments/rem/CurrentExperiment.rem.txt
/Users/jan/PychronDev/experiments/rem/CurrentExperiment.ex.txt
doing event level: 3
