do run
loading script "jan_unknown120_60.py"
loading script "jan_pump_ms.py"
loading script "jan_co2.py"
loading script "jan_pump_extraction_line.py"
testing...
no interpolation path defined
executed 213.652928
script duration name:unknown120_60 seconds:214.0
loading script "jan_unknown120_60.py"
loading script "jan_pump_ms.py"
loading script "jan_co2.py"
loading script "jan_pump_extraction_line.py"
testing...
no interpolation path defined
executed 0
loading script "jan_unknown120_60.py"
loading script "jan_pump_ms.py"
loading script "jan_co2.py"
loading script "jan_pump_extraction_line.py"
testing...
no interpolation path defined
calculate duration
testing...
no interpolation path defined
executed 0
calculate duration
testing...
no interpolation path defined
executed 0
executed 0.0
script duration name:co2 seconds:0.0
loading script "jan_unknown120_60.py"
loading script "jan_pump_ms.py"
loading script "jan_co2.py"
loading script "jan_pump_extraction_line.py"
testing...
no interpolation path defined
calculate duration
testing...
no interpolation path defined
executed 4.0
executed 4.0
Script duration 214.0
Run total estimated duration= 215.000
run duration: 0:03:35
doing event level: 2
20:59:26 -- Setting default integration. t=1.048576
setting integration time = 1.048576
SetIntegrationTime 1.048576 ===>> OK
----------------- start -----------------
**************** Experiment Type: Ar/Ar, Ar/Ar
create new session 5004766384
close session 5004766384
$$$$$ Clearing conditionals
adding conditionals 
Add queue conditionals
add default conditionals
adding default conditionals from /Users/jan/PychronDev/setupfiles/spectrometer/default_conditionals.yaml
Start automated run 65569-13A
loading script "jan_unknown120_60.py"
loading script "jan_pump_ms.py"
loading script "jan_co2.py"
loading script "jan_pump_extraction_line.py"
%%%%%%%%%%%%%%%%%% setting automated run 65569-13A
No value "sensitivity_multiplier" in metadata
$$$$$$$$$$$$$$$ auto_save_detector_ic=False
============================= Pre Extraction Check =============================
loading queue conditionals pre_run_terminations
loading system conditionals pre_run_terminations
loading conditionals from /Users/jan/PychronDev/setupfiles/spectrometer/default_conditionals.yaml
20:59:26 -- ******* Pre Extraction Check *******
Get a measurement from the spectrometer
GetData ===>> H2,-0.00639089118747516,H1,-0.0103799152137317,AX,-0.162442671990849,L1,0.00270192577256461,L2,0....
Pre Extraction Termination data. keys=H2,H1,AX,L1,L2,CDD, signals=-0.00639,-0.01038,-0.16244,0.00270,0.01889,0.00268
20:59:26 -- testing system defined conditionals
Checking default pre extraction terminations n=2
testing CDD
evaluate ot="CDD.inactive" t="CDD", ctx="{'CDD': False}"
GetDeflection CDD ===>> 50
testing CDD==2000
evaluate ot="CDD.deflection==2000" t="CDD==2000", ctx="{'CDD': 50.0}"
20:59:26 -- ******* Pre Extraction Check Passed *******
=================================================================================
20:59:26 -- stopping status monitor
stop 4976489392
Alive clients [4984697584]
20:59:26 -- starting status monitor
start 4976489392
Monitor already running
start extraction
do extraction
Analysis started at 20:59:26.744996
Extraction Started jan_co2.py
20:59:26 -- ******* Extraction Started jan_co2.py *******
state changed from not run to extraction
DO EXTRACTION <pychron.extraction_line.pyscript_runner.RemotePyScriptRunner object at 0x12988f3b0>
testing...
no interpolation path defined
calculate duration
testing...
no interpolation path defined
executed 0
calculate duration
testing...
no interpolation path defined
executed 0
executed 100.0
Jan CO2 laser analysis
doing GOSUB
testing...
no interpolation path defined
executed 0
Waiting for CO2 access
wait ('FelixCO2Flag', 0) {}
waiting for FelixCO2Flag = 0
Read FelixCO2Flag ===>> 0
finished waiting
CO2 free
wait ('CO2PumpTimeFlag', 0) {}
waiting for CO2PumpTimeFlag = 0
Read CO2PumpTimeFlag ===>> 0
finished waiting
acquire ('JanCO2Flag',) {'clear': True}
acquire JanCO2Flag
Set JanCO2Flag 1 ===>> OK
JanCO2Flag acquired
set extraction state False (0.75, 'red', 1.5)
CO2 acquired
executed 0
WaitForCO2Access.py completed successfully
gosub finished
doing GOSUB
testing...
no interpolation path defined
executed 0
Prepare for CO2 analysis
close () {'description': 'Jan Inlet'}
closing name=--- desc=Jan Inlet
checking ownership. requestor=129.138.12.150
check software interlocks R
interlocks []
actuate state mode=None-script, software_lock=False
doing actuation None-script close_channel False
Close R ===>> OK
GetIndicatorState R ===>> False
change switch state (True, True)
update switch state R False args=() kw={} ncanvase=2
20:59:27 -- CLOSE  VALVE-R (Jan Inlet)
---------------------------------------- close None (Jan Inlet) result=[(True, True)]
Get Checksum: -290111425
action=close, ok=True, locked=[False]
open () {'description': 'Jan Ion Pump'}
opening name=--- desc=Jan Ion Pump
checking ownership. requestor=129.138.12.150
check software interlocks O
interlocks []
actuate state mode=None-script, software_lock=False
doing actuation None-script open_channel False
Open O ===>> OK
GetIndicatorState O ===>> OK
change switch state (True, True)
update switch state O True args=() kw={} ncanvase=2
20:59:27 -- OPEN   VALVE-O (Jan Ion Pump)
---------------------------------------- open None (Jan Ion Pump) result=[(True, True)], time=0.10 sec
action=open, ok=True, locked=[False]
close () {'description': 'Microbone to Minibone'}
closing name=--- desc=Microbone to Minibone
checking ownership. requestor=129.138.12.150
check software interlocks L
interlocks []
actuate state mode=None-script, software_lock=False
doing actuation None-script close_channel False
Close L ===>> OK
GetIndicatorState L ===>> False
change switch state (True, True)
update switch state L False args=() kw={} ncanvase=2
20:59:28 -- CLOSE  VALVE-L (Microbone to Minibone)
---------------------------------------- close None (Microbone to Minibone) result=[(True, True)]
action=close, ok=True, locked=[False]
open () {'description': 'Microbone to Turbo'}
opening name=--- desc=Microbone to Turbo
checking ownership. requestor=129.138.12.150
check software interlocks U
interlocks []
actuate state mode=None-script, software_lock=False
doing actuation None-script open_channel False
Open U ===>> OK
GetIndicatorState U ===>> OK
change switch state (True, True)
update switch state U True args=() kw={} ncanvase=2
20:59:28 -- OPEN   VALVE-U (Microbone to Turbo)
---------------------------------------- open None (Microbone to Turbo) result=[(True, True)], time=0.12 sec
action=open, ok=True, locked=[False]
open () {'description': 'Microbone to Inlet Pipette'}
opening name=--- desc=Microbone to Inlet Pipette
checking ownership. requestor=129.138.12.150
check software interlocks S
interlocks []
actuate state mode=None-script, software_lock=False
doing actuation None-script open_channel False
Open S ===>> OK
GetIndicatorState S ===>> OK
change switch state (True, True)
update switch state S True args=() kw={} ncanvase=2
20:59:29 -- OPEN   VALVE-S (Microbone to Inlet Pipette)
---------------------------------------- open None (Microbone to Inlet Pipette) result=[(True, True)], time=0.39 sec
action=open, ok=True, locked=[False]
open () {'description': 'Microbone to Getter D-50'}
opening name=--- desc=Microbone to Getter D-50
checking ownership. requestor=129.138.12.150
check software interlocks K
interlocks []
actuate state mode=None-script, software_lock=False
doing actuation None-script open_channel False
Open K ===>> OK
GetIndicatorState K ===>> OK
change switch state (True, True)
update switch state K True args=() kw={} ncanvase=2
20:59:29 -- OPEN   VALVE-K (Microbone to Getter D-50)
---------------------------------------- open None (Microbone to Getter D-50) result=[(True, True)], time=0.43 sec
action=open, ok=True, locked=[False]
open () {'description': 'Microbone to Getter NP-10'}
opening name=--- desc=Microbone to Getter NP-10
checking ownership. requestor=129.138.12.150
check software interlocks M
interlocks []
actuate state mode=None-script, software_lock=False
doing actuation None-script open_channel False
Open M ===>> OK
GetIndicatorState M ===>> OK
change switch state (True, True)
update switch state M True args=() kw={} ncanvase=2
20:59:30 -- OPEN   VALVE-M (Microbone to Getter NP-10)
---------------------------------------- open None (Microbone to Getter NP-10) result=[(True, True)], time=0.13 sec
Get Checksum: -290111425
action=open, ok=True, locked=[False]
close () {'description': 'CO2 Laser to Felix'}
closing name=--- desc=CO2 Laser to Felix
checking ownership. requestor=129.138.12.150
check software interlocks F
interlocks []
actuate state mode=None-script, software_lock=True
VALVE-F(CO2 Laser to Felix) software locked
change switch state (True, False)
---------------------------------------- close None (CO2 Laser to Felix) result=[(True, False)]
action=close, ok=True, locked=[True]
open () {'description': 'CO2 Laser to Jan'}
opening name=--- desc=CO2 Laser to Jan
checking ownership. requestor=129.138.12.150
check software interlocks A
interlocks []
actuate state mode=None-script, software_lock=False
doing actuation None-script open_channel False
Open A ===>> OK
GetIndicatorState A ===>> OK
change switch state (True, True)
update switch state A True args=() kw={} ncanvase=2
20:59:30 -- OPEN   VALVE-A (CO2 Laser to Jan)
---------------------------------------- open None (CO2 Laser to Jan) result=[(True, True)], time=0.13 sec
action=open, ok=True, locked=[False]
open () {'description': 'Microbone to CO2 Laser'}
opening name=--- desc=Microbone to CO2 Laser
checking ownership. requestor=129.138.12.150
check software interlocks T
interlocks []
actuate state mode=None-script, software_lock=False
doing actuation None-script open_channel False
Open T ===>> OK
GetIndicatorState T ===>> OK
change switch state (True, True)
update switch state T True args=() kw={} ncanvase=2
20:59:31 -- OPEN   VALVE-T (Microbone to CO2 Laser)
---------------------------------------- open None (Microbone to CO2 Laser) result=[(True, True)], time=0.40 sec
action=open, ok=True, locked=[False]
executed 0
PrepareForCO2Analysis.py completed successfully
gosub finished
set_motor ('beam', '1.25') {}
setting motor "beam" to 1.25
set motor beam to 1.25
SetMotor beam,1.25 ===>> OK
GetMotorMoving beam ===>> False
GetMotorMoving beam ===>> False
Block completed
move_to_position ('162',) {'autocenter': True}
FusionsCO2 move to position 162
sending GoToHole 162,True
GoToHole 162,True ===>> OK
GetDriveMoving ===>> OK
Get Checksum: -290111425
GetDriveMoving ===>> OK
GetDriveMoving ===>> OK
GetDriveMoving ===>> False
GetDriveMoving ===>> OK
GetDriveMoving ===>> OK
GetDriveMoving ===>> OK
GetDriveMoving ===>> OK
GetDriveMoving ===>> False
Block completed
GetAutoCorrecting ===>> False
Get Checksum: -290111425
GetAutoCorrecting ===>> False
Block completed
update position
GetPosition ===>> 1.99390,-5.98170,1.00000
got position (1.9939, -5.9817, 1.0)
move to position succeeded
sleep (5,) {}
SLEEP 5.0
block started
WaitControl setup for 5.0  
Get Checksum: -290111425
Join finished
block finished. duration 5.00935721397
close () {'description': 'Microbone to Turbo'}
closing name=--- desc=Microbone to Turbo
checking ownership. requestor=129.138.12.150
check software interlocks U
interlocks []
actuate state mode=None-script, software_lock=False
doing actuation None-script close_channel True
Close U ===>> OK
GetIndicatorState U ===>> False
change switch state (True, True)
update switch state U False args=() kw={} ncanvase=2
20:59:41 -- CLOSE  VALVE-U (Microbone to Turbo)
---------------------------------------- close None (Microbone to Turbo) result=[(True, True)]
action=close, ok=True, locked=[False]
enable laser
enable () {}
set extraction state FusionsCO2 Enabled (False, 'red', 1.5)
enabling laser
Enable ===>> OK
begin interval
BEGIN INTERVAL Interval 1 waiting for 30.0
block started
set extract to 0.3
WaitControl setup for 30.0  
extract (0.3,) {}
GetPosition ===>> 1.99390,-5.98170,1.00000
set extraction state FusionsCO2 ON! 0.3(watts) (0.75, 'red', 1.5)
extract sample to 0.3 (watts)
set laser output
SetLaserOutput 0.3,watts ===>> OK
executing pattern triangle.lp
execute_pattern ('triangle.lp',) {}
executing pattern triangle.lp
Get Checksum: -658340380
IsPatterning ===>> OK
IsPatterning ===>> OK
Get Checksum: -658340380
IsPatterning ===>> OK
IsPatterning ===>> OK
IsPatterning ===>> OK
Get Checksum: -658340380
IsPatterning ===>> OK
IsPatterning ===>> OK
IsPatterning ===>> OK
Get Checksum: -658340380
IsPatterning ===>> OK
IsPatterning ===>> OK
IsPatterning ===>> OK
Get Checksum: -658340380
IsPatterning ===>> OK
IsPatterning ===>> OK
IsPatterning ===>> OK
Get Checksum: -658340380
IsPatterning ===>> OK
IsPatterning ===>> OK
IsPatterning ===>> OK
Get Checksum: -658340380
IsPatterning ===>> OK
IsPatterning ===>> OK
IsPatterning ===>> OK
Get Checksum: -658340380
IsPatterning ===>> OK
IsPatterning ===>> OK
IsPatterning ===>> OK
Get Checksum: -658340380
IsPatterning ===>> OK
IsPatterning ===>> OK
IsPatterning ===>> OK
Get Checksum: -658340380
IsPatterning ===>> False
IsPatterning ===>> False
Block completed
COMPLETE INTERVAL waiting for Interval 1 to complete
Join finished
block finished. duration 30.0365929604
Interval 1 finished
end_extract () {}
ending extraction. set laser power to 0
set laser power 0
SetLaserPower 0 ===>> OK
disable () {}
%%%%%%%%%%%%%%%%%%%%%%%%%%%%%%%%%%% disable
set extraction state False (0.75, 'red', 1.5)
disabling laser
Disable ===>> OK
sleep (30.0,) {}
SLEEP 30.0
block started
WaitControl setup for 30.0  
Get Checksum: -658340380
Get Checksum: -658340380
Get Checksum: -658340380
Get Checksum: -658340380
Get Checksum: -658340380
Get Checksum: -658340380
Get Checksum: -658340380
Get Checksum: -658340380
Get Checksum: -658340380
Get Checksum: -658340380
Join finished
block finished. duration 30.0344071388
executed 166.5
jan_co2.py completed successfully
GetAchievedOutput ===>> No Response
Requested Output= 0.000
Achieved Output=  0.000
GetResponseBlob ===>> No Response
GetOutputBlob ===>> No Response
persistence save...
persistence save - db
AutomatedRunPersister post_extraction_save deprecated
persistence save - dvc
no extraction position for 162
create new session 4984345712
close session 4984345712
Extraction Finished
21:00:42 -- ******* Extraction Finished *******
no overlap. not waiting for min ms pumptime
21:00:42 -- Sending spectrometer configuration
======== Sending configuration ========
SetDeflection CDD,50.0 ===>> OK
SetDeflection H2,0.0 ===>> OK
SetDeflection H1,0.0 ===>> OK
SetDeflection L2,825.0 ===>> OK
SetDeflection L1,400.0 ===>> OK
SetDeflection AX,190.0 ===>> OK
SetZFocus 74.64 ===>> OK
SetZSymmetry -50.72 ===>> OK
SetExtractionLens 26.13 ===>> OK
SetIonRepeller -3.81 ===>> OK
SetElectronEnergy 75.08 ===>> OK
SetYSymmetry -2.81 ===>> OK
SetIonCounterVoltage 1590.0 ===>> OK
send trap current 200.0
GetParameter Trap Current Readback ===>> 198.147042666178
SetParameter Trap Current Set,200.0 ===>> OK
updating mftable name mftable
Using mftable located at /Users/jan/PychronDev/setupfiles/spectrometer/mftables/mftable.csv
============ MFtable ===========
Isotope  H2     H1     AX     L1     L2     CDD    
Ar40     5.7801 5.8789 5.9922 6.1201 6.2306 6.3483
Ar39     5.6794 5.7712 5.8846 6.0061 6.1157 6.2348
Ar36     5.3569 5.4402 5.5480 5.6650 5.7707 5.8859
================================
get initial guess parabolic
get initial guess parabolic
get initial guess parabolic
get initial guess parabolic
get initial guess parabolic
get initial guess parabolic
======== Configuration Finished ========
GetYSymmetry ===>> -2.81
Get Checksum: -658340380
GetZSymmetry ===>> -50.72
GetParameter Trap Current Readback ===>> 197.811389855338
GetHighVoltage ===>> 4500
start measurement
do measurement
L#=65569 analysis type=unknown
Measurement Started jan_unknown120_60.py
21:00:42 -- ******* Measurement Started jan_unknown120_60.py *******
state changed from extraction to measurement
setting spec, defl, and gains
GetExtractionLens ===>> 26.13
GetYSymmetry ===>> -2.81
GetZSymmetry ===>> -50.72
GetZFocus ===>> 74.64
GetDeflection H2 ===>> 0
GetDeflection H1 ===>> 0
GetDeflection AX ===>> 190
GetDeflection L1 ===>> 400
GetDeflection L2 ===>> 825
GetDeflection CDD ===>> 50
GetGain H2 ===>> 0.0113
GetGain H1 ===>> 0.1
GetGain AX ===>> 0.097049
GetGain L1 ===>> 0.010355
GetGain L2 ===>> 0.095649
GetGain CDD ===>> 0
pre measurement save
New frame /Users/jan/PychronDev/data/isotopes/05/153c40-2ef3-44d6-a52e-c766d22a7bd2.h5
flush and close file /Users/jan/PychronDev/data/isotopes/05/153c40-2ef3-44d6-a52e-c766d22a7bd2.h5
testing...
no interpolation path defined
executed 226.132928
unknown measurement script
activate_detectors ('H2', 'H1', 'AX', 'L1', 'L2', 'CDD') {}
activate detectors
*************** Set Analysis View Ar/Ar
create graphs
clearing graphs
clear isotope group
setting isotope det=H2, iso=PM41
setting isotope det=H1, iso=Ar40
setting isotope det=AX, iso=Ar39
setting isotope det=L1, iso=Ar38
setting isotope det=L2, iso=Ar37
setting isotope det=CDD, iso=Ar36
setting previous blanks
 - setting Ar40 blank 0.092+/-0.007
 - setting Ar36 blank 0.00417+/-0.00017
 - setting Ar37 blank 0.058+/-0.005
 - setting Ar38 blank 0.0133+/-0.0022
 - setting PM41 blank 0.03+/-0.07
 - setting Ar39 blank 0.038+/-0.009
load analysis view
position_magnet ('Ar40',) {'detector': 'H1'}
detector Detector(H1)
POSITION Ar40 H1
setting detector H2 to PM41 (40.9624)
setting detector H1 to Ar40 (39.9624)
setting detector AX to Ar39 (38.9624)
setting detector L1 to Ar38 (37.9624)
setting detector L2 to Ar37 (36.9624)
setting detector CDD to Ar36 (35.9624)
Mapping mass to dac mass func: "parabolic"
H1 map mass coeffs = [-0.00063987  0.15840543  0.57051999]
H1 map mass to dac 39.9624 >> 5.87891
GetDeflection H1 ===>> 0
GetHighVoltage ===>> 4500
positioning Ar40 (5.87891) on H1
setting magnet DAC
current  : 5.878910
requested: 5.878910
Delta Dac: 0.000000
Checking detector protection. dv=0.00000
Checking detector "CDD". Protection Threshold: 0.1 (V)
SetMagnetDAC 5.87891 ===>> OK
Magnet settling time: 0.500
equilibrate () {'delay': 3, 'inlet': 'R', 'outlet': 'O', 'eqtime': 12.0}
Equilibration Started
21:00:44 -- ******* Equilibration Started *******
checking ownership. requestor=129.138.12.150
check software interlocks O
interlocks []
actuate state mode=None-script, software_lock=False
doing actuation None-script close_channel True
Close O ===>> OK
GetIndicatorState O ===>> False
change switch state (True, True)
update switch state O False args=() kw={} ncanvase=2
21:00:44 -- CLOSE  VALVE-O (Jan Ion Pump)
waiting 3s before opening inlet value ('R',)
Get Checksum: -599221838
checking ownership. requestor=129.138.12.150
check software interlocks R
interlocks []
actuate state mode=None-script, software_lock=False
doing actuation None-script open_channel True
Open R ===>> OK
set states for children of R. state=True
handle state [('R', True)]
update switch state R True args=() kw={'refresh': False} ncanvase=2
refresh_canvas_needed fired
GetIndicatorState R ===>> OK
change switch state (True, True)
update switch state R True args=() kw={} ncanvase=2
21:00:47 -- OPEN   VALVE-R (Jan Inlet)
equilibrating for 12.0sec
set_time_zero () {}
sniff (12.0,) {}
py_sniff
build tables- sniff [Detector(H2), Detector(H1), Detector(AX), Detector(L1), Detector(L2), Detector(CDD)]
add group /sniff/PM41 (Group) '' table H2
add group /sniff/Ar40 (Group) '' table H1
add group /sniff/Ar39 (Group) '' table AX
add group /sniff/Ar38 (Group) '' table L1
add group /sniff/Ar37 (Group) '' table L2
add group /sniff/Ar36 (Group) '' table CDD
flush and close file /Users/jan/PychronDev/data/isotopes/05/153c40-2ef3-44d6-a52e-c766d22a7bd2.h5
measuring sniff. ncounts=12.0
starting measurement
GetData ===>> H2,-0.244853533547848,H1,0.0286420398150301,AX,-0.019312978366592,L1,-0.00130208637815671,L2,-0.0...
Get Checksum: -1285816178
GetData ===>> H2,0.421501631695688,H1,0.370802196221676,AX,0.938307501334457,L1,0.0633794407723188,L2,0.3261576...
GetData ===>> H2,0.886915958623477,H1,0.723540574456183,AX,0.789348504415776,L1,0.186966982352749,L2,0.14945436...
GetData ===>> H2,0.350938290672682,H1,0.945312831605283,AX,0.261769066948684,L1,0.127181425041825,L2,0.09882000...
Get Checksum: -1285816178
GetData ===>> H2,0.0678101789153697,H1,0.922401210833113,AX,0.167885368644731,L1,0.0789015322623797,L2,0.055933...
GetData ===>> H2,0.0479952474503018,H1,0.904286511656749,AX,0.182828277303566,L1,0.0717989867359319,L2,0.044529...
GetData ===>> H2,-0.103267630267893,H1,0.917273173850996,AX,0.139700945656302,L1,0.0324240306402968,L2,0.057438...
Get Checksum: -1285816178
GetData ===>> H2,-0.0568374546871461,H1,0.982962973336421,AX,-0.00299255051683739,L1,0.0418026258436689,L2,0.05...
GetData ===>> H2,-0.0332675737103289,H1,0.995312316091179,AX,0.111373835656226,L1,0.00444517660492938,L2,-0.032...
Get Checksum: -1285816178
GetData ===>> H2,-0.0031036525929369,H1,1.04473729111081,AX,0.116804204113978,L1,-0.0359497837042973,L2,0.08111...
GetData ===>> H2,-0.099293224249651,H1,1.09831216083183,AX,0.0610876944370927,L1,-0.0324455647123117,L2,0.05908...
Equilibration Finished
21:01:00 -- ******* Equilibration Finished *******
checking ownership. requestor=129.138.12.150
check software interlocks R
interlocks []
actuate state mode=None-script, software_lock=False
doing actuation None-script close_channel True
GetData ===>> H2,-0.128164036040067,H1,1.10162181482421,AX,0.123963934660807,L1,0.0137466756979402,L2,-0.014929...
Close R ===>> OK
GetIndicatorState R ===>> False
change switch state (True, True)
update switch state R False args=() kw={} ncanvase=2
21:01:00 -- CLOSE  VALVE-R (Jan Inlet)
Post Equilibration Started jan_pump_extraction_line.py
21:01:00 -- ******* Post Equilibration Started jan_pump_extraction_line.py *******
testing...
no interpolation path defined
calculate duration
testing...
no interpolation path defined
executed 4.0
executed 4.0
Pump after analysis
doing GOSUB
testing...
no interpolation path defined
executed 4.0
Pump Microbone
close () {'description': 'Jan Inlet'}
closing name=--- desc=Jan Inlet
checking ownership. requestor=129.138.12.150
check software interlocks R
interlocks []
actuate state mode=None-script, software_lock=False
doing actuation None-script close_channel False
Close R ===>> OK
measurement finished
estimated time: 12.583 actual time: :12.660
flush and close file /Users/jan/PychronDev/data/isotopes/05/153c40-2ef3-44d6-a52e-c766d22a7bd2.h5
Get Checksum: -599221838
set_fits () {}
using default fits file=/Users/jan/PychronDev/scripts/measurement/fits/nominal_linear.yaml
set "Ar40" to "('Linear', 'SEM')"
No fit for "PM41". defaulting to linear. check the measurement script "jan_unknown120_60.py"
set "PM41" to "linear"
set "Ar36" to "('Linear', 'SEM')"
set "Ar37" to "('linear', 'SEM')"
set "Ar38" to "('linear', 'SEM')"
set "Ar39" to "('Linear', 'SEM')"
set_baseline_fits () {}
using default fits file=/Users/jan/PychronDev/scripts/measurement/fits/nominal_linear.yaml
GetIndicatorState R ===>> False
change switch state (True, True)
set "H1" to "('average', 'SEM')"
update switch state R False args=() kw={} ncanvase=2
set "H2" to "('average', 'SEM')"
set "CDD" to "('average', 'SEM')"
set "L2" to "('average', 'SEM')"
set "L1" to "('average', 'SEM')"
set "AX" to "('average', 'SEM')"
21:01:01 -- CLOSE  VALVE-R (Jan Inlet)
multicollect () {'integration_time': 1, 'ncounts': 120}
---------------------------------------- close None (Jan Inlet) result=[(True, True)]
build tables- signal [Detector(H2), Detector(H1), Detector(AX), Detector(L1), Detector(L2), Detector(CDD)]
add group /signal/PM41 (Group) '' table H2
add group /signal/Ar40 (Group) '' table H1
add group /signal/Ar39 (Group) '' table AX
add group /signal/Ar38 (Group) '' table L1
add group /signal/Ar37 (Group) '' table L2
add group /signal/Ar36 (Group) '' table CDD
flush and close file /Users/jan/PychronDev/data/isotopes/05/153c40-2ef3-44d6-a52e-c766d22a7bd2.h5
measuring signal. ncounts=120
action=close, ok=True, locked=[False]
is_closed ('F',) {}
is F () closed?
is closed True
open () {'description': 'CO2 Laser to Jan'}
opening name=--- desc=CO2 Laser to Jan
checking ownership. requestor=129.138.12.150
check software interlocks A
interlocks []
actuate state mode=None-script, software_lock=False
doing actuation None-script open_channel False
Open A ===>> OK
GetIndicatorState A ===>> OK
change switch state (True, True)
update switch state A True args=() kw={} ncanvase=2
21:01:01 -- OPEN   VALVE-A (CO2 Laser to Jan)
---------------------------------------- open None (CO2 Laser to Jan) result=[(True, True)], time=0.12 sec
starting measurement
GetData ===>> H2,0.036329610042468,H1,1.14492115301428,AX,0.149799039538625,L1,0.0227433475101863,L2,0.10787088...
action=open, ok=True, locked=[False]
sleep (1,) {}
SLEEP 1.0
GetData ===>> H2,0.0523110454716529,H1,1.1440213928023,AX,0.135464700725885,L1,0.0233934849111564,L2,0.01724618...
close () {'description': 'CO2 Laser to Roughing'}
closing name=--- desc=CO2 Laser to Roughing
checking ownership. requestor=129.138.12.150
check software interlocks G
interlocks []
actuate state mode=None-script, software_lock=True
VALVE-G(CO2 Laser to Roughing) software locked
change switch state (True, False)
---------------------------------------- close None (CO2 Laser to Roughing) result=[(True, False)]
action=close, ok=True, locked=[True]
open () {'description': 'Microbone to Turbo'}
opening name=--- desc=Microbone to Turbo
checking ownership. requestor=129.138.12.150
check software interlocks U
interlocks []
actuate state mode=None-script, software_lock=False
doing actuation None-script open_channel True
Open U ===>> OK
GetIndicatorState U ===>> OK
change switch state (True, True)
update switch state U True args=() kw={} ncanvase=2
21:01:03 -- OPEN   VALVE-U (Microbone to Turbo)
---------------------------------------- open None (Microbone to Turbo) result=[(True, True)], time=0.17 sec
action=open, ok=True, locked=[False]
open () {'description': 'Microbone to Getter NP-10'}
opening name=--- desc=Microbone to Getter NP-10
checking ownership. requestor=129.138.12.150
check software interlocks M
interlocks []
actuate state mode=None-script, software_lock=False
doing actuation None-script open_channel False
Open M ===>> OK
GetIndicatorState M ===>> OK
change switch state (True, True)
update switch state M True args=() kw={} ncanvase=2
21:01:03 -- OPEN   VALVE-M (Microbone to Getter NP-10)
---------------------------------------- open None (Microbone to Getter NP-10) result=[(True, True)], time=0.13 sec
action=open, ok=True, locked=[False]
open () {'description': 'Microbone to Getter D-50'}
opening name=--- desc=Microbone to Getter D-50
checking ownership. requestor=129.138.12.150
check software interlocks K
interlocks []
actuate state mode=None-script, software_lock=False
doing actuation None-script open_channel False
GetData ===>> H2,-0.109520117891014,H1,1.09889973638493,AX,0.0185286143199388,L1,0.0178920747494165,L2,-0.07976...
Open K ===>> OK
GetIndicatorState K ===>> OK
change switch state (True, True)
update switch state K True args=() kw={} ncanvase=2
21:01:04 -- OPEN   VALVE-K (Microbone to Getter D-50)
---------------------------------------- open None (Microbone to Getter D-50) result=[(True, True)], time=0.44 sec
action=open, ok=True, locked=[False]
open () {'description': 'Microbone to CO2 Laser'}
opening name=--- desc=Microbone to CO2 Laser
checking ownership. requestor=129.138.12.150
check software interlocks T
interlocks []
actuate state mode=None-script, software_lock=False
doing actuation None-script open_channel False
Open T ===>> OK
GetIndicatorState T ===>> OK
change switch state (True, True)
update switch state T True args=() kw={} ncanvase=2
21:01:04 -- OPEN   VALVE-T (Microbone to CO2 Laser)
---------------------------------------- open None (Microbone to CO2 Laser) result=[(True, True)], time=0.40 sec
GetData ===>> H2,-0.0887006562733365,H1,1.08771240732171,AX,0.00270342417540929,L1,-0.0282727123294187,L2,0.059...
action=open, ok=True, locked=[False]
open () {'description': 'Microbone to Inlet Pipette'}
opening name=--- desc=Microbone to Inlet Pipette
checking ownership. requestor=129.138.12.150
check software interlocks S
interlocks []
actuate state mode=None-script, software_lock=False
doing actuation None-script open_channel False
Open S ===>> OK
GetIndicatorState S ===>> OK
change switch state (True, True)
update switch state S True args=() kw={} ncanvase=2
21:01:05 -- OPEN   VALVE-S (Microbone to Inlet Pipette)
---------------------------------------- open None (Microbone to Inlet Pipette) result=[(True, True)], time=0.40 sec
action=open, ok=True, locked=[False]
sleep (1,) {}
SLEEP 1.0
GetData ===>> H2,-0.0908999001352376,H1,1.16352999707001,AX,-0.0408953542540657,L1,-0.0312324540930231,L2,0.070...
Get Checksum: -1081146439
set_resource () {'name': 'CO2PumpTimeFlag', 'value': 30}
Set CO2PumpTimeFlag 30 ===>> OK
release ('JanCO2Flag',) {}
release JanCO2Flag
Set JanCO2Flag 0 ===>> OK
executed 6.0
PumpMicrobone.py completed successfully
gosub finished
get_resource_value () {'name': 'JanMiniboneFlag'}
Read JanMiniboneFlag ===>> 0
Get Resource Value JanMiniboneFlag=0.0
get resource value 0.0
get_resource_value () {'name': 'JanMiniboneFlag'}
Read JanMiniboneFlag ===>> 0
Get Resource Value JanMiniboneFlag=0.0
executed 4.0
jan_pump_extraction_line.py completed successfully
Post Equilibration Finished
21:01:06 -- ******* Post Equilibration Finished *******
GetData ===>> H2,-0.158679458539232,H1,1.1398586068917,AX,0.0770465264094086,L1,-0.0600790803959168,L2,-0.00686...
GetData ===>> H2,-0.176479765643651,H1,1.05783766225491,AX,0.0268831246279192,L1,0.00645433692905165,L2,-0.0373...
GetData ===>> H2,-0.128018044926144,H1,1.21522327633283,AX,0.113520419479668,L1,0.00910374026956221,L2,-0.01296...
Get Checksum: -1081146439
GetData ===>> H2,-0.155203596044371,H1,1.10201754160746,AX,0.100305175994085,L1,0.0230593979786817,L2,0.0159922...
GetData ===>> H2,-0.123791599227929,H1,1.17687385167897,AX,0.0056965546480555,L1,-0.0162559137733374,L2,0.01582...
GetData ===>> H2,-0.184795862856265,H1,1.17581779874516,AX,0.0545587809459519,L1,-0.0282331793282824,L2,0.10047...
Get Checksum: -1081146439
GetData ===>> H2,-0.142564864745556,H1,1.30426412309637,AX,-0.0477598891192754,L1,-0.0161983424400081,L2,-0.041...
GetData ===>> H2,-0.278774398033257,H1,1.28615098427634,AX,0.0195496826764528,L1,-0.00777403214628815,L2,0.0098...
GetData ===>> H2,-0.1330610469671,H1,1.28589893573585,AX,0.125623396283682,L1,-0.0189925708782061,L2,-0.0168556...
Get Checksum: -1081146439
GetData ===>> H2,-0.124387939804327,H1,1.33298294256627,AX,0.0716299726410381,L1,-0.0443410714003752,L2,0.02000...
GetData ===>> H2,-0.185191072872187,H1,1.38183093563555,AX,0.0223344689920755,L1,-0.0286129293092005,L2,0.03846...
Get Checksum: -1081146439
GetData ===>> H2,-0.128926403568774,H1,1.39422986581803,AX,0.0121239752702769,L1,-0.0245008037641835,L2,0.02487...
GetData ===>> H2,-0.111605059494062,H1,1.32606662574266,AX,-0.0408025869534968,L1,0.00775615322136324,L2,0.0254...
GetData ===>> H2,-0.14603859761981,H1,1.3194989657112,AX,0.107510103992242,L1,-0.0198186983659159,L2,0.04888557...
Get Checksum: -1081146439
GetData ===>> H2,-0.161396724336991,H1,1.30185125059945,AX,0.168442638780264,L1,-0.0530447456066599,L2,-0.02987...
GetData ===>> H2,-0.096995394297479,H1,1.32582648438067,AX,0.0319077795559816,L1,-0.0465580946174881,L2,0.02935...
GetData ===>> H2,-0.199502755548367,H1,1.31933087765412,AX,-0.0207743757225878,L1,-0.000627661057249071,L2,0.05...
Get Checksum: -1081146439
GetData ===>> H2,-0.328456485288025,H1,1.35754210397854,AX,0.0823589852826435,L1,-0.00308753531921741,L2,-0.020...
GetData ===>> H2,-0.192817407014304,H1,1.40750063746704,AX,0.0730565732073876,L1,-0.0149184946254703,L2,-0.0627...
21:01:26 -- collecting point 25
GetData ===>> H2,-0.0947255433734966,H1,1.41053805705587,AX,0.0239705681012021,L1,-0.0192012074447456,L2,0.0244...
Get Checksum: -1081146439
GetData ===>> H2,-0.104178461429965,H1,1.42535429301629,AX,-0.00366537276662913,L1,-0.0139038472564061,L2,0.069...
GetData ===>> H2,-0.274666026413509,H1,1.48161338142259,AX,-0.0175383949344941,L1,-0.0209684494009861,L2,0.0846...
GetData ===>> H2,-0.206664507320809,H1,1.38042533922687,AX,-0.0835821202258747,L1,-0.0129294166777684,L2,0.0573...
Get Checksum: -1081146439
GetData ===>> H2,-0.154394254715374,H1,1.44895190312753,AX,0.113938138587441,L1,-0.0293843646077347,L2,0.098728...
GetData ===>> H2,-0.269905749839374,H1,1.42692729519764,AX,0.058327638514524,L1,-0.0322994722715051,L2,-0.09103...
GetData ===>> H2,-0.282794438294917,H1,1.44522875798307,AX,0.0953977765873745,L1,0.0197443654771581,L2,-0.02101...
Get Checksum: -1081146439
GetData ===>> H2,-0.165649584813926,H1,1.47213457707347,AX,-0.0151838323323383,L1,0.00720061103719919,L2,0.0732...
GetData ===>> H2,-0.148885967643531,H1,1.44570915608269,AX,0.065610644297399,L1,-0.0132434501200606,L2,0.008890...
GetData ===>> H2,-0.102682927503369,H1,1.50426280178044,AX,0.13143753732627,L1,0.00251705322909687,L2,0.0451225...
Get Checksum: -1081146439
GetData ===>> H2,-0.211567145889182,H1,1.4512579200354,AX,0.039555500359001,L1,-0.00735549087595575,L2,-0.00936...
GetData ===>> H2,-0.155708898389854,H1,1.46772585507595,AX,0.0250149010583764,L1,-0.0294011342830663,L2,0.03243...
GetData ===>> H2,-0.102907608514369,H1,1.561311410384,AX,0.014653293245636,L1,-0.0314180826755301,L2,-0.0058354...
Get Checksum: -1081146439
GetData ===>> H2,-0.17459656240592,H1,1.56161200472058,AX,0.0659469746021455,L1,0.0192698487169584,L2,0.0538234...
GetData ===>> H2,-0.297627463613385,H1,1.59716059426451,AX,0.0184125845025177,L1,0.00896693336362015,L2,0.05222...
Get Checksum: -1081146439
GetData ===>> H2,-0.255146391530542,H1,1.57164034515016,AX,-0.0710400432084506,L1,0.0210406909427689,L2,0.04098...
GetData ===>> H2,-0.213614334947036,H1,1.53892566156555,AX,0.16379881838111,L1,-0.0243330240183723,L2,-0.049293...
GetData ===>> H2,-0.120889231636257,H1,1.59978636186453,AX,0.0476796857821664,L1,-0.0500921097367475,L2,0.07021...
Get Checksum: -1081146439
GetData ===>> H2,-0.149424834348324,H1,1.5587744298643,AX,-0.0249148824066416,L1,-0.0266493355121046,L2,0.01419...
GetData ===>> H2,-0.203164402019609,H1,1.6680659230764,AX,0.0455441199363988,L1,0.00528344589746597,L2,-0.01369...
GetData ===>> H2,-0.157869014582203,H1,1.67855236969607,AX,0.118161843537114,L1,0.0157495119369202,L2,-0.003214...
Get Checksum: -1081146439
GetData ===>> H2,-0.135558767180154,H1,1.66283513278256,AX,0.101778604225554,L1,-0.033638174415946,L2,-0.010280...
GetData ===>> H2,-0.139751050333988,H1,1.61948412038349,AX,0.0983793112861349,L1,-0.0286907942528259,L2,0.04748...
GetData ===>> H2,-0.145627912207409,H1,1.60721313099887,AX,0.00555733723645277,L1,-0.00425846432299087,L2,0.062...
Get Checksum: -1081146439
GetData ===>> H2,-0.248106622940394,H1,1.74388870345983,AX,0.0136090714374175,L1,-0.00370540929415167,L2,-0.053...
21:01:53 -- collecting point 50
GetData ===>> H2,-0.23493466942709,H1,1.68090956500169,AX,0.0308285592851666,L1,0.00075493204997616,L2,-0.02541...
GetData ===>> H2,-0.174558760138614,H1,1.77961238486442,AX,0.0815818170880338,L1,0.0223119486044038,L2,-0.01416...
Get Checksum: -1081146439
GetData ===>> H2,-0.170304299406195,H1,1.80291367763992,AX,0.0903746191204633,L1,0.0302564487299998,L2,0.090260...
GetData ===>> H2,-0.261210339167511,H1,1.71413263079672,AX,0.0651467423350024,L1,-0.00540526687245682,L2,0.1007...
GetData ===>> H2,-0.319144996341695,H1,1.73944819902763,AX,0.0722910776220416,L1,-0.00624969067773972,L2,-0.052...
Get Checksum: -1081146439
GetData ===>> H2,-0.223293169641982,H1,1.83803485132279,AX,0.0624329601367016,L1,0.0171378022597238,L2,0.071718...
GetData ===>> H2,-0.280267492012121,H1,1.70886336296705,AX,0.0378379022548065,L1,-0.0206075927872421,L2,0.00043...
GetData ===>> H2,-0.179405871571397,H1,1.80246857497861,AX,0.0283684459673769,L1,-0.0304911031938488,L2,0.10588...
Get Checksum: -1081146439
GetData ===>> H2,-0.109246610142364,H1,1.8255082219081,AX,-0.051307921714549,L1,-0.0684560787876182,L2,0.107289...
GetData ===>> H2,-0.161772120374393,H1,1.80648659979969,AX,0.03065449261996,L1,-0.0428276601711821,L2,-0.016456...
Get Checksum: -1081146439
GetData ===>> H2,-0.18793962637469,H1,1.81471562855406,AX,-0.0329518337532615,L1,-0.0220725183144881,L2,0.01914...
GetData ===>> H2,-0.114687093395251,H1,1.75622446271053,AX,0.144900752922144,L1,-0.00176527760415272,L2,-0.0079...
GetData ===>> H2,-0.0726478470396363,H1,1.84680802676216,AX,0.066805202023367,L1,-0.0134543983805695,L2,0.04527...
Get Checksum: -1081146439
GetData ===>> H2,-0.0510169719896751,H1,1.88424398836611,AX,0.071792348887208,L1,-0.00514976673563304,L2,0.0514...
GetData ===>> H2,-0.153914567723431,H1,1.85655689312789,AX,0.0875209314424882,L1,0.031903720431732,L2,0.0237670...
GetData ===>> H2,-0.157104442660926,H1,1.82544805932883,AX,0.0680229701293462,L1,0.00776695240106699,L2,0.02649...
Get Checksum: -1081146439
GetData ===>> H2,-0.194725883210876,H1,1.87342104225323,AX,0.133201576881949,L1,-0.0644717765740064,L2,0.030162...
GetData ===>> H2,-0.166018090900664,H1,1.82408839459163,AX,0.00596338857689596,L1,-0.0500574099092339,L2,-0.010...
GetData ===>> H2,-0.103216199287286,H1,1.91356446576598,AX,-0.0135135661992234,L1,-0.0321318225925106,L2,0.0686...
Get Checksum: -1081146439
GetData ===>> H2,-0.228510981709903,H1,1.89231078675454,AX,0.0612848442824713,L1,-0.0350810302268263,L2,-0.0184...
GetData ===>> H2,-0.245122641846718,H1,1.91621396289359,AX,0.103147636261307,L1,-0.017161419534123,L2,-0.014861...
GetData ===>> H2,-0.286217421048639,H1,1.95755511415705,AX,0.0372112185994643,L1,-0.0195309403221848,L2,-0.0463...
Get Checksum: -1081146439
GetData ===>> H2,-0.371797432255636,H1,1.95392865480091,AX,0.103275258872402,L1,-0.00944562515467565,L2,-0.0403...
GetData ===>> H2,-0.310872067476267,H1,1.99814250704973,AX,0.156868328141524,L1,0.0367786251887034,L2,0.1461014...
GetData ===>> H2,-0.258954239175783,H1,1.94138765056764,AX,0.0015897247024179,L1,0.00114862175125117,L2,0.14278...
Get Checksum: -1081146439
21:02:19 -- collecting point 75
GetData ===>> H2,-0.19760270832736,H1,1.9780271704142,AX,0.0132029882036741,L1,-0.0307821408394427,L2,-0.099574...
GetData ===>> H2,-0.13493540285279,H1,1.97614727960131,AX,0.0724186598016955,L1,-0.0415691043158186,L2,-0.00520...
GetData ===>> H2,-0.209101946168345,H1,2.03188907171088,AX,0.0804102767555693,L1,-0.0269908055357236,L2,-0.0156...
Get Checksum: -1081146439
GetData ===>> H2,-0.245642002728302,H1,2.06058612439481,AX,0.0427586696614831,L1,-0.0157149701277782,L2,0.00471...
GetData ===>> H2,-0.210441033897011,H1,2.00498244225644,AX,0.131066164648496,L1,0.00533143056020918,L2,0.044848...
GetData ===>> H2,-0.101141171084846,H1,2.02602296068262,AX,0.0573187300357414,L1,-0.039275516836851,L2,0.026275...
Get Checksum: -1081146439
GetData ===>> H2,0.0617932567945839,H1,2.06363461055343,AX,0.0871265259018112,L1,-0.0482767889157118,L2,0.09372...
GetData ===>> H2,-0.153636204837957,H1,2.09863251200957,AX,0.0753414973337711,L1,-0.0306575825490276,L2,0.02374...
Get Checksum: -1081146439
GetData ===>> H2,-0.176042404423171,H1,2.07065973287548,AX,0.00641584777994614,L1,-0.0137923858069733,L2,0.0351...
GetData ===>> H2,-0.111488637779775,H1,2.12088609778658,AX,0.0157787448474813,L1,-0.0217356762579916,L2,0.06249...
GetData ===>> H2,-0.176370426922027,H1,2.16601104537435,AX,0.0874513303486425,L1,-0.0686784452125522,L2,0.06228...
Get Checksum: -1081146439
GetData ===>> H2,-0.172024534692209,H1,2.1495239970611,AX,0.00667108210435678,L1,-0.0120208219875685,L2,-0.0729...
GetData ===>> H2,-0.194243403386431,H1,2.06326107568884,AX,0.0199906018684998,L1,0.010416701004095,L2,-0.000410...
GetData ===>> H2,-0.150921101832009,H1,2.13371487429919,AX,0.0218123154899036,L1,-0.00646438373237669,L2,0.0100...
Get Checksum: -1081146439
GetData ===>> H2,-0.0797649719646437,H1,2.18758270234118,AX,0.229088028606264,L1,-0.0152999470847897,L2,0.16849...
GetData ===>> H2,-0.237120823917535,H1,2.25791197048493,AX,0.111605896491445,L1,0.013265237841595,L2,0.02855535...
GetData ===>> H2,-0.103953805550226,H1,2.23150111499943,AX,0.0758982382391438,L1,0.0055005783194505,L2,-0.05438...
Get Checksum: -1081146439
GetData ===>> H2,-0.0931515500387136,H1,2.21271621676433,AX,0.0707253099404554,L1,0.00894893259324543,L2,0.0024...
GetData ===>> H2,-0.228003444880484,H1,2.2953451811542,AX,0.0281131547493968,L1,-0.0556054556789699,L2,0.112567...
GetData ===>> H2,-0.231789900955434,H1,2.13865872806862,AX,0.0660629508386703,L1,-0.0510050311015774,L2,-0.0008...
Get Checksum: -1081146439
GetData ===>> H2,-0.112556694572485,H1,2.12140452243641,AX,0.0904790239137948,L1,-0.017741859835207,L2,0.049022...
GetData ===>> H2,-0.152948375969913,H1,2.20089003027912,AX,0.11048040660278,L1,0.0240652975438658,L2,0.03921592...
GetData ===>> H2,-0.250343418812287,H1,2.24283643716101,AX,0.108705175791779,L1,0.0173936240235824,L2,0.0002735...
Get Checksum: -1081146439
GetData ===>> H2,-0.308569746785574,H1,2.2364933238668,AX,0.0509643703313524,L1,-0.00927536080287805,L2,-0.0133...
GetData ===>> H2,-0.212062815142137,H1,2.27259166704703,AX,0.0977876376076475,L1,-0.0333124958479262,L2,0.04033...
21:02:45 -- collecting point 100
GetData ===>> H2,-0.0762645698400948,H1,2.25508965983152,AX,0.0416561176089332,L1,-0.0410517454453647,L2,-0.012...
GetData ===>> H2,-0.14702742384271,H1,2.25514996479197,AX,0.139863435431968,L1,-0.0286249085705401,L2,0.0181011...
GetData ===>> H2,-0.1420270233511,H1,2.26534201921409,AX,0.0543500484826074,L1,0.00329858303897058,L2,0.1476068...
Get Checksum: -1081146439
GetData ===>> H2,-0.196951305705886,H1,2.13416101703905,AX,0.139329541472553,L1,0.000836549381990059,L2,0.02943...
GetData ===>> H2,-0.189936561871377,H1,2.31155082766408,AX,0.121608243988142,L1,0.0152319543621323,L2,0.0156730...
GetData ===>> H2,-0.18838057356853,H1,2.36426976134563,AX,0.106500685837998,L1,0.0301206899777861,L2,-0.0531324...
Get Checksum: -1081146439
GetData ===>> H2,-0.128488454014076,H1,2.43494530655506,AX,0.0899918025023172,L1,-0.0178593829272564,L2,0.04088...
GetData ===>> H2,-0.14056066789057,H1,2.42099212091691,AX,-0.00124087077557669,L1,0.0012110373855777,L2,0.10690...
Get Checksum: -1081146439
GetData ===>> H2,-0.173315551443226,H1,2.39701306392186,AX,0.241163626046793,L1,-0.0155266525446761,L2,-0.00871...
GetData ===>> H2,-0.168586501870116,H1,2.49427986922119,AX,0.153420679958405,L1,-0.0211278935488321,L2,0.054496...
GetData ===>> H2,-0.123780780968957,H1,2.37443907914388,AX,0.184906765501998,L1,-0.0454711918769751,L2,0.070919...
Get Checksum: -1081146439
GetData ===>> H2,-0.145132097830526,H1,2.40970786165098,AX,0.124671813433697,L1,-0.0310264622350594,L2,-0.00876...
GetData ===>> H2,-0.220627452866388,H1,2.5082069113511,AX,0.0351339071821432,L1,-0.043610735261586,L2,-0.048074...
GetData ===>> H2,-0.284103032468055,H1,2.37282253570246,AX,0.0324531965017077,L1,-0.0646906433467058,L2,0.03937...
Get Checksum: -1081146439
GetData ===>> H2,-0.253758956497974,H1,2.34220746808835,AX,0.125832281568269,L1,-0.057094491610725,L2,0.0828861...
GetData ===>> H2,-0.158451189354017,H1,2.34235232463897,AX,0.15670580999874,L1,-0.0176806993156419,L2,-0.004843...
GetData ===>> H2,-0.123502207249498,H1,2.43002043336948,AX,0.098622942669135,L1,-0.0286848046631866,L2,0.027654...
Get Checksum: -1081146439
GetData ===>> H2,-0.164311793492516,H1,2.50074187541924,AX,0.118776848819943,L1,0.0152559703668658,L2,0.0583167...
GetData ===>> H2,-0.0805765644754662,H1,2.45444194575197,AX,0.00426958561772237,L1,0.0323987955766936,L2,0.1090...
GetData ===>> H2,-0.142529730156728,H1,2.52193048299325,AX,0.11963554193741,L1,0.0255516117774275,L2,0.03735736...
Get Checksum: -1081146439
GetData ===>> H2,-0.236901554897837,H1,2.49321699924898,AX,0.132714141705271,L1,-0.0192107998265275,L2,-0.02128...
measurement finished
estimated time: 125.829 actual time: :126.130
flush and close file /Users/jan/PychronDev/data/isotopes/05/153c40-2ef3-44d6-a52e-c766d22a7bd2.h5
baselines () {'settling_time': 15.0, 'detector': 'H1', 'mass': 34.2, 'ncounts': 60}
%%%%%%%%%%%%%%%%%%%%%%%%%%%%%%%% Baseline
build tables- baseline [Detector(H2), Detector(H1), Detector(AX), Detector(L1), Detector(L2), Detector(CDD)]
add group baseline table H2
add group baseline table H1
add group baseline table AX
add group baseline table L1
add group baseline table L2
add group baseline table CDD
flush and close file /Users/jan/PychronDev/data/isotopes/05/153c40-2ef3-44d6-a52e-c766d22a7bd2.h5
detector Detector(H1)
POSITION 34.2 H1
Mapping mass to dac mass func: "parabolic"
H1 map mass coeffs = [-0.00063987  0.15840543  0.57051999]
H1 map mass to dac 34.2 >> 5.23956599104
GetDeflection H1 ===>> 0
GetHighVoltage ===>> 4500
positioning 34.2 (5.23956599104) on H1
setting magnet DAC
current  : 5.878910
requested: 5.239566
Delta Dac: 0.639344
Checking detector protection. dv=0.63934
Checking detector "CDD". Protection Threshold: 0.1 (V)
ProtectDetector CDD,On ===>> OK
GetDeflection CDD ===>> 2000
SetMagnetDAC 5.23956599104 ===>> OK
Magnet settling time: 0.500
GetMagnetMoving ===>> True
GetMagnetMoving ===>> True
GetMagnetMoving ===>> True
GetMagnetMoving ===>> True
Get Checksum: -1081146439
GetMagnetMoving ===>> True
GetMagnetMoving ===>> True
GetMagnetMoving ===>> True
GetMagnetMoving ===>> True
GetMagnetMoving ===>> False
ProtectDetector CDD,Off ===>> OK
GetDeflection CDD ===>> 50
Delaying 15.0s for detectors to settle
Get Checksum: -1081146439
Get Checksum: -1081146439
Get Checksum: -1081146439
Get Checksum: -1081146439
Get Checksum: -1081146439
Join finished
measuring baseline. ncounts=60
starting measurement
GetData ===>> H2,-0.214314604011432,H1,-0.0305947259412463,AX,-0.0370106478619727,L1,-0.0346831759844945,L2,-0....
GetData ===>> H2,-0.195891179025809,H1,0.00153621312122283,AX,-0.0534529113574912,L1,-0.0451683224799927,L2,-0....
Get Checksum: -1081146439
GetData ===>> H2,-0.0722655025434296,H1,0.00150042682840486,AX,-0.179169136485005,L1,-0.0449803712675539,L2,-0....
GetData ===>> H2,-0.145849468027443,H1,-0.0218891427920419,AX,-0.0576731853849307,L1,-0.0352847446772481,L2,0.0...
GetData ===>> H2,-0.257211095295274,H1,-0.00110000953921203,AX,-0.0715037347237927,L1,-0.0250125147035724,L2,0....
Get Checksum: -1081146439
GetData ===>> H2,-0.243004586122112,H1,-0.0665061945485544,AX,-0.0386341261103212,L1,0.0176422457621765,L2,-0.0...
GetData ===>> H2,-0.191930449067958,H1,0.0350377943634019,AX,0.0355400819062768,L1,-0.0557957868873073,L2,-0.02...
Get Checksum: -1081146439
GetData ===>> H2,-0.126694576837963,H1,-0.0407184860380603,AX,-0.066518935131358,L1,-0.0537157869174561,L2,-0.0...
GetData ===>> H2,-0.243152620719379,H1,-0.0735391363971381,AX,0.0349830427162225,L1,-0.0193678737771394,L2,-0.0...
GetData ===>> H2,-0.273182938130807,H1,-0.0220203284313268,AX,-0.150837938944485,L1,-0.0456172363077893,L2,-0.0...
Get Checksum: -1081146439
GetData ===>> H2,-0.186936306366882,H1,-0.0727762649112894,AX,-0.0308179893061928,L1,-0.0351840862882899,L2,0.0...
GetData ===>> H2,-0.200186370843444,H1,-0.0332062532344633,AX,-0.0799888992566601,L1,-0.00466273912554969,L2,-0...
GetData ===>> H2,-0.211711269352629,H1,-0.0383575593456474,AX,-0.0781342816755332,L1,-0.0151572039896483,L2,-0....
Get Checksum: -1081146439
GetData ===>> H2,-0.222482341031621,H1,-0.0189314572871744,AX,-0.0233491652951826,L1,-0.0312504182991783,L2,0.0...
GetData ===>> H2,-0.177149273558039,H1,-0.0668876549200224,AX,-0.0963195991049808,L1,-0.0233119040754677,L2,0.0...
GetData ===>> H2,-0.194407826196007,H1,-0.0773295678505591,AX,-0.00685541496195323,L1,-0.0366866674563344,L2,-0...
Get Checksum: -1081146439
GetData ===>> H2,-0.130683171684785,H1,-0.0757442790818573,AX,-0.0777633539172515,L1,0.000194430889533261,L2,-0...
GetData ===>> H2,-0.10704717001976,H1,-0.0392518563121723,AX,-0.120063185477496,L1,0.00292761893222554,L2,-0.00...
GetData ===>> H2,-0.117760173030637,H1,0.033975784441931,AX,-0.136483716384426,L1,-0.0065531381826708,L2,0.0504...
Get Checksum: -1081146439
GetData ===>> H2,-0.07568987514514,H1,0.030061957497929,AX,-0.100109227718818,L1,-0.0213832386866544,L2,0.01229...
GetData ===>> H2,-0.10494307013958,H1,0.0358850238397103,AX,-0.0680144018222795,L1,-0.0312947298704539,L2,0.034...
GetData ===>> H2,0.000467902214991312,H1,-0.0784857400615511,AX,-0.0699503594495851,L1,-0.0525865936102411,L2,-...
Get Checksum: -1081146439
GetData ===>> H2,-0.0483635271000599,H1,-0.073968249052103,AX,-0.143011787811519,L1,-0.0686915957607987,L2,-0.0...
GetData ===>> H2,-0.160747178798564,H1,-0.0189314572871744,AX,-0.0874417871841176,L1,-0.000933678144176203,L2,-...
21:03:51 -- collecting point 25
GetData ===>> H2,-0.159377744603061,H1,0.0457420514211161,AX,-0.0243117943535524,L1,-0.0139745587186979,L2,-0.0...
Get Checksum: -1081146439
GetData ===>> H2,-0.174510157038105,H1,-0.00341410252675516,AX,-0.123261000266199,L1,-0.0162583125717433,L2,-0....
GetData ===>> H2,-0.233379215153867,H1,-0.0697485613553315,AX,-0.0364076347577146,L1,0.00258307874791845,L2,-0....
GetData ===>> H2,-0.240790564456801,H1,-0.0081614041931964,AX,-0.0621367375971893,L1,-0.0385160623480803,L2,0.0...
Get Checksum: -1081146439
GetData ===>> H2,-0.245950109680646,H1,-0.104418628541292,AX,-0.12798801218801,L1,-0.0215151045297864,L2,0.0218...
GetData ===>> H2,-0.2062952750804,H1,-0.0369743642991914,AX,-0.0541601678479011,L1,-0.0396576181366153,L2,0.051...
Get Checksum: -1081146439
GetData ===>> H2,-0.161884196636833,H1,-0.00245984385902605,AX,-0.108707776378594,L1,-0.0263953222200184,L2,-0....
GetData ===>> H2,-0.150837380888562,H1,0.0114495088473944,AX,-0.0300873687709202,L1,-0.0287075650848454,L2,-0.0...
GetData ===>> H2,-0.193825596974383,H1,-0.0501497132793681,AX,-0.0946970830106603,L1,-0.0271130130426894,L2,0.0...
Get Checksum: -1081146439
GetData ===>> H2,-0.139646971765153,H1,-0.0417558453057907,AX,-0.106193185113966,L1,-0.0100511194100967,L2,-0.0...
GetData ===>> H2,-0.160190781707032,H1,-0.0848027337641664,AX,-0.0685824412865158,L1,0.0235545235739059,L2,-0.0...
GetData ===>> H2,-0.216574022646105,H1,-0.0202671970476185,AX,-0.0522934633675438,L1,0.0129518953844955,L2,-0.0...
Get Checksum: -1081146439
GetData ===>> H2,-0.249938595644643,H1,-0.00376001904724961,AX,-0.0424607891149185,L1,-0.0118997497470678,L2,-0...
GetData ===>> H2,-0.207485129970677,H1,-0.0505550811272347,AX,-0.0384253947098268,L1,0.0135041530050508,L2,-0.0...
GetData ===>> H2,-0.0668760611970434,H1,-0.0336355388707908,AX,0.0185866292804968,L1,-0.0127160601227573,L2,0.0...
Get Checksum: -1081146439
GetData ===>> H2,-0.0982736787909444,H1,0.032830258279515,AX,0.0217891087326156,L1,-0.0422684545255196,L2,0.013...
GetData ===>> H2,-0.206566136405524,H1,0.0475679754077031,AX,-0.114628976501823,L1,-0.0569137602766482,L2,-0.08...
GetData ===>> H2,-0.173968758400448,H1,-0.0175241407554648,AX,-0.154165311682043,L1,-0.0560615263136819,L2,-0.1...
Get Checksum: -1081146439
GetData ===>> H2,-0.137347537973192,H1,-0.0330154590272745,AX,0.002854238625276,L1,-0.0227833259230125,L2,0.022...
GetData ===>> H2,-0.334606072449485,H1,-0.0830268645124697,AX,-0.0567456683239118,L1,-0.0403259610308243,L2,-0....
GetData ===>> H2,-0.345579311508295,H1,-0.12147776299003,AX,-0.0600035329916276,L1,-0.033387929690367,L2,-0.019...
Get Checksum: -1081146439
GetData ===>> H2,-0.294304586925332,H1,-0.0781996780778503,AX,-0.0428666384869719,L1,0.00464209166923833,L2,-0....
GetData ===>> H2,-0.128904776826956,H1,-0.0160452444334823,AX,-0.123110380914188,L1,-0.00716840089802495,L2,-0....
GetData ===>> H2,-0.284246780471945,H1,-0.000145728810552059,AX,-0.0959835087073819,L1,-0.0699264750040015,L2,0...
Get Checksum: -1081146439
GetData ===>> H2,-0.302018437772514,H1,0.0100775742547079,AX,-0.108394904508158,L1,-0.0544885338206039,L2,-0.10...
21:04:17 -- collecting point 50
GetData ===>> H2,-0.213975248265952,H1,-0.0517115627274521,AX,-0.0757232259705175,L1,-0.0116863713619855,L2,0.0...
GetData ===>> H2,-0.150029847146375,H1,-0.0540244858348025,AX,-0.0537659599463351,L1,0.0103890958640131,L2,0.00...
Get Checksum: -1081146439
GetData ===>> H2,-0.214667415454648,H1,-0.0599496171249435,AX,-0.0724195189749939,L1,-0.0392240099079525,L2,-0....
GetData ===>> H2,-0.130249611426956,H1,0.00319432538347115,AX,-0.0901423039536168,L1,-0.017868976588452,L2,-0.0...
Get Checksum: -1081146439
GetData ===>> H2,-0.229772320659999,H1,-0.0247274846010946,AX,-0.116992720907267,L1,0.00746217999857406,L2,-0.0...
GetData ===>> H2,-0.262633145398251,H1,-0.0263016562824568,AX,-0.0735555431571461,L1,-0.0613748385178389,L2,0.0...
GetData ===>> H2,-0.30121093823789,H1,-0.0243458634951786,AX,-0.126169066651614,L1,-0.0449707940415698,L2,0.058...
Get Checksum: -1081146439
GetData ===>> H2,-0.204222499552692,H1,-0.0250256250776236,AX,-0.089099194772711,L1,-0.0710715612012873,L2,-0.0...
GetData ===>> H2,-0.168253167694918,H1,-0.0123598351383201,AX,-0.12889167948987,L1,-0.0591337773788889,L2,-0.12...
GetData ===>> H2,-0.165880408710298,H1,-0.0427216528892547,AX,-0.150745188247925,L1,-0.001560084119797,L2,-0.02...
GetData ===>> H2,-0.273411324938492,H1,-0.0794631123353316,AX,-0.0337984003810803,L1,-0.0323198295421878,L2,-0....
measurement finished
estimated time: 62.915 actual time: :63.095
flush and close file /Users/jan/PychronDev/data/isotopes/05/153c40-2ef3-44d6-a52e-c766d22a7bd2.h5
activate_detectors ('H1', 'AX', 'CDD') {'peak_center': True}
peak_center () {'detector': 'H1', 'integration_time': 0.262144, 'isotope': 'Ar40'}
peak center: mean=2.43756488382 threshold=3
Skipping peak center. intensities to small. 2.43756488382<3
finished measure script
executed 226.132928
jan_unknown120_60.py completed successfully
Measurement Finished
21:04:29 -- ******* Measurement Finished *******
Post Measurement Started jan_pump_ms.py
21:04:29 -- ******* Post Measurement Started jan_pump_ms.py *******
testing...
no interpolation path defined
executed 0
Pumping spectrometer
open () {'name': 'O'}
opening name=O desc=---
checking ownership. requestor=129.138.12.150
check software interlocks O
interlocks []
actuate state mode=None-script, software_lock=False
doing actuation None-script open_channel True
Open O ===>> OK
GetIndicatorState O ===>> OK
change switch state (True, True)
update switch state O True args=() kw={} ncanvase=2
21:04:29 -- OPEN   VALVE-O (Jan Ion Pump)
---------------------------------------- open O () result=[(True, True)], time=0.10 sec
action=open, ok=True, locked=[False]
executed 0
jan_pump_ms.py completed successfully
setting _ms_pumptime
Post Measurement Finished
21:04:29 -- ******* Post Measurement Finished *******
$$$$$$$$$$$$$$$$$$$$ state at run end measurement
state changed from measurement to success
post measurement save measured=True aborted=False
Set filtering
setting fod for Ar40= {'filter_outliers': True, 'std_devs': 2, 'iterations': 1}
setting fod for H1= {'filter_outliers': True, 'std_devs': 2, 'iterations': 1}
setting fod for PM41= {'filter_outliers': False, 'std_devs': 2, 'iterations': 1}
setting fod for H2= {'filter_outliers': True, 'std_devs': 2, 'iterations': 1}
setting fod for Ar36= {'filter_outliers': True, 'std_devs': 2, 'iterations': 1}
setting fod for CDD= {'filter_outliers': True, 'std_devs': 10, 'iterations': 1}
setting fod for Ar37= {'filter_outliers': True, 'std_devs': 2, 'iterations': 1}
setting fod for L2= {'filter_outliers': True, 'std_devs': 2, 'iterations': 1}
setting fod for Ar38= {'filter_outliers': True, 'std_devs': 2, 'iterations': 1}
setting fod for L1= {'filter_outliers': True, 'std_devs': 2, 'iterations': 1}
setting fod for Ar39= {'filter_outliers': True, 'std_devs': 2, 'iterations': 1}
setting fod for AX= {'filter_outliers': True, 'std_devs': 2, 'iterations': 1}
persistence save...
persistence save - db
post measurement save
5285500688 connecting to database sqlite:////Users/jan/PychronDev/.appdata/local_lab.db
connected to db sqlite:////Users/jan/PychronDev/.appdata/local_lab.db
create new session 5285500688
close session 5285500688
No database instance. Not saving post measurement to isotopedb database
$$$$$$$$$$$$$$$ auto_save_detector_ic=False
massspec enabled True
create new session 4979649712
MassSpec Database Version: 16.0
close session 4979649712
saving post measurement to secondary database
saving to massspec database 129.138.12.160/massspecdata
setting labnumber to 65569
setting aliquot to 13
setting step to A
setting uuid to 05153c40-2ef3-44d6-a52e-c766d22a7bd2
setting irradpos to 65569
setting extract_device to Fusions CO2
setting tray to 
setting position to 162
setting power_requested to 0.3
setting extract_value to 0.3
setting duration to 30.0
setting duration_at_request to 30.0
setting first_stage_delay to 30.0
setting cleanup to 30.0
setting comment to M:11 w/o inclusions
setting irradiation to NM-289
setting level to M
setting irradiation_level to M
setting sample to NM-2602 WO
setting material to Sanidine
setting project to JoyitaHills
setting mass_spectrometer to Jan
no attribute chron_dosages
no attribute production_ratios
no attribute interference_corrections
no attribute production_name
no attribute j
Reference Isotope=Ar40
Reference Detector=H1
%%%%%%%%%%%%%%%%%%%% Comment: M:11 w/o inclusions %%%%%%%%%%%%%%%%%%%
adding isotope PM41 H2
add baseline dbdet= PM41. original det= H2
get baseline data PM41 H2
Get data baseline <pychron.processing.isotope.Baseline object at 0x133ec8190> len t=60
baseline PM41. v=-0.186826368378, e=0.00814419171376
get signal data PM41 H2
Get data signal PM41 0.03+/-0.07 len t=120
adding isotope Ar40 H1
add baseline dbdet= Ar40. original det= H1
get baseline data Ar40 H1
Get data baseline <pychron.processing.isotope.Baseline object at 0x133ec8fd0> len t=60
baseline Ar40. v=-0.0301316980878, e=0.00473490798947
get signal data Ar40 H1
Get data signal Ar40 0.993+/-0.010 len t=120
adding isotope Ar39 AX
Get Checksum: -290111425
add baseline dbdet= Ar39. original det= AX
get baseline data Ar39 AX
Get data baseline <pychron.processing.isotope.Baseline object at 0x133ec8890> len t=60
baseline Ar39. v=-0.0752213902732, e=0.00561889413883
get signal data Ar39 AX
Get data signal Ar39 0.100+/-0.011 len t=120
adding isotope Ar38 L1
add baseline dbdet= Ar38. original det= L1
get baseline data Ar38 L1
Get data baseline <pychron.processing.isotope.Baseline object at 0x133ec8a10> len t=60
baseline Ar38. v=-0.0268536290223, e=0.00298953688308
get signal data Ar38 L1
Get data signal Ar38 0.016+/-0.005 len t=120
adding isotope Ar37 L2
add baseline dbdet= Ar37. original det= L2
get baseline data Ar37 L2
Get data baseline <pychron.processing.isotope.Baseline object at 0x133ec8e50> len t=60
baseline Ar37. v=-0.0253378226526, e=0.00641373541014
get signal data Ar37 L2
Get data signal Ar37 0.045+/-0.010 len t=120
adding isotope Ar36 CDD
add baseline dbdet= Ar36. original det= CDD
get baseline data Ar36 CDD
Get data baseline <pychron.processing.isotope.Baseline object at 0x133ec8210> len t=60
baseline Ar36. v=1.48865411202e-05, e=5.81418773012e-06
get signal data Ar36 CDD
Get data signal Ar36 0.00631+/-0.00022 len t=120
65569-13A added analysis time 0.528162002563s
analysis added to mass spec database
mass spec save time= 0.536
persistence save - dvc
================= post measurement started
create new session 4984345712
close session 4984345712
---------------- Experiment Queue saving disabled
DVC saving peakcenter
Smart pull ahead: 0 behind: 0
Up-to-date with origin
add to repo msg=modified - ad8224ebc6dbfeb9f5997218dfa5fe690569839d.json
add to repo msg=modified - 69-13A.json
add to repo msg=modified - 69-13A.dat.json
add to repo msg=modified - 69-13A.blan.json
add to repo msg=modified - 69-13A.inte.json
add to repo msg=modified - 69-13A.icfa.json
add to repo msg=modified - 69-13A.base.json
Get Checksum: -290111425
not at valid file /Users/jan/PychronDev/data/.dvc/repositories/Load1783/655/tags/69-13A.tags.json
add to repo msg=modified - 69-13A.peak.json
add to repo msg=modified - 69-13A.extr.json
not at valid file /Users/jan/PychronDev/data/.dvc/repositories/Load1783/655/monitor/69-13A.moni.json
commit message=<COLLECTION>
add to repo msg=modified - 69-13A.inte.json
add to repo msg=modified - 69-13A.base.json
commit message=<ISOEVO> default collection fits
add to repo msg=modified - 69-13A.blan.json
commit message=<BLANKS> preceding ba-01-J-2236
Get Checksum: -290111425
add to repo msg=modified - 69-13A.icfa.json
commit message=<ICFactor> default
push repository <pychron.git_archive.repo_manager.GitRepoManager object at 0x138ec2fb0>
pushing to remote=origin, url=https://github.com
Get Checksum: -290111425
no changes to meta repo
create new session 4984345712
add association Load1783
get identifier "65569"
setting analysis irradiation position=<pychron.dvc.dvc_orm.IrradiationPositionTbl object at 0x13b0ba290>
close session 4984345712
================= post measurement finished
21:04:41 -- ******* Post Run Check *******
loading queue conditionals post_run_actions
loading system conditionals post_run_actions
loading conditionals from /Users/jan/PychronDev/setupfiles/spectrometer/default_conditionals.yaml
loading queue conditionals post_run_terminations
loading system conditionals post_run_terminations
loading conditionals from /Users/jan/PychronDev/setupfiles/spectrometer/default_conditionals.yaml
Checking default post run terminations n=1
GetDeflection CDD ===>> 50
testing CDD==2000
evaluate ot="CDD.deflection==2000" t="CDD==2000", ctx="{'CDD': 50.0}"
21:04:41 -- ******* Post Run Check Passed *******
21:04:41 -- Automated run 65569-13A success duration: 314.567 s
----------------- finish -----------------
----------------- stop -----------------
retroactive repository identifiers disabled
finish run. runs completed=5
update duration runid=65569-13A, duration=314.566524982, md5=301e91d8
loading script "jan_unknown120_60.py"
loading script "jan_pump_ms.py"
loading script "jan_co2.py"
loading script "jan_pump_extraction_line.py"
testing...
no interpolation path defined
executed 213.652928
script duration name:unknown120_60 seconds:214.0
loading script "jan_unknown120_60.py"
loading script "jan_pump_ms.py"
loading script "jan_co2.py"
loading script "jan_pump_extraction_line.py"
testing...
no interpolation path defined
executed 0
loading script "jan_unknown120_60.py"
loading script "jan_pump_ms.py"
loading script "jan_co2.py"
loading script "jan_pump_extraction_line.py"
testing...
no interpolation path defined
calculate duration
testing...
no interpolation path defined
executed 0
calculate duration
testing...
no interpolation path defined
executed 0
executed 0.0
script duration name:co2 seconds:0.0
loading script "jan_unknown120_60.py"
loading script "jan_pump_ms.py"
loading script "jan_co2.py"
loading script "jan_pump_extraction_line.py"
testing...
no interpolation path defined
calculate duration
testing...
no interpolation path defined
executed 4.0
executed 4.0
Script duration 214.0
Run total estimated duration= 215.000
unknown120_60 in script context. using previous estimated duration
script duration name:unknown120_60 seconds:214.0
pump_ms in script context. using previous estimated duration
co2 in script context. using previous estimated duration
script duration name:co2 seconds:0.0
pump_extraction_line in script context. using previous estimated duration
Script duration 214.0
Run total estimated duration= 215.000
script duration name:unknown120_60 seconds:214.0
script duration name:co2 seconds:0.0
Script duration 214.0
Run total estimated duration= 215.000
script duration name:unknown120_60 seconds:214.0
script duration name:co2 seconds:0.0
Script duration 214.0
Run total estimated duration= 215.000
script duration name:unknown120_60 seconds:214.0
script duration name:co2 seconds:0.0
Script duration 214.0
Run total estimated duration= 215.000
script duration name:unknown120_60 seconds:214.0
script duration name:co2 seconds:0.0
Script duration 214.0
Run total estimated duration= 215.000
script duration name:unknown120_60 seconds:214.0
script duration name:co2 seconds:0.0
Script duration 214.0
Run total estimated duration= 215.000
loading script "jan_unknown400_120.py"
loading script "jan_pump_ms.py"
loading script "jan_co2.py"
loading script "jan_pump_extraction_line.py"
testing...
no interpolation path defined
executed 556.052928
script duration name:unknown400_120 seconds:556.0
script duration name:co2 seconds:0.0
Script duration 556.0
Run total estimated duration= 557.000
script duration name:unknown120_60 seconds:214.0
loading script "jan_unknown120_60.py"
loading script "jan_pump_ms.py"
loading script "jan_cocktail_x1.py"
loading script "jan_pump_extraction_line.py"
testing...
no interpolation path defined
calculate duration
testing...
no interpolation path defined
executed 0
calculate duration
testing...
no interpolation path defined
executed 0
calculate duration
testing...
no interpolation path defined
executed 32.0
calculate duration
testing...
no interpolation path defined
executed 34.0
calculate duration
testing...
no interpolation path defined
executed 4.0
calculate duration
testing...
no interpolation path defined
executed 38.0
executed 108.0
script duration name:cocktail_x1 seconds:108.0
Script duration 322.0
Run total estimated duration= 323.000
loading script "jan_ic_peak_hop3.py"
loading script "jan_pump_ms.py"
loading script "jan_air_x1.py"
loading script "jan_pump_extraction_line.py"
testing...
no interpolation path defined
executed 133.8
script duration name:ic_peak_hop3 seconds:134.0
loading script "jan_ic_peak_hop3.py"
loading script "jan_pump_ms.py"
loading script "jan_air_x1.py"
loading script "jan_pump_extraction_line.py"
testing...
no interpolation path defined
calculate duration
testing...
no interpolation path defined
executed 0
calculate duration
testing...
no interpolation path defined
executed 0
calculate duration
testing...
no interpolation path defined
executed 32.0
calculate duration
testing...
no interpolation path defined
executed 34.0
calculate duration
testing...
no interpolation path defined
executed 4.0
calculate duration
testing...
no interpolation path defined
executed 36.0
executed 106.0
script duration name:air_x1 seconds:106.0
Script duration 240.0
Run total estimated duration= 241.000
script duration name:unknown120_60 seconds:214.0
script duration name:co2 seconds:0.0
Script duration 214.0
Run total estimated duration= 215.000
script duration name:unknown120_60 seconds:214.0
script duration name:co2 seconds:0.0
Script duration 214.0
Run total estimated duration= 215.000
script duration name:unknown120_60 seconds:214.0
script duration name:co2 seconds:0.0
Script duration 214.0
Run total estimated duration= 215.000
script duration name:unknown120_60 seconds:214.0
script duration name:co2 seconds:0.0
Script duration 214.0
Run total estimated duration= 215.000
script duration name:unknown120_60 seconds:214.0
script duration name:co2 seconds:0.0
Script duration 214.0
Run total estimated duration= 215.000
script duration name:unknown120_60 seconds:214.0
script duration name:co2 seconds:0.0
Script duration 214.0
Run total estimated duration= 215.000
script duration name:unknown120_60 seconds:214.0
script duration name:co2 seconds:0.0
Script duration 214.0
Run total estimated duration= 215.000
script duration name:unknown120_60 seconds:214.0
script duration name:co2 seconds:0.0
Script duration 214.0
Run total estimated duration= 215.000
script duration name:unknown120_60 seconds:214.0
script duration name:co2 seconds:0.0
Script duration 214.0
Run total estimated duration= 215.000
script duration name:unknown120_60 seconds:214.0
script duration name:co2 seconds:0.0
Script duration 214.0
Run total estimated duration= 215.000
script duration name:unknown120_60 seconds:214.0
script duration name:co2 seconds:0.0
Script duration 214.0
Run total estimated duration= 215.000
script duration name:unknown120_60 seconds:214.0
script duration name:co2 seconds:0.0
Script duration 214.0
Run total estimated duration= 215.000
script duration name:unknown120_60 seconds:214.0
script duration name:co2 seconds:0.0
Script duration 214.0
Run total estimated duration= 215.000
script duration name:unknown120_60 seconds:214.0
script duration name:co2 seconds:0.0
Script duration 214.0
Run total estimated duration= 215.000
script duration name:unknown120_60 seconds:214.0
script duration name:co2 seconds:0.0
Script duration 214.0
Run total estimated duration= 215.000
unknown400_120 in script context. using previous estimated duration
script duration name:unknown400_120 seconds:556.0
script duration name:co2 seconds:0.0
Script duration 556.0
Run total estimated duration= 557.000
script duration name:unknown400_120 seconds:556.0
cocktail_x1 in script context. using previous estimated duration
script duration name:cocktail_x1 seconds:108.0
Script duration 664.0
Run total estimated duration= 665.000
script duration name:unknown400_120 seconds:556.0
loading script "jan_unknown400_120.py"
loading script "jan_pump_ms.py"
loading script "jan_sniffair_x2.py"
loading script "jan_pump_extraction_line.py"
testing...
no interpolation path defined
calculate duration
testing...
no interpolation path defined
executed 0
calculate duration
testing...
no interpolation path defined
executed 0
calculate duration
testing...
no interpolation path defined
executed 32.0
calculate duration
testing...
no interpolation path defined
executed 34.0
calculate duration
testing...
no interpolation path defined
executed 4.0
calculate duration
testing...
no interpolation path defined
executed 36.0
calculate duration
testing...
no interpolation path defined
executed 34.0
calculate duration
testing...
no interpolation path defined
executed 4.0
calculate duration
testing...
no interpolation path defined
executed 36.0
calculate duration
testing...
no interpolation path defined
executed 70.0
executed 250.0
script duration name:sniffair_x2 seconds:250.0
Script duration 806.0
Run total estimated duration= 807.000
script duration name:unknown120_60 seconds:214.0
script duration name:cocktail_x1 seconds:108.0
Script duration 322.0
Run total estimated duration= 323.000
ic_peak_hop3 in script context. using previous estimated duration
script duration name:ic_peak_hop3 seconds:134.0
air_x1 in script context. using previous estimated duration
script duration name:air_x1 seconds:106.0
Script duration 240.0
Run total estimated duration= 241.000
script duration name:unknown120_60 seconds:214.0
script duration name:co2 seconds:0.0
Script duration 214.0
Run total estimated duration= 215.000
script duration name:unknown120_60 seconds:214.0
script duration name:co2 seconds:0.0
Script duration 214.0
Run total estimated duration= 215.000
script duration name:unknown120_60 seconds:214.0
script duration name:co2 seconds:0.0
Script duration 214.0
Run total estimated duration= 215.000
script duration name:unknown120_60 seconds:214.0
script duration name:co2 seconds:0.0
Script duration 214.0
Run total estimated duration= 215.000
script duration name:unknown120_60 seconds:214.0
script duration name:co2 seconds:0.0
Script duration 214.0
Run total estimated duration= 215.000
script duration name:unknown120_60 seconds:214.0
script duration name:co2 seconds:0.0
Script duration 214.0
Run total estimated duration= 215.000
script duration name:unknown120_60 seconds:214.0
script duration name:co2 seconds:0.0
Script duration 214.0
Run total estimated duration= 215.000
script duration name:unknown120_60 seconds:214.0
script duration name:co2 seconds:0.0
Script duration 214.0
Run total estimated duration= 215.000
script duration name:unknown120_60 seconds:214.0
script duration name:co2 seconds:0.0
Script duration 214.0
Run total estimated duration= 215.000
script duration name:unknown120_60 seconds:214.0
script duration name:co2 seconds:0.0
Script duration 214.0
Run total estimated duration= 215.000
script duration name:unknown120_60 seconds:214.0
script duration name:co2 seconds:0.0
Script duration 214.0
Run total estimated duration= 215.000
script duration name:unknown120_60 seconds:214.0
script duration name:co2 seconds:0.0
Script duration 214.0
Run total estimated duration= 215.000
script duration name:unknown120_60 seconds:214.0
script duration name:co2 seconds:0.0
Script duration 214.0
Run total estimated duration= 215.000
script duration name:unknown120_60 seconds:214.0
script duration name:co2 seconds:0.0
Script duration 214.0
Run total estimated duration= 215.000
script duration name:unknown120_60 seconds:214.0
script duration name:co2 seconds:0.0
Script duration 214.0
Run total estimated duration= 215.000
script duration name:unknown120_60 seconds:214.0
script duration name:co2 seconds:0.0
Script duration 214.0
Run total estimated duration= 215.000
script duration name:unknown400_120 seconds:556.0
script duration name:co2 seconds:0.0
Script duration 556.0
Run total estimated duration= 557.000
script duration name:unknown120_60 seconds:214.0
script duration name:co2 seconds:0.0
Script duration 214.0
Run total estimated duration= 215.000
script duration name:unknown120_60 seconds:214.0
script duration name:co2 seconds:0.0
Script duration 214.0
Run total estimated duration= 215.000
script duration name:unknown120_60 seconds:214.0
script duration name:co2 seconds:0.0
Script duration 214.0
Run total estimated duration= 215.000
script duration name:unknown120_60 seconds:214.0
script duration name:co2 seconds:0.0
Script duration 214.0
Run total estimated duration= 215.000
script duration name:unknown120_60 seconds:214.0
script duration name:co2 seconds:0.0
Script duration 214.0
Run total estimated duration= 215.000
script duration name:unknown120_60 seconds:214.0
script duration name:co2 seconds:0.0
Script duration 214.0
Run total estimated duration= 215.000
script duration name:unknown120_60 seconds:214.0
script duration name:co2 seconds:0.0
Script duration 214.0
Run total estimated duration= 215.000
script duration name:unknown120_60 seconds:214.0
script duration name:co2 seconds:0.0
Script duration 214.0
Run total estimated duration= 215.000
script duration name:unknown120_60 seconds:214.0
script duration name:co2 seconds:0.0
Script duration 214.0
Run total estimated duration= 215.000
script duration name:unknown120_60 seconds:214.0
script duration name:co2 seconds:0.0
Script duration 214.0
Run total estimated duration= 215.000
script duration name:unknown120_60 seconds:214.0
script duration name:co2 seconds:0.0
Script duration 214.0
Run total estimated duration= 215.000
script duration name:unknown120_60 seconds:214.0
script duration name:co2 seconds:0.0
Script duration 214.0
Run total estimated duration= 215.000
script duration name:unknown120_60 seconds:214.0
script duration name:co2 seconds:0.0
Script duration 214.0
Run total estimated duration= 215.000
script duration name:unknown120_60 seconds:214.0
script duration name:co2 seconds:0.0
Script duration 214.0
Run total estimated duration= 215.000
script duration name:unknown120_60 seconds:214.0
script duration name:co2 seconds:0.0
Script duration 214.0
Run total estimated duration= 215.000
script duration name:unknown120_60 seconds:214.0
script duration name:co2 seconds:0.0
Script duration 214.0
Run total estimated duration= 215.000
script duration name:unknown120_60 seconds:214.0
script duration name:co2 seconds:0.0
Script duration 214.0
Run total estimated duration= 215.000
script duration name:unknown120_60 seconds:214.0
script duration name:co2 seconds:0.0
Script duration 214.0
Run total estimated duration= 215.000
script duration name:unknown120_60 seconds:214.0
script duration name:co2 seconds:0.0
Script duration 214.0
Run total estimated duration= 215.000
script duration name:unknown400_120 seconds:556.0
script duration name:co2 seconds:0.0
Script duration 556.0
Run total estimated duration= 557.000
script duration name:unknown400_120 seconds:556.0
script duration name:cocktail_x1 seconds:108.0
Script duration 664.0
Run total estimated duration= 665.000
script duration name:unknown120_60 seconds:214.0
script duration name:cocktail_x1 seconds:108.0
Script duration 322.0
Run total estimated duration= 323.000
script duration name:ic_peak_hop3 seconds:134.0
script duration name:air_x1 seconds:106.0
Script duration 240.0
Run total estimated duration= 241.000
script duration name:unknown120_60 seconds:214.0
script duration name:co2 seconds:0.0
Script duration 214.0
Run total estimated duration= 215.000
script duration name:unknown120_60 seconds:214.0
script duration name:co2 seconds:0.0
Script duration 214.0
Run total estimated duration= 215.000
script duration name:unknown120_60 seconds:214.0
script duration name:co2 seconds:0.0
Script duration 214.0
Run total estimated duration= 215.000
script duration name:unknown400_120 seconds:556.0
sniffair_x2 in script context. using previous estimated duration
script duration name:sniffair_x2 seconds:250.0
Script duration 806.0
Run total estimated duration= 807.000
script duration name:unknown400_120 seconds:556.0
script duration name:sniffair_x2 seconds:250.0
Script duration 806.0
Run total estimated duration= 807.000
script duration name:unknown120_60 seconds:214.0
script duration name:co2 seconds:0.0
Script duration 214.0
Run total estimated duration= 215.000
script duration name:unknown120_60 seconds:214.0
script duration name:co2 seconds:0.0
Script duration 214.0
Run total estimated duration= 215.000
script duration name:unknown120_60 seconds:214.0
script duration name:co2 seconds:0.0
Script duration 214.0
Run total estimated duration= 215.000
script duration name:unknown120_60 seconds:214.0
script duration name:co2 seconds:0.0
Script duration 214.0
Run total estimated duration= 215.000
script duration name:unknown120_60 seconds:214.0
script duration name:co2 seconds:0.0
Script duration 214.0
Run total estimated duration= 215.000
script duration name:unknown120_60 seconds:214.0
script duration name:co2 seconds:0.0
Script duration 214.0
Run total estimated duration= 215.000
script duration name:unknown120_60 seconds:214.0
script duration name:co2 seconds:0.0
Script duration 214.0
Run total estimated duration= 215.000
script duration name:unknown120_60 seconds:214.0
script duration name:co2 seconds:0.0
Script duration 214.0
Run total estimated duration= 215.000
script duration name:unknown120_60 seconds:214.0
script duration name:co2 seconds:0.0
Script duration 214.0
Run total estimated duration= 215.000
script duration name:unknown120_60 seconds:214.0
script duration name:co2 seconds:0.0
Script duration 214.0
Run total estimated duration= 215.000
script duration name:unknown120_60 seconds:214.0
script duration name:co2 seconds:0.0
Script duration 214.0
Run total estimated duration= 215.000
script duration name:unknown120_60 seconds:214.0
script duration name:co2 seconds:0.0
Script duration 214.0
Run total estimated duration= 215.000
script duration name:unknown120_60 seconds:214.0
script duration name:co2 seconds:0.0
Script duration 214.0
Run total estimated duration= 215.000
script duration name:unknown120_60 seconds:214.0
script duration name:co2 seconds:0.0
Script duration 214.0
Run total estimated duration= 215.000
script duration name:unknown120_60 seconds:214.0
script duration name:co2 seconds:0.0
Script duration 214.0
Run total estimated duration= 215.000
script duration name:unknown120_60 seconds:214.0
script duration name:co2 seconds:0.0
Script duration 214.0
Run total estimated duration= 215.000
script duration name:unknown120_60 seconds:214.0
script duration name:co2 seconds:0.0
Script duration 214.0
Run total estimated duration= 215.000
script duration name:unknown120_60 seconds:214.0
script duration name:co2 seconds:0.0
Script duration 214.0
Run total estimated duration= 215.000
script duration name:unknown400_120 seconds:556.0
script duration name:co2 seconds:0.0
Script duration 556.0
Run total estimated duration= 557.000
script duration name:unknown400_120 seconds:556.0
script duration name:cocktail_x1 seconds:108.0
Script duration 664.0
Run total estimated duration= 665.000
script duration name:unknown120_60 seconds:214.0
script duration name:cocktail_x1 seconds:108.0
Script duration 322.0
Run total estimated duration= 323.000
script duration name:unknown400_120 seconds:556.0
script duration name:sniffair_x2 seconds:250.0
Script duration 806.0
Run total estimated duration= 807.000
script duration name:unknown400_120 seconds:556.0
script duration name:sniffair_x2 seconds:250.0
Script duration 806.0
Run total estimated duration= 807.000
script duration name:ic_peak_hop3 seconds:134.0
script duration name:air_x1 seconds:106.0
Script duration 240.0
Run total estimated duration= 241.000
script duration name:unknown120_60 seconds:214.0
script duration name:co2 seconds:0.0
Script duration 214.0
Run total estimated duration= 215.000
script duration name:unknown120_60 seconds:214.0
script duration name:co2 seconds:0.0
Script duration 214.0
Run total estimated duration= 215.000
script duration name:unknown120_60 seconds:214.0
script duration name:co2 seconds:0.0
Script duration 214.0
Run total estimated duration= 215.000
script duration name:unknown120_60 seconds:214.0
script duration name:co2 seconds:0.0
Script duration 214.0
Run total estimated duration= 215.000
script duration name:unknown120_60 seconds:214.0
script duration name:co2 seconds:0.0
Script duration 214.0
Run total estimated duration= 215.000
script duration name:unknown120_60 seconds:214.0
script duration name:co2 seconds:0.0
Script duration 214.0
Run total estimated duration= 215.000
script duration name:unknown120_60 seconds:214.0
script duration name:co2 seconds:0.0
Script duration 214.0
Run total estimated duration= 215.000
script duration name:unknown120_60 seconds:214.0
script duration name:co2 seconds:0.0
Script duration 214.0
Run total estimated duration= 215.000
script duration name:unknown120_60 seconds:214.0
script duration name:co2 seconds:0.0
Script duration 214.0
Run total estimated duration= 215.000
script duration name:unknown120_60 seconds:214.0
script duration name:co2 seconds:0.0
Script duration 214.0
Run total estimated duration= 215.000
script duration name:unknown120_60 seconds:214.0
script duration name:co2 seconds:0.0
Script duration 214.0
Run total estimated duration= 215.000
script duration name:unknown120_60 seconds:214.0
script duration name:co2 seconds:0.0
Script duration 214.0
Run total estimated duration= 215.000
script duration name:unknown120_60 seconds:214.0
script duration name:co2 seconds:0.0
Script duration 214.0
Run total estimated duration= 215.000
script duration name:unknown120_60 seconds:214.0
script duration name:co2 seconds:0.0
Script duration 214.0
Run total estimated duration= 215.000
script duration name:unknown120_60 seconds:214.0
script duration name:co2 seconds:0.0
Script duration 214.0
Run total estimated duration= 215.000
script duration name:unknown400_120 seconds:556.0
script duration name:co2 seconds:0.0
Script duration 556.0
Run total estimated duration= 557.000
script duration name:unknown400_120 seconds:556.0
script duration name:cocktail_x1 seconds:108.0
Script duration 664.0
Run total estimated duration= 665.000
script duration name:unknown120_60 seconds:214.0
script duration name:cocktail_x1 seconds:108.0
Script duration 322.0
Run total estimated duration= 323.000
script duration name:ic_peak_hop3 seconds:134.0
script duration name:air_x1 seconds:106.0
Script duration 240.0
Run total estimated duration= 241.000
script duration name:unknown120_60 seconds:214.0
script duration name:co2 seconds:0.0
Script duration 214.0
Run total estimated duration= 215.000
script duration name:unknown120_60 seconds:214.0
script duration name:co2 seconds:0.0
Script duration 214.0
Run total estimated duration= 215.000
script duration name:unknown120_60 seconds:214.0
script duration name:co2 seconds:0.0
Script duration 214.0
Run total estimated duration= 215.000
script duration name:unknown120_60 seconds:214.0
script duration name:co2 seconds:0.0
Script duration 214.0
Run total estimated duration= 215.000
script duration name:unknown120_60 seconds:214.0
script duration name:co2 seconds:0.0
Script duration 214.0
Run total estimated duration= 215.000
script duration name:unknown120_60 seconds:214.0
script duration name:co2 seconds:0.0
Script duration 214.0
Run total estimated duration= 215.000
script duration name:unknown120_60 seconds:214.0
script duration name:co2 seconds:0.0
Script duration 214.0
Run total estimated duration= 215.000
script duration name:unknown120_60 seconds:214.0
script duration name:co2 seconds:0.0
Script duration 214.0
Run total estimated duration= 215.000
script duration name:unknown120_60 seconds:214.0
script duration name:co2 seconds:0.0
Script duration 214.0
Run total estimated duration= 215.000
script duration name:unknown120_60 seconds:214.0
script duration name:co2 seconds:0.0
Script duration 214.0
Run total estimated duration= 215.000
script duration name:unknown400_120 seconds:556.0
script duration name:sniffair_x2 seconds:250.0
Script duration 806.0
Run total estimated duration= 807.000
script duration name:unknown400_120 seconds:556.0
script duration name:sniffair_x2 seconds:250.0
Script duration 806.0
Run total estimated duration= 807.000
script duration name:unknown400_120 seconds:556.0
script duration name:co2 seconds:0.0
Script duration 556.0
Run total estimated duration= 557.000
nruns=131 before=5.0, run_dur=37173.0, btw=5850.0
write rem/ex queues
/Users/jan/PychronDev/experiments/rem/CurrentExperiment.rem.txt
/Users/jan/PychronDev/experiments/rem/CurrentExperiment.ex.txt
doing event level: 3
