do run
loading script "jan_unknown120_60.py"
loading script "jan_pump_ms.py"
loading script "jan_co2.py"
loading script "jan_pump_extraction_line.py"
testing...
no interpolation path defined
executed 213.652928
script duration name:unknown120_60 seconds:214.0
loading script "jan_unknown120_60.py"
loading script "jan_pump_ms.py"
loading script "jan_co2.py"
loading script "jan_pump_extraction_line.py"
testing...
no interpolation path defined
executed 0
loading script "jan_unknown120_60.py"
loading script "jan_pump_ms.py"
loading script "jan_co2.py"
loading script "jan_pump_extraction_line.py"
testing...
no interpolation path defined
calculate duration
testing...
no interpolation path defined
executed 0
calculate duration
testing...
no interpolation path defined
executed 0
executed 0.0
script duration name:co2 seconds:0.0
loading script "jan_unknown120_60.py"
loading script "jan_pump_ms.py"
loading script "jan_co2.py"
loading script "jan_pump_extraction_line.py"
testing...
no interpolation path defined
calculate duration
testing...
no interpolation path defined
executed 4.0
executed 4.0
Script duration 214.0
Run total estimated duration= 215.000
run duration: 0:03:35
doing event level: 2
23:49:38 -- Setting default integration. t=1.048576
setting integration time = 1.048576
SetIntegrationTime 1.048576 ===>> OK
----------------- start -----------------
**************** Experiment Type: Ar/Ar, Ar/Ar
create new session 5004766384
close session 5004766384
$$$$$ Clearing conditionals
adding conditionals 
Add queue conditionals
add default conditionals
adding default conditionals from /Users/jan/PychronDev/setupfiles/spectrometer/default_conditionals.yaml
Start automated run 65569-28
loading script "jan_unknown120_60.py"
loading script "jan_pump_ms.py"
loading script "jan_co2.py"
loading script "jan_pump_extraction_line.py"
%%%%%%%%%%%%%%%%%% setting automated run 65569-28
No value "sensitivity_multiplier" in metadata
$$$$$$$$$$$$$$$ auto_save_detector_ic=False
============================= Pre Extraction Check =============================
loading queue conditionals pre_run_terminations
loading system conditionals pre_run_terminations
loading conditionals from /Users/jan/PychronDev/setupfiles/spectrometer/default_conditionals.yaml
23:49:38 -- ******* Pre Extraction Check *******
Get a measurement from the spectrometer
GetData ===>> H2,-0.270635439979062,H1,0.0250267100781577,AX,-0.0372077859510092,L1,0.0192410180387069,L2,0.083...
Pre Extraction Termination data. keys=H2,H1,AX,L1,L2,CDD, signals=-0.27064,0.02503,-0.03721,0.01924,0.08385,0.00179
23:49:38 -- testing system defined conditionals
Checking default pre extraction terminations n=2
testing CDD
evaluate ot="CDD.inactive" t="CDD", ctx="{'CDD': False}"
GetDeflection CDD ===>> 50
testing CDD==2000
evaluate ot="CDD.deflection==2000" t="CDD==2000", ctx="{'CDD': 50.0}"
23:49:38 -- ******* Pre Extraction Check Passed *******
=================================================================================
23:49:38 -- stopping status monitor
stop 4976489392
Alive clients [4984697584]
23:49:38 -- starting status monitor
start 4976489392
Monitor already running
start extraction
do extraction
Analysis started at 23:49:38.393979
Extraction Started jan_co2.py
23:49:38 -- ******* Extraction Started jan_co2.py *******
state changed from not run to extraction
DO EXTRACTION <pychron.extraction_line.pyscript_runner.RemotePyScriptRunner object at 0x12988f3b0>
testing...
no interpolation path defined
calculate duration
testing...
no interpolation path defined
executed 0
calculate duration
testing...
no interpolation path defined
executed 0
executed 100.0
Jan CO2 laser analysis
doing GOSUB
testing...
no interpolation path defined
executed 0
Waiting for CO2 access
wait ('FelixCO2Flag', 0) {}
waiting for FelixCO2Flag = 0
Read FelixCO2Flag ===>> 0
finished waiting
CO2 free
wait ('CO2PumpTimeFlag', 0) {}
waiting for CO2PumpTimeFlag = 0
Read CO2PumpTimeFlag ===>> 0
finished waiting
acquire ('JanCO2Flag',) {'clear': True}
acquire JanCO2Flag
Set JanCO2Flag 1 ===>> OK
JanCO2Flag acquired
set extraction state False (0.75, 'red', 1.5)
CO2 acquired
executed 0
WaitForCO2Access.py completed successfully
gosub finished
doing GOSUB
testing...
no interpolation path defined
executed 0
Prepare for CO2 analysis
close () {'description': 'Jan Inlet'}
closing name=--- desc=Jan Inlet
checking ownership. requestor=129.138.12.150
check software interlocks R
interlocks []
actuate state mode=None-script, software_lock=False
doing actuation None-script close_channel False
Close R ===>> OK
GetIndicatorState R ===>> False
change switch state (True, True)
update switch state R False args=() kw={} ncanvase=2
23:49:38 -- CLOSE  VALVE-R (Jan Inlet)
---------------------------------------- close None (Jan Inlet) result=[(True, True)]
action=close, ok=True, locked=[False]
open () {'description': 'Jan Ion Pump'}
opening name=--- desc=Jan Ion Pump
checking ownership. requestor=129.138.12.150
check software interlocks O
interlocks []
actuate state mode=None-script, software_lock=False
doing actuation None-script open_channel False
Open O ===>> OK
GetIndicatorState O ===>> OK
change switch state (True, True)
update switch state O True args=() kw={} ncanvase=2
23:49:39 -- OPEN   VALVE-O (Jan Ion Pump)
---------------------------------------- open None (Jan Ion Pump) result=[(True, True)], time=0.10 sec
action=open, ok=True, locked=[False]
close () {'description': 'Microbone to Minibone'}
closing name=--- desc=Microbone to Minibone
checking ownership. requestor=129.138.12.150
check software interlocks L
interlocks []
actuate state mode=None-script, software_lock=False
doing actuation None-script close_channel False
Close L ===>> OK
GetIndicatorState L ===>> False
change switch state (True, True)
update switch state L False args=() kw={} ncanvase=2
23:49:39 -- CLOSE  VALVE-L (Microbone to Minibone)
---------------------------------------- close None (Microbone to Minibone) result=[(True, True)]
action=close, ok=True, locked=[False]
open () {'description': 'Microbone to Turbo'}
opening name=--- desc=Microbone to Turbo
checking ownership. requestor=129.138.12.150
check software interlocks U
interlocks []
actuate state mode=None-script, software_lock=False
doing actuation None-script open_channel False
Open U ===>> OK
GetIndicatorState U ===>> OK
change switch state (True, True)
update switch state U True args=() kw={} ncanvase=2
23:49:40 -- OPEN   VALVE-U (Microbone to Turbo)
---------------------------------------- open None (Microbone to Turbo) result=[(True, True)], time=0.13 sec
action=open, ok=True, locked=[False]
open () {'description': 'Microbone to Inlet Pipette'}
opening name=--- desc=Microbone to Inlet Pipette
checking ownership. requestor=129.138.12.150
check software interlocks S
interlocks []
actuate state mode=None-script, software_lock=False
doing actuation None-script open_channel False
Open S ===>> OK
GetIndicatorState S ===>> OK
change switch state (True, True)
update switch state S True args=() kw={} ncanvase=2
23:49:40 -- OPEN   VALVE-S (Microbone to Inlet Pipette)
---------------------------------------- open None (Microbone to Inlet Pipette) result=[(True, True)], time=0.41 sec
Get Checksum: -1965264452
action=open, ok=True, locked=[False]
open () {'description': 'Microbone to Getter D-50'}
opening name=--- desc=Microbone to Getter D-50
checking ownership. requestor=129.138.12.150
check software interlocks K
interlocks []
actuate state mode=None-script, software_lock=False
doing actuation None-script open_channel False
Open K ===>> OK
GetIndicatorState K ===>> OK
change switch state (True, True)
update switch state K True args=() kw={} ncanvase=2
23:49:41 -- OPEN   VALVE-K (Microbone to Getter D-50)
---------------------------------------- open None (Microbone to Getter D-50) result=[(True, True)], time=0.41 sec
action=open, ok=True, locked=[False]
open () {'description': 'Microbone to Getter NP-10'}
opening name=--- desc=Microbone to Getter NP-10
checking ownership. requestor=129.138.12.150
check software interlocks M
interlocks []
actuate state mode=None-script, software_lock=False
doing actuation None-script open_channel False
Open M ===>> OK
GetIndicatorState M ===>> OK
change switch state (True, True)
update switch state M True args=() kw={} ncanvase=2
23:49:42 -- OPEN   VALVE-M (Microbone to Getter NP-10)
---------------------------------------- open None (Microbone to Getter NP-10) result=[(True, True)], time=0.16 sec
action=open, ok=True, locked=[False]
close () {'description': 'CO2 Laser to Felix'}
closing name=--- desc=CO2 Laser to Felix
checking ownership. requestor=129.138.12.150
check software interlocks F
interlocks []
actuate state mode=None-script, software_lock=True
VALVE-F(CO2 Laser to Felix) software locked
change switch state (True, False)
---------------------------------------- close None (CO2 Laser to Felix) result=[(True, False)]
action=close, ok=True, locked=[True]
open () {'description': 'CO2 Laser to Jan'}
opening name=--- desc=CO2 Laser to Jan
checking ownership. requestor=129.138.12.150
check software interlocks A
interlocks []
actuate state mode=None-script, software_lock=False
doing actuation None-script open_channel False
Open A ===>> OK
GetIndicatorState A ===>> OK
change switch state (True, True)
update switch state A True args=() kw={} ncanvase=2
23:49:42 -- OPEN   VALVE-A (CO2 Laser to Jan)
---------------------------------------- open None (CO2 Laser to Jan) result=[(True, True)], time=0.12 sec
action=open, ok=True, locked=[False]
open () {'description': 'Microbone to CO2 Laser'}
opening name=--- desc=Microbone to CO2 Laser
checking ownership. requestor=129.138.12.150
check software interlocks T
interlocks []
actuate state mode=None-script, software_lock=False
doing actuation None-script open_channel False
Open T ===>> OK
GetIndicatorState T ===>> OK
change switch state (True, True)
update switch state T True args=() kw={} ncanvase=2
23:49:43 -- OPEN   VALVE-T (Microbone to CO2 Laser)
---------------------------------------- open None (Microbone to CO2 Laser) result=[(True, True)], time=0.42 sec
action=open, ok=True, locked=[False]
executed 0
PrepareForCO2Analysis.py completed successfully
gosub finished
set_motor ('beam', '1.25') {}
setting motor "beam" to 1.25
set motor beam to 1.25
SetMotor beam,1.25 ===>> OK
Get Checksum: -1965264452
GetMotorMoving beam ===>> False
GetMotorMoving beam ===>> False
Block completed
move_to_position ('177',) {'autocenter': True}
FusionsCO2 move to position 177
sending GoToHole 177,True
GoToHole 177,True ===>> OK
GetDriveMoving ===>> OK
GetDriveMoving ===>> OK
GetDriveMoving ===>> OK
GetDriveMoving ===>> OK
GetDriveMoving ===>> OK
GetDriveMoving ===>> OK
GetDriveMoving ===>> False
GetDriveMoving ===>> OK
Get Checksum: -1965264452
GetDriveMoving ===>> OK
GetDriveMoving ===>> OK
GetDriveMoving ===>> OK
GetDriveMoving ===>> OK
GetDriveMoving ===>> OK
GetDriveMoving ===>> OK
GetDriveMoving ===>> OK
GetDriveMoving ===>> OK
GetDriveMoving ===>> OK
GetDriveMoving ===>> OK
GetDriveMoving ===>> OK
GetDriveMoving ===>> OK
Get Checksum: -1965264452
GetDriveMoving ===>> OK
GetDriveMoving ===>> OK
GetDriveMoving ===>> OK
GetDriveMoving ===>> OK
GetDriveMoving ===>> OK
GetDriveMoving ===>> OK
GetDriveMoving ===>> False
Block completed
GetAutoCorrecting ===>> False
GetAutoCorrecting ===>> False
Block completed
update position
GetPosition ===>> 1.99390,-7.97560,1.00000
got position (1.9939, -7.9756, 1.0)
move to position succeeded
sleep (5,) {}
SLEEP 5.0
block started
WaitControl setup for 5.0  
Get Checksum: -1965264452
Get Checksum: -1965264452
Join finished
block finished. duration 5.01736116409
close () {'description': 'Microbone to Turbo'}
closing name=--- desc=Microbone to Turbo
checking ownership. requestor=129.138.12.150
check software interlocks U
interlocks []
actuate state mode=None-script, software_lock=False
doing actuation None-script close_channel True
Close U ===>> OK
GetIndicatorState U ===>> False
change switch state (True, True)
update switch state U False args=() kw={} ncanvase=2
23:49:58 -- CLOSE  VALVE-U (Microbone to Turbo)
---------------------------------------- close None (Microbone to Turbo) result=[(True, True)]
action=close, ok=True, locked=[False]
enable laser
enable () {}
set extraction state FusionsCO2 Enabled (False, 'red', 1.5)
enabling laser
Enable ===>> OK
begin interval
BEGIN INTERVAL Interval 1 waiting for 30.0
block started
set extract to 5.0
WaitControl setup for 30.0  
extract (5.0,) {}
GetPosition ===>> 1.99390,-7.97560,1.00000
set extraction state FusionsCO2 ON! 5.0(watts) (0.75, 'red', 1.5)
extract sample to 5.0 (watts)
set laser output
SetLaserOutput 5.0,watts ===>> OK
executing pattern triangle.lp
execute_pattern ('triangle.lp',) {}
executing pattern triangle.lp
Get Checksum: 1551197106
IsPatterning ===>> OK
IsPatterning ===>> OK
Get Checksum: 1551197106
IsPatterning ===>> OK
IsPatterning ===>> OK
IsPatterning ===>> OK
Get Checksum: 1551197106
IsPatterning ===>> OK
IsPatterning ===>> OK
IsPatterning ===>> OK
Get Checksum: 1551197106
IsPatterning ===>> OK
IsPatterning ===>> OK
IsPatterning ===>> OK
Get Checksum: 1551197106
IsPatterning ===>> OK
IsPatterning ===>> OK
IsPatterning ===>> OK
Get Checksum: 1551197106
IsPatterning ===>> OK
IsPatterning ===>> OK
IsPatterning ===>> OK
Get Checksum: 1551197106
IsPatterning ===>> OK
IsPatterning ===>> OK
IsPatterning ===>> OK
Get Checksum: 1551197106
IsPatterning ===>> OK
IsPatterning ===>> OK
IsPatterning ===>> OK
Get Checksum: 1551197106
IsPatterning ===>> OK
IsPatterning ===>> OK
IsPatterning ===>> OK
Get Checksum: 1551197106
IsPatterning ===>> False
IsPatterning ===>> False
Block completed
COMPLETE INTERVAL waiting for Interval 1 to complete
Join finished
block finished. duration 30.0720920563
Interval 1 finished
end_extract () {}
ending extraction. set laser power to 0
set laser power 0
SetLaserPower 0 ===>> OK
disable () {}
%%%%%%%%%%%%%%%%%%%%%%%%%%%%%%%%%%% disable
set extraction state False (0.75, 'red', 1.5)
disabling laser
Disable ===>> OK
sleep (30.0,) {}
SLEEP 30.0
block started
WaitControl setup for 30.0  
Get Checksum: 1551197106
Get Checksum: 1551197106
Get Checksum: 1551197106
Get Checksum: 1551197106
Get Checksum: 1551197106
Get Checksum: 1551197106
Get Checksum: 1551197106
Get Checksum: 1551197106
Get Checksum: 1551197106
Get Checksum: 1551197106
Join finished
block finished. duration 30.0674359798
executed 166.5
jan_co2.py completed successfully
GetAchievedOutput ===>> No Response
Requested Output= 0.000
Achieved Output=  0.000
GetResponseBlob ===>> No Response
GetOutputBlob ===>> No Response
persistence save...
persistence save - db
AutomatedRunPersister post_extraction_save deprecated
persistence save - dvc
no extraction position for 177
create new session 4984345712
close session 4984345712
Extraction Finished
23:50:59 -- ******* Extraction Finished *******
no overlap. not waiting for min ms pumptime
23:50:59 -- Sending spectrometer configuration
======== Sending configuration ========
SetDeflection CDD,50.0 ===>> OK
SetDeflection H2,0.0 ===>> OK
SetDeflection H1,0.0 ===>> OK
SetDeflection L2,825.0 ===>> OK
SetDeflection L1,400.0 ===>> OK
SetDeflection AX,190.0 ===>> OK
SetZFocus 74.64 ===>> OK
SetZSymmetry -50.72 ===>> OK
SetExtractionLens 26.13 ===>> OK
SetIonRepeller -3.81 ===>> OK
SetElectronEnergy 75.08 ===>> OK
SetYSymmetry -2.81 ===>> OK
SetIonCounterVoltage 1590.0 ===>> OK
send trap current 200.0
GetParameter Trap Current Readback ===>> 198.147042666178
SetParameter Trap Current Set,200.0 ===>> OK
updating mftable name mftable
Using mftable located at /Users/jan/PychronDev/setupfiles/spectrometer/mftables/mftable.csv
============ MFtable ===========
Isotope  H2     H1     AX     L1     L2     CDD    
Ar40     5.7802 5.8788 5.9921 6.1201 6.2305 6.3484
Ar39     5.6795 5.7711 5.8846 6.0062 6.1156 6.2349
Ar36     5.3570 5.4401 5.5479 5.6651 5.7706 5.8860
================================
get initial guess parabolic
get initial guess parabolic
get initial guess parabolic
get initial guess parabolic
get initial guess parabolic
get initial guess parabolic
======== Configuration Finished ========
GetYSymmetry ===>> -2.81
GetZSymmetry ===>> -50.72
GetParameter Trap Current Readback ===>> 198.035158395898
GetHighVoltage ===>> 4500
start measurement
do measurement
L#=65569 analysis type=unknown
Measurement Started jan_unknown120_60.py
23:50:59 -- ******* Measurement Started jan_unknown120_60.py *******
state changed from extraction to measurement
setting spec, defl, and gains
GetExtractionLens ===>> 26.13
GetYSymmetry ===>> -2.81
GetZSymmetry ===>> -50.72
GetZFocus ===>> 74.64
GetDeflection H2 ===>> 0
GetDeflection H1 ===>> 0
GetDeflection AX ===>> 190
GetDeflection L1 ===>> 400
GetDeflection L2 ===>> 825
GetDeflection CDD ===>> 50
GetGain H2 ===>> 0.0113
GetGain H1 ===>> 0.1
GetGain AX ===>> 0.097049
GetGain L1 ===>> 0.010355
GetGain L2 ===>> 0.095649
GetGain CDD ===>> 0
pre measurement save
New frame /Users/jan/PychronDev/data/isotopes/21/b57254-9e0e-474e-a1fa-5d0c48581ac4.h5
flush and close file /Users/jan/PychronDev/data/isotopes/21/b57254-9e0e-474e-a1fa-5d0c48581ac4.h5
testing...
no interpolation path defined
executed 226.132928
unknown measurement script
activate_detectors ('H2', 'H1', 'AX', 'L1', 'L2', 'CDD') {}
activate detectors
*************** Set Analysis View Ar/Ar
create graphs
Get Checksum: 1551197106
clearing graphs
clear isotope group
setting isotope det=H2, iso=PM41
setting isotope det=H1, iso=Ar40
setting isotope det=AX, iso=Ar39
setting isotope det=L1, iso=Ar38
setting isotope det=L2, iso=Ar37
setting isotope det=CDD, iso=Ar36
setting previous blanks
 - setting Ar40 blank 0.871+/-0.007
 - setting Ar36 blank 0.00687+/-0.00022
 - setting Ar37 blank 0.041+/-0.005
 - setting Ar38 blank 0.0207+/-0.0024
 - setting PM41 blank 0.01+/-0.07
 - setting Ar39 blank 0.025+/-0.008
load analysis view
position_magnet ('Ar40',) {'detector': 'H1'}
detector Detector(H1)
POSITION Ar40 H1
setting detector H2 to PM41 (40.9624)
setting detector H1 to Ar40 (39.9624)
setting detector AX to Ar39 (38.9624)
setting detector L1 to Ar38 (37.9624)
setting detector L2 to Ar37 (36.9624)
setting detector CDD to Ar36 (35.9624)
Mapping mass to dac mass func: "parabolic"
H1 map mass coeffs = [-0.00063987  0.15840543  0.57041999]
H1 map mass to dac 39.9624 >> 5.87881
GetDeflection H1 ===>> 0
GetHighVoltage ===>> 4500
positioning Ar40 (5.87881) on H1
setting magnet DAC
current  : 5.878807
requested: 5.878810
Delta Dac: 0.000003
Checking detector protection. dv=0.00000
Checking detector "CDD". Protection Threshold: 0.1 (V)
SetMagnetDAC 5.87881 ===>> OK
Magnet settling time: 0.500
equilibrate () {'delay': 3, 'inlet': 'R', 'outlet': 'O', 'eqtime': 12.0}
Equilibration Started
23:51:01 -- ******* Equilibration Started *******
checking ownership. requestor=129.138.12.150
check software interlocks O
interlocks []
actuate state mode=None-script, software_lock=False
doing actuation None-script close_channel True
Close O ===>> OK
GetIndicatorState O ===>> False
change switch state (True, True)
update switch state O False args=() kw={} ncanvase=2
23:51:01 -- CLOSE  VALVE-O (Jan Ion Pump)
waiting 3s before opening inlet value ('R',)
Get Checksum: -598318598
checking ownership. requestor=129.138.12.150
check software interlocks R
interlocks []
actuate state mode=None-script, software_lock=False
doing actuation None-script open_channel True
Open R ===>> OK
set states for children of R. state=True
handle state [('R', True)]
update switch state R True args=() kw={'refresh': False} ncanvase=2
refresh_canvas_needed fired
GetIndicatorState R ===>> OK
change switch state (True, True)
update switch state R True args=() kw={} ncanvase=2
23:51:04 -- OPEN   VALVE-R (Jan Inlet)
equilibrating for 12.0sec
set_time_zero () {}
sniff (12.0,) {}
py_sniff
build tables- sniff [Detector(H2), Detector(H1), Detector(AX), Detector(L1), Detector(L2), Detector(CDD)]
add group /sniff/PM41 (Group) '' table H2
add group /sniff/Ar40 (Group) '' table H1
add group /sniff/Ar39 (Group) '' table AX
add group /sniff/Ar38 (Group) '' table L1
add group /sniff/Ar37 (Group) '' table L2
add group /sniff/Ar36 (Group) '' table CDD
flush and close file /Users/jan/PychronDev/data/isotopes/21/b57254-9e0e-474e-a1fa-5d0c48581ac4.h5
measuring sniff. ncounts=12.0
starting measurement
GetData ===>> H2,-0.157797422580305,H1,0.257406705083274,AX,0.0242490557943955,L1,-0.012370844431257,L2,-0.0359...
Get Checksum: -1449001502
GetData ===>> H2,0.74527552296015,H1,108.842618473685,AX,25.7210101744499,L1,0.22471296453364,L2,0.361846861212...
GetData ===>> H2,0.84087201066074,H1,240.815173839201,AX,53.1712204709544,L1,0.54769064483441,L2,0.457058754588...
GetData ===>> H2,0.229713963082207,H1,283.596246359937,AX,60.7653640034835,L1,0.695535960599752,L2,0.4207186104...
Get Checksum: -1449001502
GetData ===>> H2,0.00235760670790388,H1,298.011043642384,AX,63.0594214640568,L1,0.78184584689147,L2,0.271941369...
GetData ===>> H2,0.0630019374213782,H1,303.617995749036,AX,64.0535125957697,L1,0.788819831249245,L2,0.317334410...
GetData ===>> H2,0.0050390768658765,H1,305.66964549142,AX,64.3819458939964,L1,0.807478499831529,L2,0.2906984801...
Get Checksum: -1449001502
GetData ===>> H2,-0.0210026703688176,H1,306.670546349431,AX,64.381652607368,L1,0.799200279038465,L2,0.243074744...
GetData ===>> H2,-0.0690747299232565,H1,306.989494503918,AX,64.4967401631834,L1,0.802091610049081,L2,0.30515674...
GetData ===>> H2,0.00206801298681965,H1,307.344321615444,AX,64.5850184656247,L1,0.812341183302369,L2,0.26587233...
Get Checksum: -1449001502
GetData ===>> H2,-0.0209646431621419,H1,307.530758694615,AX,64.6237402692013,L1,0.811954083445476,L2,0.32229950...
Equilibration Finished
23:51:16 -- ******* Equilibration Finished *******
checking ownership. requestor=129.138.12.150
check software interlocks R
interlocks []
actuate state mode=None-script, software_lock=False
doing actuation None-script close_channel True
GetData ===>> H2,-0.110161887442743,H1,307.308596600339,AX,64.6993948365682,L1,0.839927703112401,L2,0.286157188...
Close R ===>> OK
set states for children of R. state=False
handle state [('R', False)]
update switch state R False args=() kw={'refresh': False} ncanvase=2
refresh_canvas_needed fired
GetIndicatorState R ===>> False
change switch state (True, True)
update switch state R False args=() kw={} ncanvase=2
23:51:17 -- CLOSE  VALVE-R (Jan Inlet)
Post Equilibration Started jan_pump_extraction_line.py
23:51:17 -- ******* Post Equilibration Started jan_pump_extraction_line.py *******
testing...
no interpolation path defined
calculate duration
testing...
no interpolation path defined
executed 4.0
executed 4.0
Pump after analysis
doing GOSUB
testing...
no interpolation path defined
executed 4.0
Pump Microbone
close () {'description': 'Jan Inlet'}
closing name=--- desc=Jan Inlet
checking ownership. requestor=129.138.12.150
check software interlocks R
interlocks []
actuate state mode=None-script, software_lock=False
doing actuation None-script close_channel False
Close R ===>> OK
measurement finished
estimated time: 12.583 actual time: :12.657
flush and close file /Users/jan/PychronDev/data/isotopes/21/b57254-9e0e-474e-a1fa-5d0c48581ac4.h5
set_fits () {}
using default fits file=/Users/jan/PychronDev/scripts/measurement/fits/nominal_linear.yaml
set "Ar40" to "('Linear', 'SEM')"
No fit for "PM41". defaulting to linear. check the measurement script "jan_unknown120_60.py"
GetIndicatorState R ===>> False
set "PM41" to "linear"
change switch state (True, True)
set "Ar36" to "('Linear', 'SEM')"
update switch state R False args=() kw={} ncanvase=2
set "Ar37" to "('linear', 'SEM')"
set "Ar38" to "('linear', 'SEM')"
set "Ar39" to "('Linear', 'SEM')"
set_baseline_fits () {}
23:51:17 -- CLOSE  VALVE-R (Jan Inlet)
---------------------------------------- close None (Jan Inlet) result=[(True, True)]
using default fits file=/Users/jan/PychronDev/scripts/measurement/fits/nominal_linear.yaml
set "H1" to "('average', 'SEM')"
set "H2" to "('average', 'SEM')"
set "CDD" to "('average', 'SEM')"
set "L2" to "('average', 'SEM')"
set "L1" to "('average', 'SEM')"
set "AX" to "('average', 'SEM')"
multicollect () {'integration_time': 1, 'ncounts': 120}
build tables- signal [Detector(H2), Detector(H1), Detector(AX), Detector(L1), Detector(L2), Detector(CDD)]
add group /signal/PM41 (Group) '' table H2
add group /signal/Ar40 (Group) '' table H1
add group /signal/Ar39 (Group) '' table AX
add group /signal/Ar38 (Group) '' table L1
add group /signal/Ar37 (Group) '' table L2
add group /signal/Ar36 (Group) '' table CDD
flush and close file /Users/jan/PychronDev/data/isotopes/21/b57254-9e0e-474e-a1fa-5d0c48581ac4.h5
measuring signal. ncounts=120
action=close, ok=True, locked=[False]
is_closed ('F',) {}
is F () closed?
is closed True
open () {'description': 'CO2 Laser to Jan'}
opening name=--- desc=CO2 Laser to Jan
checking ownership. requestor=129.138.12.150
check software interlocks A
interlocks []
actuate state mode=None-script, software_lock=False
doing actuation None-script open_channel False
Open A ===>> OK
GetIndicatorState A ===>> OK
change switch state (True, True)
update switch state A True args=() kw={} ncanvase=2
23:51:18 -- OPEN   VALVE-A (CO2 Laser to Jan)
---------------------------------------- open None (CO2 Laser to Jan) result=[(True, True)], time=0.13 sec
Get Checksum: -598318598
starting measurement
GetData ===>> H2,-0.149796218798428,H1,307.540577073478,AX,64.5991090204385,L1,0.837874701181113,L2,0.288496268...
action=open, ok=True, locked=[False]
sleep (1,) {}
SLEEP 1.0
close () {'description': 'CO2 Laser to Roughing'}
closing name=--- desc=CO2 Laser to Roughing
checking ownership. requestor=129.138.12.150
check software interlocks G
interlocks []
actuate state mode=None-script, software_lock=True
VALVE-G(CO2 Laser to Roughing) software locked
change switch state (True, False)
---------------------------------------- close None (CO2 Laser to Roughing) result=[(True, False)]
action=close, ok=True, locked=[True]
open () {'description': 'Microbone to Turbo'}
opening name=--- desc=Microbone to Turbo
checking ownership. requestor=129.138.12.150
check software interlocks U
interlocks []
actuate state mode=None-script, software_lock=False
doing actuation None-script open_channel True
GetData ===>> H2,-0.134980026600056,H1,307.408344980127,AX,64.6128920535106,L1,0.848190004666258,L2,0.425380549...
Open U ===>> OK
GetIndicatorState U ===>> OK
change switch state (True, True)
update switch state U True args=() kw={} ncanvase=2
23:51:19 -- OPEN   VALVE-U (Microbone to Turbo)
---------------------------------------- open None (Microbone to Turbo) result=[(True, True)], time=0.21 sec
action=open, ok=True, locked=[False]
open () {'description': 'Microbone to Getter NP-10'}
opening name=--- desc=Microbone to Getter NP-10
checking ownership. requestor=129.138.12.150
check software interlocks M
interlocks []
actuate state mode=None-script, software_lock=False
doing actuation None-script open_channel False
Open M ===>> OK
GetIndicatorState M ===>> OK
change switch state (True, True)
update switch state M True args=() kw={} ncanvase=2
23:51:20 -- OPEN   VALVE-M (Microbone to Getter NP-10)
---------------------------------------- open None (Microbone to Getter NP-10) result=[(True, True)], time=0.14 sec
action=open, ok=True, locked=[False]
open () {'description': 'Microbone to Getter D-50'}
opening name=--- desc=Microbone to Getter D-50
checking ownership. requestor=129.138.12.150
check software interlocks K
interlocks []
actuate state mode=None-script, software_lock=False
doing actuation None-script open_channel False
GetData ===>> H2,-0.214946155641443,H1,307.312468331876,AX,64.5302003860375,L1,0.84343735498991,L2,0.2689068051...
Open K ===>> OK
GetIndicatorState K ===>> OK
change switch state (True, True)
update switch state K True args=() kw={} ncanvase=2
23:51:20 -- OPEN   VALVE-K (Microbone to Getter D-50)
---------------------------------------- open None (Microbone to Getter D-50) result=[(True, True)], time=0.42 sec
action=open, ok=True, locked=[False]
open () {'description': 'Microbone to CO2 Laser'}
opening name=--- desc=Microbone to CO2 Laser
checking ownership. requestor=129.138.12.150
check software interlocks T
interlocks []
actuate state mode=None-script, software_lock=False
doing actuation None-script open_channel False
Open T ===>> OK
GetIndicatorState T ===>> OK
change switch state (True, True)
update switch state T True args=() kw={} ncanvase=2
23:51:21 -- OPEN   VALVE-T (Microbone to CO2 Laser)
---------------------------------------- open None (Microbone to CO2 Laser) result=[(True, True)], time=0.42 sec
GetData ===>> H2,-0.0989601557140101,H1,307.003215210758,AX,64.4809009110564,L1,0.864146150771219,L2,0.18176900...
action=open, ok=True, locked=[False]
open () {'description': 'Microbone to Inlet Pipette'}
opening name=--- desc=Microbone to Inlet Pipette
checking ownership. requestor=129.138.12.150
check software interlocks S
interlocks []
actuate state mode=None-script, software_lock=False
doing actuation None-script open_channel False
Open S ===>> OK
GetIndicatorState S ===>> OK
change switch state (True, True)
update switch state S True args=() kw={} ncanvase=2
23:51:22 -- OPEN   VALVE-S (Microbone to Inlet Pipette)
---------------------------------------- open None (Microbone to Inlet Pipette) result=[(True, True)], time=0.41 sec
action=open, ok=True, locked=[False]
sleep (1,) {}
SLEEP 1.0
GetData ===>> H2,-0.200534230223766,H1,307.033953497158,AX,64.3218514465629,L1,0.826694890441177,L2,0.213638071...
set_resource () {'name': 'CO2PumpTimeFlag', 'value': 30}
Set CO2PumpTimeFlag 30 ===>> OK
release ('JanCO2Flag',) {}
release JanCO2Flag
Set JanCO2Flag 0 ===>> OK
executed 6.0
PumpMicrobone.py completed successfully
gosub finished
get_resource_value () {'name': 'JanMiniboneFlag'}
Get Checksum: -860229079
Read JanMiniboneFlag ===>> 0
Get Resource Value JanMiniboneFlag=0.0
get resource value 0.0
get_resource_value () {'name': 'JanMiniboneFlag'}
Read JanMiniboneFlag ===>> 0
Get Resource Value JanMiniboneFlag=0.0
executed 4.0
jan_pump_extraction_line.py completed successfully
Post Equilibration Finished
23:51:23 -- ******* Post Equilibration Finished *******
GetData ===>> H2,-0.181537889512127,H1,306.882093210661,AX,64.2873722328496,L1,0.799502097669875,L2,0.234969911...
GetData ===>> H2,-0.165363410647312,H1,306.540004424678,AX,64.346586487899,L1,0.810480737404027,L2,0.3239888431...
GetData ===>> H2,-0.240762297544064,H1,306.651698682576,AX,64.3244898316213,L1,0.813377682370949,L2,0.366642973...
Get Checksum: -860229079
GetData ===>> H2,-0.22255507554118,H1,306.578121614113,AX,64.3291495669401,L1,0.775615083362663,L2,0.3437836611...
GetData ===>> H2,-0.121857671627789,H1,306.437158913433,AX,64.389957506617,L1,0.817290885511615,L2,0.3217287953...
GetData ===>> H2,-0.15738407123606,H1,306.280129361242,AX,64.3393799713298,L1,0.826913514325931,L2,0.3301642961...
Get Checksum: -860229079
GetData ===>> H2,-0.170955995746318,H1,306.235554597938,AX,64.3381917833379,L1,0.83965153034579,L2,0.3444458422...
GetData ===>> H2,-0.202297631822478,H1,306.098487868293,AX,64.2368586899719,L1,0.832658084785788,L2,0.371587787...
GetData ===>> H2,-0.136874345623676,H1,306.13747261436,AX,64.2021152358681,L1,0.803178248413273,L2,0.2849705543...
Get Checksum: -860229079
GetData ===>> H2,-0.222673604850096,H1,306.008788356292,AX,64.1821404292448,L1,0.790321454175714,L2,0.313008706...
GetData ===>> H2,-0.23650067169682,H1,305.6815523537,AX,64.3554447257249,L1,0.812106424262931,L2,0.164817575462...
GetData ===>> H2,-0.113230777573898,H1,305.647672019848,AX,64.0867141105183,L1,0.831549413782797,L2,0.243280228...
Get Checksum: -860229079
GetData ===>> H2,-0.15635332885824,H1,305.679683391396,AX,63.9946713954829,L1,0.836512919145894,L2,0.3025319531...
GetData ===>> H2,-0.143229698756518,H1,305.723306160178,AX,64.2641107473949,L1,0.824708745158003,L2,0.279619475...
GetData ===>> H2,-0.210101561871767,H1,305.38707329618,AX,64.049704141876,L1,0.822214729670999,L2,0.28594039819...
Get Checksum: -860229079
GetData ===>> H2,-0.245419999057345,H1,305.173496938468,AX,64.0164196351651,L1,0.812652122255819,L2,0.314983212...
GetData ===>> H2,-0.180138629342429,H1,305.167352899512,AX,64.1210937034171,L1,0.837389936483769,L2,0.293300121...
GetData ===>> H2,-0.197315448439875,H1,305.022925563059,AX,64.0861897286923,L1,0.807354933438458,L2,0.175882437...
Get Checksum: -860229079
GetData ===>> H2,-0.185243676577881,H1,304.921499871437,AX,64.0554554130063,L1,0.826947245274125,L2,0.205353149...
23:51:43 -- collecting point 25
GetData ===>> H2,-0.278675030444631,H1,304.651350649016,AX,64.0314189571806,L1,0.827198356855293,L2,0.261640212...
Get Checksum: -860229079
GetData ===>> H2,-0.135243708796572,H1,304.612657791204,AX,63.925320328481,L1,0.767451893863883,L2,0.3053050999...
GetData ===>> H2,-0.141389148235055,H1,304.467392586971,AX,63.9569635914657,L1,0.789528211230886,L2,0.322630525...
GetData ===>> H2,-0.211871554037569,H1,304.546899558323,AX,63.9218237146675,L1,0.77728173862666,L2,0.3343081226...
Get Checksum: -860229079
GetData ===>> H2,-0.12340619239303,H1,304.535620704624,AX,64.0030712388841,L1,0.785498069103119,L2,0.3334062829...
GetData ===>> H2,-0.112909984026848,H1,304.332852762295,AX,63.8014923423112,L1,0.751887630548634,L2,0.270036199...
GetData ===>> H2,-0.155911553429713,H1,304.277085123773,AX,63.8458521298203,L1,0.739464369484328,L2,0.266465533...
Get Checksum: -860229079
GetData ===>> H2,-0.154342908908862,H1,304.008731735782,AX,63.8122266306474,L1,0.777660447704664,L2,0.288017037...
GetData ===>> H2,-0.166108528291741,H1,303.814668485925,AX,63.8654646247503,L1,0.823689586509717,L2,0.277063841...
GetData ===>> H2,-0.120488846831757,H1,303.967569931143,AX,63.8220530592196,L1,0.809080002233955,L2,0.352460879...
Get Checksum: -860229079
GetData ===>> H2,-0.143267533666388,H1,303.62237925089,AX,63.6567915826639,L1,0.826872287758859,L2,0.3186355840...
GetData ===>> H2,-0.204700969758306,H1,303.470071310747,AX,63.6631801854538,L1,0.784531913608903,L2,0.214699415...
GetData ===>> H2,-0.0747505121047371,H1,303.377934572527,AX,63.7545306896578,L1,0.791208311104993,L2,0.31391035...
Get Checksum: -860229079
GetData ===>> H2,-0.175731921700633,H1,303.347809872092,AX,63.858931931449,L1,0.82400056926878,L2,0.19641856075...
GetData ===>> H2,-0.13989702905525,H1,303.098695987455,AX,63.7094800568347,L1,0.808854054479177,L2,0.2609215686...
GetData ===>> H2,-0.0787744525484394,H1,303.441526326074,AX,63.8981792786119,L1,0.770283834597389,L2,0.32731052...
Get Checksum: -860229079
GetData ===>> H2,-0.0720675460890478,H1,303.243024677111,AX,63.6165891222839,L1,0.770747384092252,L2,0.26500536...
GetData ===>> H2,-0.210864012556974,H1,302.854583472283,AX,63.7692948257246,L1,0.808388442708795,L2,0.281764434...
GetData ===>> H2,-0.218660426993962,H1,303.059344412452,AX,63.7449864733819,L1,0.845182618943473,L2,0.331305828...
Get Checksum: -860229079
GetData ===>> H2,-0.0907454384880537,H1,303.064982827501,AX,63.4960127298035,L1,0.816764181159087,L2,0.29738529...
GetData ===>> H2,-0.0703318899643573,H1,302.75773167875,AX,63.4982590628773,L1,0.775084810467284,L2,0.290561553...
GetData ===>> H2,-0.141251297627404,H1,302.564603326345,AX,63.5266954797873,L1,0.768564395020052,L2,0.409030479...
Get Checksum: -860229079
GetData ===>> H2,-0.168115512663978,H1,302.617533616359,AX,63.4111730468456,L1,0.788440718000535,L2,0.366380322...
GetData ===>> H2,-0.173995761439468,H1,302.531972077492,AX,63.5034134680214,L1,0.800464982200024,L2,0.243691196...
Get Checksum: -860229079
GetData ===>> H2,-0.12329394864385,H1,302.315318016152,AX,63.4482489411921,L1,0.808108835935423,L2,0.2517967685...
23:52:09 -- collecting point 50
GetData ===>> H2,-0.146731595528602,H1,302.475439252533,AX,63.3128158330795,L1,0.797034175008819,L2,0.280155710...
GetData ===>> H2,-0.181266686730882,H1,302.506235632463,AX,63.2367632364419,L1,0.795772379715852,L2,0.226397798...
Get Checksum: -860229079
GetData ===>> H2,-0.0898836665694566,H1,302.159967784784,AX,63.4164623612724,L1,0.830268401045735,L2,0.33267568...
GetData ===>> H2,-0.183556189712902,H1,302.061571448031,AX,63.3374641580092,L1,0.812211315949573,L2,0.344925355...
GetData ===>> H2,-0.227709951642125,H1,301.776640301529,AX,63.369373564146,L1,0.744125093003432,L2,0.2342393684...
Get Checksum: -860229079
GetData ===>> H2,-0.153956456692168,H1,301.720759879807,AX,63.2257463995994,L1,0.79490373348569,L2,0.2817073872...
GetData ===>> H2,-0.187185796127981,H1,301.473645777005,AX,63.2927685168304,L1,0.76433926385181,L2,0.3833513038...
GetData ===>> H2,-0.191652754935805,H1,301.486051742929,AX,63.205098127814,L1,0.731721416595426,L2,0.3291711742...
Get Checksum: -860229079
GetData ===>> H2,-0.166911634647074,H1,301.236097533994,AX,63.2162668345362,L1,0.750150919904355,L2,0.292455721...
GetData ===>> H2,-0.131992552602006,H1,301.170921213643,AX,63.2268680149893,L1,0.764907165625969,L2,0.142566245...
GetData ===>> H2,-0.265706762524696,H1,301.215774809198,AX,63.2013805610815,L1,0.776987750244346,L2,0.396201454...
Get Checksum: -860229079
GetData ===>> H2,-0.159252137324057,H1,301.118278529952,AX,63.1403715894282,L1,0.776630241609509,L2,0.304517655...
GetData ===>> H2,-0.148040476038174,H1,301.311865201048,AX,63.1207207669315,L1,0.792508172518487,L2,0.304608952...
GetData ===>> H2,-0.186529019373809,H1,301.223485296135,AX,63.2320152792178,L1,0.808470828270976,L2,0.272751363...
Get Checksum: -860229079
GetData ===>> H2,-0.179864694141997,H1,301.153083606324,AX,63.1534789244681,L1,0.80559021495378,L2,0.2301301687...
GetData ===>> H2,-0.207051244953662,H1,300.482873954969,AX,63.2542046444795,L1,0.814259411691116,L2,0.275181386...
GetData ===>> H2,-0.326772402534241,H1,300.622705234084,AX,63.0520662782282,L1,0.817607919378061,L2,0.291029386...
Get Checksum: -860229079
GetData ===>> H2,-0.240136369203552,H1,300.40051203089,AX,63.0444658487438,L1,0.827999205607577,L2,0.3106690271...
GetData ===>> H2,-0.205643025172476,H1,300.211178893004,AX,63.1053740062886,L1,0.79371711366731,L2,0.3407810698...
GetData ===>> H2,-0.16424969238005,H1,300.22984830899,AX,63.2508698492807,L1,0.746702008994122,L2,0.29268393670...
Get Checksum: -860229079
GetData ===>> H2,-0.110373094807361,H1,300.102232168525,AX,63.1244540390616,L1,0.7426807552554,L2,0.26895243696...
GetData ===>> H2,-0.161704604018648,H1,300.23500799392,AX,62.9666052083123,L1,0.739164671704169,L2,0.2905501430...
Get Checksum: -860229079
GetData ===>> H2,-0.231667429702151,H1,299.947954080488,AX,62.9518645816446,L1,0.786440624173518,L2,0.266727910...
GetData ===>> H2,-0.292082973688538,H1,299.923219455041,AX,62.8861971643497,L1,0.836462948856239,L2,0.215954783...
GetData ===>> H2,-0.23796961047929,H1,299.865619308598,AX,62.867691079562,L1,0.813120421227673,L2,0.24912527900...
Get Checksum: -860229079
23:52:36 -- collecting point 75
GetData ===>> H2,-0.281320058123849,H1,299.957967829384,AX,62.8677524552155,L1,0.753679421751924,L2,0.326979493...
GetData ===>> H2,-0.19870447791365,H1,299.840108575643,AX,62.8080477740202,L1,0.764283222586231,L2,0.3479394940...
GetData ===>> H2,-0.146507355226029,H1,299.492370924079,AX,62.6440838855839,L1,0.806322774154107,L2,0.240848701...
Get Checksum: -860229079
GetData ===>> H2,-0.123047819911044,H1,299.230358105058,AX,62.7640223136275,L1,0.82589164297379,L2,0.2318651426...
GetData ===>> H2,-0.0867936905410202,H1,298.904676156195,AX,62.8290455706544,L1,0.775850491652594,L2,0.35361409...
GetData ===>> H2,-0.119616337788486,H1,299.184439319589,AX,62.6779025358941,L1,0.75424354471498,L2,0.3471288641...
Get Checksum: -860229079
GetData ===>> H2,-0.110427249909243,H1,298.935554485756,AX,62.7464562562889,L1,0.762458932156029,L2,0.359802876...
GetData ===>> H2,-0.09025765108614,H1,298.806473963075,AX,62.7401361304019,L1,0.786370802367565,L2,0.2336343918...
GetData ===>> H2,-0.124308159093585,H1,298.832641575871,AX,62.7451676617469,L1,0.776112062634129,L2,0.236385353...
Get Checksum: -860229079
GetData ===>> H2,-0.146435759496721,H1,298.859674412191,AX,62.6913803497647,L1,0.796279822583089,L2,0.210499759...
GetData ===>> H2,-0.202075199523497,H1,298.724753741131,AX,62.5999803344192,L1,0.81371487887237,L2,0.3259749898...
GetData ===>> H2,-0.19670314246122,H1,298.812926403578,AX,62.4002999172931,L1,0.83633052874002,L2,0.31876113677...
Get Checksum: -860229079
GetData ===>> H2,-0.13861154074955,H1,298.527404766935,AX,62.5682274170678,L1,0.807283789812815,L2,0.3049056705...
GetData ===>> H2,-0.168644530703941,H1,298.25213949533,AX,62.6527293312323,L1,0.816091485900883,L2,0.1644867899...
GetData ===>> H2,-0.0747342453948051,H1,298.277061044847,AX,62.7026359426206,L1,0.830737046088183,L2,0.28509606...
Get Checksum: -860229079
GetData ===>> H2,-0.140809353501661,H1,298.306233413768,AX,62.6398073639289,L1,0.816197566700539,L2,0.273572772...
GetData ===>> H2,-0.0935078171842543,H1,298.028350608896,AX,62.5072733616492,L1,0.808750444707727,L2,0.22990188...
GetData ===>> H2,-0.0569663128256779,H1,297.873825333785,AX,62.5415095238356,L1,0.781209019918518,L2,0.25650059...
Get Checksum: -860229079
GetData ===>> H2,-0.0848584834283957,H1,297.648725299429,AX,62.4765390759029,L1,0.791572555412107,L2,0.36865284...
GetData ===>> H2,-0.163817675221605,H1,297.585711833568,AX,62.6290630388874,L1,0.759330361724634,L2,0.262199161...
Get Checksum: -860229079
GetData ===>> H2,-0.205298018275653,H1,297.573577746994,AX,62.5178313492598,L1,0.771245847340376,L2,0.318042064...
GetData ===>> H2,-0.164425194645741,H1,297.503099006268,AX,62.3890392632501,L1,0.766730637786111,L2,0.319411730...
GetData ===>> H2,-0.217318341677315,H1,297.507310558814,AX,62.3978332134568,L1,0.77635121897097,L2,0.3123581558...
Get Checksum: -860229079
GetData ===>> H2,-0.209856381293119,H1,297.18814011546,AX,62.6029551763102,L1,0.778577379105532,L2,0.3357693494...
GetData ===>> H2,-0.153995643006667,H1,297.066778538186,AX,62.3939723807421,L1,0.7848099079185,L2,0.32162606718...
23:53:02 -- collecting point 100
GetData ===>> H2,-0.0197178237864622,H1,297.231127282073,AX,62.3372529579446,L1,0.799512075293859,L2,0.21570370...
GetData ===>> H2,-0.14850239779531,H1,297.278019781496,AX,62.4510502067677,L1,0.761430496480823,L2,0.2651080310...
GetData ===>> H2,-0.246559571592373,H1,297.024331473351,AX,62.1981622007387,L1,0.781034553540693,L2,0.267526452...
Get Checksum: -860229079
GetData ===>> H2,-0.214416947395792,H1,296.971052372808,AX,62.2579520790958,L1,0.808630608177977,L2,0.291645560...
GetData ===>> H2,-0.177956409910462,H1,296.641338343707,AX,62.1666311266797,L1,0.794885016040597,L2,0.257139971...
GetData ===>> H2,-0.102711351250251,H1,296.798680324039,AX,62.3036742370887,L1,0.766673338055328,L2,0.252584529...
Get Checksum: -860229079
GetData ===>> H2,-0.240650575244096,H1,296.674840056792,AX,62.2231323438202,L1,0.784303789267222,L2,0.352152596...
GetData ===>> H2,-0.180579880483405,H1,296.341229940635,AX,62.2457489799482,L1,0.801385542690847,L2,0.228098462...
GetData ===>> H2,-0.19160152906022,H1,296.178823045383,AX,62.2014688200468,L1,0.819730046540735,L2,0.2593778113...
Get Checksum: -860229079
GetData ===>> H2,-0.200472209567398,H1,296.391742267169,AX,62.1267691754323,L1,0.822675522091613,L2,0.233702879...
GetData ===>> H2,-0.126159197590302,H1,296.132475067927,AX,62.1124800341531,L1,0.766947383087041,L2,0.312814682...
GetData ===>> H2,-0.140563371024348,H1,295.913625654909,AX,62.0775900025494,L1,0.778650886597584,L2,0.379205356...
Get Checksum: -860229079
GetData ===>> H2,-0.132311758926406,H1,295.809699935943,AX,62.1477008952905,L1,0.748994517919341,L2,0.301744531...
GetData ===>> H2,-0.182145036366816,H1,295.76728637153,AX,62.0201281702555,L1,0.767638755886157,L2,0.3598828084...
GetData ===>> H2,-0.209108682418948,H1,295.691579981501,AX,61.8321782380279,L1,0.768230507659463,L2,0.269260452...
Get Checksum: -860229079
GetData ===>> H2,-0.298664655308785,H1,295.622693804695,AX,61.9287396577001,L1,0.786414440941685,L2,0.195231909...
GetData ===>> H2,-0.174660015928105,H1,295.804468044862,AX,62.0901621697713,L1,0.760059821276161,L2,0.344560011...
GetData ===>> H2,-0.148002657049225,H1,295.563427412786,AX,61.983448723162,L1,0.759900481054949,L2,0.2536006369...
Get Checksum: -860229079
GetData ===>> H2,-0.206312793670771,H1,295.343811785825,AX,61.9973361213543,L1,0.773248662976212,L2,0.272933898...
GetData ===>> H2,-0.178450381372781,H1,295.359047783957,AX,61.8388739713178,L1,0.771448977928997,L2,0.205478673...
Get Checksum: -860229079
GetData ===>> H2,-0.0920433930094084,H1,295.36580979647,AX,61.9002323000199,L1,0.777898393646397,L2,0.230004612...
measurement finished
estimated time: 125.829 actual time: :126.193
flush and close file /Users/jan/PychronDev/data/isotopes/21/b57254-9e0e-474e-a1fa-5d0c48581ac4.h5
baselines () {'settling_time': 15.0, 'detector': 'H1', 'mass': 34.2, 'ncounts': 60}
%%%%%%%%%%%%%%%%%%%%%%%%%%%%%%%% Baseline
build tables- baseline [Detector(H2), Detector(H1), Detector(AX), Detector(L1), Detector(L2), Detector(CDD)]
add group baseline table H2
add group baseline table H1
add group baseline table AX
add group baseline table L1
add group baseline table L2
add group baseline table CDD
flush and close file /Users/jan/PychronDev/data/isotopes/21/b57254-9e0e-474e-a1fa-5d0c48581ac4.h5
detector Detector(H1)
POSITION 34.2 H1
Mapping mass to dac mass func: "parabolic"
H1 map mass coeffs = [-0.00063987  0.15840543  0.57041999]
H1 map mass to dac 34.2 >> 5.23946599104
GetDeflection H1 ===>> 0
GetHighVoltage ===>> 4500
positioning 34.2 (5.23946599104) on H1
setting magnet DAC
current  : 5.878810
requested: 5.239466
Delta Dac: 0.639344
Checking detector protection. dv=0.63934
Checking detector "CDD". Protection Threshold: 0.1 (V)
ProtectDetector CDD,On ===>> OK
GetDeflection CDD ===>> 2000
SetMagnetDAC 5.23946599104 ===>> OK
Magnet settling time: 0.500
GetMagnetMoving ===>> True
GetMagnetMoving ===>> True
GetMagnetMoving ===>> True
GetMagnetMoving ===>> True
GetMagnetMoving ===>> True
GetMagnetMoving ===>> True
Get Checksum: -860229079
GetMagnetMoving ===>> True
GetMagnetMoving ===>> True
GetMagnetMoving ===>> False
ProtectDetector CDD,Off ===>> OK
GetDeflection CDD ===>> 50
Delaying 15.0s for detectors to settle
Get Checksum: -860229079
Get Checksum: -860229079
Get Checksum: -860229079
Get Checksum: -860229079
Get Checksum: -860229079
Join finished
measuring baseline. ncounts=60
starting measurement
GetData ===>> H2,-0.140087609558418,H1,-0.0876988824442869,AX,-0.058507943181209,L1,-0.00114368448957515,L2,0.0...
GetData ===>> H2,-0.259988977480006,H1,-0.0515088813510143,AX,-0.0579050632688488,L1,-0.0364590180797827,L2,-0....
Get Checksum: -860229079
GetData ===>> H2,-0.180716165586358,H1,-0.0054895837187761,AX,-0.11471008633011,L1,-0.0137420479735274,L2,-0.08...
GetData ===>> H2,-0.111966500700626,H1,0.00516262379355332,AX,-0.0819246186534325,L1,-0.0629276136376592,L2,-0....
GetData ===>> H2,-0.086219527694535,H1,-0.0381190788049544,AX,-0.135880746299927,L1,-0.0163722548373578,L2,0.03...
Get Checksum: -860229079
GetData ===>> H2,-0.0832791970444276,H1,-0.0472405546662057,AX,-0.161167494316955,L1,-0.0168567949039164,L2,-0....
GetData ===>> H2,-0.162603888872603,H1,-0.0293306745584808,AX,-0.0149982486218509,L1,-0.0328024045359113,L2,0.0...
GetData ===>> H2,-0.195057407702064,H1,-0.0702968924145562,AX,-0.0496498702952165,L1,-0.0389329309070796,L2,-0....
Get Checksum: -860229079
GetData ===>> H2,-0.176315082228424,H1,-0.0812628826437177,AX,-0.0247873063994134,L1,-0.016959936559427,L2,-0.0...
GetData ===>> H2,-0.14391611249376,H1,-0.0788433163911194,AX,-0.10840649237314,L1,-0.0359186297051184,L2,0.0140...
GetData ===>> H2,-0.198080110035767,H1,0.00784672945288736,AX,-0.0334968843442402,L1,-0.0292993179665687,L2,-0....
Get Checksum: -860229079
GetData ===>> H2,-0.178652822468285,H1,-0.00652730817709539,AX,-0.0410692927043362,L1,-0.0125518444128838,L2,-0...
GetData ===>> H2,-0.263175055592801,H1,-0.0238569093268247,AX,0.0118455222612215,L1,0.000231636638000983,L2,0.0...
GetData ===>> H2,-0.165140675751383,H1,-0.0410523499643432,AX,-0.057847093849652,L1,-0.0205320630205994,L2,-0.0...
Get Checksum: -860229079
GetData ===>> H2,-0.173249452801331,H1,-0.0179773465444065,AX,-0.101998192358807,L1,0.00207289280707443,L2,-0.0...
GetData ===>> H2,-0.153279457942963,H1,-0.000241157292823879,AX,-0.108684600718966,L1,-0.0193546844557539,L2,0....
GetData ===>> H2,-0.13431470889681,H1,0.0055682173660589,AX,-0.0775431148917552,L1,-0.0340596251375049,L2,-0.04...
Get Checksum: -860229079
GetData ===>> H2,-0.225709147829833,H1,0.0183213946207462,AX,-0.0217370302470777,L1,-0.0281996360539277,L2,0.02...
GetData ===>> H2,-0.216413804614896,H1,-0.0364973960574887,AX,-0.0731730058830925,L1,-0.0381423034227803,L2,-0....
GetData ===>> H2,-0.0631457217718623,H1,-0.019134204648341,AX,-0.0670522049600605,L1,-0.0299868575378923,L2,0.0...
Get Checksum: -860229079
GetData ===>> H2,-0.129803603544263,H1,-0.0167250623919422,AX,-0.0624845382621528,L1,-0.0128958552722799,L2,-0....
GetData ===>> H2,-0.244850842432464,H1,-0.0139938359392076,AX,-0.133908038915465,L1,0.00645913594283797,L2,0.07...
GetData ===>> H2,-0.311752084330953,H1,-0.0485878394554494,AX,-0.080846647932427,L1,-0.0152651611389605,L2,-0.0...
Get Checksum: -860229079
GetData ===>> H2,-0.237899665345508,H1,-0.0252045089372597,AX,-0.0854714057649303,L1,-0.0373911497038827,L2,-0....
23:54:08 -- collecting point 25
GetData ===>> H2,-0.169566204651627,H1,0.00218036857935218,AX,-0.037520886801162,L1,0.0178908736337037,L2,-0.03...
Get Checksum: -860229079
GetData ===>> H2,-0.219902657133508,H1,0.0714990113085402,AX,-0.0424260019471654,L1,0.0134357194396529,L2,-0.07...
GetData ===>> H2,-0.213331521683456,H1,0.0140860620249096,AX,-0.114976589575252,L1,-0.0506209681344294,L2,-0.03...
GetData ===>> H2,-0.172844758828109,H1,-0.0321449558415619,AX,-0.129853264963638,L1,-0.0344279178325558,L2,-0.0...
Get Checksum: -860229079
GetData ===>> H2,-0.126460689515517,H1,-0.0115726427499794,AX,-0.0786211222124078,L1,-0.0183066776508806,L2,0.0...
GetData ===>> H2,-0.167779465415829,H1,0.00633169207839863,AX,0.0345420556177546,L1,-0.0207658437928385,L2,-0.0...
GetData ===>> H2,-0.225368464240333,H1,0.0481766241364091,AX,-0.00904778334546847,L1,-0.0227857231655425,L2,-0....
Get Checksum: -860229079
GetData ===>> H2,-0.113309282631424,H1,0.0777400629321747,AX,-0.109553684175616,L1,0.020439963327685,L2,0.05244...
GetData ===>> H2,-0.24615999431805,H1,-0.0724305868543994,AX,-0.0609078319584499,L1,-0.0148141324711664,L2,-0.0...
GetData ===>> H2,-0.267184113315571,H1,0.0400138785400241,AX,0.0430720288391748,L1,-0.0166708973896234,L2,-0.10...
Get Checksum: -860229079
GetData ===>> H2,-0.183707277925763,H1,-0.0333612732599462,AX,-0.0711443739920223,L1,0.0160233118443797,L2,0.03...
GetData ===>> H2,-0.200052887078716,H1,-0.0496847304907398,AX,-0.180606342253454,L1,0.0166946334450293,L2,-0.02...
GetData ===>> H2,-0.182700884493443,H1,-0.0504120103096416,AX,-0.0274315749075375,L1,-0.0070940436591602,L2,-0....
Get Checksum: -860229079
GetData ===>> H2,-0.205847868038149,H1,0.00371920117523423,AX,-0.00921017903915117,L1,-0.0381183440432823,L2,-0...
GetData ===>> H2,-0.359715319964037,H1,-0.0759707504436545,AX,-0.123504307957658,L1,-0.0705372835886493,L2,0.09...
GetData ===>> H2,-0.273297132112856,H1,0.0198008206270696,AX,-0.0525833266601703,L1,-0.0233634419556144,L2,-0.0...
Get Checksum: -860229079
GetData ===>> H2,-0.19771194608879,H1,-0.0820972022683496,AX,-0.102206787432382,L1,0.0115761851889178,L2,-0.102...
GetData ===>> H2,-0.158378250301946,H1,-0.0501139454492481,AX,-0.0701822080798515,L1,-7.68068647396886E-05,L2,-...
GetData ===>> H2,-0.138291159788132,H1,0.0673688581023015,AX,-0.0664725637038052,L1,0.00262989710536183,L2,-0.0...
Get Checksum: -860229079
GetData ===>> H2,-0.180465183828546,H1,0.115685417414802,AX,-0.0184198914024944,L1,-0.0277515830178866,L2,0.044...
GetData ===>> H2,-0.159276448518961,H1,0.0330808410075491,AX,-0.0950447673087001,L1,-0.0011820851762261,L2,-0.1...
GetData ===>> H2,-0.157151723339398,H1,-0.113474487628129,AX,-0.154176905116245,L1,-0.0119800651583438,L2,-0.08...
Get Checksum: -860229079
GetData ===>> H2,-0.223185421683228,H1,-0.043568217303158,AX,-0.15908080387766,L1,-0.0271034281938557,L2,-0.070...
GetData ===>> H2,-0.266892422439124,H1,0.0140622015037952,AX,-0.036639563316963,L1,-0.0354309372091077,L2,0.013...
Get Checksum: -860229079
GetData ===>> H2,-0.262563219606053,H1,-0.0622146651676701,AX,-0.0533833448677066,L1,-0.0314683814432384,L2,0.0...
23:54:34 -- collecting point 50
GetData ===>> H2,-0.195369171761707,H1,-0.0118827495813932,AX,0.0179368636970346,L1,-0.0400876144523147,L2,-0.0...
GetData ===>> H2,-0.185663148664008,H1,0.061102332469676,AX,-0.0803482273249617,L1,-0.0332490351929007,L2,-0.05...
Get Checksum: -860229079
GetData ===>> H2,-0.153805115171279,H1,0.0248954629396227,AX,-0.0870477140924504,L1,-0.0156573956993393,L2,0.07...
GetData ===>> H2,-0.246972587782995,H1,0.0447873331822503,AX,-0.0040829842377081,L1,-0.0162103364949503,L2,-0.0...
GetData ===>> H2,-0.196746301677369,H1,-0.00736225108040041,AX,-0.16098201253525,L1,-0.019879845889872,L2,0.035...
Get Checksum: -860229079
GetData ===>> H2,-0.181738926187254,H1,0.0135253412821391,AX,-0.0215746554526347,L1,0.000576096385077052,L2,-0....
GetData ===>> H2,-0.216617106099029,H1,-0.0825501157226903,AX,-0.0364308276385632,L1,0.00394570200124265,L2,-0....
GetData ===>> H2,-0.12342512496422,H1,-0.100200224862123,AX,-0.060560025658024,L1,-0.00753658106855159,L2,-0.07...
Get Checksum: -860229079
GetData ===>> H2,-0.215418786339175,H1,0.0351093909432223,AX,-0.00541700887811584,L1,-0.037352811804332,L2,-0.0...
GetData ===>> H2,-0.115244666738726,H1,0.0514824867562826,AX,-0.054635534075925,L1,-0.0499533097074876,L2,-0.03...
GetData ===>> H2,-0.180042820247606,H1,-0.0355076797039054,AX,-0.128764239737803,L1,-0.0451707167402773,L2,0.10...
measurement finished
estimated time: 62.915 actual time: :63.135
flush and close file /Users/jan/PychronDev/data/isotopes/21/b57254-9e0e-474e-a1fa-5d0c48581ac4.h5
activate_detectors ('H1', 'AX', 'CDD') {'peak_center': True}
peak_center () {'detector': 'H1', 'integration_time': 0.262144, 'isotope': 'Ar40'}
peak center: mean=295.624145057 threshold=3
peak center started
setup peak center. detector=['H1', 'AX', 'CDD'], isotope=Ar40
VersionedUnpickler [<apptools.sweet_pickle.versioned_unpickler.VersionedUnpickler object at 0x143111bf0>] using Updater [<apptools.sweet_pickle.updater.Updater object at 0x1356d5710>]
VersionedUnpickler [<apptools.sweet_pickle.versioned_unpickler.VersionedUnpickler object at 0x143111bf0>] using Updater [<apptools.sweet_pickle.updater.Updater object at 0x1356d5710>]
VersionedUnpickler [<apptools.sweet_pickle.versioned_unpickler.VersionedUnpickler object at 0x143111bf0>] using Updater [<apptools.sweet_pickle.updater.Updater object at 0x1356d5710>]
setting integration time = 0.524288
SetIntegrationTime 0.524288 ===>> OK
Mapping mass to dac mass func: "parabolic"
H1 map mass coeffs = [-0.00063987  0.15840543  0.57041999]
H1 map mass to dac 39.9624 >> 5.87881
GetDeflection H1 ===>> 0
GetHighVoltage ===>> 4500
do peak center. <pychron.spectrometer.jobs.peak_center.PeakCenter object at 0x1356efa10>
doing pc
starting peak center. center dac= 5.87881 step_width=0.001
width = 0.001
get scan parameters. half-width=0.015,window=0.015, i=0, scalar=1
Scan parameters center=5.87881 width=0.03000 (5.86381 - 5.89381)
GetData ===>> H2,-0.080198551129349,H1,-0.0655286957093491,AX,-0.143058166858182,L1,-0.0296454892365286,L2,-0.0...
Moving to starting dac 5.86381
setting magnet DAC
current  : 5.239466
requested: 5.863810
Delta Dac: 0.624344
Checking detector protection. dv=0.62434
Checking detector "CDD". Protection Threshold: 0.1 (V)
ProtectDetector CDD,On ===>> OK
GetDeflection CDD ===>> 2000
SetMagnetDAC 5.86381 ===>> OK
Magnet settling time: 0.500
GetMagnetMoving ===>> True
GetMagnetMoving ===>> True
GetMagnetMoving ===>> True
Get Checksum: -860229079
GetMagnetMoving ===>> True
GetMagnetMoving ===>> True
GetMagnetMoving ===>> True
GetMagnetMoving ===>> True
GetMagnetMoving ===>> True
GetMagnetMoving ===>> True
GetMagnetMoving ===>> False
ProtectDetector CDD,Off ===>> OK
GetDeflection CDD ===>> 50
Wait until signal near baseline. tol= -0.049146521782. timeout= 10
GetData ===>> H2,13.1889364884717,H1,5.83536519923202,AX,0.258100399289469,L1,0.0122849200816301,L2,-0.08725128...
GetData ===>> H2,17.3908931006256,H1,10.8303095377058,AX,1.67615180123005,L1,0.011824409742492,L2,-0.0439201333...
GetData ===>> H2,9.61912380835265,H1,5.09256809481167,AX,0.66143718334397,L1,-0.0150112036269113,L2,-0.21979463...
Get Checksum: -860229079
GetData ===>> H2,4.01246003093948,H1,2.54127062708436,AX,0.283830423241258,L1,-0.0468178326009482,L2,-0.1299915...
GetData ===>> H2,1.35773331099247,H1,1.21772951959589,AX,0.140242505883801,L1,-0.0430707312946212,L2,0.09770294...
GetData ===>> H2,0.332629291914787,H1,0.711942930714815,AX,0.183131940533288,L1,-0.00559958657901205,L2,0.06253...
GetData ===>> H2,-0.00104771375912651,H1,0.467471605326719,AX,-0.00662341541841058,L1,0.0110761253273862,L2,-0....
GetData ===>> H2,0.0132601027390148,H1,0.300369446230886,AX,-0.13098861870734,L1,-0.00427046084163731,L2,0.0879...
GetData ===>> H2,-0.0644342975142207,H1,0.298172205202341,AX,-0.0914056100991134,L1,-0.00374499992612151,L2,-0....
Get Checksum: -860229079
GetData ===>> H2,-0.0644342975142207,H1,0.298172205202341,AX,-0.0914056100991134,L1,-0.00374499992612151,L2,-0....
GetData ===>> H2,-0.0835392661488274,H1,0.249463143891204,AX,-0.0741583261129012,L1,-0.0239351139972496,L2,-0.1...
GetData ===>> H2,-0.081390808606992,H1,0.146988796185022,AX,-0.0253440004766354,L1,-0.0379949523344131,L2,-0.08...
GetData ===>> H2,-0.1629765445638,H1,0.175131960452624,AX,0.0176235854117468,L1,-0.00476710416822194,L2,-0.0753...
GetData ===>> H2,-0.2411768718397,H1,0.133206300117528,AX,0.106806951301886,L1,-0.0287830475758301,L2,-0.041393...
GetData ===>> H2,-0.240786526330743,H1,0.121213733285486,AX,-0.0513427057075004,L1,-0.0384166342472746,L2,0.106...
Get Checksum: -860229079
GetData ===>> H2,-0.200087943573472,H1,0.108578983664853,AX,-0.130223994173691,L1,-0.0352032593924667,L2,0.0143...
GetData ===>> H2,-0.138640751889505,H1,0.0621526941696483,AX,-0.201748290548523,L1,-0.0207234180990339,L2,0.005...
GetData ===>> H2,-0.192633534013364,H1,0.0874610553811773,AX,0.0462637075431575,L1,-0.0196837681394605,L2,-0.07...
GetData ===>> H2,-0.236289075475862,H1,0.271403168810669,AX,0.038278904282177,L1,-0.0216767353775398,L2,-0.0226...
GetData ===>> H2,-0.212189422826082,H1,0.128342342475318,AX,0.0133074094448686,L1,-0.00807263691445567,L2,-0.03...
GetData ===>> H2,-0.188627893530504,H1,0.073901212328198,AX,-0.0252048272558188,L1,-0.0249527753151522,L2,0.111...
Peak center failed to move to a baseline position
_do_sweep sm= 5.86381, em= 5.89381, stm= 0.001
calculated step values: start=5.86381, end=5.89381, width=0.001, nsteps=31.0
setting magnet DAC
current  : 5.863810
requested: 5.863810
Delta Dac: 0.000000
Checking detector protection. dv=0.00000
Checking detector "CDD". Protection Threshold: 0.1 (V)
SetMagnetDAC 5.86381 ===>> OK
GetData ===>> H2,-0.188627893530504,H1,0.073901212328198,AX,-0.0252048272558188,L1,-0.0249527753151522,L2,0.111...
setting magnet DAC
current  : 5.863810
requested: 5.864844
Delta Dac: 0.001034
Checking detector protection. dv=0.00103
Checking detector "CDD". Protection Threshold: 0.1 (V)
SetMagnetDAC 5.86484448276 ===>> OK
Magnet settling time: 1.049
Get Checksum: -860229079
GetData ===>> H2,-0.0953715339252512,H1,0.247123794557447,AX,-0.0771721848798144,L1,0.00913372324456735,L2,-0.1...
setting magnet DAC
current  : 5.864844
requested: 5.865879
Delta Dac: 0.001034
Checking detector protection. dv=0.00103
Checking detector "CDD". Protection Threshold: 0.1 (V)
SetMagnetDAC 5.86587896552 ===>> OK
Magnet settling time: 1.049
GetData ===>> H2,-0.211483634256654,H1,1.0764663781577,AX,0.0349830427162225,L1,-0.0212887126138009,L2,-0.05008...
setting magnet DAC
current  : 5.865879
requested: 5.866913
Delta Dac: 0.001034
Checking detector protection. dv=0.00103
Checking detector "CDD". Protection Threshold: 0.1 (V)
SetMagnetDAC 5.86691344828 ===>> OK
Magnet settling time: 1.049
GetData ===>> H2,-0.196673470404619,H1,4.00423566635564,AX,0.541665001171771,L1,-0.010115863174841,L2,-0.047584...
setting magnet DAC
current  : 5.866913
requested: 5.867948
Delta Dac: 0.001034
Checking detector protection. dv=0.00103
Checking detector "CDD". Protection Threshold: 0.1 (V)
SetMagnetDAC 5.86794793103 ===>> OK
Magnet settling time: 1.049
Get Checksum: -860229079
GetData ===>> H2,-0.167460953601967,H1,14.092361556875,AX,2.00584323844769,L1,0.0592621810265982,L2,0.032230032...
setting magnet DAC
current  : 5.867948
requested: 5.868982
Delta Dac: 0.001034
Checking detector protection. dv=0.00103
Checking detector "CDD". Protection Threshold: 0.1 (V)
SetMagnetDAC 5.86898241379 ===>> OK
Magnet settling time: 1.049
GetData ===>> H2,-0.13083209835551,H1,59.9598104113992,AX,8.57118243475667,L1,0.057970759817819,L2,0.0303847696...
setting magnet DAC
current  : 5.868982
requested: 5.870017
Delta Dac: 0.001034
Checking detector protection. dv=0.00103
Checking detector "CDD". Protection Threshold: 0.1 (V)
SetMagnetDAC 5.87001689655 ===>> OK
Magnet settling time: 1.049
Get Checksum: -860229079
GetData ===>> H2,-0.188514734474765,H1,128.085764942054,AX,20.563976205641,L1,0.133535172296729,L2,0.0453757148...
setting magnet DAC
current  : 5.870017
requested: 5.871051
Delta Dac: 0.001034
Checking detector protection. dv=0.00103
Checking detector "CDD". Protection Threshold: 0.1 (V)
SetMagnetDAC 5.87105137931 ===>> OK
Magnet settling time: 1.049
GetData ===>> H2,-0.23056212650398,H1,200.82696448891,AX,35.7000163349403,L1,0.233589837905237,L2,0.05649513665...
setting magnet DAC
current  : 5.871051
requested: 5.872086
Delta Dac: 0.001034
Checking detector protection. dv=0.00103
Checking detector "CDD". Protection Threshold: 0.1 (V)
SetMagnetDAC 5.87208586207 ===>> OK
Magnet settling time: 1.049
GetData ===>> H2,-0.239260011238627,H1,249.762522983719,AX,48.2858417518351,L1,0.406054875908113,L2,0.062465523...
setting magnet DAC
current  : 5.872086
requested: 5.873120
Delta Dac: 0.001034
Checking detector protection. dv=0.00103
Checking detector "CDD". Protection Threshold: 0.1 (V)
SetMagnetDAC 5.87312034483 ===>> OK
Magnet settling time: 1.049
Get Checksum: -860229079
GetData ===>> H2,-0.2101473642477,H1,272.83175811725,AX,55.2777917601695,L1,0.507265941749258,L2,0.194958068738...
setting magnet DAC
current  : 5.873120
requested: 5.874155
Delta Dac: 0.001034
Checking detector protection. dv=0.00103
Checking detector "CDD". Protection Threshold: 0.1 (V)
SetMagnetDAC 5.87415482759 ===>> OK
Magnet settling time: 1.049
GetData ===>> H2,-0.233743227053492,H1,281.146454187997,AX,58.0348855102138,L1,0.59424868958034,L2,0.1371268045...
setting magnet DAC
current  : 5.874155
requested: 5.875189
Delta Dac: 0.001034
Checking detector protection. dv=0.00103
Checking detector "CDD". Protection Threshold: 0.1 (V)
SetMagnetDAC 5.87518931034 ===>> OK
Magnet settling time: 1.049
GetData ===>> H2,-0.17395358584714,H1,282.551051817448,AX,59.0769434162692,L1,0.675183227244558,L2,0.2959735325...
setting magnet DAC
current  : 5.875189
requested: 5.876224
Delta Dac: 0.001034
Checking detector protection. dv=0.00103
Checking detector "CDD". Protection Threshold: 0.1 (V)
SetMagnetDAC 5.8762237931 ===>> OK
Magnet settling time: 1.049
Get Checksum: -860229079
GetData ===>> H2,-0.111684929514812,H1,283.179309326066,AX,59.065911633533,L1,0.692024436792393,L2,0.1430338009...
setting magnet DAC
current  : 5.876224
requested: 5.877258
Delta Dac: 0.001034
Checking detector protection. dv=0.00103
Checking detector "CDD". Protection Threshold: 0.1 (V)
SetMagnetDAC 5.87725827586 ===>> OK
Magnet settling time: 1.049
GetData ===>> H2,-0.23068045904777,H1,283.33967823447,AX,59.0719563271926,L1,0.728180034756202,L2,0.38601005256...
setting magnet DAC
current  : 5.877258
requested: 5.878293
Delta Dac: 0.001034
Checking detector protection. dv=0.00103
Checking detector "CDD". Protection Threshold: 0.1 (V)
SetMagnetDAC 5.87829275862 ===>> OK
Magnet settling time: 1.049
GetData ===>> H2,-0.0521692657625909,H1,283.488218026851,AX,59.2217450991709,L1,0.744572990250042,L2,0.20328773...
setting magnet DAC
current  : 5.878293
requested: 5.879327
Delta Dac: 0.001034
Checking detector protection. dv=0.00103
Checking detector "CDD". Protection Threshold: 0.1 (V)
SetMagnetDAC 5.87932724138 ===>> OK
Magnet settling time: 1.049
Get Checksum: -860229079
GetData ===>> H2,-0.117331263815818,H1,283.418634478185,AX,59.1491723935222,L1,0.72309805392315,L2,0.2454949126...
setting magnet DAC
current  : 5.879327
requested: 5.880362
Delta Dac: 0.001034
Checking detector protection. dv=0.00103
Checking detector "CDD". Protection Threshold: 0.1 (V)
SetMagnetDAC 5.88036172414 ===>> OK
Magnet settling time: 1.049
GetData ===>> H2,-0.11928219641386,H1,283.162783090832,AX,59.3140990224809,L1,0.720354416088894,L2,0.3029963950...
setting magnet DAC
current  : 5.880362
requested: 5.881396
Delta Dac: 0.001034
Checking detector protection. dv=0.00103
Checking detector "CDD". Protection Threshold: 0.1 (V)
SetMagnetDAC 5.8813962069 ===>> OK
Magnet settling time: 1.049
Get Checksum: -860229079
GetData ===>> H2,-0.085576268370274,H1,283.320951521948,AX,59.2084919630256,L1,0.703031508127519,L2,0.330956140...
setting magnet DAC
current  : 5.881396
requested: 5.882431
Delta Dac: 0.001034
Checking detector protection. dv=0.00103
Checking detector "CDD". Protection Threshold: 0.1 (V)
SetMagnetDAC 5.88243068966 ===>> OK
Magnet settling time: 1.049
GetData ===>> H2,-0.206717061294757,H1,282.626077137043,AX,58.9604478708975,L1,0.700295407020092,L2,0.298344831...
setting magnet DAC
current  : 5.882431
requested: 5.883465
Delta Dac: 0.001034
Checking detector protection. dv=0.00103
Checking detector "CDD". Protection Threshold: 0.1 (V)
SetMagnetDAC 5.88346517241 ===>> OK
Magnet settling time: 1.049
GetData ===>> H2,-0.200772871752007,H1,281.144905126757,AX,58.2399108404937,L1,0.741786386134367,L2,0.187610306...
setting magnet DAC
current  : 5.883465
requested: 5.884500
Delta Dac: 0.001034
Checking detector protection. dv=0.00103
Checking detector "CDD". Protection Threshold: 0.1 (V)
SetMagnetDAC 5.88449965517 ===>> OK
Magnet settling time: 1.049
Get Checksum: -860229079
GetData ===>> H2,-0.211346242809476,H1,275.30835267648,AX,55.9875568132456,L1,0.706081294839027,L2,0.2560210707...
setting magnet DAC
current  : 5.884500
requested: 5.885534
Delta Dac: 0.001034
Checking detector protection. dv=0.00103
Checking detector "CDD". Protection Threshold: 0.1 (V)
SetMagnetDAC 5.88553413793 ===>> OK
Magnet settling time: 1.049
GetData ===>> H2,-0.178840843129259,H1,256.025012197749,AX,49.0519052498328,L1,0.610902003028494,L2,0.146158498...
setting magnet DAC
current  : 5.885534
requested: 5.886569
Delta Dac: 0.001034
Checking detector protection. dv=0.00103
Checking detector "CDD". Protection Threshold: 0.1 (V)
SetMagnetDAC 5.88656862069 ===>> OK
Magnet settling time: 1.049
GetData ===>> H2,-0.177087930505815,H1,210.20775569582,AX,36.1898595719583,L1,0.455220370270814,L2,0.1633575654...
setting magnet DAC
current  : 5.886569
requested: 5.887603
Delta Dac: 0.001034
Checking detector protection. dv=0.00103
Checking detector "CDD". Protection Threshold: 0.1 (V)
SetMagnetDAC 5.88760310345 ===>> OK
Magnet settling time: 1.049
Get Checksum: -860229079
GetData ===>> H2,-0.111988159733463,H1,140.276638698716,AX,20.7652293299115,L1,0.311457540410699,L2,0.126248849...
setting magnet DAC
current  : 5.887603
requested: 5.888638
Delta Dac: 0.001034
Checking detector protection. dv=0.00103
Checking detector "CDD". Protection Threshold: 0.1 (V)
SetMagnetDAC 5.88863758621 ===>> OK
Magnet settling time: 1.049
GetData ===>> H2,-0.249500132912697,H1,72.554144257086,AX,8.93479440798988,L1,0.212579849239793,L2,0.0249858708...
setting magnet DAC
current  : 5.888638
requested: 5.889672
Delta Dac: 0.001034
Checking detector protection. dv=0.00103
Checking detector "CDD". Protection Threshold: 0.1 (V)
SetMagnetDAC 5.88967206897 ===>> OK
Magnet settling time: 1.049
GetData ===>> H2,-0.283122272864026,H1,28.6860040112177,AX,2.92322574422661,L1,0.139918016989809,L2,0.055857102...
setting magnet DAC
current  : 5.889672
requested: 5.890707
Delta Dac: 0.001034
Checking detector protection. dv=0.00103
Checking detector "CDD". Protection Threshold: 0.1 (V)
SetMagnetDAC 5.89070655172 ===>> OK
Magnet settling time: 1.049
Get Checksum: -860229079
GetData ===>> H2,-0.0280587063101741,H1,8.98569040327308,AX,0.614068910671547,L1,0.0546864362373314,L2,-0.01894...
setting magnet DAC
current  : 5.890707
requested: 5.891741
Delta Dac: 0.001034
Checking detector protection. dv=0.00103
Checking detector "CDD". Protection Threshold: 0.1 (V)
SetMagnetDAC 5.89174103448 ===>> OK
Magnet settling time: 1.049
GetData ===>> H2,-0.14737250995684,H1,2.31025959021707,AX,0.0138411197600898,L1,0.0225607316584808,L2,-0.017442...
setting magnet DAC
current  : 5.891741
requested: 5.892776
Delta Dac: 0.001034
Checking detector protection. dv=0.00103
Checking detector "CDD". Protection Threshold: 0.1 (V)
SetMagnetDAC 5.89277551724 ===>> OK
Magnet settling time: 1.049
Get Checksum: -860229079
GetData ===>> H2,-0.172596539370379,H1,0.583704135496643,AX,0.112973811676975,L1,0.0416883615547977,L2,-0.03515...
setting magnet DAC
current  : 5.892776
requested: 5.893810
Delta Dac: 0.001034
Checking detector protection. dv=0.00103
Checking detector "CDD". Protection Threshold: 0.1 (V)
SetMagnetDAC 5.89381 ===>> OK
Magnet settling time: 1.049
GetData ===>> H2,-0.202444569548243,H1,-0.0722517873909865,AX,-0.0755725330052526,L1,0.0249644119657651,L2,-0.1...
result of _do_sweep=True
result of _calculate_peak_center=([5.871269056043122, 5.8789312770368332, 5.8865934980305443], [211.12402589564937, 283.48626578300059, 208.47772109768067], 5.8783217821850604, 283.48626578300059)
Failed to find a valid peak. No peak greater than 1.0. max = 0.020220662419
new center pos Detector(H1) (Ar40) @ 5.87893127704
GetHighVoltage ===>> 4500
GetDeflection H1 ===>> 0
dac uncorrected for HV and deflection 5.87893127704
update mftable H1 Ar40 5.87893127704 message=automated run peakcenter
get initial guess parabolic
get initial guess parabolic
get initial guess parabolic
get initial guess parabolic
get initial guess parabolic
get initial guess parabolic
dump mftable to /Users/jan/PychronDev/setupfiles/spectrometer/mftables/mftable.csv
add to repo msg=modified - automated run peakcenter
locally archiving mftable
setting magnet DAC
current  : 5.893810
requested: 5.878931
Delta Dac: 0.014879
Checking detector protection. dv=0.01488
Checking detector "CDD". Protection Threshold: 0.1 (V)
SetMagnetDAC 5.87893127704 ===>> OK
Magnet settling time: 0.500
sweep finished
setting integration time = 1.048576
SetIntegrationTime 1.048576 ===>> OK
Failed to find a valid peak. No peak greater than 1.0. max = 0.0202099226033
flush and close file /Users/jan/PychronDev/data/isotopes/21/b57254-9e0e-474e-a1fa-5d0c48581ac4.h5
finished measure script
executed 226.132928
jan_unknown120_60.py completed successfully
Measurement Finished
23:55:32 -- ******* Measurement Finished *******
Post Measurement Started jan_pump_ms.py
23:55:32 -- ******* Post Measurement Started jan_pump_ms.py *******
testing...
no interpolation path defined
executed 0
Pumping spectrometer
open () {'name': 'O'}
opening name=O desc=---
checking ownership. requestor=129.138.12.150
check software interlocks O
interlocks []
actuate state mode=None-script, software_lock=False
doing actuation None-script open_channel True
Open O ===>> OK
GetIndicatorState O ===>> OK
change switch state (True, True)
update switch state O True args=() kw={} ncanvase=2
23:55:32 -- OPEN   VALVE-O (Jan Ion Pump)
---------------------------------------- open O () result=[(True, True)], time=0.11 sec
Get Checksum: -1965264452
action=open, ok=True, locked=[False]
executed 0
jan_pump_ms.py completed successfully
setting _ms_pumptime
Post Measurement Finished
23:55:32 -- ******* Post Measurement Finished *******
$$$$$$$$$$$$$$$$$$$$ state at run end measurement
state changed from measurement to success
post measurement save measured=True aborted=False
Set filtering
setting fod for Ar40= {'filter_outliers': True, 'std_devs': 2, 'iterations': 1}
setting fod for H1= {'filter_outliers': True, 'std_devs': 2, 'iterations': 1}
setting fod for PM41= {'filter_outliers': False, 'std_devs': 2, 'iterations': 1}
setting fod for H2= {'filter_outliers': True, 'std_devs': 2, 'iterations': 1}
setting fod for Ar36= {'filter_outliers': True, 'std_devs': 2, 'iterations': 1}
setting fod for CDD= {'filter_outliers': True, 'std_devs': 10, 'iterations': 1}
setting fod for Ar37= {'filter_outliers': True, 'std_devs': 2, 'iterations': 1}
setting fod for L2= {'filter_outliers': True, 'std_devs': 2, 'iterations': 1}
setting fod for Ar38= {'filter_outliers': True, 'std_devs': 2, 'iterations': 1}
setting fod for L1= {'filter_outliers': True, 'std_devs': 2, 'iterations': 1}
setting fod for Ar39= {'filter_outliers': True, 'std_devs': 2, 'iterations': 1}
setting fod for AX= {'filter_outliers': True, 'std_devs': 2, 'iterations': 1}
persistence save...
persistence save - db
post measurement save
5165012080 connecting to database sqlite:////Users/jan/PychronDev/.appdata/local_lab.db
connected to db sqlite:////Users/jan/PychronDev/.appdata/local_lab.db
create new session 5165012080
close session 5165012080
No database instance. Not saving post measurement to isotopedb database
$$$$$$$$$$$$$$$ auto_save_detector_ic=False
massspec enabled True
create new session 4979649712
MassSpec Database Version: 16.0
close session 4979649712
saving post measurement to secondary database
saving to massspec database 129.138.12.160/massspecdata
setting labnumber to 65569
setting aliquot to 28
setting step to 
setting uuid to 21b57254-9e0e-474e-a1fa-5d0c48581ac4
setting irradpos to 65569
setting extract_device to Fusions CO2
setting tray to 
setting position to 177
setting power_requested to 5.0
setting extract_value to 5.0
setting duration to 30.0
setting duration_at_request to 30.0
setting first_stage_delay to 30.0
setting cleanup to 30.0
setting comment to M:11 w/o inclusions
setting irradiation to NM-289
setting level to M
setting irradiation_level to M
setting sample to NM-2602 WO
setting material to Sanidine
setting project to JoyitaHills
setting mass_spectrometer to Jan
no attribute chron_dosages
no attribute production_ratios
no attribute interference_corrections
no attribute production_name
no attribute j
Reference Isotope=Ar40
Reference Detector=H1
%%%%%%%%%%%%%%%%%%%% Comment: M:11 w/o inclusions %%%%%%%%%%%%%%%%%%%
adding isotope PM41 H2
add baseline dbdet= PM41. original det= H2
get baseline data PM41 H2
Get data baseline <pychron.processing.isotope.Baseline object at 0x14a7fced0> len t=60
baseline PM41. v=-0.185670044723, e=0.00623690686767
get signal data PM41 H2
Get data signal PM41 0.02+/-0.06 len t=120
adding isotope Ar40 H1
add baseline dbdet= Ar40. original det= H1
get baseline data Ar40 H1
Get data baseline <pychron.processing.isotope.Baseline object at 0x14aa0a110> len t=60
baseline Ar40. v=-0.0150827884827, e=0.0058036328386
get signal data Ar40 H1
Get data signal Ar40 308.675+/-0.030 len t=120
adding isotope Ar39 AX
add baseline dbdet= Ar39. original det= AX
get baseline data Ar39 AX
Get data baseline <pychron.processing.isotope.Baseline object at 0x14aa0a2d0> len t=60
baseline Ar39. v=-0.0699245355594, e=0.00600028345857
get signal data Ar39 AX
Get data signal Ar39 64.879+/-0.015 len t=120
adding isotope Ar38 L1
add baseline dbdet= Ar38. original det= L1
get baseline data Ar38 L1
Get data baseline <pychron.processing.isotope.Baseline object at 0x14aa0a490> len t=60
baseline Ar38. v=-0.0176198116649, e=0.00239029414597
get signal data Ar38 L1
Get data signal Ar38 0.842+/-0.005 len t=120
adding isotope Ar37 L2
add baseline dbdet= Ar37. original det= L2
get baseline data Ar37 L2
Get data baseline <pychron.processing.isotope.Baseline object at 0x14aa0a650> len t=60
baseline Ar37. v=-0.0288545037641, e=0.00628113931135
get signal data Ar37 L2
Get data signal Ar37 0.331+/-0.011 len t=120
adding isotope Ar36 CDD
add baseline dbdet= Ar36. original det= CDD
get baseline data Ar36 CDD
Get data baseline <pychron.processing.isotope.Baseline object at 0x14aa0a810> len t=60
baseline Ar36. v=5.45839842966e-05, e=1.17177571299e-05
get signal data Ar36 CDD
Get data signal Ar36 0.01133+/-0.00027 len t=120
65569-28 added analysis time 0.461035966873s
analysis added to mass spec database
mass spec save time= 0.470
persistence save - dvc
================= post measurement started
create new session 4984345712
close session 4984345712
---------------- Experiment Queue saving disabled
DVC saving peakcenter
Failed to find a valid peak. No peak greater than 1.0. max = 0.0202099226033
Smart pull ahead: 0 behind: 0
Up-to-date with origin
add to repo msg=modified - ad8224ebc6dbfeb9f5997218dfa5fe690569839d.json
add to repo msg=modified - 69-28.json
add to repo msg=modified - 69-28.dat.json
Get Checksum: -1965264452
add to repo msg=modified - 69-28.blan.json
add to repo msg=modified - 69-28.inte.json
add to repo msg=modified - 69-28.icfa.json
add to repo msg=modified - 69-28.base.json
not at valid file /Users/jan/PychronDev/data/.dvc/repositories/Load1783/655/tags/69-28.tags.json
add to repo msg=modified - 69-28.peak.json
add to repo msg=modified - 69-28.extr.json
not at valid file /Users/jan/PychronDev/data/.dvc/repositories/Load1783/655/monitor/69-28.moni.json
commit message=<COLLECTION>
add to repo msg=modified - 69-28.inte.json
add to repo msg=modified - 69-28.base.json
commit message=<ISOEVO> default collection fits
Get Checksum: -1965264452
add to repo msg=modified - 69-28.blan.json
commit message=<BLANKS> preceding bu-FC-J-7490
add to repo msg=modified - 69-28.icfa.json
commit message=<ICFactor> default
push repository <pychron.git_archive.repo_manager.GitRepoManager object at 0x1444364d0>
pushing to remote=origin, url=https://github.com
Get Checksum: -1965264452
no changes to meta repo
Get Checksum: -1965264452
create new session 4984345712
add association Load1783
get identifier "65569"
setting analysis irradiation position=<pychron.dvc.dvc_orm.IrradiationPositionTbl object at 0x138b13190>
close session 4984345712
================= post measurement finished
23:55:45 -- ******* Post Run Check *******
loading queue conditionals post_run_actions
loading system conditionals post_run_actions
loading conditionals from /Users/jan/PychronDev/setupfiles/spectrometer/default_conditionals.yaml
loading queue conditionals post_run_terminations
loading system conditionals post_run_terminations
loading conditionals from /Users/jan/PychronDev/setupfiles/spectrometer/default_conditionals.yaml
Checking default post run terminations n=1
GetDeflection CDD ===>> 50
testing CDD==2000
evaluate ot="CDD.deflection==2000" t="CDD==2000", ctx="{'CDD': 50.0}"
23:55:45 -- ******* Post Run Check Passed *******
23:55:45 -- Automated run 65569-28 success duration: 367.379 s
----------------- finish -----------------
----------------- stop -----------------
retroactive repository identifiers disabled
finish run. runs completed=27
update duration runid=65569-28, duration=367.378760099, md5=301e91d8
loading script "jan_unknown120_60.py"
loading script "jan_pump_ms.py"
loading script "jan_co2.py"
loading script "jan_pump_extraction_line.py"
testing...
no interpolation path defined
executed 213.652928
script duration name:unknown120_60 seconds:214.0
loading script "jan_unknown120_60.py"
loading script "jan_pump_ms.py"
loading script "jan_co2.py"
loading script "jan_pump_extraction_line.py"
testing...
no interpolation path defined
executed 0
loading script "jan_unknown120_60.py"
loading script "jan_pump_ms.py"
loading script "jan_co2.py"
loading script "jan_pump_extraction_line.py"
testing...
no interpolation path defined
calculate duration
testing...
no interpolation path defined
executed 0
calculate duration
testing...
no interpolation path defined
executed 0
executed 0.0
script duration name:co2 seconds:0.0
loading script "jan_unknown120_60.py"
loading script "jan_pump_ms.py"
loading script "jan_co2.py"
loading script "jan_pump_extraction_line.py"
testing...
no interpolation path defined
calculate duration
testing...
no interpolation path defined
executed 4.0
executed 4.0
Script duration 214.0
Run total estimated duration= 215.000
unknown120_60 in script context. using previous estimated duration
script duration name:unknown120_60 seconds:214.0
pump_ms in script context. using previous estimated duration
co2 in script context. using previous estimated duration
script duration name:co2 seconds:0.0
pump_extraction_line in script context. using previous estimated duration
Script duration 214.0
Run total estimated duration= 215.000
script duration name:unknown120_60 seconds:214.0
script duration name:co2 seconds:0.0
Script duration 214.0
Run total estimated duration= 215.000
loading script "jan_unknown400_120.py"
loading script "jan_pump_ms.py"
loading script "jan_co2.py"
loading script "jan_pump_extraction_line.py"
testing...
no interpolation path defined
executed 556.052928
script duration name:unknown400_120 seconds:556.0
script duration name:co2 seconds:0.0
Script duration 556.0
Run total estimated duration= 557.000
unknown400_120 in script context. using previous estimated duration
script duration name:unknown400_120 seconds:556.0
loading script "jan_unknown400_120.py"
loading script "jan_pump_ms.py"
loading script "jan_cocktail_x1.py"
loading script "jan_pump_extraction_line.py"
testing...
no interpolation path defined
calculate duration
testing...
no interpolation path defined
executed 0
calculate duration
testing...
no interpolation path defined
executed 0
calculate duration
testing...
no interpolation path defined
executed 32.0
calculate duration
testing...
no interpolation path defined
executed 34.0
calculate duration
testing...
no interpolation path defined
executed 4.0
calculate duration
testing...
no interpolation path defined
executed 38.0
executed 108.0
script duration name:cocktail_x1 seconds:108.0
Script duration 664.0
Run total estimated duration= 665.000
script duration name:unknown400_120 seconds:556.0
loading script "jan_unknown400_120.py"
loading script "jan_pump_ms.py"
loading script "jan_sniffair_x2.py"
loading script "jan_pump_extraction_line.py"
testing...
no interpolation path defined
calculate duration
testing...
no interpolation path defined
executed 0
calculate duration
testing...
no interpolation path defined
executed 0
calculate duration
testing...
no interpolation path defined
executed 32.0
calculate duration
testing...
no interpolation path defined
executed 34.0
calculate duration
testing...
no interpolation path defined
executed 4.0
calculate duration
testing...
no interpolation path defined
executed 36.0
calculate duration
testing...
no interpolation path defined
executed 34.0
calculate duration
testing...
no interpolation path defined
executed 4.0
calculate duration
testing...
no interpolation path defined
executed 36.0
calculate duration
testing...
no interpolation path defined
executed 70.0
executed 250.0
script duration name:sniffair_x2 seconds:250.0
Script duration 806.0
Run total estimated duration= 807.000
script duration name:unknown120_60 seconds:214.0
cocktail_x1 in script context. using previous estimated duration
script duration name:cocktail_x1 seconds:108.0
Script duration 322.0
Run total estimated duration= 323.000
loading script "jan_ic_peak_hop3.py"
loading script "jan_pump_ms.py"
loading script "jan_air_x1.py"
loading script "jan_pump_extraction_line.py"
testing...
no interpolation path defined
executed 133.8
script duration name:ic_peak_hop3 seconds:134.0
loading script "jan_ic_peak_hop3.py"
loading script "jan_pump_ms.py"
loading script "jan_air_x1.py"
loading script "jan_pump_extraction_line.py"
testing...
no interpolation path defined
calculate duration
testing...
no interpolation path defined
executed 0
calculate duration
testing...
no interpolation path defined
executed 0
calculate duration
testing...
no interpolation path defined
executed 32.0
calculate duration
testing...
no interpolation path defined
executed 34.0
calculate duration
testing...
no interpolation path defined
executed 4.0
calculate duration
testing...
no interpolation path defined
executed 36.0
executed 106.0
script duration name:air_x1 seconds:106.0
Script duration 240.0
Run total estimated duration= 241.000
script duration name:unknown120_60 seconds:214.0
script duration name:co2 seconds:0.0
Script duration 214.0
Run total estimated duration= 215.000
script duration name:unknown120_60 seconds:214.0
script duration name:co2 seconds:0.0
Script duration 214.0
Run total estimated duration= 215.000
script duration name:unknown120_60 seconds:214.0
script duration name:co2 seconds:0.0
Script duration 214.0
Run total estimated duration= 215.000
script duration name:unknown120_60 seconds:214.0
script duration name:co2 seconds:0.0
Script duration 214.0
Run total estimated duration= 215.000
script duration name:unknown120_60 seconds:214.0
script duration name:co2 seconds:0.0
Script duration 214.0
Run total estimated duration= 215.000
script duration name:unknown120_60 seconds:214.0
script duration name:co2 seconds:0.0
Script duration 214.0
Run total estimated duration= 215.000
script duration name:unknown120_60 seconds:214.0
script duration name:co2 seconds:0.0
Script duration 214.0
Run total estimated duration= 215.000
script duration name:unknown120_60 seconds:214.0
script duration name:co2 seconds:0.0
Script duration 214.0
Run total estimated duration= 215.000
script duration name:unknown120_60 seconds:214.0
script duration name:co2 seconds:0.0
Script duration 214.0
Run total estimated duration= 215.000
script duration name:unknown120_60 seconds:214.0
script duration name:co2 seconds:0.0
Script duration 214.0
Run total estimated duration= 215.000
script duration name:unknown120_60 seconds:214.0
script duration name:co2 seconds:0.0
Script duration 214.0
Run total estimated duration= 215.000
script duration name:unknown120_60 seconds:214.0
script duration name:co2 seconds:0.0
Script duration 214.0
Run total estimated duration= 215.000
script duration name:unknown120_60 seconds:214.0
script duration name:co2 seconds:0.0
Script duration 214.0
Run total estimated duration= 215.000
script duration name:unknown120_60 seconds:214.0
script duration name:co2 seconds:0.0
Script duration 214.0
Run total estimated duration= 215.000
script duration name:unknown120_60 seconds:214.0
script duration name:co2 seconds:0.0
Script duration 214.0
Run total estimated duration= 215.000
script duration name:unknown120_60 seconds:214.0
script duration name:co2 seconds:0.0
Script duration 214.0
Run total estimated duration= 215.000
script duration name:unknown400_120 seconds:556.0
script duration name:co2 seconds:0.0
Script duration 556.0
Run total estimated duration= 557.000
script duration name:unknown120_60 seconds:214.0
script duration name:co2 seconds:0.0
Script duration 214.0
Run total estimated duration= 215.000
script duration name:unknown120_60 seconds:214.0
script duration name:co2 seconds:0.0
Script duration 214.0
Run total estimated duration= 215.000
script duration name:unknown120_60 seconds:214.0
script duration name:co2 seconds:0.0
Script duration 214.0
Run total estimated duration= 215.000
script duration name:unknown120_60 seconds:214.0
script duration name:co2 seconds:0.0
Script duration 214.0
Run total estimated duration= 215.000
script duration name:unknown120_60 seconds:214.0
script duration name:co2 seconds:0.0
Script duration 214.0
Run total estimated duration= 215.000
script duration name:unknown120_60 seconds:214.0
script duration name:co2 seconds:0.0
Script duration 214.0
Run total estimated duration= 215.000
script duration name:unknown120_60 seconds:214.0
script duration name:co2 seconds:0.0
Script duration 214.0
Run total estimated duration= 215.000
script duration name:unknown120_60 seconds:214.0
script duration name:co2 seconds:0.0
Script duration 214.0
Run total estimated duration= 215.000
script duration name:unknown120_60 seconds:214.0
script duration name:co2 seconds:0.0
Script duration 214.0
Run total estimated duration= 215.000
script duration name:unknown120_60 seconds:214.0
script duration name:co2 seconds:0.0
Script duration 214.0
Run total estimated duration= 215.000
script duration name:unknown120_60 seconds:214.0
script duration name:co2 seconds:0.0
Script duration 214.0
Run total estimated duration= 215.000
script duration name:unknown120_60 seconds:214.0
script duration name:co2 seconds:0.0
Script duration 214.0
Run total estimated duration= 215.000
script duration name:unknown120_60 seconds:214.0
script duration name:co2 seconds:0.0
Script duration 214.0
Run total estimated duration= 215.000
script duration name:unknown120_60 seconds:214.0
script duration name:co2 seconds:0.0
Script duration 214.0
Run total estimated duration= 215.000
script duration name:unknown120_60 seconds:214.0
script duration name:co2 seconds:0.0
Script duration 214.0
Run total estimated duration= 215.000
script duration name:unknown120_60 seconds:214.0
script duration name:co2 seconds:0.0
Script duration 214.0
Run total estimated duration= 215.000
script duration name:unknown120_60 seconds:214.0
script duration name:co2 seconds:0.0
Script duration 214.0
Run total estimated duration= 215.000
script duration name:unknown120_60 seconds:214.0
script duration name:co2 seconds:0.0
Script duration 214.0
Run total estimated duration= 215.000
script duration name:unknown120_60 seconds:214.0
script duration name:co2 seconds:0.0
Script duration 214.0
Run total estimated duration= 215.000
script duration name:unknown400_120 seconds:556.0
script duration name:co2 seconds:0.0
Script duration 556.0
Run total estimated duration= 557.000
script duration name:unknown400_120 seconds:556.0
script duration name:cocktail_x1 seconds:108.0
Script duration 664.0
Run total estimated duration= 665.000
script duration name:unknown120_60 seconds:214.0
script duration name:cocktail_x1 seconds:108.0
Script duration 322.0
Run total estimated duration= 323.000
ic_peak_hop3 in script context. using previous estimated duration
script duration name:ic_peak_hop3 seconds:134.0
air_x1 in script context. using previous estimated duration
script duration name:air_x1 seconds:106.0
Script duration 240.0
Run total estimated duration= 241.000
script duration name:unknown120_60 seconds:214.0
script duration name:co2 seconds:0.0
Script duration 214.0
Run total estimated duration= 215.000
script duration name:unknown120_60 seconds:214.0
script duration name:co2 seconds:0.0
Script duration 214.0
Run total estimated duration= 215.000
script duration name:unknown120_60 seconds:214.0
script duration name:co2 seconds:0.0
Script duration 214.0
Run total estimated duration= 215.000
script duration name:unknown400_120 seconds:556.0
sniffair_x2 in script context. using previous estimated duration
script duration name:sniffair_x2 seconds:250.0
Script duration 806.0
Run total estimated duration= 807.000
script duration name:unknown400_120 seconds:556.0
script duration name:sniffair_x2 seconds:250.0
Script duration 806.0
Run total estimated duration= 807.000
script duration name:unknown120_60 seconds:214.0
script duration name:co2 seconds:0.0
Script duration 214.0
Run total estimated duration= 215.000
script duration name:unknown120_60 seconds:214.0
script duration name:co2 seconds:0.0
Script duration 214.0
Run total estimated duration= 215.000
script duration name:unknown120_60 seconds:214.0
script duration name:co2 seconds:0.0
Script duration 214.0
Run total estimated duration= 215.000
script duration name:unknown120_60 seconds:214.0
script duration name:co2 seconds:0.0
Script duration 214.0
Run total estimated duration= 215.000
script duration name:unknown120_60 seconds:214.0
script duration name:co2 seconds:0.0
Script duration 214.0
Run total estimated duration= 215.000
script duration name:unknown120_60 seconds:214.0
script duration name:co2 seconds:0.0
Script duration 214.0
Run total estimated duration= 215.000
script duration name:unknown120_60 seconds:214.0
script duration name:co2 seconds:0.0
Script duration 214.0
Run total estimated duration= 215.000
script duration name:unknown120_60 seconds:214.0
script duration name:co2 seconds:0.0
Script duration 214.0
Run total estimated duration= 215.000
script duration name:unknown120_60 seconds:214.0
script duration name:co2 seconds:0.0
Script duration 214.0
Run total estimated duration= 215.000
script duration name:unknown120_60 seconds:214.0
script duration name:co2 seconds:0.0
Script duration 214.0
Run total estimated duration= 215.000
script duration name:unknown120_60 seconds:214.0
script duration name:co2 seconds:0.0
Script duration 214.0
Run total estimated duration= 215.000
script duration name:unknown120_60 seconds:214.0
script duration name:co2 seconds:0.0
Script duration 214.0
Run total estimated duration= 215.000
script duration name:unknown120_60 seconds:214.0
script duration name:co2 seconds:0.0
Script duration 214.0
Run total estimated duration= 215.000
script duration name:unknown120_60 seconds:214.0
script duration name:co2 seconds:0.0
Script duration 214.0
Run total estimated duration= 215.000
script duration name:unknown120_60 seconds:214.0
script duration name:co2 seconds:0.0
Script duration 214.0
Run total estimated duration= 215.000
script duration name:unknown120_60 seconds:214.0
script duration name:co2 seconds:0.0
Script duration 214.0
Run total estimated duration= 215.000
script duration name:unknown120_60 seconds:214.0
script duration name:co2 seconds:0.0
Script duration 214.0
Run total estimated duration= 215.000
script duration name:unknown120_60 seconds:214.0
script duration name:co2 seconds:0.0
Script duration 214.0
Run total estimated duration= 215.000
script duration name:unknown400_120 seconds:556.0
script duration name:co2 seconds:0.0
Script duration 556.0
Run total estimated duration= 557.000
script duration name:unknown400_120 seconds:556.0
script duration name:cocktail_x1 seconds:108.0
Script duration 664.0
Run total estimated duration= 665.000
script duration name:unknown120_60 seconds:214.0
script duration name:cocktail_x1 seconds:108.0
Script duration 322.0
Run total estimated duration= 323.000
script duration name:unknown400_120 seconds:556.0
script duration name:sniffair_x2 seconds:250.0
Script duration 806.0
Run total estimated duration= 807.000
script duration name:unknown400_120 seconds:556.0
script duration name:sniffair_x2 seconds:250.0
Script duration 806.0
Run total estimated duration= 807.000
script duration name:ic_peak_hop3 seconds:134.0
script duration name:air_x1 seconds:106.0
Script duration 240.0
Run total estimated duration= 241.000
script duration name:unknown120_60 seconds:214.0
script duration name:co2 seconds:0.0
Script duration 214.0
Run total estimated duration= 215.000
script duration name:unknown120_60 seconds:214.0
script duration name:co2 seconds:0.0
Script duration 214.0
Run total estimated duration= 215.000
script duration name:unknown120_60 seconds:214.0
script duration name:co2 seconds:0.0
Script duration 214.0
Run total estimated duration= 215.000
script duration name:unknown120_60 seconds:214.0
script duration name:co2 seconds:0.0
Script duration 214.0
Run total estimated duration= 215.000
script duration name:unknown120_60 seconds:214.0
script duration name:co2 seconds:0.0
Script duration 214.0
Run total estimated duration= 215.000
script duration name:unknown120_60 seconds:214.0
script duration name:co2 seconds:0.0
Script duration 214.0
Run total estimated duration= 215.000
script duration name:unknown120_60 seconds:214.0
script duration name:co2 seconds:0.0
Script duration 214.0
Run total estimated duration= 215.000
script duration name:unknown120_60 seconds:214.0
script duration name:co2 seconds:0.0
Script duration 214.0
Run total estimated duration= 215.000
script duration name:unknown120_60 seconds:214.0
script duration name:co2 seconds:0.0
Script duration 214.0
Run total estimated duration= 215.000
script duration name:unknown120_60 seconds:214.0
script duration name:co2 seconds:0.0
Script duration 214.0
Run total estimated duration= 215.000
script duration name:unknown120_60 seconds:214.0
script duration name:co2 seconds:0.0
Script duration 214.0
Run total estimated duration= 215.000
script duration name:unknown120_60 seconds:214.0
script duration name:co2 seconds:0.0
Script duration 214.0
Run total estimated duration= 215.000
script duration name:unknown120_60 seconds:214.0
script duration name:co2 seconds:0.0
Script duration 214.0
Run total estimated duration= 215.000
script duration name:unknown120_60 seconds:214.0
script duration name:co2 seconds:0.0
Script duration 214.0
Run total estimated duration= 215.000
script duration name:unknown120_60 seconds:214.0
script duration name:co2 seconds:0.0
Script duration 214.0
Run total estimated duration= 215.000
script duration name:unknown400_120 seconds:556.0
script duration name:co2 seconds:0.0
Script duration 556.0
Run total estimated duration= 557.000
script duration name:unknown400_120 seconds:556.0
script duration name:cocktail_x1 seconds:108.0
Script duration 664.0
Run total estimated duration= 665.000
script duration name:unknown120_60 seconds:214.0
script duration name:cocktail_x1 seconds:108.0
Script duration 322.0
Run total estimated duration= 323.000
script duration name:ic_peak_hop3 seconds:134.0
script duration name:air_x1 seconds:106.0
Script duration 240.0
Run total estimated duration= 241.000
script duration name:unknown120_60 seconds:214.0
script duration name:co2 seconds:0.0
Script duration 214.0
Run total estimated duration= 215.000
script duration name:unknown120_60 seconds:214.0
script duration name:co2 seconds:0.0
Script duration 214.0
Run total estimated duration= 215.000
script duration name:unknown120_60 seconds:214.0
script duration name:co2 seconds:0.0
Script duration 214.0
Run total estimated duration= 215.000
script duration name:unknown120_60 seconds:214.0
script duration name:co2 seconds:0.0
Script duration 214.0
Run total estimated duration= 215.000
script duration name:unknown120_60 seconds:214.0
script duration name:co2 seconds:0.0
Script duration 214.0
Run total estimated duration= 215.000
script duration name:unknown120_60 seconds:214.0
script duration name:co2 seconds:0.0
Script duration 214.0
Run total estimated duration= 215.000
script duration name:unknown120_60 seconds:214.0
script duration name:co2 seconds:0.0
Script duration 214.0
Run total estimated duration= 215.000
script duration name:unknown120_60 seconds:214.0
script duration name:co2 seconds:0.0
Script duration 214.0
Run total estimated duration= 215.000
script duration name:unknown120_60 seconds:214.0
script duration name:co2 seconds:0.0
Script duration 214.0
Run total estimated duration= 215.000
script duration name:unknown120_60 seconds:214.0
script duration name:co2 seconds:0.0
Script duration 214.0
Run total estimated duration= 215.000
script duration name:unknown400_120 seconds:556.0
script duration name:sniffair_x2 seconds:250.0
Script duration 806.0
Run total estimated duration= 807.000
script duration name:unknown400_120 seconds:556.0
script duration name:sniffair_x2 seconds:250.0
Script duration 806.0
Run total estimated duration= 807.000
script duration name:unknown400_120 seconds:556.0
script duration name:co2 seconds:0.0
Script duration 556.0
Run total estimated duration= 557.000
nruns=109 before=5.0, run_dur=31967.0, btw=4860.0
write rem/ex queues
/Users/jan/PychronDev/experiments/rem/CurrentExperiment.rem.txt
/Users/jan/PychronDev/experiments/rem/CurrentExperiment.ex.txt
doing event level: 3
