do run
loading script "jan_unknown120_60.py"
loading script "jan_pump_ms.py"
loading script "jan_co2.py"
loading script "jan_pump_extraction_line.py"
testing...
no interpolation path defined
executed 213.652928
script duration name:unknown120_60 seconds:214.0
loading script "jan_unknown120_60.py"
loading script "jan_pump_ms.py"
loading script "jan_co2.py"
loading script "jan_pump_extraction_line.py"
testing...
no interpolation path defined
executed 0
loading script "jan_unknown120_60.py"
loading script "jan_pump_ms.py"
loading script "jan_co2.py"
loading script "jan_pump_extraction_line.py"
testing...
no interpolation path defined
calculate duration
testing...
no interpolation path defined
executed 0
calculate duration
testing...
no interpolation path defined
executed 0
executed 0.0
script duration name:co2 seconds:0.0
loading script "jan_unknown120_60.py"
loading script "jan_pump_ms.py"
loading script "jan_co2.py"
loading script "jan_pump_extraction_line.py"
testing...
no interpolation path defined
calculate duration
testing...
no interpolation path defined
executed 4.0
executed 4.0
Script duration 214.0
Run total estimated duration= 215.000
run duration: 0:03:35
doing event level: 2
23:56:36 -- Setting default integration. t=1.048576
setting integration time = 1.048576
SetIntegrationTime 1.048576 ===>> OK
----------------- start -----------------
**************** Experiment Type: Ar/Ar, Ar/Ar
create new session 5004766384
close session 5004766384
$$$$$ Clearing conditionals
adding conditionals 
Add queue conditionals
add default conditionals
adding default conditionals from /Users/jan/PychronDev/setupfiles/spectrometer/default_conditionals.yaml
Start automated run 65569-29
loading script "jan_unknown120_60.py"
loading script "jan_pump_ms.py"
loading script "jan_co2.py"
loading script "jan_pump_extraction_line.py"
%%%%%%%%%%%%%%%%%% setting automated run 65569-29
No value "sensitivity_multiplier" in metadata
$$$$$$$$$$$$$$$ auto_save_detector_ic=False
============================= Pre Extraction Check =============================
loading queue conditionals pre_run_terminations
loading system conditionals pre_run_terminations
loading conditionals from /Users/jan/PychronDev/setupfiles/spectrometer/default_conditionals.yaml
23:56:36 -- ******* Pre Extraction Check *******
Get a measurement from the spectrometer
GetData ===>> H2,-0.136703991546026,H1,-0.0864713070254151,AX,-0.115822442865494,L1,-0.0296706430858228,L2,-0.0...
Pre Extraction Termination data. keys=H2,H1,AX,L1,L2,CDD, signals=-0.13670,-0.08647,-0.11582,-0.02967,-0.06277,0.00402
23:56:36 -- testing system defined conditionals
Checking default pre extraction terminations n=2
testing CDD
evaluate ot="CDD.inactive" t="CDD", ctx="{'CDD': False}"
GetDeflection CDD ===>> 50
testing CDD==2000
evaluate ot="CDD.deflection==2000" t="CDD==2000", ctx="{'CDD': 50.0}"
23:56:36 -- ******* Pre Extraction Check Passed *******
=================================================================================
23:56:36 -- stopping status monitor
stop 4976489392
Alive clients [4984697584]
23:56:36 -- starting status monitor
start 4976489392
Monitor already running
start extraction
do extraction
Analysis started at 23:56:36.204857
Extraction Started jan_co2.py
23:56:36 -- ******* Extraction Started jan_co2.py *******
state changed from not run to extraction
DO EXTRACTION <pychron.extraction_line.pyscript_runner.RemotePyScriptRunner object at 0x12988f3b0>
testing...
no interpolation path defined
calculate duration
testing...
no interpolation path defined
executed 0
calculate duration
testing...
no interpolation path defined
executed 0
executed 100.0
Jan CO2 laser analysis
doing GOSUB
testing...
no interpolation path defined
executed 0
Waiting for CO2 access
wait ('FelixCO2Flag', 0) {}
waiting for FelixCO2Flag = 0
Read FelixCO2Flag ===>> 0
finished waiting
CO2 free
wait ('CO2PumpTimeFlag', 0) {}
waiting for CO2PumpTimeFlag = 0
Read CO2PumpTimeFlag ===>> 0
finished waiting
acquire ('JanCO2Flag',) {'clear': True}
acquire JanCO2Flag
Set JanCO2Flag 1 ===>> OK
JanCO2Flag acquired
set extraction state False (0.75, 'red', 1.5)
CO2 acquired
executed 0
WaitForCO2Access.py completed successfully
gosub finished
doing GOSUB
testing...
no interpolation path defined
executed 0
Prepare for CO2 analysis
close () {'description': 'Jan Inlet'}
closing name=--- desc=Jan Inlet
checking ownership. requestor=129.138.12.150
check software interlocks R
interlocks []
actuate state mode=None-script, software_lock=False
doing actuation None-script close_channel False
Close R ===>> OK
GetIndicatorState R ===>> False
change switch state (True, True)
update switch state R False args=() kw={} ncanvase=2
23:56:36 -- CLOSE  VALVE-R (Jan Inlet)
---------------------------------------- close None (Jan Inlet) result=[(True, True)]
action=close, ok=True, locked=[False]
open () {'description': 'Jan Ion Pump'}
opening name=--- desc=Jan Ion Pump
checking ownership. requestor=129.138.12.150
check software interlocks O
interlocks []
actuate state mode=None-script, software_lock=False
doing actuation None-script open_channel False
Open O ===>> OK
GetIndicatorState O ===>> OK
change switch state (True, True)
update switch state O True args=() kw={} ncanvase=2
23:56:37 -- OPEN   VALVE-O (Jan Ion Pump)
---------------------------------------- open None (Jan Ion Pump) result=[(True, True)], time=0.12 sec
action=open, ok=True, locked=[False]
close () {'description': 'Microbone to Minibone'}
closing name=--- desc=Microbone to Minibone
checking ownership. requestor=129.138.12.150
check software interlocks L
interlocks []
actuate state mode=None-script, software_lock=False
doing actuation None-script close_channel False
Close L ===>> OK
GetIndicatorState L ===>> False
change switch state (True, True)
update switch state L False args=() kw={} ncanvase=2
23:56:37 -- CLOSE  VALVE-L (Microbone to Minibone)
---------------------------------------- close None (Microbone to Minibone) result=[(True, True)]
action=close, ok=True, locked=[False]
open () {'description': 'Microbone to Turbo'}
opening name=--- desc=Microbone to Turbo
checking ownership. requestor=129.138.12.150
check software interlocks U
interlocks []
actuate state mode=None-script, software_lock=False
doing actuation None-script open_channel False
Open U ===>> OK
GetIndicatorState U ===>> OK
change switch state (True, True)
update switch state U True args=() kw={} ncanvase=2
23:56:38 -- OPEN   VALVE-U (Microbone to Turbo)
---------------------------------------- open None (Microbone to Turbo) result=[(True, True)], time=0.16 sec
action=open, ok=True, locked=[False]
open () {'description': 'Microbone to Inlet Pipette'}
opening name=--- desc=Microbone to Inlet Pipette
checking ownership. requestor=129.138.12.150
check software interlocks S
interlocks []
actuate state mode=None-script, software_lock=False
doing actuation None-script open_channel False
Open S ===>> OK
GetIndicatorState S ===>> OK
change switch state (True, True)
update switch state S True args=() kw={} ncanvase=2
23:56:38 -- OPEN   VALVE-S (Microbone to Inlet Pipette)
---------------------------------------- open None (Microbone to Inlet Pipette) result=[(True, True)], time=0.40 sec
Get Checksum: -1965264452
action=open, ok=True, locked=[False]
open () {'description': 'Microbone to Getter D-50'}
opening name=--- desc=Microbone to Getter D-50
checking ownership. requestor=129.138.12.150
check software interlocks K
interlocks []
actuate state mode=None-script, software_lock=False
doing actuation None-script open_channel False
Open K ===>> OK
GetIndicatorState K ===>> OK
change switch state (True, True)
update switch state K True args=() kw={} ncanvase=2
23:56:39 -- OPEN   VALVE-K (Microbone to Getter D-50)
---------------------------------------- open None (Microbone to Getter D-50) result=[(True, True)], time=0.40 sec
action=open, ok=True, locked=[False]
open () {'description': 'Microbone to Getter NP-10'}
opening name=--- desc=Microbone to Getter NP-10
checking ownership. requestor=129.138.12.150
check software interlocks M
interlocks []
actuate state mode=None-script, software_lock=False
doing actuation None-script open_channel False
Open M ===>> OK
GetIndicatorState M ===>> OK
change switch state (True, True)
update switch state M True args=() kw={} ncanvase=2
23:56:39 -- OPEN   VALVE-M (Microbone to Getter NP-10)
---------------------------------------- open None (Microbone to Getter NP-10) result=[(True, True)], time=0.15 sec
action=open, ok=True, locked=[False]
close () {'description': 'CO2 Laser to Felix'}
closing name=--- desc=CO2 Laser to Felix
checking ownership. requestor=129.138.12.150
check software interlocks F
interlocks []
actuate state mode=None-script, software_lock=True
VALVE-F(CO2 Laser to Felix) software locked
change switch state (True, False)
---------------------------------------- close None (CO2 Laser to Felix) result=[(True, False)]
action=close, ok=True, locked=[True]
open () {'description': 'CO2 Laser to Jan'}
opening name=--- desc=CO2 Laser to Jan
checking ownership. requestor=129.138.12.150
check software interlocks A
interlocks []
actuate state mode=None-script, software_lock=False
doing actuation None-script open_channel False
Open A ===>> OK
GetIndicatorState A ===>> OK
change switch state (True, True)
update switch state A True args=() kw={} ncanvase=2
23:56:40 -- OPEN   VALVE-A (CO2 Laser to Jan)
---------------------------------------- open None (CO2 Laser to Jan) result=[(True, True)], time=0.14 sec
action=open, ok=True, locked=[False]
open () {'description': 'Microbone to CO2 Laser'}
opening name=--- desc=Microbone to CO2 Laser
checking ownership. requestor=129.138.12.150
check software interlocks T
interlocks []
actuate state mode=None-script, software_lock=False
doing actuation None-script open_channel False
Open T ===>> OK
GetIndicatorState T ===>> OK
change switch state (True, True)
update switch state T True args=() kw={} ncanvase=2
23:56:40 -- OPEN   VALVE-T (Microbone to CO2 Laser)
---------------------------------------- open None (Microbone to CO2 Laser) result=[(True, True)], time=0.40 sec
action=open, ok=True, locked=[False]
executed 0
PrepareForCO2Analysis.py completed successfully
gosub finished
set_motor ('beam', '1.25') {}
setting motor "beam" to 1.25
set motor beam to 1.25
SetMotor beam,1.25 ===>> OK
GetMotorMoving beam ===>> False
Get Checksum: -1965264452
GetMotorMoving beam ===>> False
Block completed
move_to_position ('178',) {'autocenter': True}
FusionsCO2 move to position 178
sending GoToHole 178,True
GoToHole 178,True ===>> OK
GetDriveMoving ===>> OK
GetDriveMoving ===>> OK
GetDriveMoving ===>> OK
GetDriveMoving ===>> OK
GetDriveMoving ===>> OK
GetDriveMoving ===>> OK
GetDriveMoving ===>> False
GetDriveMoving ===>> OK
Get Checksum: -1965264452
GetDriveMoving ===>> OK
GetDriveMoving ===>> OK
GetDriveMoving ===>> OK
GetDriveMoving ===>> OK
GetDriveMoving ===>> OK
GetDriveMoving ===>> OK
GetDriveMoving ===>> OK
GetDriveMoving ===>> OK
GetDriveMoving ===>> OK
GetDriveMoving ===>> OK
GetDriveMoving ===>> OK
GetDriveMoving ===>> OK
Get Checksum: -1965264452
GetDriveMoving ===>> OK
GetDriveMoving ===>> OK
GetDriveMoving ===>> OK
GetDriveMoving ===>> OK
GetDriveMoving ===>> OK
GetDriveMoving ===>> OK
GetDriveMoving ===>> False
Block completed
GetAutoCorrecting ===>> False
GetAutoCorrecting ===>> False
Block completed
update position
GetPosition ===>> 3.98780,-7.97560,1.00000
got position (3.9878, -7.9756, 1.0)
move to position succeeded
sleep (5,) {}
SLEEP 5.0
block started
WaitControl setup for 5.0  
Get Checksum: -1965264452
Get Checksum: -1965264452
Join finished
block finished. duration 5.02279496193
close () {'description': 'Microbone to Turbo'}
closing name=--- desc=Microbone to Turbo
checking ownership. requestor=129.138.12.150
check software interlocks U
interlocks []
actuate state mode=None-script, software_lock=False
doing actuation None-script close_channel True
Close U ===>> OK
GetIndicatorState U ===>> False
change switch state (True, True)
update switch state U False args=() kw={} ncanvase=2
23:56:55 -- CLOSE  VALVE-U (Microbone to Turbo)
---------------------------------------- close None (Microbone to Turbo) result=[(True, True)]
action=close, ok=True, locked=[False]
enable laser
enable () {}
set extraction state FusionsCO2 Enabled (False, 'red', 1.5)
enabling laser
Enable ===>> OK
begin interval
BEGIN INTERVAL Interval 1 waiting for 30.0
block started
WaitControl setup for 30.0  
set extract to 5.0
extract (5.0,) {}
GetPosition ===>> 3.98780,-7.97560,1.00000
set extraction state FusionsCO2 ON! 5.0(watts) (0.75, 'red', 1.5)
extract sample to 5.0 (watts)
set laser output
SetLaserOutput 5.0,watts ===>> OK
executing pattern triangle.lp
execute_pattern ('triangle.lp',) {}
executing pattern triangle.lp
Get Checksum: 1551197106
IsPatterning ===>> OK
IsPatterning ===>> OK
IsPatterning ===>> OK
Get Checksum: 1551197106
IsPatterning ===>> OK
IsPatterning ===>> OK
IsPatterning ===>> OK
Get Checksum: 1551197106
IsPatterning ===>> OK
IsPatterning ===>> OK
IsPatterning ===>> OK
Get Checksum: 1551197106
IsPatterning ===>> OK
IsPatterning ===>> OK
IsPatterning ===>> OK
Get Checksum: 1551197106
IsPatterning ===>> OK
IsPatterning ===>> OK
IsPatterning ===>> OK
Get Checksum: 1551197106
IsPatterning ===>> OK
IsPatterning ===>> OK
IsPatterning ===>> OK
Get Checksum: 1551197106
IsPatterning ===>> OK
IsPatterning ===>> OK
IsPatterning ===>> OK
Get Checksum: 1551197106
IsPatterning ===>> OK
IsPatterning ===>> OK
IsPatterning ===>> OK
Get Checksum: 1551197106
IsPatterning ===>> OK
IsPatterning ===>> OK
IsPatterning ===>> False
Get Checksum: 1551197106
IsPatterning ===>> False
Block completed
COMPLETE INTERVAL waiting for Interval 1 to complete
Join finished
block finished. duration 30.0647809505
Interval 1 finished
end_extract () {}
ending extraction. set laser power to 0
set laser power 0
SetLaserPower 0 ===>> OK
disable () {}
%%%%%%%%%%%%%%%%%%%%%%%%%%%%%%%%%%% disable
set extraction state False (0.75, 'red', 1.5)
disabling laser
Disable ===>> OK
sleep (30.0,) {}
SLEEP 30.0
block started
WaitControl setup for 30.0  
Get Checksum: 1551197106
Get Checksum: 1551197106
Get Checksum: 1551197106
Get Checksum: 1551197106
Get Checksum: 1551197106
Get Checksum: 1551197106
Get Checksum: 1551197106
Get Checksum: 1551197106
Get Checksum: 1551197106
Get Checksum: 1551197106
Join finished
block finished. duration 30.0664300919
executed 166.5
jan_co2.py completed successfully
GetAchievedOutput ===>> No Response
Requested Output= 0.000
Achieved Output=  0.000
GetResponseBlob ===>> No Response
GetOutputBlob ===>> No Response
persistence save...
persistence save - db
AutomatedRunPersister post_extraction_save deprecated
persistence save - dvc
no extraction position for 178
create new session 4984345712
close session 4984345712
Extraction Finished
23:57:56 -- ******* Extraction Finished *******
no overlap. not waiting for min ms pumptime
23:57:56 -- Sending spectrometer configuration
======== Sending configuration ========
SetDeflection CDD,50.0 ===>> OK
SetDeflection H2,0.0 ===>> OK
SetDeflection H1,0.0 ===>> OK
SetDeflection L2,825.0 ===>> OK
SetDeflection L1,400.0 ===>> OK
SetDeflection AX,190.0 ===>> OK
SetZFocus 74.64 ===>> OK
SetZSymmetry -50.72 ===>> OK
SetExtractionLens 26.13 ===>> OK
SetIonRepeller -3.81 ===>> OK
SetElectronEnergy 75.08 ===>> OK
SetYSymmetry -2.81 ===>> OK
SetIonCounterVoltage 1590.0 ===>> OK
send trap current 200.0
GetParameter Trap Current Readback ===>> 198.147042666178
SetParameter Trap Current Set,200.0 ===>> OK
updating mftable name mftable
Using mftable located at /Users/jan/PychronDev/setupfiles/spectrometer/mftables/mftable.csv
============ MFtable ===========
Isotope  H2     H1     AX     L1     L2     CDD    
Ar40     5.7803 5.8789 5.9923 6.1203 6.2306 6.3485
Ar39     5.6796 5.7712 5.8847 6.0063 6.1158 6.2350
Ar36     5.3571 5.4402 5.5481 5.6652 5.7707 5.8861
================================
get initial guess parabolic
get initial guess parabolic
get initial guess parabolic
get initial guess parabolic
get initial guess parabolic
get initial guess parabolic
======== Configuration Finished ========
GetYSymmetry ===>> -2.81
GetZSymmetry ===>> -50.72
GetParameter Trap Current Readback ===>> 198.370811206739
GetHighVoltage ===>> 4500
start measurement
do measurement
L#=65569 analysis type=unknown
Measurement Started jan_unknown120_60.py
23:57:57 -- ******* Measurement Started jan_unknown120_60.py *******
state changed from extraction to measurement
setting spec, defl, and gains
GetExtractionLens ===>> 26.13
GetYSymmetry ===>> -2.81
GetZSymmetry ===>> -50.72
GetZFocus ===>> 74.64
GetDeflection H2 ===>> 0
GetDeflection H1 ===>> 0
GetDeflection AX ===>> 190
GetDeflection L1 ===>> 400
GetDeflection L2 ===>> 825
GetDeflection CDD ===>> 50
GetGain H2 ===>> 0.0113
GetGain H1 ===>> 0.1
GetGain AX ===>> 0.097049
GetGain L1 ===>> 0.010355
GetGain L2 ===>> 0.095649
GetGain CDD ===>> 0
pre measurement save
New frame /Users/jan/PychronDev/data/isotopes/27/79aa90-5986-446c-886e-2cf92c3fd001.h5
flush and close file /Users/jan/PychronDev/data/isotopes/27/79aa90-5986-446c-886e-2cf92c3fd001.h5
testing...
no interpolation path defined
executed 226.132928
unknown measurement script
activate_detectors ('H2', 'H1', 'AX', 'L1', 'L2', 'CDD') {}
activate detectors
*************** Set Analysis View Ar/Ar
create graphs
Get Checksum: 1551197106
clearing graphs
clear isotope group
setting isotope det=H2, iso=PM41
setting isotope det=H1, iso=Ar40
setting isotope det=AX, iso=Ar39
setting isotope det=L1, iso=Ar38
setting isotope det=L2, iso=Ar37
setting isotope det=CDD, iso=Ar36
setting previous blanks
 - setting Ar40 blank 0.871+/-0.007
 - setting Ar36 blank 0.00687+/-0.00022
 - setting Ar37 blank 0.041+/-0.005
 - setting Ar38 blank 0.0207+/-0.0024
 - setting PM41 blank 0.01+/-0.07
 - setting Ar39 blank 0.025+/-0.008
load analysis view
position_magnet ('Ar40',) {'detector': 'H1'}
detector Detector(H1)
POSITION Ar40 H1
setting detector H2 to PM41 (40.9624)
setting detector H1 to Ar40 (39.9624)
setting detector AX to Ar39 (38.9624)
setting detector L1 to Ar38 (37.9624)
setting detector L2 to Ar37 (36.9624)
setting detector CDD to Ar36 (35.9624)
Mapping mass to dac mass func: "parabolic"
H1 map mass coeffs = [-0.00063987  0.15840543  0.57053999]
H1 map mass to dac 39.9624 >> 5.87893
GetDeflection H1 ===>> 0
GetHighVoltage ===>> 4500
positioning Ar40 (5.87893) on H1
setting magnet DAC
current  : 5.878931
requested: 5.878930
Delta Dac: 0.000001
Checking detector protection. dv=0.00000
Checking detector "CDD". Protection Threshold: 0.1 (V)
SetMagnetDAC 5.87893 ===>> OK
Magnet settling time: 0.500
equilibrate () {'delay': 3, 'inlet': 'R', 'outlet': 'O', 'eqtime': 12.0}
Equilibration Started
23:57:58 -- ******* Equilibration Started *******
checking ownership. requestor=129.138.12.150
check software interlocks O
interlocks []
actuate state mode=None-script, software_lock=False
doing actuation None-script close_channel True
Close O ===>> OK
GetIndicatorState O ===>> False
change switch state (True, True)
update switch state O False args=() kw={} ncanvase=2
23:57:58 -- CLOSE  VALVE-O (Jan Ion Pump)
waiting 3s before opening inlet value ('R',)
Get Checksum: -598318598
checking ownership. requestor=129.138.12.150
check software interlocks R
interlocks []
actuate state mode=None-script, software_lock=False
doing actuation None-script open_channel True
Open R ===>> OK
GetIndicatorState R ===>> OK
change switch state (True, True)
update switch state R True args=() kw={} ncanvase=2
23:58:02 -- OPEN   VALVE-R (Jan Inlet)
set_time_zero () {}
equilibrating for 12.0sec
sniff (12.0,) {}
py_sniff
build tables- sniff [Detector(H2), Detector(H1), Detector(AX), Detector(L1), Detector(L2), Detector(CDD)]
add group /sniff/PM41 (Group) '' table H2
add group /sniff/Ar40 (Group) '' table H1
add group /sniff/Ar39 (Group) '' table AX
add group /sniff/Ar38 (Group) '' table L1
add group /sniff/Ar37 (Group) '' table L2
add group /sniff/Ar36 (Group) '' table CDD
flush and close file /Users/jan/PychronDev/data/isotopes/27/79aa90-5986-446c-886e-2cf92c3fd001.h5
measuring sniff. ncounts=12.0
starting measurement
GetData ===>> H2,-0.209776898535962,H1,7.83076700679233,AX,1.85218968428195,L1,0.0490417738586735,L2,0.01143251...
Get Checksum: -1449001502
GetData ===>> H2,0.940782287298237,H1,450.373080905669,AX,101.184320709248,L1,0.508516951182478,L2,0.7787155779...
GetData ===>> H2,0.768137361698353,H1,853.476221507534,AX,184.232165632764,L1,1.44602477744555,L2,0.89619203539...
GetData ===>> H2,0.308883790752945,H1,981.480096493067,AX,207.113444366513,L1,2.02072070803846,L2,0.98891390196...
Get Checksum: -1449001502
GetData ===>> H2,0.14837481922083,H1,1025.31299792202,AX,214.329029126533,L1,2.35101811427938,L2,0.885761555199...
GetData ===>> H2,0.056205791554243,H1,1042.06756262561,AX,216.83383787574,L1,2.51745842473512,L2,0.987538573043...
GetData ===>> H2,-0.0326795730756588,H1,1048.77239051556,AX,218.194309201277,L1,2.64233365689608,L2,0.995071075...
GetData ===>> H2,0.00185456128580908,H1,1052.16631881693,AX,218.697643558462,L1,2.71421051427094,L2,0.925153716...
GetData ===>> H2,0.0896542532145551,H1,1053.63979795804,AX,218.909642330713,L1,2.76784899574014,L2,0.9550063207...
Get Checksum: -1449001502
GetData ===>> H2,0.00535050545194216,H1,1054.03478279528,AX,218.965174016088,L1,2.79417630829378,L2,0.991979348...
GetData ===>> H2,-0.0791741937482332,H1,1054.11277291184,AX,219.025430312072,L1,2.80377024436459,L2,0.928257680...
Equilibration Finished
23:58:14 -- ******* Equilibration Finished *******
GetData ===>> H2,-0.0105648768238031,H1,1054.28299955505,AX,218.838503184288,L1,2.81819385697581,L2,0.960769422...
checking ownership. requestor=129.138.12.150
check software interlocks R
interlocks []
actuate state mode=None-script, software_lock=False
doing actuation None-script close_channel True
Close R ===>> OK
set states for children of R. state=False
handle state [('R', False)]
update switch state R False args=() kw={'refresh': False} ncanvase=2
refresh_canvas_needed fired
Get Checksum: -598318598
GetIndicatorState R ===>> False
change switch state (True, True)
update switch state R False args=() kw={} ncanvase=2
23:58:15 -- CLOSE  VALVE-R (Jan Inlet)
Post Equilibration Started jan_pump_extraction_line.py
23:58:15 -- ******* Post Equilibration Started jan_pump_extraction_line.py *******
testing...
no interpolation path defined
calculate duration
testing...
no interpolation path defined
executed 4.0
executed 4.0
Pump after analysis
doing GOSUB
testing...
no interpolation path defined
executed 4.0
Pump Microbone
close () {'description': 'Jan Inlet'}
closing name=--- desc=Jan Inlet
checking ownership. requestor=129.138.12.150
check software interlocks R
interlocks []
actuate state mode=None-script, software_lock=False
doing actuation None-script close_channel False
measurement finished
estimated time: 12.583 actual time: :12.660
flush and close file /Users/jan/PychronDev/data/isotopes/27/79aa90-5986-446c-886e-2cf92c3fd001.h5
set_fits () {}
Close R ===>> OK
using default fits file=/Users/jan/PychronDev/scripts/measurement/fits/nominal_linear.yaml
set "Ar40" to "('Linear', 'SEM')"
No fit for "PM41". defaulting to linear. check the measurement script "jan_unknown120_60.py"
set "PM41" to "linear"
set "Ar36" to "('Linear', 'SEM')"
set "Ar37" to "('linear', 'SEM')"
set "Ar38" to "('linear', 'SEM')"
set "Ar39" to "('Linear', 'SEM')"
set_baseline_fits () {}
using default fits file=/Users/jan/PychronDev/scripts/measurement/fits/nominal_linear.yaml
set "H1" to "('average', 'SEM')"
set "H2" to "('average', 'SEM')"
set "CDD" to "('average', 'SEM')"
set "L2" to "('average', 'SEM')"
set "L1" to "('average', 'SEM')"
set "AX" to "('average', 'SEM')"
multicollect () {'integration_time': 1, 'ncounts': 120}
build tables- signal [Detector(H2), Detector(H1), Detector(AX), Detector(L1), Detector(L2), Detector(CDD)]
add group /signal/PM41 (Group) '' table H2
add group /signal/Ar40 (Group) '' table H1
add group /signal/Ar39 (Group) '' table AX
add group /signal/Ar38 (Group) '' table L1
add group /signal/Ar37 (Group) '' table L2
add group /signal/Ar36 (Group) '' table CDD
flush and close file /Users/jan/PychronDev/data/isotopes/27/79aa90-5986-446c-886e-2cf92c3fd001.h5
measuring signal. ncounts=120
GetIndicatorState R ===>> False
change switch state (True, True)
update switch state R False args=() kw={} ncanvase=2
23:58:15 -- CLOSE  VALVE-R (Jan Inlet)
---------------------------------------- close None (Jan Inlet) result=[(True, True)]
action=close, ok=True, locked=[False]
is_closed ('F',) {}
is F () closed?
is closed True
open () {'description': 'CO2 Laser to Jan'}
opening name=--- desc=CO2 Laser to Jan
checking ownership. requestor=129.138.12.150
check software interlocks A
interlocks []
actuate state mode=None-script, software_lock=False
doing actuation None-script open_channel False
Open A ===>> OK
GetIndicatorState A ===>> OK
change switch state (True, True)
update switch state A True args=() kw={} ncanvase=2
23:58:15 -- OPEN   VALVE-A (CO2 Laser to Jan)
---------------------------------------- open None (CO2 Laser to Jan) result=[(True, True)], time=0.12 sec
starting measurement
GetData ===>> H2,0.0100692119448239,H1,1053.91496041884,AX,218.913634790604,L1,2.79713426615737,L2,0.9769377395...
action=open, ok=True, locked=[False]
sleep (1,) {}
SLEEP 1.0
GetData ===>> H2,0.0163184795927433,H1,1053.58016495796,AX,219.010463218681,L1,2.83208126072865,L2,0.9113188154...
close () {'description': 'CO2 Laser to Roughing'}
closing name=--- desc=CO2 Laser to Roughing
checking ownership. requestor=129.138.12.150
check software interlocks G
interlocks []
actuate state mode=None-script, software_lock=True
VALVE-G(CO2 Laser to Roughing) software locked
change switch state (True, False)
---------------------------------------- close None (CO2 Laser to Roughing) result=[(True, False)]
action=close, ok=True, locked=[True]
open () {'description': 'Microbone to Turbo'}
opening name=--- desc=Microbone to Turbo
checking ownership. requestor=129.138.12.150
check software interlocks U
interlocks []
actuate state mode=None-script, software_lock=False
doing actuation None-script open_channel True
Open U ===>> OK
GetIndicatorState U ===>> OK
change switch state (True, True)
update switch state U True args=() kw={} ncanvase=2
23:58:17 -- OPEN   VALVE-U (Microbone to Turbo)
---------------------------------------- open None (Microbone to Turbo) result=[(True, True)], time=0.22 sec
action=open, ok=True, locked=[False]
open () {'description': 'Microbone to Getter NP-10'}
opening name=--- desc=Microbone to Getter NP-10
checking ownership. requestor=129.138.12.150
check software interlocks M
interlocks []
actuate state mode=None-script, software_lock=False
doing actuation None-script open_channel False
Open M ===>> OK
GetIndicatorState M ===>> OK
change switch state (True, True)
update switch state M True args=() kw={} ncanvase=2
23:58:17 -- OPEN   VALVE-M (Microbone to Getter NP-10)
---------------------------------------- open None (Microbone to Getter NP-10) result=[(True, True)], time=0.14 sec
action=open, ok=True, locked=[False]
open () {'description': 'Microbone to Getter D-50'}
opening name=--- desc=Microbone to Getter D-50
checking ownership. requestor=129.138.12.150
check software interlocks K
interlocks []
actuate state mode=None-script, software_lock=False
doing actuation None-script open_channel False
GetData ===>> H2,-0.0412521440238976,H1,1053.1262724074,AX,218.767753389946,L1,2.85292094405241,L2,0.9292541770...
Open K ===>> OK
Get Checksum: -860229079
GetIndicatorState K ===>> OK
change switch state (True, True)
update switch state K True args=() kw={} ncanvase=2
23:58:18 -- OPEN   VALVE-K (Microbone to Getter D-50)
---------------------------------------- open None (Microbone to Getter D-50) result=[(True, True)], time=0.41 sec
action=open, ok=True, locked=[False]
open () {'description': 'Microbone to CO2 Laser'}
opening name=--- desc=Microbone to CO2 Laser
checking ownership. requestor=129.138.12.150
check software interlocks T
interlocks []
actuate state mode=None-script, software_lock=False
doing actuation None-script open_channel False
Open T ===>> OK
GetIndicatorState T ===>> OK
change switch state (True, True)
update switch state T True args=() kw={} ncanvase=2
23:58:19 -- OPEN   VALVE-T (Microbone to CO2 Laser)
---------------------------------------- open None (Microbone to CO2 Laser) result=[(True, True)], time=0.44 sec
GetData ===>> H2,-0.0873894892546029,H1,1052.54561132831,AX,218.389537798491,L1,2.84288731009752,L2,0.999250791...
action=open, ok=True, locked=[False]
open () {'description': 'Microbone to Inlet Pipette'}
opening name=--- desc=Microbone to Inlet Pipette
checking ownership. requestor=129.138.12.150
check software interlocks S
interlocks []
actuate state mode=None-script, software_lock=False
doing actuation None-script open_channel False
Open S ===>> OK
GetIndicatorState S ===>> OK
change switch state (True, True)
update switch state S True args=() kw={} ncanvase=2
23:58:19 -- OPEN   VALVE-S (Microbone to Inlet Pipette)
---------------------------------------- open None (Microbone to Inlet Pipette) result=[(True, True)], time=0.44 sec
action=open, ok=True, locked=[False]
sleep (1,) {}
SLEEP 1.0
GetData ===>> H2,-0.0836300180301264,H1,1052.09188809739,AX,218.502313578626,L1,2.79776557812134,L2,0.870627350...
set_resource () {'name': 'CO2PumpTimeFlag', 'value': 30}
Set CO2PumpTimeFlag 30 ===>> OK
release ('JanCO2Flag',) {}
release JanCO2Flag
Set JanCO2Flag 0 ===>> OK
executed 6.0
PumpMicrobone.py completed successfully
gosub finished
get_resource_value () {'name': 'JanMiniboneFlag'}
Read JanMiniboneFlag ===>> 0
Get Resource Value JanMiniboneFlag=0.0
get resource value 0.0
get_resource_value () {'name': 'JanMiniboneFlag'}
Read JanMiniboneFlag ===>> 0
Get Resource Value JanMiniboneFlag=0.0
executed 4.0
jan_pump_extraction_line.py completed successfully
Post Equilibration Finished
23:58:21 -- ******* Post Equilibration Finished *******
GetData ===>> H2,-0.089395842187625,H1,1051.51121217148,AX,218.431043994177,L1,2.76439530374379,L2,0.9452682665...
Get Checksum: -860229079
GetData ===>> H2,0.00790753296862261,H1,1050.90317834562,AX,218.229593540597,L1,2.7649945060616,L2,0.9757803139...
GetData ===>> H2,-0.0538787419480632,H1,1050.38141212041,AX,218.178514400996,L1,2.77159496648376,L2,0.862946680...
GetData ===>> H2,-0.14820795861587,H1,1050.33646824886,AX,218.182598298936,L1,2.7712197154189,L2,0.874095872032...
Get Checksum: -860229079
GetData ===>> H2,-0.0935105263973308,H1,1050.32178579355,AX,217.919926154824,L1,2.80573922344674,L2,0.879888468...
GetData ===>> H2,-0.0763757102748722,H1,1049.66328428257,AX,217.984631097033,L1,2.81351566346017,L2,0.881914814...
GetData ===>> H2,-0.116936165912566,H1,1049.46979688098,AX,218.087022469361,L1,2.79487576571033,L2,0.9505725196...
Get Checksum: -860229079
GetData ===>> H2,-0.10900343028506,H1,1049.50961725021,AX,218.118347775577,L1,2.76908739113003,L2,1.00515995890...
GetData ===>> H2,-0.0252733286314117,H1,1048.58673946011,AX,217.707634996763,L1,2.77452917130327,L2,0.964069325...
GetData ===>> H2,0.0479325734008065,H1,1048.30010954892,AX,217.823544937897,L1,2.76516376250856,L2,0.9532763119...
Get Checksum: -860229079
GetData ===>> H2,-0.115522089877086,H1,1047.75120917029,AX,217.598019380724,L1,2.73512406452447,L2,0.9354166510...
GetData ===>> H2,0.0194947773092361,H1,1047.29992818198,AX,217.341180960601,L1,2.73144705711027,L2,0.9139413382...
Get Checksum: -860229079
GetData ===>> H2,-0.0359030190387679,H1,1046.68184183024,AX,217.215635251797,L1,2.74353562643634,L2,0.847976289...
GetData ===>> H2,-0.0942853348358728,H1,1046.34974541186,AX,217.280828947463,L1,2.73322070116828,L2,0.922714139...
GetData ===>> H2,-0.163157467182942,H1,1046.03738089882,AX,217.343734893797,L1,2.73325612236104,L2,0.8933295516...
Get Checksum: -860229079
GetData ===>> H2,-0.137734189068281,H1,1045.6600027525,AX,217.227440260723,L1,2.75683085345597,L2,0.93830329894...
GetData ===>> H2,-0.0913334654746693,H1,1045.43972157396,AX,217.186849574215,L1,2.79091319292962,L2,0.963805787...
GetData ===>> H2,-0.108405494364996,H1,1045.01833786167,AX,217.045732776923,L1,2.79384981836279,L2,0.9801006767...
Get Checksum: -860229079
GetData ===>> H2,-0.0822144771300347,H1,1044.36480280723,AX,216.718172360765,L1,2.77453736083341,L2,0.896432487...
23:58:41 -- collecting point 25
GetData ===>> H2,-0.112679873369644,H1,1043.80579927355,AX,216.781947659648,L1,2.78994540131652,L2,0.9215344604...
GetData ===>> H2,-0.164629043864992,H1,1043.80750447575,AX,216.637776480235,L1,2.74734337651459,L2,0.9370088786...
Get Checksum: -860229079
GetData ===>> H2,-0.0977266339595629,H1,1043.39843770682,AX,216.738251723672,L1,2.74872249824969,L2,0.892608219...
GetData ===>> H2,-0.157697463179659,H1,1042.57659053583,AX,216.900220128882,L1,2.7214220348906,L2,0.96520369354...
GetData ===>> H2,-0.236753579534048,H1,1042.07111627876,AX,216.621392709703,L1,2.71087771339292,L2,0.9433551413...
Get Checksum: -860229079
GetData ===>> H2,-0.235055759821727,H1,1041.40521817493,AX,216.478812574092,L1,2.71126376109669,L2,0.9792640926...
GetData ===>> H2,-0.150090616736935,H1,1041.22396611975,AX,216.373518285607,L1,2.67911300227236,L2,0.8200561047...
GetData ===>> H2,-0.121504660473355,H1,1041.02429048568,AX,216.33430279466,L1,2.70106161157036,L2,0.84357031097...
Get Checksum: -860229079
GetData ===>> H2,-0.106091916383583,H1,1040.69787000219,AX,216.347039048051,L1,2.71492111535279,L2,0.7775022064...
GetData ===>> H2,-0.170696940821318,H1,1040.0618796843,AX,216.148681381585,L1,2.73264307873695,L2,0.91813294240...
GetData ===>> H2,-0.146391180795411,H1,1039.57092132801,AX,216.121142168619,L1,2.73101254264438,L2,0.8480106221...
Get Checksum: -860229079
GetData ===>> H2,-0.098682591143433,H1,1039.22637911126,AX,216.002020169564,L1,2.75559787427447,L2,0.9427021671...
GetData ===>> H2,-0.0929998283202248,H1,1038.50399283573,AX,215.845226477882,L1,2.73853646928538,L2,0.969878805...
GetData ===>> H2,-0.0869169151086025,H1,1038.54075898738,AX,215.882664144291,L1,2.71641324916175,L2,0.856765960...
Get Checksum: -860229079
GetData ===>> H2,-0.120064098867343,H1,1037.93324522219,AX,215.829837417598,L1,2.75133120921043,L2,0.8635418815...
GetData ===>> H2,-0.0371302415148571,H1,1037.72009970492,AX,215.62010808585,L1,2.72534970619419,L2,0.9243634241...
GetData ===>> H2,0.0144836274093718,H1,1036.99271256397,AX,215.522938261535,L1,2.70906906524928,L2,1.0111496604...
Get Checksum: -860229079
GetData ===>> H2,-0.0633260228103651,H1,1037.06800181909,AX,215.392956627539,L1,2.71086273094463,L2,0.833671902...
GetData ===>> H2,-0.124931515483513,H1,1036.7282733333,AX,215.371919184482,L1,2.71360476854486,L2,0.90962394803...
Get Checksum: -860229079
GetData ===>> H2,-0.135243708796572,H1,1035.76036701395,AX,215.326273774347,L1,2.7086795896383,L2,0.89260821913...
GetData ===>> H2,-0.215099661795289,H1,1035.04503371172,AX,215.415951238071,L1,2.71108276131071,L2,0.9785650348...
GetData ===>> H2,-0.129007503483512,H1,1034.86720243142,AX,215.196670808596,L1,2.72075325273708,L2,0.9107347699...
Get Checksum: -860229079
GetData ===>> H2,-0.102898134103637,H1,1034.44493498966,AX,215.107462694434,L1,2.72882620097617,L2,0.9154644956...
GetData ===>> H2,-0.0544350006452347,H1,1034.05550085312,AX,214.965736118875,L1,2.69564526587295,L2,0.837745574...
GetData ===>> H2,-0.06368661631868,H1,1034.36937288577,AX,214.998589398482,L1,2.69817284627178,L2,0.92422598265...
Get Checksum: -860229079
23:59:07 -- collecting point 50
GetData ===>> H2,-0.134049652765572,H1,1033.68320518326,AX,214.977939545189,L1,2.69937153394005,L2,0.9208587284...
GetData ===>> H2,-0.163121012857736,H1,1033.1362913602,AX,214.593807939065,L1,2.70789795487395,L2,0.86204243896...
GetData ===>> H2,-0.184925352981885,H1,1032.6880370081,AX,214.345750616362,L1,2.71082595592758,L2,0.81560564493...
Get Checksum: -860229079
GetData ===>> H2,-0.121336942515073,H1,1032.43559119644,AX,214.353161159847,L1,2.68484989034461,L2,0.8452640137...
GetData ===>> H2,-0.276268455992085,H1,1031.83324582592,AX,214.387023934697,L1,2.67494846092507,L2,0.9391166161...
GetData ===>> H2,-0.152544307726033,H1,1031.25426855852,AX,214.354916327897,L1,2.72810110580952,L2,0.8862996532...
Get Checksum: -860229079
GetData ===>> H2,-0.086227652842726,H1,1031.18865853524,AX,214.39065677557,L1,2.73981229414615,L2,0.93999867223...
GetData ===>> H2,0.00160576593342768,H1,1030.37952938487,AX,214.27407234556,L1,2.72627357933096,L2,0.9406516280...
GetData ===>> H2,-0.126151085589299,H1,1029.79363510717,AX,213.840372715899,L1,2.69880278789525,L2,0.8535040746...
Get Checksum: -860229079
GetData ===>> H2,-0.167212616144663,H1,1029.83432351748,AX,213.887812957217,L1,2.69531337545271,L2,0.9576987803...
GetData ===>> H2,-0.102793915064118,H1,1029.64637649025,AX,214.213331188259,L1,2.72393815041877,L2,0.9448558531...
GetData ===>> H2,-0.204891004421212,H1,1028.95820244672,AX,214.053150736766,L1,2.73220306990466,L2,0.8655220972...
Get Checksum: -860229079
GetData ===>> H2,-0.353902967422595,H1,1028.79305031989,AX,213.765950773292,L1,2.70432136450612,L2,0.8577960530...
GetData ===>> H2,-0.185524225546662,H1,1028.23824524863,AX,213.751858209223,L1,2.69425927928628,L2,0.9290250964...
GetData ===>> H2,-0.105523597073652,H1,1027.59787892338,AX,213.659164609282,L1,2.68948610793078,L2,0.8878452708...
Get Checksum: -860229079
GetData ===>> H2,-0.105124403416804,H1,1027.93138993637,AX,213.560252039844,L1,2.7024919773261,L2,0.99200224975...
GetData ===>> H2,-0.263171021618038,H1,1027.29246495616,AX,213.47306316451,L1,2.69769122968081,L2,0.94170553094...
Get Checksum: -860229079
GetData ===>> H2,-0.237443666259878,H1,1026.56218322471,AX,213.317378049774,L1,2.66706863649886,L2,0.8845250859...
GetData ===>> H2,-0.166423028822509,H1,1025.99460367805,AX,213.298685343784,L1,2.6696228098907,L2,0.89915765853...
GetData ===>> H2,-0.159221072943572,H1,1025.98802610656,AX,213.300386819632,L1,2.71002102131565,L2,0.7967119054...
Get Checksum: -860229079
GetData ===>> H2,-0.0735778938343488,H1,1025.47682821555,AX,213.364956161379,L1,2.73004479153051,L2,0.865155811...
GetData ===>> H2,-0.0753591414506241,H1,1024.94019043049,AX,213.065745049194,L1,2.70638113686439,L2,0.823843162...
GetData ===>> H2,-0.110776544112488,H1,1024.54329016143,AX,213.058260481752,L1,2.69577176762977,L2,0.8751604929...
Get Checksum: -860229079
GetData ===>> H2,-0.165351261584069,H1,1023.78759658876,AX,212.935873336984,L1,2.67792899790719,L2,1.0147115911...
GetData ===>> H2,-0.132537632552677,H1,1023.03138387586,AX,212.642577608729,L1,2.6663673244338,L2,0.94438616219...
23:59:33 -- collecting point 75
GetData ===>> H2,-0.0751775049212047,H1,1023.76600481145,AX,212.715724120939,L1,2.67115912365857,L2,0.857876171...
Get Checksum: -860229079
GetData ===>> H2,-0.138685889468122,H1,1022.59894907669,AX,212.830287183087,L1,2.68085456834656,L2,0.9827594580...
GetData ===>> H2,-0.154872570264407,H1,1022.98268740712,AX,212.611996414166,L1,2.6950767053899,L2,0.97018819632...
GetData ===>> H2,-0.0635103878359679,H1,1022.43133802122,AX,212.538491975664,L1,2.69527937083155,L2,0.930296500...
Get Checksum: -860229079
GetData ===>> H2,-0.104089140949547,H1,1021.37808983832,AX,212.554511345622,L1,2.65533006125139,L2,0.9303079550...
GetData ===>> H2,-0.0655110985395439,H1,1021.5101964098,AX,212.597095813506,L1,2.6473232034686,L2,0.92172916381...
GetData ===>> H2,-0.000895481606392651,H1,1020.82156849633,AX,212.434661839294,L1,2.68449490553179,L2,0.8419109...
Get Checksum: -860229079
GetData ===>> H2,0.00886520556954873,H1,1020.21927953495,AX,212.250046048108,L1,2.6726330681894,L2,0.8554840835...
GetData ===>> H2,-0.0472313834317291,H1,1019.67954500076,AX,212.244954055899,L1,2.70214899984747,L2,0.793426064...
GetData ===>> H2,-0.126180829564635,H1,1019.90975766543,AX,212.195471378302,L1,2.69241790478149,L2,0.8959286833...
Get Checksum: -860229079
GetData ===>> H2,-0.129404884688318,H1,1019.22817610477,AX,211.954279587934,L1,2.71603883596415,L2,0.9036234413...
GetData ===>> H2,-0.145638719908814,H1,1019.16800350897,AX,211.882848266441,L1,2.69403215130792,L2,0.9102537939...
GetData ===>> H2,-0.121132701978004,H1,1018.9331378332,AX,211.76158721322,L1,2.64856176412964,L2,0.787427119505...
Get Checksum: -860229079
GetData ===>> H2,-0.138934616184625,H1,1018.26625274366,AX,211.366423787892,L1,2.69468634652239,L2,0.9476511345...
GetData ===>> H2,-0.2330064663574,H1,1017.56450930474,AX,211.48222161007,L1,2.66525564290789,L2,0.9307203060787...
Get Checksum: -860229079
GetData ===>> H2,-0.193237946365984,H1,1017.48576531777,AX,211.767110076282,L1,2.65983740747371,L2,0.8792702691...
GetData ===>> H2,-0.119880126664087,H1,1017.06285967246,AX,211.414776578042,L1,2.64038052219554,L2,0.9043906607...
GetData ===>> H2,-0.173258895488075,H1,1016.86907912481,AX,211.300326394067,L1,2.6544366803249,L2,0.83539975909...
GetData ===>> H2,0.0616268344722642,H1,1016.76143577038,AX,211.543361243213,L1,2.68220341105959,L2,0.8426776958...
GetData ===>> H2,-0.00554095129702616,H1,1015.94812329424,AX,211.501728139701,L1,2.68917860092322,L2,0.96121627...
Get Checksum: -860229079
GetData ===>> H2,-0.120844594840536,H1,1015.21064122006,AX,211.457151452657,L1,2.67806764648686,L2,0.8050701253...
GetData ===>> H2,-0.0926923146965577,H1,1015.48720944093,AX,211.074161100112,L1,2.63664756002867,L2,0.838283403...
GetData ===>> H2,-0.139792951825839,H1,1014.98625239501,AX,211.123240075229,L1,2.68503894806527,L2,0.9415680646...
Get Checksum: -860229079
GetData ===>> H2,-0.228244426748132,H1,1014.1820204896,AX,211.143721365097,L1,2.66205302958794,L2,0.86039422375...
GetData ===>> H2,-0.151160108220434,H1,1013.52670742301,AX,210.932829756182,L1,2.64789629265303,L2,0.8433986535...
00:00:00 -- collecting point 100
GetData ===>> H2,-0.151928405359837,H1,1013.50695968993,AX,210.764190585892,L1,2.67762180215454,L2,0.8590436240...
Get Checksum: -860229079
GetData ===>> H2,-0.144128243768785,H1,1012.72725857342,AX,210.764746244191,L1,2.68058808199564,L2,0.8999706445...
GetData ===>> H2,-0.0373067117532859,H1,1012.35219422862,AX,210.682882812338,L1,2.69447553108135,L2,0.863335849...
GetData ===>> H2,-0.0790427549718524,H1,1012.39432641791,AX,210.720853930647,L1,2.60830410419708,L2,0.916999129...
Get Checksum: -860229079
GetData ===>> H2,-0.177546100291635,H1,1012.09807350272,AX,210.49570863963,L1,2.64538822193377,L2,0.89019236730...
GetData ===>> H2,-0.162925237623676,H1,1011.53266398439,AX,210.542028543482,L1,2.64089897283639,L2,0.8854066411...
GetData ===>> H2,-0.259534779363537,H1,1011.53526407348,AX,210.563758925593,L1,2.67466852344833,L2,0.8681433704...
Get Checksum: -860229079
GetData ===>> H2,-0.201034427870465,H1,1010.98630964705,AX,210.384122322156,L1,2.69932391057697,L2,0.8731800785...
GetData ===>> H2,-0.175299931578531,H1,1010.34164920326,AX,210.152135572682,L1,2.67441577026878,L2,0.8827734484...
GetData ===>> H2,-0.102401393217824,H1,1009.96235987382,AX,209.982300308287,L1,2.63350853104881,L2,0.8626948652...
Get Checksum: -860229079
GetData ===>> H2,-0.177092582889504,H1,1009.24111746942,AX,209.97424774547,L1,2.63120105527693,L2,0.94131604373...
GetData ===>> H2,-0.169966967734066,H1,1008.6197063074,AX,210.08221249065,L1,2.6306758107294,L2,0.8614930307513...
Get Checksum: -860229079
GetData ===>> H2,-0.162559331393611,H1,1008.23069225141,AX,209.913314910441,L1,2.61246062046964,L2,0.8892420725...
GetData ===>> H2,-0.114440778005624,H1,1007.63720993991,AX,210.142791537231,L1,2.66995588689907,L2,0.8949096321...
GetData ===>> H2,0.0207723268510722,H1,1007.47045730541,AX,210.01574357163,L1,2.67106122846678,L2,0.95076728178...
Get Checksum: -860229079
GetData ===>> H2,0.0233494481632609,H1,1006.73561219993,AX,209.776705295176,L1,2.67012310881989,L2,0.8309371460...
GetData ===>> H2,-0.0873813649366593,H1,1006.7728235046,AX,209.75881831915,L1,2.64389070393509,L2,0.87225284654...
GetData ===>> H2,-0.164643893664801,H1,1006.68943047342,AX,209.777388764989,L1,2.62732133190281,L2,0.9309264822...
Get Checksum: -860229079
GetData ===>> H2,-0.252843317286099,H1,1006.81044405407,AX,209.533510876339,L1,2.66207340824579,L2,0.9235845918...
GetData ===>> H2,-0.204780488197226,H1,1005.91633436901,AX,209.566347594162,L1,2.61763526081655,L2,0.8888184502...
GetData ===>> H2,-0.105851060718903,H1,1005.51204172599,AX,209.294815557264,L1,2.60076077960549,L2,0.7643392559...
Get Checksum: -860229079
measurement finished
estimated time: 125.829 actual time: :126.190
flush and close file /Users/jan/PychronDev/data/isotopes/27/79aa90-5986-446c-886e-2cf92c3fd001.h5
baselines () {'settling_time': 15.0, 'detector': 'H1', 'mass': 34.2, 'ncounts': 60}
%%%%%%%%%%%%%%%%%%%%%%%%%%%%%%%% Baseline
build tables- baseline [Detector(H2), Detector(H1), Detector(AX), Detector(L1), Detector(L2), Detector(CDD)]
add group baseline table H2
add group baseline table H1
add group baseline table AX
add group baseline table L1
add group baseline table L2
add group baseline table CDD
flush and close file /Users/jan/PychronDev/data/isotopes/27/79aa90-5986-446c-886e-2cf92c3fd001.h5
detector Detector(H1)
POSITION 34.2 H1
Mapping mass to dac mass func: "parabolic"
H1 map mass coeffs = [-0.00063987  0.15840543  0.57053999]
H1 map mass to dac 34.2 >> 5.23958599104
GetDeflection H1 ===>> 0
GetHighVoltage ===>> 4500
positioning 34.2 (5.23958599104) on H1
setting magnet DAC
current  : 5.878930
requested: 5.239586
Delta Dac: 0.639344
Checking detector protection. dv=0.63934
Checking detector "CDD". Protection Threshold: 0.1 (V)
ProtectDetector CDD,On ===>> OK
GetDeflection CDD ===>> 2000
SetMagnetDAC 5.23958599104 ===>> OK
Magnet settling time: 0.500
GetMagnetMoving ===>> True
GetMagnetMoving ===>> True
GetMagnetMoving ===>> True
GetMagnetMoving ===>> True
GetMagnetMoving ===>> True
GetMagnetMoving ===>> True
GetMagnetMoving ===>> True
GetMagnetMoving ===>> True
Get Checksum: -860229079
GetMagnetMoving ===>> False
ProtectDetector CDD,Off ===>> OK
GetDeflection CDD ===>> 50
Delaying 15.0s for detectors to settle
Get Checksum: -860229079
Get Checksum: -860229079
Get Checksum: -860229079
Get Checksum: -860229079
Join finished
measuring baseline. ncounts=60
Get Checksum: -860229079
starting measurement
GetData ===>> H2,-0.175783219433093,H1,-0.0410881210332057,AX,-0.124361673067455,L1,-0.0504510664360347,L2,-0.1...
GetData ===>> H2,-0.17809812523908,H1,-0.00954499748180275,AX,-0.101499880094979,L1,-0.040812218429998,L2,-0.06...
GetData ===>> H2,-0.0642057966790564,H1,-0.038762974960682,AX,-0.262491976821876,L1,-0.0296107528650108,L2,-0.0...
Get Checksum: -860229079
GetData ===>> H2,-0.184457293132869,H1,-0.0504835457439732,AX,-0.085285956047411,L1,-0.0461858316978482,L2,-0.0...
GetData ===>> H2,-0.168952213507641,H1,-0.0978883688681929,AX,-0.0471801329357128,L1,-0.069761514450524,L2,0.01...
GetData ===>> H2,-0.164759991428832,H1,-0.00830453542028913,AX,-0.0741467341682231,L1,-0.0674637384533888,L2,0....
Get Checksum: -860229079
GetData ===>> H2,-0.202776183455945,H1,-0.0191819098500854,AX,-0.0914056100991134,L1,-0.0550607772576264,L2,-0....
GetData ===>> H2,-0.178979419806321,H1,0.00623625742088869,AX,-0.0273619898145813,L1,-0.0649537555543876,L2,-0....
GetData ===>> H2,-0.0767226783037887,H1,-0.0268383000604054,AX,-0.160715381854262,L1,-0.0744971030961238,L2,-0....
Get Checksum: -860229079
GetData ===>> H2,-0.159194060369586,H1,-0.020493793988474,AX,0.0198629671601545,L1,-0.0364386492000669,L2,-0.08...
GetData ===>> H2,-0.171289250400397,H1,-0.0327054176648243,AX,-0.0465771828409044,L1,-0.0130456821098728,L2,0.0...
Get Checksum: -860229079
GetData ===>> H2,-0.184222581485392,H1,-0.0284720645143065,AX,-0.0469134439314084,L1,0.000277243872033341,L2,-0...
GetData ===>> H2,-0.2022935876379,H1,0.0568532544003687,AX,-0.0688954412069501,L1,-0.0247716423054303,L2,-0.040...
GetData ===>> H2,-0.318718691505175,H1,0.0313387073994199,AX,-0.129922776798126,L1,-0.0270171641432303,L2,-0.03...
Get Checksum: -860229079
GetData ===>> H2,-0.347405691730499,H1,0.0307062965346773,AX,-0.123214655875057,L1,-0.0280007700579654,L2,0.002...
GetData ===>> H2,-0.270531969296052,H1,0.0257545382418957,AX,-0.0492092644678138,L1,-0.0364709997544494,L2,-0.0...
GetData ===>> H2,-0.180616313295333,H1,0.0810437553219635,AX,-0.115521180893027,L1,-0.0320635644224192,L2,-0.01...
Get Checksum: -860229079
GetData ===>> H2,-0.216512089894862,H1,0.0194071002807441,AX,-0.0389588185101551,L1,-0.0213125099312975,L2,-0.0...
GetData ===>> H2,-0.307355337886341,H1,0.0513870090488535,AX,-0.155927497827246,L1,-0.026231168708197,L2,-0.091...
GetData ===>> H2,-0.252232849874004,H1,0.0129169031781064,AX,-0.136170636230131,L1,-0.0484503176102359,L2,-0.04...
Get Checksum: -860229079
GetData ===>> H2,-0.155970998220794,H1,0.0126425107332963,AX,-0.0198349085126571,L1,-0.0428755564241875,L2,0.05...
GetData ===>> H2,-0.0643765923513286,H1,0.0289164761164919,AX,0.00526730160171696,L1,-0.0512299583572971,L2,-0....
GetData ===>> H2,-0.105212362546078,H1,-0.0154369823463839,AX,-0.0762564453583019,L1,-0.0438932978340326,L2,-0....
Get Checksum: -860229079
GetData ===>> H2,-0.210742778252896,H1,-0.00831646301333573,AX,-0.178972098554742,L1,-0.0304623582779306,L2,0.0...
00:01:05 -- collecting point 25
GetData ===>> H2,-0.371275548435644,H1,-0.00961656213169777,AX,0.0424220998162274,L1,-0.0257243128547079,L2,0.0...
GetData ===>> H2,-0.317247949922625,H1,0.0367919253083439,AX,-0.0894932595553919,L1,-0.0182227364571069,L2,-0.0...
Get Checksum: -860229079
GetData ===>> H2,-0.134566236029887,H1,0.0267329385370775,AX,-0.174868982706406,L1,-0.0271932857930841,L2,-0.07...
GetData ===>> H2,-0.212206932287801,H1,0.0316847452239923,AX,-0.0988112675666075,L1,-0.0405714880276585,L2,-0.0...
GetData ===>> H2,-0.215817342738995,H1,-0.0278758032054903,AX,-0.101326049635024,L1,-0.0697890080644094,L2,-0.0...
Get Checksum: -860229079
GetData ===>> H2,-0.242568545667412,H1,0.0108172236122474,AX,-0.00193690623509238,L1,-0.0425606343765284,L2,0.0...
GetData ===>> H2,-0.272947829232269,H1,-0.0610463836320239,AX,-0.103249756091513,L1,-0.0430803103317764,L2,-0.0...
GetData ===>> H2,-0.17078464237072,H1,-0.0205176462681809,AX,-0.0792470564662396,L1,-0.00493264649966066,L2,0.0...
Get Checksum: -860229079
GetData ===>> H2,-0.145064546510016,H1,-0.0346133492798327,AX,-0.0653132708327203,L1,-0.00700169600109346,L2,-0...
GetData ===>> H2,-0.121873901761744,H1,0.0410282186093404,AX,-0.0541253848620303,L1,0.00750057601409098,L2,-0.0...
GetData ===>> H2,-0.209724358779621,H1,0.0112944196464461,AX,-0.0243001964697406,L1,-0.00128048626734776,L2,-0....
Get Checksum: -860229079
GetData ===>> H2,-0.147189518276118,H1,0.0413862234403208,AX,-0.110619749279533,L1,-0.0124271825228074,L2,-0.03...
GetData ===>> H2,-0.0927939170343543,H1,-0.033695161730196,AX,-0.0555282887650012,L1,-0.00394535013091312,L2,-0...
Get Checksum: -860229079
GetData ===>> H2,-0.131419040713653,H1,-0.0225212174722376,AX,0.00619541867471423,L1,-0.0355208086119849,L2,0.0...
GetData ===>> H2,-0.286077727815346,H1,-0.0739205699590737,AX,-0.0776590302304801,L1,-0.024642215947785,L2,0.03...
GetData ===>> H2,-0.196329538615895,H1,0.0132151566886176,AX,-0.0751204527091473,L1,-0.0457010313342558,L2,0.01...
Get Checksum: -860229079
GetData ===>> H2,-0.201363386773671,H1,0.0570680910983558,AX,-0.130525210616562,L1,-0.0139781542035061,L2,0.034...
GetData ===>> H2,-0.090676336545339,H1,-0.0575176137297405,AX,-0.158002662942917,L1,-0.0476400924450517,L2,-0.0...
GetData ===>> H2,-0.1218035710137,H1,0.0528191842200656,AX,-0.14683798481663,L1,-0.0496182672521338,L2,-0.11499...
Get Checksum: -860229079
GetData ===>> H2,-0.139191447831631,H1,0.0295369435712402,AX,-0.0446987374434437,L1,-0.0348161952694726,L2,-0.0...
GetData ===>> H2,-0.252554223398344,H1,0.0440474328087472,AX,0.0841569354748905,L1,-0.0166205245685251,L2,0.060...
GetData ===>> H2,-0.179531374886444,H1,-0.0471094020807471,AX,-0.107409930938587,L1,-0.0214767437355256,L2,-0.0...
Get Checksum: -860229079
GetData ===>> H2,-0.138480415458324,H1,-0.0653260423159494,AX,-0.138883964090342,L1,-0.0148873060490729,L2,-0.0...
GetData ===>> H2,-0.254339764011704,H1,0.0695413451998085,AX,-0.0369062804767283,L1,0.00985861177744188,L2,0.06...
GetData ===>> H2,-0.284493969014084,H1,0.045288559122514,AX,-0.0254947712412605,L1,-0.00266160011323859,L2,0.01...
Get Checksum: -860229079
00:01:32 -- collecting point 50
GetData ===>> H2,-0.220182881069073,H1,-0.0149837650547322,AX,0.0594293321270512,L1,-0.0128934580247513,L2,-0.0...
GetData ===>> H2,-0.228136725989981,H1,-0.0249302202217415,AX,-0.0421708956701677,L1,0.00103699475442898,L2,-0....
GetData ===>> H2,-0.156839667216663,H1,-0.0799279567740506,AX,-0.0877663167669796,L1,0.022834676665721,L2,-0.08...
GetData ===>> H2,-0.190950401016414,H1,-0.00649152475415955,AX,-0.12930875387468,L1,0.00224935419712331,L2,-0.0...
GetData ===>> H2,-0.293071008046319,H1,0.0495490809261369,AX,-0.0929586428828118,L1,-0.0420074014072772,L2,-0.1...
Get Checksum: -860229079
GetData ===>> H2,-0.221391267213798,H1,0.0172595620128615,AX,-0.0930745398577337,L1,-0.0172789494061573,L2,-0.0...
GetData ===>> H2,-0.240409628208337,H1,-0.0468590193949623,AX,-0.0492092644678138,L1,-0.0129042456341442,L2,-0....
GetData ===>> H2,-0.185566037538019,H1,-0.0118231137269163,AX,-0.110109893513428,L1,0.0232769137527515,L2,-0.02...
Get Checksum: -860229079
GetData ===>> H2,-0.293245515981045,H1,0.0665213621794837,AX,-0.123944577471416,L1,0.0219574702839441,L2,-0.112...
GetData ===>> H2,-0.225034503559286,H1,0.0228790512581735,AX,-0.0926225408748451,L1,0.00984180957041591,L2,-0.0...
Get Checksum: -860229079
GetData ===>> H2,-0.204672666450234,H1,0.0541200944222055,AX,-0.0977914295847722,L1,0.0133396731141837,L2,-0.04...
measurement finished
estimated time: 62.915 actual time: :63.138
flush and close file /Users/jan/PychronDev/data/isotopes/27/79aa90-5986-446c-886e-2cf92c3fd001.h5
activate_detectors ('H1', 'AX', 'CDD') {'peak_center': True}
peak_center () {'detector': 'H1', 'integration_time': 0.262144, 'isotope': 'Ar40'}
peak center: mean=1007.03947521 threshold=3
peak center started
setup peak center. detector=['H1', 'AX', 'CDD'], isotope=Ar40
VersionedUnpickler [<apptools.sweet_pickle.versioned_unpickler.VersionedUnpickler object at 0x1444d02f0>] using Updater [<apptools.sweet_pickle.updater.Updater object at 0x1356d5710>]
VersionedUnpickler [<apptools.sweet_pickle.versioned_unpickler.VersionedUnpickler object at 0x1444d02f0>] using Updater [<apptools.sweet_pickle.updater.Updater object at 0x1356d5710>]
VersionedUnpickler [<apptools.sweet_pickle.versioned_unpickler.VersionedUnpickler object at 0x142ad3230>] using Updater [<apptools.sweet_pickle.updater.Updater object at 0x1356d5710>]
setting integration time = 0.524288
SetIntegrationTime 0.524288 ===>> OK
Mapping mass to dac mass func: "parabolic"
H1 map mass coeffs = [-0.00063987  0.15840543  0.57053999]
H1 map mass to dac 39.9624 >> 5.87893
GetDeflection H1 ===>> 0
GetHighVoltage ===>> 4500
do peak center. <pychron.spectrometer.jobs.peak_center.PeakCenter object at 0x1356efa10>
doing pc
starting peak center. center dac= 5.87893 step_width=0.001
width = 0.001
get scan parameters. half-width=0.015,window=0.015, i=0, scalar=1
Scan parameters center=5.87893 width=0.03000 (5.86393 - 5.89393)
GetData ===>> H2,-0.221761705319746,H1,0.00328975714085651,AX,-0.0860625243804556,L1,0.0171486114986455,L2,0.05...
Moving to starting dac 5.86393
setting magnet DAC
current  : 5.239586
requested: 5.863930
Delta Dac: 0.624344
Checking detector protection. dv=0.62434
Checking detector "CDD". Protection Threshold: 0.1 (V)
ProtectDetector CDD,On ===>> OK
GetDeflection CDD ===>> 2000
SetMagnetDAC 5.86393 ===>> OK
Magnet settling time: 0.500
GetMagnetMoving ===>> True
GetMagnetMoving ===>> True
GetMagnetMoving ===>> True
GetMagnetMoving ===>> True
GetMagnetMoving ===>> True
Get Checksum: -860229079
GetMagnetMoving ===>> True
GetMagnetMoving ===>> True
GetMagnetMoving ===>> True
GetMagnetMoving ===>> True
GetMagnetMoving ===>> False
ProtectDetector CDD,Off ===>> OK
GetDeflection CDD ===>> 50
Wait until signal near baseline. tol= 0.00246731785564. timeout= 10
GetData ===>> H2,55.5354804922005,H1,23.796186731583,AX,1.09962295433606,L1,0.00801161715367727,L2,0.0669093736...
GetData ===>> H2,83.6811870217529,H1,41.755111611321,AX,5.74468245936458,L1,0.00550651078537665,L2,-0.035793355...
GetData ===>> H2,48.1606907578625,H1,19.8408810787723,AX,2.65188432338251,L1,0.000387662241389283,L2,-0.0952371...
GetData ===>> H2,20.7417084388529,H1,9.81842187450497,AX,1.17173646053724,L1,-0.00239163185069029,L2,-0.0527745...
Get Checksum: -860229079
GetData ===>> H2,7.23067374388841,H1,5.09572022459219,AX,0.387980966838773,L1,0.0171743431277385,L2,-0.08693274...
GetData ===>> H2,2.0730035028162,H1,2.83140070596744,AX,0.22713120259959,L1,0.0427661056640166,L2,-0.0121830847...
GetData ===>> H2,0.683505142454195,H1,1.76205661677591,AX,0.062329025529609,L1,0.0348180437431946,L2,0.03933804...
GetData ===>> H2,0.369318721057536,H1,1.2668951259365,AX,0.0685394175609187,L1,0.0324600808406817,L2,-0.0387300...
GetData ===>> H2,0.369318721057536,H1,1.2668951259365,AX,0.0685394175609187,L1,0.0324600808406817,L2,-0.0387300...
GetData ===>> H2,0.30945712255826,H1,1.02835523807674,AX,0.00790085686587984,L1,0.0354190398613584,L2,-0.013822...
Get Checksum: -860229079
GetData ===>> H2,0.407860890848452,H1,0.79386124892229,AX,-0.0112865001019022,L1,0.0290863403765139,L2,0.026193...
GetData ===>> H2,0.397163873447352,H1,0.765118776057627,AX,0.0624912322240767,L1,-0.0115161449118362,L2,-0.1222...
GetData ===>> H2,0.313837984716542,H1,0.784087885727059,AX,0.0380932189745059,L1,-0.0388406942384881,L2,-0.0135...
GetData ===>> H2,0.279249856141921,H1,0.66415418134278,AX,0.0839512430968058,L1,-0.0351481366193995,L2,-0.02614...
GetData ===>> H2,0.277059971551726,H1,0.71160782778501,AX,0.12083364705149,L1,-0.0162406578724366,L2,0.02922295...
GetData ===>> H2,0.198703568367266,H1,0.629373868220973,AX,0.0949380033056162,L1,-0.0148937625156975,L2,-0.1510...
Get Checksum: -860229079
GetData ===>> H2,0.122134611542409,H1,0.639514888729642,AX,-0.00961616708802234,L1,-0.0194921158657667,L2,-0.09...
GetData ===>> H2,0.0401146363921771,H1,0.619377355138284,AX,-0.103157048219002,L1,-0.00799109110996885,L2,0.052...
GetData ===>> H2,0.0492978554408239,H1,0.704427319332868,AX,0.142074605092312,L1,-0.0254100907503473,L2,0.02603...
GetData ===>> H2,0.052271518619482,H1,0.688033748808459,AX,0.0974414891489486,L1,-0.0429509925597451,L2,-0.0316...
GetData ===>> H2,-0.02017473764102,H1,0.730231671460957,AX,0.0146764983018729,L1,-0.0309297559150165,L2,-0.0698...
Peak center failed to move to a baseline position
_do_sweep sm= 5.86393, em= 5.89393, stm= 0.001
calculated step values: start=5.86393, end=5.89393, width=0.001, nsteps=31.0
setting magnet DAC
current  : 5.863930
requested: 5.863930
Delta Dac: 0.000000
Checking detector protection. dv=0.00000
Checking detector "CDD". Protection Threshold: 0.1 (V)
SetMagnetDAC 5.86393 ===>> OK
GetData ===>> H2,-0.02017473764102,H1,0.730231671460957,AX,0.0146764983018729,L1,-0.0309297559150165,L2,-0.0698...
setting magnet DAC
current  : 5.863930
requested: 5.864964
Delta Dac: 0.001034
Checking detector protection. dv=0.00103
Checking detector "CDD". Protection Threshold: 0.1 (V)
SetMagnetDAC 5.86496448276 ===>> OK
Magnet settling time: 1.049
Get Checksum: -860229079
GetData ===>> H2,0.0614890604464126,H1,1.384620884443,AX,0.0267670848526526,L1,-0.00271079355030494,L2,-0.12263...
setting magnet DAC
current  : 5.864964
requested: 5.865999
Delta Dac: 0.001034
Checking detector protection. dv=0.00103
Checking detector "CDD". Protection Threshold: 0.1 (V)
SetMagnetDAC 5.86599896552 ===>> OK
Magnet settling time: 1.049
GetData ===>> H2,0.0373483128406995,H1,4.8503168894477,AX,0.626071662934515,L1,-0.00465434189118248,L2,0.026329...
setting magnet DAC
current  : 5.865999
requested: 5.867033
Delta Dac: 0.001034
Checking detector protection. dv=0.00103
Checking detector "CDD". Protection Threshold: 0.1 (V)
SetMagnetDAC 5.86703344828 ===>> OK
Magnet settling time: 1.049
GetData ===>> H2,0.0684568196957044,H1,18.0461441812396,AX,2.43126154925752,L1,-0.0159123387890024,L2,-0.046515...
setting magnet DAC
current  : 5.867033
requested: 5.868068
Delta Dac: 0.001034
Checking detector protection. dv=0.00103
Checking detector "CDD". Protection Threshold: 0.1 (V)
SetMagnetDAC 5.86806793103 ===>> OK
Magnet settling time: 1.049
Get Checksum: -860229079
GetData ===>> H2,-0.021575002948009,H1,59.1719575049562,AX,7.97878066257951,L1,-0.00882570518238822,L2,0.026990...
setting magnet DAC
current  : 5.868068
requested: 5.869102
Delta Dac: 0.001034
Checking detector protection. dv=0.00103
Checking detector "CDD". Protection Threshold: 0.1 (V)
SetMagnetDAC 5.86910241379 ===>> OK
Magnet settling time: 1.049
GetData ===>> H2,-0.00449142359591048,H1,240.76407487425,AX,35.1922170504758,L1,0.204217514877007,L2,0.04163915...
setting magnet DAC
current  : 5.869102
requested: 5.870137
Delta Dac: 0.001034
Checking detector protection. dv=0.00103
Checking detector "CDD". Protection Threshold: 0.1 (V)
SetMagnetDAC 5.87013689655 ===>> OK
Magnet settling time: 1.049
GetData ===>> H2,-0.154186167639841,H1,480.182534019723,AX,78.918030875405,L1,0.535005037027876,L2,-0.043305527...
setting magnet DAC
current  : 5.870137
requested: 5.871171
Delta Dac: 0.001034
Checking detector protection. dv=0.00103
Checking detector "CDD". Protection Threshold: 0.1 (V)
SetMagnetDAC 5.87117137931 ===>> OK
Magnet settling time: 1.049
Get Checksum: -860229079
GetData ===>> H2,-0.0794533267298697,H1,715.859100971609,AX,129.521207146959,L1,0.977685255508424,L2,0.29346549...
setting magnet DAC
current  : 5.871171
requested: 5.872206
Delta Dac: 0.001034
Checking detector protection. dv=0.00103
Checking detector "CDD". Protection Threshold: 0.1 (V)
SetMagnetDAC 5.87220586207 ===>> OK
Magnet settling time: 1.049
GetData ===>> H2,-0.0928463650372567,H1,865.942051031299,AX,168.175793532465,L1,1.45467187420435,L2,0.513853380...
setting magnet DAC
current  : 5.872206
requested: 5.873240
Delta Dac: 0.001034
Checking detector protection. dv=0.00103
Checking detector "CDD". Protection Threshold: 0.1 (V)
SetMagnetDAC 5.87324034483 ===>> OK
Magnet settling time: 1.049
GetData ===>> H2,-0.248195403802701,H1,931.869084630317,AX,188.801672492497,L1,1.86758125907436,L2,0.7247080929...
setting magnet DAC
current  : 5.873240
requested: 5.874275
Delta Dac: 0.001034
Checking detector protection. dv=0.00103
Checking detector "CDD". Protection Threshold: 0.1 (V)
SetMagnetDAC 5.87427482759 ===>> OK
Magnet settling time: 1.049
Get Checksum: -860229079
GetData ===>> H2,-0.294163651668022,H1,953.494653495319,AX,196.572297466994,L1,2.16235407169191,L2,0.7645602344...
setting magnet DAC
current  : 5.874275
requested: 5.875309
Delta Dac: 0.001034
Checking detector protection. dv=0.00103
Checking detector "CDD". Protection Threshold: 0.1 (V)
SetMagnetDAC 5.87530931034 ===>> OK
Magnet settling time: 1.049
GetData ===>> H2,-0.177295597400398,H1,959.261470194284,AX,199.069371095397,L1,2.33788688464099,L2,0.7516630669...
setting magnet DAC
current  : 5.875309
requested: 5.876344
Delta Dac: 0.001034
Checking detector protection. dv=0.00103
Checking detector "CDD". Protection Threshold: 0.1 (V)
SetMagnetDAC 5.8763437931 ===>> OK
Magnet settling time: 1.049
Get Checksum: -860229079
GetData ===>> H2,-0.209915656205974,H1,960.660338995817,AX,199.573423626107,L1,2.40631332612584,L2,0.9092002358...
setting magnet DAC
current  : 5.876344
requested: 5.877378
Delta Dac: 0.001034
Checking detector protection. dv=0.00103
Checking detector "CDD". Protection Threshold: 0.1 (V)
SetMagnetDAC 5.87737827586 ===>> OK
Magnet settling time: 1.049
GetData ===>> H2,-0.266187357087535,H1,960.639725868881,AX,199.590483914218,L1,2.44548492038463,L2,0.7591404690...
setting magnet DAC
current  : 5.877378
requested: 5.878413
Delta Dac: 0.001034
Checking detector protection. dv=0.00103
Checking detector "CDD". Protection Threshold: 0.1 (V)
SetMagnetDAC 5.87841275862 ===>> OK
Magnet settling time: 1.049
GetData ===>> H2,-0.207296486356454,H1,961.144117560824,AX,199.608409657431,L1,2.48385202887494,L2,0.9479604534...
setting magnet DAC
current  : 5.878413
requested: 5.879447
Delta Dac: 0.001034
Checking detector protection. dv=0.00103
Checking detector "CDD". Protection Threshold: 0.1 (V)
SetMagnetDAC 5.87944724138 ===>> OK
Magnet settling time: 1.049
Get Checksum: -860229079
GetData ===>> H2,-0.188479708823476,H1,961.010562010896,AX,199.717152624081,L1,2.50842524002753,L2,0.8254793088...
setting magnet DAC
current  : 5.879447
requested: 5.880482
Delta Dac: 0.001034
Checking detector protection. dv=0.00103
Checking detector "CDD". Protection Threshold: 0.1 (V)
SetMagnetDAC 5.88048172414 ===>> OK
Magnet settling time: 1.049
GetData ===>> H2,-0.115737257302738,H1,960.122879294309,AX,199.487580619663,L1,2.50348000701758,L2,0.8552780691...
setting magnet DAC
current  : 5.880482
requested: 5.881516
Delta Dac: 0.001034
Checking detector protection. dv=0.00103
Checking detector "CDD". Protection Threshold: 0.1 (V)
SetMagnetDAC 5.8815162069 ===>> OK
Magnet settling time: 1.049
GetData ===>> H2,-0.123991735159117,H1,959.950987434558,AX,199.260960044907,L1,2.55424755864856,L2,0.8625346198...
setting magnet DAC
current  : 5.881516
requested: 5.882551
Delta Dac: 0.001034
Checking detector protection. dv=0.00103
Checking detector "CDD". Protection Threshold: 0.1 (V)
SetMagnetDAC 5.88255068966 ===>> OK
Magnet settling time: 1.049
Get Checksum: -860229079
GetData ===>> H2,-0.100030662146822,H1,958.610402735964,AX,198.720729060877,L1,2.56780149768707,L2,0.8389814420...
setting magnet DAC
current  : 5.882551
requested: 5.883585
Delta Dac: 0.001034
Checking detector protection. dv=0.00103
Checking detector "CDD". Protection Threshold: 0.1 (V)
SetMagnetDAC 5.88358517241 ===>> OK
Magnet settling time: 1.049
GetData ===>> H2,-0.0735900951091668,H1,952.217571125474,AX,196.112758980639,L1,2.53080282854231,L2,0.805366938...
setting magnet DAC
current  : 5.883585
requested: 5.884620
Delta Dac: 0.001034
Checking detector protection. dv=0.00103
Checking detector "CDD". Protection Threshold: 0.1 (V)
SetMagnetDAC 5.88461965517 ===>> OK
Magnet settling time: 1.049
GetData ===>> H2,-0.0896708388186978,H1,929.729363922557,AX,187.989887514539,L1,2.4376233371907,L2,0.8183857280...
setting magnet DAC
current  : 5.884620
requested: 5.885654
Delta Dac: 0.001034
Checking detector protection. dv=0.00103
Checking detector "CDD". Protection Threshold: 0.1 (V)
SetMagnetDAC 5.88565413793 ===>> OK
Magnet settling time: 1.049
Get Checksum: -860229079
GetData ===>> H2,-0.0470734698213134,H1,858.708963296274,AX,163.48478513209,L1,2.12828648145076,L2,0.5740659005...
setting magnet DAC
current  : 5.885654
requested: 5.886689
Delta Dac: 0.001034
Checking detector protection. dv=0.00103
Checking detector "CDD". Protection Threshold: 0.1 (V)
SetMagnetDAC 5.88668862069 ===>> OK
Magnet settling time: 1.049
GetData ===>> H2,-0.235646618759347,H1,693.552565145915,AX,117.488725834784,L1,1.69965288320027,L2,0.2575281642...
setting magnet DAC
current  : 5.886689
requested: 5.887723
Delta Dac: 0.001034
Checking detector protection. dv=0.00103
Checking detector "CDD". Protection Threshold: 0.1 (V)
SetMagnetDAC 5.88772310345 ===>> OK
Magnet settling time: 1.049
Get Checksum: -860229079
GetData ===>> H2,-0.256454349945023,H1,449.630981736017,AX,65.2189925911323,L1,1.16217000841882,L2,0.2106595254...
setting magnet DAC
current  : 5.887723
requested: 5.888758
Delta Dac: 0.001034
Checking detector protection. dv=0.00103
Checking detector "CDD". Protection Threshold: 0.1 (V)
SetMagnetDAC 5.88875758621 ===>> OK
Magnet settling time: 1.049
GetData ===>> H2,-0.153883488711121,H1,223.305609614835,AX,27.1885165696449,L1,0.732150967873034,L2,0.076230735...
setting magnet DAC
current  : 5.888758
requested: 5.889792
Delta Dac: 0.001034
Checking detector protection. dv=0.00103
Checking detector "CDD". Protection Threshold: 0.1 (V)
SetMagnetDAC 5.88979206897 ===>> OK
Magnet settling time: 1.049
GetData ===>> H2,0.0815565528635326,H1,85.3267437109185,AX,8.63631195562579,L1,0.42554803594867,L2,-0.017807275...
setting magnet DAC
current  : 5.889792
requested: 5.890827
Delta Dac: 0.001034
Checking detector protection. dv=0.00103
Checking detector "CDD". Protection Threshold: 0.1 (V)
SetMagnetDAC 5.89082655172 ===>> OK
Magnet settling time: 1.049
Get Checksum: -860229079
GetData ===>> H2,-0.0769517256170547,H1,26.0772558263894,AX,1.90733871039893,L1,0.263908188075895,L2,0.00542026...
setting magnet DAC
current  : 5.890827
requested: 5.891861
Delta Dac: 0.001034
Checking detector protection. dv=0.00103
Checking detector "CDD". Protection Threshold: 0.1 (V)
SetMagnetDAC 5.89186103448 ===>> OK
Magnet settling time: 1.049
GetData ===>> H2,-0.189301435930588,H1,6.66965354571445,AX,0.201392935556323,L1,0.167360843097498,L2,0.03161494...
setting magnet DAC
current  : 5.891861
requested: 5.892896
Delta Dac: 0.001034
Checking detector protection. dv=0.00103
Checking detector "CDD". Protection Threshold: 0.1 (V)
SetMagnetDAC 5.89289551724 ===>> OK
Magnet settling time: 1.049
GetData ===>> H2,-0.147747657506539,H1,1.37273890650362,AX,-0.034459413039291,L1,0.106332412821948,L2,0.0883794...
setting magnet DAC
current  : 5.892896
requested: 5.893930
Delta Dac: 0.001034
Checking detector protection. dv=0.00103
Checking detector "CDD". Protection Threshold: 0.1 (V)
SetMagnetDAC 5.89393 ===>> OK
Magnet settling time: 1.049
Get Checksum: -860229079
GetData ===>> H2,-0.216113557987912,H1,0.182121276659841,AX,-0.234597554442791,L1,0.0899134599405142,L2,-0.0560...
result of _do_sweep=True
result of _calculate_peak_center=([5.8711568675281613, 5.8788771356506127, 5.886597403773064], [711.9526608357944, 961.14037051132698, 708.11545396082533], 5.8784417821850612, 961.14037051132698)
Failed to find a valid peak. No peak greater than 1.0. max = 0.0820667397966
new center pos Detector(H1) (Ar40) @ 5.87887713565
GetHighVoltage ===>> 4500
GetDeflection H1 ===>> 0
dac uncorrected for HV and deflection 5.87887713565
update mftable H1 Ar40 5.87887713565 message=automated run peakcenter
get initial guess parabolic
get initial guess parabolic
get initial guess parabolic
get initial guess parabolic
get initial guess parabolic
get initial guess parabolic
dump mftable to /Users/jan/PychronDev/setupfiles/spectrometer/mftables/mftable.csv
add to repo msg=modified - automated run peakcenter
locally archiving mftable
setting magnet DAC
current  : 5.893930
requested: 5.878877
Delta Dac: 0.015053
Checking detector protection. dv=0.01505
Checking detector "CDD". Protection Threshold: 0.1 (V)
SetMagnetDAC 5.87887713565 ===>> OK
Magnet settling time: 0.500
sweep finished
setting integration time = 1.048576
SetIntegrationTime 1.048576 ===>> OK
Failed to find a valid peak. No peak greater than 1.0. max = 0.0821383391239
flush and close file /Users/jan/PychronDev/data/isotopes/27/79aa90-5986-446c-886e-2cf92c3fd001.h5
finished measure script
executed 226.132928
jan_unknown120_60.py completed successfully
Measurement Finished
00:02:30 -- ******* Measurement Finished *******
Post Measurement Started jan_pump_ms.py
00:02:30 -- ******* Post Measurement Started jan_pump_ms.py *******
testing...
no interpolation path defined
executed 0
Pumping spectrometer
open () {'name': 'O'}
opening name=O desc=---
checking ownership. requestor=129.138.12.150
check software interlocks O
interlocks []
actuate state mode=None-script, software_lock=False
doing actuation None-script open_channel True
Open O ===>> OK
GetIndicatorState O ===>> OK
change switch state (True, True)
update switch state O True args=() kw={} ncanvase=2
00:02:30 -- OPEN   VALVE-O (Jan Ion Pump)
---------------------------------------- open O () result=[(True, True)], time=0.10 sec
action=open, ok=True, locked=[False]
executed 0
jan_pump_ms.py completed successfully
setting _ms_pumptime
Post Measurement Finished
00:02:30 -- ******* Post Measurement Finished *******
$$$$$$$$$$$$$$$$$$$$ state at run end measurement
state changed from measurement to success
post measurement save measured=True aborted=False
Set filtering
setting fod for Ar40= {'filter_outliers': True, 'std_devs': 2, 'iterations': 1}
setting fod for H1= {'filter_outliers': True, 'std_devs': 2, 'iterations': 1}
setting fod for PM41= {'filter_outliers': False, 'std_devs': 2, 'iterations': 1}
setting fod for H2= {'filter_outliers': True, 'std_devs': 2, 'iterations': 1}
setting fod for Ar36= {'filter_outliers': True, 'std_devs': 2, 'iterations': 1}
setting fod for CDD= {'filter_outliers': True, 'std_devs': 10, 'iterations': 1}
setting fod for Ar37= {'filter_outliers': True, 'std_devs': 2, 'iterations': 1}
setting fod for L2= {'filter_outliers': True, 'std_devs': 2, 'iterations': 1}
setting fod for Ar38= {'filter_outliers': True, 'std_devs': 2, 'iterations': 1}
setting fod for L1= {'filter_outliers': True, 'std_devs': 2, 'iterations': 1}
setting fod for Ar39= {'filter_outliers': True, 'std_devs': 2, 'iterations': 1}
setting fod for AX= {'filter_outliers': True, 'std_devs': 2, 'iterations': 1}
persistence save...
persistence save - db
post measurement save
5406837840 connecting to database sqlite:////Users/jan/PychronDev/.appdata/local_lab.db
connected to db sqlite:////Users/jan/PychronDev/.appdata/local_lab.db
create new session 5406837840
close session 5406837840
No database instance. Not saving post measurement to isotopedb database
$$$$$$$$$$$$$$$ auto_save_detector_ic=False
massspec enabled True
create new session 4979649712
MassSpec Database Version: 16.0
close session 4979649712
saving post measurement to secondary database
saving to massspec database 129.138.12.160/massspecdata
setting labnumber to 65569
setting aliquot to 29
setting step to 
setting uuid to 2779aa90-5986-446c-886e-2cf92c3fd001
setting irradpos to 65569
setting extract_device to Fusions CO2
setting tray to 
setting position to 178
setting power_requested to 5.0
setting extract_value to 5.0
setting duration to 30.0
setting duration_at_request to 30.0
setting first_stage_delay to 30.0
setting cleanup to 30.0
setting comment to M:11 w/o inclusions
setting irradiation to NM-289
setting level to M
setting irradiation_level to M
setting sample to NM-2602 WO
setting material to Sanidine
setting project to JoyitaHills
setting mass_spectrometer to Jan
no attribute chron_dosages
no attribute production_ratios
no attribute interference_corrections
no attribute production_name
no attribute j
Reference Isotope=Ar40
Reference Detector=H1
%%%%%%%%%%%%%%%%%%%% Comment: M:11 w/o inclusions %%%%%%%%%%%%%%%%%%%
adding isotope PM41 H2
add baseline dbdet= PM41. original det= H2
get baseline data PM41 H2
Get data baseline <pychron.processing.isotope.Baseline object at 0x13be01710> len t=60
baseline PM41. v=-0.193319848327, e=0.00825834088483
get signal data PM41 H2
Get data signal PM41 0.11+/-0.07 len t=120
adding isotope Ar40 H1
add baseline dbdet= Ar40. original det= H1
get baseline data Ar40 H1
Get data baseline <pychron.processing.isotope.Baseline object at 0x13be01690> len t=60
baseline Ar40. v=0.00237932048734, e=0.00518119534664
get signal data Ar40 H1
Get data signal Ar40 1058.97+/-0.06 len t=120
adding isotope Ar39 AX
add baseline dbdet= Ar39. original det= AX
get baseline data Ar39 AX
Get data baseline <pychron.processing.isotope.Baseline object at 0x13be01b90> len t=60
baseline Ar39. v=-0.0814719293118, e=0.00661006939717
get signal data Ar39 AX
Get data signal Ar39 219.875+/-0.026 len t=120
adding isotope Ar38 L1
add baseline dbdet= Ar38. original det= L1
get baseline data Ar38 L1
Get data baseline <pychron.processing.isotope.Baseline object at 0x13be018d0> len t=60
baseline Ar38. v=-0.0264890823163, e=0.00292034886638
get signal data Ar38 L1
Get data signal Ar38 2.820+/-0.005 len t=120
adding isotope Ar37 L2
add baseline dbdet= Ar37. original det= L2
get baseline data Ar37 L2
Get data baseline <pychron.processing.isotope.Baseline object at 0x13be01b50> len t=60
baseline Ar37. v=-0.0314380638345, e=0.0066274863705
get signal data Ar37 L2
Get data signal Ar37 0.965+/-0.010 len t=120
adding isotope Ar36 CDD
add baseline dbdet= Ar36. original det= CDD
get baseline data Ar36 CDD
Get data baseline <pychron.processing.isotope.Baseline object at 0x13be01290> len t=60
baseline Ar36. v=0.000223298120257, e=2.51450712234e-05
get signal data Ar36 CDD
Get data signal Ar36 0.0737+/-0.0006 len t=120
65569-29 added analysis time 0.462417125702s
analysis added to mass spec database
mass spec save time= 0.470
persistence save - dvc
================= post measurement started
create new session 4984345712
close session 4984345712
Get Checksum: -1965264452
---------------- Experiment Queue saving disabled
DVC saving peakcenter
Failed to find a valid peak. No peak greater than 1.0. max = 0.0821383391239
Smart pull ahead: 0 behind: 0
Up-to-date with origin
add to repo msg=modified - ad8224ebc6dbfeb9f5997218dfa5fe690569839d.json
add to repo msg=modified - 69-29.json
add to repo msg=modified - 69-29.dat.json
add to repo msg=modified - 69-29.blan.json
add to repo msg=modified - 69-29.inte.json
add to repo msg=modified - 69-29.icfa.json
add to repo msg=modified - 69-29.base.json
not at valid file /Users/jan/PychronDev/data/.dvc/repositories/Load1783/655/tags/69-29.tags.json
add to repo msg=modified - 69-29.peak.json
add to repo msg=modified - 69-29.extr.json
Get Checksum: -1965264452
not at valid file /Users/jan/PychronDev/data/.dvc/repositories/Load1783/655/monitor/69-29.moni.json
commit message=<COLLECTION>
add to repo msg=modified - 69-29.inte.json
add to repo msg=modified - 69-29.base.json
commit message=<ISOEVO> default collection fits
add to repo msg=modified - 69-29.blan.json
commit message=<BLANKS> preceding bu-FC-J-7490
Get Checksum: -1965264452
add to repo msg=modified - 69-29.icfa.json
commit message=<ICFactor> default
push repository <pychron.git_archive.repo_manager.GitRepoManager object at 0x136c58ef0>
pushing to remote=origin, url=https://github.com
Get Checksum: -1965264452
no changes to meta repo
create new session 4984345712
add association Load1783
get identifier "65569"
setting analysis irradiation position=<pychron.dvc.dvc_orm.IrradiationPositionTbl object at 0x147702910>
close session 4984345712
================= post measurement finished
00:02:43 -- ******* Post Run Check *******
loading queue conditionals post_run_actions
loading system conditionals post_run_actions
loading conditionals from /Users/jan/PychronDev/setupfiles/spectrometer/default_conditionals.yaml
loading queue conditionals post_run_terminations
loading system conditionals post_run_terminations
loading conditionals from /Users/jan/PychronDev/setupfiles/spectrometer/default_conditionals.yaml
Checking default post run terminations n=1
GetDeflection CDD ===>> 50
testing CDD==2000
evaluate ot="CDD.deflection==2000" t="CDD==2000", ctx="{'CDD': 50.0}"
00:02:43 -- ******* Post Run Check Passed *******
00:02:43 -- Automated run 65569-29 success duration: 367.330 s
----------------- finish -----------------
----------------- stop -----------------
retroactive repository identifiers disabled
finish run. runs completed=28
update duration runid=65569-29, duration=367.330225945, md5=301e91d8
loading script "jan_unknown120_60.py"
loading script "jan_pump_ms.py"
loading script "jan_co2.py"
loading script "jan_pump_extraction_line.py"
testing...
no interpolation path defined
executed 213.652928
script duration name:unknown120_60 seconds:214.0
loading script "jan_unknown120_60.py"
loading script "jan_pump_ms.py"
loading script "jan_co2.py"
loading script "jan_pump_extraction_line.py"
testing...
no interpolation path defined
executed 0
loading script "jan_unknown120_60.py"
loading script "jan_pump_ms.py"
loading script "jan_co2.py"
loading script "jan_pump_extraction_line.py"
testing...
no interpolation path defined
calculate duration
testing...
no interpolation path defined
executed 0
calculate duration
testing...
no interpolation path defined
executed 0
executed 0.0
script duration name:co2 seconds:0.0
loading script "jan_unknown120_60.py"
loading script "jan_pump_ms.py"
loading script "jan_co2.py"
loading script "jan_pump_extraction_line.py"
testing...
no interpolation path defined
calculate duration
testing...
no interpolation path defined
executed 4.0
executed 4.0
Script duration 214.0
Run total estimated duration= 215.000
unknown120_60 in script context. using previous estimated duration
script duration name:unknown120_60 seconds:214.0
pump_ms in script context. using previous estimated duration
co2 in script context. using previous estimated duration
script duration name:co2 seconds:0.0
pump_extraction_line in script context. using previous estimated duration
Script duration 214.0
Run total estimated duration= 215.000
loading script "jan_unknown400_120.py"
loading script "jan_pump_ms.py"
loading script "jan_co2.py"
loading script "jan_pump_extraction_line.py"
testing...
no interpolation path defined
executed 556.052928
script duration name:unknown400_120 seconds:556.0
script duration name:co2 seconds:0.0
Script duration 556.0
Run total estimated duration= 557.000
unknown400_120 in script context. using previous estimated duration
script duration name:unknown400_120 seconds:556.0
loading script "jan_unknown400_120.py"
loading script "jan_pump_ms.py"
loading script "jan_cocktail_x1.py"
loading script "jan_pump_extraction_line.py"
testing...
no interpolation path defined
calculate duration
testing...
no interpolation path defined
executed 0
calculate duration
testing...
no interpolation path defined
executed 0
calculate duration
testing...
no interpolation path defined
executed 32.0
calculate duration
testing...
no interpolation path defined
executed 34.0
calculate duration
testing...
no interpolation path defined
executed 4.0
calculate duration
testing...
no interpolation path defined
executed 38.0
executed 108.0
script duration name:cocktail_x1 seconds:108.0
Script duration 664.0
Run total estimated duration= 665.000
script duration name:unknown400_120 seconds:556.0
loading script "jan_unknown400_120.py"
loading script "jan_pump_ms.py"
loading script "jan_sniffair_x2.py"
loading script "jan_pump_extraction_line.py"
testing...
no interpolation path defined
calculate duration
testing...
no interpolation path defined
executed 0
calculate duration
testing...
no interpolation path defined
executed 0
calculate duration
testing...
no interpolation path defined
executed 32.0
calculate duration
testing...
no interpolation path defined
executed 34.0
calculate duration
testing...
no interpolation path defined
executed 4.0
calculate duration
testing...
no interpolation path defined
executed 36.0
calculate duration
testing...
no interpolation path defined
executed 34.0
calculate duration
testing...
no interpolation path defined
executed 4.0
calculate duration
testing...
no interpolation path defined
executed 36.0
calculate duration
testing...
no interpolation path defined
executed 70.0
executed 250.0
script duration name:sniffair_x2 seconds:250.0
Script duration 806.0
Run total estimated duration= 807.000
script duration name:unknown120_60 seconds:214.0
cocktail_x1 in script context. using previous estimated duration
script duration name:cocktail_x1 seconds:108.0
Script duration 322.0
Run total estimated duration= 323.000
loading script "jan_ic_peak_hop3.py"
loading script "jan_pump_ms.py"
loading script "jan_air_x1.py"
loading script "jan_pump_extraction_line.py"
testing...
no interpolation path defined
executed 133.8
script duration name:ic_peak_hop3 seconds:134.0
loading script "jan_ic_peak_hop3.py"
loading script "jan_pump_ms.py"
loading script "jan_air_x1.py"
loading script "jan_pump_extraction_line.py"
testing...
no interpolation path defined
calculate duration
testing...
no interpolation path defined
executed 0
calculate duration
testing...
no interpolation path defined
executed 0
calculate duration
testing...
no interpolation path defined
executed 32.0
calculate duration
testing...
no interpolation path defined
executed 34.0
calculate duration
testing...
no interpolation path defined
executed 4.0
calculate duration
testing...
no interpolation path defined
executed 36.0
executed 106.0
script duration name:air_x1 seconds:106.0
Script duration 240.0
Run total estimated duration= 241.000
script duration name:unknown120_60 seconds:214.0
script duration name:co2 seconds:0.0
Script duration 214.0
Run total estimated duration= 215.000
script duration name:unknown120_60 seconds:214.0
script duration name:co2 seconds:0.0
Script duration 214.0
Run total estimated duration= 215.000
script duration name:unknown120_60 seconds:214.0
script duration name:co2 seconds:0.0
Script duration 214.0
Run total estimated duration= 215.000
script duration name:unknown120_60 seconds:214.0
script duration name:co2 seconds:0.0
Script duration 214.0
Run total estimated duration= 215.000
script duration name:unknown120_60 seconds:214.0
script duration name:co2 seconds:0.0
Script duration 214.0
Run total estimated duration= 215.000
script duration name:unknown120_60 seconds:214.0
script duration name:co2 seconds:0.0
Script duration 214.0
Run total estimated duration= 215.000
script duration name:unknown120_60 seconds:214.0
script duration name:co2 seconds:0.0
Script duration 214.0
Run total estimated duration= 215.000
script duration name:unknown120_60 seconds:214.0
script duration name:co2 seconds:0.0
Script duration 214.0
Run total estimated duration= 215.000
script duration name:unknown120_60 seconds:214.0
script duration name:co2 seconds:0.0
Script duration 214.0
Run total estimated duration= 215.000
script duration name:unknown120_60 seconds:214.0
script duration name:co2 seconds:0.0
Script duration 214.0
Run total estimated duration= 215.000
script duration name:unknown120_60 seconds:214.0
script duration name:co2 seconds:0.0
Script duration 214.0
Run total estimated duration= 215.000
script duration name:unknown120_60 seconds:214.0
script duration name:co2 seconds:0.0
Script duration 214.0
Run total estimated duration= 215.000
script duration name:unknown120_60 seconds:214.0
script duration name:co2 seconds:0.0
Script duration 214.0
Run total estimated duration= 215.000
script duration name:unknown120_60 seconds:214.0
script duration name:co2 seconds:0.0
Script duration 214.0
Run total estimated duration= 215.000
script duration name:unknown120_60 seconds:214.0
script duration name:co2 seconds:0.0
Script duration 214.0
Run total estimated duration= 215.000
script duration name:unknown120_60 seconds:214.0
script duration name:co2 seconds:0.0
Script duration 214.0
Run total estimated duration= 215.000
script duration name:unknown400_120 seconds:556.0
script duration name:co2 seconds:0.0
Script duration 556.0
Run total estimated duration= 557.000
script duration name:unknown120_60 seconds:214.0
script duration name:co2 seconds:0.0
Script duration 214.0
Run total estimated duration= 215.000
script duration name:unknown120_60 seconds:214.0
script duration name:co2 seconds:0.0
Script duration 214.0
Run total estimated duration= 215.000
script duration name:unknown120_60 seconds:214.0
script duration name:co2 seconds:0.0
Script duration 214.0
Run total estimated duration= 215.000
script duration name:unknown120_60 seconds:214.0
script duration name:co2 seconds:0.0
Script duration 214.0
Run total estimated duration= 215.000
script duration name:unknown120_60 seconds:214.0
script duration name:co2 seconds:0.0
Script duration 214.0
Run total estimated duration= 215.000
script duration name:unknown120_60 seconds:214.0
script duration name:co2 seconds:0.0
Script duration 214.0
Run total estimated duration= 215.000
script duration name:unknown120_60 seconds:214.0
script duration name:co2 seconds:0.0
Script duration 214.0
Run total estimated duration= 215.000
script duration name:unknown120_60 seconds:214.0
script duration name:co2 seconds:0.0
Script duration 214.0
Run total estimated duration= 215.000
script duration name:unknown120_60 seconds:214.0
script duration name:co2 seconds:0.0
Script duration 214.0
Run total estimated duration= 215.000
script duration name:unknown120_60 seconds:214.0
script duration name:co2 seconds:0.0
Script duration 214.0
Run total estimated duration= 215.000
script duration name:unknown120_60 seconds:214.0
script duration name:co2 seconds:0.0
Script duration 214.0
Run total estimated duration= 215.000
script duration name:unknown120_60 seconds:214.0
script duration name:co2 seconds:0.0
Script duration 214.0
Run total estimated duration= 215.000
script duration name:unknown120_60 seconds:214.0
script duration name:co2 seconds:0.0
Script duration 214.0
Run total estimated duration= 215.000
script duration name:unknown120_60 seconds:214.0
script duration name:co2 seconds:0.0
Script duration 214.0
Run total estimated duration= 215.000
script duration name:unknown120_60 seconds:214.0
script duration name:co2 seconds:0.0
Script duration 214.0
Run total estimated duration= 215.000
script duration name:unknown120_60 seconds:214.0
script duration name:co2 seconds:0.0
Script duration 214.0
Run total estimated duration= 215.000
script duration name:unknown120_60 seconds:214.0
script duration name:co2 seconds:0.0
Script duration 214.0
Run total estimated duration= 215.000
script duration name:unknown120_60 seconds:214.0
script duration name:co2 seconds:0.0
Script duration 214.0
Run total estimated duration= 215.000
script duration name:unknown120_60 seconds:214.0
script duration name:co2 seconds:0.0
Script duration 214.0
Run total estimated duration= 215.000
script duration name:unknown400_120 seconds:556.0
script duration name:co2 seconds:0.0
Script duration 556.0
Run total estimated duration= 557.000
script duration name:unknown400_120 seconds:556.0
script duration name:cocktail_x1 seconds:108.0
Script duration 664.0
Run total estimated duration= 665.000
script duration name:unknown120_60 seconds:214.0
script duration name:cocktail_x1 seconds:108.0
Script duration 322.0
Run total estimated duration= 323.000
ic_peak_hop3 in script context. using previous estimated duration
script duration name:ic_peak_hop3 seconds:134.0
air_x1 in script context. using previous estimated duration
script duration name:air_x1 seconds:106.0
Script duration 240.0
Run total estimated duration= 241.000
script duration name:unknown120_60 seconds:214.0
script duration name:co2 seconds:0.0
Script duration 214.0
Run total estimated duration= 215.000
script duration name:unknown120_60 seconds:214.0
script duration name:co2 seconds:0.0
Script duration 214.0
Run total estimated duration= 215.000
script duration name:unknown120_60 seconds:214.0
script duration name:co2 seconds:0.0
Script duration 214.0
Run total estimated duration= 215.000
script duration name:unknown400_120 seconds:556.0
sniffair_x2 in script context. using previous estimated duration
script duration name:sniffair_x2 seconds:250.0
Script duration 806.0
Run total estimated duration= 807.000
script duration name:unknown400_120 seconds:556.0
script duration name:sniffair_x2 seconds:250.0
Script duration 806.0
Run total estimated duration= 807.000
script duration name:unknown120_60 seconds:214.0
script duration name:co2 seconds:0.0
Script duration 214.0
Run total estimated duration= 215.000
script duration name:unknown120_60 seconds:214.0
script duration name:co2 seconds:0.0
Script duration 214.0
Run total estimated duration= 215.000
script duration name:unknown120_60 seconds:214.0
script duration name:co2 seconds:0.0
Script duration 214.0
Run total estimated duration= 215.000
script duration name:unknown120_60 seconds:214.0
script duration name:co2 seconds:0.0
Script duration 214.0
Run total estimated duration= 215.000
script duration name:unknown120_60 seconds:214.0
script duration name:co2 seconds:0.0
Script duration 214.0
Run total estimated duration= 215.000
script duration name:unknown120_60 seconds:214.0
script duration name:co2 seconds:0.0
Script duration 214.0
Run total estimated duration= 215.000
script duration name:unknown120_60 seconds:214.0
script duration name:co2 seconds:0.0
Script duration 214.0
Run total estimated duration= 215.000
script duration name:unknown120_60 seconds:214.0
script duration name:co2 seconds:0.0
Script duration 214.0
Run total estimated duration= 215.000
script duration name:unknown120_60 seconds:214.0
script duration name:co2 seconds:0.0
Script duration 214.0
Run total estimated duration= 215.000
script duration name:unknown120_60 seconds:214.0
script duration name:co2 seconds:0.0
Script duration 214.0
Run total estimated duration= 215.000
script duration name:unknown120_60 seconds:214.0
script duration name:co2 seconds:0.0
Script duration 214.0
Run total estimated duration= 215.000
script duration name:unknown120_60 seconds:214.0
script duration name:co2 seconds:0.0
Script duration 214.0
Run total estimated duration= 215.000
script duration name:unknown120_60 seconds:214.0
script duration name:co2 seconds:0.0
Script duration 214.0
Run total estimated duration= 215.000
script duration name:unknown120_60 seconds:214.0
script duration name:co2 seconds:0.0
Script duration 214.0
Run total estimated duration= 215.000
script duration name:unknown120_60 seconds:214.0
script duration name:co2 seconds:0.0
Script duration 214.0
Run total estimated duration= 215.000
script duration name:unknown120_60 seconds:214.0
script duration name:co2 seconds:0.0
Script duration 214.0
Run total estimated duration= 215.000
script duration name:unknown120_60 seconds:214.0
script duration name:co2 seconds:0.0
Script duration 214.0
Run total estimated duration= 215.000
script duration name:unknown120_60 seconds:214.0
script duration name:co2 seconds:0.0
Script duration 214.0
Run total estimated duration= 215.000
script duration name:unknown400_120 seconds:556.0
script duration name:co2 seconds:0.0
Script duration 556.0
Run total estimated duration= 557.000
script duration name:unknown400_120 seconds:556.0
script duration name:cocktail_x1 seconds:108.0
Script duration 664.0
Run total estimated duration= 665.000
script duration name:unknown120_60 seconds:214.0
script duration name:cocktail_x1 seconds:108.0
Script duration 322.0
Run total estimated duration= 323.000
script duration name:unknown400_120 seconds:556.0
script duration name:sniffair_x2 seconds:250.0
Script duration 806.0
Run total estimated duration= 807.000
script duration name:unknown400_120 seconds:556.0
script duration name:sniffair_x2 seconds:250.0
Script duration 806.0
Run total estimated duration= 807.000
script duration name:ic_peak_hop3 seconds:134.0
script duration name:air_x1 seconds:106.0
Script duration 240.0
Run total estimated duration= 241.000
script duration name:unknown120_60 seconds:214.0
script duration name:co2 seconds:0.0
Script duration 214.0
Run total estimated duration= 215.000
script duration name:unknown120_60 seconds:214.0
script duration name:co2 seconds:0.0
Script duration 214.0
Run total estimated duration= 215.000
script duration name:unknown120_60 seconds:214.0
script duration name:co2 seconds:0.0
Script duration 214.0
Run total estimated duration= 215.000
script duration name:unknown120_60 seconds:214.0
script duration name:co2 seconds:0.0
Script duration 214.0
Run total estimated duration= 215.000
script duration name:unknown120_60 seconds:214.0
script duration name:co2 seconds:0.0
Script duration 214.0
Run total estimated duration= 215.000
script duration name:unknown120_60 seconds:214.0
script duration name:co2 seconds:0.0
Script duration 214.0
Run total estimated duration= 215.000
script duration name:unknown120_60 seconds:214.0
script duration name:co2 seconds:0.0
Script duration 214.0
Run total estimated duration= 215.000
script duration name:unknown120_60 seconds:214.0
script duration name:co2 seconds:0.0
Script duration 214.0
Run total estimated duration= 215.000
script duration name:unknown120_60 seconds:214.0
script duration name:co2 seconds:0.0
Script duration 214.0
Run total estimated duration= 215.000
script duration name:unknown120_60 seconds:214.0
script duration name:co2 seconds:0.0
Script duration 214.0
Run total estimated duration= 215.000
script duration name:unknown120_60 seconds:214.0
script duration name:co2 seconds:0.0
Script duration 214.0
Run total estimated duration= 215.000
script duration name:unknown120_60 seconds:214.0
script duration name:co2 seconds:0.0
Script duration 214.0
Run total estimated duration= 215.000
script duration name:unknown120_60 seconds:214.0
script duration name:co2 seconds:0.0
Script duration 214.0
Run total estimated duration= 215.000
script duration name:unknown120_60 seconds:214.0
script duration name:co2 seconds:0.0
Script duration 214.0
Run total estimated duration= 215.000
script duration name:unknown120_60 seconds:214.0
script duration name:co2 seconds:0.0
Script duration 214.0
Run total estimated duration= 215.000
script duration name:unknown400_120 seconds:556.0
script duration name:co2 seconds:0.0
Script duration 556.0
Run total estimated duration= 557.000
script duration name:unknown400_120 seconds:556.0
script duration name:cocktail_x1 seconds:108.0
Script duration 664.0
Run total estimated duration= 665.000
script duration name:unknown120_60 seconds:214.0
script duration name:cocktail_x1 seconds:108.0
Script duration 322.0
Run total estimated duration= 323.000
script duration name:ic_peak_hop3 seconds:134.0
script duration name:air_x1 seconds:106.0
Script duration 240.0
Run total estimated duration= 241.000
script duration name:unknown120_60 seconds:214.0
script duration name:co2 seconds:0.0
Script duration 214.0
Run total estimated duration= 215.000
script duration name:unknown120_60 seconds:214.0
script duration name:co2 seconds:0.0
Script duration 214.0
Run total estimated duration= 215.000
script duration name:unknown120_60 seconds:214.0
script duration name:co2 seconds:0.0
Script duration 214.0
Run total estimated duration= 215.000
script duration name:unknown120_60 seconds:214.0
script duration name:co2 seconds:0.0
Script duration 214.0
Run total estimated duration= 215.000
script duration name:unknown120_60 seconds:214.0
script duration name:co2 seconds:0.0
Script duration 214.0
Run total estimated duration= 215.000
script duration name:unknown120_60 seconds:214.0
script duration name:co2 seconds:0.0
Script duration 214.0
Run total estimated duration= 215.000
script duration name:unknown120_60 seconds:214.0
script duration name:co2 seconds:0.0
Script duration 214.0
Run total estimated duration= 215.000
script duration name:unknown120_60 seconds:214.0
script duration name:co2 seconds:0.0
Script duration 214.0
Run total estimated duration= 215.000
script duration name:unknown120_60 seconds:214.0
script duration name:co2 seconds:0.0
Script duration 214.0
Run total estimated duration= 215.000
script duration name:unknown120_60 seconds:214.0
script duration name:co2 seconds:0.0
Script duration 214.0
Run total estimated duration= 215.000
script duration name:unknown400_120 seconds:556.0
script duration name:sniffair_x2 seconds:250.0
Script duration 806.0
Run total estimated duration= 807.000
script duration name:unknown400_120 seconds:556.0
script duration name:sniffair_x2 seconds:250.0
Script duration 806.0
Run total estimated duration= 807.000
script duration name:unknown400_120 seconds:556.0
script duration name:co2 seconds:0.0
Script duration 556.0
Run total estimated duration= 557.000
nruns=108 before=5.0, run_dur=31752.0, btw=4815.0
write rem/ex queues
/Users/jan/PychronDev/experiments/rem/CurrentExperiment.rem.txt
/Users/jan/PychronDev/experiments/rem/CurrentExperiment.ex.txt
doing event level: 3
