do run
loading script "jan_unknown120_60.py"
loading script "jan_pump_ms.py"
loading script "jan_co2.py"
loading script "jan_pump_extraction_line.py"
testing...
no interpolation path defined
executed 213.652928
script duration name:unknown120_60 seconds:214.0
loading script "jan_unknown120_60.py"
loading script "jan_pump_ms.py"
loading script "jan_co2.py"
loading script "jan_pump_extraction_line.py"
testing...
no interpolation path defined
executed 0
loading script "jan_unknown120_60.py"
loading script "jan_pump_ms.py"
loading script "jan_co2.py"
loading script "jan_pump_extraction_line.py"
testing...
no interpolation path defined
calculate duration
testing...
no interpolation path defined
executed 0
calculate duration
testing...
no interpolation path defined
executed 0
executed 0.0
script duration name:co2 seconds:0.0
loading script "jan_unknown120_60.py"
loading script "jan_pump_ms.py"
loading script "jan_co2.py"
loading script "jan_pump_extraction_line.py"
testing...
no interpolation path defined
calculate duration
testing...
no interpolation path defined
executed 4.0
executed 4.0
Script duration 214.0
Run total estimated duration= 215.000
run duration: 0:03:35
doing event level: 2
23:42:39 -- Setting default integration. t=1.048576
setting integration time = 1.048576
SetIntegrationTime 1.048576 ===>> OK
----------------- start -----------------
**************** Experiment Type: Ar/Ar, Ar/Ar
create new session 5004766384
close session 5004766384
$$$$$ Clearing conditionals
adding conditionals 
Add queue conditionals
add default conditionals
adding default conditionals from /Users/jan/PychronDev/setupfiles/spectrometer/default_conditionals.yaml
Start automated run 65569-27
loading script "jan_unknown120_60.py"
loading script "jan_pump_ms.py"
loading script "jan_co2.py"
loading script "jan_pump_extraction_line.py"
%%%%%%%%%%%%%%%%%% setting automated run 65569-27
No value "sensitivity_multiplier" in metadata
$$$$$$$$$$$$$$$ auto_save_detector_ic=False
============================= Pre Extraction Check =============================
loading queue conditionals pre_run_terminations
loading system conditionals pre_run_terminations
loading conditionals from /Users/jan/PychronDev/setupfiles/spectrometer/default_conditionals.yaml
23:42:39 -- ******* Pre Extraction Check *******
Get a measurement from the spectrometer
GetData ===>> H2,-0.159709989404013,H1,-0.00434449596899962,AX,-0.0736366872341047,L1,0.0180229972203922,L2,-0....
Pre Extraction Termination data. keys=H2,H1,AX,L1,L2,CDD, signals=-0.15971,-0.00434,-0.07364,0.01802,-0.04090,0.00298
23:42:39 -- testing system defined conditionals
Checking default pre extraction terminations n=2
testing CDD
evaluate ot="CDD.inactive" t="CDD", ctx="{'CDD': False}"
GetDeflection CDD ===>> 50
testing CDD==2000
evaluate ot="CDD.deflection==2000" t="CDD==2000", ctx="{'CDD': 50.0}"
23:42:39 -- ******* Pre Extraction Check Passed *******
=================================================================================
23:42:39 -- stopping status monitor
stop 4976489392
Alive clients [4984697584]
23:42:39 -- starting status monitor
start 4976489392
Monitor already running
start extraction
do extraction
Analysis started at 23:42:39.196283
Extraction Started jan_co2.py
23:42:39 -- ******* Extraction Started jan_co2.py *******
state changed from not run to extraction
DO EXTRACTION <pychron.extraction_line.pyscript_runner.RemotePyScriptRunner object at 0x12988f3b0>
testing...
no interpolation path defined
calculate duration
testing...
no interpolation path defined
executed 0
calculate duration
testing...
no interpolation path defined
executed 0
executed 100.0
Jan CO2 laser analysis
doing GOSUB
testing...
no interpolation path defined
executed 0
Waiting for CO2 access
wait ('FelixCO2Flag', 0) {}
waiting for FelixCO2Flag = 0
Read FelixCO2Flag ===>> 0
finished waiting
CO2 free
wait ('CO2PumpTimeFlag', 0) {}
waiting for CO2PumpTimeFlag = 0
Read CO2PumpTimeFlag ===>> 0
finished waiting
acquire ('JanCO2Flag',) {'clear': True}
acquire JanCO2Flag
Set JanCO2Flag 1 ===>> OK
JanCO2Flag acquired
set extraction state False (0.75, 'red', 1.5)
CO2 acquired
executed 0
WaitForCO2Access.py completed successfully
gosub finished
doing GOSUB
testing...
no interpolation path defined
executed 0
Prepare for CO2 analysis
close () {'description': 'Jan Inlet'}
closing name=--- desc=Jan Inlet
checking ownership. requestor=129.138.12.150
check software interlocks R
interlocks []
actuate state mode=None-script, software_lock=False
doing actuation None-script close_channel False
Close R ===>> OK
GetIndicatorState R ===>> False
change switch state (True, True)
update switch state R False args=() kw={} ncanvase=2
23:42:39 -- CLOSE  VALVE-R (Jan Inlet)
---------------------------------------- close None (Jan Inlet) result=[(True, True)]
action=close, ok=True, locked=[False]
open () {'description': 'Jan Ion Pump'}
opening name=--- desc=Jan Ion Pump
checking ownership. requestor=129.138.12.150
check software interlocks O
interlocks []
actuate state mode=None-script, software_lock=False
doing actuation None-script open_channel False
Open O ===>> OK
GetIndicatorState O ===>> OK
change switch state (True, True)
update switch state O True args=() kw={} ncanvase=2
23:42:40 -- OPEN   VALVE-O (Jan Ion Pump)
---------------------------------------- open None (Jan Ion Pump) result=[(True, True)], time=0.11 sec
action=open, ok=True, locked=[False]
close () {'description': 'Microbone to Minibone'}
closing name=--- desc=Microbone to Minibone
checking ownership. requestor=129.138.12.150
check software interlocks L
interlocks []
actuate state mode=None-script, software_lock=False
doing actuation None-script close_channel False
Close L ===>> OK
Get Checksum: -1965264452
GetIndicatorState L ===>> False
change switch state (True, True)
update switch state L False args=() kw={} ncanvase=2
23:42:40 -- CLOSE  VALVE-L (Microbone to Minibone)
---------------------------------------- close None (Microbone to Minibone) result=[(True, True)]
action=close, ok=True, locked=[False]
open () {'description': 'Microbone to Turbo'}
opening name=--- desc=Microbone to Turbo
checking ownership. requestor=129.138.12.150
check software interlocks U
interlocks []
actuate state mode=None-script, software_lock=False
doing actuation None-script open_channel False
Open U ===>> OK
GetIndicatorState U ===>> OK
change switch state (True, True)
update switch state U True args=() kw={} ncanvase=2
23:42:41 -- OPEN   VALVE-U (Microbone to Turbo)
---------------------------------------- open None (Microbone to Turbo) result=[(True, True)], time=0.14 sec
action=open, ok=True, locked=[False]
open () {'description': 'Microbone to Inlet Pipette'}
opening name=--- desc=Microbone to Inlet Pipette
checking ownership. requestor=129.138.12.150
check software interlocks S
interlocks []
actuate state mode=None-script, software_lock=False
doing actuation None-script open_channel False
Open S ===>> OK
GetIndicatorState S ===>> OK
change switch state (True, True)
update switch state S True args=() kw={} ncanvase=2
23:42:41 -- OPEN   VALVE-S (Microbone to Inlet Pipette)
---------------------------------------- open None (Microbone to Inlet Pipette) result=[(True, True)], time=0.41 sec
action=open, ok=True, locked=[False]
open () {'description': 'Microbone to Getter D-50'}
opening name=--- desc=Microbone to Getter D-50
checking ownership. requestor=129.138.12.150
check software interlocks K
interlocks []
actuate state mode=None-script, software_lock=False
doing actuation None-script open_channel False
Open K ===>> OK
GetIndicatorState K ===>> OK
change switch state (True, True)
update switch state K True args=() kw={} ncanvase=2
23:42:42 -- OPEN   VALVE-K (Microbone to Getter D-50)
---------------------------------------- open None (Microbone to Getter D-50) result=[(True, True)], time=0.42 sec
action=open, ok=True, locked=[False]
open () {'description': 'Microbone to Getter NP-10'}
opening name=--- desc=Microbone to Getter NP-10
checking ownership. requestor=129.138.12.150
check software interlocks M
interlocks []
actuate state mode=None-script, software_lock=False
doing actuation None-script open_channel False
Open M ===>> OK
GetIndicatorState M ===>> OK
change switch state (True, True)
update switch state M True args=() kw={} ncanvase=2
23:42:42 -- OPEN   VALVE-M (Microbone to Getter NP-10)
---------------------------------------- open None (Microbone to Getter NP-10) result=[(True, True)], time=0.17 sec
action=open, ok=True, locked=[False]
close () {'description': 'CO2 Laser to Felix'}
closing name=--- desc=CO2 Laser to Felix
checking ownership. requestor=129.138.12.150
check software interlocks F
interlocks []
actuate state mode=None-script, software_lock=True
VALVE-F(CO2 Laser to Felix) software locked
change switch state (True, False)
---------------------------------------- close None (CO2 Laser to Felix) result=[(True, False)]
action=close, ok=True, locked=[True]
open () {'description': 'CO2 Laser to Jan'}
opening name=--- desc=CO2 Laser to Jan
checking ownership. requestor=129.138.12.150
check software interlocks A
interlocks []
actuate state mode=None-script, software_lock=False
doing actuation None-script open_channel False
Open A ===>> OK
GetIndicatorState A ===>> OK
change switch state (True, True)
update switch state A True args=() kw={} ncanvase=2
23:42:43 -- OPEN   VALVE-A (CO2 Laser to Jan)
---------------------------------------- open None (CO2 Laser to Jan) result=[(True, True)], time=0.14 sec
action=open, ok=True, locked=[False]
open () {'description': 'Microbone to CO2 Laser'}
opening name=--- desc=Microbone to CO2 Laser
checking ownership. requestor=129.138.12.150
check software interlocks T
interlocks []
actuate state mode=None-script, software_lock=False
doing actuation None-script open_channel False
Open T ===>> OK
GetIndicatorState T ===>> OK
change switch state (True, True)
update switch state T True args=() kw={} ncanvase=2
Get Checksum: -1965264452
23:42:43 -- OPEN   VALVE-T (Microbone to CO2 Laser)
---------------------------------------- open None (Microbone to CO2 Laser) result=[(True, True)], time=0.47 sec
action=open, ok=True, locked=[False]
executed 0
PrepareForCO2Analysis.py completed successfully
gosub finished
set_motor ('beam', '1.25') {}
setting motor "beam" to 1.25
set motor beam to 1.25
SetMotor beam,1.25 ===>> OK
GetMotorMoving beam ===>> False
GetMotorMoving beam ===>> False
Block completed
move_to_position ('176',) {'autocenter': True}
FusionsCO2 move to position 176
sending GoToHole 176,True
GoToHole 176,True ===>> OK
GetDriveMoving ===>> OK
GetDriveMoving ===>> OK
GetDriveMoving ===>> OK
GetDriveMoving ===>> OK
Get Checksum: -1965264452
GetDriveMoving ===>> OK
GetDriveMoving ===>> OK
GetDriveMoving ===>> False
GetDriveMoving ===>> OK
GetDriveMoving ===>> OK
GetDriveMoving ===>> OK
GetDriveMoving ===>> OK
GetDriveMoving ===>> OK
GetDriveMoving ===>> OK
GetDriveMoving ===>> OK
GetDriveMoving ===>> OK
GetDriveMoving ===>> OK
GetDriveMoving ===>> OK
GetDriveMoving ===>> OK
GetDriveMoving ===>> OK
GetDriveMoving ===>> OK
GetDriveMoving ===>> OK
GetDriveMoving ===>> OK
GetDriveMoving ===>> OK
GetDriveMoving ===>> OK
Get Checksum: -1965264452
GetDriveMoving ===>> OK
GetDriveMoving ===>> OK
GetDriveMoving ===>> False
Block completed
GetAutoCorrecting ===>> False
GetAutoCorrecting ===>> False
Block completed
update position
GetPosition ===>> 0.00000,-7.97560,1.00000
got position (0.0, -7.9756, 1.0)
move to position succeeded
sleep (5,) {}
SLEEP 5.0
block started
WaitControl setup for 5.0  
Get Checksum: -1965264452
Get Checksum: -1965264452
Join finished
block finished. duration 5.00688886642
close () {'description': 'Microbone to Turbo'}
closing name=--- desc=Microbone to Turbo
checking ownership. requestor=129.138.12.150
check software interlocks U
interlocks []
actuate state mode=None-script, software_lock=False
doing actuation None-script close_channel True
Close U ===>> OK
GetIndicatorState U ===>> False
change switch state (True, True)
update switch state U False args=() kw={} ncanvase=2
23:42:58 -- CLOSE  VALVE-U (Microbone to Turbo)
---------------------------------------- close None (Microbone to Turbo) result=[(True, True)]
action=close, ok=True, locked=[False]
enable laser
enable () {}
set extraction state FusionsCO2 Enabled (False, 'red', 1.5)
enabling laser
Enable ===>> OK
begin interval
BEGIN INTERVAL Interval 1 waiting for 30.0
block started
set extract to 5.0
WaitControl setup for 30.0  
extract (5.0,) {}
GetPosition ===>> 0.00000,-7.97560,1.00000
set extraction state FusionsCO2 ON! 5.0(watts) (0.75, 'red', 1.5)
extract sample to 5.0 (watts)
set laser output
SetLaserOutput 5.0,watts ===>> OK
executing pattern triangle.lp
execute_pattern ('triangle.lp',) {}
executing pattern triangle.lp
Get Checksum: 1551197106
IsPatterning ===>> OK
IsPatterning ===>> OK
IsPatterning ===>> OK
Get Checksum: 1551197106
IsPatterning ===>> OK
IsPatterning ===>> OK
IsPatterning ===>> OK
Get Checksum: 1551197106
IsPatterning ===>> OK
IsPatterning ===>> OK
IsPatterning ===>> OK
Get Checksum: 1551197106
IsPatterning ===>> OK
IsPatterning ===>> OK
IsPatterning ===>> OK
Get Checksum: 1551197106
IsPatterning ===>> OK
IsPatterning ===>> OK
IsPatterning ===>> OK
Get Checksum: 1551197106
IsPatterning ===>> OK
IsPatterning ===>> OK
IsPatterning ===>> OK
Get Checksum: 1551197106
IsPatterning ===>> OK
IsPatterning ===>> OK
IsPatterning ===>> OK
Get Checksum: 1551197106
IsPatterning ===>> OK
IsPatterning ===>> OK
IsPatterning ===>> OK
Get Checksum: 1551197106
IsPatterning ===>> OK
IsPatterning ===>> OK
IsPatterning ===>> False
Get Checksum: 1551197106
IsPatterning ===>> False
Block completed
COMPLETE INTERVAL waiting for Interval 1 to complete
Join finished
block finished. duration 30.0594241619
Interval 1 finished
end_extract () {}
ending extraction. set laser power to 0
set laser power 0
SetLaserPower 0 ===>> OK
disable () {}
%%%%%%%%%%%%%%%%%%%%%%%%%%%%%%%%%%% disable
set extraction state False (0.75, 'red', 1.5)
disabling laser
Disable ===>> OK
sleep (30.0,) {}
SLEEP 30.0
block started
WaitControl setup for 30.0  
Get Checksum: 1551197106
Get Checksum: 1551197106
Get Checksum: 1551197106
Get Checksum: 1551197106
Get Checksum: 1551197106
Get Checksum: 1551197106
Get Checksum: 1551197106
Get Checksum: 1551197106
Get Checksum: 1551197106
Get Checksum: 1551197106
Join finished
block finished. duration 30.0854480267
executed 166.5
jan_co2.py completed successfully
GetAchievedOutput ===>> No Response
Requested Output= 0.000
Achieved Output=  0.000
GetResponseBlob ===>> No Response
GetOutputBlob ===>> No Response
persistence save...
persistence save - db
AutomatedRunPersister post_extraction_save deprecated
persistence save - dvc
no extraction position for 176
create new session 4984345712
close session 4984345712
Extraction Finished
23:44:00 -- ******* Extraction Finished *******
no overlap. not waiting for min ms pumptime
23:44:00 -- Sending spectrometer configuration
======== Sending configuration ========
SetDeflection CDD,50.0 ===>> OK
SetDeflection H2,0.0 ===>> OK
SetDeflection H1,0.0 ===>> OK
SetDeflection L2,825.0 ===>> OK
SetDeflection L1,400.0 ===>> OK
SetDeflection AX,190.0 ===>> OK
SetZFocus 74.64 ===>> OK
SetZSymmetry -50.72 ===>> OK
SetExtractionLens 26.13 ===>> OK
SetIonRepeller -3.81 ===>> OK
SetElectronEnergy 75.08 ===>> OK
SetYSymmetry -2.81 ===>> OK
SetIonCounterVoltage 1590.0 ===>> OK
send trap current 200.0
GetParameter Trap Current Readback ===>> 198.370811206739
SetParameter Trap Current Set,200.0 ===>> OK
updating mftable name mftable
Using mftable located at /Users/jan/PychronDev/setupfiles/spectrometer/mftables/mftable.csv
============ MFtable ===========
Isotope  H2     H1     AX     L1     L2     CDD    
Ar40     5.7806 5.8792 5.9925 6.1205 6.2309 6.3487
Ar39     5.6798 5.7714 5.8849 6.0065 6.1160 6.2352
Ar36     5.3573 5.4404 5.5483 5.6654 5.7710 5.8863
================================
get initial guess parabolic
get initial guess parabolic
get initial guess parabolic
get initial guess parabolic
get initial guess parabolic
get initial guess parabolic
======== Configuration Finished ========
GetYSymmetry ===>> -2.81
GetZSymmetry ===>> -50.72
GetParameter Trap Current Readback ===>> 197.923274125618
GetHighVoltage ===>> 4500
start measurement
do measurement
L#=65569 analysis type=unknown
Measurement Started jan_unknown120_60.py
23:44:00 -- ******* Measurement Started jan_unknown120_60.py *******
state changed from extraction to measurement
setting spec, defl, and gains
GetExtractionLens ===>> 26.13
GetYSymmetry ===>> -2.81
GetZSymmetry ===>> -50.72
GetZFocus ===>> 74.64
GetDeflection H2 ===>> 0
GetDeflection H1 ===>> 0
GetDeflection AX ===>> 190
GetDeflection L1 ===>> 400
GetDeflection L2 ===>> 825
GetDeflection CDD ===>> 50
GetGain H2 ===>> 0.0113
GetGain H1 ===>> 0.1
GetGain AX ===>> 0.097049
GetGain L1 ===>> 0.010355
GetGain L2 ===>> 0.095649
GetGain CDD ===>> 0
pre measurement save
New frame /Users/jan/PychronDev/data/isotopes/2a/c4ac10-6609-478f-804b-5c33476421c9.h5
flush and close file /Users/jan/PychronDev/data/isotopes/2a/c4ac10-6609-478f-804b-5c33476421c9.h5
testing...
no interpolation path defined
executed 226.132928
unknown measurement script
activate_detectors ('H2', 'H1', 'AX', 'L1', 'L2', 'CDD') {}
activate detectors
*************** Set Analysis View Ar/Ar
create graphs
clearing graphs
Get Checksum: 1551197106
clear isotope group
setting isotope det=H2, iso=PM41
setting isotope det=H1, iso=Ar40
setting isotope det=AX, iso=Ar39
setting isotope det=L1, iso=Ar38
setting isotope det=L2, iso=Ar37
setting isotope det=CDD, iso=Ar36
setting previous blanks
 - setting Ar40 blank 0.871+/-0.007
 - setting Ar36 blank 0.00687+/-0.00022
 - setting Ar37 blank 0.041+/-0.005
 - setting Ar38 blank 0.0207+/-0.0024
 - setting PM41 blank 0.01+/-0.07
 - setting Ar39 blank 0.025+/-0.008
load analysis view
position_magnet ('Ar40',) {'detector': 'H1'}
detector Detector(H1)
POSITION Ar40 H1
setting detector H2 to PM41 (40.9624)
setting detector H1 to Ar40 (39.9624)
setting detector AX to Ar39 (38.9624)
setting detector L1 to Ar38 (37.9624)
setting detector L2 to Ar37 (36.9624)
setting detector CDD to Ar36 (35.9624)
Mapping mass to dac mass func: "parabolic"
H1 map mass coeffs = [-0.00063987  0.15840543  0.57075999]
H1 map mass to dac 39.9624 >> 5.87915
GetDeflection H1 ===>> 0
GetHighVoltage ===>> 4500
positioning Ar40 (5.87915) on H1
setting magnet DAC
current  : 5.879152
requested: 5.879150
Delta Dac: 0.000002
Checking detector protection. dv=0.00000
Checking detector "CDD". Protection Threshold: 0.1 (V)
SetMagnetDAC 5.87915 ===>> OK
Magnet settling time: 0.500
equilibrate () {'delay': 3, 'inlet': 'R', 'outlet': 'O', 'eqtime': 12.0}
Equilibration Started
23:44:02 -- ******* Equilibration Started *******
checking ownership. requestor=129.138.12.150
check software interlocks O
interlocks []
actuate state mode=None-script, software_lock=False
doing actuation None-script close_channel True
Close O ===>> OK
GetIndicatorState O ===>> False
change switch state (True, True)
update switch state O False args=() kw={} ncanvase=2
23:44:02 -- CLOSE  VALVE-O (Jan Ion Pump)
waiting 3s before opening inlet value ('R',)
Get Checksum: -598318598
checking ownership. requestor=129.138.12.150
check software interlocks R
interlocks []
actuate state mode=None-script, software_lock=False
doing actuation None-script open_channel True
Open R ===>> OK
set states for children of R. state=True
handle state [('R', True)]
update switch state R True args=() kw={'refresh': False} ncanvase=2
refresh_canvas_needed fired
GetIndicatorState R ===>> OK
change switch state (True, True)
update switch state R True args=() kw={} ncanvase=2
23:44:06 -- OPEN   VALVE-R (Jan Inlet)
equilibrating for 12.0sec
set_time_zero () {}
sniff (12.0,) {}
py_sniff
build tables- sniff [Detector(H2), Detector(H1), Detector(AX), Detector(L1), Detector(L2), Detector(CDD)]
add group /sniff/PM41 (Group) '' table H2
add group /sniff/Ar40 (Group) '' table H1
add group /sniff/Ar39 (Group) '' table AX
add group /sniff/Ar38 (Group) '' table L1
add group /sniff/Ar37 (Group) '' table L2
add group /sniff/Ar36 (Group) '' table CDD
flush and close file /Users/jan/PychronDev/data/isotopes/2a/c4ac10-6609-478f-804b-5c33476421c9.h5
measuring sniff. ncounts=12.0
starting measurement
GetData ===>> H2,-0.00896888153322115,H1,52.5174275845363,AX,12.2519471458433,L1,0.00863572433717086,L2,0.20883...
GetData ===>> H2,1.06556360200348,H1,733.708722437136,AX,165.51037266174,L1,0.856634322265962,L2,1.048585157545...
Get Checksum: -1449001502
GetData ===>> H2,0.636831349102202,H1,1159.56418675779,AX,253.057951719935,L1,2.04690548437472,L2,1.23648940047...
GetData ===>> H2,0.138675984782511,H1,1293.75770707865,AX,276.89424388988,L1,2.77716786780188,L2,1.249083104750...
GetData ===>> H2,0.0666430304798257,H1,1339.88139306322,AX,284.720104829759,L1,3.11127095652065,L2,1.1908653584...
Get Checksum: -1449001502
GetData ===>> H2,0.0873751302991345,H1,1358.28462832837,AX,287.834164867245,L1,3.37456328279161,L2,1.1571594489...
GetData ===>> H2,0.0201429431265214,H1,1366.14531723147,AX,289.03796446394,L1,3.49493098092604,L2,1.18513378358...
GetData ===>> H2,0.0250179475659826,H1,1369.807460134,AX,289.959859960201,L1,3.54221723381584,L2,1.232957036118...
Get Checksum: -1449001502
GetData ===>> H2,-0.0902386811532461,H1,1371.45968232702,AX,290.155827922703,L1,3.60592998720513,L2,1.235457202...
GetData ===>> H2,-0.0419034771801288,H1,1371.81003892058,AX,289.752239504583,L1,3.64739251364892,L2,1.193994942...
Get Checksum: -1449001502
GetData ===>> H2,-0.120862179053739,H1,1371.83243294406,AX,289.865152765347,L1,3.66169817887717,L2,1.2605083272...
Equilibration Finished
23:44:18 -- ******* Equilibration Finished *******
GetData ===>> H2,-0.0955083952036239,H1,1371.27777376287,AX,289.720457913623,L1,3.65585039387063,L2,1.131606927...
checking ownership. requestor=129.138.12.150
check software interlocks R
interlocks []
actuate state mode=None-script, software_lock=False
doing actuation None-script close_channel True
Close R ===>> OK
GetIndicatorState R ===>> False
change switch state (True, True)
update switch state R False args=() kw={} ncanvase=2
23:44:18 -- CLOSE  VALVE-R (Jan Inlet)
Post Equilibration Started jan_pump_extraction_line.py
23:44:18 -- ******* Post Equilibration Started jan_pump_extraction_line.py *******
testing...
no interpolation path defined
calculate duration
testing...
no interpolation path defined
executed 4.0
executed 4.0
Pump after analysis
doing GOSUB
testing...
no interpolation path defined
executed 4.0
Pump Microbone
close () {'description': 'Jan Inlet'}
closing name=--- desc=Jan Inlet
checking ownership. requestor=129.138.12.150
check software interlocks R
interlocks []
actuate state mode=None-script, software_lock=False
doing actuation None-script close_channel False
measurement finished
estimated time: 12.583 actual time: :12.659
flush and close file /Users/jan/PychronDev/data/isotopes/2a/c4ac10-6609-478f-804b-5c33476421c9.h5
set_fits () {}
Close R ===>> OK
using default fits file=/Users/jan/PychronDev/scripts/measurement/fits/nominal_linear.yaml
set "Ar40" to "('Linear', 'SEM')"
No fit for "PM41". defaulting to linear. check the measurement script "jan_unknown120_60.py"
set "PM41" to "linear"
set "Ar36" to "('Linear', 'SEM')"
set "Ar37" to "('linear', 'SEM')"
set "Ar38" to "('linear', 'SEM')"
set "Ar39" to "('Linear', 'SEM')"
set_baseline_fits () {}
using default fits file=/Users/jan/PychronDev/scripts/measurement/fits/nominal_linear.yaml
set "H1" to "('average', 'SEM')"
set "H2" to "('average', 'SEM')"
set "CDD" to "('average', 'SEM')"
set "L2" to "('average', 'SEM')"
set "L1" to "('average', 'SEM')"
set "AX" to "('average', 'SEM')"
multicollect () {'integration_time': 1, 'ncounts': 120}
build tables- signal [Detector(H2), Detector(H1), Detector(AX), Detector(L1), Detector(L2), Detector(CDD)]
add group /signal/PM41 (Group) '' table H2
add group /signal/Ar40 (Group) '' table H1
add group /signal/Ar39 (Group) '' table AX
add group /signal/Ar38 (Group) '' table L1
add group /signal/Ar37 (Group) '' table L2
add group /signal/Ar36 (Group) '' table CDD
flush and close file /Users/jan/PychronDev/data/isotopes/2a/c4ac10-6609-478f-804b-5c33476421c9.h5
measuring signal. ncounts=120
GetIndicatorState R ===>> False
change switch state (True, True)
update switch state R False args=() kw={} ncanvase=2
23:44:19 -- CLOSE  VALVE-R (Jan Inlet)
---------------------------------------- close None (Jan Inlet) result=[(True, True)]
action=close, ok=True, locked=[False]
is_closed ('F',) {}
is F () closed?
is closed True
open () {'description': 'CO2 Laser to Jan'}
opening name=--- desc=CO2 Laser to Jan
checking ownership. requestor=129.138.12.150
check software interlocks A
interlocks []
actuate state mode=None-script, software_lock=False
doing actuation None-script open_channel False
Open A ===>> OK
GetIndicatorState A ===>> OK
change switch state (True, True)
update switch state A True args=() kw={} ncanvase=2
23:44:19 -- OPEN   VALVE-A (CO2 Laser to Jan)
---------------------------------------- open None (CO2 Laser to Jan) result=[(True, True)], time=0.13 sec
starting measurement
GetData ===>> H2,-0.0439997029673372,H1,1371.13809885779,AX,289.464980465553,L1,3.72124866533068,L2,1.211318399...
action=open, ok=True, locked=[False]
sleep (1,) {}
SLEEP 1.0
Get Checksum: -598318598
GetData ===>> H2,0.0670097967798494,H1,1371.04074411495,AX,289.795539314911,L1,3.70923548740395,L2,1.2203654411...
close () {'description': 'CO2 Laser to Roughing'}
closing name=--- desc=CO2 Laser to Roughing
checking ownership. requestor=129.138.12.150
check software interlocks G
interlocks []
actuate state mode=None-script, software_lock=True
VALVE-G(CO2 Laser to Roughing) software locked
change switch state (True, False)
---------------------------------------- close None (CO2 Laser to Roughing) result=[(True, False)]
action=close, ok=True, locked=[True]
open () {'description': 'Microbone to Turbo'}
opening name=--- desc=Microbone to Turbo
checking ownership. requestor=129.138.12.150
check software interlocks U
interlocks []
actuate state mode=None-script, software_lock=False
doing actuation None-script open_channel True
Open U ===>> OK
GetIndicatorState U ===>> OK
change switch state (True, True)
update switch state U True args=() kw={} ncanvase=2
23:44:21 -- OPEN   VALVE-U (Microbone to Turbo)
---------------------------------------- open None (Microbone to Turbo) result=[(True, True)], time=0.20 sec
action=open, ok=True, locked=[False]
open () {'description': 'Microbone to Getter NP-10'}
opening name=--- desc=Microbone to Getter NP-10
checking ownership. requestor=129.138.12.150
check software interlocks M
interlocks []
actuate state mode=None-script, software_lock=False
doing actuation None-script open_channel False
Open M ===>> OK
GetIndicatorState M ===>> OK
change switch state (True, True)
update switch state M True args=() kw={} ncanvase=2
23:44:21 -- OPEN   VALVE-M (Microbone to Getter NP-10)
---------------------------------------- open None (Microbone to Getter NP-10) result=[(True, True)], time=0.15 sec
action=open, ok=True, locked=[False]
open () {'description': 'Microbone to Getter D-50'}
opening name=--- desc=Microbone to Getter D-50
checking ownership. requestor=129.138.12.150
check software interlocks K
interlocks []
actuate state mode=None-script, software_lock=False
doing actuation None-script open_channel False
GetData ===>> H2,0.017003221773132,H1,1371.36347440452,AX,289.635793481238,L1,3.6913737867046,L2,1.201079870920...
Open K ===>> OK
GetIndicatorState K ===>> OK
change switch state (True, True)
update switch state K True args=() kw={} ncanvase=2
23:44:22 -- OPEN   VALVE-K (Microbone to Getter D-50)
---------------------------------------- open None (Microbone to Getter D-50) result=[(True, True)], time=0.42 sec
action=open, ok=True, locked=[False]
open () {'description': 'Microbone to CO2 Laser'}
opening name=--- desc=Microbone to CO2 Laser
checking ownership. requestor=129.138.12.150
check software interlocks T
interlocks []
actuate state mode=None-script, software_lock=False
doing actuation None-script open_channel False
Open T ===>> OK
GetData ===>> H2,0.0388993410104843,H1,1369.95709795567,AX,289.738503086503,L1,3.70562523034543,L2,1.2551740937...
GetIndicatorState T ===>> OK
change switch state (True, True)
update switch state T True args=() kw={} ncanvase=2
23:44:23 -- OPEN   VALVE-T (Microbone to CO2 Laser)
---------------------------------------- open None (Microbone to CO2 Laser) result=[(True, True)], time=0.58 sec
Get Checksum: -860229079
action=open, ok=True, locked=[False]
open () {'description': 'Microbone to Inlet Pipette'}
opening name=--- desc=Microbone to Inlet Pipette
checking ownership. requestor=129.138.12.150
check software interlocks S
interlocks []
actuate state mode=None-script, software_lock=False
doing actuation None-script open_channel False
Open S ===>> OK
GetIndicatorState S ===>> OK
change switch state (True, True)
update switch state S True args=() kw={} ncanvase=2
23:44:23 -- OPEN   VALVE-S (Microbone to Inlet Pipette)
---------------------------------------- open None (Microbone to Inlet Pipette) result=[(True, True)], time=0.41 sec
action=open, ok=True, locked=[False]
sleep (1,) {}
SLEEP 1.0
GetData ===>> H2,-0.0846729354221247,H1,1369.26448449468,AX,289.787282887189,L1,3.70531696703791,L2,1.306475278...
set_resource () {'name': 'CO2PumpTimeFlag', 'value': 30}
Set CO2PumpTimeFlag 30 ===>> OK
release ('JanCO2Flag',) {}
release JanCO2Flag
Set JanCO2Flag 0 ===>> OK
executed 6.0
PumpMicrobone.py completed successfully
gosub finished
get_resource_value () {'name': 'JanMiniboneFlag'}
Read JanMiniboneFlag ===>> 0
Get Resource Value JanMiniboneFlag=0.0
get resource value 0.0
get_resource_value () {'name': 'JanMiniboneFlag'}
Read JanMiniboneFlag ===>> 0
Get Resource Value JanMiniboneFlag=0.0
executed 4.0
jan_pump_extraction_line.py completed successfully
Post Equilibration Finished
23:44:25 -- ******* Post Equilibration Finished *******
GetData ===>> H2,-0.0870076400355052,H1,1369.18479088726,AX,289.649214269112,L1,3.70851647458907,L2,1.237957434...
GetData ===>> H2,0.0507736878785926,H1,1368.6601476969,AX,289.402178288126,L1,3.68655364230896,L2,1.21057311701...
Get Checksum: -860229079
GetData ===>> H2,-0.093675787173937,H1,1368.05592914527,AX,288.95657408227,L1,3.73385347643695,L2,1.19471716847...
GetData ===>> H2,-0.0373107841111383,H1,1367.65739763874,AX,289.098327239931,L1,3.72488909858226,L2,1.185741314...
Get Checksum: -860229079
GetData ===>> H2,-0.0958591711763927,H1,1366.92396301944,AX,289.074428236358,L1,3.66095532470875,L2,1.221374542...
GetData ===>> H2,-0.0877235297423909,H1,1366.29824259492,AX,288.918327298174,L1,3.63937966426674,L2,1.200781788...
GetData ===>> H2,-0.0795508861563577,H1,1365.30006347685,AX,289.063128202862,L1,3.64620639619643,L2,1.222096974...
GetData ===>> H2,-0.197579781749697,H1,1365.01436470858,AX,288.622402054181,L1,3.66592085298732,L2,1.2488651668...
GetData ===>> H2,-0.168173543910362,H1,1364.46478084573,AX,288.521773093537,L1,3.69377393766815,L2,1.2234730496...
Get Checksum: -860229079
GetData ===>> H2,0.0339089232555661,H1,1364.39687115196,AX,288.472625868887,L1,3.69272292449657,L2,1.2536255007...
GetData ===>> H2,-0.00751271490518654,H1,1363.93149523406,AX,288.62940213549,L1,3.66568685097749,L2,1.250643095...
GetData ===>> H2,-0.0832791970444276,H1,1363.34580930077,AX,288.425378497924,L1,3.6086731905894,L2,1.2735755799...
Get Checksum: -860229079
GetData ===>> H2,-0.0865526540092214,H1,1363.52003589604,AX,288.028685038007,L1,3.64128605157761,L2,1.161380626...
GetData ===>> H2,-0.0928684248382061,H1,1362.9323151883,AX,287.914586085382,L1,3.67517400031168,L2,1.1092826977...
GetData ===>> H2,-0.0430391502935518,H1,1361.98765872226,AX,288.286976376811,L1,3.66684272384452,L2,1.206594553...
Get Checksum: -860229079
GetData ===>> H2,-0.102542161232623,H1,1361.22403416747,AX,288.04114226071,L1,3.64218269750017,L2,1.24301544047...
GetData ===>> H2,-0.163195271544466,H1,1360.24216183318,AX,287.899633830977,L1,3.67359583148748,L2,1.2583401837...
GetData ===>> H2,-0.183827337657161,H1,1359.66806012687,AX,287.601827485647,L1,3.65748425434308,L2,1.2142422552...
Get Checksum: -860229079
GetData ===>> H2,-0.144264708287881,H1,1359.0323212648,AX,287.259725739108,L1,3.65205026693453,L2,1.17297251234...
23:44:45 -- collecting point 25
GetData ===>> H2,0.0155548294809204,H1,1358.14632392329,AX,287.237984702534,L1,3.62647490679264,L2,1.2043702982...
GetData ===>> H2,-0.0145362229468034,H1,1357.88560887931,AX,287.157930267838,L1,3.64471293506134,L2,1.256068847...
Get Checksum: -860229079
GetData ===>> H2,-0.0762279745812301,H1,1356.98995869942,AX,286.983281496021,L1,3.61017309526425,L2,1.192057568...
GetData ===>> H2,-0.152044523069573,H1,1356.81835942827,AX,286.958201756458,L1,3.60024611802071,L2,1.1677471540...
GetData ===>> H2,-0.0632189270492107,H1,1356.37951855063,AX,286.705528079111,L1,3.65052488577855,L2,1.107345194...
Get Checksum: -860229079
GetData ===>> H2,-0.00122848680308942,H1,1356.26114166429,AX,286.655386110102,L1,3.66649524106082,L2,1.20892205...
GetData ===>> H2,0.0165308405692128,H1,1355.57170118364,AX,286.722856451269,L1,3.65583904840173,L2,1.3112499392...
Get Checksum: -860229079
GetData ===>> H2,-0.0848246245290155,H1,1355.01360554419,AX,286.776341280961,L1,3.60856424263037,L2,1.126836651...
GetData ===>> H2,-0.141182371695307,H1,1354.69322088345,AX,286.758922974143,L1,3.55895364894447,L2,1.2652692367...
GetData ===>> H2,-0.123906542592722,H1,1353.76678546186,AX,286.31020599556,L1,3.58636592911085,L2,1.25212281569...
Get Checksum: -860229079
GetData ===>> H2,-0.152378081491548,H1,1353.74742911742,AX,286.188611553853,L1,3.59981346910886,L2,1.2342071112...
GetData ===>> H2,-0.167725480992878,H1,1353.02715053075,AX,286.122015395991,L1,3.62177235028634,L2,1.2029715662...
GetData ===>> H2,-0.0375510506483982,H1,1352.3197870578,AX,286.01532318006,L1,3.59938089007162,L2,1.12675638451...
Get Checksum: -860229079
GetData ===>> H2,-0.0568008315816074,H1,1351.46208343319,AX,285.996042383318,L1,3.63632912933315,L2,1.173625812...
GetData ===>> H2,-0.0529452516533467,H1,1350.88429765542,AX,286.085859461128,L1,3.59958747957064,L2,1.205104067...
GetData ===>> H2,-0.116753496138591,H1,1350.68498673794,AX,285.894936637269,L1,3.58188901762232,L2,1.1808353264...
Get Checksum: -860229079
GetData ===>> H2,-0.0851659176208645,H1,1349.64692674865,AX,285.911603268236,L1,3.60327368773147,L2,1.148901159...
GetData ===>> H2,0.00355140863018642,H1,1349.6084076534,AX,285.69972490046,L1,3.61593958703373,L2,1.14192804458...
GetData ===>> H2,-0.122693493353058,H1,1349.20664724823,AX,285.48641111679,L1,3.61562811929527,L2,1.17763739889...
Get Checksum: -860229079
GetData ===>> H2,-0.0612273045381115,H1,1348.77295555106,AX,285.500887807316,L1,3.56598672549131,L2,1.160795615...
GetData ===>> H2,-0.174781521680566,H1,1347.66465338731,AX,285.300003069251,L1,3.58529318181602,L2,1.1698579517...
GetData ===>> H2,-0.258565851865599,H1,1347.37194730216,AX,285.104939312039,L1,3.59816972534387,L2,1.2501383897...
Get Checksum: -860229079
GetData ===>> H2,-0.322119296676308,H1,1346.52191445457,AX,285.112231611512,L1,3.57169189754394,L2,1.1371113853...
GetData ===>> H2,-0.133887370445435,H1,1346.58727538595,AX,284.964169893277,L1,3.57697858847717,L2,1.1478115768...
GetData ===>> H2,-0.14091342140544,H1,1346.20241329753,AX,284.640999223736,L1,3.57508183533357,L2,1.15913236742...
Get Checksum: -860229079
23:45:11 -- collecting point 50
GetData ===>> H2,-0.133247685026947,H1,1345.29429013601,AX,284.454048626367,L1,3.58617370375305,L2,1.1799183471...
GetData ===>> H2,-0.0958009349883283,H1,1345.11332225377,AX,284.594616458699,L1,3.57351180201092,L2,1.174714654...
GetData ===>> H2,-0.142022969173387,H1,1344.68056857327,AX,284.579623950326,L1,3.60323833099049,L2,1.0781727158...
Get Checksum: -860229079
GetData ===>> H2,-0.173275082932746,H1,1343.99095178861,AX,284.291646081264,L1,3.62206390562967,L2,1.1900285272...
GetData ===>> H2,-0.173762183021848,H1,1343.21501433392,AX,284.330982943233,L1,3.60915568642369,L2,1.3461718416...
GetData ===>> H2,-0.114147087288931,H1,1342.54148083943,AX,284.410367548781,L1,3.54893888253558,L2,1.2145633115...
Get Checksum: -860229079
GetData ===>> H2,-0.0779600210746508,H1,1341.72924718904,AX,284.063747758046,L1,3.56521005134362,L2,1.271441561...
GetData ===>> H2,-0.064499943187243,H1,1341.1401084023,AX,283.856989815791,L1,3.57462253314654,L2,1.17319027843...
Get Checksum: -860229079
GetData ===>> H2,-0.0344760709814001,H1,1340.55356233994,AX,283.958522093781,L1,3.58026711947849,L2,1.233530463...
GetData ===>> H2,-0.0959295959354105,H1,1340.22170641468,AX,283.713416385846,L1,3.58912951286701,L2,1.260588629...
GetData ===>> H2,-0.0513236730698636,H1,1339.75868179661,AX,283.398583796778,L1,3.57571358155851,L2,1.220915858...
Get Checksum: -860229079
GetData ===>> H2,-0.138695351997347,H1,1338.84119116448,AX,283.397757509796,L1,3.56873232345947,L2,1.2467431662...
GetData ===>> H2,-0.059726239589364,H1,1339.46792268499,AX,283.468486122308,L1,3.54819372591371,L2,1.1216538316...
GetData ===>> H2,-0.0956641464892582,H1,1338.9222783301,AX,283.654012737918,L1,3.56576642729002,L2,1.1684583959...
Get Checksum: -860229079
GetData ===>> H2,-0.133827866346481,H1,1338.20377019545,AX,283.230900059117,L1,3.57664500930655,L2,1.1496925481...
GetData ===>> H2,-0.088926969025413,H1,1337.39329911042,AX,283.253944521865,L1,3.59109904745484,L2,1.2216038856...
GetData ===>> H2,-0.1273164503195,H1,1336.52340629706,AX,282.974834710511,L1,3.55023737351051,L2,1.144313526993...
Get Checksum: -860229079
GetData ===>> H2,-0.0997075153894319,H1,1336.34503861747,AX,282.81478049227,L1,3.53047113804935,L2,1.2018021502...
GetData ===>> H2,-0.194407826196007,H1,1335.58256431653,AX,283.040083698164,L1,3.57934642217475,L2,1.2234271801...
GetData ===>> H2,-0.056617714286697,H1,1334.64691192933,AX,282.686516666755,L1,3.54494832529806,L2,1.1995665414...
Get Checksum: -860229079
GetData ===>> H2,0.00948691956194552,H1,1333.65987447626,AX,282.574101034284,L1,3.54552396626322,L2,1.158122962...
GetData ===>> H2,0.00948691956194552,H1,1333.65987447626,AX,282.574101034284,L1,3.54552396626322,L2,1.158122962...
GetData ===>> H2,-0.102256562766947,H1,1333.65109788094,AX,282.527921293822,L1,3.55269360438269,L2,1.2025129700...
Get Checksum: -860229079
GetData ===>> H2,-0.0543386748651757,H1,1333.47279982009,AX,282.389274404565,L1,3.56594012360728,L2,1.182692236...
GetData ===>> H2,-0.170402798359614,H1,1332.31242514012,AX,282.231757469718,L1,3.54838142193368,L2,1.2886756853...
23:45:37 -- collecting point 75
GetData ===>> H2,-0.137366465256636,H1,1331.23381742718,AX,282.030074089163,L1,3.53744148973815,L2,1.1122520833...
Get Checksum: -860229079
GetData ===>> H2,-0.137366465256636,H1,1331.23381742718,AX,282.030074089163,L1,3.53744148973815,L2,1.1122520833...
GetData ===>> H2,-0.0692198461023795,H1,1330.2789701879,AX,282.138101212185,L1,3.52720956013414,L2,1.1500710406...
GetData ===>> H2,0.0121156338096091,H1,1330.13951368355,AX,281.822868044337,L1,3.55585075010624,L2,1.2244707164...
Get Checksum: -860229079
GetData ===>> H2,-0.143063493907388,H1,1329.30780767727,AX,281.684738514165,L1,3.5492620805702,L2,1.21333642375...
GetData ===>> H2,-0.143063493907388,H1,1329.30780767727,AX,281.684738514165,L1,3.5492620805702,L2,1.21333642375...
Get Checksum: -860229079
GetData ===>> H2,-0.15057811210972,H1,1328.80902818848,AX,281.502990607334,L1,3.57478646665462,L2,1.27606532789...
GetData ===>> H2,-0.166956175014027,H1,1327.7700681135,AX,281.275177539993,L1,3.54763771155175,L2,1.12182582339...
GetData ===>> H2,-0.217004356952794,H1,1327.04802964288,AX,281.168440221196,L1,3.52498069777838,L2,1.1614838638...
Get Checksum: -860229079
GetData ===>> H2,-0.196031455942372,H1,1326.87788297457,AX,281.11019745457,L1,3.52906656109818,L2,1.14618296079...
GetData ===>> H2,-0.137803135955974,H1,1326.62803026429,AX,281.080429395163,L1,3.51706884225145,L2,1.2068697224...
GetData ===>> H2,-0.125761702722758,H1,1325.78323320916,AX,281.07396596592,L1,3.51168432326472,L2,1.25803045298...
Get Checksum: -860229079
GetData ===>> H2,-0.172224199984229,H1,1324.65797435635,AX,280.646221417554,L1,3.52686131677508,L2,1.1253115892...
GetData ===>> H2,-0.156974757501867,H1,1324.82470464686,AX,280.930011725528,L1,3.54649895142941,L2,1.2582254685...
GetData ===>> H2,-0.0878915852226375,H1,1324.36429547516,AX,280.745714283452,L1,3.58089437782544,L2,1.091044196...
Get Checksum: -860229079
GetData ===>> H2,-0.208111673679055,H1,1323.96760765986,AX,280.910598343951,L1,3.60198677019861,L2,1.2592693821...
GetData ===>> H2,-0.23370216445513,H1,1323.45059167454,AX,280.410666212587,L1,3.56234385817417,L2,1.27229057390...
GetData ===>> H2,-0.12830597004481,H1,1322.7112255162,AX,280.26711256519,L1,3.51065703256339,L2,1.1443594022344...
Get Checksum: -860229079
GetData ===>> H2,-0.134153782698452,H1,1321.28484007702,AX,279.966374435567,L1,3.55603715531457,L2,1.2498401558...
GetData ===>> H2,-0.129679258827977,H1,1320.87798653858,AX,280.006877934124,L1,3.55801436076503,L2,1.3088625793...
GetData ===>> H2,-0.0771224916186197,H1,1320.39619462363,AX,280.019918589995,L1,3.55117604529806,L2,1.184216763...
Get Checksum: -860229079
GetData ===>> H2,-0.111387106240759,H1,1319.77167932316,AX,279.938405034888,L1,3.51990727288969,L2,1.0987128871...
GetData ===>> H2,-0.117923884893819,H1,1319.16548466908,AX,279.984843399834,L1,3.5358907570102,L2,1.16396160023...
GetData ===>> H2,-0.0521745217577191,H1,1318.98906012217,AX,279.647916391876,L1,3.55416617544565,L2,1.034722702...
Get Checksum: -860229079
GetData ===>> H2,-0.17765947680432,H1,1318.66796276161,AX,279.719836645875,L1,3.52844047809941,L2,1.17319027843...
23:46:04 -- collecting point 100
GetData ===>> H2,-0.309790733062091,H1,1317.68027418965,AX,279.581641287283,L1,3.50913810230381,L2,1.0803617775...
GetData ===>> H2,-0.224301910075584,H1,1317.45749651243,AX,279.285266060068,L1,3.51230863267542,L2,1.1780614907...
Get Checksum: -860229079
GetData ===>> H2,-0.198012681637604,H1,1316.79831634691,AX,279.256740236991,L1,3.50624168522909,L2,1.0610172404...
GetData ===>> H2,-0.0991226293900025,H1,1316.55127629623,AX,279.216781615848,L1,3.49830885257103,L2,1.209506799...
Get Checksum: -860229079
GetData ===>> H2,-0.104699483569991,H1,1315.97262721964,AX,279.25337949979,L1,3.48587409281348,L2,1.19565721695...
GetData ===>> H2,-0.0954515115932688,H1,1314.76755833489,AX,279.087716430429,L1,3.53146262153596,L2,1.136400375...
GetData ===>> H2,-0.100714748488997,H1,1314.79798895127,AX,278.733863199825,L1,3.57436391851332,L2,1.1602679609...
Get Checksum: -860229079
GetData ===>> H2,-0.178674415971529,H1,1313.90582005284,AX,278.639990762816,L1,3.53587664754485,L2,1.1608300273...
GetData ===>> H2,-0.16877543186546,H1,1313.62651742655,AX,278.742552795855,L1,3.51491755973776,L2,1.20936921150...
GetData ===>> H2,-0.1154030017504,H1,1313.07137349487,AX,278.704552272618,L1,3.49069521556109,L2,1.215480620987...
GetData ===>> H2,-0.165794019030716,H1,1313.33339709255,AX,278.720011289105,L1,3.52267333005923,L2,1.2218561633...
GetData ===>> H2,-0.104975547954246,H1,1312.62958447729,AX,278.337447222707,L1,3.52867173012427,L2,1.1813969806...
Get Checksum: -860229079
GetData ===>> H2,-0.135861647678008,H1,1312.27788293149,AX,278.250515534089,L1,3.51917257151577,L2,1.1348292905...
GetData ===>> H2,-0.0897752629603052,H1,1311.28018670595,AX,277.884117714902,L1,3.50628394302364,L2,1.180949949...
GetData ===>> H2,0.0159386899996548,H1,1311.12801643502,AX,277.752899092317,L1,3.5569805236165,L2,1.26953704733...
Get Checksum: -860229079
GetData ===>> H2,-0.0678771117292397,H1,1310.5972544202,AX,277.905396610187,L1,3.4980355443245,L2,1.17627344061...
GetData ===>> H2,-0.0566841794231462,H1,1309.83135169931,AX,278.192286429849,L1,3.47842113912832,L2,1.226890388...
GetData ===>> H2,-0.100073053851833,H1,1309.40651648402,AX,278.011659995314,L1,3.50626844848143,L2,1.0233821795...
Get Checksum: -860229079
GetData ===>> H2,-0.0486811587034399,H1,1309.08299401844,AX,277.761823027655,L1,3.52370080721036,L2,1.201423812...
GetData ===>> H2,-0.147469125727928,H1,1308.76229459726,AX,277.401476816729,L1,3.49751148639548,L2,1.1466990685...
GetData ===>> H2,-0.130004985031563,H1,1307.64557456574,AX,277.387833745481,L1,3.47087866183811,L2,1.0977499686...
Get Checksum: -860229079
measurement finished
estimated time: 125.829 actual time: :126.262
flush and close file /Users/jan/PychronDev/data/isotopes/2a/c4ac10-6609-478f-804b-5c33476421c9.h5
baselines () {'settling_time': 15.0, 'detector': 'H1', 'mass': 34.2, 'ncounts': 60}
%%%%%%%%%%%%%%%%%%%%%%%%%%%%%%%% Baseline
build tables- baseline [Detector(H2), Detector(H1), Detector(AX), Detector(L1), Detector(L2), Detector(CDD)]
add group baseline table H2
add group baseline table H1
add group baseline table AX
add group baseline table L1
add group baseline table L2
add group baseline table CDD
flush and close file /Users/jan/PychronDev/data/isotopes/2a/c4ac10-6609-478f-804b-5c33476421c9.h5
detector Detector(H1)
POSITION 34.2 H1
Mapping mass to dac mass func: "parabolic"
H1 map mass coeffs = [-0.00063987  0.15840543  0.57075999]
H1 map mass to dac 34.2 >> 5.23980599104
GetDeflection H1 ===>> 0
GetHighVoltage ===>> 4500
positioning 34.2 (5.23980599104) on H1
setting magnet DAC
current  : 5.879150
requested: 5.239806
Delta Dac: 0.639344
Checking detector protection. dv=0.63934
Checking detector "CDD". Protection Threshold: 0.1 (V)
ProtectDetector CDD,On ===>> OK
GetDeflection CDD ===>> 2000
SetMagnetDAC 5.23980599104 ===>> OK
Magnet settling time: 0.500
GetMagnetMoving ===>> True
GetMagnetMoving ===>> True
GetMagnetMoving ===>> True
GetMagnetMoving ===>> True
GetMagnetMoving ===>> True
GetMagnetMoving ===>> True
GetMagnetMoving ===>> True
Get Checksum: -860229079
GetMagnetMoving ===>> True
GetMagnetMoving ===>> False
ProtectDetector CDD,Off ===>> OK
GetDeflection CDD ===>> 50
Delaying 15.0s for detectors to settle
Get Checksum: -860229079
Get Checksum: -860229079
Get Checksum: -860229079
Get Checksum: -860229079
Get Checksum: -860229079
Join finished
measuring baseline. ncounts=60
starting measurement
GetData ===>> H2,-0.2329041937792,H1,-0.0288178944457982,AX,-0.149852458271091,L1,-0.0400648574481995,L2,-0.029...
GetData ===>> H2,-0.157105793540193,H1,-0.052808419525152,AX,-0.134489262608807,L1,-0.087645547213752,L2,0.0406...
Get Checksum: -860229079
GetData ===>> H2,-0.19279988420216,H1,-0.133402521442272,AX,-0.175019665163889,L1,-0.139241561224535,L2,-0.0810...
GetData ===>> H2,-0.134516201506847,H1,-0.0464894057138341,AX,-0.1032845215209,L1,-0.10455419257831,L2,0.077974...
GetData ===>> H2,-0.213797486429282,H1,-0.0367955014749509,AX,-0.129552046440018,L1,-0.0670022069908591,L2,0.01...
Get Checksum: -860229079
GetData ===>> H2,-0.186545203242519,H1,-0.0663631465343649,AX,-0.134315325747834,L1,-0.0431449685937179,L2,-0.1...
GetData ===>> H2,-0.207602356917095,H1,-0.0428170407868354,AX,-0.0515861933101411,L1,-0.0422361226265255,L2,0.0...
GetData ===>> H2,-0.27938669790121,H1,-0.0456190197177129,AX,-0.0879749423557827,L1,-0.0535949788677302,L2,-0.0...
Get Checksum: -860229079
GetData ===>> H2,-0.352977693331621,H1,-0.00661080278081521,AX,0.0298421856306555,L1,-0.0367801220234933,L2,-0....
GetData ===>> H2,-0.200242999843571,H1,-0.0380952307196257,AX,-0.270644325506912,L1,-0.0512993497919008,L2,-0.0...
GetData ===>> H2,-0.18646698099607,H1,-0.0762568187995914,AX,-0.0767780701927906,L1,-0.0525830048698089,L2,-0.0...
Get Checksum: -860229079
GetData ===>> H2,-0.277730994668213,H1,-0.0409331129756606,AX,-0.0172832234142986,L1,-0.0713082119927895,L2,-0....
GetData ===>> H2,-0.315689853567294,H1,-0.0346610471041896,AX,-0.174347387781483,L1,-0.0555025077360004,L2,-0.1...
GetData ===>> H2,-0.142178378282096,H1,-0.0319303100567712,AX,-0.017434006666215,L1,-0.0313594004618385,L2,-0.0...
Get Checksum: -860229079
GetData ===>> H2,-0.0851130991219038,H1,0.0556119847262561,AX,-0.12591417984678,L1,-0.0549865550538407,L2,0.065...
GetData ===>> H2,-0.0858362849423755,H1,0.103862484060957,AX,-0.0198929005783464,L1,-0.0589961625566293,L2,0.02...
GetData ===>> H2,-0.228187883978105,H1,-0.0296765015231902,AX,-0.00364217207682197,L1,-0.0326551198349361,L2,0....
Get Checksum: -860229079
GetData ===>> H2,-0.247814717304681,H1,-0.022425810229154,AX,-0.211037664597077,L1,-0.0239159593821112,L2,-0.10...
GetData ===>> H2,-0.207481087640507,H1,0.0633343642524544,AX,-0.143672687138615,L1,-0.0457201843850363,L2,-0.00...
GetData ===>> H2,-0.287107924708197,H1,-0.037284392437331,AX,0.0243186778421299,L1,-0.0509117087405169,L2,-0.14...
Get Checksum: -860229079
GetData ===>> H2,-0.201085659803945,H1,-0.0233202495630856,AX,-0.0456147739878026,L1,-0.0741430843637438,L2,-0....
GetData ===>> H2,-0.117457096905259,H1,0.0111631905103106,AX,0.0075876108764745,L1,-0.0559406277167921,L2,0.063...
GetData ===>> H2,-0.19866402315559,H1,0.031123925903054,AX,-0.111407702935013,L1,-0.0614920826179439,L2,0.01358...
Get Checksum: -860229079
GetData ===>> H2,-0.279515598899027,H1,0.0575455076332389,AX,-0.0513427057075004,L1,-0.0574547476782183,L2,-0.0...
23:47:09 -- collecting point 25
GetData ===>> H2,-0.318557817558627,H1,0.135027452546432,AX,-0.186992378757641,L1,-0.00820934457522408,L2,-0.01...
Get Checksum: -860229079
GetData ===>> H2,-0.228264620525988,H1,0.0421738385745442,AX,-0.0454988204715115,L1,0.0433796051681882,L2,0.050...
GetData ===>> H2,-0.169289575398115,H1,-0.0101652227477931,AX,-0.0096277667216297,L1,0.037410996972815,L2,-0.04...
GetData ===>> H2,-0.164143039675307,H1,-0.066482353227104,AX,-0.07042564854705,L1,-0.0121347004884806,L2,0.0077...
Get Checksum: -860229079
GetData ===>> H2,-0.177721563461215,H1,0.0863036493294224,AX,0.0284612793035509,L1,-0.0218064020381092,L2,-0.06...
GetData ===>> H2,-0.154999577216813,H1,0.037627236560467,AX,0.0121703841825458,L1,-0.0293376489361324,L2,-0.095...
GetData ===>> H2,-0.153411888024818,H1,-0.0328962124630959,AX,0.0623285854086943,L1,-0.0430982710018285,L2,-0.0...
Get Checksum: -860229079
GetData ===>> H2,-0.219153562890856,H1,-0.0143635696459253,AX,-0.0277215122594008,L1,-0.0427031288449538,L2,-0....
GetData ===>> H2,-0.260407409952693,H1,0.0701859383507532,AX,-0.0705067952341349,L1,-0.0432611129452934,L2,0.02...
GetData ===>> H2,-0.243113593604844,H1,0.00350447892778507,AX,-0.0973510416968678,L1,-0.02530850422837,L2,0.054...
Get Checksum: -860229079
GetData ===>> H2,-0.236348655218657,H1,0.0250982994989936,AX,-0.0766505621581393,L1,-0.0202707016741015,L2,-0.0...
GetData ===>> H2,-0.245533019653502,H1,0.0302528723357788,AX,-0.0825853044827529,L1,0.00501552044269778,L2,0.02...
GetData ===>> H2,-0.226628807575478,H1,0.110913126993828,AX,-0.104489715393543,L1,0.0171125807473232,L2,0.01036...
Get Checksum: -860229079
GetData ===>> H2,-0.197179233455847,H1,0.078085931756733,AX,-0.0685128856118902,L1,-0.0185477049004269,L2,-0.10...
GetData ===>> H2,-0.227905165883596,H1,0.0244539965546188,AX,0.0329521976605801,L1,0.00868492498944208,L2,-0.01...
GetData ===>> H2,-0.228835416385432,H1,0.0384506216152715,AX,-0.162836814434846,L1,0.000740529060048858,L2,0.03...
Get Checksum: -860229079
GetData ===>> H2,-0.229727900229042,H1,0.0395126790050383,AX,-0.032963430606073,L1,-0.028314641100192,L2,0.0397...
GetData ===>> H2,-0.173017430025262,H1,-0.0456905585782373,AX,-0.0297974384669405,L1,0.00531343628489132,L2,-0....
GetData ===>> H2,-0.120070862494469,H1,-0.0371651509593949,AX,-0.192265468472378,L1,0.00719941119523241,L2,0.00...
Get Checksum: -860229079
GetData ===>> H2,-0.180195304763374,H1,0.0145752039611537,AX,-0.14513360655876,L1,-0.0110737824347999,L2,-0.111...
GetData ===>> H2,-0.289595052369844,H1,-0.0586978580532137,AX,0.0223228655505078,L1,-0.013682121653027,L2,-0.04...
GetData ===>> H2,-0.254807614994717,H1,-0.0630610646987549,AX,0.0397063719104302,L1,-0.0146785800111896,L2,-0.0...
Get Checksum: -860229079
GetData ===>> H2,-0.219762542560448,H1,0.0424721792584794,AX,-0.0805452776377431,L1,0.0104203016801189,L2,0.005...
GetData ===>> H2,-0.172932443749377,H1,0.0405628142428728,AX,-0.0565253817227662,L1,-0.0248063953955909,L2,0.03...
Get Checksum: -860229079
GetData ===>> H2,-0.190195423052908,H1,0.0281528291434132,AX,-0.0333345291682382,L1,-0.0156178130886967,L2,-0.1...
23:47:35 -- collecting point 50
GetData ===>> H2,-0.197320843058951,H1,-0.00766044328661657,AX,-0.0306788239127808,L1,-0.0319114787628854,L2,0....
GetData ===>> H2,-0.179214240170285,H1,-0.0545132926386803,AX,-0.0775199318074345,L1,-0.0345753212180551,L2,-0....
Get Checksum: -860229079
GetData ===>> H2,-0.186793352998689,H1,-0.0170470798132925,AX,-0.0208671621154524,L1,0.0193383219082792,L2,-0.1...
GetData ===>> H2,-0.266771442443205,H1,0.0727310621624568,AX,-0.0121216558598821,L1,0.00647113348730688,L2,0.02...
GetData ===>> H2,-0.319901044446137,H1,0.0871862889985977,AX,-0.136286591960345,L1,-0.00391415814548875,L2,0.04...
Get Checksum: -860229079
GetData ===>> H2,-0.28401705147733,H1,-0.0697485613553315,AX,-0.0318617234136667,L1,-0.00187087262148329,L2,-0....
GetData ===>> H2,-0.235550871485696,H1,-0.0461674830083634,AX,-0.111129602373623,L1,0.0119098916989361,L2,0.035...
GetData ===>> H2,-0.249334696229702,H1,-0.0715723465159133,AX,-0.0648031775939677,L1,0.0609701565135294,L2,-0.1...
Get Checksum: -860229079
GetData ===>> H2,-0.0981653551727572,H1,-0.0300581023042977,AX,-0.083327121821793,L1,0.0142041230008407,L2,0.01...
GetData ===>> H2,-0.168154650048825,H1,0.0231534717622719,AX,-0.0662986706536194,L1,0.00231297708927206,L2,-0.0...
GetData ===>> H2,-0.134794769289023,H1,0.0470548038642661,AX,0.00749479744357893,L1,-0.0308635819642934,L2,-0.0...
Get Checksum: -860229079
measurement finished
estimated time: 62.915 actual time: :63.095
flush and close file /Users/jan/PychronDev/data/isotopes/2a/c4ac10-6609-478f-804b-5c33476421c9.h5
activate_detectors ('H1', 'AX', 'CDD') {'peak_center': True}
peak_center () {'detector': 'H1', 'integration_time': 0.262144, 'isotope': 'Ar40'}
peak center: mean=1310.26416563 threshold=3
peak center started
setup peak center. detector=['H1', 'AX', 'CDD'], isotope=Ar40
VersionedUnpickler [<apptools.sweet_pickle.versioned_unpickler.VersionedUnpickler object at 0x136a69dd0>] using Updater [<apptools.sweet_pickle.updater.Updater object at 0x1356d5710>]
VersionedUnpickler [<apptools.sweet_pickle.versioned_unpickler.VersionedUnpickler object at 0x136a69dd0>] using Updater [<apptools.sweet_pickle.updater.Updater object at 0x1356d5710>]
VersionedUnpickler [<apptools.sweet_pickle.versioned_unpickler.VersionedUnpickler object at 0x13c44fa70>] using Updater [<apptools.sweet_pickle.updater.Updater object at 0x1356d5710>]
setting integration time = 0.524288
SetIntegrationTime 0.524288 ===>> OK
Mapping mass to dac mass func: "parabolic"
H1 map mass coeffs = [-0.00063987  0.15840543  0.57075999]
H1 map mass to dac 39.9624 >> 5.87915
GetDeflection H1 ===>> 0
GetHighVoltage ===>> 4500
do peak center. <pychron.spectrometer.jobs.peak_center.PeakCenter object at 0x1356efa10>
doing pc
starting peak center. center dac= 5.87915 step_width=0.001
width = 0.001
get scan parameters. half-width=0.015,window=0.015, i=0, scalar=1
Scan parameters center=5.87915 width=0.03000 (5.86415 - 5.89415)
GetData ===>> H2,-0.154007804249136,H1,0.0581542170165374,AX,0.0899802020222571,L1,0.000512484464630742,L2,-0.0...
Moving to starting dac 5.86415
setting magnet DAC
current  : 5.239806
requested: 5.864150
Delta Dac: 0.624344
Checking detector protection. dv=0.62434
Checking detector "CDD". Protection Threshold: 0.1 (V)
ProtectDetector CDD,On ===>> OK
GetDeflection CDD ===>> 2000
SetMagnetDAC 5.86415 ===>> OK
Magnet settling time: 0.500
GetMagnetMoving ===>> True
GetMagnetMoving ===>> True
GetMagnetMoving ===>> True
GetMagnetMoving ===>> True
GetMagnetMoving ===>> True
GetMagnetMoving ===>> True
GetMagnetMoving ===>> True
GetMagnetMoving ===>> True
Get Checksum: -860229079
GetMagnetMoving ===>> True
GetMagnetMoving ===>> False
ProtectDetector CDD,Off ===>> OK
GetDeflection CDD ===>> 50
Wait until signal near baseline. tol= 0.0436156627624. timeout= 10
GetData ===>> H2,65.3585464494995,H1,31.3000761576136,AX,1.81604371520618,L1,-0.00346666248619067,L2,0.04214038...
GetData ===>> H2,93.5373589860636,H1,51.6388450464828,AX,7.5571628410185,L1,0.0441928502301492,L2,-0.1560779578...
GetData ===>> H2,53.204685126029,H1,24.7324517601501,AX,3.4079506987456,L1,0.0534388656019839,L2,-0.06171923299...
GetData ===>> H2,22.8053759322967,H1,12.6343803809039,AX,1.44452182962609,L1,0.0652163971622814,L2,-0.176099318...
GetData ===>> H2,7.98360047284986,H1,6.77783064458299,AX,0.678891995004222,L1,0.0496538288114616,L2,0.134777791...
GetData ===>> H2,2.43219315215093,H1,3.91998189672831,AX,0.365035986273482,L1,0.0123113041239171,L2,-0.05548309...
Get Checksum: -860229079
GetData ===>> H2,0.805691196112239,H1,2.41987112500206,AX,0.237971623503829,L1,0.0116061543809882,L2,-0.0306938...
GetData ===>> H2,0.39601004813176,H1,1.82070736073647,AX,0.15724292710535,L1,-0.00426566223589583,L2,-0.0075149...
GetData ===>> H2,0.39601004813176,H1,1.82070736073647,AX,0.15724292710535,L1,-0.00426566223589583,L2,-0.0075149...
GetData ===>> H2,0.283082985251688,H1,1.50933408513592,AX,0.0704628655757869,L1,-0.0212360170100921,L2,-0.10147...
GetData ===>> H2,0.32916167899584,H1,1.20847655992036,AX,0.177865427920074,L1,-0.0233819419455837,L2,0.00250512...
GetData ===>> H2,0.415339933519655,H1,1.12776710991109,AX,0.130665130432408,L1,-0.0162981725215746,L2,-0.152410...
GetData ===>> H2,0.416844901171133,H1,1.24292059866911,AX,0.119720711460774,L1,-0.0537863572840411,L2,-0.078217...
GetData ===>> H2,0.33517139755915,H1,1.17230170233251,AX,0.118051331918575,L1,-0.0463390476886833,L2,-0.0472890...
GetData ===>> H2,0.252221876120021,H1,1.21672296609925,AX,0.0390216490541289,L1,-0.0538940060406584,L2,0.044806...
GetData ===>> H2,0.23766683762535,H1,1.16133419045379,AX,0.0788986766558698,L1,-0.0343247835235178,L2,0.0268310...
Get Checksum: -860229079
GetData ===>> H2,0.153415867966989,H1,1.11711628005622,AX,0.166405366636524,L1,0.00620404241589681,L2,0.0940555...
GetData ===>> H2,0.119831456726612,H1,1.13390864116416,AX,0.0322675223048076,L1,0.0236220263353356,L2,-0.152774...
GetData ===>> H2,0.088468233874537,H1,1.19541658551336,AX,0.0793853803616593,L1,-0.00434004036792457,L2,-0.0382...
GetData ===>> H2,-0.0154706497492053,H1,1.25191037770092,AX,0.0485849941366804,L1,-0.0295585001174538,L2,0.0240...
GetData ===>> H2,-0.123383202799846,H1,1.21816090274554,AX,0.0790840873045476,L1,-0.00467833397079191,L2,0.0911...
Peak center failed to move to a baseline position
_do_sweep sm= 5.86415, em= 5.89415, stm= 0.001
calculated step values: start=5.86415, end=5.89415, width=0.001, nsteps=31.0
setting magnet DAC
current  : 5.864150
requested: 5.864150
Delta Dac: 0.000000
Checking detector protection. dv=0.00000
Checking detector "CDD". Protection Threshold: 0.1 (V)
SetMagnetDAC 5.86415 ===>> OK
GetData ===>> H2,-0.123383202799846,H1,1.21816090274554,AX,0.0790840873045476,L1,-0.00467833397079191,L2,0.0911...
setting magnet DAC
current  : 5.864150
requested: 5.865184
Delta Dac: 0.001034
Checking detector protection. dv=0.00103
Checking detector "CDD". Protection Threshold: 0.1 (V)
SetMagnetDAC 5.86518448276 ===>> OK
Magnet settling time: 1.049
Get Checksum: -860229079
GetData ===>> H2,-0.132883403567366,H1,2.34494770628457,AX,0.267759973010667,L1,-0.020488667821919,L2,-0.024250...
setting magnet DAC
current  : 5.865184
requested: 5.866219
Delta Dac: 0.001034
Checking detector protection. dv=0.00103
Checking detector "CDD". Protection Threshold: 0.1 (V)
SetMagnetDAC 5.86621896552 ===>> OK
Magnet settling time: 1.049
GetData ===>> H2,-0.0373039968472381,H1,8.13184558877789,AX,1.11124264810306,L1,0.0224526875614138,L2,-0.009200...
setting magnet DAC
current  : 5.866219
requested: 5.867253
Delta Dac: 0.001034
Checking detector protection. dv=0.00103
Checking detector "CDD". Protection Threshold: 0.1 (V)
SetMagnetDAC 5.86725344828 ===>> OK
Magnet settling time: 1.049
GetData ===>> H2,-0.0693622480303909,H1,30.6509043862744,AX,4.09913270082463,L1,-0.00747301998127254,L2,-0.0064...
setting magnet DAC
current  : 5.867253
requested: 5.868288
Delta Dac: 0.001034
Checking detector protection. dv=0.00103
Checking detector "CDD". Protection Threshold: 0.1 (V)
SetMagnetDAC 5.86828793103 ===>> OK
Magnet settling time: 1.049
Get Checksum: -860229079
GetData ===>> H2,-0.152710531523234,H1,147.744227932052,AX,20.1398035225984,L1,0.123065483051065,L2,0.079011366...
setting magnet DAC
current  : 5.868288
requested: 5.869322
Delta Dac: 0.001034
Checking detector protection. dv=0.00103
Checking detector "CDD". Protection Threshold: 0.1 (V)
SetMagnetDAC 5.86932241379 ===>> OK
Magnet settling time: 1.049
GetData ===>> H2,0.00653917998578824,H1,378.44908373211,AX,57.9509686078738,L1,0.392264771685,L2,0.094898979077...
setting magnet DAC
current  : 5.869322
requested: 5.870357
Delta Dac: 0.001034
Checking detector protection. dv=0.00103
Checking detector "CDD". Protection Threshold: 0.1 (V)
SetMagnetDAC 5.87035689655 ===>> OK
Magnet settling time: 1.049
Get Checksum: -860229079
GetData ===>> H2,-0.111430426475092,H1,703.117081986372,AX,120.546975380633,L1,0.822227217003422,L2,0.118906359...
setting magnet DAC
current  : 5.870357
requested: 5.871391
Delta Dac: 0.001034
Checking detector protection. dv=0.00103
Checking detector "CDD". Protection Threshold: 0.1 (V)
SetMagnetDAC 5.87139137931 ===>> OK
Magnet settling time: 1.049
GetData ===>> H2,0.0202098605023062,H1,984.142646919994,AX,184.52574812332,L1,1.47031641896343,L2,0.23293810281...
setting magnet DAC
current  : 5.871391
requested: 5.872426
Delta Dac: 0.001034
Checking detector protection. dv=0.00103
Checking detector "CDD". Protection Threshold: 0.1 (V)
SetMagnetDAC 5.87242586207 ===>> OK
Magnet settling time: 1.049
GetData ===>> H2,-0.0619720538302258,H1,1148.52067493248,AX,229.370374071042,L1,2.08853004310783,L2,0.534742888...
setting magnet DAC
current  : 5.872426
requested: 5.873460
Delta Dac: 0.001034
Checking detector protection. dv=0.00103
Checking detector "CDD". Protection Threshold: 0.1 (V)
SetMagnetDAC 5.87346034483 ===>> OK
Magnet settling time: 1.049
Get Checksum: -860229079
GetData ===>> H2,-0.0830164128455312,H1,1219.51252919193,AX,252.646030096658,L1,2.60908637005111,L2,0.985865282...
setting magnet DAC
current  : 5.873460
requested: 5.874495
Delta Dac: 0.001034
Checking detector protection. dv=0.00103
Checking detector "CDD". Protection Threshold: 0.1 (V)
SetMagnetDAC 5.87449482759 ===>> OK
Magnet settling time: 1.049
GetData ===>> H2,-0.185979136122637,H1,1241.92884687977,AX,261.161445367681,L1,2.89473246766708,L2,1.1031408688...
setting magnet DAC
current  : 5.874495
requested: 5.875529
Delta Dac: 0.001034
Checking detector protection. dv=0.00103
Checking detector "CDD". Protection Threshold: 0.1 (V)
SetMagnetDAC 5.87552931034 ===>> OK
Magnet settling time: 1.049
GetData ===>> H2,-0.198486020501592,H1,1248.34124449926,AX,263.958278233989,L1,3.05566941445116,L2,1.0135968467...
setting magnet DAC
current  : 5.875529
requested: 5.876564
Delta Dac: 0.001034
Checking detector protection. dv=0.00103
Checking detector "CDD". Protection Threshold: 0.1 (V)
SetMagnetDAC 5.8765637931 ===>> OK
Magnet settling time: 1.049
Get Checksum: -860229079
GetData ===>> H2,0.019039993839584,H1,1248.88982502164,AX,264.542723618914,L1,3.25906652748751,L2,1.09052044150...
setting magnet DAC
current  : 5.876564
requested: 5.877598
Delta Dac: 0.001034
Checking detector protection. dv=0.00103
Checking detector "CDD". Protection Threshold: 0.1 (V)
SetMagnetDAC 5.87759827586 ===>> OK
Magnet settling time: 1.049
GetData ===>> H2,-0.00783629020053957,H1,1249.57925885471,AX,264.722215828435,L1,3.35497193428816,L2,1.18600496...
setting magnet DAC
current  : 5.877598
requested: 5.878633
Delta Dac: 0.001034
Checking detector protection. dv=0.00103
Checking detector "CDD". Protection Threshold: 0.1 (V)
SetMagnetDAC 5.87863275862 ===>> OK
Magnet settling time: 1.049
Get Checksum: -860229079
GetData ===>> H2,-0.154459112243801,H1,1248.91728983788,AX,264.500648919809,L1,3.37638954126764,L2,1.1174353305...
setting magnet DAC
current  : 5.878633
requested: 5.879667
Delta Dac: 0.001034
Checking detector protection. dv=0.00103
Checking detector "CDD". Protection Threshold: 0.1 (V)
SetMagnetDAC 5.87966724138 ===>> OK
Magnet settling time: 1.049
GetData ===>> H2,-0.0908810544485939,H1,1248.44104082456,AX,264.055598121125,L1,3.37144796006758,L2,1.146099375...
setting magnet DAC
current  : 5.879667
requested: 5.880702
Delta Dac: 0.001034
Checking detector protection. dv=0.00103
Checking detector "CDD". Protection Threshold: 0.1 (V)
SetMagnetDAC 5.88070172414 ===>> OK
Magnet settling time: 1.049
GetData ===>> H2,-0.142680768115523,H1,1248.59784206177,AX,264.367732843116,L1,3.40281390674606,L2,1.1551746663...
setting magnet DAC
current  : 5.880702
requested: 5.881736
Delta Dac: 0.001034
Checking detector protection. dv=0.00103
Checking detector "CDD". Protection Threshold: 0.1 (V)
SetMagnetDAC 5.8817362069 ===>> OK
Magnet settling time: 1.049
Get Checksum: -860229079
GetData ===>> H2,-0.221156104879614,H1,1247.51392013547,AX,263.879679915058,L1,3.3521583208776,L2,1.05081468933...
setting magnet DAC
current  : 5.881736
requested: 5.882771
Delta Dac: 0.001034
Checking detector protection. dv=0.00103
Checking detector "CDD". Protection Threshold: 0.1 (V)
SetMagnetDAC 5.88277068966 ===>> OK
Magnet settling time: 1.049
GetData ===>> H2,-0.175021842052079,H1,1245.66716572158,AX,263.032829181298,L1,3.31447754320946,L2,1.1124870073...
setting magnet DAC
current  : 5.882771
requested: 5.883805
Delta Dac: 0.001034
Checking detector protection. dv=0.00103
Checking detector "CDD". Protection Threshold: 0.1 (V)
SetMagnetDAC 5.88380517241 ===>> OK
Magnet settling time: 1.049
GetData ===>> H2,-0.154710431661534,H1,1232.40628691412,AX,257.347511222301,L1,3.20806813464102,L2,0.9814644389...
setting magnet DAC
current  : 5.883805
requested: 5.884840
Delta Dac: 0.001034
Checking detector protection. dv=0.00103
Checking detector "CDD". Protection Threshold: 0.1 (V)
SetMagnetDAC 5.88483965517 ===>> OK
Magnet settling time: 1.049
Get Checksum: -860229079
GetData ===>> H2,-0.191311048229567,H1,1187.71982465069,AX,241.108940036825,L1,3.04611001841138,L2,1.0230258355...
setting magnet DAC
current  : 5.884840
requested: 5.885874
Delta Dac: 0.001034
Checking detector protection. dv=0.00103
Checking detector "CDD". Protection Threshold: 0.1 (V)
SetMagnetDAC 5.88587413793 ===>> OK
Magnet settling time: 1.049
GetData ===>> H2,-0.319905388784727,H1,1062.66636289315,AX,199.608926220883,L1,2.65181837434356,L2,0.7500853409...
setting magnet DAC
current  : 5.885874
requested: 5.886909
Delta Dac: 0.001034
Checking detector protection. dv=0.00103
Checking detector "CDD". Protection Threshold: 0.1 (V)
SetMagnetDAC 5.88690862069 ===>> OK
Magnet settling time: 1.049
GetData ===>> H2,-0.254698720377002,H1,812.271416988069,AX,134.206722345418,L1,2.02531871982954,L2,0.4429909491...
setting magnet DAC
current  : 5.886909
requested: 5.887943
Delta Dac: 0.001034
Checking detector protection. dv=0.00103
Checking detector "CDD". Protection Threshold: 0.1 (V)
Get Checksum: -860229079
SetMagnetDAC 5.88794310345 ===>> OK
Magnet settling time: 1.049
GetData ===>> H2,-0.178625114679646,H1,495.250345443465,AX,69.8858454164006,L1,1.35877683481722,L2,0.1415969304...
setting magnet DAC
current  : 5.887943
requested: 5.888978
Delta Dac: 0.001034
Checking detector protection. dv=0.00103
Checking detector "CDD". Protection Threshold: 0.1 (V)
SetMagnetDAC 5.88897758621 ===>> OK
Magnet settling time: 1.049
GetData ===>> H2,-0.289215035455044,H1,232.098079818847,AX,27.3674049912799,L1,0.840882576703969,L2,0.020042842...
setting magnet DAC
current  : 5.888978
requested: 5.890012
Delta Dac: 0.001034
Checking detector protection. dv=0.00103
Checking detector "CDD". Protection Threshold: 0.1 (V)
SetMagnetDAC 5.89001206897 ===>> OK
Magnet settling time: 1.049
Get Checksum: -860229079
GetData ===>> H2,-0.217546053113428,H1,84.4092748285695,AX,8.16554863770317,L1,0.480743851391128,L2,0.042573277...
setting magnet DAC
current  : 5.890012
requested: 5.891047
Delta Dac: 0.001034
Checking detector protection. dv=0.00103
Checking detector "CDD". Protection Threshold: 0.1 (V)
SetMagnetDAC 5.89104655172 ===>> OK
Magnet settling time: 1.049
GetData ===>> H2,-0.208843271109943,H1,24.7095953962149,AX,1.71200073124601,L1,0.313524245924443,L2,-0.00100203...
setting magnet DAC
current  : 5.891047
requested: 5.892081
Delta Dac: 0.001034
Checking detector protection. dv=0.00103
Checking detector "CDD". Protection Threshold: 0.1 (V)
SetMagnetDAC 5.89208103448 ===>> OK
Magnet settling time: 1.049
GetData ===>> H2,-0.103752263033516,H1,6.07899830289293,AX,0.19654311264932,L1,0.187039623209288,L2,-0.08843442...
setting magnet DAC
current  : 5.892081
requested: 5.893116
Delta Dac: 0.001034
Checking detector protection. dv=0.00103
Checking detector "CDD". Protection Threshold: 0.1 (V)
SetMagnetDAC 5.89311551724 ===>> OK
Magnet settling time: 1.049
Get Checksum: -860229079
GetData ===>> H2,-0.185049364237451,H1,0.424137496188837,AX,-0.207258666889708,L1,0.127141873243145,L2,0.033665...
setting magnet DAC
current  : 5.893116
requested: 5.894150
Delta Dac: 0.001034
Checking detector protection. dv=0.00103
Checking detector "CDD". Protection Threshold: 0.1 (V)
SetMagnetDAC 5.89415 ===>> OK
Magnet settling time: 1.049
GetData ===>> H2,-0.218480308331127,H1,-0.0796895752803504,AX,-0.227537866721683,L1,0.0585960083110186,L2,-0.02...
result of _do_sweep=True
result of _calculate_peak_center=([5.8711446790131987, 5.8788069000069099, 5.886469121000621], [917.12452622444118, 1249.5673195337649, 918.65163448676844], 5.8776169338677349, 1249.5673195337649)
Failed to find a valid peak. No peak greater than 1.0. max = 0.0208244788129
new center pos Detector(H1) (Ar40) @ 5.87880690001
GetHighVoltage ===>> 4500
GetDeflection H1 ===>> 0
dac uncorrected for HV and deflection 5.87880690001
update mftable H1 Ar40 5.87880690001 message=automated run peakcenter
get initial guess parabolic
get initial guess parabolic
get initial guess parabolic
get initial guess parabolic
get initial guess parabolic
get initial guess parabolic
dump mftable to /Users/jan/PychronDev/setupfiles/spectrometer/mftables/mftable.csv
add to repo msg=modified - automated run peakcenter
locally archiving mftable
setting magnet DAC
current  : 5.894150
requested: 5.878807
Delta Dac: 0.015343
Checking detector protection. dv=0.01534
Checking detector "CDD". Protection Threshold: 0.1 (V)
SetMagnetDAC 5.87880690001 ===>> OK
Magnet settling time: 0.500
sweep finished
setting integration time = 1.048576
SetIntegrationTime 1.048576 ===>> OK
Failed to find a valid peak. No peak greater than 1.0. max = 0.0208376052563
flush and close file /Users/jan/PychronDev/data/isotopes/2a/c4ac10-6609-478f-804b-5c33476421c9.h5
finished measure script
executed 226.132928
jan_unknown120_60.py completed successfully
Measurement Finished
23:48:34 -- ******* Measurement Finished *******
Get Checksum: -860229079
Post Measurement Started jan_pump_ms.py
23:48:34 -- ******* Post Measurement Started jan_pump_ms.py *******
testing...
no interpolation path defined
executed 0
Pumping spectrometer
open () {'name': 'O'}
opening name=O desc=---
checking ownership. requestor=129.138.12.150
check software interlocks O
interlocks []
actuate state mode=None-script, software_lock=False
doing actuation None-script open_channel True
Open O ===>> OK
GetIndicatorState O ===>> OK
change switch state (True, True)
update switch state O True args=() kw={} ncanvase=2
23:48:34 -- OPEN   VALVE-O (Jan Ion Pump)
---------------------------------------- open O () result=[(True, True)], time=0.09 sec
action=open, ok=True, locked=[False]
executed 0
jan_pump_ms.py completed successfully
setting _ms_pumptime
Post Measurement Finished
23:48:34 -- ******* Post Measurement Finished *******
$$$$$$$$$$$$$$$$$$$$ state at run end measurement
state changed from measurement to success
post measurement save measured=True aborted=False
Set filtering
setting fod for Ar40= {'filter_outliers': True, 'std_devs': 2, 'iterations': 1}
setting fod for H1= {'filter_outliers': True, 'std_devs': 2, 'iterations': 1}
setting fod for PM41= {'filter_outliers': False, 'std_devs': 2, 'iterations': 1}
setting fod for H2= {'filter_outliers': True, 'std_devs': 2, 'iterations': 1}
setting fod for Ar36= {'filter_outliers': True, 'std_devs': 2, 'iterations': 1}
setting fod for CDD= {'filter_outliers': True, 'std_devs': 10, 'iterations': 1}
setting fod for Ar37= {'filter_outliers': True, 'std_devs': 2, 'iterations': 1}
setting fod for L2= {'filter_outliers': True, 'std_devs': 2, 'iterations': 1}
setting fod for Ar38= {'filter_outliers': True, 'std_devs': 2, 'iterations': 1}
setting fod for L1= {'filter_outliers': True, 'std_devs': 2, 'iterations': 1}
setting fod for Ar39= {'filter_outliers': True, 'std_devs': 2, 'iterations': 1}
setting fod for AX= {'filter_outliers': True, 'std_devs': 2, 'iterations': 1}
persistence save...
persistence save - db
post measurement save
5321712752 connecting to database sqlite:////Users/jan/PychronDev/.appdata/local_lab.db
connected to db sqlite:////Users/jan/PychronDev/.appdata/local_lab.db
create new session 5321712752
close session 5321712752
No database instance. Not saving post measurement to isotopedb database
$$$$$$$$$$$$$$$ auto_save_detector_ic=False
massspec enabled True
create new session 4979649712
MassSpec Database Version: 16.0
close session 4979649712
saving post measurement to secondary database
saving to massspec database 129.138.12.160/massspecdata
setting labnumber to 65569
setting aliquot to 27
setting step to 
setting uuid to 2ac4ac10-6609-478f-804b-5c33476421c9
setting irradpos to 65569
setting extract_device to Fusions CO2
setting tray to 
setting position to 176
setting power_requested to 5.0
setting extract_value to 5.0
setting duration to 30.0
setting duration_at_request to 30.0
setting first_stage_delay to 30.0
setting cleanup to 30.0
setting comment to M:11 w/o inclusions
setting irradiation to NM-289
setting level to M
setting irradiation_level to M
setting sample to NM-2602 WO
setting material to Sanidine
setting project to JoyitaHills
setting mass_spectrometer to Jan
no attribute chron_dosages
no attribute production_ratios
no attribute interference_corrections
no attribute production_name
no attribute j
Reference Isotope=Ar40
Reference Detector=H1
%%%%%%%%%%%%%%%%%%%% Comment: M:11 w/o inclusions %%%%%%%%%%%%%%%%%%%
adding isotope PM41 H2
add baseline dbdet= PM41. original det= H2
get baseline data PM41 H2
Get data baseline <pychron.processing.isotope.Baseline object at 0x134e18cd0> len t=60
baseline PM41. v=-0.212212225523, e=0.0069044163931
get signal data PM41 H2
Get data signal PM41 0.15+/-0.07 len t=120
adding isotope Ar40 H1
add baseline dbdet= Ar40. original det= H1
get baseline data Ar40 H1
Get data baseline <pychron.processing.isotope.Baseline object at 0x134e18d50> len t=60
baseline Ar40. v=-0.00231604124026, e=0.00642994169939
get signal data Ar40 H1
Get data signal Ar40 1378.81+/-0.08 len t=120
adding isotope Ar39 AX
add baseline dbdet= Ar39. original det= AX
get baseline data Ar39 AX
Get data baseline <pychron.processing.isotope.Baseline object at 0x134e18850> len t=60
baseline Ar39. v=-0.0637047949974, e=0.00834364063957
get signal data Ar39 AX
Get data signal Ar39 291.373+/-0.032 len t=120
adding isotope Ar38 L1
add baseline dbdet= Ar38. original det= L1
get baseline data Ar38 L1
Get data baseline <pychron.processing.isotope.Baseline object at 0x134ff12d0> len t=60
baseline Ar38. v=-0.0251791232149, e=0.00384080035652
get signal data Ar38 L1
Get data signal Ar38 3.725+/-0.005 len t=120
adding isotope Ar37 L2
add baseline dbdet= Ar37. original det= L2
get baseline data Ar37 L2
Get data baseline <pychron.processing.isotope.Baseline object at 0x134ff19d0> len t=60
baseline Ar37. v=-0.0194461788944, e=0.00733842063035
get signal data Ar37 L2
Get data signal Ar37 1.242+/-0.011 len t=120
adding isotope Ar36 CDD
add baseline dbdet= Ar36. original det= CDD
get baseline data Ar36 CDD
Get data baseline <pychron.processing.isotope.Baseline object at 0x134ff16d0> len t=60
baseline Ar36. v=0.000287806466436, e=2.42236294089e-05
get signal data Ar36 CDD
Get data signal Ar36 0.01080+/-0.00026 len t=120
65569-27 added analysis time 0.444314002991s
analysis added to mass spec database
mass spec save time= 0.453
persistence save - dvc
================= post measurement started
create new session 4984345712
close session 4984345712
---------------- Experiment Queue saving disabled
DVC saving peakcenter
Failed to find a valid peak. No peak greater than 1.0. max = 0.0208376052563
Smart pull ahead: 0 behind: 0
Up-to-date with origin
add to repo msg=modified - ad8224ebc6dbfeb9f5997218dfa5fe690569839d.json
add to repo msg=modified - 69-27.json
add to repo msg=modified - 69-27.dat.json
Get Checksum: -1965264452
add to repo msg=modified - 69-27.blan.json
add to repo msg=modified - 69-27.inte.json
add to repo msg=modified - 69-27.icfa.json
add to repo msg=modified - 69-27.base.json
not at valid file /Users/jan/PychronDev/data/.dvc/repositories/Load1783/655/tags/69-27.tags.json
add to repo msg=modified - 69-27.peak.json
add to repo msg=modified - 69-27.extr.json
not at valid file /Users/jan/PychronDev/data/.dvc/repositories/Load1783/655/monitor/69-27.moni.json
commit message=<COLLECTION>
add to repo msg=modified - 69-27.inte.json
add to repo msg=modified - 69-27.base.json
commit message=<ISOEVO> default collection fits
add to repo msg=modified - 69-27.blan.json
Get Checksum: -1965264452
commit message=<BLANKS> preceding bu-FC-J-7490
add to repo msg=modified - 69-27.icfa.json
commit message=<ICFactor> default
push repository <pychron.git_archive.repo_manager.GitRepoManager object at 0x143c0e410>
pushing to remote=origin, url=https://github.com
Get Checksum: -1965264452
no changes to meta repo
Get Checksum: -1965264452
create new session 4984345712
add association Load1783
get identifier "65569"
setting analysis irradiation position=<pychron.dvc.dvc_orm.IrradiationPositionTbl object at 0x144c7bbd0>
close session 4984345712
================= post measurement finished
23:48:47 -- ******* Post Run Check *******
loading queue conditionals post_run_actions
loading system conditionals post_run_actions
loading conditionals from /Users/jan/PychronDev/setupfiles/spectrometer/default_conditionals.yaml
loading queue conditionals post_run_terminations
loading system conditionals post_run_terminations
loading conditionals from /Users/jan/PychronDev/setupfiles/spectrometer/default_conditionals.yaml
Checking default post run terminations n=1
GetDeflection CDD ===>> 50
testing CDD==2000
evaluate ot="CDD.deflection==2000" t="CDD==2000", ctx="{'CDD': 50.0}"
23:48:47 -- ******* Post Run Check Passed *******
23:48:47 -- Automated run 65569-27 success duration: 368.581 s
----------------- finish -----------------
----------------- stop -----------------
retroactive repository identifiers disabled
finish run. runs completed=26
update duration runid=65569-27, duration=368.581342936, md5=301e91d8
loading script "jan_unknown120_60.py"
loading script "jan_pump_ms.py"
loading script "jan_co2.py"
loading script "jan_pump_extraction_line.py"
testing...
no interpolation path defined
executed 213.652928
script duration name:unknown120_60 seconds:214.0
loading script "jan_unknown120_60.py"
loading script "jan_pump_ms.py"
loading script "jan_co2.py"
loading script "jan_pump_extraction_line.py"
testing...
no interpolation path defined
executed 0
loading script "jan_unknown120_60.py"
loading script "jan_pump_ms.py"
loading script "jan_co2.py"
loading script "jan_pump_extraction_line.py"
testing...
no interpolation path defined
calculate duration
testing...
no interpolation path defined
executed 0
calculate duration
testing...
no interpolation path defined
executed 0
executed 0.0
script duration name:co2 seconds:0.0
loading script "jan_unknown120_60.py"
loading script "jan_pump_ms.py"
loading script "jan_co2.py"
loading script "jan_pump_extraction_line.py"
testing...
no interpolation path defined
calculate duration
testing...
no interpolation path defined
executed 4.0
executed 4.0
Script duration 214.0
Run total estimated duration= 215.000
unknown120_60 in script context. using previous estimated duration
script duration name:unknown120_60 seconds:214.0
pump_ms in script context. using previous estimated duration
co2 in script context. using previous estimated duration
script duration name:co2 seconds:0.0
pump_extraction_line in script context. using previous estimated duration
Script duration 214.0
Run total estimated duration= 215.000
script duration name:unknown120_60 seconds:214.0
script duration name:co2 seconds:0.0
Script duration 214.0
Run total estimated duration= 215.000
script duration name:unknown120_60 seconds:214.0
script duration name:co2 seconds:0.0
Script duration 214.0
Run total estimated duration= 215.000
loading script "jan_unknown400_120.py"
loading script "jan_pump_ms.py"
loading script "jan_co2.py"
loading script "jan_pump_extraction_line.py"
testing...
no interpolation path defined
executed 556.052928
script duration name:unknown400_120 seconds:556.0
script duration name:co2 seconds:0.0
Script duration 556.0
Run total estimated duration= 557.000
unknown400_120 in script context. using previous estimated duration
script duration name:unknown400_120 seconds:556.0
loading script "jan_unknown400_120.py"
loading script "jan_pump_ms.py"
loading script "jan_cocktail_x1.py"
loading script "jan_pump_extraction_line.py"
testing...
no interpolation path defined
calculate duration
testing...
no interpolation path defined
executed 0
calculate duration
testing...
no interpolation path defined
executed 0
calculate duration
testing...
no interpolation path defined
executed 32.0
calculate duration
testing...
no interpolation path defined
executed 34.0
calculate duration
testing...
no interpolation path defined
executed 4.0
calculate duration
testing...
no interpolation path defined
executed 38.0
executed 108.0
script duration name:cocktail_x1 seconds:108.0
Script duration 664.0
Run total estimated duration= 665.000
script duration name:unknown400_120 seconds:556.0
loading script "jan_unknown400_120.py"
loading script "jan_pump_ms.py"
loading script "jan_sniffair_x2.py"
loading script "jan_pump_extraction_line.py"
testing...
no interpolation path defined
calculate duration
testing...
no interpolation path defined
executed 0
calculate duration
testing...
no interpolation path defined
executed 0
calculate duration
testing...
no interpolation path defined
executed 32.0
calculate duration
testing...
no interpolation path defined
executed 34.0
calculate duration
testing...
no interpolation path defined
executed 4.0
calculate duration
testing...
no interpolation path defined
executed 36.0
calculate duration
testing...
no interpolation path defined
executed 34.0
calculate duration
testing...
no interpolation path defined
executed 4.0
calculate duration
testing...
no interpolation path defined
executed 36.0
calculate duration
testing...
no interpolation path defined
executed 70.0
executed 250.0
script duration name:sniffair_x2 seconds:250.0
Script duration 806.0
Run total estimated duration= 807.000
script duration name:unknown120_60 seconds:214.0
cocktail_x1 in script context. using previous estimated duration
script duration name:cocktail_x1 seconds:108.0
Script duration 322.0
Run total estimated duration= 323.000
loading script "jan_ic_peak_hop3.py"
loading script "jan_pump_ms.py"
loading script "jan_air_x1.py"
loading script "jan_pump_extraction_line.py"
testing...
no interpolation path defined
executed 133.8
script duration name:ic_peak_hop3 seconds:134.0
loading script "jan_ic_peak_hop3.py"
loading script "jan_pump_ms.py"
loading script "jan_air_x1.py"
loading script "jan_pump_extraction_line.py"
testing...
no interpolation path defined
calculate duration
testing...
no interpolation path defined
executed 0
calculate duration
testing...
no interpolation path defined
executed 0
calculate duration
testing...
no interpolation path defined
executed 32.0
calculate duration
testing...
no interpolation path defined
executed 34.0
calculate duration
testing...
no interpolation path defined
executed 4.0
calculate duration
testing...
no interpolation path defined
executed 36.0
executed 106.0
script duration name:air_x1 seconds:106.0
Script duration 240.0
Run total estimated duration= 241.000
script duration name:unknown120_60 seconds:214.0
script duration name:co2 seconds:0.0
Script duration 214.0
Run total estimated duration= 215.000
script duration name:unknown120_60 seconds:214.0
script duration name:co2 seconds:0.0
Script duration 214.0
Run total estimated duration= 215.000
script duration name:unknown120_60 seconds:214.0
script duration name:co2 seconds:0.0
Script duration 214.0
Run total estimated duration= 215.000
script duration name:unknown120_60 seconds:214.0
script duration name:co2 seconds:0.0
Script duration 214.0
Run total estimated duration= 215.000
script duration name:unknown120_60 seconds:214.0
script duration name:co2 seconds:0.0
Script duration 214.0
Run total estimated duration= 215.000
script duration name:unknown120_60 seconds:214.0
script duration name:co2 seconds:0.0
Script duration 214.0
Run total estimated duration= 215.000
script duration name:unknown120_60 seconds:214.0
script duration name:co2 seconds:0.0
Script duration 214.0
Run total estimated duration= 215.000
script duration name:unknown120_60 seconds:214.0
script duration name:co2 seconds:0.0
Script duration 214.0
Run total estimated duration= 215.000
script duration name:unknown120_60 seconds:214.0
script duration name:co2 seconds:0.0
Script duration 214.0
Run total estimated duration= 215.000
script duration name:unknown120_60 seconds:214.0
script duration name:co2 seconds:0.0
Script duration 214.0
Run total estimated duration= 215.000
script duration name:unknown120_60 seconds:214.0
script duration name:co2 seconds:0.0
Script duration 214.0
Run total estimated duration= 215.000
script duration name:unknown120_60 seconds:214.0
script duration name:co2 seconds:0.0
Script duration 214.0
Run total estimated duration= 215.000
script duration name:unknown120_60 seconds:214.0
script duration name:co2 seconds:0.0
Script duration 214.0
Run total estimated duration= 215.000
script duration name:unknown120_60 seconds:214.0
script duration name:co2 seconds:0.0
Script duration 214.0
Run total estimated duration= 215.000
script duration name:unknown120_60 seconds:214.0
script duration name:co2 seconds:0.0
Script duration 214.0
Run total estimated duration= 215.000
script duration name:unknown120_60 seconds:214.0
script duration name:co2 seconds:0.0
Script duration 214.0
Run total estimated duration= 215.000
script duration name:unknown400_120 seconds:556.0
script duration name:co2 seconds:0.0
Script duration 556.0
Run total estimated duration= 557.000
script duration name:unknown120_60 seconds:214.0
script duration name:co2 seconds:0.0
Script duration 214.0
Run total estimated duration= 215.000
script duration name:unknown120_60 seconds:214.0
script duration name:co2 seconds:0.0
Script duration 214.0
Run total estimated duration= 215.000
script duration name:unknown120_60 seconds:214.0
script duration name:co2 seconds:0.0
Script duration 214.0
Run total estimated duration= 215.000
script duration name:unknown120_60 seconds:214.0
script duration name:co2 seconds:0.0
Script duration 214.0
Run total estimated duration= 215.000
script duration name:unknown120_60 seconds:214.0
script duration name:co2 seconds:0.0
Script duration 214.0
Run total estimated duration= 215.000
script duration name:unknown120_60 seconds:214.0
script duration name:co2 seconds:0.0
Script duration 214.0
Run total estimated duration= 215.000
script duration name:unknown120_60 seconds:214.0
script duration name:co2 seconds:0.0
Script duration 214.0
Run total estimated duration= 215.000
script duration name:unknown120_60 seconds:214.0
script duration name:co2 seconds:0.0
Script duration 214.0
Run total estimated duration= 215.000
script duration name:unknown120_60 seconds:214.0
script duration name:co2 seconds:0.0
Script duration 214.0
Run total estimated duration= 215.000
script duration name:unknown120_60 seconds:214.0
script duration name:co2 seconds:0.0
Script duration 214.0
Run total estimated duration= 215.000
script duration name:unknown120_60 seconds:214.0
script duration name:co2 seconds:0.0
Script duration 214.0
Run total estimated duration= 215.000
script duration name:unknown120_60 seconds:214.0
script duration name:co2 seconds:0.0
Script duration 214.0
Run total estimated duration= 215.000
script duration name:unknown120_60 seconds:214.0
script duration name:co2 seconds:0.0
Script duration 214.0
Run total estimated duration= 215.000
script duration name:unknown120_60 seconds:214.0
script duration name:co2 seconds:0.0
Script duration 214.0
Run total estimated duration= 215.000
script duration name:unknown120_60 seconds:214.0
script duration name:co2 seconds:0.0
Script duration 214.0
Run total estimated duration= 215.000
script duration name:unknown120_60 seconds:214.0
script duration name:co2 seconds:0.0
Script duration 214.0
Run total estimated duration= 215.000
script duration name:unknown120_60 seconds:214.0
script duration name:co2 seconds:0.0
Script duration 214.0
Run total estimated duration= 215.000
script duration name:unknown120_60 seconds:214.0
script duration name:co2 seconds:0.0
Script duration 214.0
Run total estimated duration= 215.000
script duration name:unknown120_60 seconds:214.0
script duration name:co2 seconds:0.0
Script duration 214.0
Run total estimated duration= 215.000
script duration name:unknown400_120 seconds:556.0
script duration name:co2 seconds:0.0
Script duration 556.0
Run total estimated duration= 557.000
script duration name:unknown400_120 seconds:556.0
script duration name:cocktail_x1 seconds:108.0
Script duration 664.0
Run total estimated duration= 665.000
script duration name:unknown120_60 seconds:214.0
script duration name:cocktail_x1 seconds:108.0
Script duration 322.0
Run total estimated duration= 323.000
ic_peak_hop3 in script context. using previous estimated duration
script duration name:ic_peak_hop3 seconds:134.0
air_x1 in script context. using previous estimated duration
script duration name:air_x1 seconds:106.0
Script duration 240.0
Run total estimated duration= 241.000
script duration name:unknown120_60 seconds:214.0
script duration name:co2 seconds:0.0
Script duration 214.0
Run total estimated duration= 215.000
script duration name:unknown120_60 seconds:214.0
script duration name:co2 seconds:0.0
Script duration 214.0
Run total estimated duration= 215.000
script duration name:unknown120_60 seconds:214.0
script duration name:co2 seconds:0.0
Script duration 214.0
Run total estimated duration= 215.000
script duration name:unknown400_120 seconds:556.0
sniffair_x2 in script context. using previous estimated duration
script duration name:sniffair_x2 seconds:250.0
Script duration 806.0
Run total estimated duration= 807.000
script duration name:unknown400_120 seconds:556.0
script duration name:sniffair_x2 seconds:250.0
Script duration 806.0
Run total estimated duration= 807.000
script duration name:unknown120_60 seconds:214.0
script duration name:co2 seconds:0.0
Script duration 214.0
Run total estimated duration= 215.000
script duration name:unknown120_60 seconds:214.0
script duration name:co2 seconds:0.0
Script duration 214.0
Run total estimated duration= 215.000
script duration name:unknown120_60 seconds:214.0
script duration name:co2 seconds:0.0
Script duration 214.0
Run total estimated duration= 215.000
script duration name:unknown120_60 seconds:214.0
script duration name:co2 seconds:0.0
Script duration 214.0
Run total estimated duration= 215.000
script duration name:unknown120_60 seconds:214.0
script duration name:co2 seconds:0.0
Script duration 214.0
Run total estimated duration= 215.000
script duration name:unknown120_60 seconds:214.0
script duration name:co2 seconds:0.0
Script duration 214.0
Run total estimated duration= 215.000
script duration name:unknown120_60 seconds:214.0
script duration name:co2 seconds:0.0
Script duration 214.0
Run total estimated duration= 215.000
script duration name:unknown120_60 seconds:214.0
script duration name:co2 seconds:0.0
Script duration 214.0
Run total estimated duration= 215.000
script duration name:unknown120_60 seconds:214.0
script duration name:co2 seconds:0.0
Script duration 214.0
Run total estimated duration= 215.000
script duration name:unknown120_60 seconds:214.0
script duration name:co2 seconds:0.0
Script duration 214.0
Run total estimated duration= 215.000
script duration name:unknown120_60 seconds:214.0
script duration name:co2 seconds:0.0
Script duration 214.0
Run total estimated duration= 215.000
script duration name:unknown120_60 seconds:214.0
script duration name:co2 seconds:0.0
Script duration 214.0
Run total estimated duration= 215.000
script duration name:unknown120_60 seconds:214.0
script duration name:co2 seconds:0.0
Script duration 214.0
Run total estimated duration= 215.000
script duration name:unknown120_60 seconds:214.0
script duration name:co2 seconds:0.0
Script duration 214.0
Run total estimated duration= 215.000
script duration name:unknown120_60 seconds:214.0
script duration name:co2 seconds:0.0
Script duration 214.0
Run total estimated duration= 215.000
script duration name:unknown120_60 seconds:214.0
script duration name:co2 seconds:0.0
Script duration 214.0
Run total estimated duration= 215.000
script duration name:unknown120_60 seconds:214.0
script duration name:co2 seconds:0.0
Script duration 214.0
Run total estimated duration= 215.000
script duration name:unknown120_60 seconds:214.0
script duration name:co2 seconds:0.0
Script duration 214.0
Run total estimated duration= 215.000
script duration name:unknown400_120 seconds:556.0
script duration name:co2 seconds:0.0
Script duration 556.0
Run total estimated duration= 557.000
script duration name:unknown400_120 seconds:556.0
script duration name:cocktail_x1 seconds:108.0
Script duration 664.0
Run total estimated duration= 665.000
script duration name:unknown120_60 seconds:214.0
script duration name:cocktail_x1 seconds:108.0
Script duration 322.0
Run total estimated duration= 323.000
script duration name:unknown400_120 seconds:556.0
script duration name:sniffair_x2 seconds:250.0
Script duration 806.0
Run total estimated duration= 807.000
script duration name:unknown400_120 seconds:556.0
script duration name:sniffair_x2 seconds:250.0
Script duration 806.0
Run total estimated duration= 807.000
script duration name:ic_peak_hop3 seconds:134.0
script duration name:air_x1 seconds:106.0
Script duration 240.0
Run total estimated duration= 241.000
script duration name:unknown120_60 seconds:214.0
script duration name:co2 seconds:0.0
Script duration 214.0
Run total estimated duration= 215.000
script duration name:unknown120_60 seconds:214.0
script duration name:co2 seconds:0.0
Script duration 214.0
Run total estimated duration= 215.000
script duration name:unknown120_60 seconds:214.0
script duration name:co2 seconds:0.0
Script duration 214.0
Run total estimated duration= 215.000
script duration name:unknown120_60 seconds:214.0
script duration name:co2 seconds:0.0
Script duration 214.0
Run total estimated duration= 215.000
script duration name:unknown120_60 seconds:214.0
script duration name:co2 seconds:0.0
Script duration 214.0
Run total estimated duration= 215.000
script duration name:unknown120_60 seconds:214.0
script duration name:co2 seconds:0.0
Script duration 214.0
Run total estimated duration= 215.000
script duration name:unknown120_60 seconds:214.0
script duration name:co2 seconds:0.0
Script duration 214.0
Run total estimated duration= 215.000
script duration name:unknown120_60 seconds:214.0
script duration name:co2 seconds:0.0
Script duration 214.0
Run total estimated duration= 215.000
script duration name:unknown120_60 seconds:214.0
script duration name:co2 seconds:0.0
Script duration 214.0
Run total estimated duration= 215.000
script duration name:unknown120_60 seconds:214.0
script duration name:co2 seconds:0.0
Script duration 214.0
Run total estimated duration= 215.000
script duration name:unknown120_60 seconds:214.0
script duration name:co2 seconds:0.0
Script duration 214.0
Run total estimated duration= 215.000
script duration name:unknown120_60 seconds:214.0
script duration name:co2 seconds:0.0
Script duration 214.0
Run total estimated duration= 215.000
script duration name:unknown120_60 seconds:214.0
script duration name:co2 seconds:0.0
Script duration 214.0
Run total estimated duration= 215.000
script duration name:unknown120_60 seconds:214.0
script duration name:co2 seconds:0.0
Script duration 214.0
Run total estimated duration= 215.000
script duration name:unknown120_60 seconds:214.0
script duration name:co2 seconds:0.0
Script duration 214.0
Run total estimated duration= 215.000
script duration name:unknown400_120 seconds:556.0
script duration name:co2 seconds:0.0
Script duration 556.0
Run total estimated duration= 557.000
script duration name:unknown400_120 seconds:556.0
script duration name:cocktail_x1 seconds:108.0
Script duration 664.0
Run total estimated duration= 665.000
script duration name:unknown120_60 seconds:214.0
script duration name:cocktail_x1 seconds:108.0
Script duration 322.0
Run total estimated duration= 323.000
script duration name:ic_peak_hop3 seconds:134.0
script duration name:air_x1 seconds:106.0
Script duration 240.0
Run total estimated duration= 241.000
script duration name:unknown120_60 seconds:214.0
script duration name:co2 seconds:0.0
Script duration 214.0
Run total estimated duration= 215.000
script duration name:unknown120_60 seconds:214.0
script duration name:co2 seconds:0.0
Script duration 214.0
Run total estimated duration= 215.000
script duration name:unknown120_60 seconds:214.0
script duration name:co2 seconds:0.0
Script duration 214.0
Run total estimated duration= 215.000
script duration name:unknown120_60 seconds:214.0
script duration name:co2 seconds:0.0
Script duration 214.0
Run total estimated duration= 215.000
script duration name:unknown120_60 seconds:214.0
script duration name:co2 seconds:0.0
Script duration 214.0
Run total estimated duration= 215.000
script duration name:unknown120_60 seconds:214.0
script duration name:co2 seconds:0.0
Script duration 214.0
Run total estimated duration= 215.000
script duration name:unknown120_60 seconds:214.0
script duration name:co2 seconds:0.0
Script duration 214.0
Run total estimated duration= 215.000
script duration name:unknown120_60 seconds:214.0
script duration name:co2 seconds:0.0
Script duration 214.0
Run total estimated duration= 215.000
script duration name:unknown120_60 seconds:214.0
script duration name:co2 seconds:0.0
Script duration 214.0
Run total estimated duration= 215.000
script duration name:unknown120_60 seconds:214.0
script duration name:co2 seconds:0.0
Script duration 214.0
Run total estimated duration= 215.000
script duration name:unknown400_120 seconds:556.0
script duration name:sniffair_x2 seconds:250.0
Script duration 806.0
Run total estimated duration= 807.000
script duration name:unknown400_120 seconds:556.0
script duration name:sniffair_x2 seconds:250.0
Script duration 806.0
Run total estimated duration= 807.000
script duration name:unknown400_120 seconds:556.0
script duration name:co2 seconds:0.0
Script duration 556.0
Run total estimated duration= 557.000
nruns=110 before=5.0, run_dur=32182.0, btw=4905.0
write rem/ex queues
/Users/jan/PychronDev/experiments/rem/CurrentExperiment.rem.txt
/Users/jan/PychronDev/experiments/rem/CurrentExperiment.ex.txt
doing event level: 3
