do run
loading script "jan_unknown120_60.py"
loading script "jan_pump_ms.py"
loading script "jan_co2.py"
loading script "jan_pump_extraction_line.py"
testing...
no interpolation path defined
executed 213.652928
script duration name:unknown120_60 seconds:214.0
loading script "jan_unknown120_60.py"
loading script "jan_pump_ms.py"
loading script "jan_co2.py"
loading script "jan_pump_extraction_line.py"
testing...
no interpolation path defined
executed 0
loading script "jan_unknown120_60.py"
loading script "jan_pump_ms.py"
loading script "jan_co2.py"
loading script "jan_pump_extraction_line.py"
testing...
no interpolation path defined
calculate duration
testing...
no interpolation path defined
executed 0
calculate duration
testing...
no interpolation path defined
executed 0
executed 0.0
script duration name:co2 seconds:0.0
loading script "jan_unknown120_60.py"
loading script "jan_pump_ms.py"
loading script "jan_co2.py"
loading script "jan_pump_extraction_line.py"
testing...
no interpolation path defined
calculate duration
testing...
no interpolation path defined
executed 4.0
executed 4.0
Script duration 214.0
Run total estimated duration= 215.000
run duration: 0:03:35
doing event level: 2
01:29:17 -- Setting default integration. t=1.048576
setting integration time = 1.048576
SetIntegrationTime 1.048576 ===>> OK
----------------- start -----------------
**************** Experiment Type: Ar/Ar, Ar/Ar
create new session 5004766384
close session 5004766384
$$$$$ Clearing conditionals
adding conditionals 
Add queue conditionals
add default conditionals
adding default conditionals from /Users/jan/PychronDev/setupfiles/spectrometer/default_conditionals.yaml
Start automated run 65569-34
loading script "jan_unknown120_60.py"
loading script "jan_pump_ms.py"
loading script "jan_co2.py"
loading script "jan_pump_extraction_line.py"
%%%%%%%%%%%%%%%%%% setting automated run 65569-34
No value "sensitivity_multiplier" in metadata
$$$$$$$$$$$$$$$ auto_save_detector_ic=False
============================= Pre Extraction Check =============================
loading queue conditionals pre_run_terminations
loading system conditionals pre_run_terminations
loading conditionals from /Users/jan/PychronDev/setupfiles/spectrometer/default_conditionals.yaml
01:29:17 -- ******* Pre Extraction Check *******
Get a measurement from the spectrometer
GetData ===>> H2,-0.25484122423244,H1,0.00866986960816902,AX,-0.133897876012474,L1,-0.0151584035198938,L2,0.071...
Pre Extraction Termination data. keys=H2,H1,AX,L1,L2,CDD, signals=-0.25484,0.00867,-0.13390,-0.01516,0.07140,0.00417
01:29:17 -- testing system defined conditionals
Checking default pre extraction terminations n=2
testing CDD
evaluate ot="CDD.inactive" t="CDD", ctx="{'CDD': False}"
GetDeflection CDD ===>> 50
testing CDD==2000
evaluate ot="CDD.deflection==2000" t="CDD==2000", ctx="{'CDD': 50.0}"
01:29:17 -- ******* Pre Extraction Check Passed *******
=================================================================================
01:29:17 -- stopping status monitor
stop 4976489392
Alive clients [4984697584]
01:29:17 -- starting status monitor
start 4976489392
Monitor already running
start extraction
do extraction
Analysis started at 01:29:17.700559
Extraction Started jan_co2.py
01:29:17 -- ******* Extraction Started jan_co2.py *******
state changed from not run to extraction
DO EXTRACTION <pychron.extraction_line.pyscript_runner.RemotePyScriptRunner object at 0x12988f3b0>
testing...
no interpolation path defined
calculate duration
testing...
no interpolation path defined
executed 0
calculate duration
testing...
no interpolation path defined
executed 0
executed 100.0
Jan CO2 laser analysis
doing GOSUB
testing...
no interpolation path defined
executed 0
Waiting for CO2 access
wait ('FelixCO2Flag', 0) {}
waiting for FelixCO2Flag = 0
Read FelixCO2Flag ===>> 0
finished waiting
CO2 free
wait ('CO2PumpTimeFlag', 0) {}
waiting for CO2PumpTimeFlag = 0
Read CO2PumpTimeFlag ===>> 0
finished waiting
acquire ('JanCO2Flag',) {'clear': True}
acquire JanCO2Flag
Set JanCO2Flag 1 ===>> OK
JanCO2Flag acquired
set extraction state False (0.75, 'red', 1.5)
CO2 acquired
executed 0
WaitForCO2Access.py completed successfully
gosub finished
doing GOSUB
testing...
no interpolation path defined
executed 0
Prepare for CO2 analysis
close () {'description': 'Jan Inlet'}
closing name=--- desc=Jan Inlet
checking ownership. requestor=129.138.12.150
check software interlocks R
interlocks []
actuate state mode=None-script, software_lock=False
doing actuation None-script close_channel False
Close R ===>> OK
GetIndicatorState R ===>> False
change switch state (True, True)
update switch state R False args=() kw={} ncanvase=2
01:29:18 -- CLOSE  VALVE-R (Jan Inlet)
---------------------------------------- close None (Jan Inlet) result=[(True, True)]
action=close, ok=True, locked=[False]
open () {'description': 'Jan Ion Pump'}
opening name=--- desc=Jan Ion Pump
checking ownership. requestor=129.138.12.150
check software interlocks O
interlocks []
actuate state mode=None-script, software_lock=False
doing actuation None-script open_channel False
Open O ===>> OK
GetIndicatorState O ===>> OK
change switch state (True, True)
update switch state O True args=() kw={} ncanvase=2
01:29:18 -- OPEN   VALVE-O (Jan Ion Pump)
---------------------------------------- open None (Jan Ion Pump) result=[(True, True)], time=0.11 sec
action=open, ok=True, locked=[False]
close () {'description': 'Microbone to Minibone'}
closing name=--- desc=Microbone to Minibone
checking ownership. requestor=129.138.12.150
check software interlocks L
interlocks []
actuate state mode=None-script, software_lock=False
doing actuation None-script close_channel False
Close L ===>> OK
GetIndicatorState L ===>> False
change switch state (True, True)
update switch state L False args=() kw={} ncanvase=2
01:29:19 -- CLOSE  VALVE-L (Microbone to Minibone)
---------------------------------------- close None (Microbone to Minibone) result=[(True, True)]
action=close, ok=True, locked=[False]
open () {'description': 'Microbone to Turbo'}
opening name=--- desc=Microbone to Turbo
checking ownership. requestor=129.138.12.150
check software interlocks U
interlocks []
actuate state mode=None-script, software_lock=False
doing actuation None-script open_channel False
Open U ===>> OK
GetIndicatorState U ===>> OK
change switch state (True, True)
update switch state U True args=() kw={} ncanvase=2
01:29:19 -- OPEN   VALVE-U (Microbone to Turbo)
---------------------------------------- open None (Microbone to Turbo) result=[(True, True)], time=0.14 sec
action=open, ok=True, locked=[False]
open () {'description': 'Microbone to Inlet Pipette'}
opening name=--- desc=Microbone to Inlet Pipette
checking ownership. requestor=129.138.12.150
check software interlocks S
interlocks []
actuate state mode=None-script, software_lock=False
doing actuation None-script open_channel False
Open S ===>> OK
Get Checksum: -1965264452
GetIndicatorState S ===>> OK
change switch state (True, True)
update switch state S True args=() kw={} ncanvase=2
01:29:20 -- OPEN   VALVE-S (Microbone to Inlet Pipette)
---------------------------------------- open None (Microbone to Inlet Pipette) result=[(True, True)], time=0.43 sec
action=open, ok=True, locked=[False]
open () {'description': 'Microbone to Getter D-50'}
opening name=--- desc=Microbone to Getter D-50
checking ownership. requestor=129.138.12.150
check software interlocks K
interlocks []
actuate state mode=None-script, software_lock=False
doing actuation None-script open_channel False
Open K ===>> OK
GetIndicatorState K ===>> OK
change switch state (True, True)
update switch state K True args=() kw={} ncanvase=2
01:29:20 -- OPEN   VALVE-K (Microbone to Getter D-50)
---------------------------------------- open None (Microbone to Getter D-50) result=[(True, True)], time=0.41 sec
action=open, ok=True, locked=[False]
open () {'description': 'Microbone to Getter NP-10'}
opening name=--- desc=Microbone to Getter NP-10
checking ownership. requestor=129.138.12.150
check software interlocks M
interlocks []
actuate state mode=None-script, software_lock=False
doing actuation None-script open_channel False
Open M ===>> OK
GetIndicatorState M ===>> OK
change switch state (True, True)
update switch state M True args=() kw={} ncanvase=2
01:29:21 -- OPEN   VALVE-M (Microbone to Getter NP-10)
---------------------------------------- open None (Microbone to Getter NP-10) result=[(True, True)], time=0.13 sec
action=open, ok=True, locked=[False]
close () {'description': 'CO2 Laser to Felix'}
closing name=--- desc=CO2 Laser to Felix
checking ownership. requestor=129.138.12.150
check software interlocks F
interlocks []
actuate state mode=None-script, software_lock=True
VALVE-F(CO2 Laser to Felix) software locked
change switch state (True, False)
---------------------------------------- close None (CO2 Laser to Felix) result=[(True, False)]
action=close, ok=True, locked=[True]
open () {'description': 'CO2 Laser to Jan'}
opening name=--- desc=CO2 Laser to Jan
checking ownership. requestor=129.138.12.150
check software interlocks A
interlocks []
actuate state mode=None-script, software_lock=False
doing actuation None-script open_channel False
Open A ===>> OK
GetIndicatorState A ===>> OK
change switch state (True, True)
update switch state A True args=() kw={} ncanvase=2
01:29:21 -- OPEN   VALVE-A (CO2 Laser to Jan)
---------------------------------------- open None (CO2 Laser to Jan) result=[(True, True)], time=0.13 sec
action=open, ok=True, locked=[False]
open () {'description': 'Microbone to CO2 Laser'}
opening name=--- desc=Microbone to CO2 Laser
checking ownership. requestor=129.138.12.150
check software interlocks T
interlocks []
actuate state mode=None-script, software_lock=False
doing actuation None-script open_channel False
Open T ===>> OK
GetIndicatorState T ===>> OK
change switch state (True, True)
update switch state T True args=() kw={} ncanvase=2
01:29:22 -- OPEN   VALVE-T (Microbone to CO2 Laser)
---------------------------------------- open None (Microbone to CO2 Laser) result=[(True, True)], time=0.41 sec
action=open, ok=True, locked=[False]
executed 0
PrepareForCO2Analysis.py completed successfully
gosub finished
set_motor ('beam', '1.25') {}
setting motor "beam" to 1.25
set motor beam to 1.25
SetMotor beam,1.25 ===>> OK
Get Checksum: -1965264452
GetMotorMoving beam ===>> False
GetMotorMoving beam ===>> False
Block completed
move_to_position ('183',) {'autocenter': True}
FusionsCO2 move to position 183
sending GoToHole 183,True
GoToHole 183,True ===>> OK
GetDriveMoving ===>> OK
GetDriveMoving ===>> OK
GetDriveMoving ===>> OK
GetDriveMoving ===>> OK
GetDriveMoving ===>> OK
GetDriveMoving ===>> OK
GetDriveMoving ===>> False
GetDriveMoving ===>> OK
Get Checksum: -1965264452
GetDriveMoving ===>> OK
GetDriveMoving ===>> OK
GetDriveMoving ===>> OK
GetDriveMoving ===>> OK
GetDriveMoving ===>> OK
GetDriveMoving ===>> OK
GetDriveMoving ===>> OK
GetDriveMoving ===>> OK
GetDriveMoving ===>> OK
GetDriveMoving ===>> OK
GetDriveMoving ===>> OK
GetDriveMoving ===>> OK
Get Checksum: -1965264452
GetDriveMoving ===>> OK
GetDriveMoving ===>> OK
GetDriveMoving ===>> OK
GetDriveMoving ===>> OK
GetDriveMoving ===>> OK
GetDriveMoving ===>> OK
GetDriveMoving ===>> False
Block completed
GetAutoCorrecting ===>> False
GetAutoCorrecting ===>> False
Block completed
update position
GetPosition ===>> 13.95730,-7.97560,1.00000
got position (13.9573, -7.9756, 1.0)
move to position succeeded
sleep (5,) {}
SLEEP 5.0
block started
WaitControl setup for 5.0  
Get Checksum: -1965264452
Get Checksum: -1965264452
Join finished
block finished. duration 5.01756310463
close () {'description': 'Microbone to Turbo'}
closing name=--- desc=Microbone to Turbo
checking ownership. requestor=129.138.12.150
check software interlocks U
interlocks []
actuate state mode=None-script, software_lock=False
doing actuation None-script close_channel True
Close U ===>> OK
GetIndicatorState U ===>> False
change switch state (True, True)
update switch state U False args=() kw={} ncanvase=2
01:29:37 -- CLOSE  VALVE-U (Microbone to Turbo)
---------------------------------------- close None (Microbone to Turbo) result=[(True, True)]
action=close, ok=True, locked=[False]
enable laser
enable () {}
set extraction state FusionsCO2 Enabled (False, 'red', 1.5)
enabling laser
Enable ===>> OK
begin interval
BEGIN INTERVAL Interval 1 waiting for 30.0
block started
set extract to 5.0
WaitControl setup for 30.0  
extract (5.0,) {}
GetPosition ===>> 13.95730,-7.97560,1.00000
set extraction state FusionsCO2 ON! 5.0(watts) (0.75, 'red', 1.5)
extract sample to 5.0 (watts)
set laser output
SetLaserOutput 5.0,watts ===>> OK
executing pattern triangle.lp
execute_pattern ('triangle.lp',) {}
executing pattern triangle.lp
Get Checksum: 1551197106
IsPatterning ===>> OK
IsPatterning ===>> OK
Get Checksum: 1551197106
IsPatterning ===>> OK
IsPatterning ===>> OK
IsPatterning ===>> OK
Get Checksum: 1551197106
IsPatterning ===>> OK
IsPatterning ===>> OK
IsPatterning ===>> OK
Get Checksum: 1551197106
IsPatterning ===>> OK
IsPatterning ===>> OK
IsPatterning ===>> OK
Get Checksum: 1551197106
IsPatterning ===>> OK
IsPatterning ===>> OK
IsPatterning ===>> OK
Get Checksum: 1551197106
IsPatterning ===>> OK
IsPatterning ===>> OK
IsPatterning ===>> OK
Get Checksum: 1551197106
IsPatterning ===>> OK
IsPatterning ===>> OK
IsPatterning ===>> OK
Get Checksum: 1551197106
IsPatterning ===>> OK
IsPatterning ===>> OK
IsPatterning ===>> OK
Get Checksum: 1551197106
IsPatterning ===>> OK
IsPatterning ===>> OK
IsPatterning ===>> OK
Get Checksum: 1551197106
IsPatterning ===>> OK
IsPatterning ===>> OK
IsPatterning ===>> False
Join finished
block finished. duration 30.0603849888
Interval 1 finished
Get Checksum: 1551197106
IsPatterning ===>> False
Block completed
COMPLETE INTERVAL waiting for Interval 1 to complete
end_extract () {}
ending extraction. set laser power to 0
set laser power 0
SetLaserPower 0 ===>> OK
disable () {}
%%%%%%%%%%%%%%%%%%%%%%%%%%%%%%%%%%% disable
set extraction state False (0.75, 'red', 1.5)
disabling laser
Disable ===>> OK
sleep (30.0,) {}
SLEEP 30.0
block started
WaitControl setup for 30.0  
Get Checksum: 1551197106
Get Checksum: 1551197106
Get Checksum: 1551197106
Get Checksum: 1551197106
Get Checksum: 1551197106
Get Checksum: 1551197106
Get Checksum: 1551197106
Get Checksum: 1551197106
Get Checksum: 1551197106
Join finished
block finished. duration 30.0892391205
executed 165.0
jan_co2.py completed successfully
GetAchievedOutput ===>> No Response
Requested Output= 0.000
Achieved Output=  0.000
GetResponseBlob ===>> No Response
GetOutputBlob ===>> No Response
persistence save...
persistence save - db
AutomatedRunPersister post_extraction_save deprecated
persistence save - dvc
no extraction position for 183
create new session 4984345712
close session 4984345712
Extraction Finished
01:30:39 -- ******* Extraction Finished *******
no overlap. not waiting for min ms pumptime
01:30:39 -- Sending spectrometer configuration
======== Sending configuration ========
SetDeflection CDD,50.0 ===>> OK
SetDeflection H2,0.0 ===>> OK
SetDeflection H1,0.0 ===>> OK
SetDeflection L2,825.0 ===>> OK
SetDeflection L1,400.0 ===>> OK
SetDeflection AX,190.0 ===>> OK
SetZFocus 74.64 ===>> OK
SetZSymmetry -50.72 ===>> OK
SetExtractionLens 26.13 ===>> OK
SetIonRepeller -3.81 ===>> OK
SetElectronEnergy 75.08 ===>> OK
SetYSymmetry -2.81 ===>> OK
SetIonCounterVoltage 1590.0 ===>> OK
send trap current 200.0
GetParameter Trap Current Readback ===>> 198.258926936459
SetParameter Trap Current Set,200.0 ===>> OK
updating mftable name mftable
Using mftable located at /Users/jan/PychronDev/setupfiles/spectrometer/mftables/mftable.csv
============ MFtable ===========
Isotope  H2     H1     AX     L1     L2     CDD    
Ar40     5.7804 5.8787 5.9921 6.1203 6.2306 6.3485
Ar39     5.6796 5.7710 5.8845 6.0064 6.1157 6.2350
Ar36     5.3571 5.4400 5.5479 5.6652 5.7707 5.8861
================================
get initial guess parabolic
get initial guess parabolic
get initial guess parabolic
get initial guess parabolic
get initial guess parabolic
get initial guess parabolic
======== Configuration Finished ========
GetYSymmetry ===>> -2.81
GetZSymmetry ===>> -50.72
GetParameter Trap Current Readback ===>> 198.147042666178
GetHighVoltage ===>> 4500
start measurement
do measurement
L#=65569 analysis type=unknown
Measurement Started jan_unknown120_60.py
01:30:39 -- ******* Measurement Started jan_unknown120_60.py *******
state changed from extraction to measurement
setting spec, defl, and gains
GetExtractionLens ===>> 26.13
GetYSymmetry ===>> -2.81
GetZSymmetry ===>> -50.72
GetZFocus ===>> 74.64
GetDeflection H2 ===>> 0
GetDeflection H1 ===>> 0
GetDeflection AX ===>> 190
GetDeflection L1 ===>> 400
GetDeflection L2 ===>> 825
GetDeflection CDD ===>> 50
GetGain H2 ===>> 0.0113
GetGain H1 ===>> 0.1
GetGain AX ===>> 0.097049
GetGain L1 ===>> 0.010355
GetGain L2 ===>> 0.095649
GetGain CDD ===>> 0
pre measurement save
New frame /Users/jan/PychronDev/data/isotopes/e5/ce68c2-0d2f-4da5-abe3-f14376d4ea21.h5
flush and close file /Users/jan/PychronDev/data/isotopes/e5/ce68c2-0d2f-4da5-abe3-f14376d4ea21.h5
testing...
no interpolation path defined
executed 226.132928
unknown measurement script
activate_detectors ('H2', 'H1', 'AX', 'L1', 'L2', 'CDD') {}
activate detectors
*************** Set Analysis View Ar/Ar
create graphs
clearing graphs
clear isotope group
setting isotope det=H2, iso=PM41
setting isotope det=H1, iso=Ar40
setting isotope det=AX, iso=Ar39
setting isotope det=L1, iso=Ar38
setting isotope det=L2, iso=Ar37
setting isotope det=CDD, iso=Ar36
setting previous blanks
 - setting Ar40 blank 0.240+/-0.007
 - setting Ar36 blank 0.00461+/-0.00018
 - setting Ar37 blank 0.049+/-0.005
 - setting Ar38 blank 0.0100+/-0.0021
 - setting PM41 blank 0.03+/-0.07
 - setting Ar39 blank 0.028+/-0.009
load analysis view
position_magnet ('Ar40',) {'detector': 'H1'}
detector Detector(H1)
POSITION Ar40 H1
setting detector H2 to PM41 (40.9624)
setting detector H1 to Ar40 (39.9624)
setting detector AX to Ar39 (38.9624)
setting detector L1 to Ar38 (37.9624)
setting detector L2 to Ar37 (36.9624)
setting detector CDD to Ar36 (35.9624)
Mapping mass to dac mass func: "parabolic"
H1 map mass coeffs = [-0.00063987  0.15840543  0.57033999]
H1 map mass to dac 39.9624 >> 5.87873
GetDeflection H1 ===>> 0
GetHighVoltage ===>> 4500
positioning Ar40 (5.87873) on H1
setting magnet DAC
current  : 5.878730
requested: 5.878730
Delta Dac: 0.000000
Checking detector protection. dv=0.00000
Checking detector "CDD". Protection Threshold: 0.1 (V)
SetMagnetDAC 5.87873 ===>> OK
Magnet settling time: 0.500
Get Checksum: 1551197106
equilibrate () {'delay': 3, 'inlet': 'R', 'outlet': 'O', 'eqtime': 12.0}
Equilibration Started
01:30:40 -- ******* Equilibration Started *******
checking ownership. requestor=129.138.12.150
check software interlocks O
interlocks []
actuate state mode=None-script, software_lock=False
doing actuation None-script close_channel True
Close O ===>> OK
GetIndicatorState O ===>> False
change switch state (True, True)
update switch state O False args=() kw={} ncanvase=2
01:30:41 -- CLOSE  VALVE-O (Jan Ion Pump)
waiting 3s before opening inlet value ('R',)
Get Checksum: -598318598
checking ownership. requestor=129.138.12.150
check software interlocks R
interlocks []
actuate state mode=None-script, software_lock=False
doing actuation None-script open_channel True
Open R ===>> OK
GetIndicatorState R ===>> OK
change switch state (True, True)
update switch state R True args=() kw={} ncanvase=2
01:30:44 -- OPEN   VALVE-R (Jan Inlet)
equilibrating for 12.0sec
set_time_zero () {}
sniff (12.0,) {}
py_sniff
build tables- sniff [Detector(H2), Detector(H1), Detector(AX), Detector(L1), Detector(L2), Detector(CDD)]
add group /sniff/PM41 (Group) '' table H2
add group /sniff/Ar40 (Group) '' table H1
add group /sniff/Ar39 (Group) '' table AX
add group /sniff/Ar38 (Group) '' table L1
add group /sniff/Ar37 (Group) '' table L2
add group /sniff/Ar36 (Group) '' table CDD
flush and close file /Users/jan/PychronDev/data/isotopes/e5/ce68c2-0d2f-4da5-abe3-f14376d4ea21.h5
measuring sniff. ncounts=12.0
starting measurement
GetData ===>> H2,0.104882778647318,H1,47.1557683855084,AX,11.2230262555479,L1,0.056747770212207,L2,0.1333752528...
GetData ===>> H2,1.01518597945444,H1,323.336025733369,AX,73.0828325699684,L1,0.505239062427033,L2,0.55075592532...
Get Checksum: -1449001502
GetData ===>> H2,0.399405444568589,H1,456.273400859309,AX,99.4723353666702,L1,0.907848164409544,L2,0.5185611215...
GetData ===>> H2,0.0562453320021046,H1,498.385146948366,AX,106.53108978342,L1,1.11519449827646,L2,0.51489317683...
GetData ===>> H2,0.0572488870448144,H1,513.618438168166,AX,109.300293939274,L1,1.2232599797396,L2,0.47248775532...
Get Checksum: -1449001502
GetData ===>> H2,0.0717310872658645,H1,520.140874570729,AX,110.069804651564,L1,1.29648288733439,L2,0.5402859997...
GetData ===>> H2,-0.0083679464009567,H1,522.548743145418,AX,110.364705652516,L1,1.34928611267868,L2,0.507077837...
GetData ===>> H2,-0.0459171954546571,H1,523.571076167251,AX,110.482362790384,L1,1.39566340936979,L2,0.456761847...
Get Checksum: -1449001502
GetData ===>> H2,0.0132764336845493,H1,524.068464179711,AX,110.79124669808,L1,1.4121831096566,L2,0.525714588520...
GetData ===>> H2,0.0511239364605411,H1,524.249836342081,AX,110.825610739796,L1,1.41639461793337,L2,0.5085288829...
GetData ===>> H2,-0.0616842290023054,H1,524.259118338354,AX,110.579872105743,L1,1.42649738716793,L2,0.550207254...
Get Checksum: -1449001502
Equilibration Finished
01:30:56 -- ******* Equilibration Finished *******
checking ownership. requestor=129.138.12.150
check software interlocks R
interlocks []
actuate state mode=None-script, software_lock=False
doing actuation None-script close_channel True
GetData ===>> H2,-0.0372401963689674,H1,524.055213912308,AX,110.611844829924,L1,1.43086767695591,L2,0.677566183...
Close R ===>> OK
set states for children of R. state=False
handle state [('R', False)]
update switch state R False args=() kw={'refresh': False} ncanvase=2
refresh_canvas_needed fired
GetIndicatorState R ===>> False
change switch state (True, True)
update switch state R False args=() kw={} ncanvase=2
01:30:57 -- CLOSE  VALVE-R (Jan Inlet)
Post Equilibration Started jan_pump_extraction_line.py
01:30:57 -- ******* Post Equilibration Started jan_pump_extraction_line.py *******
testing...
no interpolation path defined
calculate duration
testing...
no interpolation path defined
executed 4.0
executed 4.0
Pump after analysis
doing GOSUB
testing...
no interpolation path defined
executed 4.0
Pump Microbone
close () {'description': 'Jan Inlet'}
closing name=--- desc=Jan Inlet
checking ownership. requestor=129.138.12.150
check software interlocks R
interlocks []
actuate state mode=None-script, software_lock=False
doing actuation None-script close_channel False
Close R ===>> OK
measurement finished
estimated time: 12.583 actual time: :12.672
flush and close file /Users/jan/PychronDev/data/isotopes/e5/ce68c2-0d2f-4da5-abe3-f14376d4ea21.h5
set_fits () {}
using default fits file=/Users/jan/PychronDev/scripts/measurement/fits/nominal_linear.yaml
set "Ar40" to "('Linear', 'SEM')"
No fit for "PM41". defaulting to linear. check the measurement script "jan_unknown120_60.py"
set "PM41" to "linear"
set "Ar36" to "('Linear', 'SEM')"
set "Ar37" to "('linear', 'SEM')"
set "Ar38" to "('linear', 'SEM')"
set "Ar39" to "('Linear', 'SEM')"
set_baseline_fits () {}
using default fits file=/Users/jan/PychronDev/scripts/measurement/fits/nominal_linear.yaml
set "H1" to "('average', 'SEM')"
set "H2" to "('average', 'SEM')"
set "CDD" to "('average', 'SEM')"
set "L2" to "('average', 'SEM')"
GetIndicatorState R ===>> False
set "L1" to "('average', 'SEM')"
change switch state (True, True)
set "AX" to "('average', 'SEM')"
update switch state R False args=() kw={} ncanvase=2
multicollect () {'integration_time': 1, 'ncounts': 120}
build tables- signal [Detector(H2), Detector(H1), Detector(AX), Detector(L1), Detector(L2), Detector(CDD)]
add group /signal/PM41 (Group) '' table H2
add group /signal/Ar40 (Group) '' table H1
01:30:57 -- CLOSE  VALVE-R (Jan Inlet)
add group /signal/Ar39 (Group) '' table AX
---------------------------------------- close None (Jan Inlet) result=[(True, True)]
add group /signal/Ar38 (Group) '' table L1
add group /signal/Ar37 (Group) '' table L2
add group /signal/Ar36 (Group) '' table CDD
flush and close file /Users/jan/PychronDev/data/isotopes/e5/ce68c2-0d2f-4da5-abe3-f14376d4ea21.h5
measuring signal. ncounts=120
action=close, ok=True, locked=[False]
is_closed ('F',) {}
is F () closed?
is closed True
open () {'description': 'CO2 Laser to Jan'}
opening name=--- desc=CO2 Laser to Jan
checking ownership. requestor=129.138.12.150
check software interlocks A
interlocks []
actuate state mode=None-script, software_lock=False
doing actuation None-script open_channel False
Open A ===>> OK
GetIndicatorState A ===>> OK
change switch state (True, True)
update switch state A True args=() kw={} ncanvase=2
01:30:58 -- OPEN   VALVE-A (CO2 Laser to Jan)
---------------------------------------- open None (CO2 Laser to Jan) result=[(True, True)], time=0.13 sec
starting measurement
GetData ===>> H2,-0.158711875092136,H1,523.972881732932,AX,110.834858316855,L1,1.44689198201052,L2,0.6018532112...
action=open, ok=True, locked=[False]
sleep (1,) {}
SLEEP 1.0
Get Checksum: -598318598
GetData ===>> H2,-0.0721583895471292,H1,524.11793037308,AX,110.687765953884,L1,1.45994505800824,L2,0.5416461110...
close () {'description': 'CO2 Laser to Roughing'}
closing name=--- desc=CO2 Laser to Roughing
checking ownership. requestor=129.138.12.150
check software interlocks G
interlocks []
actuate state mode=None-script, software_lock=True
VALVE-G(CO2 Laser to Roughing) software locked
change switch state (True, False)
---------------------------------------- close None (CO2 Laser to Roughing) result=[(True, False)]
action=close, ok=True, locked=[True]
open () {'description': 'Microbone to Turbo'}
opening name=--- desc=Microbone to Turbo
checking ownership. requestor=129.138.12.150
check software interlocks U
interlocks []
actuate state mode=None-script, software_lock=False
doing actuation None-script open_channel True
Open U ===>> OK
GetIndicatorState U ===>> OK
change switch state (True, True)
update switch state U True args=() kw={} ncanvase=2
01:30:59 -- OPEN   VALVE-U (Microbone to Turbo)
---------------------------------------- open None (Microbone to Turbo) result=[(True, True)], time=0.18 sec
action=open, ok=True, locked=[False]
open () {'description': 'Microbone to Getter NP-10'}
opening name=--- desc=Microbone to Getter NP-10
checking ownership. requestor=129.138.12.150
check software interlocks M
interlocks []
actuate state mode=None-script, software_lock=False
doing actuation None-script open_channel False
Open M ===>> OK
GetIndicatorState M ===>> OK
change switch state (True, True)
update switch state M True args=() kw={} ncanvase=2
01:31:00 -- OPEN   VALVE-M (Microbone to Getter NP-10)
---------------------------------------- open None (Microbone to Getter NP-10) result=[(True, True)], time=0.14 sec
action=open, ok=True, locked=[False]
open () {'description': 'Microbone to Getter D-50'}
opening name=--- desc=Microbone to Getter D-50
checking ownership. requestor=129.138.12.150
check software interlocks K
interlocks []
actuate state mode=None-script, software_lock=False
doing actuation None-script open_channel False
GetData ===>> H2,-0.157280055615365,H1,524.01513905516,AX,110.534088240084,L1,1.46609005900015,L2,0.51949812675...
Open K ===>> OK
GetIndicatorState K ===>> OK
change switch state (True, True)
update switch state K True args=() kw={} ncanvase=2
01:31:00 -- OPEN   VALVE-K (Microbone to Getter D-50)
---------------------------------------- open None (Microbone to Getter D-50) result=[(True, True)], time=0.41 sec
action=open, ok=True, locked=[False]
open () {'description': 'Microbone to CO2 Laser'}
opening name=--- desc=Microbone to CO2 Laser
checking ownership. requestor=129.138.12.150
check software interlocks T
interlocks []
actuate state mode=None-script, software_lock=False
doing actuation None-script open_channel False
Open T ===>> OK
GetIndicatorState T ===>> OK
change switch state (True, True)
update switch state T True args=() kw={} ncanvase=2
01:31:01 -- OPEN   VALVE-T (Microbone to CO2 Laser)
---------------------------------------- open None (Microbone to CO2 Laser) result=[(True, True)], time=0.41 sec
GetData ===>> H2,-0.245555892731735,H1,523.794241518405,AX,110.415458546207,L1,1.48268125595571,L2,0.5623358965...
action=open, ok=True, locked=[False]
open () {'description': 'Microbone to Inlet Pipette'}
opening name=--- desc=Microbone to Inlet Pipette
checking ownership. requestor=129.138.12.150
check software interlocks S
interlocks []
actuate state mode=None-script, software_lock=False
doing actuation None-script open_channel False
Open S ===>> OK
GetIndicatorState S ===>> OK
change switch state (True, True)
update switch state S True args=() kw={} ncanvase=2
01:31:02 -- OPEN   VALVE-S (Microbone to Inlet Pipette)
---------------------------------------- open None (Microbone to Inlet Pipette) result=[(True, True)], time=0.42 sec
action=open, ok=True, locked=[False]
sleep (1,) {}
SLEEP 1.0
Get Checksum: -860229079
GetData ===>> H2,-0.213002910720587,H1,523.222840936616,AX,110.488945717015,L1,1.43387066276262,L2,0.5240461603...
set_resource () {'name': 'CO2PumpTimeFlag', 'value': 30}
Set CO2PumpTimeFlag 30 ===>> OK
release ('JanCO2Flag',) {}
release JanCO2Flag
Set JanCO2Flag 0 ===>> OK
executed 6.0
PumpMicrobone.py completed successfully
gosub finished
get_resource_value () {'name': 'JanMiniboneFlag'}
Read JanMiniboneFlag ===>> 0
Get Resource Value JanMiniboneFlag=0.0
get resource value 0.0
get_resource_value () {'name': 'JanMiniboneFlag'}
Read JanMiniboneFlag ===>> 0
Get Resource Value JanMiniboneFlag=0.0
executed 4.0
jan_pump_extraction_line.py completed successfully
Post Equilibration Finished
01:31:03 -- ******* Post Equilibration Finished *******
GetData ===>> H2,-0.226946564261518,H1,523.170802092564,AX,110.478635015897,L1,1.43480758039027,L2,0.5172927509...
GetData ===>> H2,-0.197256107460309,H1,522.866040333677,AX,110.323875482516,L1,1.42981548051151,L2,0.4856117831...
Get Checksum: -860229079
GetData ===>> H2,-0.121706189258605,H1,522.879767775934,AX,110.330364676518,L1,1.40562758355651,L2,0.5755522607...
GetData ===>> H2,-0.0980055759511509,H1,522.662253197643,AX,110.458924785742,L1,1.41068764983353,L2,0.499514474...
GetData ===>> H2,-0.142978363651144,H1,522.313566347057,AX,110.263050443341,L1,1.39412782381464,L2,0.4950818448...
Get Checksum: -860229079
GetData ===>> H2,-0.0771631498125522,H1,522.234420910548,AX,110.227279134074,L1,1.38189577009985,L2,0.459068609...
GetData ===>> H2,-0.0743221476510044,H1,522.21650992536,AX,110.186692176152,L1,1.39492701937791,L2,0.4733215174...
GetData ===>> H2,-0.0545788094482278,H1,521.758627418112,AX,110.161672340661,L1,1.37438685290468,L2,0.426774605...
Get Checksum: -860229079
GetData ===>> H2,-0.100392551914004,H1,521.56290350819,AX,110.104906900542,L1,1.42013499503417,L2,0.49417934995...
GetData ===>> H2,-0.0567099515145039,H1,521.311669939881,AX,110.067771039114,L1,1.39196785528027,L2,0.615841392...
GetData ===>> H2,-0.171815421998226,H1,521.52570930287,AX,110.084585471823,L1,1.38130455892622,L2,0.63232886778...
Get Checksum: -860229079
GetData ===>> H2,-0.169755118308794,H1,521.177396054997,AX,110.104906900542,L1,1.37364227242501,L2,0.5506759106...
GetData ===>> H2,-0.0568428803223915,H1,520.420178616409,AX,110.044059668643,L1,1.37421768379622,L2,0.481305442...
GetData ===>> H2,-0.0758443949688516,H1,520.888617817132,AX,109.982938292975,L1,1.40886000481643,L2,0.549887198...
Get Checksum: -860229079
GetData ===>> H2,-0.144055281867087,H1,520.645964228019,AX,109.850496598764,L1,1.39311448295442,L2,0.5038901844...
GetData ===>> H2,-0.231575911854928,H1,520.250395915191,AX,109.794451744549,L1,1.39445750083188,L2,0.4754459302...
GetData ===>> H2,-0.181479871552889,H1,519.600295470488,AX,109.798135551814,L1,1.40571490547871,L2,0.4159540683...
Get Checksum: -860229079
GetData ===>> H2,-0.175879064573729,H1,519.835062618416,AX,109.642404643669,L1,1.41462892249804,L2,0.4674168105...
GetData ===>> H2,-0.163287081611652,H1,519.748669090255,AX,109.783128678358,L1,1.43799679465303,L2,0.4986576361...
01:31:23 -- collecting point 25
GetData ===>> H2,-0.114846789529207,H1,519.490270022106,AX,109.580890512575,L1,1.39341847519866,L2,0.5521276159...
Get Checksum: -860229079
GetData ===>> H2,-0.190408439792851,H1,519.370627267171,AX,109.783255695263,L1,1.37556854768714,L2,0.5369486654...
GetData ===>> H2,-0.168061529842318,H1,518.952507090242,AX,109.853635243244,L1,1.39247574240584,L2,0.4133490951...
Get Checksum: -860229079
GetData ===>> H2,-0.242712548543959,H1,518.503164116185,AX,109.826750223521,L1,1.4062401360896,L2,0.51873252422...
GetData ===>> H2,-0.102950920005673,H1,518.577220540551,AX,109.687605694051,L1,1.41863200897005,L2,0.4950704208...
GetData ===>> H2,-0.0936459862278687,H1,518.459151389041,AX,109.552461896053,L1,1.38256268502849,L2,0.416536769...
Get Checksum: -860229079
GetData ===>> H2,-0.187059029044661,H1,518.200129395935,AX,109.379381795502,L1,1.33389437151317,L2,0.4627801003...
GetData ===>> H2,-0.139094122839143,H1,517.930244175128,AX,109.215868339611,L1,1.35183701636854,L2,0.5542537752...
GetData ===>> H2,-0.161171210666438,H1,517.626805093228,AX,109.370757300324,L1,1.41601320322624,L2,0.4632026483...
Get Checksum: -860229079
GetData ===>> H2,-0.138174901168045,H1,517.662143029002,AX,109.313261092502,L1,1.41939632185035,L2,0.5577288896...
GetData ===>> H2,-0.122635339464464,H1,517.470398593267,AX,109.243688985453,L1,1.37035315066056,L2,0.5082660935...
GetData ===>> H2,-0.0791755487792542,H1,517.678914792229,AX,109.214709256565,L1,1.35605700013321,L2,0.476371092...
Get Checksum: -860229079
GetData ===>> H2,-0.109314310693498,H1,517.227858077008,AX,109.282474963612,L1,1.42428406710971,L2,0.5146189436...
GetData ===>> H2,-0.131113336212975,H1,516.642161532272,AX,109.277006550608,L1,1.40716866262622,L2,0.4952646297...
GetData ===>> H2,-0.0972757083958858,H1,516.392657213479,AX,109.281189325645,L1,1.38801202956538,L2,0.477341951...
Get Checksum: -860229079
GetData ===>> H2,-0.0719414487435151,H1,516.470039764412,AX,109.061364995997,L1,1.41723968580064,L2,0.502427784...
GetData ===>> H2,-0.074179807790564,H1,516.102161606497,AX,109.240899446161,L1,1.37568134096001,L2,0.6015215456...
GetData ===>> H2,-0.150178394459393,H1,516.079537100058,AX,109.194064571127,L1,1.33760190614379,L2,0.4896670026...
Get Checksum: -860229079
GetData ===>> H2,-0.175960059834858,H1,515.731581475866,AX,109.054178133629,L1,1.40006868884603,L2,0.4432535597...
GetData ===>> H2,-0.223567922287156,H1,515.672491648413,AX,109.034737293529,L1,1.38922875600122,L2,0.4389905967...
GetData ===>> H2,-0.146999057078634,H1,515.801648625266,AX,108.952150524864,L1,1.38336432016633,L2,0.5072377940...
Get Checksum: -860229079
GetData ===>> H2,-0.103120103936466,H1,515.571071741663,AX,109.017036346956,L1,1.36089358185104,L2,0.5174070178...
set states for children of B. state=False
handle state [('B', False)]
update switch state B False args=() kw={'refresh': False} ncanvase=2
refresh_canvas_needed fired
GetData ===>> H2,-0.0878766771756044,H1,515.485378281223,AX,108.754557008578,L1,1.34310287818792,L2,0.470968727...
GetData ===>> H2,-0.172751677168911,H1,515.147424026369,AX,108.728003016721,L1,1.41218696089401,L2,0.4579380609...
set states for children of C. state=False
handle state [('C', False)]
update switch state C False args=() kw={'refresh': False} ncanvase=2
refresh_canvas_needed fired
Get Checksum: -1019187554
GetData ===>> H2,-0.17026382013593,H1,514.480167452501,AX,108.736751401945,L1,1.41322941309189,L2,0.46775943352...
01:31:49 -- collecting point 50
GetData ===>> H2,-0.169049374762162,H1,514.669708355737,AX,108.830701806794,L1,1.41708684947013,L2,0.4717339492...
Get Checksum: -1019187554
GetData ===>> H2,-0.116413857858443,H1,514.607887632314,AX,108.690559302166,L1,1.37756952212183,L2,0.4632026483...
GetData ===>> H2,-0.15698016107979,H1,514.257026487455,AX,108.603613563826,L1,1.35313381923382,L2,0.41068706844...
GetData ===>> H2,-0.196500831440982,H1,514.051146056015,AX,108.810283078419,L1,1.34367003014529,L2,0.4138403785...
GetData ===>> H2,-0.0103541747361776,H1,513.952440677346,AX,108.674702901802,L1,1.3770400801224,L2,0.4658864429...
GetData ===>> H2,-0.13786532298544,H1,513.629711659902,AX,108.561116864876,L1,1.39001220059766,L2,0.53145146034...
Get Checksum: -1019187554
GetData ===>> H2,-0.165860161188249,H1,513.385586410218,AX,108.687919467144,L1,1.39476281384255,L2,0.5929100790...
GetData ===>> H2,-0.149519369726136,H1,513.173081571845,AX,108.475199669362,L1,1.40089014620608,L2,0.5696641227...
GetData ===>> H2,-0.0859527487704837,H1,512.739382510193,AX,108.41625988065,L1,1.3664360383508,L2,0.57196216859...
Get Checksum: -1019187554
GetData ===>> H2,-0.0152998893819137,H1,512.19819073551,AX,108.425759504567,L1,1.3147511610233,L2,0.46315696740...
GetData ===>> H2,-0.0863332792408371,H1,512.039464537989,AX,108.306012772891,L1,1.30488639279103,L2,0.516721418...
GetData ===>> H2,-0.0722410971393113,H1,512.359583855476,AX,108.373338396208,L1,1.30369023504728,L2,0.478255709...
Get Checksum: -1019187554
GetData ===>> H2,-0.127789592099544,H1,512.046595122196,AX,108.283334320646,L1,1.33175845077001,L2,0.4932311682...
GetData ===>> H2,-0.145336100375981,H1,512.030339296236,AX,108.310798071166,L1,1.34886379368007,L2,0.4910492434...
GetData ===>> H2,-0.184984702127787,H1,511.784641692132,AX,108.116866063769,L1,1.34819579570321,L2,0.4480948574...
Get Checksum: -1019187554
GetData ===>> H2,-0.255803750319681,H1,511.597138769091,AX,108.081139339511,L1,1.37175606167319,L2,0.4340194488...
GetData ===>> H2,-0.276143547201718,H1,511.535500722409,AX,108.204744369914,L1,1.36273092598879,L2,0.4140346075...
GetData ===>> H2,-0.166278602624143,H1,511.383338488784,AX,108.225335542931,L1,1.34389152199727,L2,0.4968297389...
Get Checksum: -1019187554
GetData ===>> H2,-0.119031922141283,H1,510.956500021544,AX,108.12244235863,L1,1.35894639107916,L2,0.51146531795...
GetData ===>> H2,-0.104637232830956,H1,511.028684983889,AX,108.00552754205,L1,1.37378580200162,L2,0.56320473657...
GetData ===>> H2,-0.12868310034711,H1,510.748799838854,AX,108.166583209704,L1,1.36224529334906,L2,0.48275609766...
Get Checksum: -1019187554
GetData ===>> H2,-0.149470751630277,H1,510.821385772909,AX,107.964627340451,L1,1.36585538813376,L2,0.4688786770...
GetData ===>> H2,-0.240195598317587,H1,510.438962364124,AX,107.877506915967,L1,1.33438428629446,L2,0.4968640117...
Get Checksum: -1019187554
GetData ===>> H2,-0.206405776503893,H1,509.672891722987,AX,107.964014022017,L1,1.36108575795629,L2,0.5198523628...
GetData ===>> H2,-0.119781375648933,H1,509.470325020212,AX,107.794112362538,L1,1.3445265759774,L2,0.45633932809...
01:32:16 -- collecting point 75
GetData ===>> H2,-0.113221302788873,H1,509.890024247224,AX,107.685195433947,L1,1.32998992304643,L2,0.4325452959...
Get Checksum: -1019187554
GetData ===>> H2,-0.126528287502753,H1,509.878639349714,AX,107.722584373511,L1,1.33780279947664,L2,0.4770221380...
GetData ===>> H2,-0.121925297032838,H1,509.262648794056,AX,107.678547477511,L1,1.30905016524174,L2,0.5194752728...
GetData ===>> H2,-0.139646971765153,H1,508.977679733768,AX,107.573215260543,L1,1.35695728998555,L2,0.5429033740...
Get Checksum: -1019187554
GetData ===>> H2,-0.10791575869384,H1,508.98346946059,AX,107.533319028826,L1,1.35630287550968,L2,0.414742975541...
GetData ===>> H2,-0.0765261547432905,H1,508.646142889852,AX,107.40072707617,L1,1.36120490886675,L2,0.4572300474...
GetData ===>> H2,-0.202001054451868,H1,508.766499104288,AX,107.552806526772,L1,1.35558831577653,L2,0.5843679934...
Get Checksum: -1019187554
GetData ===>> H2,-0.174047067036243,H1,508.479850158838,AX,107.440796721055,L1,1.33785910146705,L2,0.4101386772...
GetData ===>> H2,-0.247764944622802,H1,508.250760377794,AX,107.409891742163,L1,1.33689049245804,L2,0.4810427271...
GetData ===>> H2,-0.203536432307361,H1,508.093786016466,AX,107.472081248611,L1,1.3434728678301,L2,0.49975439116...
Get Checksum: -1019187554
GetData ===>> H2,-0.130505044410656,H1,507.71861176817,AX,107.408793393335,L1,1.40064241887292,L2,0.50638088627...
GetData ===>> H2,-0.118517827951885,H1,507.686928555351,AX,107.244994802471,L1,1.36044774651644,L2,0.5023820844...
GetData ===>> H2,-0.0853812520389728,H1,507.351695912971,AX,107.141800492853,L1,1.34206467081131,L2,0.493128353...
Get Checksum: -1019187554
GetData ===>> H2,-0.108772105868114,H1,507.053580036247,AX,107.312097986334,L1,1.34918373079113,L2,0.4325567234...
GetData ===>> H2,-0.177023743839033,H1,506.989021977537,AX,107.119446967976,L1,1.37372428909142,L2,0.4613868469...
GetData ===>> H2,-0.14017546474045,H1,506.914174303143,AX,107.07960368293,L1,1.36983046896389,L2,0.441070555798...
Get Checksum: -1019187554
GetData ===>> H2,-0.188479008975868,H1,507.007441317565,AX,106.970731383595,L1,1.30992900960476,L2,0.4990003707...
GetData ===>> H2,-0.160003059049665,H1,506.662139352311,AX,107.072107273308,L1,1.32319450550082,L2,0.4028499426...
GetData ===>> H2,-0.237422143724153,H1,506.294499550605,AX,107.079136270004,L1,1.37334368578115,L2,0.5500243650...
Get Checksum: -1019187554
GetData ===>> H2,-0.234818959614904,H1,506.161646936816,AX,106.762658673417,L1,1.36010953894056,L2,0.5139790691...
GetData ===>> H2,-0.180743152540876,H1,506.060847206662,AX,106.95604611556,L1,1.33981321934556,L2,0.44992182583...
GetData ===>> H2,-0.127666577134263,H1,505.765222583688,AX,106.995359828381,L1,1.34949087938045,L2,0.4988404277...
Get Checksum: -1019187554
GetData ===>> H2,-0.16657690143812,H1,505.673882499463,AX,107.153706939615,L1,1.32095644882111,L2,0.60064092195...
GetData ===>> H2,-0.141026948938778,H1,505.520145660848,AX,106.887725399195,L1,1.35581369149546,L2,0.4908321960...
Get Checksum: -1019187554
GetData ===>> H2,-0.1554994843756,H1,505.321194484194,AX,106.866222099793,L1,1.36277577443658,L2,0.519383857336...
01:32:42 -- collecting point 100
GetData ===>> H2,-0.0954894340318086,H1,505.170134289559,AX,106.728032437562,L1,1.34377501415321,L2,0.454215338...
GetData ===>> H2,-0.107791292119554,H1,504.841183919001,AX,106.821009662586,L1,1.35320423255546,L2,0.4655438267...
Get Checksum: -1019187554
GetData ===>> H2,-0.112961419889104,H1,504.74601237196,AX,106.650616065753,L1,1.35085139724636,L2,0.52570316083...
GetData ===>> H2,-0.0503587581573066,H1,504.357367055387,AX,106.726865197894,L1,1.31980307273543,L2,0.507203517...
GetData ===>> H2,-0.0754513141024986,H1,503.930286989235,AX,106.646557295094,L1,1.29700647675983,L2,0.458783116...
Get Checksum: -1019187554
GetData ===>> H2,-0.165891207373931,H1,503.9753190556,AX,106.633519683077,L1,1.29860166658564,L2,0.491974556286...
GetData ===>> H2,-0.0748210009123137,H1,503.757735834663,AX,106.662092562059,L1,1.32839115438535,L2,0.509877118...
GetData ===>> H2,-0.0437826360006279,H1,503.729961734178,AX,106.564740716202,L1,1.3379230813599,L2,0.5176698323...
Get Checksum: -1019187554
GetData ===>> H2,-0.0138227872880234,H1,503.340606483137,AX,106.455544404701,L1,1.31537357326788,L2,0.529314378...
GetData ===>> H2,-0.0504876896361866,H1,503.465310843615,AX,106.414235656663,L1,1.30958027349916,L2,0.526045992...
GetData ===>> H2,-0.174372447120649,H1,503.29406781464,AX,106.345640087251,L1,1.33431648996598,L2,0.41643393961...
set states for children of V. state=False
handle state [('V', False)]
update switch state V False args=() kw={'refresh': False} ncanvase=2
refresh_canvas_needed fired
Get Checksum: -1401191061
GetData ===>> H2,-0.227398948194278,H1,502.782376748181,AX,106.334198575764,L1,1.34248839067869,L2,0.4298941632...
GetData ===>> H2,-0.13542760659849,H1,502.650723673392,AX,106.257508496763,L1,1.37121409353651,L2,0.42379226571...
GetData ===>> H2,-0.127329968929809,H1,502.610467060229,AX,106.341533237763,L1,1.34701722052199,L2,0.4928199115...
Get Checksum: -1722284511
State checksums do not match. Local:-1401191061 Remote:-1722284511
State checksum failed
GetData ===>> H2,-0.0595716471326056,H1,502.587890187485,AX,106.217842371266,L1,1.31755421806181,L2,0.484092547...
set states for children of H. state=True
handle state [('H', True)]
update switch state H True args=() kw={'refresh': False} ncanvase=2
refresh_canvas_needed fired
GetData ===>> H2,-0.0972621668109451,H1,502.240410635831,AX,106.095212491838,L1,1.32763619197179,L2,0.492625707...
GetData ===>> H2,-0.13635245917318,H1,501.965190105874,AX,106.177541396833,L1,1.31434348140587,L2,0.57543792457...
Get Checksum: -1722284511
GetData ===>> H2,-0.182831747680711,H1,502.292505238988,AX,106.042464659485,L1,1.29796177409865,L2,0.3670426598...
GetData ===>> H2,-0.263593236484196,H1,501.830758902688,AX,106.036819963105,L1,1.33437916957549,L2,0.4285114895...
GetData ===>> H2,-0.19771329469654,H1,501.609298460674,AX,106.061353533665,L1,1.32826830942648,L2,0.47132278483...
Get Checksum: -1722284511
GetData ===>> H2,-0.210903076666956,H1,501.301042721077,AX,105.92984587129,L1,1.28227954125589,L2,0.56417647484...
measurement finished
estimated time: 125.829 actual time: :126.188
flush and close file /Users/jan/PychronDev/data/isotopes/e5/ce68c2-0d2f-4da5-abe3-f14376d4ea21.h5
baselines () {'settling_time': 15.0, 'detector': 'H1', 'mass': 34.2, 'ncounts': 60}
%%%%%%%%%%%%%%%%%%%%%%%%%%%%%%%% Baseline
build tables- baseline [Detector(H2), Detector(H1), Detector(AX), Detector(L1), Detector(L2), Detector(CDD)]
add group baseline table H2
add group baseline table H1
add group baseline table AX
add group baseline table L1
add group baseline table L2
add group baseline table CDD
flush and close file /Users/jan/PychronDev/data/isotopes/e5/ce68c2-0d2f-4da5-abe3-f14376d4ea21.h5
detector Detector(H1)
POSITION 34.2 H1
Mapping mass to dac mass func: "parabolic"
H1 map mass coeffs = [-0.00063987  0.15840543  0.57033999]
H1 map mass to dac 34.2 >> 5.23938599104
GetDeflection H1 ===>> 0
GetHighVoltage ===>> 4500
positioning 34.2 (5.23938599104) on H1
setting magnet DAC
current  : 5.878730
requested: 5.239386
Delta Dac: 0.639344
Checking detector protection. dv=0.63934
Checking detector "CDD". Protection Threshold: 0.1 (V)
ProtectDetector CDD,On ===>> OK
GetDeflection CDD ===>> 2000
SetMagnetDAC 5.23938599104 ===>> OK
Magnet settling time: 0.500
GetMagnetMoving ===>> True
GetMagnetMoving ===>> True
Get Checksum: -1722284511
GetMagnetMoving ===>> True
GetMagnetMoving ===>> True
GetMagnetMoving ===>> True
GetMagnetMoving ===>> True
GetMagnetMoving ===>> True
GetMagnetMoving ===>> True
GetMagnetMoving ===>> False
ProtectDetector CDD,Off ===>> OK
GetDeflection CDD ===>> 50
Delaying 15.0s for detectors to settle
Get Checksum: -1722284511
Get Checksum: -1722284511
Get Checksum: -1722284511
Get Checksum: -1722284511
set states for children of H. state=False
handle state [('H', False)]
update switch state H False args=() kw={'refresh': False} ncanvase=2
refresh_canvas_needed fired
Get Checksum: 287999353
State checksums do not match. Local:-1401191061 Remote:287999353
State checksum failed
set states for children of C. state=True
set states for children of B. state=True
handle state [('C', True), ('B', True)]
update switch state C True args=() kw={'refresh': True} ncanvase=2
update switch state B True args=() kw={'refresh': False} ncanvase=2
refresh_canvas_needed fired
Join finished
measuring baseline. ncounts=60
starting measurement
GetData ===>> H2,-0.284612187704805,H1,-0.0161764377324179,AX,-0.0533137783281003,L1,-0.0577551506628032,L2,0.0...
Get Checksum: -110011688
GetData ===>> H2,-0.296858565179615,H1,-0.0391803128489297,AX,-0.0493484033656572,L1,-0.067517542553453,L2,-0.0...
GetData ===>> H2,-0.312705805404709,H1,-0.0335043684550172,AX,-0.0562587183278841,L1,-0.0272999157691551,L2,-0....
GetData ===>> H2,-0.198098989915241,H1,-0.0917152132740238,AX,-0.03514361439552,L1,-0.027274755989073,L2,-0.016...
Get Checksum: -110011688
GetData ===>> H2,-0.156179052534599,H1,-0.0286986428802426,AX,-0.0661479630920853,L1,-0.0176015498560954,L2,0.0...
GetData ===>> H2,-0.246112905155569,H1,0.0967407649069997,AX,-0.178948917595518,L1,0.00418102829608863,L2,-0.06...
GetData ===>> H2,-0.286173095498698,H1,-0.0289848463988161,AX,-0.134883518342199,L1,-0.00250081988640485,L2,0.0...
Get Checksum: -110011688
GetData ===>> H2,-0.232574492979995,H1,-3.83716592942784E-05,AX,-0.192253879577688,L1,-0.0165809457464686,L2,0....
GetData ===>> H2,-0.221482867584477,H1,-0.0559677768108056,AX,-0.00648421542688482,L1,-0.0286177210154502,L2,-0...
GetData ===>> H2,-0.261307170990567,H1,-0.122038258472945,AX,0.00161292664475124,L1,-0.0740761064415962,L2,-0.0...
Get Checksum: -110011688
GetData ===>> H2,-0.272779891303536,H1,-0.0608914064853082,AX,0.0198049514389095,L1,-0.0517120992811913,L2,-0.0...
GetData ===>> H2,-0.12563325752774,H1,0.0356344340929795,AX,-0.0809741504684105,L1,0.0303141167175706,L2,0.0318...
GetData ===>> H2,-0.0903172706691561,H1,-0.102035371483944,AX,-0.131324588192684,L1,-0.00952476112650938,L2,0.0...
GetData ===>> H2,-0.079041399925014,H1,0.0064748442351938,AX,-0.105312483404332,L1,-0.0521021020542725,L2,0.061...
GetData ===>> H2,0.0148443132020765,H1,0.011008101752963,AX,-0.0391443565379187,L1,-0.000627661057249071,L2,-0....
Get Checksum: -110011688
GetData ===>> H2,-0.129000745179425,H1,-0.0598304026498518,AX,-0.242084947612443,L1,-0.00176527760415272,L2,-0....
GetData ===>> H2,-0.155968296191603,H1,-0.0115726427499794,AX,-0.139939126707275,L1,-0.0224309250562333,L2,-0.0...
GetData ===>> H2,-0.172098735042762,H1,-0.0373797855174328,AX,-0.139336178042041,L1,-0.0920615443965544,L2,-0.0...
Get Checksum: -110011688
GetData ===>> H2,-0.193205597739921,H1,0.00790637706276094,AX,-0.103458348481608,L1,-0.0419714761353998,L2,0.16...
GetData ===>> H2,-0.262465053820315,H1,-0.0172736840443165,AX,-0.0964007241994155,L1,-0.0417882552510605,L2,-0....
GetData ===>> H2,-0.233387288998922,H1,0.00925442252410771,AX,-0.0371382078475813,L1,-0.0247201116403572,L2,-0....
Get Checksum: -110011688
GetData ===>> H2,-0.17842473857577,H1,-0.0668995755331413,AX,-0.0671217616787881,L1,0.00473454702138795,L2,0.02...
GetData ===>> H2,-0.170371764535199,H1,0.0149092534862174,AX,-0.10054960312193,L1,0.00164675730100731,L2,-0.015...
Get Checksum: -110011688
GetData ===>> H2,-0.194547988016169,H1,-0.0261108489124194,AX,-0.0906174944283352,L1,0.0146976130596701,L2,-0.0...
01:33:47 -- collecting point 25
GetData ===>> H2,-0.140816111186737,H1,0.0307540255171325,AX,0.0267322729470566,L1,0.0129578980220153,L2,-0.080...
GetData ===>> H2,-0.202625205971742,H1,-0.0871029739277994,AX,-0.0145110896982894,L1,-0.0360408486867572,L2,0.0...
Get Checksum: -110011688
GetData ===>> H2,-0.242830979440001,H1,-0.0903327555762388,AX,-0.129864850272798,L1,0.0148477060697226,L2,-0.03...
GetData ===>> H2,-0.227062354730821,H1,-0.0251448810195896,AX,-0.0817043890467498,L1,0.0266732704693634,L2,-0.0...
GetData ===>> H2,-0.289095522186179,H1,-0.0316560397729536,AX,-0.0475047968240064,L1,0.0257965886791817,L2,-0.0...
Get Checksum: -110011688
GetData ===>> H2,-0.306280376087516,H1,-0.00711176894070391,AX,0.0195148733515898,L1,-0.030992928277359,L2,-0.0...
GetData ===>> H2,-0.268333328844782,H1,0.0126186505562178,AX,-0.189785413540752,L1,-0.0172369746094583,L2,-0.10...
GetData ===>> H2,-0.188406193825447,H1,0.0168777822548762,AX,-0.0713762197773195,L1,-0.0258908711421202,L2,0.01...
Get Checksum: -110011688
GetData ===>> H2,-0.187154778781339,H1,-0.0366524109853604,AX,-0.11875390488984,L1,-0.0374678250643245,L2,-0.03...
GetData ===>> H2,-0.287819739773283,H1,-0.0151745936382007,AX,-0.0106021310138013,L1,-0.0463761543350081,L2,-0....
GetData ===>> H2,-0.268677398670402,H1,-0.019718591803186,AX,-0.12695689437146,L1,-0.067976659142006,L2,-0.0020...
Get Checksum: -110011688
GetData ===>> H2,-0.212574624720651,H1,0.0180231258967158,AX,-0.0935381263768064,L1,-0.0349851631746364,L2,-0.0...
GetData ===>> H2,-0.155818332561379,H1,-0.000706369841041288,AX,-0.0806727805686372,L1,-0.0329556741288763,L2,-...
GetData ===>> H2,-0.178310020088684,H1,-0.0165700165973391,AX,-0.00193690623509238,L1,-0.0119692765582751,L2,-0...
Get Checksum: -110011688
GetData ===>> H2,-0.241494522364904,H1,-0.0328127397836163,AX,-0.0779372264800461,L1,0.00112581613520553,L2,-0....
GetData ===>> H2,-0.188489796365714,H1,-0.0606649009929459,AX,-0.109739087641555,L1,-0.0311306563185759,L2,-0.0...
GetData ===>> H2,-0.189440394724087,H1,-0.0244293432364316,AX,-0.148171321136409,L1,0.00135627526279069,L2,0.00...
Get Checksum: -110011688
GetData ===>> H2,-0.213470235739549,H1,-0.00136243514472485,AX,-0.111071664656585,L1,-0.0174924185195701,L2,-0....
GetData ===>> H2,-0.214662029103165,H1,-0.00772008162124287,AX,-0.0185706728934958,L1,-0.0273071042661945,L2,-0...
GetData ===>> H2,-0.142698645452957,H1,-0.0131708753663194,AX,0.0035967131699153,L1,0.00987301369148005,L2,-0.0...
Get Checksum: -110011688
GetData ===>> H2,-0.132586323284213,H1,0.0224375937649015,AX,-0.0487222767586916,L1,0.00878932716941346,L2,0.04...
GetData ===>> H2,-0.190977363583676,H1,0.0693503554334509,AX,-0.063249695349325,L1,-0.041333182393653,L2,-0.067...
GetData ===>> H2,-0.163183120156301,H1,0.126209121335008,AX,-0.0341694957594365,L1,-0.0122617634000898,L2,-0.07...
Get Checksum: -110011688
GetData ===>> H2,-0.162127249783028,H1,-0.058030246812568,AX,-0.102264730429019,L1,-0.010651781680407,L2,-0.089...
GetData ===>> H2,-0.235758058512614,H1,-0.00764851561541029,AX,-0.138165055531717,L1,0.0172963389257209,L2,-0.0...
Get Checksum: -110011688
01:34:14 -- collecting point 50
GetData ===>> H2,-0.218999965492172,H1,-0.0559320110601334,AX,-0.0601658436813607,L1,0.0233874760556099,L2,0.15...
GetData ===>> H2,-0.132786494096478,H1,0.0352764498285697,AX,-0.0547050996705988,L1,0.00918774543063181,L2,0.00...
GetData ===>> H2,-0.153087566712124,H1,-0.0199213375698946,AX,-0.0796875263051744,L1,-0.0528641189860714,L2,-0....
Get Checksum: -110011688
GetData ===>> H2,-0.182891107803059,H1,-0.0289132955958891,AX,-0.119298475062283,L1,-0.0308731632297279,L2,-0.0...
GetData ===>> H2,-0.269016082153745,H1,0.030145482694688,AX,-0.0208207689300964,L1,-0.016971929706566,L2,0.0213...
GetData ===>> H2,-0.263750554543139,H1,-0.103429583753889,AX,-0.0536963936803176,L1,-0.0458542547182111,L2,-0.0...
Get Checksum: -110011688
GetData ===>> H2,-0.320732102549197,H1,-0.0483136148180961,AX,-0.12897277742696,L1,-0.0376331543199798,L2,0.007...
GetData ===>> H2,-0.294857572999153,H1,0.0670823798047727,AX,-0.0809393770660753,L1,-0.0513376345161356,L2,0.04...
GetData ===>> H2,-0.190070037907458,H1,0.0638237468551186,AX,-0.0101729479442022,L1,-0.0652874197534576,L2,-0.0...
Get Checksum: -110011688
GetData ===>> H2,-0.258196266752549,H1,-0.00478583342402565,AX,0.12317482996151,L1,-0.034774252441682,L2,0.0142...
GetData ===>> H2,-0.182833096777861,H1,-0.0263970598310291,AX,-0.0668783129457019,L1,-0.037367188533799,L2,-0.0...
measurement finished
estimated time: 62.915 actual time: :63.090
flush and close file /Users/jan/PychronDev/data/isotopes/e5/ce68c2-0d2f-4da5-abe3-f14376d4ea21.h5
activate_detectors ('H1', 'AX', 'CDD') {'peak_center': True}
peak_center () {'detector': 'H1', 'integration_time': 0.262144, 'isotope': 'Ar40'}
peak center: mean=502.187066373 threshold=3
peak center started
setup peak center. detector=['H1', 'AX', 'CDD'], isotope=Ar40
VersionedUnpickler [<apptools.sweet_pickle.versioned_unpickler.VersionedUnpickler object at 0x14577d5f0>] using Updater [<apptools.sweet_pickle.updater.Updater object at 0x1356d5710>]
VersionedUnpickler [<apptools.sweet_pickle.versioned_unpickler.VersionedUnpickler object at 0x14577d5f0>] using Updater [<apptools.sweet_pickle.updater.Updater object at 0x1356d5710>]
VersionedUnpickler [<apptools.sweet_pickle.versioned_unpickler.VersionedUnpickler object at 0x11355abf0>] using Updater [<apptools.sweet_pickle.updater.Updater object at 0x1356d5710>]
setting integration time = 0.524288
SetIntegrationTime 0.524288 ===>> OK
Mapping mass to dac mass func: "parabolic"
H1 map mass coeffs = [-0.00063987  0.15840543  0.57033999]
H1 map mass to dac 39.9624 >> 5.87873
GetDeflection H1 ===>> 0
GetHighVoltage ===>> 4500
do peak center. <pychron.spectrometer.jobs.peak_center.PeakCenter object at 0x1356efa10>
doing pc
starting peak center. center dac= 5.87873 step_width=0.001
width = 0.001
get scan parameters. half-width=0.015,window=0.015, i=0, scalar=1
Scan parameters center=5.87873 width=0.03000 (5.86373 - 5.89373)
GetData ===>> H2,-0.261126955542822,H1,-0.0523434490897532,AX,-0.0918228452226036,L1,-0.0112979631389844,L2,-0....
Moving to starting dac 5.86373
setting magnet DAC
current  : 5.239386
requested: 5.863730
Delta Dac: 0.624344
Checking detector protection. dv=0.62434
Checking detector "CDD". Protection Threshold: 0.1 (V)
ProtectDetector CDD,On ===>> OK
GetDeflection CDD ===>> 2000
SetMagnetDAC 5.86373 ===>> OK
Magnet settling time: 0.500
Get Checksum: -110011688
GetMagnetMoving ===>> True
GetMagnetMoving ===>> True
GetMagnetMoving ===>> True
GetMagnetMoving ===>> True
GetMagnetMoving ===>> True
GetMagnetMoving ===>> True
GetMagnetMoving ===>> True
GetMagnetMoving ===>> True
GetMagnetMoving ===>> True
GetMagnetMoving ===>> False
ProtectDetector CDD,Off ===>> OK
GetDeflection CDD ===>> 50
Wait until signal near baseline. tol= -0.0392575868173. timeout= 10
GetData ===>> H2,23.0961648127388,H1,10.7028276186406,AX,0.559168153792348,L1,0.0127622420724261,L2,0.005807437...
GetData ===>> H2,32.2822106856592,H1,19.2123767055289,AX,2.72225799041254,L1,0.00742423965683577,L2,-0.12140078...
Get Checksum: -110011688
GetData ===>> H2,18.3195184570288,H1,9.0999816290658,AX,1.0593380320686,L1,0.00584688101073284,L2,-0.0935536041...
GetData ===>> H2,7.84828351389747,H1,4.50390123894466,AX,0.433484776559167,L1,-0.000946878672028929,L2,-0.13762...
GetData ===>> H2,2.72154535241883,H1,2.37456758647465,AX,0.317140918916219,L1,-0.00451518670196879,L2,-0.118461...
GetData ===>> H2,0.786586226475953,H1,1.33957279753905,AX,0.0883318913072177,L1,-0.0145582089310035,L2,-0.03258...
GetData ===>> H2,0.221067335259087,H1,0.78083030920586,AX,-0.0296350771195044,L1,-0.00702688181003697,L2,-0.019...
GetData ===>> H2,0.221067335259087,H1,0.78083030920586,AX,-0.0296350771195044,L1,-0.00702688181003697,L2,-0.019...
Get Checksum: -110011688
GetData ===>> H2,0.164132648935376,H1,0.53867642934653,AX,-0.0601310628420495,L1,-0.0138607010353313,L2,-0.0774...
GetData ===>> H2,0.19965450877608,H1,0.419044196618557,AX,-0.0611281086390303,L1,-0.0565083204133669,L2,-0.1046...
GetData ===>> H2,0.101421463613002,H1,0.353213265918284,AX,-0.0688027005947289,L1,-0.0844523507411031,L2,0.0327...
GetData ===>> H2,0.0960668885975718,H1,0.279808019621109,AX,-0.0476555332611759,L1,-0.059499715249456,L2,-0.038...
GetData ===>> H2,0.100388600875718,H1,0.290649407699761,AX,0.0152102161233722,L1,-0.0222946666588872,L2,-0.0647...
GetData ===>> H2,0.0848113177772943,H1,0.384856439182646,AX,0.00219297700192419,L1,-0.0278710963170734,L2,0.043...
Get Checksum: -110011688
GetData ===>> H2,0.0561676146997702,H1,0.38476082543395,AX,-0.0281506179550211,L1,-0.0190872384343755,L2,0.1040...
GetData ===>> H2,0.0835698691672511,H1,0.311857979662,AX,0.00258741321910384,L1,-0.0328271889133877,L2,-0.09933...
GetData ===>> H2,0.0521761095390418,H1,0.361433795006749,AX,-0.107351991006334,L1,-0.0266167290408334,L2,-0.149...
GetData ===>> H2,-0.00724944708751221,H1,0.375916947842758,AX,0.0408553244720065,L1,-0.0152221148345136,L2,-0.0...
GetData ===>> H2,-0.0318919034409645,H1,0.346666001037321,AX,-0.0486063269449422,L1,0.0133931093423669,L2,0.004...
GetData ===>> H2,-0.0414760439966732,H1,0.295592896748009,AX,-0.00931457612773616,L1,6.84124401989821E-05,L2,-0...
Get Checksum: -110011688
GetData ===>> H2,-0.126733782911656,H1,0.283724156692755,AX,-0.0427390860095379,L1,-0.0201748604264995,L2,-0.09...
Peak center failed to move to a baseline position
_do_sweep sm= 5.86373, em= 5.89373, stm= 0.001
calculated step values: start=5.86373, end=5.89373, width=0.001, nsteps=31.0
setting magnet DAC
current  : 5.863730
requested: 5.863730
Delta Dac: 0.000000
Checking detector protection. dv=0.00000
Checking detector "CDD". Protection Threshold: 0.1 (V)
SetMagnetDAC 5.86373 ===>> OK
GetData ===>> H2,-0.126733782911656,H1,0.283724156692755,AX,-0.0427390860095379,L1,-0.0201748604264995,L2,-0.09...
setting magnet DAC
current  : 5.863730
requested: 5.864764
Delta Dac: 0.001034
Checking detector protection. dv=0.00103
Checking detector "CDD". Protection Threshold: 0.1 (V)
SetMagnetDAC 5.86476448276 ===>> OK
Magnet settling time: 1.049
GetData ===>> H2,-0.102113394247018,H1,0.582963070293485,AX,0.00790085686587984,L1,-0.018315770062519,L2,-0.008...
setting magnet DAC
current  : 5.864764
requested: 5.865799
Delta Dac: 0.001034
Checking detector protection. dv=0.00103
Checking detector "CDD". Protection Threshold: 0.1 (V)
SetMagnetDAC 5.86579896552 ===>> OK
Magnet settling time: 1.049
GetData ===>> H2,0.015832514522861,H1,2.14747844461096,AX,0.288498781802991,L1,0.00847914616964573,L2,-0.162410...
setting magnet DAC
current  : 5.865799
requested: 5.866833
Delta Dac: 0.001034
Checking detector protection. dv=0.00103
Checking detector "CDD". Protection Threshold: 0.1 (V)
SetMagnetDAC 5.86683344828 ===>> OK
Magnet settling time: 1.049
Get Checksum: -110011688
GetData ===>> H2,-0.0595092773797204,H1,8.07355739985629,AX,0.928078111409418,L1,-0.0119309169976978,L2,0.09701...
setting magnet DAC
current  : 5.866833
requested: 5.867868
Delta Dac: 0.001034
Checking detector protection. dv=0.00103
Checking detector "CDD". Protection Threshold: 0.1 (V)
SetMagnetDAC 5.86786793103 ===>> OK
Magnet settling time: 1.049
GetData ===>> H2,-0.239472712662689,H1,27.2123006199199,AX,3.67170412966356,L1,-0.0231496485078524,L2,0.0207489...
setting magnet DAC
current  : 5.867868
requested: 5.868902
Delta Dac: 0.001034
Checking detector protection. dv=0.00103
Checking detector "CDD". Protection Threshold: 0.1 (V)
SetMagnetDAC 5.86890241379 ===>> OK
Magnet settling time: 1.049
Get Checksum: -110011688
GetData ===>> H2,-0.174048006490168,H1,110.036395655261,AX,16.0550286541092,L1,0.0495288867136042,L2,-0.0248199...
setting magnet DAC
current  : 5.868902
requested: 5.869937
Delta Dac: 0.001034
Checking detector protection. dv=0.00103
Checking detector "CDD". Protection Threshold: 0.1 (V)
SetMagnetDAC 5.86993689655 ===>> OK
Magnet settling time: 1.049
GetData ===>> H2,-0.200322549626852,H1,226.520003489265,AX,37.262618623996,L1,0.245782263907322,L2,0.0515049084...
setting magnet DAC
current  : 5.869937
requested: 5.870971
Delta Dac: 0.001034
Checking detector protection. dv=0.00103
Checking detector "CDD". Protection Threshold: 0.1 (V)
SetMagnetDAC 5.87097137931 ===>> OK
Magnet settling time: 1.049
GetData ===>> H2,-0.103076190694951,H1,344.198512673146,AX,62.3974236695883,L1,0.445273542888465,L2,0.000660435...
setting magnet DAC
current  : 5.870971
requested: 5.872006
Delta Dac: 0.001034
Checking detector protection. dv=0.00103
Checking detector "CDD". Protection Threshold: 0.1 (V)
SetMagnetDAC 5.87200586207 ===>> OK
Magnet settling time: 1.049
Get Checksum: -110011688
GetData ===>> H2,-0.221643279341571,H1,423.501441558567,AX,82.5947295813718,L1,0.697361476213629,L2,0.322836482...
setting magnet DAC
current  : 5.872006
requested: 5.873040
Delta Dac: 0.001034
Checking detector protection. dv=0.00103
Checking detector "CDD". Protection Threshold: 0.1 (V)
SetMagnetDAC 5.87304034483 ===>> OK
Magnet settling time: 1.049
GetData ===>> H2,-0.103887472673633,H1,461.596959929815,AX,94.248536752733,L1,0.922186529466216,L2,0.3815598462...
setting magnet DAC
current  : 5.873040
requested: 5.874075
Delta Dac: 0.001034
Checking detector protection. dv=0.00103
Checking detector "CDD". Protection Threshold: 0.1 (V)
SetMagnetDAC 5.87407482759 ===>> OK
Magnet settling time: 1.049
GetData ===>> H2,-0.122777342621454,H1,474.987330510278,AX,99.1312114023657,L1,1.04598612081822,L2,0.4036531601...
setting magnet DAC
current  : 5.874075
requested: 5.875109
Delta Dac: 0.001034
Checking detector protection. dv=0.00103
Checking detector "CDD". Protection Threshold: 0.1 (V)
SetMagnetDAC 5.87510931034 ===>> OK
Magnet settling time: 1.049
Get Checksum: -110011688
GetData ===>> H2,-0.185720424657602,H1,478.734287719144,AX,100.621644518166,L1,1.17140048348945,L2,0.4057532029...
setting magnet DAC
current  : 5.875109
requested: 5.876144
Delta Dac: 0.001034
Checking detector protection. dv=0.00103
Checking detector "CDD". Protection Threshold: 0.1 (V)
SetMagnetDAC 5.8761437931 ===>> OK
Magnet settling time: 1.049
GetData ===>> H2,-0.0820437875668789,H1,479.719876800273,AX,101.019673621771,L1,1.19759542479679,L2,0.424792646...
setting magnet DAC
current  : 5.876144
requested: 5.877178
Delta Dac: 0.001034
Checking detector protection. dv=0.00103
Checking detector "CDD". Protection Threshold: 0.1 (V)
SetMagnetDAC 5.87717827586 ===>> OK
Magnet settling time: 1.049
GetData ===>> H2,-0.0984615988418897,H1,479.64145452899,AX,100.942169719857,L1,1.24962510751199,L2,0.4162084484...
setting magnet DAC
current  : 5.877178
requested: 5.878213
Delta Dac: 0.001034
Checking detector protection. dv=0.00103
Checking detector "CDD". Protection Threshold: 0.1 (V)
SetMagnetDAC 5.87821275862 ===>> OK
Magnet settling time: 1.049
Get Checksum: -110011688
GetData ===>> H2,-0.223309203476604,H1,479.781541723713,AX,101.169797930152,L1,1.24005307417877,L2,0.4900439754...
setting magnet DAC
current  : 5.878213
requested: 5.879247
Delta Dac: 0.001034
Checking detector protection. dv=0.00103
Checking detector "CDD". Protection Threshold: 0.1 (V)
SetMagnetDAC 5.87924724138 ===>> OK
Magnet settling time: 1.049
GetData ===>> H2,-0.204035149366454,H1,479.561873541213,AX,101.20460924523,L1,1.26219966221128,L2,0.52651453013...
setting magnet DAC
current  : 5.879247
requested: 5.880282
Delta Dac: 0.001034
Checking detector protection. dv=0.00103
Checking detector "CDD". Protection Threshold: 0.1 (V)
SetMagnetDAC 5.88028172414 ===>> OK
Magnet settling time: 1.049
Get Checksum: -110011688
GetData ===>> H2,-0.134348008554,H1,479.614399802499,AX,101.090237497994,L1,1.29203596262006,L2,0.5226063072741...
setting magnet DAC
current  : 5.880282
requested: 5.881316
Delta Dac: 0.001034
Checking detector protection. dv=0.00103
Checking detector "CDD". Protection Threshold: 0.1 (V)
SetMagnetDAC 5.8813162069 ===>> OK
Magnet settling time: 1.049
GetData ===>> H2,-0.135901580254991,H1,479.404870024854,AX,100.840313907977,L1,1.27840155478037,L2,0.3520111540...
setting magnet DAC
current  : 5.881316
requested: 5.882351
Delta Dac: 0.001034
Checking detector protection. dv=0.00103
Checking detector "CDD". Protection Threshold: 0.1 (V)
SetMagnetDAC 5.88235068966 ===>> OK
Magnet settling time: 1.049
GetData ===>> H2,-0.0783394639588756,H1,478.49814828363,AX,100.771768884698,L1,1.24874623169114,L2,0.5658798986...
setting magnet DAC
current  : 5.882351
requested: 5.883385
Delta Dac: 0.001034
Checking detector protection. dv=0.00103
Checking detector "CDD". Protection Threshold: 0.1 (V)
SetMagnetDAC 5.88338517241 ===>> OK
Magnet settling time: 1.049
Get Checksum: -110011688
GetData ===>> H2,-0.244452550283634,H1,476.561292113646,AX,100.020108329992,L1,1.25025182829628,L2,0.2803791463...
setting magnet DAC
current  : 5.883385
requested: 5.884420
Delta Dac: 0.001034
Checking detector protection. dv=0.00103
Checking detector "CDD". Protection Threshold: 0.1 (V)
SetMagnetDAC 5.88441965517 ===>> OK
Magnet settling time: 1.049
GetData ===>> H2,-0.186730982757402,H1,469.099211785768,AX,97.1237505156334,L1,1.27107360128201,L2,0.3834996543...
setting magnet DAC
current  : 5.884420
requested: 5.885454
Delta Dac: 0.001034
Checking detector protection. dv=0.00103
Checking detector "CDD". Protection Threshold: 0.1 (V)
SetMagnetDAC 5.88545413793 ===>> OK
Magnet settling time: 1.049
GetData ===>> H2,-0.158511971538838,H1,428.487513544935,AX,82.5941346454196,L1,1.08825018223225,L2,0.2848474536...
setting magnet DAC
current  : 5.885454
requested: 5.886489
Delta Dac: 0.001034
Checking detector protection. dv=0.00103
Checking detector "CDD". Protection Threshold: 0.1 (V)
SetMagnetDAC 5.88648862069 ===>> OK
Magnet settling time: 1.049
Get Checksum: -110011688
GetData ===>> H2,-0.199721193328819,H1,344.952597456749,AX,58.7725754921159,L1,0.822531912524754,L2,0.180263107...
setting magnet DAC
current  : 5.886489
requested: 5.887523
Delta Dac: 0.001034
Checking detector protection. dv=0.00103
Checking detector "CDD". Protection Threshold: 0.1 (V)
SetMagnetDAC 5.88752310345 ===>> OK
Magnet settling time: 1.049
GetData ===>> H2,-0.0151638530231251,H1,255.250801606512,AX,39.0169006129788,L1,0.621160193230693,L2,0.13920219...
setting magnet DAC
current  : 5.887523
requested: 5.888558
Delta Dac: 0.001034
Checking detector protection. dv=0.00103
Checking detector "CDD". Protection Threshold: 0.1 (V)
SetMagnetDAC 5.88855758621 ===>> OK
Magnet settling time: 1.049
Get Checksum: -110011688
GetData ===>> H2,-0.170769800617783,H1,95.4890625649335,AX,11.1803356797762,L1,0.325659083673266,L2,0.015965605...
setting magnet DAC
current  : 5.888558
requested: 5.889592
Delta Dac: 0.001034
Checking detector protection. dv=0.00103
Checking detector "CDD". Protection Threshold: 0.1 (V)
SetMagnetDAC 5.88959206897 ===>> OK
Magnet settling time: 1.049
GetData ===>> H2,-0.240207713325372,H1,34.7039756115524,AX,3.35410232412976,L1,0.205093869244,L2,-0.06907006826...
setting magnet DAC
current  : 5.889592
requested: 5.890627
Delta Dac: 0.001034
Checking detector protection. dv=0.00103
Checking detector "CDD". Protection Threshold: 0.1 (V)
SetMagnetDAC 5.89062655172 ===>> OK
Magnet settling time: 1.049
GetData ===>> H2,-0.177918575235709,H1,10.2210601175971,AX,0.710388366017911,L1,0.0464274545478439,L2,-0.091346...
setting magnet DAC
current  : 5.890627
requested: 5.891661
Delta Dac: 0.001034
Checking detector protection. dv=0.00103
Checking detector "CDD". Protection Threshold: 0.1 (V)
SetMagnetDAC 5.89166103448 ===>> OK
Magnet settling time: 1.049
Get Checksum: -110011688
GetData ===>> H2,-0.309039364866182,H1,2.58012697580792,AX,0.0131681811481581,L1,0.00151111795117348,L2,0.09943...
setting magnet DAC
current  : 5.891661
requested: 5.892696
Delta Dac: 0.001034
Checking detector protection. dv=0.00103
Checking detector "CDD". Protection Threshold: 0.1 (V)
SetMagnetDAC 5.89269551724 ===>> OK
Magnet settling time: 1.049
GetData ===>> H2,-0.1716494782099,H1,0.423396201767168,AX,-0.173890642855967,L1,-0.000363638842779995,L2,0.1509...
setting magnet DAC
current  : 5.892696
requested: 5.893730
Delta Dac: 0.001034
Checking detector protection. dv=0.00103
Checking detector "CDD". Protection Threshold: 0.1 (V)
SetMagnetDAC 5.89373 ===>> OK
Magnet settling time: 1.049
GetData ===>> H2,-0.165495699603822,H1,0.0118193379114341,AX,-0.0491165050920518,L1,-0.0395282563136984,L2,0.01...
result of _do_sweep=True
result of _calculate_peak_center=([5.8711310089143804, 5.8787351827793515, 5.8863393566443225], [356.43563797213142, 479.77761142165673, 357.00573164183572], 5.8781837350563189, 479.77761142165673)
Failed to find a valid peak. No peak greater than 1.0. max = 0.0226275750874
new center pos Detector(H1) (Ar40) @ 5.87873518278
GetHighVoltage ===>> 4500
GetDeflection H1 ===>> 0
dac uncorrected for HV and deflection 5.87873518278
update mftable H1 Ar40 5.87873518278 message=automated run peakcenter
get initial guess parabolic
get initial guess parabolic
get initial guess parabolic
get initial guess parabolic
get initial guess parabolic
get initial guess parabolic
dump mftable to /Users/jan/PychronDev/setupfiles/spectrometer/mftables/mftable.csv
add to repo msg=modified - automated run peakcenter
Get Checksum: -110011688
locally archiving mftable
setting magnet DAC
current  : 5.893730
requested: 5.878735
Delta Dac: 0.014995
Checking detector protection. dv=0.01499
Checking detector "CDD". Protection Threshold: 0.1 (V)
SetMagnetDAC 5.87873518278 ===>> OK
Magnet settling time: 0.500
sweep finished
setting integration time = 1.048576
SetIntegrationTime 1.048576 ===>> OK
Failed to find a valid peak. No peak greater than 1.0. max = 0.0226275750874
flush and close file /Users/jan/PychronDev/data/isotopes/e5/ce68c2-0d2f-4da5-abe3-f14376d4ea21.h5
finished measure script
executed 226.132928
jan_unknown120_60.py completed successfully
Measurement Finished
01:35:13 -- ******* Measurement Finished *******
Post Measurement Started jan_pump_ms.py
01:35:13 -- ******* Post Measurement Started jan_pump_ms.py *******
testing...
no interpolation path defined
executed 0
Pumping spectrometer
open () {'name': 'O'}
opening name=O desc=---
checking ownership. requestor=129.138.12.150
check software interlocks O
interlocks []
actuate state mode=None-script, software_lock=False
doing actuation None-script open_channel True
Open O ===>> OK
GetIndicatorState O ===>> OK
change switch state (True, True)
update switch state O True args=() kw={} ncanvase=2
01:35:13 -- OPEN   VALVE-O (Jan Ion Pump)
---------------------------------------- open O () result=[(True, True)], time=0.09 sec
action=open, ok=True, locked=[False]
executed 0
jan_pump_ms.py completed successfully
setting _ms_pumptime
Post Measurement Finished
01:35:13 -- ******* Post Measurement Finished *******
$$$$$$$$$$$$$$$$$$$$ state at run end measurement
state changed from measurement to success
post measurement save measured=True aborted=False
Set filtering
setting fod for Ar40= {'filter_outliers': True, 'std_devs': 2, 'iterations': 1}
setting fod for H1= {'filter_outliers': True, 'std_devs': 2, 'iterations': 1}
setting fod for PM41= {'filter_outliers': False, 'std_devs': 2, 'iterations': 1}
setting fod for H2= {'filter_outliers': True, 'std_devs': 2, 'iterations': 1}
setting fod for Ar36= {'filter_outliers': True, 'std_devs': 2, 'iterations': 1}
setting fod for CDD= {'filter_outliers': True, 'std_devs': 10, 'iterations': 1}
setting fod for Ar37= {'filter_outliers': True, 'std_devs': 2, 'iterations': 1}
setting fod for L2= {'filter_outliers': True, 'std_devs': 2, 'iterations': 1}
setting fod for Ar38= {'filter_outliers': True, 'std_devs': 2, 'iterations': 1}
setting fod for L1= {'filter_outliers': True, 'std_devs': 2, 'iterations': 1}
setting fod for Ar39= {'filter_outliers': True, 'std_devs': 2, 'iterations': 1}
setting fod for AX= {'filter_outliers': True, 'std_devs': 2, 'iterations': 1}
persistence save...
persistence save - db
post measurement save
5351467344 connecting to database sqlite:////Users/jan/PychronDev/.appdata/local_lab.db
connected to db sqlite:////Users/jan/PychronDev/.appdata/local_lab.db
create new session 5351467344
close session 5351467344
No database instance. Not saving post measurement to isotopedb database
$$$$$$$$$$$$$$$ auto_save_detector_ic=False
massspec enabled True
create new session 4979649712
MassSpec Database Version: 16.0
close session 4979649712
saving post measurement to secondary database
saving to massspec database 129.138.12.160/massspecdata
setting labnumber to 65569
setting aliquot to 34
setting step to 
setting uuid to e5ce68c2-0d2f-4da5-abe3-f14376d4ea21
setting irradpos to 65569
setting extract_device to Fusions CO2
setting tray to 
setting position to 183
setting power_requested to 5.0
setting extract_value to 5.0
setting duration to 30.0
setting duration_at_request to 30.0
setting first_stage_delay to 30.0
setting cleanup to 30.0
setting comment to M:11 w/o inclusions
setting irradiation to NM-289
setting level to M
setting irradiation_level to M
setting sample to NM-2602 WO
setting material to Sanidine
setting project to JoyitaHills
setting mass_spectrometer to Jan
no attribute chron_dosages
no attribute production_ratios
no attribute interference_corrections
no attribute production_name
no attribute j
Reference Isotope=Ar40
Reference Detector=H1
%%%%%%%%%%%%%%%%%%%% Comment: M:11 w/o inclusions %%%%%%%%%%%%%%%%%%%
adding isotope PM41 H2
add baseline dbdet= PM41. original det= H2
get baseline data PM41 H2
Get data baseline <pychron.processing.isotope.Baseline object at 0x151f85c10> len t=60
baseline PM41. v=-0.21103831719, e=0.00752313285859
get signal data PM41 H2
Get data signal PM41 0.07+/-0.06 len t=120
adding isotope Ar40 H1
add baseline dbdet= Ar40. original det= H1
get baseline data Ar40 H1
Get data baseline <pychron.processing.isotope.Baseline object at 0x151f85e10> len t=60
baseline Ar40. v=-0.0183927182176, e=0.00524716810513
get signal data Ar40 H1
Get data signal Ar40 526.61+/-0.04 len t=120
adding isotope Ar39 AX
add baseline dbdet= Ar39. original det= AX
get baseline data Ar39 AX
Get data baseline <pychron.processing.isotope.Baseline object at 0x151f85fd0> len t=60
baseline Ar39. v=-0.0746111128616, e=0.0069645734475
get signal data Ar39 AX
Get data signal Ar39 111.255+/-0.017 len t=120
adding isotope Ar38 L1
add baseline dbdet= Ar38. original det= L1
get baseline data Ar38 L1
Get data baseline <pychron.processing.isotope.Baseline object at 0x151f941d0> len t=60
baseline Ar38. v=-0.020576848419, e=0.00343440633026
get signal data Ar38 L1
Get data signal Ar38 1.452+/-0.005 len t=120
adding isotope Ar37 L2
add baseline dbdet= Ar37. original det= L2
get baseline data Ar37 L2
Get data baseline <pychron.processing.isotope.Baseline object at 0x151f94390> len t=60
baseline Ar37. v=-0.0252084362006, e=0.00565523317223
get signal data Ar37 L2
Get data signal Ar37 0.530+/-0.010 len t=120
adding isotope Ar36 CDD
add baseline dbdet= Ar36. original det= CDD
get baseline data Ar36 CDD
Get data baseline <pychron.processing.isotope.Baseline object at 0x151f94550> len t=60
baseline Ar36. v=0.000124054510376, e=1.8100116728e-05
get signal data Ar36 CDD
Get data signal Ar36 0.01048+/-0.00027 len t=120
65569-34 added analysis time 0.528043031693s
analysis added to mass spec database
mass spec save time= 0.537
persistence save - dvc
================= post measurement started
create new session 4984345712
close session 4984345712
Get Checksum: 2035439760
---------------- Experiment Queue saving disabled
DVC saving peakcenter
Failed to find a valid peak. No peak greater than 1.0. max = 0.0226275750874
Smart pull ahead: 0 behind: 0
Up-to-date with origin
add to repo msg=modified - ad8224ebc6dbfeb9f5997218dfa5fe690569839d.json
add to repo msg=modified - 69-34.json
add to repo msg=modified - 69-34.dat.json
add to repo msg=modified - 69-34.blan.json
add to repo msg=modified - 69-34.inte.json
add to repo msg=modified - 69-34.icfa.json
add to repo msg=modified - 69-34.base.json
not at valid file /Users/jan/PychronDev/data/.dvc/repositories/Load1783/655/tags/69-34.tags.json
add to repo msg=modified - 69-34.peak.json
add to repo msg=modified - 69-34.extr.json
not at valid file /Users/jan/PychronDev/data/.dvc/repositories/Load1783/655/monitor/69-34.moni.json
commit message=<COLLECTION>
add to repo msg=modified - 69-34.inte.json
add to repo msg=modified - 69-34.base.json
commit message=<ISOEVO> default collection fits
Get Checksum: 2035439760
add to repo msg=modified - 69-34.blan.json
commit message=<BLANKS> preceding bc-02-J-262
add to repo msg=modified - 69-34.icfa.json
commit message=<ICFactor> default
push repository <pychron.git_archive.repo_manager.GitRepoManager object at 0x1441cc650>
pushing to remote=origin, url=https://github.com
Get Checksum: 2035439760
no changes to meta repo
Get Checksum: 2035439760
create new session 4984345712
add association Load1783
get identifier "65569"
setting analysis irradiation position=<pychron.dvc.dvc_orm.IrradiationPositionTbl object at 0x13a6824d0>
close session 4984345712
================= post measurement finished
01:35:26 -- ******* Post Run Check *******
loading queue conditionals post_run_actions
loading system conditionals post_run_actions
loading conditionals from /Users/jan/PychronDev/setupfiles/spectrometer/default_conditionals.yaml
loading queue conditionals post_run_terminations
loading system conditionals post_run_terminations
loading conditionals from /Users/jan/PychronDev/setupfiles/spectrometer/default_conditionals.yaml
Checking default post run terminations n=1
GetDeflection CDD ===>> 50
testing CDD==2000
evaluate ot="CDD.deflection==2000" t="CDD==2000", ctx="{'CDD': 50.0}"
01:35:26 -- ******* Post Run Check Passed *******
01:35:26 -- Automated run 65569-34 success duration: 369.064 s
----------------- finish -----------------
----------------- stop -----------------
retroactive repository identifiers disabled
finish run. runs completed=38
update duration runid=65569-34, duration=369.063928127, md5=301e91d8
loading script "jan_unknown120_60.py"
loading script "jan_pump_ms.py"
loading script "jan_co2.py"
loading script "jan_pump_extraction_line.py"
testing...
no interpolation path defined
executed 213.652928
script duration name:unknown120_60 seconds:214.0
loading script "jan_unknown120_60.py"
loading script "jan_pump_ms.py"
loading script "jan_co2.py"
loading script "jan_pump_extraction_line.py"
testing...
no interpolation path defined
executed 0
loading script "jan_unknown120_60.py"
loading script "jan_pump_ms.py"
loading script "jan_co2.py"
loading script "jan_pump_extraction_line.py"
testing...
no interpolation path defined
calculate duration
testing...
no interpolation path defined
executed 0
calculate duration
testing...
no interpolation path defined
executed 0
executed 0.0
script duration name:co2 seconds:0.0
loading script "jan_unknown120_60.py"
loading script "jan_pump_ms.py"
loading script "jan_co2.py"
loading script "jan_pump_extraction_line.py"
testing...
no interpolation path defined
calculate duration
testing...
no interpolation path defined
executed 4.0
executed 4.0
Script duration 214.0
Run total estimated duration= 215.000
unknown120_60 in script context. using previous estimated duration
script duration name:unknown120_60 seconds:214.0
pump_ms in script context. using previous estimated duration
co2 in script context. using previous estimated duration
script duration name:co2 seconds:0.0
pump_extraction_line in script context. using previous estimated duration
Script duration 214.0
Run total estimated duration= 215.000
script duration name:unknown120_60 seconds:214.0
script duration name:co2 seconds:0.0
Script duration 214.0
Run total estimated duration= 215.000
script duration name:unknown120_60 seconds:214.0
script duration name:co2 seconds:0.0
Script duration 214.0
Run total estimated duration= 215.000
script duration name:unknown120_60 seconds:214.0
script duration name:co2 seconds:0.0
Script duration 214.0
Run total estimated duration= 215.000
script duration name:unknown120_60 seconds:214.0
script duration name:co2 seconds:0.0
Script duration 214.0
Run total estimated duration= 215.000
script duration name:unknown120_60 seconds:214.0
script duration name:co2 seconds:0.0
Script duration 214.0
Run total estimated duration= 215.000
script duration name:unknown120_60 seconds:214.0
script duration name:co2 seconds:0.0
Script duration 214.0
Run total estimated duration= 215.000
script duration name:unknown120_60 seconds:214.0
script duration name:co2 seconds:0.0
Script duration 214.0
Run total estimated duration= 215.000
script duration name:unknown120_60 seconds:214.0
script duration name:co2 seconds:0.0
Script duration 214.0
Run total estimated duration= 215.000
script duration name:unknown120_60 seconds:214.0
script duration name:co2 seconds:0.0
Script duration 214.0
Run total estimated duration= 215.000
script duration name:unknown120_60 seconds:214.0
script duration name:co2 seconds:0.0
Script duration 214.0
Run total estimated duration= 215.000
script duration name:unknown120_60 seconds:214.0
script duration name:co2 seconds:0.0
Script duration 214.0
Run total estimated duration= 215.000
loading script "jan_unknown400_120.py"
loading script "jan_pump_ms.py"
loading script "jan_co2.py"
loading script "jan_pump_extraction_line.py"
testing...
no interpolation path defined
executed 556.052928
script duration name:unknown400_120 seconds:556.0
script duration name:co2 seconds:0.0
Script duration 556.0
Run total estimated duration= 557.000
script duration name:unknown120_60 seconds:214.0
script duration name:co2 seconds:0.0
Script duration 214.0
Run total estimated duration= 215.000
script duration name:unknown120_60 seconds:214.0
script duration name:co2 seconds:0.0
Script duration 214.0
Run total estimated duration= 215.000
script duration name:unknown120_60 seconds:214.0
script duration name:co2 seconds:0.0
Script duration 214.0
Run total estimated duration= 215.000
script duration name:unknown120_60 seconds:214.0
script duration name:co2 seconds:0.0
Script duration 214.0
Run total estimated duration= 215.000
script duration name:unknown120_60 seconds:214.0
script duration name:co2 seconds:0.0
Script duration 214.0
Run total estimated duration= 215.000
script duration name:unknown120_60 seconds:214.0
script duration name:co2 seconds:0.0
Script duration 214.0
Run total estimated duration= 215.000
script duration name:unknown120_60 seconds:214.0
script duration name:co2 seconds:0.0
Script duration 214.0
Run total estimated duration= 215.000
script duration name:unknown120_60 seconds:214.0
script duration name:co2 seconds:0.0
Script duration 214.0
Run total estimated duration= 215.000
script duration name:unknown120_60 seconds:214.0
script duration name:co2 seconds:0.0
Script duration 214.0
Run total estimated duration= 215.000
script duration name:unknown120_60 seconds:214.0
script duration name:co2 seconds:0.0
Script duration 214.0
Run total estimated duration= 215.000
script duration name:unknown120_60 seconds:214.0
script duration name:co2 seconds:0.0
Script duration 214.0
Run total estimated duration= 215.000
script duration name:unknown120_60 seconds:214.0
script duration name:co2 seconds:0.0
Script duration 214.0
Run total estimated duration= 215.000
script duration name:unknown120_60 seconds:214.0
script duration name:co2 seconds:0.0
Script duration 214.0
Run total estimated duration= 215.000
script duration name:unknown120_60 seconds:214.0
script duration name:co2 seconds:0.0
Script duration 214.0
Run total estimated duration= 215.000
script duration name:unknown120_60 seconds:214.0
script duration name:co2 seconds:0.0
Script duration 214.0
Run total estimated duration= 215.000
script duration name:unknown120_60 seconds:214.0
script duration name:co2 seconds:0.0
Script duration 214.0
Run total estimated duration= 215.000
script duration name:unknown120_60 seconds:214.0
script duration name:co2 seconds:0.0
Script duration 214.0
Run total estimated duration= 215.000
script duration name:unknown120_60 seconds:214.0
script duration name:co2 seconds:0.0
Script duration 214.0
Run total estimated duration= 215.000
script duration name:unknown120_60 seconds:214.0
script duration name:co2 seconds:0.0
Script duration 214.0
Run total estimated duration= 215.000
unknown400_120 in script context. using previous estimated duration
script duration name:unknown400_120 seconds:556.0
script duration name:co2 seconds:0.0
Script duration 556.0
Run total estimated duration= 557.000
script duration name:unknown400_120 seconds:556.0
loading script "jan_unknown400_120.py"
loading script "jan_pump_ms.py"
loading script "jan_cocktail_x1.py"
loading script "jan_pump_extraction_line.py"
testing...
no interpolation path defined
calculate duration
testing...
no interpolation path defined
executed 0
calculate duration
testing...
no interpolation path defined
executed 0
calculate duration
testing...
no interpolation path defined
executed 32.0
calculate duration
testing...
no interpolation path defined
executed 34.0
calculate duration
testing...
no interpolation path defined
executed 4.0
calculate duration
testing...
no interpolation path defined
executed 38.0
executed 108.0
script duration name:cocktail_x1 seconds:108.0
Script duration 664.0
Run total estimated duration= 665.000
script duration name:unknown120_60 seconds:214.0
cocktail_x1 in script context. using previous estimated duration
script duration name:cocktail_x1 seconds:108.0
Script duration 322.0
Run total estimated duration= 323.000
loading script "jan_ic_peak_hop3.py"
loading script "jan_pump_ms.py"
loading script "jan_air_x1.py"
loading script "jan_pump_extraction_line.py"
testing...
no interpolation path defined
executed 133.8
script duration name:ic_peak_hop3 seconds:134.0
loading script "jan_ic_peak_hop3.py"
loading script "jan_pump_ms.py"
loading script "jan_air_x1.py"
loading script "jan_pump_extraction_line.py"
testing...
no interpolation path defined
calculate duration
testing...
no interpolation path defined
executed 0
calculate duration
testing...
no interpolation path defined
executed 0
calculate duration
testing...
no interpolation path defined
executed 32.0
calculate duration
testing...
no interpolation path defined
executed 34.0
calculate duration
testing...
no interpolation path defined
executed 4.0
calculate duration
testing...
no interpolation path defined
executed 36.0
executed 106.0
script duration name:air_x1 seconds:106.0
Script duration 240.0
Run total estimated duration= 241.000
script duration name:unknown120_60 seconds:214.0
script duration name:co2 seconds:0.0
Script duration 214.0
Run total estimated duration= 215.000
script duration name:unknown120_60 seconds:214.0
script duration name:co2 seconds:0.0
Script duration 214.0
Run total estimated duration= 215.000
script duration name:unknown120_60 seconds:214.0
script duration name:co2 seconds:0.0
Script duration 214.0
Run total estimated duration= 215.000
script duration name:unknown400_120 seconds:556.0
loading script "jan_unknown400_120.py"
loading script "jan_pump_ms.py"
loading script "jan_sniffair_x2.py"
loading script "jan_pump_extraction_line.py"
testing...
no interpolation path defined
calculate duration
testing...
no interpolation path defined
executed 0
calculate duration
testing...
no interpolation path defined
executed 0
calculate duration
testing...
no interpolation path defined
executed 32.0
calculate duration
testing...
no interpolation path defined
executed 34.0
calculate duration
testing...
no interpolation path defined
executed 4.0
calculate duration
testing...
no interpolation path defined
executed 36.0
calculate duration
testing...
no interpolation path defined
executed 34.0
calculate duration
testing...
no interpolation path defined
executed 4.0
calculate duration
testing...
no interpolation path defined
executed 36.0
calculate duration
testing...
no interpolation path defined
executed 70.0
executed 250.0
script duration name:sniffair_x2 seconds:250.0
Script duration 806.0
Run total estimated duration= 807.000
script duration name:unknown400_120 seconds:556.0
sniffair_x2 in script context. using previous estimated duration
script duration name:sniffair_x2 seconds:250.0
Script duration 806.0
Run total estimated duration= 807.000
script duration name:unknown120_60 seconds:214.0
script duration name:co2 seconds:0.0
Script duration 214.0
Run total estimated duration= 215.000
script duration name:unknown120_60 seconds:214.0
script duration name:co2 seconds:0.0
Script duration 214.0
Run total estimated duration= 215.000
script duration name:unknown120_60 seconds:214.0
script duration name:co2 seconds:0.0
Script duration 214.0
Run total estimated duration= 215.000
script duration name:unknown120_60 seconds:214.0
script duration name:co2 seconds:0.0
Script duration 214.0
Run total estimated duration= 215.000
script duration name:unknown120_60 seconds:214.0
script duration name:co2 seconds:0.0
Script duration 214.0
Run total estimated duration= 215.000
script duration name:unknown120_60 seconds:214.0
script duration name:co2 seconds:0.0
Script duration 214.0
Run total estimated duration= 215.000
script duration name:unknown120_60 seconds:214.0
script duration name:co2 seconds:0.0
Script duration 214.0
Run total estimated duration= 215.000
script duration name:unknown120_60 seconds:214.0
script duration name:co2 seconds:0.0
Script duration 214.0
Run total estimated duration= 215.000
script duration name:unknown120_60 seconds:214.0
script duration name:co2 seconds:0.0
Script duration 214.0
Run total estimated duration= 215.000
script duration name:unknown120_60 seconds:214.0
script duration name:co2 seconds:0.0
Script duration 214.0
Run total estimated duration= 215.000
script duration name:unknown120_60 seconds:214.0
script duration name:co2 seconds:0.0
Script duration 214.0
Run total estimated duration= 215.000
script duration name:unknown120_60 seconds:214.0
script duration name:co2 seconds:0.0
Script duration 214.0
Run total estimated duration= 215.000
script duration name:unknown120_60 seconds:214.0
script duration name:co2 seconds:0.0
Script duration 214.0
Run total estimated duration= 215.000
script duration name:unknown120_60 seconds:214.0
script duration name:co2 seconds:0.0
Script duration 214.0
Run total estimated duration= 215.000
script duration name:unknown120_60 seconds:214.0
script duration name:co2 seconds:0.0
Script duration 214.0
Run total estimated duration= 215.000
script duration name:unknown120_60 seconds:214.0
script duration name:co2 seconds:0.0
Script duration 214.0
Run total estimated duration= 215.000
script duration name:unknown120_60 seconds:214.0
script duration name:co2 seconds:0.0
Script duration 214.0
Run total estimated duration= 215.000
script duration name:unknown120_60 seconds:214.0
script duration name:co2 seconds:0.0
Script duration 214.0
Run total estimated duration= 215.000
script duration name:unknown400_120 seconds:556.0
script duration name:co2 seconds:0.0
Script duration 556.0
Run total estimated duration= 557.000
script duration name:unknown400_120 seconds:556.0
script duration name:cocktail_x1 seconds:108.0
Script duration 664.0
Run total estimated duration= 665.000
script duration name:unknown120_60 seconds:214.0
script duration name:cocktail_x1 seconds:108.0
Script duration 322.0
Run total estimated duration= 323.000
script duration name:unknown400_120 seconds:556.0
script duration name:sniffair_x2 seconds:250.0
Script duration 806.0
Run total estimated duration= 807.000
script duration name:unknown400_120 seconds:556.0
script duration name:sniffair_x2 seconds:250.0
Script duration 806.0
Run total estimated duration= 807.000
ic_peak_hop3 in script context. using previous estimated duration
script duration name:ic_peak_hop3 seconds:134.0
air_x1 in script context. using previous estimated duration
script duration name:air_x1 seconds:106.0
Script duration 240.0
Run total estimated duration= 241.000
script duration name:unknown120_60 seconds:214.0
script duration name:co2 seconds:0.0
Script duration 214.0
Run total estimated duration= 215.000
script duration name:unknown120_60 seconds:214.0
script duration name:co2 seconds:0.0
Script duration 214.0
Run total estimated duration= 215.000
script duration name:unknown120_60 seconds:214.0
script duration name:co2 seconds:0.0
Script duration 214.0
Run total estimated duration= 215.000
script duration name:unknown120_60 seconds:214.0
script duration name:co2 seconds:0.0
Script duration 214.0
Run total estimated duration= 215.000
script duration name:unknown120_60 seconds:214.0
script duration name:co2 seconds:0.0
Script duration 214.0
Run total estimated duration= 215.000
script duration name:unknown120_60 seconds:214.0
script duration name:co2 seconds:0.0
Script duration 214.0
Run total estimated duration= 215.000
script duration name:unknown120_60 seconds:214.0
script duration name:co2 seconds:0.0
Script duration 214.0
Run total estimated duration= 215.000
script duration name:unknown120_60 seconds:214.0
script duration name:co2 seconds:0.0
Script duration 214.0
Run total estimated duration= 215.000
script duration name:unknown120_60 seconds:214.0
script duration name:co2 seconds:0.0
Script duration 214.0
Run total estimated duration= 215.000
script duration name:unknown120_60 seconds:214.0
script duration name:co2 seconds:0.0
Script duration 214.0
Run total estimated duration= 215.000
script duration name:unknown120_60 seconds:214.0
script duration name:co2 seconds:0.0
Script duration 214.0
Run total estimated duration= 215.000
script duration name:unknown120_60 seconds:214.0
script duration name:co2 seconds:0.0
Script duration 214.0
Run total estimated duration= 215.000
script duration name:unknown120_60 seconds:214.0
script duration name:co2 seconds:0.0
Script duration 214.0
Run total estimated duration= 215.000
script duration name:unknown120_60 seconds:214.0
script duration name:co2 seconds:0.0
Script duration 214.0
Run total estimated duration= 215.000
script duration name:unknown120_60 seconds:214.0
script duration name:co2 seconds:0.0
Script duration 214.0
Run total estimated duration= 215.000
script duration name:unknown400_120 seconds:556.0
script duration name:co2 seconds:0.0
Script duration 556.0
Run total estimated duration= 557.000
script duration name:unknown400_120 seconds:556.0
script duration name:cocktail_x1 seconds:108.0
Script duration 664.0
Run total estimated duration= 665.000
script duration name:unknown120_60 seconds:214.0
script duration name:cocktail_x1 seconds:108.0
Script duration 322.0
Run total estimated duration= 323.000
script duration name:ic_peak_hop3 seconds:134.0
script duration name:air_x1 seconds:106.0
Script duration 240.0
Run total estimated duration= 241.000
script duration name:unknown120_60 seconds:214.0
script duration name:co2 seconds:0.0
Script duration 214.0
Run total estimated duration= 215.000
script duration name:unknown120_60 seconds:214.0
script duration name:co2 seconds:0.0
Script duration 214.0
Run total estimated duration= 215.000
script duration name:unknown120_60 seconds:214.0
script duration name:co2 seconds:0.0
Script duration 214.0
Run total estimated duration= 215.000
script duration name:unknown120_60 seconds:214.0
script duration name:co2 seconds:0.0
Script duration 214.0
Run total estimated duration= 215.000
script duration name:unknown120_60 seconds:214.0
script duration name:co2 seconds:0.0
Script duration 214.0
Run total estimated duration= 215.000
script duration name:unknown120_60 seconds:214.0
script duration name:co2 seconds:0.0
Script duration 214.0
Run total estimated duration= 215.000
script duration name:unknown120_60 seconds:214.0
script duration name:co2 seconds:0.0
Script duration 214.0
Run total estimated duration= 215.000
script duration name:unknown120_60 seconds:214.0
script duration name:co2 seconds:0.0
Script duration 214.0
Run total estimated duration= 215.000
script duration name:unknown120_60 seconds:214.0
script duration name:co2 seconds:0.0
Script duration 214.0
Run total estimated duration= 215.000
script duration name:unknown120_60 seconds:214.0
script duration name:co2 seconds:0.0
Script duration 214.0
Run total estimated duration= 215.000
script duration name:unknown400_120 seconds:556.0
script duration name:sniffair_x2 seconds:250.0
Script duration 806.0
Run total estimated duration= 807.000
script duration name:unknown400_120 seconds:556.0
script duration name:sniffair_x2 seconds:250.0
Script duration 806.0
Run total estimated duration= 807.000
script duration name:unknown400_120 seconds:556.0
script duration name:co2 seconds:0.0
Script duration 556.0
Run total estimated duration= 557.000
nruns=98 before=5.0, run_dur=28084.0, btw=4365.0
write rem/ex queues
/Users/jan/PychronDev/experiments/rem/CurrentExperiment.rem.txt
/Users/jan/PychronDev/experiments/rem/CurrentExperiment.ex.txt
doing event level: 3
