do run
loading script "jan_unknown120_60.py"
loading script "jan_pump_ms.py"
loading script "jan_co2.py"
loading script "jan_pump_extraction_line.py"
testing...
no interpolation path defined
executed 213.652928
script duration name:unknown120_60 seconds:214.0
loading script "jan_unknown120_60.py"
loading script "jan_pump_ms.py"
loading script "jan_co2.py"
loading script "jan_pump_extraction_line.py"
testing...
no interpolation path defined
executed 0
loading script "jan_unknown120_60.py"
loading script "jan_pump_ms.py"
loading script "jan_co2.py"
loading script "jan_pump_extraction_line.py"
testing...
no interpolation path defined
calculate duration
testing...
no interpolation path defined
executed 0
calculate duration
testing...
no interpolation path defined
executed 0
executed 0.0
script duration name:co2 seconds:0.0
loading script "jan_unknown120_60.py"
loading script "jan_pump_ms.py"
loading script "jan_co2.py"
loading script "jan_pump_extraction_line.py"
testing...
no interpolation path defined
calculate duration
testing...
no interpolation path defined
executed 4.0
executed 4.0
Script duration 214.0
Run total estimated duration= 215.000
run duration: 0:03:35
doing event level: 2
00:10:33 -- Setting default integration. t=1.048576
setting integration time = 1.048576
SetIntegrationTime 1.048576 ===>> OK
----------------- start -----------------
**************** Experiment Type: Ar/Ar, Ar/Ar
create new session 5004766384
close session 5004766384
$$$$$ Clearing conditionals
adding conditionals 
Add queue conditionals
add default conditionals
adding default conditionals from /Users/jan/PychronDev/setupfiles/spectrometer/default_conditionals.yaml
Start automated run 65569-31
loading script "jan_unknown120_60.py"
loading script "jan_pump_ms.py"
loading script "jan_co2.py"
loading script "jan_pump_extraction_line.py"
%%%%%%%%%%%%%%%%%% setting automated run 65569-31
No value "sensitivity_multiplier" in metadata
$$$$$$$$$$$$$$$ auto_save_detector_ic=False
============================= Pre Extraction Check =============================
loading queue conditionals pre_run_terminations
loading system conditionals pre_run_terminations
loading conditionals from /Users/jan/PychronDev/setupfiles/spectrometer/default_conditionals.yaml
00:10:33 -- ******* Pre Extraction Check *******
Get a measurement from the spectrometer
GetData ===>> H2,-0.245323123360146,H1,0.0245733116017945,AX,-0.0582412852190975,L1,-0.0191256671186071,L2,0.00...
Pre Extraction Termination data. keys=H2,H1,AX,L1,L2,CDD, signals=-0.24532,0.02457,-0.05824,-0.01913,0.00715,0.00372
00:10:33 -- testing system defined conditionals
Checking default pre extraction terminations n=2
testing CDD
evaluate ot="CDD.inactive" t="CDD", ctx="{'CDD': False}"
GetDeflection CDD ===>> 50
testing CDD==2000
evaluate ot="CDD.deflection==2000" t="CDD==2000", ctx="{'CDD': 50.0}"
00:10:33 -- ******* Pre Extraction Check Passed *******
=================================================================================
00:10:33 -- stopping status monitor
stop 4976489392
Alive clients [4984697584]
00:10:33 -- starting status monitor
start 4976489392
Monitor already running
start extraction
do extraction
Analysis started at 00:10:33.749128
Extraction Started jan_co2.py
00:10:33 -- ******* Extraction Started jan_co2.py *******
state changed from not run to extraction
DO EXTRACTION <pychron.extraction_line.pyscript_runner.RemotePyScriptRunner object at 0x12988f3b0>
testing...
no interpolation path defined
calculate duration
testing...
no interpolation path defined
executed 0
calculate duration
testing...
no interpolation path defined
executed 0
executed 100.0
Jan CO2 laser analysis
doing GOSUB
testing...
no interpolation path defined
executed 0
Waiting for CO2 access
wait ('FelixCO2Flag', 0) {}
waiting for FelixCO2Flag = 0
Read FelixCO2Flag ===>> 0
finished waiting
CO2 free
wait ('CO2PumpTimeFlag', 0) {}
waiting for CO2PumpTimeFlag = 0
Read CO2PumpTimeFlag ===>> 0
finished waiting
acquire ('JanCO2Flag',) {'clear': True}
acquire JanCO2Flag
Set JanCO2Flag 1 ===>> OK
JanCO2Flag acquired
set extraction state False (0.75, 'red', 1.5)
CO2 acquired
executed 0
WaitForCO2Access.py completed successfully
gosub finished
doing GOSUB
testing...
no interpolation path defined
executed 0
Prepare for CO2 analysis
close () {'description': 'Jan Inlet'}
closing name=--- desc=Jan Inlet
checking ownership. requestor=129.138.12.150
check software interlocks R
interlocks []
actuate state mode=None-script, software_lock=False
doing actuation None-script close_channel False
Close R ===>> OK
GetIndicatorState R ===>> False
change switch state (True, True)
update switch state R False args=() kw={} ncanvase=2
00:10:34 -- CLOSE  VALVE-R (Jan Inlet)
---------------------------------------- close None (Jan Inlet) result=[(True, True)]
action=close, ok=True, locked=[False]
open () {'description': 'Jan Ion Pump'}
opening name=--- desc=Jan Ion Pump
checking ownership. requestor=129.138.12.150
check software interlocks O
interlocks []
actuate state mode=None-script, software_lock=False
doing actuation None-script open_channel False
Open O ===>> OK
GetIndicatorState O ===>> OK
change switch state (True, True)
update switch state O True args=() kw={} ncanvase=2
00:10:34 -- OPEN   VALVE-O (Jan Ion Pump)
---------------------------------------- open None (Jan Ion Pump) result=[(True, True)], time=0.09 sec
action=open, ok=True, locked=[False]
close () {'description': 'Microbone to Minibone'}
closing name=--- desc=Microbone to Minibone
checking ownership. requestor=129.138.12.150
check software interlocks L
interlocks []
actuate state mode=None-script, software_lock=False
doing actuation None-script close_channel False
Close L ===>> OK
GetIndicatorState L ===>> False
change switch state (True, True)
update switch state L False args=() kw={} ncanvase=2
00:10:35 -- CLOSE  VALVE-L (Microbone to Minibone)
---------------------------------------- close None (Microbone to Minibone) result=[(True, True)]
action=close, ok=True, locked=[False]
open () {'description': 'Microbone to Turbo'}
opening name=--- desc=Microbone to Turbo
checking ownership. requestor=129.138.12.150
check software interlocks U
interlocks []
actuate state mode=None-script, software_lock=False
doing actuation None-script open_channel False
Open U ===>> OK
GetIndicatorState U ===>> OK
change switch state (True, True)
update switch state U True args=() kw={} ncanvase=2
00:10:35 -- OPEN   VALVE-U (Microbone to Turbo)
---------------------------------------- open None (Microbone to Turbo) result=[(True, True)], time=0.15 sec
action=open, ok=True, locked=[False]
open () {'description': 'Microbone to Inlet Pipette'}
opening name=--- desc=Microbone to Inlet Pipette
checking ownership. requestor=129.138.12.150
check software interlocks S
interlocks []
actuate state mode=None-script, software_lock=False
doing actuation None-script open_channel False
Open S ===>> OK
Get Checksum: 2035439760
GetIndicatorState S ===>> OK
change switch state (True, True)
update switch state S True args=() kw={} ncanvase=2
00:10:36 -- OPEN   VALVE-S (Microbone to Inlet Pipette)
---------------------------------------- open None (Microbone to Inlet Pipette) result=[(True, True)], time=0.42 sec
action=open, ok=True, locked=[False]
open () {'description': 'Microbone to Getter D-50'}
opening name=--- desc=Microbone to Getter D-50
checking ownership. requestor=129.138.12.150
check software interlocks K
interlocks []
actuate state mode=None-script, software_lock=False
doing actuation None-script open_channel False
Open K ===>> OK
GetIndicatorState K ===>> OK
change switch state (True, True)
update switch state K True args=() kw={} ncanvase=2
00:10:36 -- OPEN   VALVE-K (Microbone to Getter D-50)
---------------------------------------- open None (Microbone to Getter D-50) result=[(True, True)], time=0.42 sec
action=open, ok=True, locked=[False]
open () {'description': 'Microbone to Getter NP-10'}
opening name=--- desc=Microbone to Getter NP-10
checking ownership. requestor=129.138.12.150
check software interlocks M
interlocks []
actuate state mode=None-script, software_lock=False
doing actuation None-script open_channel False
Open M ===>> OK
GetIndicatorState M ===>> OK
change switch state (True, True)
update switch state M True args=() kw={} ncanvase=2
00:10:37 -- OPEN   VALVE-M (Microbone to Getter NP-10)
---------------------------------------- open None (Microbone to Getter NP-10) result=[(True, True)], time=0.15 sec
action=open, ok=True, locked=[False]
close () {'description': 'CO2 Laser to Felix'}
closing name=--- desc=CO2 Laser to Felix
checking ownership. requestor=129.138.12.150
check software interlocks F
interlocks []
actuate state mode=None-script, software_lock=True
VALVE-F(CO2 Laser to Felix) software locked
change switch state (True, False)
---------------------------------------- close None (CO2 Laser to Felix) result=[(True, False)]
action=close, ok=True, locked=[True]
open () {'description': 'CO2 Laser to Jan'}
opening name=--- desc=CO2 Laser to Jan
checking ownership. requestor=129.138.12.150
check software interlocks A
interlocks []
actuate state mode=None-script, software_lock=False
doing actuation None-script open_channel False
Open A ===>> OK
GetIndicatorState A ===>> OK
change switch state (True, True)
update switch state A True args=() kw={} ncanvase=2
00:10:37 -- OPEN   VALVE-A (CO2 Laser to Jan)
---------------------------------------- open None (CO2 Laser to Jan) result=[(True, True)], time=0.12 sec
action=open, ok=True, locked=[False]
open () {'description': 'Microbone to CO2 Laser'}
opening name=--- desc=Microbone to CO2 Laser
checking ownership. requestor=129.138.12.150
check software interlocks T
interlocks []
actuate state mode=None-script, software_lock=False
doing actuation None-script open_channel False
Open T ===>> OK
GetIndicatorState T ===>> OK
change switch state (True, True)
update switch state T True args=() kw={} ncanvase=2
00:10:38 -- OPEN   VALVE-T (Microbone to CO2 Laser)
---------------------------------------- open None (Microbone to CO2 Laser) result=[(True, True)], time=0.43 sec
action=open, ok=True, locked=[False]
executed 0
PrepareForCO2Analysis.py completed successfully
gosub finished
set_motor ('beam', '1.25') {}
setting motor "beam" to 1.25
set motor beam to 1.25
SetMotor beam,1.25 ===>> OK
Get Checksum: 2035439760
GetMotorMoving beam ===>> False
GetMotorMoving beam ===>> False
Block completed
move_to_position ('180',) {'autocenter': True}
FusionsCO2 move to position 180
sending GoToHole 180,True
GoToHole 180,True ===>> OK
GetDriveMoving ===>> OK
GetDriveMoving ===>> OK
GetDriveMoving ===>> OK
GetDriveMoving ===>> OK
GetDriveMoving ===>> OK
GetDriveMoving ===>> OK
GetDriveMoving ===>> False
GetDriveMoving ===>> OK
Get Checksum: 2035439760
GetDriveMoving ===>> OK
GetDriveMoving ===>> OK
GetDriveMoving ===>> OK
GetDriveMoving ===>> OK
GetDriveMoving ===>> OK
GetDriveMoving ===>> OK
GetDriveMoving ===>> OK
GetDriveMoving ===>> OK
GetDriveMoving ===>> OK
GetDriveMoving ===>> OK
GetDriveMoving ===>> OK
GetDriveMoving ===>> OK
Get Checksum: 2035439760
GetDriveMoving ===>> OK
GetDriveMoving ===>> OK
GetDriveMoving ===>> OK
GetDriveMoving ===>> OK
GetDriveMoving ===>> OK
GetDriveMoving ===>> OK
GetDriveMoving ===>> False
Block completed
GetAutoCorrecting ===>> False
GetAutoCorrecting ===>> False
Block completed
update position
GetPosition ===>> 7.97560,-7.97560,1.00000
got position (7.9756, -7.9756, 1.0)
move to position succeeded
sleep (5,) {}
SLEEP 5.0
block started
WaitControl setup for 5.0  
Get Checksum: 2035439760
Get Checksum: 2035439760
Join finished
block finished. duration 5.02274894714
close () {'description': 'Microbone to Turbo'}
closing name=--- desc=Microbone to Turbo
checking ownership. requestor=129.138.12.150
check software interlocks U
interlocks []
actuate state mode=None-script, software_lock=False
doing actuation None-script close_channel True
Close U ===>> OK
GetIndicatorState U ===>> False
change switch state (True, True)
update switch state U False args=() kw={} ncanvase=2
00:10:53 -- CLOSE  VALVE-U (Microbone to Turbo)
---------------------------------------- close None (Microbone to Turbo) result=[(True, True)]
action=close, ok=True, locked=[False]
enable laser
enable () {}
set extraction state FusionsCO2 Enabled (False, 'red', 1.5)
enabling laser
Enable ===>> OK
begin interval
BEGIN INTERVAL Interval 1 waiting for 30.0
block started
set extract to 5.0
WaitControl setup for 30.0  
extract (5.0,) {}
GetPosition ===>> 7.97560,-7.97560,1.00000
set extraction state FusionsCO2 ON! 5.0(watts) (0.75, 'red', 1.5)
extract sample to 5.0 (watts)
set laser output
SetLaserOutput 5.0,watts ===>> OK
executing pattern triangle.lp
execute_pattern ('triangle.lp',) {}
executing pattern triangle.lp
Get Checksum: -1640178555
IsPatterning ===>> OK
IsPatterning ===>> OK
Get Checksum: -1640178555
IsPatterning ===>> OK
IsPatterning ===>> OK
IsPatterning ===>> OK
Get Checksum: -1640178555
IsPatterning ===>> OK
IsPatterning ===>> OK
IsPatterning ===>> OK
Get Checksum: -1640178555
IsPatterning ===>> OK
IsPatterning ===>> OK
IsPatterning ===>> OK
Get Checksum: -1640178555
IsPatterning ===>> OK
IsPatterning ===>> OK
IsPatterning ===>> OK
Get Checksum: -1640178555
IsPatterning ===>> OK
IsPatterning ===>> OK
IsPatterning ===>> OK
Get Checksum: -1640178555
IsPatterning ===>> OK
IsPatterning ===>> OK
IsPatterning ===>> OK
Get Checksum: -1640178555
IsPatterning ===>> OK
IsPatterning ===>> OK
IsPatterning ===>> OK
Get Checksum: -1640178555
IsPatterning ===>> OK
IsPatterning ===>> OK
IsPatterning ===>> OK
Get Checksum: -1640178555
IsPatterning ===>> False
IsPatterning ===>> False
Block completed
COMPLETE INTERVAL waiting for Interval 1 to complete
Join finished
block finished. duration 30.0722420216
Interval 1 finished
end_extract () {}
ending extraction. set laser power to 0
set laser power 0
SetLaserPower 0 ===>> OK
disable () {}
%%%%%%%%%%%%%%%%%%%%%%%%%%%%%%%%%%% disable
set extraction state False (0.75, 'red', 1.5)
disabling laser
Disable ===>> OK
sleep (30.0,) {}
SLEEP 30.0
block started
WaitControl setup for 30.0  
Get Checksum: -1640178555
Get Checksum: -1640178555
Get Checksum: -1640178555
Get Checksum: -1640178555
Get Checksum: -1640178555
Get Checksum: -1640178555
Get Checksum: -1640178555
Get Checksum: -1640178555
Get Checksum: -1640178555
Get Checksum: -1640178555
Join finished
block finished. duration 30.0726530552
executed 166.5
jan_co2.py completed successfully
GetAchievedOutput ===>> No Response
Requested Output= 0.000
Achieved Output=  0.000
GetResponseBlob ===>> No Response
GetOutputBlob ===>> No Response
persistence save...
persistence save - db
AutomatedRunPersister post_extraction_save deprecated
persistence save - dvc
no extraction position for 180
create new session 4984345712
close session 4984345712
Extraction Finished
00:11:54 -- ******* Extraction Finished *******
no overlap. not waiting for min ms pumptime
00:11:54 -- Sending spectrometer configuration
======== Sending configuration ========
SetDeflection CDD,50.0 ===>> OK
SetDeflection H2,0.0 ===>> OK
SetDeflection H1,0.0 ===>> OK
SetDeflection L2,825.0 ===>> OK
SetDeflection L1,400.0 ===>> OK
SetDeflection AX,190.0 ===>> OK
SetZFocus 74.64 ===>> OK
SetZSymmetry -50.72 ===>> OK
SetExtractionLens 26.13 ===>> OK
SetIonRepeller -3.81 ===>> OK
SetElectronEnergy 75.08 ===>> OK
SetYSymmetry -2.81 ===>> OK
SetIonCounterVoltage 1590.0 ===>> OK
send trap current 200.0
GetParameter Trap Current Readback ===>> 198.035158395898
SetParameter Trap Current Set,200.0 ===>> OK
updating mftable name mftable
Using mftable located at /Users/jan/PychronDev/setupfiles/spectrometer/mftables/mftable.csv
============ MFtable ===========
Isotope  H2     H1     AX     L1     L2     CDD    
Ar40     5.7804 5.8789 5.9923 6.1203 6.2307 6.3485
Ar39     5.6796 5.7712 5.8847 6.0063 6.1158 6.2350
Ar36     5.3571 5.4402 5.5481 5.6652 5.7708 5.8861
================================
get initial guess parabolic
get initial guess parabolic
get initial guess parabolic
get initial guess parabolic
get initial guess parabolic
get initial guess parabolic
======== Configuration Finished ========
GetYSymmetry ===>> -2.81
GetZSymmetry ===>> -50.72
GetParameter Trap Current Readback ===>> 198.258926936459
GetHighVoltage ===>> 4500
start measurement
do measurement
L#=65569 analysis type=unknown
Measurement Started jan_unknown120_60.py
00:11:54 -- ******* Measurement Started jan_unknown120_60.py *******
state changed from extraction to measurement
setting spec, defl, and gains
GetExtractionLens ===>> 26.13
GetYSymmetry ===>> -2.81
GetZSymmetry ===>> -50.72
GetZFocus ===>> 74.64
GetDeflection H2 ===>> 0
GetDeflection H1 ===>> 0
GetDeflection AX ===>> 190
GetDeflection L1 ===>> 400
GetDeflection L2 ===>> 825
GetDeflection CDD ===>> 50
GetGain H2 ===>> 0.0113
GetGain H1 ===>> 0.1
GetGain AX ===>> 0.097049
GetGain L1 ===>> 0.010355
GetGain L2 ===>> 0.095649
GetGain CDD ===>> 0
pre measurement save
New frame /Users/jan/PychronDev/data/isotopes/0a/746183-4642-460e-8b70-955fba2c53f4.h5
flush and close file /Users/jan/PychronDev/data/isotopes/0a/746183-4642-460e-8b70-955fba2c53f4.h5
testing...
no interpolation path defined
executed 226.132928
unknown measurement script
activate_detectors ('H2', 'H1', 'AX', 'L1', 'L2', 'CDD') {}
activate detectors
*************** Set Analysis View Ar/Ar
create graphs
clearing graphs
clear isotope group
setting isotope det=H2, iso=PM41
setting isotope det=H1, iso=Ar40
setting isotope det=AX, iso=Ar39
setting isotope det=L1, iso=Ar38
setting isotope det=L2, iso=Ar37
setting isotope det=CDD, iso=Ar36
setting previous blanks
 - setting Ar40 blank 0.871+/-0.007
 - setting Ar36 blank 0.00687+/-0.00022
 - setting Ar37 blank 0.041+/-0.005
 - setting Ar38 blank 0.0207+/-0.0024
 - setting PM41 blank 0.01+/-0.07
 - setting Ar39 blank 0.025+/-0.008
load analysis view
position_magnet ('Ar40',) {'detector': 'H1'}
detector Detector(H1)
POSITION Ar40 H1
setting detector H2 to PM41 (40.9624)
setting detector H1 to Ar40 (39.9624)
setting detector AX to Ar39 (38.9624)
setting detector L1 to Ar38 (37.9624)
setting detector L2 to Ar37 (36.9624)
setting detector CDD to Ar36 (35.9624)
Mapping mass to dac mass func: "parabolic"
H1 map mass coeffs = [-0.00063987  0.15840543  0.57054999]
H1 map mass to dac 39.9624 >> 5.87894
GetDeflection H1 ===>> 0
GetHighVoltage ===>> 4500
positioning Ar40 (5.87894) on H1
setting magnet DAC
current  : 5.878943
requested: 5.878940
Delta Dac: 0.000003
Checking detector protection. dv=0.00000
Checking detector "CDD". Protection Threshold: 0.1 (V)
SetMagnetDAC 5.87894 ===>> OK
Magnet settling time: 0.500
equilibrate () {'delay': 3, 'inlet': 'R', 'outlet': 'O', 'eqtime': 12.0}
Equilibration Started
00:11:56 -- ******* Equilibration Started *******
checking ownership. requestor=129.138.12.150
check software interlocks O
interlocks []
actuate state mode=None-script, software_lock=False
doing actuation None-script close_channel True
Close O ===>> OK
GetIndicatorState O ===>> False
change switch state (True, True)
update switch state O False args=() kw={} ncanvase=2
00:11:56 -- CLOSE  VALVE-O (Jan Ion Pump)
waiting 3s before opening inlet value ('R',)
Get Checksum: -423938523
checking ownership. requestor=129.138.12.150
check software interlocks R
interlocks []
actuate state mode=None-script, software_lock=False
doing actuation None-script open_channel True
Open R ===>> OK
set states for children of R. state=True
handle state [('R', True)]
update switch state R True args=() kw={'refresh': False} ncanvase=2
refresh_canvas_needed fired
Get Checksum: -173909521
GetIndicatorState R ===>> OK
change switch state (True, True)
update switch state R True args=() kw={} ncanvase=2
00:12:00 -- OPEN   VALVE-R (Jan Inlet)
equilibrating for 12.0sec
set_time_zero () {}
sniff (12.0,) {}
py_sniff
build tables- sniff [Detector(H2), Detector(H1), Detector(AX), Detector(L1), Detector(L2), Detector(CDD)]
add group /sniff/PM41 (Group) '' table H2
add group /sniff/Ar40 (Group) '' table H1
add group /sniff/Ar39 (Group) '' table AX
add group /sniff/Ar38 (Group) '' table L1
add group /sniff/Ar37 (Group) '' table L2
add group /sniff/Ar36 (Group) '' table CDD
flush and close file /Users/jan/PychronDev/data/isotopes/0a/746183-4642-460e-8b70-955fba2c53f4.h5
measuring sniff. ncounts=12.0
starting measurement
GetData ===>> H2,-0.151846042077303,H1,0.807564721360676,AX,0.100873661410753,L1,0.005856877573235,L2,-0.009527...
GetData ===>> H2,0.794791018423464,H1,366.587528576571,AX,84.0275634765687,L1,0.397215749390572,L2,0.6571684542...
GetData ===>> H2,0.814271619685721,H1,823.738361542475,AX,181.225407995521,L1,1.33690840517389,L2,0.91339163322...
Get Checksum: -173909521
GetData ===>> H2,0.372320661251551,H1,972.256241474877,AX,208.684632628405,L1,1.94560207853143,L2,1.02633745961...
GetData ===>> H2,0.170396889113208,H1,1021.98558653536,AX,217.337301007294,L1,2.2791763677582,L2,0.954284525203...
GetData ===>> H2,0.0963318265959114,H1,1040.48635894673,AX,220.704985370426,L1,2.50039170449776,L2,0.8693910757...
Get Checksum: -173909521
GetData ===>> H2,-0.0115354155446118,H1,1049.08476063323,AX,221.781227076474,L1,2.65825372571862,L2,0.949839300...
GetData ===>> H2,-0.0124107325882193,H1,1052.43817127796,AX,222.189720458805,L1,2.70516129291987,L2,0.871005104...
GetData ===>> H2,-0.0780968930031263,H1,1053.89179092296,AX,222.507654022065,L1,2.74473427642762,L2,0.939929940...
Get Checksum: -173909521
GetData ===>> H2,-0.0884756942225912,H1,1054.41085701861,AX,222.337304449807,L1,2.81005303195539,L2,0.889276420...
GetData ===>> H2,-0.0575929495064874,H1,1054.52036926426,AX,222.511905785466,L1,2.83858092034594,L2,0.837848563...
Get Checksum: -173909521
Equilibration Finished
00:12:12 -- ******* Equilibration Finished *******
GetData ===>> H2,-0.0476576473748921,H1,1054.17676551694,AX,222.354106826816,L1,2.88264240137021,L2,1.003110032...
checking ownership. requestor=129.138.12.150
check software interlocks R
interlocks []
actuate state mode=None-script, software_lock=False
doing actuation None-script close_channel True
Close R ===>> OK
GetIndicatorState R ===>> False
change switch state (True, True)
update switch state R False args=() kw={} ncanvase=2
00:12:12 -- CLOSE  VALVE-R (Jan Inlet)
Post Equilibration Started jan_pump_extraction_line.py
00:12:12 -- ******* Post Equilibration Started jan_pump_extraction_line.py *******
testing...
no interpolation path defined
calculate duration
testing...
no interpolation path defined
executed 4.0
executed 4.0
Pump after analysis
doing GOSUB
testing...
no interpolation path defined
executed 4.0
Pump Microbone
close () {'description': 'Jan Inlet'}
closing name=--- desc=Jan Inlet
checking ownership. requestor=129.138.12.150
check software interlocks R
interlocks []
actuate state mode=None-script, software_lock=False
doing actuation None-script close_channel False
measurement finished
estimated time: 12.583 actual time: :12.652
flush and close file /Users/jan/PychronDev/data/isotopes/0a/746183-4642-460e-8b70-955fba2c53f4.h5
set_fits () {}
using default fits file=/Users/jan/PychronDev/scripts/measurement/fits/nominal_linear.yaml
Close R ===>> OK
set "Ar40" to "('Linear', 'SEM')"
No fit for "PM41". defaulting to linear. check the measurement script "jan_unknown120_60.py"
set "PM41" to "linear"
set "Ar36" to "('Linear', 'SEM')"
set "Ar37" to "('linear', 'SEM')"
set "Ar38" to "('linear', 'SEM')"
set "Ar39" to "('Linear', 'SEM')"
set_baseline_fits () {}
using default fits file=/Users/jan/PychronDev/scripts/measurement/fits/nominal_linear.yaml
set "H1" to "('average', 'SEM')"
set "H2" to "('average', 'SEM')"
set "CDD" to "('average', 'SEM')"
set "L2" to "('average', 'SEM')"
set "L1" to "('average', 'SEM')"
set "AX" to "('average', 'SEM')"
multicollect () {'integration_time': 1, 'ncounts': 120}
build tables- signal [Detector(H2), Detector(H1), Detector(AX), Detector(L1), Detector(L2), Detector(CDD)]
add group /signal/PM41 (Group) '' table H2
add group /signal/Ar40 (Group) '' table H1
add group /signal/Ar39 (Group) '' table AX
add group /signal/Ar38 (Group) '' table L1
add group /signal/Ar37 (Group) '' table L2
add group /signal/Ar36 (Group) '' table CDD
flush and close file /Users/jan/PychronDev/data/isotopes/0a/746183-4642-460e-8b70-955fba2c53f4.h5
measuring signal. ncounts=120
GetIndicatorState R ===>> False
change switch state (True, True)
update switch state R False args=() kw={} ncanvase=2
00:12:13 -- CLOSE  VALVE-R (Jan Inlet)
---------------------------------------- close None (Jan Inlet) result=[(True, True)]
action=close, ok=True, locked=[False]
is_closed ('F',) {}
is F () closed?
is closed True
open () {'description': 'CO2 Laser to Jan'}
opening name=--- desc=CO2 Laser to Jan
checking ownership. requestor=129.138.12.150
check software interlocks A
interlocks []
actuate state mode=None-script, software_lock=False
doing actuation None-script open_channel False
Open A ===>> OK
GetIndicatorState A ===>> OK
change switch state (True, True)
update switch state A True args=() kw={} ncanvase=2
00:12:13 -- OPEN   VALVE-A (CO2 Laser to Jan)
---------------------------------------- open None (CO2 Laser to Jan) result=[(True, True)], time=0.13 sec
starting measurement
GetData ===>> H2,0.000355073643607341,H1,1054.39335919494,AX,222.660680571307,L1,2.89527458124901,L2,0.94715851...
action=open, ok=True, locked=[False]
sleep (1,) {}
SLEEP 1.0
GetData ===>> H2,-0.010067341768529,H1,1053.54392461517,AX,222.788284437238,L1,2.87255496009292,L2,0.9956436287...
close () {'description': 'CO2 Laser to Roughing'}
Get Checksum: -423938523
closing name=--- desc=CO2 Laser to Roughing
checking ownership. requestor=129.138.12.150
check software interlocks G
interlocks []
actuate state mode=None-script, software_lock=True
VALVE-G(CO2 Laser to Roughing) software locked
change switch state (True, False)
---------------------------------------- close None (CO2 Laser to Roughing) result=[(True, False)]
action=close, ok=True, locked=[True]
open () {'description': 'Microbone to Turbo'}
opening name=--- desc=Microbone to Turbo
checking ownership. requestor=129.138.12.150
check software interlocks U
interlocks []
actuate state mode=None-script, software_lock=False
doing actuation None-script open_channel True
Open U ===>> OK
GetIndicatorState U ===>> OK
change switch state (True, True)
update switch state U True args=() kw={} ncanvase=2
00:12:15 -- OPEN   VALVE-U (Microbone to Turbo)
---------------------------------------- open None (Microbone to Turbo) result=[(True, True)], time=0.19 sec
action=open, ok=True, locked=[False]
open () {'description': 'Microbone to Getter NP-10'}
opening name=--- desc=Microbone to Getter NP-10
checking ownership. requestor=129.138.12.150
check software interlocks M
interlocks []
actuate state mode=None-script, software_lock=False
doing actuation None-script open_channel False
GetData ===>> H2,-0.0633843150163149,H1,1053.12388223127,AX,222.395995455623,L1,2.83356727678887,L2,0.938601132...
Open M ===>> OK
GetIndicatorState M ===>> OK
change switch state (True, True)
update switch state M True args=() kw={} ncanvase=2
00:12:16 -- OPEN   VALVE-M (Microbone to Getter NP-10)
---------------------------------------- open None (Microbone to Getter NP-10) result=[(True, True)], time=0.15 sec
action=open, ok=True, locked=[False]
open () {'description': 'Microbone to Getter D-50'}
opening name=--- desc=Microbone to Getter D-50
checking ownership. requestor=129.138.12.150
check software interlocks K
interlocks []
actuate state mode=None-script, software_lock=False
doing actuation None-script open_channel False
Open K ===>> OK
GetIndicatorState K ===>> OK
change switch state (True, True)
update switch state K True args=() kw={} ncanvase=2
00:12:16 -- OPEN   VALVE-K (Microbone to Getter D-50)
---------------------------------------- open None (Microbone to Getter D-50) result=[(True, True)], time=0.40 sec
action=open, ok=True, locked=[False]
open () {'description': 'Microbone to CO2 Laser'}
opening name=--- desc=Microbone to CO2 Laser
checking ownership. requestor=129.138.12.150
check software interlocks T
interlocks []
actuate state mode=None-script, software_lock=False
doing actuation None-script open_channel False
GetData ===>> H2,-0.101570284970337,H1,1052.82617980783,AX,222.327263438896,L1,2.81262837565258,L2,1.0190525145...
Open T ===>> OK
GetIndicatorState T ===>> OK
change switch state (True, True)
update switch state T True args=() kw={} ncanvase=2
00:12:17 -- OPEN   VALVE-T (Microbone to CO2 Laser)
---------------------------------------- open None (Microbone to CO2 Laser) result=[(True, True)], time=0.40 sec
action=open, ok=True, locked=[False]
open () {'description': 'Microbone to Inlet Pipette'}
opening name=--- desc=Microbone to Inlet Pipette
checking ownership. requestor=129.138.12.150
check software interlocks S
interlocks []
actuate state mode=None-script, software_lock=False
doing actuation None-script open_channel False
Open S ===>> OK
GetIndicatorState S ===>> OK
change switch state (True, True)
update switch state S True args=() kw={} ncanvase=2
00:12:18 -- OPEN   VALVE-S (Microbone to Inlet Pipette)
---------------------------------------- open None (Microbone to Inlet Pipette) result=[(True, True)], time=0.42 sec
GetData ===>> H2,-0.112809818784415,H1,1052.17796207168,AX,222.447442444429,L1,2.85776197881092,L2,0.8744507443...
action=open, ok=True, locked=[False]
sleep (1,) {}
SLEEP 1.0
Get Checksum: -110011688
GetData ===>> H2,-0.116668249238356,H1,1051.71603684846,AX,221.945810510394,L1,2.88167935196009,L2,0.9270092103...
set_resource () {'name': 'CO2PumpTimeFlag', 'value': 30}
Set CO2PumpTimeFlag 30 ===>> OK
release ('JanCO2Flag',) {}
release JanCO2Flag
Set JanCO2Flag 0 ===>> OK
executed 6.0
PumpMicrobone.py completed successfully
gosub finished
get_resource_value () {'name': 'JanMiniboneFlag'}
Read JanMiniboneFlag ===>> 0
Get Resource Value JanMiniboneFlag=0.0
get resource value 0.0
get_resource_value () {'name': 'JanMiniboneFlag'}
Read JanMiniboneFlag ===>> 0
Get Resource Value JanMiniboneFlag=0.0
executed 4.0
jan_pump_extraction_line.py completed successfully
Post Equilibration Finished
00:12:19 -- ******* Post Equilibration Finished *******
GetData ===>> H2,-0.18657487360839,H1,1051.20636589331,AX,221.992446437721,L1,2.84351320597591,L2,0.94127022181...
GetData ===>> H2,-0.134257911675669,H1,1050.8360738445,AX,221.807142226269,L1,2.81700395727498,L2,0.90177984943...
Get Checksum: -110011688
GetData ===>> H2,-0.175483529393817,H1,1050.39125101085,AX,221.869397840752,L1,2.87298263290139,L2,0.8860706749...
GetData ===>> H2,-0.0838751799390228,H1,1050.41912870784,AX,221.660679638736,L1,2.87408752789959,L2,0.982266661...
GetData ===>> H2,-0.053715929383437,H1,1049.99221347676,AX,221.608737113697,L1,2.85630835838925,L2,0.9329424504...
Get Checksum: -110011688
GetData ===>> H2,0.00448015865830469,H1,1049.36314399013,AX,221.672835437606,L1,2.79506156625806,L2,1.003705537...
GetData ===>> H2,0.0763178672801563,H1,1048.85107390392,AX,221.494708206178,L1,2.76616160740332,L2,0.9713684727...
GetData ===>> H2,-0.0395856471834499,H1,1048.40116131398,AX,221.421529439816,L1,2.82770243893154,L2,0.922427808...
Get Checksum: -110011688
GetData ===>> H2,-0.0482997282310231,H1,1048.30479761118,AX,221.374016948847,L1,2.81857820725619,L2,0.918075678...
GetData ===>> H2,-0.0552354227886347,H1,1047.9926564864,AX,221.086458500617,L1,2.79927430849857,L2,1.0119971818...
GetData ===>> H2,-0.179299260135805,H1,1047.40045318963,AX,221.05683299185,L1,2.8367780561978,L2,0.842631920954...
Get Checksum: -110011688
GetData ===>> H2,-0.077936983063357,H1,1046.23190093203,AX,221.044939328583,L1,2.86544277476079,L2,0.8643316736...
GetData ===>> H2,-0.096358906662126,H1,1046.24854254272,AX,220.794865776475,L1,2.85677004449064,L2,0.9288189243...
Get Checksum: -110011688
GetData ===>> H2,-0.125375010683923,H1,1046.06048243599,AX,220.725453196771,L1,2.85737834765586,L2,0.8890130872...
GetData ===>> H2,-0.264326024136288,H1,1046.08229497831,AX,220.811950174751,L1,2.79985926822784,L2,0.9022722338...
GetData ===>> H2,-0.143848553929802,H1,1045.29546502203,AX,220.499351973235,L1,2.79824933418091,L2,0.8301819551...
Get Checksum: -110011688
GetData ===>> H2,-0.0505989766862882,H1,1044.62769574743,AX,220.494204907169,L1,2.77589826906335,L2,0.922130024...
GetData ===>> H2,-0.256844154065209,H1,1044.58778193209,AX,220.366707295884,L1,2.7513680192694,L2,0.93274772443...
00:12:39 -- collecting point 25
GetData ===>> H2,-0.295062922566464,H1,1044.0483433107,AX,220.39957607833,L1,2.76072024513929,L2,0.871371412069...
Get Checksum: -110011688
GetData ===>> H2,-0.197071339235282,H1,1043.8553261804,AX,220.722978140794,L1,2.78822341513161,L2,0.84354742330...
GetData ===>> H2,-0.178613684138705,H1,1043.64770565752,AX,220.42680991573,L1,2.76732200149023,L2,0.95305863096...
GetData ===>> H2,-0.0755651734060371,H1,1042.7790227621,AX,220.285314139393,L1,2.76135200379279,L2,0.9112042964...
Get Checksum: -110011688
GetData ===>> H2,0.0278342630953489,H1,1042.48600687354,AX,220.041771612772,L1,2.77666410695175,L2,0.9450620596...
GetData ===>> H2,-0.102465009748193,H1,1042.0762246908,AX,220.056229418749,L1,2.73221669221519,L2,0.97155181796...
GetData ===>> H2,-0.213155096493205,H1,1041.45605876838,AX,219.932239167198,L1,2.72269977638364,L2,0.8503453011...
Get Checksum: -110011688
GetData ===>> H2,-0.113513663942487,H1,1041.04929557779,AX,219.850658472748,L1,2.73934883703615,L2,1.0005104669...
GetData ===>> H2,-0.111893401159832,H1,1040.85124593263,AX,219.779456027913,L1,2.72237147309135,L2,0.9327706333...
GetData ===>> H2,-0.0538950230764863,H1,1040.39008605461,AX,219.695403661502,L1,2.76792135694744,L2,0.939391541...
Get Checksum: -110011688
GetData ===>> H2,-0.0197558551513705,H1,1039.84558626519,AX,219.452433470984,L1,2.76676090214059,L2,0.926447976...
GetData ===>> H2,-0.0804979820903346,H1,1039.30867136946,AX,219.563135735183,L1,2.729059277045,L2,0.90708170288...
GetData ===>> H2,-0.174620863796852,H1,1038.78287678602,AX,219.850806682327,L1,2.75366411025117,L2,0.8725962647...
Get Checksum: -110011688
GetData ===>> H2,-0.13195468006931,H1,1038.13481110322,AX,219.590011308797,L1,2.7067187952602,L2,0.918533788449...
GetData ===>> H2,-0.159393951892497,H1,1037.90823041243,AX,219.433260964537,L1,2.71695514889516,L2,0.8389699988...
GetData ===>> H2,-0.101099206396482,H1,1038.23379037892,AX,219.307891719986,L1,2.73800628050692,L2,0.9469981312...
Get Checksum: -110011688
GetData ===>> H2,-0.055059063420874,H1,1037.28285106712,AX,219.288304679454,L1,2.7101749215183,L2,0.95760712090...
GetData ===>> H2,-0.038596218999539,H1,1037.05753009104,AX,219.254808721769,L1,2.70226060249977,L2,0.8803921885...
Get Checksum: -110011688
GetData ===>> H2,-0.0720526314221351,H1,1036.897622304,AX,218.948658375141,L1,2.71513212609838,L2,0.98075390496...
GetData ===>> H2,-0.0108449006721312,H1,1036.63685411452,AX,218.793403861353,L1,2.73411988847714,L2,0.815250989...
GetData ===>> H2,0.0191897708269183,H1,1035.97258977514,AX,218.898577212023,L1,2.76120872933589,L2,0.8933295516...
Get Checksum: -110011688
GetData ===>> H2,-0.0621763852798218,H1,1034.93698665245,AX,218.858856096072,L1,2.71853606352295,L2,0.945967082...
GetData ===>> H2,-0.193520992899661,H1,1034.71667292469,AX,218.811935288612,L1,2.72957451468741,L2,0.8664263711...
GetData ===>> H2,-0.12555483764141,H1,1034.38232356766,AX,218.526169882043,L1,2.75230739749761,L2,0.90745959993...
Get Checksum: -110011688
GetData ===>> H2,-0.0209483457490264,H1,1034.2213197074,AX,218.576895223411,L1,2.76045281569136,L2,0.8893680146...
00:13:05 -- collecting point 50
GetData ===>> H2,-0.088604438109688,H1,1033.73637324859,AX,218.611006399117,L1,2.79646199811716,L2,0.8739012651...
GetData ===>> H2,-0.0723522768896263,H1,1033.54418605621,AX,218.367926367934,L1,2.80522643593466,L2,1.052790115...
Get Checksum: -110011688
GetData ===>> H2,-0.0879837436248836,H1,1033.27964055856,AX,218.581894559807,L1,2.72976943868423,L2,0.895630981...
GetData ===>> H2,-0.0704498687286163,H1,1032.83327616369,AX,218.231365298227,L1,2.75050233256216,L2,0.923080644...
GetData ===>> H2,-0.0812336545460413,H1,1031.8822977572,AX,217.947823940313,L1,2.74375925581446,L2,0.8796137124...
Get Checksum: -110011688
GetData ===>> H2,-0.0841555519966889,H1,1031.52331237349,AX,218.201395111841,L1,2.74031530266807,L2,0.881021842...
GetData ===>> H2,-0.203803316063209,H1,1031.23085657344,AX,217.865042349392,L1,2.69824903606791,L2,0.8678915419...
GetData ===>> H2,-0.141514834093643,H1,1030.99324894112,AX,217.880778148099,L1,2.72701218647966,L2,0.8941882877...
Get Checksum: -110011688
GetData ===>> H2,-0.125262786401988,H1,1030.2309488092,AX,217.808206775958,L1,2.71381711620037,L2,0.84207118007...
GetData ===>> H2,-0.224901185853651,H1,1030.23828165823,AX,217.766229307127,L1,2.74426652889804,L2,0.9473761852...
GetData ===>> H2,-0.103352896906994,H1,1029.49062555779,AX,217.346215186148,L1,2.7729091243786,L2,0.93104102477...
Get Checksum: -110011688
GetData ===>> H2,-0.161127997953742,H1,1029.01593081488,AX,217.395198617038,L1,2.74374425614625,L2,0.9022035289...
GetData ===>> H2,-0.199616020109161,H1,1028.86249295939,AX,217.435984035986,L1,2.76311374388661,L2,0.9619152090...
GetData ===>> H2,-0.235815908756995,H1,1028.78250275736,AX,217.653176197679,L1,2.7420548738955,L2,0.86568234770...
Get Checksum: -110011688
GetData ===>> H2,-0.19620410206772,H1,1028.20903293542,AX,217.664921960212,L1,2.70783667914776,L2,0.80004365665...
GetData ===>> H2,-0.148791426984486,H1,1027.17306580113,AX,217.582396345576,L1,2.68657736867547,L2,0.9836877567...
GetData ===>> H2,-0.14491998533218,H1,1027.15455741208,AX,217.066611174651,L1,2.67477995404811,L2,0.98581943956...
Get Checksum: -110011688
GetData ===>> H2,-0.0525938161467748,H1,1026.85814347738,AX,217.108693345717,L1,2.74297793562629,L2,0.818580222...
GetData ===>> H2,-0.0894581764696025,H1,1026.47115797664,AX,217.101135097635,L1,2.7560697731868,L2,0.9024096439...
Get Checksum: -110011688
GetData ===>> H2,-0.186565433045869,H1,1026.12013428015,AX,216.952173598645,L1,2.72846092172393,L2,0.9697642170...
GetData ===>> H2,-0.17520003151692,H1,1025.66614759334,AX,216.727047246501,L1,2.72131987622519,L2,0.99795677758...
GetData ===>> H2,-0.0427243753002185,H1,1025.50612017503,AX,216.763629546526,L1,2.7210746991532,L2,0.9639318273...
Get Checksum: -110011688
GetData ===>> H2,-0.0650665265558479,H1,1024.90915955752,AX,216.696452570677,L1,2.71223549317417,L2,0.889035985...
GetData ===>> H2,-0.123004543977793,H1,1024.20411915674,AX,216.48356528589,L1,2.70289485291551,L2,0.86997487010...
GetData ===>> H2,-0.121752175191496,H1,1024.0657180149,AX,216.294164267792,L1,2.73745976201145,L2,0.93306844989...
00:13:31 -- collecting point 75
GetData ===>> H2,-0.145367173289322,H1,1023.53394896726,AX,216.584696692176,L1,2.77378531339569,L2,0.9791838726...
GetData ===>> H2,-0.194728578571103,H1,1022.83185147639,AX,216.37359177575,L1,2.74211077359538,L2,0.90654348844...
Get Checksum: -110011688
GetData ===>> H2,-0.165366110437373,H1,1022.67634123104,AX,216.136686070521,L1,2.74705693290422,L2,0.8046922723...
GetData ===>> H2,-0.0852160272520467,H1,1022.41232071309,AX,216.262627106679,L1,2.69489172530816,L2,0.886265306...
GetData ===>> H2,-0.149594997460876,H1,1022.12291298203,AX,216.179799014952,L1,2.69390022874816,L2,0.9030966971...
Get Checksum: -110011688
GetData ===>> H2,-0.192390112243861,H1,1022.4019475205,AX,215.754572422385,L1,2.72478560797902,L2,0.88280779396...
GetData ===>> H2,-0.21548880402139,H1,1021.44354687181,AX,216.06216279854,L1,2.71817111291197,L2,1.005285933491...
GetData ===>> H2,-0.243316802275543,H1,1020.53363927164,AX,216.075594295023,L1,2.74810453294564,L2,0.9073908912...
Get Checksum: -110011688
GetData ===>> H2,-0.209507461304069,H1,1020.17527517118,AX,215.865339198925,L1,2.72624768806405,L2,0.8356515024...
GetData ===>> H2,-0.129034536659641,H1,1019.62836151004,AX,215.581919132621,L1,2.67485877147104,L2,0.9334120855...
GetData ===>> H2,-0.0964008888595441,H1,1019.37716954399,AX,215.615951452952,L1,2.74078425194202,L2,0.918476524...
Get Checksum: -110011688
GetData ===>> H2,-0.124540738583193,H1,1019.41874517776,AX,215.75337408055,L1,2.74269841867412,L2,0.99731550302...
GetData ===>> H2,-0.124704352694251,H1,1018.71160620058,AX,215.599985875497,L1,2.71851836042588,L2,0.9159454977...
GetData ===>> H2,-0.243969467640343,H1,1018.39465485599,AX,215.375437491542,L1,2.68391144873676,L2,0.9449016767...
Get Checksum: -110011688
GetData ===>> H2,-0.195641643674018,H1,1018.04649765157,AX,214.999492571969,L1,2.65787481561861,L2,0.8308799343...
GetData ===>> H2,-0.159167047731216,H1,1017.32690919344,AX,215.249503744587,L1,2.68097965592286,L2,0.9156248294...
Get Checksum: -110011688
GetData ===>> H2,-0.110413711157974,H1,1016.74475420537,AX,215.257272287213,L1,2.71617906928865,L2,0.9741645252...
GetData ===>> H2,-0.1332679715876,H1,1016.43213756964,AX,215.293749287253,L1,2.72851135137416,L2,0.917583213413...
GetData ===>> H2,-0.104150041353279,H1,1016.41487971588,AX,215.049515072407,L1,2.73532709047743,L2,0.9456463138...
Get Checksum: -110011688
GetData ===>> H2,-0.184764838960395,H1,1015.76502384169,AX,214.806278475007,L1,2.72505811571895,L2,0.9156820915...
GetData ===>> H2,-0.187942323351639,H1,1015.29807730109,AX,214.94500453391,L1,2.69762048545191,L2,0.93240409119...
GetData ===>> H2,-0.104512730329572,H1,1015.3380688313,AX,214.854397277999,L1,2.69961237513221,L2,0.93185428056...
Get Checksum: -110011688
GetData ===>> H2,-0.263300108094938,H1,1015.33256259484,AX,214.932016334539,L1,2.69627642837095,L2,0.9259440149...
GetData ===>> H2,-0.188960386240925,H1,1014.50541659274,AX,214.679022866475,L1,2.71280305559915,L2,0.8841816251...
GetData ===>> H2,-0.16476404132936,H1,1014.07888602738,AX,214.444054008257,L1,2.70838681077087,L2,0.97921825263...
Get Checksum: -110011688
00:13:57 -- collecting point 100
GetData ===>> H2,-0.191571871868375,H1,1013.43739912432,AX,214.360547593747,L1,2.72008859559783,L2,0.8257539095...
GetData ===>> H2,-0.14467544306982,H1,1013.00321660492,AX,214.412975650629,L1,2.73067185740754,L2,0.80991988186...
GetData ===>> H2,-0.0372782052075512,H1,1012.90849934619,AX,214.486352535315,L1,2.74823139727281,L2,0.937501443...
Get Checksum: -110011688
GetData ===>> H2,-0.0317547347150439,H1,1012.35631337014,AX,214.157649681292,L1,2.74447244455076,L2,0.988315207...
GetData ===>> H2,-0.0539615041092436,H1,1011.60270372989,AX,214.276825925884,L1,2.72227475483229,L2,0.866735428...
GetData ===>> H2,-0.0853067657519175,H1,1011.7082285641,AX,213.99217724194,L1,2.69360238857457,L2,0.79213236743...
Get Checksum: -110011688
GetData ===>> H2,-0.173531381057108,H1,1010.98060728402,AX,214.042776834115,L1,2.69183862680212,L2,0.8439822899...
GetData ===>> H2,-0.205903121070539,H1,1010.75644745737,AX,214.040512178916,L1,2.7277985420998,L2,0.96924856913...
GetData ===>> H2,-0.0497873705609216,H1,1010.10785692272,AX,213.676616969644,L1,2.69776877674294,L2,0.854236558...
Get Checksum: -110011688
GetData ===>> H2,-0.105297614590689,H1,1009.60599927308,AX,213.616503446644,L1,2.68800443577114,L2,0.9255774988...
GetData ===>> H2,-0.128407350389988,H1,1009.37229999329,AX,213.624192991904,L1,2.65404703610785,L2,0.8743248217...
GetData ===>> H2,-0.123851099467956,H1,1009.173070422,AX,213.725014443648,L1,2.68164726606757,L2,0.879567919967...
Get Checksum: -110011688
GetData ===>> H2,-0.179909225931106,H1,1009.012400888,AX,213.582220359602,L1,2.69828849169784,L2,0.862729203640...
GetData ===>> H2,-0.168763286460525,H1,1008.21895242345,AX,213.326348239891,L1,2.71336656273,L2,0.9328049967564...
Get Checksum: -110011688
GetData ===>> H2,-0.214435800023441,H1,1008.55011211942,AX,213.102394235498,L1,2.67691501147803,L2,0.8860592260...
GetData ===>> H2,-0.113467644630403,H1,1007.7575922782,AX,213.215825461547,L1,2.64918381138754,L2,0.83601767570...
GetData ===>> H2,-0.0985905194469602,H1,1007.12894444785,AX,213.169791593037,L1,2.658726362421,L2,0.93248427217...
Get Checksum: -110011688
GetData ===>> H2,-0.0998726860768383,H1,1006.90526111888,AX,213.200439174098,L1,2.65899528515363,L2,0.872172715...
GetData ===>> H2,-0.0919851372671184,H1,1006.4915164158,AX,212.860814401372,L1,2.67387359282332,L2,0.8303307043...
GetData ===>> H2,-0.119566284848477,H1,1006.42183075827,AX,212.842308095471,L1,2.69922322183459,L2,0.9121777124...
Get Checksum: -110011688
GetData ===>> H2,-0.122716484343115,H1,1005.56478872862,AX,212.822467899569,L1,2.70062478009879,L2,0.9435957118...
measurement finished
estimated time: 125.829 actual time: :126.182
flush and close file /Users/jan/PychronDev/data/isotopes/0a/746183-4642-460e-8b70-955fba2c53f4.h5
baselines () {'settling_time': 15.0, 'detector': 'H1', 'mass': 34.2, 'ncounts': 60}
%%%%%%%%%%%%%%%%%%%%%%%%%%%%%%%% Baseline
build tables- baseline [Detector(H2), Detector(H1), Detector(AX), Detector(L1), Detector(L2), Detector(CDD)]
add group baseline table H2
add group baseline table H1
add group baseline table AX
add group baseline table L1
add group baseline table L2
add group baseline table CDD
flush and close file /Users/jan/PychronDev/data/isotopes/0a/746183-4642-460e-8b70-955fba2c53f4.h5
detector Detector(H1)
POSITION 34.2 H1
Mapping mass to dac mass func: "parabolic"
H1 map mass coeffs = [-0.00063987  0.15840543  0.57054999]
H1 map mass to dac 34.2 >> 5.23959599104
GetDeflection H1 ===>> 0
GetHighVoltage ===>> 4500
positioning 34.2 (5.23959599104) on H1
setting magnet DAC
current  : 5.878940
requested: 5.239596
Delta Dac: 0.639344
Checking detector protection. dv=0.63934
Checking detector "CDD". Protection Threshold: 0.1 (V)
ProtectDetector CDD,On ===>> OK
GetDeflection CDD ===>> 2000
SetMagnetDAC 5.23959599104 ===>> OK
Magnet settling time: 0.500
GetMagnetMoving ===>> True
GetMagnetMoving ===>> True
GetMagnetMoving ===>> True
GetMagnetMoving ===>> True
GetMagnetMoving ===>> True
Get Checksum: -110011688
GetMagnetMoving ===>> True
GetMagnetMoving ===>> True
GetMagnetMoving ===>> True
GetMagnetMoving ===>> False
ProtectDetector CDD,Off ===>> OK
GetDeflection CDD ===>> 50
Delaying 15.0s for detectors to settle
Get Checksum: -110011688
Get Checksum: -110011688
Get Checksum: -110011688
Get Checksum: -110011688
Get Checksum: -110011688
Join finished
measuring baseline. ncounts=60
starting measurement
GetData ===>> H2,-0.0888958004707774,H1,-0.0657909524327092,AX,-0.0362684773569463,L1,-0.0906466786608047,L2,0....
GetData ===>> H2,-0.109346806814712,H1,-0.0714531458867239,AX,-0.097698716510886,L1,-0.0879274266725724,L2,-0.0...
Get Checksum: -110011688
GetData ===>> H2,-0.267396491788793,H1,-0.101916207140795,AX,-0.042657916164167,L1,-0.0492915900987808,L2,-0.15...
GetData ===>> H2,-0.210698325349064,H1,-0.0837539020434484,AX,-0.145110417533021,L1,-0.0454759802526306,L2,-0.0...
GetData ===>> H2,-0.228136725989981,H1,-0.0412431288506763,AX,0.0231467133398183,L1,-0.0394731572538637,L2,-0.0...
Get Checksum: -110011688
GetData ===>> H2,-0.179036101029679,H1,-0.0375824955106239,AX,-0.00724981291696473,L1,-0.0220245699558222,L2,0....
GetData ===>> H2,-0.168753840025465,H1,-0.0692479086336071,AX,-0.156147768850513,L1,-0.0335172435320436,L2,0.00...
GetData ===>> H2,-0.213459461893239,H1,0.0126663709160148,AX,-0.120248568915387,L1,-0.0345549485211343,L2,-0.00...
Get Checksum: -110011688
GetData ===>> H2,-0.237735561600504,H1,0.00392199483190154,AX,-0.0743206131937542,L1,-0.0847737472490265,L2,-0....
GetData ===>> H2,-0.130075264977852,H1,-0.032383450618023,AX,-0.0994023051403498,L1,-0.0476341082642564,L2,-0.0...
GetData ===>> H2,-0.20145101765481,H1,-0.00355724054223998,AX,-0.129053875296472,L1,-0.052237283530405,L2,-0.02...
Get Checksum: -110011688
GetData ===>> H2,-0.131938448945172,H1,0.0473412248665152,AX,-0.176178753185585,L1,-0.0331340865714281,L2,-0.07...
GetData ===>> H2,-0.14267297049006,H1,-0.00224513440507652,AX,-0.0551804632366491,L1,-0.0798262065196228,L2,-0....
GetData ===>> H2,-0.16839082105327,H1,0.0067492197746823,AX,-0.180189091153899,L1,-0.100619371636306,L2,-0.0776...
Get Checksum: -110011688
set states for children of V. state=True
handle state [('V', True)]
update switch state V True args=() kw={'refresh': False} ncanvase=2
refresh_canvas_needed fired
GetData ===>> H2,-0.132167035137803,H1,-0.0220561063030587,AX,-0.115694985990987,L1,-0.0425462650742889,L2,-0.0...
GetData ===>> H2,-0.207711498154221,H1,0.0382835574333608,AX,-0.0274779649418823,L1,-0.0520231456601853,L2,-0.0...
Get Checksum: -860229079
GetData ===>> H2,-0.235503782995008,H1,0.0170328801059273,AX,0.0175655710250443,L1,-0.0602633442895845,L2,-0.02...
GetData ===>> H2,-0.238047625694399,H1,0.0253011364693247,AX,-0.0134671695086303,L1,-0.0471804969846465,L2,-0.0...
GetData ===>> H2,-0.143047278669753,H1,0.0119147778917085,AX,-0.0522702742668569,L1,-0.0647958890573849,L2,-0.0...
Get Checksum: -860229079
GetData ===>> H2,-0.199811533647127,H1,-0.0184424766676681,AX,-0.0574760887491983,L1,-0.0339794071854318,L2,-0....
GetData ===>> H2,-0.187459554241124,H1,0.00587837826568922,AX,-0.0155549986917563,L1,-0.0556760821457632,L2,-0....
GetData ===>> H2,-0.281380470288153,H1,-0.0427216528892547,AX,-0.0727325065529476,L1,-0.0415379677296327,L2,0.0...
Get Checksum: -860229079
GetData ===>> H2,-0.246235336569499,H1,0.00989862765050655,AX,0.00756440750999726,L1,-0.0167044791302541,L2,-0....
GetData ===>> H2,-0.279382669721275,H1,-0.0119066039132363,AX,-0.0501020689384885,L1,0.0103554897086054,L2,0.07...
00:15:03 -- collecting point 25
GetData ===>> H2,-0.239451173460268,H1,-0.0405634774080397,AX,-0.127095922130303,L1,-0.00763851782341672,L2,-0....
Get Checksum: -860229079
GetData ===>> H2,-0.145907558166438,H1,-0.0116203515558187,AX,-0.171611866368041,L1,-0.0676335192992965,L2,0.01...
GetData ===>> H2,-0.280607170133227,H1,-0.057124195861946,AX,-0.0330330116942816,L1,-0.0350966085364571,L2,-0.0...
GetData ===>> H2,-0.175291831606364,H1,-0.0310240227791912,AX,-0.0863059251194933,L1,-0.0380249019175294,L2,-0....
Get Checksum: -860229079
GetData ===>> H2,-0.161226576713771,H1,-0.0265163141388801,AX,-0.166244920713353,L1,-0.0434155708795019,L2,-0.1...
GetData ===>> H2,-0.176327231086774,H1,-0.042936275530958,AX,-0.0842543855423196,L1,-0.00824172243347402,L2,-0....
GetData ===>> H2,-0.277541640848176,H1,-0.101522963801481,AX,-0.047191728093205,L1,-0.0343637291728346,L2,0.004...
Get Checksum: -860229079
GetData ===>> H2,-0.309144029352381,H1,-0.0289371458692454,AX,-0.141794329927577,L1,-0.0500741615650659,L2,-0.0...
GetData ===>> H2,-0.244163241433847,H1,0.00889653257856189,AX,-0.130397773004547,L1,-0.0253792048907908,L2,-0.0...
GetData ===>> H2,-0.168462346157562,H1,0.0388563500747676,AX,-0.0458466806059073,L1,-0.0142346288056686,L2,-0.0...
GetData ===>> H2,-0.221057188982577,H1,-0.0202314185363982,AX,-0.00262133625030018,L1,-0.0434658589969139,L2,-0...
GetData ===>> H2,-0.178802626548964,H1,0.00932600066680958,AX,-0.0222241530049501,L1,0.00359152227949476,L2,0.0...
Get Checksum: -860229079
GetData ===>> H2,-0.224968518224795,H1,0.0661393945311285,AX,-0.0575572462357975,L1,0.00957297806880449,L2,0.00...
GetData ===>> H2,-0.229575792581919,H1,-0.0319541596111027,AX,0.0216150582290985,L1,-0.00813499502509692,L2,0.0...
GetData ===>> H2,-0.154583421469408,H1,-0.0227239575618874,AX,-0.0552384342443672,L1,0.0274743600627456,L2,0.04...
Get Checksum: -860229079
GetData ===>> H2,-0.270097919593803,H1,-0.0445340073965681,AX,-0.158814167984651,L1,0.0134861441269929,L2,-0.04...
GetData ===>> H2,-0.242026163208731,H1,0.0055085711494264,AX,-0.046623563750022,L1,-0.00145928578893446,L2,-0.0...
Get Checksum: -860229079
GetData ===>> H2,-0.171260917390103,H1,-0.0331227808135324,AX,-0.0638641353212514,L1,-0.00141968616860255,L2,-0...
GetData ===>> H2,-0.164067437150002,H1,0.0011544933242515,AX,0.0255138640928662,L1,0.00793494113151884,L2,-0.05...
GetData ===>> H2,-0.168023741714105,H1,-0.019026867861238,AX,-0.0304004925290435,L1,0.00198646386651347,L2,-0.0...
Get Checksum: -860229079
GetData ===>> H2,-0.190378779474381,H1,-0.0137433703941479,AX,-0.154942068720415,L1,-0.00628447366219646,L2,0.0...
GetData ===>> H2,-0.252423792569144,H1,0.0471025406410643,AX,-0.0571166762092126,L1,-0.0166013348560636,L2,-0.0...
GetData ===>> H2,-0.179300609653918,H1,-0.00986703800343032,AX,-0.0984751857762792,L1,-0.00568355072383957,L2,-...
Get Checksum: -860229079
GetData ===>> H2,-0.215152176579952,H1,0.0249670522666225,AX,-0.0990314584548822,L1,0.000344454909197154,L2,0.0...
GetData ===>> H2,-0.21806890501148,H1,-0.111198684368507,AX,-0.0733932548003213,L1,-0.0109646873447026,L2,-0.00...
00:15:29 -- collecting point 50
GetData ===>> H2,-0.173935004511142,H1,-0.0319183852774295,AX,-0.0846716513335636,L1,0.015179119353176,L2,0.017...
Get Checksum: -860229079
GetData ===>> H2,-0.265365290863661,H1,-0.0078870687691744,AX,-0.130015459166892,L1,0.0299008367595894,L2,0.041...
GetData ===>> H2,-0.219171078251117,H1,0.0445605889383362,AX,0.00553413435388444,L1,0.0328470277716986,L2,-0.02...
GetData ===>> H2,-0.238190203833033,H1,0.0571516388276684,AX,-0.0496846548808575,L1,-0.0274544673230261,L2,-0.0...
Get Checksum: -860229079
GetData ===>> H2,-0.17119075915484,H1,-0.0121809283209149,AX,-0.0730918614194549,L1,-0.0618533772543748,L2,0.00...
GetData ===>> H2,-0.104212294761901,H1,-0.0192176887365168,AX,-0.0828982593623711,L1,-0.0554857486686561,L2,-0....
GetData ===>> H2,-0.170085709628301,H1,0.0203973695568795,AX,-0.111257065229629,L1,0.00580049267684626,L2,-0.04...
Get Checksum: -860229079
GetData ===>> H2,-0.126124045544077,H1,-0.0284362889359844,AX,-0.133793513298753,L1,0.0151935288736033,L2,-0.01...
GetData ===>> H2,-0.167029058873161,H1,-0.0199571161920041,AX,-0.0844514279445166,L1,0.0131175694927218,L2,-0.0...
GetData ===>> H2,-0.107016051124619,H1,0.0057829440403669,AX,-0.0666696421183039,L1,0.00963898513916743,L2,-0.0...
Get Checksum: -860229079
GetData ===>> H2,-0.119187498689279,H1,-0.00180378574790014,AX,-0.0831300771427069,L1,-0.00408571286947375,L2,-...
measurement finished
estimated time: 62.915 actual time: :63.119
flush and close file /Users/jan/PychronDev/data/isotopes/0a/746183-4642-460e-8b70-955fba2c53f4.h5
activate_detectors ('H1', 'AX', 'CDD') {'peak_center': True}
peak_center () {'detector': 'H1', 'integration_time': 0.262144, 'isotope': 'Ar40'}
peak center: mean=1007.52244696 threshold=3
peak center started
setup peak center. detector=['H1', 'AX', 'CDD'], isotope=Ar40
VersionedUnpickler [<apptools.sweet_pickle.versioned_unpickler.VersionedUnpickler object at 0x142e43cb0>] using Updater [<apptools.sweet_pickle.updater.Updater object at 0x1356d5710>]
VersionedUnpickler [<apptools.sweet_pickle.versioned_unpickler.VersionedUnpickler object at 0x142e43cb0>] using Updater [<apptools.sweet_pickle.updater.Updater object at 0x1356d5710>]
VersionedUnpickler [<apptools.sweet_pickle.versioned_unpickler.VersionedUnpickler object at 0x13f088f50>] using Updater [<apptools.sweet_pickle.updater.Updater object at 0x1356d5710>]
setting integration time = 0.524288
SetIntegrationTime 0.524288 ===>> OK
Mapping mass to dac mass func: "parabolic"
H1 map mass coeffs = [-0.00063987  0.15840543  0.57054999]
H1 map mass to dac 39.9624 >> 5.87894
GetDeflection H1 ===>> 0
GetHighVoltage ===>> 4500
do peak center. <pychron.spectrometer.jobs.peak_center.PeakCenter object at 0x1356efa10>
doing pc
starting peak center. center dac= 5.87894 step_width=0.001
width = 0.001
get scan parameters. half-width=0.015,window=0.015, i=0, scalar=1
Scan parameters center=5.87894 width=0.03000 (5.86394 - 5.89394)
GetData ===>> H2,-0.199313978760427,H1,-0.0332181778603278,AX,-0.0020761127297377,L1,-0.0259579729820176,L2,-0....
Moving to starting dac 5.86394
setting magnet DAC
current  : 5.239596
requested: 5.863940
Delta Dac: 0.624344
Checking detector protection. dv=0.62434
Checking detector "CDD". Protection Threshold: 0.1 (V)
ProtectDetector CDD,On ===>> OK
GetDeflection CDD ===>> 2000
SetMagnetDAC 5.86394 ===>> OK
Magnet settling time: 0.500
GetMagnetMoving ===>> True
GetMagnetMoving ===>> True
Get Checksum: -860229079
GetMagnetMoving ===>> True
GetMagnetMoving ===>> True
GetMagnetMoving ===>> True
GetMagnetMoving ===>> True
GetMagnetMoving ===>> True
GetMagnetMoving ===>> True
GetMagnetMoving ===>> True
GetMagnetMoving ===>> False
ProtectDetector CDD,Off ===>> OK
GetDeflection CDD ===>> 50
Wait until signal near baseline. tol= -0.0249136333952. timeout= 10
GetData ===>> H2,45.688089715963,H1,20.655569778881,AX,0.999769138067234,L1,-0.00493264649966066,L2,-0.03408596...
GetData ===>> H2,65.7462121919813,H1,39.2205964379753,AX,5.84551550178704,L1,-0.0162406578724366,L2,-0.15386829...
GetData ===>> H2,37.3763847121005,H1,18.580276138633,AX,2.58397328833992,L1,-0.0247899564234882,L2,-0.075168784...
Get Checksum: -860229079
GetData ===>> H2,16.0257870562734,H1,9.13447294791625,AX,1.14797741752835,L1,-0.0203281721327055,L2,-0.05971643...
GetData ===>> H2,5.64183234848636,H1,4.85424897392484,AX,0.612324447384665,L1,-0.0275790629469396,L2,-0.0255713...
GetData ===>> H2,1.74394422445021,H1,2.79621750540071,AX,0.196867973626315,L1,0.0100257428881193,L2,-0.04915550...
GetData ===>> H2,0.602029017301526,H1,1.74433337770712,AX,-0.0352247905083915,L1,0.0222846212674944,L2,0.021819...
GetData ===>> H2,0.278026625628362,H1,1.2219955008457,AX,0.0720387308188161,L1,-0.000126012931071825,L2,0.08115...
GetData ===>> H2,0.278026625628362,H1,1.2219955008457,AX,0.0720387308188161,L1,-0.000126012931071825,L2,0.08115...
Get Checksum: -860229079
GetData ===>> H2,0.255563887611329,H1,1.03288490255526,AX,0.047749324587512,L1,-0.0147187966854821,L2,0.0415024...
GetData ===>> H2,0.284584686633561,H1,0.820910632830852,AX,0.108522504834012,L1,7.80137903667861E-05,L2,0.03772...
GetData ===>> H2,0.345259847208957,H1,0.677169995163918,AX,-0.0063218151851559,L1,0.0099562008838707,L2,0.04838...
GetData ===>> H2,0.31550088589482,H1,0.677481055469209,AX,-0.0685476634554307,L1,0.00254106245858665,L2,0.03901...
GetData ===>> H2,0.254420458970478,H1,0.686789382637687,AX,0.0330798495306275,L1,-0.00909909819337017,L2,-0.038...
GetData ===>> H2,0.155934794634806,H1,0.764400319560088,AX,-0.0273851848510833,L1,-0.0136401730163445,L2,0.0071...
GetData ===>> H2,0.0965339483624812,H1,0.680352426853603,AX,-0.0162277341106136,L1,-0.0169955114843911,L2,0.027...
GetData ===>> H2,0.168340560704258,H1,0.671260032396215,AX,-0.0163205248379287,L1,-0.010118261084054,L2,-0.0503...
Get Checksum: -860229079
GetData ===>> H2,0.127004724155884,H1,0.739592773228526,AX,0.0295056604349683,L1,0.0291968581522294,L2,-0.02650...
GetData ===>> H2,-0.0357916936473235,H1,0.70753880997787,AX,0.028879030411637,L1,0.0381504172921687,L2,0.043758...
GetData ===>> H2,-0.0604494760456779,H1,0.740023740091567,AX,0.0197121263569868,L1,0.0376622735716337,L2,0.0218...
GetData ===>> H2,-0.140272054642922,H1,0.821317986544545,AX,0.133749267188923,L1,0.0259010659330197,L2,0.025327...
Peak center failed to move to a baseline position
_do_sweep sm= 5.86394, em= 5.89394, stm= 0.001
calculated step values: start=5.86394, end=5.89394, width=0.001, nsteps=31.0
setting magnet DAC
current  : 5.863940
requested: 5.863940
Delta Dac: 0.000000
Checking detector protection. dv=0.00000
Checking detector "CDD". Protection Threshold: 0.1 (V)
SetMagnetDAC 5.86394 ===>> OK
GetData ===>> H2,-0.140272054642922,H1,0.821317986544545,AX,0.133749267188923,L1,0.0259010659330197,L2,0.025327...
setting magnet DAC
current  : 5.863940
requested: 5.864974
Delta Dac: 0.001034
Checking detector protection. dv=0.00103
Checking detector "CDD". Protection Threshold: 0.1 (V)
SetMagnetDAC 5.86497448276 ===>> OK
Magnet settling time: 1.049
GetData ===>> H2,-0.188975446413957,H1,1.42973714643182,AX,0.253410278458477,L1,-0.00883289983044666,L2,0.09416...
setting magnet DAC
current  : 5.864974
requested: 5.866009
Delta Dac: 0.001034
Checking detector protection. dv=0.00103
Checking detector "CDD". Protection Threshold: 0.1 (V)
SetMagnetDAC 5.86600896552 ===>> OK
Magnet settling time: 1.049
Get Checksum: -860229079
GetData ===>> H2,-0.109161306873395,H1,5.18790783455796,AX,0.800483065746757,L1,-0.0423810166216373,L2,-0.16523...
setting magnet DAC
current  : 5.866009
requested: 5.867043
Delta Dac: 0.001034
Checking detector protection. dv=0.00103
Checking detector "CDD". Protection Threshold: 0.1 (V)
SetMagnetDAC 5.86704344828 ===>> OK
Magnet settling time: 1.049
GetData ===>> H2,-0.125890146464236,H1,19.3369285840368,AX,2.65080421092634,L1,-0.00979933414375,L2,0.062374369...
setting magnet DAC
current  : 5.867043
requested: 5.868078
Delta Dac: 0.001034
Checking detector protection. dv=0.00103
Checking detector "CDD". Protection Threshold: 0.1 (V)
SetMagnetDAC 5.86807793103 ===>> OK
Magnet settling time: 1.049
Get Checksum: -860229079
GetData ===>> H2,-0.0920126384074692,H1,66.1168479934202,AX,8.9866809341629,L1,-0.00719958280248252,L2,-0.10347...
setting magnet DAC
current  : 5.868078
requested: 5.869112
Delta Dac: 0.001034
Checking detector protection. dv=0.00103
Checking detector "CDD". Protection Threshold: 0.1 (V)
SetMagnetDAC 5.86911241379 ===>> OK
Magnet settling time: 1.049
GetData ===>> H2,-0.134953251346393,H1,179.898443876685,AX,26.2485574673168,L1,0.0851763399453828,L2,-0.0801066...
setting magnet DAC
current  : 5.869112
requested: 5.870147
Delta Dac: 0.001034
Checking detector protection. dv=0.00103
Checking detector "CDD". Protection Threshold: 0.1 (V)
SetMagnetDAC 5.87014689655 ===>> OK
Magnet settling time: 1.049
GetData ===>> H2,-0.268937519099792,H1,507.301602784334,AX,85.1932243708132,L1,0.551619329155774,L2,0.120160471...
setting magnet DAC
current  : 5.870147
requested: 5.871181
Delta Dac: 0.001034
Checking detector protection. dv=0.00103
Checking detector "CDD". Protection Threshold: 0.1 (V)
SetMagnetDAC 5.87118137931 ===>> OK
Magnet settling time: 1.049
Get Checksum: -860229079
GetData ===>> H2,-0.128072115928053,H1,737.812029126914,AX,136.28416708949,L1,1.03834550345135,L2,0.23684195278...
setting magnet DAC
current  : 5.871181
requested: 5.872216
Delta Dac: 0.001034
Checking detector protection. dv=0.00103
Checking detector "CDD". Protection Threshold: 0.1 (V)
SetMagnetDAC 5.87221586207 ===>> OK
Magnet settling time: 1.049
GetData ===>> H2,-0.0911950938257466,H1,876.494456482407,AX,174.013612216699,L1,1.55797831489332,L2,0.344779387...
setting magnet DAC
current  : 5.872216
requested: 5.873250
Delta Dac: 0.001034
Checking detector protection. dv=0.00103
Checking detector "CDD". Protection Threshold: 0.1 (V)
SetMagnetDAC 5.87325034483 ===>> OK
Magnet settling time: 1.049
GetData ===>> H2,-0.13309418862494,H1,935.470401983419,AX,193.569048646815,L1,1.9960298838504,L2,0.672648578302...
setting magnet DAC
current  : 5.873250
requested: 5.874285
Delta Dac: 0.001034
Checking detector protection. dv=0.00103
Checking detector "CDD". Protection Threshold: 0.1 (V)
SetMagnetDAC 5.87428482759 ===>> OK
Magnet settling time: 1.049
Get Checksum: -860229079
GetData ===>> H2,-0.120318408474738,H1,955.264914650234,AX,200.6436596941,L1,2.27900545048494,L2,0.850585638942...
setting magnet DAC
current  : 5.874285
requested: 5.875319
Delta Dac: 0.001034
Checking detector protection. dv=0.00103
Checking detector "CDD". Protection Threshold: 0.1 (V)
SetMagnetDAC 5.87531931034 ===>> OK
Magnet settling time: 1.049
GetData ===>> H2,-0.12404852984817,H1,960.426840520723,AX,202.524205961081,L1,2.3442904342945,L2,0.812070593711...
setting magnet DAC
current  : 5.875319
requested: 5.876354
Delta Dac: 0.001034
Checking detector protection. dv=0.00103
Checking detector "CDD". Protection Threshold: 0.1 (V)
SetMagnetDAC 5.8763537931 ===>> OK
Magnet settling time: 1.049
GetData ===>> H2,-0.193885847527466,H1,961.594745939642,AX,203.167967436712,L1,2.43680305615532,L2,0.8493038441...
setting magnet DAC
current  : 5.876354
requested: 5.877388
Delta Dac: 0.001034
Checking detector protection. dv=0.00103
Checking detector "CDD". Protection Threshold: 0.1 (V)
SetMagnetDAC 5.87738827586 ===>> OK
Magnet settling time: 1.049
Get Checksum: -860229079
GetData ===>> H2,-0.108864771477933,H1,961.622719050403,AX,203.205615879674,L1,2.55487472365161,L2,0.8222528087...
setting magnet DAC
current  : 5.877388
requested: 5.878423
Delta Dac: 0.001034
Checking detector protection. dv=0.00103
Checking detector "CDD". Protection Threshold: 0.1 (V)
SetMagnetDAC 5.87842275862 ===>> OK
Magnet settling time: 1.049
GetData ===>> H2,-0.152907834655657,H1,961.485774438313,AX,203.194756844444,L1,2.5400348103216,L2,0.86425154951...
setting magnet DAC
current  : 5.878423
requested: 5.879457
Delta Dac: 0.001034
Checking detector protection. dv=0.00103
Checking detector "CDD". Protection Threshold: 0.1 (V)
SetMagnetDAC 5.87945724138 ===>> OK
Magnet settling time: 1.049
Get Checksum: -860229079
GetData ===>> H2,-0.135336915324263,H1,960.861389952876,AX,203.143172669018,L1,2.5210488763133,L2,0.83641817932...
setting magnet DAC
current  : 5.879457
requested: 5.880492
Delta Dac: 0.001034
Checking detector protection. dv=0.00103
Checking detector "CDD". Protection Threshold: 0.1 (V)
SetMagnetDAC 5.88049172414 ===>> OK
Magnet settling time: 1.049
GetData ===>> H2,-0.165808867303776,H1,960.384788086843,AX,202.884530230216,L1,2.58095053661846,L2,0.8177679248...
setting magnet DAC
current  : 5.880492
requested: 5.881526
Delta Dac: 0.001034
Checking detector protection. dv=0.00103
Checking detector "CDD". Protection Threshold: 0.1 (V)
SetMagnetDAC 5.8815262069 ===>> OK
Magnet settling time: 1.049
GetData ===>> H2,-0.0916905003768089,H1,960.251181169268,AX,202.643659665036,L1,2.60309263148967,L2,0.922920298...
setting magnet DAC
current  : 5.881526
requested: 5.882561
Delta Dac: 0.001034
Checking detector protection. dv=0.00103
Checking detector "CDD". Protection Threshold: 0.1 (V)
SetMagnetDAC 5.88256068966 ===>> OK
Magnet settling time: 1.049
Get Checksum: -860229079
GetData ===>> H2,-0.0258685055233158,H1,958.827574339591,AX,202.111788200565,L1,2.56408614628172,L2,0.822207043...
setting magnet DAC
current  : 5.882561
requested: 5.883595
Delta Dac: 0.001034
Checking detector protection. dv=0.00103
Checking detector "CDD". Protection Threshold: 0.1 (V)
SetMagnetDAC 5.88359517241 ===>> OK
Magnet settling time: 1.049
GetData ===>> H2,-0.122633987044904,H1,951.181221264036,AX,199.293901721713,L1,2.54421222891589,L2,0.7071308507...
setting magnet DAC
current  : 5.883595
requested: 5.884630
Delta Dac: 0.001034
Checking detector protection. dv=0.00103
Checking detector "CDD". Protection Threshold: 0.1 (V)
SetMagnetDAC 5.88462965517 ===>> OK
Magnet settling time: 1.049
GetData ===>> H2,-0.123623915055275,H1,924.476426702008,AX,188.924288375654,L1,2.412102150502,L2,0.761129967623...
setting magnet DAC
current  : 5.884630
requested: 5.885664
Delta Dac: 0.001034
Checking detector protection. dv=0.00103
Checking detector "CDD". Protection Threshold: 0.1 (V)
SetMagnetDAC 5.88566413793 ===>> OK
Magnet settling time: 1.049
Get Checksum: -860229079
GetData ===>> H2,-0.181445439762003,H1,843.470192494639,AX,161.130243295326,L1,2.15961782454256,L2,0.6129246368...
setting magnet DAC
current  : 5.885664
requested: 5.886699
Delta Dac: 0.001034
Checking detector protection. dv=0.00103
Checking detector "CDD". Protection Threshold: 0.1 (V)
SetMagnetDAC 5.88669862069 ===>> OK
Magnet settling time: 1.049
GetData ===>> H2,-0.264876497047606,H1,665.780074307554,AX,112.549283704682,L1,1.64334498877645,L2,0.2939670949...
setting magnet DAC
current  : 5.886699
requested: 5.887733
Delta Dac: 0.001034
Checking detector protection. dv=0.00103
Checking detector "CDD". Protection Threshold: 0.1 (V)
SetMagnetDAC 5.88773310345 ===>> OK
Magnet settling time: 1.049
GetData ===>> H2,-0.21002073369696,H1,420.413883732404,AX,60.8341471461187,L1,1.104091908434,L2,0.1894586033872...
setting magnet DAC
current  : 5.887733
requested: 5.888768
Delta Dac: 0.001034
Checking detector protection. dv=0.00103
Checking detector "CDD". Protection Threshold: 0.1 (V)
SetMagnetDAC 5.88876758621 ===>> OK
Magnet settling time: 1.049
Get Checksum: -860229079
GetData ===>> H2,-0.257102223867534,H1,203.27751473296,AX,24.6762097542848,L1,0.703108486878145,L2,0.0573610475...
setting magnet DAC
current  : 5.888768
requested: 5.889802
Delta Dac: 0.001034
Checking detector protection. dv=0.00103
Checking detector "CDD". Protection Threshold: 0.1 (V)
SetMagnetDAC 5.88980206897 ===>> OK
Magnet settling time: 1.049
GetData ===>> H2,-0.284898325539207,H1,75.873206587673,AX,7.469297433667,L1,0.423482908810045,L2,0.025487021663...
setting magnet DAC
current  : 5.889802
requested: 5.890837
Delta Dac: 0.001034
Checking detector protection. dv=0.00103
Checking detector "CDD". Protection Threshold: 0.1 (V)
SetMagnetDAC 5.89083655172 ===>> OK
Magnet settling time: 1.049
Get Checksum: -860229079
GetData ===>> H2,-0.294241501837645,H1,22.762253633856,AX,1.80026402852292,L1,0.218277339720236,L2,0.0304303313...
setting magnet DAC
current  : 5.890837
requested: 5.891871
Delta Dac: 0.001034
Checking detector protection. dv=0.00103
Checking detector "CDD". Protection Threshold: 0.1 (V)
SetMagnetDAC 5.89187103448 ===>> OK
Magnet settling time: 1.049
GetData ===>> H2,-0.193096771506579,H1,5.83350162814307,AX,0.182435909325129,L1,0.174260404316453,L2,0.07771220...
setting magnet DAC
current  : 5.891871
requested: 5.892906
Delta Dac: 0.001034
Checking detector protection. dv=0.00103
Checking detector "CDD". Protection Threshold: 0.1 (V)
SetMagnetDAC 5.89290551724 ===>> OK
Magnet settling time: 1.049
GetData ===>> H2,-0.172642406419015,H1,1.18449456198697,AX,-0.0808350567845095,L1,0.080140201069337,L2,-0.13628...
setting magnet DAC
current  : 5.892906
requested: 5.893940
Delta Dac: 0.001034
Checking detector protection. dv=0.00103
Checking detector "CDD". Protection Threshold: 0.1 (V)
SetMagnetDAC 5.89394 ===>> OK
Magnet settling time: 1.049
Get Checksum: -860229079
GetData ===>> H2,-0.0994761041822759,H1,-0.0564684959785787,AX,-0.228510050875812,L1,0.0273230249191056,L2,0.04...
result of _do_sweep=True
result of _calculate_peak_center=([5.8710642484969924, 5.8787596392785559, 5.8864550300601186], [711.7121511943518, 961.62159788363908, 707.62093380057547], 5.8773468136272529, 961.62159788363908)
Failed to find a valid peak. No peak greater than 1.0. max = 0.0297248095338
new center pos Detector(H1) (Ar40) @ 5.87875963928
GetHighVoltage ===>> 4500
GetDeflection H1 ===>> 0
dac uncorrected for HV and deflection 5.87875963928
update mftable H1 Ar40 5.87875963928 message=automated run peakcenter
get initial guess parabolic
get initial guess parabolic
get initial guess parabolic
get initial guess parabolic
get initial guess parabolic
get initial guess parabolic
dump mftable to /Users/jan/PychronDev/setupfiles/spectrometer/mftables/mftable.csv
add to repo msg=modified - automated run peakcenter
sweep finished
locally archiving mftable
setting magnet DAC
current  : 5.893940
requested: 5.878760
Delta Dac: 0.015180
Checking detector protection. dv=0.01518
Checking detector "CDD". Protection Threshold: 0.1 (V)
SetMagnetDAC 5.87875963928 ===>> OK
Magnet settling time: 0.500
setting integration time = 1.048576
SetIntegrationTime 1.048576 ===>> OK
Failed to find a valid peak. No peak greater than 1.0. max = 0.0297248095338
flush and close file /Users/jan/PychronDev/data/isotopes/0a/746183-4642-460e-8b70-955fba2c53f4.h5
finished measure script
executed 226.132928
jan_unknown120_60.py completed successfully
Measurement Finished
00:16:27 -- ******* Measurement Finished *******
Post Measurement Started jan_pump_ms.py
00:16:27 -- ******* Post Measurement Started jan_pump_ms.py *******
testing...
no interpolation path defined
executed 0
Pumping spectrometer
open () {'name': 'O'}
opening name=O desc=---
checking ownership. requestor=129.138.12.150
check software interlocks O
interlocks []
actuate state mode=None-script, software_lock=False
doing actuation None-script open_channel True
Open O ===>> OK
GetIndicatorState O ===>> OK
change switch state (True, True)
update switch state O True args=() kw={} ncanvase=2
00:16:28 -- OPEN   VALVE-O (Jan Ion Pump)
---------------------------------------- open O () result=[(True, True)], time=0.10 sec
action=open, ok=True, locked=[False]
executed 0
jan_pump_ms.py completed successfully
setting _ms_pumptime
Post Measurement Finished
00:16:28 -- ******* Post Measurement Finished *******
$$$$$$$$$$$$$$$$$$$$ state at run end measurement
state changed from measurement to success
post measurement save measured=True aborted=False
Set filtering
setting fod for Ar40= {'filter_outliers': True, 'std_devs': 2, 'iterations': 1}
setting fod for H1= {'filter_outliers': True, 'std_devs': 2, 'iterations': 1}
setting fod for PM41= {'filter_outliers': False, 'std_devs': 2, 'iterations': 1}
setting fod for H2= {'filter_outliers': True, 'std_devs': 2, 'iterations': 1}
setting fod for Ar36= {'filter_outliers': True, 'std_devs': 2, 'iterations': 1}
setting fod for CDD= {'filter_outliers': True, 'std_devs': 10, 'iterations': 1}
setting fod for Ar37= {'filter_outliers': True, 'std_devs': 2, 'iterations': 1}
setting fod for L2= {'filter_outliers': True, 'std_devs': 2, 'iterations': 1}
setting fod for Ar38= {'filter_outliers': True, 'std_devs': 2, 'iterations': 1}
setting fod for L1= {'filter_outliers': True, 'std_devs': 2, 'iterations': 1}
setting fod for Ar39= {'filter_outliers': True, 'std_devs': 2, 'iterations': 1}
setting fod for AX= {'filter_outliers': True, 'std_devs': 2, 'iterations': 1}
persistence save...
persistence save - db
post measurement save
5049255504 connecting to database sqlite:////Users/jan/PychronDev/.appdata/local_lab.db
connected to db sqlite:////Users/jan/PychronDev/.appdata/local_lab.db
create new session 5049255504
close session 5049255504
No database instance. Not saving post measurement to isotopedb database
$$$$$$$$$$$$$$$ auto_save_detector_ic=False
massspec enabled True
create new session 4979649712
MassSpec Database Version: 16.0
close session 4979649712
saving post measurement to secondary database
saving to massspec database 129.138.12.160/massspecdata
setting labnumber to 65569
setting aliquot to 31
setting step to 
setting uuid to 0a746183-4642-460e-8b70-955fba2c53f4
setting irradpos to 65569
setting extract_device to Fusions CO2
setting tray to 
setting position to 180
setting power_requested to 5.0
setting extract_value to 5.0
setting duration to 30.0
setting duration_at_request to 30.0
setting first_stage_delay to 30.0
setting cleanup to 30.0
setting comment to M:11 w/o inclusions
setting irradiation to NM-289
setting level to M
setting irradiation_level to M
setting sample to NM-2602 WO
setting material to Sanidine
setting project to JoyitaHills
setting mass_spectrometer to Jan
no attribute chron_dosages
no attribute production_ratios
no attribute interference_corrections
no attribute production_name
no attribute j
Reference Isotope=Ar40
Reference Detector=H1
%%%%%%%%%%%%%%%%%%%% Comment: M:11 w/o inclusions %%%%%%%%%%%%%%%%%%%
adding isotope PM41 H2
add baseline dbdet= PM41. original det= H2
get baseline data PM41 H2
Get data baseline <pychron.processing.isotope.Baseline object at 0x144c30190> len t=60
baseline PM41. v=-0.195691592719, e=0.0063987766408
get signal data PM41 H2
Get data signal PM41 0.11+/-0.07 len t=120
adding isotope Ar40 H1
add baseline dbdet= Ar40. original det= H1
get baseline data Ar40 H1
Get data baseline <pychron.processing.isotope.Baseline object at 0x144c30710> len t=60
baseline Ar40. v=-0.010982474888, e=0.00421504990496
get signal data Ar40 H1
Get data signal Ar40 1059.15+/-0.05 len t=120
adding isotope Ar39 AX
add baseline dbdet= Ar39. original det= AX
get baseline data Ar39 AX
Get data baseline <pychron.processing.isotope.Baseline object at 0x144c30ad0> len t=60
baseline Ar39. v=-0.0746214236154, e=0.00706819643093
get signal data Ar39 AX
Get data signal Ar39 223.536+/-0.026 len t=120
adding isotope Ar38 L1
add baseline dbdet= Ar38. original det= L1
get baseline data Ar38 L1
Get data baseline <pychron.processing.isotope.Baseline object at 0x144c30f50> len t=60
baseline Ar38. v=-0.0251829819343, e=0.00403536565908
get signal data Ar38 L1
Get data signal Ar38 2.855+/-0.007 len t=120
adding isotope Ar37 L2
add baseline dbdet= Ar37. original det= L2
get baseline data Ar37 L2
Get data baseline <pychron.processing.isotope.Baseline object at 0x144c30b90> len t=60
baseline Ar37. v=-0.0253095277904, e=0.00520641727113
get signal data Ar37 L2
Get data signal Ar37 0.956+/-0.011 len t=120
adding isotope Ar36 CDD
add baseline dbdet= Ar36. original det= CDD
get baseline data Ar36 CDD
Get data baseline <pychron.processing.isotope.Baseline object at 0x13a2dd850> len t=60
Get Checksum: -1965264452
baseline Ar36. v=0.000215854849129, e=2.27739538583e-05
get signal data Ar36 CDD
Get data signal Ar36 0.0196+/-0.0004 len t=120
65569-31 added analysis time 0.543694019318s
analysis added to mass spec database
mass spec save time= 0.552
persistence save - dvc
================= post measurement started
create new session 4984345712
close session 4984345712
---------------- Experiment Queue saving disabled
DVC saving peakcenter
Failed to find a valid peak. No peak greater than 1.0. max = 0.0297248095338
Smart pull ahead: 0 behind: 0
Up-to-date with origin
add to repo msg=modified - ad8224ebc6dbfeb9f5997218dfa5fe690569839d.json
add to repo msg=modified - 69-31.json
add to repo msg=modified - 69-31.dat.json
add to repo msg=modified - 69-31.blan.json
add to repo msg=modified - 69-31.inte.json
add to repo msg=modified - 69-31.icfa.json
add to repo msg=modified - 69-31.base.json
not at valid file /Users/jan/PychronDev/data/.dvc/repositories/Load1783/655/tags/69-31.tags.json
add to repo msg=modified - 69-31.peak.json
add to repo msg=modified - 69-31.extr.json
Get Checksum: -1965264452
not at valid file /Users/jan/PychronDev/data/.dvc/repositories/Load1783/655/monitor/69-31.moni.json
commit message=<COLLECTION>
add to repo msg=modified - 69-31.inte.json
add to repo msg=modified - 69-31.base.json
commit message=<ISOEVO> default collection fits
add to repo msg=modified - 69-31.blan.json
commit message=<BLANKS> preceding bu-FC-J-7490
add to repo msg=modified - 69-31.icfa.json
Get Checksum: -1965264452
commit message=<ICFactor> default
push repository <pychron.git_archive.repo_manager.GitRepoManager object at 0x143147830>
pushing to remote=origin, url=https://github.com
Get Checksum: -1965264452
no changes to meta repo
create new session 4984345712
add association Load1783
get identifier "65569"
setting analysis irradiation position=<pychron.dvc.dvc_orm.IrradiationPositionTbl object at 0x14ac78350>
close session 4984345712
================= post measurement finished
00:16:40 -- ******* Post Run Check *******
loading queue conditionals post_run_actions
loading system conditionals post_run_actions
loading conditionals from /Users/jan/PychronDev/setupfiles/spectrometer/default_conditionals.yaml
loading queue conditionals post_run_terminations
loading system conditionals post_run_terminations
loading conditionals from /Users/jan/PychronDev/setupfiles/spectrometer/default_conditionals.yaml
Checking default post run terminations n=1
GetDeflection CDD ===>> 50
testing CDD==2000
evaluate ot="CDD.deflection==2000" t="CDD==2000", ctx="{'CDD': 50.0}"
00:16:40 -- ******* Post Run Check Passed *******
00:16:40 -- Automated run 65569-31 success duration: 367.040 s
----------------- finish -----------------
----------------- stop -----------------
retroactive repository identifiers disabled
finish run. runs completed=30
update duration runid=65569-31, duration=367.040395021, md5=301e91d8
loading script "jan_unknown400_120.py"
loading script "jan_pump_ms.py"
loading script "jan_co2.py"
loading script "jan_pump_extraction_line.py"
testing...
no interpolation path defined
executed 556.052928
script duration name:unknown400_120 seconds:556.0
loading script "jan_unknown400_120.py"
loading script "jan_pump_ms.py"
loading script "jan_co2.py"
loading script "jan_pump_extraction_line.py"
testing...
no interpolation path defined
executed 0
loading script "jan_unknown400_120.py"
loading script "jan_pump_ms.py"
loading script "jan_co2.py"
loading script "jan_pump_extraction_line.py"
testing...
no interpolation path defined
calculate duration
testing...
no interpolation path defined
executed 0
calculate duration
testing...
no interpolation path defined
executed 0
executed 0.0
script duration name:co2 seconds:0.0
loading script "jan_unknown400_120.py"
loading script "jan_pump_ms.py"
loading script "jan_co2.py"
loading script "jan_pump_extraction_line.py"
testing...
no interpolation path defined
calculate duration
testing...
no interpolation path defined
executed 4.0
executed 4.0
Script duration 556.0
Run total estimated duration= 557.000
unknown400_120 in script context. using previous estimated duration
script duration name:unknown400_120 seconds:556.0
pump_ms in script context. using previous estimated duration
loading script "jan_unknown400_120.py"
loading script "jan_pump_ms.py"
loading script "jan_cocktail_x1.py"
loading script "jan_pump_extraction_line.py"
testing...
no interpolation path defined
calculate duration
testing...
no interpolation path defined
executed 0
calculate duration
testing...
no interpolation path defined
executed 0
calculate duration
testing...
no interpolation path defined
executed 32.0
calculate duration
testing...
no interpolation path defined
executed 34.0
calculate duration
testing...
no interpolation path defined
executed 4.0
calculate duration
testing...
no interpolation path defined
executed 38.0
executed 108.0
script duration name:cocktail_x1 seconds:108.0
pump_extraction_line in script context. using previous estimated duration
Script duration 664.0
Run total estimated duration= 665.000
script duration name:unknown400_120 seconds:556.0
loading script "jan_unknown400_120.py"
loading script "jan_pump_ms.py"
loading script "jan_sniffair_x2.py"
loading script "jan_pump_extraction_line.py"
testing...
no interpolation path defined
calculate duration
testing...
no interpolation path defined
executed 0
calculate duration
testing...
no interpolation path defined
executed 0
calculate duration
testing...
no interpolation path defined
executed 32.0
calculate duration
testing...
no interpolation path defined
executed 34.0
calculate duration
testing...
no interpolation path defined
executed 4.0
calculate duration
testing...
no interpolation path defined
executed 36.0
calculate duration
testing...
no interpolation path defined
executed 34.0
calculate duration
testing...
no interpolation path defined
executed 4.0
calculate duration
testing...
no interpolation path defined
executed 36.0
calculate duration
testing...
no interpolation path defined
executed 70.0
executed 250.0
script duration name:sniffair_x2 seconds:250.0
Script duration 806.0
Run total estimated duration= 807.000
loading script "jan_unknown120_60.py"
loading script "jan_pump_ms.py"
loading script "jan_cocktail_x1.py"
loading script "jan_pump_extraction_line.py"
testing...
no interpolation path defined
executed 213.652928
script duration name:unknown120_60 seconds:214.0
cocktail_x1 in script context. using previous estimated duration
script duration name:cocktail_x1 seconds:108.0
Script duration 322.0
Run total estimated duration= 323.000
loading script "jan_ic_peak_hop3.py"
loading script "jan_pump_ms.py"
loading script "jan_air_x1.py"
loading script "jan_pump_extraction_line.py"
testing...
no interpolation path defined
executed 133.8
script duration name:ic_peak_hop3 seconds:134.0
loading script "jan_ic_peak_hop3.py"
loading script "jan_pump_ms.py"
loading script "jan_air_x1.py"
loading script "jan_pump_extraction_line.py"
testing...
no interpolation path defined
calculate duration
testing...
no interpolation path defined
executed 0
calculate duration
testing...
no interpolation path defined
executed 0
calculate duration
testing...
no interpolation path defined
executed 32.0
calculate duration
testing...
no interpolation path defined
executed 34.0
calculate duration
testing...
no interpolation path defined
executed 4.0
calculate duration
testing...
no interpolation path defined
executed 36.0
executed 106.0
script duration name:air_x1 seconds:106.0
Script duration 240.0
Run total estimated duration= 241.000
unknown120_60 in script context. using previous estimated duration
script duration name:unknown120_60 seconds:214.0
co2 in script context. using previous estimated duration
script duration name:co2 seconds:0.0
Script duration 214.0
Run total estimated duration= 215.000
script duration name:unknown120_60 seconds:214.0
script duration name:co2 seconds:0.0
Script duration 214.0
Run total estimated duration= 215.000
script duration name:unknown120_60 seconds:214.0
script duration name:co2 seconds:0.0
Script duration 214.0
Run total estimated duration= 215.000
script duration name:unknown120_60 seconds:214.0
script duration name:co2 seconds:0.0
Script duration 214.0
Run total estimated duration= 215.000
script duration name:unknown120_60 seconds:214.0
script duration name:co2 seconds:0.0
Script duration 214.0
Run total estimated duration= 215.000
script duration name:unknown120_60 seconds:214.0
script duration name:co2 seconds:0.0
Script duration 214.0
Run total estimated duration= 215.000
script duration name:unknown120_60 seconds:214.0
script duration name:co2 seconds:0.0
Script duration 214.0
Run total estimated duration= 215.000
script duration name:unknown120_60 seconds:214.0
script duration name:co2 seconds:0.0
Script duration 214.0
Run total estimated duration= 215.000
script duration name:unknown120_60 seconds:214.0
script duration name:co2 seconds:0.0
Script duration 214.0
Run total estimated duration= 215.000
script duration name:unknown120_60 seconds:214.0
script duration name:co2 seconds:0.0
Script duration 214.0
Run total estimated duration= 215.000
script duration name:unknown120_60 seconds:214.0
script duration name:co2 seconds:0.0
Script duration 214.0
Run total estimated duration= 215.000
script duration name:unknown120_60 seconds:214.0
script duration name:co2 seconds:0.0
Script duration 214.0
Run total estimated duration= 215.000
script duration name:unknown120_60 seconds:214.0
script duration name:co2 seconds:0.0
Script duration 214.0
Run total estimated duration= 215.000
script duration name:unknown120_60 seconds:214.0
script duration name:co2 seconds:0.0
Script duration 214.0
Run total estimated duration= 215.000
script duration name:unknown120_60 seconds:214.0
script duration name:co2 seconds:0.0
Script duration 214.0
Run total estimated duration= 215.000
script duration name:unknown120_60 seconds:214.0
script duration name:co2 seconds:0.0
Script duration 214.0
Run total estimated duration= 215.000
script duration name:unknown400_120 seconds:556.0
script duration name:co2 seconds:0.0
Script duration 556.0
Run total estimated duration= 557.000
script duration name:unknown120_60 seconds:214.0
script duration name:co2 seconds:0.0
Script duration 214.0
Run total estimated duration= 215.000
script duration name:unknown120_60 seconds:214.0
script duration name:co2 seconds:0.0
Script duration 214.0
Run total estimated duration= 215.000
script duration name:unknown120_60 seconds:214.0
script duration name:co2 seconds:0.0
Script duration 214.0
Run total estimated duration= 215.000
script duration name:unknown120_60 seconds:214.0
script duration name:co2 seconds:0.0
Script duration 214.0
Run total estimated duration= 215.000
script duration name:unknown120_60 seconds:214.0
script duration name:co2 seconds:0.0
Script duration 214.0
Run total estimated duration= 215.000
script duration name:unknown120_60 seconds:214.0
script duration name:co2 seconds:0.0
Script duration 214.0
Run total estimated duration= 215.000
script duration name:unknown120_60 seconds:214.0
script duration name:co2 seconds:0.0
Script duration 214.0
Run total estimated duration= 215.000
script duration name:unknown120_60 seconds:214.0
script duration name:co2 seconds:0.0
Script duration 214.0
Run total estimated duration= 215.000
script duration name:unknown120_60 seconds:214.0
script duration name:co2 seconds:0.0
Script duration 214.0
Run total estimated duration= 215.000
script duration name:unknown120_60 seconds:214.0
script duration name:co2 seconds:0.0
Script duration 214.0
Run total estimated duration= 215.000
script duration name:unknown120_60 seconds:214.0
script duration name:co2 seconds:0.0
Script duration 214.0
Run total estimated duration= 215.000
script duration name:unknown120_60 seconds:214.0
script duration name:co2 seconds:0.0
Script duration 214.0
Run total estimated duration= 215.000
script duration name:unknown120_60 seconds:214.0
script duration name:co2 seconds:0.0
Script duration 214.0
Run total estimated duration= 215.000
script duration name:unknown120_60 seconds:214.0
script duration name:co2 seconds:0.0
Script duration 214.0
Run total estimated duration= 215.000
script duration name:unknown120_60 seconds:214.0
script duration name:co2 seconds:0.0
Script duration 214.0
Run total estimated duration= 215.000
script duration name:unknown120_60 seconds:214.0
script duration name:co2 seconds:0.0
Script duration 214.0
Run total estimated duration= 215.000
script duration name:unknown120_60 seconds:214.0
script duration name:co2 seconds:0.0
Script duration 214.0
Run total estimated duration= 215.000
script duration name:unknown120_60 seconds:214.0
script duration name:co2 seconds:0.0
Script duration 214.0
Run total estimated duration= 215.000
script duration name:unknown120_60 seconds:214.0
script duration name:co2 seconds:0.0
Script duration 214.0
Run total estimated duration= 215.000
script duration name:unknown400_120 seconds:556.0
script duration name:co2 seconds:0.0
Script duration 556.0
Run total estimated duration= 557.000
script duration name:unknown400_120 seconds:556.0
script duration name:cocktail_x1 seconds:108.0
Script duration 664.0
Run total estimated duration= 665.000
script duration name:unknown120_60 seconds:214.0
script duration name:cocktail_x1 seconds:108.0
Script duration 322.0
Run total estimated duration= 323.000
ic_peak_hop3 in script context. using previous estimated duration
script duration name:ic_peak_hop3 seconds:134.0
air_x1 in script context. using previous estimated duration
script duration name:air_x1 seconds:106.0
Script duration 240.0
Run total estimated duration= 241.000
script duration name:unknown120_60 seconds:214.0
script duration name:co2 seconds:0.0
Script duration 214.0
Run total estimated duration= 215.000
script duration name:unknown120_60 seconds:214.0
script duration name:co2 seconds:0.0
Script duration 214.0
Run total estimated duration= 215.000
script duration name:unknown120_60 seconds:214.0
script duration name:co2 seconds:0.0
Script duration 214.0
Run total estimated duration= 215.000
script duration name:unknown400_120 seconds:556.0
sniffair_x2 in script context. using previous estimated duration
script duration name:sniffair_x2 seconds:250.0
Script duration 806.0
Run total estimated duration= 807.000
script duration name:unknown400_120 seconds:556.0
script duration name:sniffair_x2 seconds:250.0
Script duration 806.0
Run total estimated duration= 807.000
script duration name:unknown120_60 seconds:214.0
script duration name:co2 seconds:0.0
Script duration 214.0
Run total estimated duration= 215.000
script duration name:unknown120_60 seconds:214.0
script duration name:co2 seconds:0.0
Script duration 214.0
Run total estimated duration= 215.000
script duration name:unknown120_60 seconds:214.0
script duration name:co2 seconds:0.0
Script duration 214.0
Run total estimated duration= 215.000
script duration name:unknown120_60 seconds:214.0
script duration name:co2 seconds:0.0
Script duration 214.0
Run total estimated duration= 215.000
script duration name:unknown120_60 seconds:214.0
script duration name:co2 seconds:0.0
Script duration 214.0
Run total estimated duration= 215.000
script duration name:unknown120_60 seconds:214.0
script duration name:co2 seconds:0.0
Script duration 214.0
Run total estimated duration= 215.000
script duration name:unknown120_60 seconds:214.0
script duration name:co2 seconds:0.0
Script duration 214.0
Run total estimated duration= 215.000
script duration name:unknown120_60 seconds:214.0
script duration name:co2 seconds:0.0
Script duration 214.0
Run total estimated duration= 215.000
script duration name:unknown120_60 seconds:214.0
script duration name:co2 seconds:0.0
Script duration 214.0
Run total estimated duration= 215.000
script duration name:unknown120_60 seconds:214.0
script duration name:co2 seconds:0.0
Script duration 214.0
Run total estimated duration= 215.000
script duration name:unknown120_60 seconds:214.0
script duration name:co2 seconds:0.0
Script duration 214.0
Run total estimated duration= 215.000
script duration name:unknown120_60 seconds:214.0
script duration name:co2 seconds:0.0
Script duration 214.0
Run total estimated duration= 215.000
script duration name:unknown120_60 seconds:214.0
script duration name:co2 seconds:0.0
Script duration 214.0
Run total estimated duration= 215.000
script duration name:unknown120_60 seconds:214.0
script duration name:co2 seconds:0.0
Script duration 214.0
Run total estimated duration= 215.000
script duration name:unknown120_60 seconds:214.0
script duration name:co2 seconds:0.0
Script duration 214.0
Run total estimated duration= 215.000
script duration name:unknown120_60 seconds:214.0
script duration name:co2 seconds:0.0
Script duration 214.0
Run total estimated duration= 215.000
script duration name:unknown120_60 seconds:214.0
script duration name:co2 seconds:0.0
Script duration 214.0
Run total estimated duration= 215.000
script duration name:unknown120_60 seconds:214.0
script duration name:co2 seconds:0.0
Script duration 214.0
Run total estimated duration= 215.000
script duration name:unknown400_120 seconds:556.0
script duration name:co2 seconds:0.0
Script duration 556.0
Run total estimated duration= 557.000
script duration name:unknown400_120 seconds:556.0
script duration name:cocktail_x1 seconds:108.0
Script duration 664.0
Run total estimated duration= 665.000
script duration name:unknown120_60 seconds:214.0
script duration name:cocktail_x1 seconds:108.0
Script duration 322.0
Run total estimated duration= 323.000
script duration name:unknown400_120 seconds:556.0
script duration name:sniffair_x2 seconds:250.0
Script duration 806.0
Run total estimated duration= 807.000
script duration name:unknown400_120 seconds:556.0
script duration name:sniffair_x2 seconds:250.0
Script duration 806.0
Run total estimated duration= 807.000
script duration name:ic_peak_hop3 seconds:134.0
script duration name:air_x1 seconds:106.0
Script duration 240.0
Run total estimated duration= 241.000
script duration name:unknown120_60 seconds:214.0
script duration name:co2 seconds:0.0
Script duration 214.0
Run total estimated duration= 215.000
script duration name:unknown120_60 seconds:214.0
script duration name:co2 seconds:0.0
Script duration 214.0
Run total estimated duration= 215.000
script duration name:unknown120_60 seconds:214.0
script duration name:co2 seconds:0.0
Script duration 214.0
Run total estimated duration= 215.000
script duration name:unknown120_60 seconds:214.0
script duration name:co2 seconds:0.0
Script duration 214.0
Run total estimated duration= 215.000
script duration name:unknown120_60 seconds:214.0
script duration name:co2 seconds:0.0
Script duration 214.0
Run total estimated duration= 215.000
script duration name:unknown120_60 seconds:214.0
script duration name:co2 seconds:0.0
Script duration 214.0
Run total estimated duration= 215.000
script duration name:unknown120_60 seconds:214.0
script duration name:co2 seconds:0.0
Script duration 214.0
Run total estimated duration= 215.000
script duration name:unknown120_60 seconds:214.0
script duration name:co2 seconds:0.0
Script duration 214.0
Run total estimated duration= 215.000
script duration name:unknown120_60 seconds:214.0
script duration name:co2 seconds:0.0
Script duration 214.0
Run total estimated duration= 215.000
script duration name:unknown120_60 seconds:214.0
script duration name:co2 seconds:0.0
Script duration 214.0
Run total estimated duration= 215.000
script duration name:unknown120_60 seconds:214.0
script duration name:co2 seconds:0.0
Script duration 214.0
Run total estimated duration= 215.000
script duration name:unknown120_60 seconds:214.0
script duration name:co2 seconds:0.0
Script duration 214.0
Run total estimated duration= 215.000
script duration name:unknown120_60 seconds:214.0
script duration name:co2 seconds:0.0
Script duration 214.0
Run total estimated duration= 215.000
script duration name:unknown120_60 seconds:214.0
script duration name:co2 seconds:0.0
Script duration 214.0
Run total estimated duration= 215.000
script duration name:unknown120_60 seconds:214.0
script duration name:co2 seconds:0.0
Script duration 214.0
Run total estimated duration= 215.000
script duration name:unknown400_120 seconds:556.0
script duration name:co2 seconds:0.0
Script duration 556.0
Run total estimated duration= 557.000
script duration name:unknown400_120 seconds:556.0
script duration name:cocktail_x1 seconds:108.0
Script duration 664.0
Run total estimated duration= 665.000
script duration name:unknown120_60 seconds:214.0
script duration name:cocktail_x1 seconds:108.0
Script duration 322.0
Run total estimated duration= 323.000
script duration name:ic_peak_hop3 seconds:134.0
script duration name:air_x1 seconds:106.0
Script duration 240.0
Run total estimated duration= 241.000
script duration name:unknown120_60 seconds:214.0
script duration name:co2 seconds:0.0
Script duration 214.0
Run total estimated duration= 215.000
script duration name:unknown120_60 seconds:214.0
script duration name:co2 seconds:0.0
Script duration 214.0
Run total estimated duration= 215.000
script duration name:unknown120_60 seconds:214.0
script duration name:co2 seconds:0.0
Script duration 214.0
Run total estimated duration= 215.000
script duration name:unknown120_60 seconds:214.0
script duration name:co2 seconds:0.0
Script duration 214.0
Run total estimated duration= 215.000
script duration name:unknown120_60 seconds:214.0
script duration name:co2 seconds:0.0
Script duration 214.0
Run total estimated duration= 215.000
script duration name:unknown120_60 seconds:214.0
script duration name:co2 seconds:0.0
Script duration 214.0
Run total estimated duration= 215.000
script duration name:unknown120_60 seconds:214.0
script duration name:co2 seconds:0.0
Script duration 214.0
Run total estimated duration= 215.000
script duration name:unknown120_60 seconds:214.0
script duration name:co2 seconds:0.0
Script duration 214.0
Run total estimated duration= 215.000
script duration name:unknown120_60 seconds:214.0
script duration name:co2 seconds:0.0
Script duration 214.0
Run total estimated duration= 215.000
script duration name:unknown120_60 seconds:214.0
script duration name:co2 seconds:0.0
Script duration 214.0
Run total estimated duration= 215.000
script duration name:unknown400_120 seconds:556.0
script duration name:sniffair_x2 seconds:250.0
Script duration 806.0
Run total estimated duration= 807.000
script duration name:unknown400_120 seconds:556.0
script duration name:sniffair_x2 seconds:250.0
Script duration 806.0
Run total estimated duration= 807.000
script duration name:unknown400_120 seconds:556.0
script duration name:co2 seconds:0.0
Script duration 556.0
Run total estimated duration= 557.000
nruns=106 before=5.0, run_dur=31322.0, btw=4725.0
write rem/ex queues
/Users/jan/PychronDev/experiments/rem/CurrentExperiment.rem.txt
/Users/jan/PychronDev/experiments/rem/CurrentExperiment.ex.txt
doing event level: 3
