do run
loading script "jan_unknown120_60.py"
loading script "jan_pump_ms.py"
loading script "jan_co2.py"
loading script "jan_pump_extraction_line.py"
testing...
no interpolation path defined
executed 213.652928
script duration name:unknown120_60 seconds:214.0
loading script "jan_unknown120_60.py"
loading script "jan_pump_ms.py"
loading script "jan_co2.py"
loading script "jan_pump_extraction_line.py"
testing...
no interpolation path defined
executed 0
loading script "jan_unknown120_60.py"
loading script "jan_pump_ms.py"
loading script "jan_co2.py"
loading script "jan_pump_extraction_line.py"
testing...
no interpolation path defined
calculate duration
testing...
no interpolation path defined
executed 0
calculate duration
testing...
no interpolation path defined
executed 0
executed 0.0
script duration name:co2 seconds:0.0
loading script "jan_unknown120_60.py"
loading script "jan_pump_ms.py"
loading script "jan_co2.py"
loading script "jan_pump_extraction_line.py"
testing...
no interpolation path defined
calculate duration
testing...
no interpolation path defined
executed 4.0
executed 4.0
Script duration 214.0
Run total estimated duration= 215.000
run duration: 0:03:35
doing event level: 2
01:22:18 -- Setting default integration. t=1.048576
setting integration time = 1.048576
SetIntegrationTime 1.048576 ===>> OK
----------------- start -----------------
**************** Experiment Type: Ar/Ar, Ar/Ar
create new session 5004766384
close session 5004766384
$$$$$ Clearing conditionals
adding conditionals 
Add queue conditionals
add default conditionals
adding default conditionals from /Users/jan/PychronDev/setupfiles/spectrometer/default_conditionals.yaml
Start automated run 65569-33
loading script "jan_unknown120_60.py"
loading script "jan_pump_ms.py"
loading script "jan_co2.py"
loading script "jan_pump_extraction_line.py"
%%%%%%%%%%%%%%%%%% setting automated run 65569-33
No value "sensitivity_multiplier" in metadata
$$$$$$$$$$$$$$$ auto_save_detector_ic=False
============================= Pre Extraction Check =============================
loading queue conditionals pre_run_terminations
loading system conditionals pre_run_terminations
loading conditionals from /Users/jan/PychronDev/setupfiles/spectrometer/default_conditionals.yaml
01:22:18 -- ******* Pre Extraction Check *******
Get a measurement from the spectrometer
GetData ===>> H2,-0.107401648808731,H1,-0.0746119145840883,AX,-0.0702517625612114,L1,0.00199846784168252,L2,0.0...
Pre Extraction Termination data. keys=H2,H1,AX,L1,L2,CDD, signals=-0.10740,-0.07461,-0.07025,0.00200,0.04678,0.00476
01:22:18 -- testing system defined conditionals
Checking default pre extraction terminations n=2
testing CDD
evaluate ot="CDD.inactive" t="CDD", ctx="{'CDD': False}"
GetDeflection CDD ===>> 50
testing CDD==2000
evaluate ot="CDD.deflection==2000" t="CDD==2000", ctx="{'CDD': 50.0}"
01:22:18 -- ******* Pre Extraction Check Passed *******
=================================================================================
01:22:18 -- stopping status monitor
stop 4976489392
Alive clients [4984697584]
01:22:18 -- starting status monitor
start 4976489392
Monitor already running
start extraction
do extraction
Analysis started at 01:22:19.005226
Extraction Started jan_co2.py
01:22:19 -- ******* Extraction Started jan_co2.py *******
state changed from not run to extraction
DO EXTRACTION <pychron.extraction_line.pyscript_runner.RemotePyScriptRunner object at 0x12988f3b0>
testing...
no interpolation path defined
calculate duration
testing...
no interpolation path defined
executed 0
calculate duration
testing...
no interpolation path defined
executed 0
executed 100.0
Jan CO2 laser analysis
doing GOSUB
testing...
no interpolation path defined
executed 0
Waiting for CO2 access
wait ('FelixCO2Flag', 0) {}
waiting for FelixCO2Flag = 0
Read FelixCO2Flag ===>> 0
finished waiting
CO2 free
wait ('CO2PumpTimeFlag', 0) {}
waiting for CO2PumpTimeFlag = 0
Read CO2PumpTimeFlag ===>> 0
finished waiting
acquire ('JanCO2Flag',) {'clear': True}
acquire JanCO2Flag
Set JanCO2Flag 1 ===>> OK
JanCO2Flag acquired
set extraction state False (0.75, 'red', 1.5)
CO2 acquired
executed 0
WaitForCO2Access.py completed successfully
gosub finished
doing GOSUB
testing...
no interpolation path defined
executed 0
Prepare for CO2 analysis
close () {'description': 'Jan Inlet'}
closing name=--- desc=Jan Inlet
checking ownership. requestor=129.138.12.150
check software interlocks R
interlocks []
actuate state mode=None-script, software_lock=False
doing actuation None-script close_channel False
Close R ===>> OK
GetIndicatorState R ===>> False
change switch state (True, True)
update switch state R False args=() kw={} ncanvase=2
01:22:19 -- CLOSE  VALVE-R (Jan Inlet)
---------------------------------------- close None (Jan Inlet) result=[(True, True)]
action=close, ok=True, locked=[False]
open () {'description': 'Jan Ion Pump'}
opening name=--- desc=Jan Ion Pump
checking ownership. requestor=129.138.12.150
check software interlocks O
interlocks []
actuate state mode=None-script, software_lock=False
doing actuation None-script open_channel False
Open O ===>> OK
GetIndicatorState O ===>> OK
change switch state (True, True)
update switch state O True args=() kw={} ncanvase=2
01:22:19 -- OPEN   VALVE-O (Jan Ion Pump)
---------------------------------------- open None (Jan Ion Pump) result=[(True, True)], time=0.11 sec
action=open, ok=True, locked=[False]
close () {'description': 'Microbone to Minibone'}
closing name=--- desc=Microbone to Minibone
checking ownership. requestor=129.138.12.150
check software interlocks L
interlocks []
actuate state mode=None-script, software_lock=False
doing actuation None-script close_channel False
Close L ===>> OK
GetIndicatorState L ===>> False
change switch state (True, True)
update switch state L False args=() kw={} ncanvase=2
01:22:20 -- CLOSE  VALVE-L (Microbone to Minibone)
---------------------------------------- close None (Microbone to Minibone) result=[(True, True)]
action=close, ok=True, locked=[False]
open () {'description': 'Microbone to Turbo'}
opening name=--- desc=Microbone to Turbo
checking ownership. requestor=129.138.12.150
check software interlocks U
interlocks []
actuate state mode=None-script, software_lock=False
doing actuation None-script open_channel False
Open U ===>> OK
GetIndicatorState U ===>> OK
change switch state (True, True)
update switch state U True args=() kw={} ncanvase=2
01:22:20 -- OPEN   VALVE-U (Microbone to Turbo)
---------------------------------------- open None (Microbone to Turbo) result=[(True, True)], time=0.14 sec
action=open, ok=True, locked=[False]
open () {'description': 'Microbone to Inlet Pipette'}
opening name=--- desc=Microbone to Inlet Pipette
checking ownership. requestor=129.138.12.150
check software interlocks S
interlocks []
actuate state mode=None-script, software_lock=False
doing actuation None-script open_channel False
Open S ===>> OK
Get Checksum: -1965264452
GetIndicatorState S ===>> OK
change switch state (True, True)
update switch state S True args=() kw={} ncanvase=2
01:22:21 -- OPEN   VALVE-S (Microbone to Inlet Pipette)
---------------------------------------- open None (Microbone to Inlet Pipette) result=[(True, True)], time=0.40 sec
action=open, ok=True, locked=[False]
open () {'description': 'Microbone to Getter D-50'}
opening name=--- desc=Microbone to Getter D-50
checking ownership. requestor=129.138.12.150
check software interlocks K
interlocks []
actuate state mode=None-script, software_lock=False
doing actuation None-script open_channel False
Open K ===>> OK
GetIndicatorState K ===>> OK
change switch state (True, True)
update switch state K True args=() kw={} ncanvase=2
01:22:22 -- OPEN   VALVE-K (Microbone to Getter D-50)
---------------------------------------- open None (Microbone to Getter D-50) result=[(True, True)], time=0.40 sec
action=open, ok=True, locked=[False]
open () {'description': 'Microbone to Getter NP-10'}
opening name=--- desc=Microbone to Getter NP-10
checking ownership. requestor=129.138.12.150
check software interlocks M
interlocks []
actuate state mode=None-script, software_lock=False
doing actuation None-script open_channel False
Open M ===>> OK
GetIndicatorState M ===>> OK
change switch state (True, True)
update switch state M True args=() kw={} ncanvase=2
01:22:22 -- OPEN   VALVE-M (Microbone to Getter NP-10)
---------------------------------------- open None (Microbone to Getter NP-10) result=[(True, True)], time=0.15 sec
action=open, ok=True, locked=[False]
close () {'description': 'CO2 Laser to Felix'}
closing name=--- desc=CO2 Laser to Felix
checking ownership. requestor=129.138.12.150
check software interlocks F
interlocks []
actuate state mode=None-script, software_lock=True
VALVE-F(CO2 Laser to Felix) software locked
change switch state (True, False)
---------------------------------------- close None (CO2 Laser to Felix) result=[(True, False)]
action=close, ok=True, locked=[True]
open () {'description': 'CO2 Laser to Jan'}
opening name=--- desc=CO2 Laser to Jan
checking ownership. requestor=129.138.12.150
check software interlocks A
interlocks []
actuate state mode=None-script, software_lock=False
doing actuation None-script open_channel False
Open A ===>> OK
GetIndicatorState A ===>> OK
change switch state (True, True)
update switch state A True args=() kw={} ncanvase=2
01:22:23 -- OPEN   VALVE-A (CO2 Laser to Jan)
---------------------------------------- open None (CO2 Laser to Jan) result=[(True, True)], time=0.13 sec
action=open, ok=True, locked=[False]
open () {'description': 'Microbone to CO2 Laser'}
opening name=--- desc=Microbone to CO2 Laser
checking ownership. requestor=129.138.12.150
check software interlocks T
interlocks []
actuate state mode=None-script, software_lock=False
doing actuation None-script open_channel False
Open T ===>> OK
GetIndicatorState T ===>> OK
change switch state (True, True)
update switch state T True args=() kw={} ncanvase=2
01:22:23 -- OPEN   VALVE-T (Microbone to CO2 Laser)
---------------------------------------- open None (Microbone to CO2 Laser) result=[(True, True)], time=0.41 sec
action=open, ok=True, locked=[False]
executed 0
PrepareForCO2Analysis.py completed successfully
gosub finished
set_motor ('beam', '1.25') {}
setting motor "beam" to 1.25
set motor beam to 1.25
SetMotor beam,1.25 ===>> OK
Get Checksum: -1965264452
GetMotorMoving beam ===>> False
GetMotorMoving beam ===>> False
Block completed
move_to_position ('182',) {'autocenter': True}
FusionsCO2 move to position 182
sending GoToHole 182,True
GoToHole 182,True ===>> OK
GetDriveMoving ===>> OK
GetDriveMoving ===>> OK
GetDriveMoving ===>> OK
GetDriveMoving ===>> OK
GetDriveMoving ===>> OK
GetDriveMoving ===>> OK
GetDriveMoving ===>> False
GetDriveMoving ===>> OK
Get Checksum: -1965264452
GetDriveMoving ===>> OK
GetDriveMoving ===>> OK
GetDriveMoving ===>> OK
GetDriveMoving ===>> OK
GetDriveMoving ===>> OK
GetDriveMoving ===>> OK
GetDriveMoving ===>> OK
GetDriveMoving ===>> OK
GetDriveMoving ===>> OK
GetDriveMoving ===>> OK
GetDriveMoving ===>> OK
GetDriveMoving ===>> OK
Get Checksum: -1965264452
GetDriveMoving ===>> OK
GetDriveMoving ===>> OK
GetDriveMoving ===>> OK
GetDriveMoving ===>> OK
GetDriveMoving ===>> OK
GetDriveMoving ===>> OK
GetDriveMoving ===>> False
Block completed
GetAutoCorrecting ===>> False
GetAutoCorrecting ===>> False
Block completed
update position
GetPosition ===>> 11.96340,-7.97560,1.00000
got position (11.9634, -7.9756, 1.0)
move to position succeeded
sleep (5,) {}
SLEEP 5.0
block started
WaitControl setup for 5.0  
Get Checksum: -1965264452
Get Checksum: -1965264452
Join finished
block finished. duration 5.02100586891
close () {'description': 'Microbone to Turbo'}
closing name=--- desc=Microbone to Turbo
checking ownership. requestor=129.138.12.150
check software interlocks U
interlocks []
actuate state mode=None-script, software_lock=False
doing actuation None-script close_channel True
Close U ===>> OK
GetIndicatorState U ===>> False
change switch state (True, True)
update switch state U False args=() kw={} ncanvase=2
01:22:38 -- CLOSE  VALVE-U (Microbone to Turbo)
---------------------------------------- close None (Microbone to Turbo) result=[(True, True)]
action=close, ok=True, locked=[False]
enable laser
enable () {}
set extraction state FusionsCO2 Enabled (False, 'red', 1.5)
enabling laser
Enable ===>> OK
begin interval
BEGIN INTERVAL Interval 1 waiting for 30.0
block started
WaitControl setup for 30.0  
set extract to 5.0
extract (5.0,) {}
GetPosition ===>> 11.96340,-7.97560,1.00000
set extraction state FusionsCO2 ON! 5.0(watts) (0.75, 'red', 1.5)
extract sample to 5.0 (watts)
set laser output
SetLaserOutput 5.0,watts ===>> OK
executing pattern triangle.lp
execute_pattern ('triangle.lp',) {}
executing pattern triangle.lp
Get Checksum: 1551197106
IsPatterning ===>> OK
IsPatterning ===>> OK
Get Checksum: 1551197106
IsPatterning ===>> OK
IsPatterning ===>> OK
IsPatterning ===>> OK
Get Checksum: 1551197106
IsPatterning ===>> OK
IsPatterning ===>> OK
IsPatterning ===>> OK
Get Checksum: 1551197106
IsPatterning ===>> OK
IsPatterning ===>> OK
IsPatterning ===>> OK
Get Checksum: 1551197106
IsPatterning ===>> OK
IsPatterning ===>> OK
IsPatterning ===>> OK
Get Checksum: 1551197106
IsPatterning ===>> OK
IsPatterning ===>> OK
IsPatterning ===>> OK
Get Checksum: 1551197106
IsPatterning ===>> OK
IsPatterning ===>> OK
IsPatterning ===>> OK
Get Checksum: 1551197106
IsPatterning ===>> OK
IsPatterning ===>> OK
IsPatterning ===>> OK
Get Checksum: 1551197106
IsPatterning ===>> OK
IsPatterning ===>> OK
IsPatterning ===>> OK
Get Checksum: 1551197106
IsPatterning ===>> OK
IsPatterning ===>> False
Join finished
block finished. duration 30.0681068897
Interval 1 finished
IsPatterning ===>> False
Block completed
COMPLETE INTERVAL waiting for Interval 1 to complete
end_extract () {}
ending extraction. set laser power to 0
set laser power 0
SetLaserPower 0 ===>> OK
disable () {}
%%%%%%%%%%%%%%%%%%%%%%%%%%%%%%%%%%% disable
set extraction state False (0.75, 'red', 1.5)
disabling laser
Disable ===>> OK
sleep (30.0,) {}
SLEEP 30.0
block started
WaitControl setup for 30.0  
Get Checksum: 1551197106
Get Checksum: 1551197106
Get Checksum: 1551197106
Get Checksum: 1551197106
Get Checksum: 1551197106
Get Checksum: 1551197106
Get Checksum: 1551197106
Get Checksum: 1551197106
Get Checksum: 1551197106
Get Checksum: 1551197106
Join finished
block finished. duration 30.0787317753
executed 165.0
jan_co2.py completed successfully
GetAchievedOutput ===>> No Response
Requested Output= 0.000
Achieved Output=  0.000
GetResponseBlob ===>> No Response
GetOutputBlob ===>> No Response
persistence save...
persistence save - db
AutomatedRunPersister post_extraction_save deprecated
persistence save - dvc
no extraction position for 182
create new session 4984345712
close session 4984345712
Extraction Finished
01:23:39 -- ******* Extraction Finished *******
no overlap. not waiting for min ms pumptime
01:23:39 -- Sending spectrometer configuration
======== Sending configuration ========
SetDeflection CDD,50.0 ===>> OK
SetDeflection H2,0.0 ===>> OK
SetDeflection H1,0.0 ===>> OK
SetDeflection L2,825.0 ===>> OK
SetDeflection L1,400.0 ===>> OK
SetDeflection AX,190.0 ===>> OK
SetZFocus 74.64 ===>> OK
SetZSymmetry -50.72 ===>> OK
SetExtractionLens 26.13 ===>> OK
SetIonRepeller -3.81 ===>> OK
SetElectronEnergy 75.08 ===>> OK
SetYSymmetry -2.81 ===>> OK
SetIonCounterVoltage 1590.0 ===>> OK
send trap current 200.0
GetParameter Trap Current Readback ===>> 198.258926936459
SetParameter Trap Current Set,200.0 ===>> OK
updating mftable name mftable
Using mftable located at /Users/jan/PychronDev/setupfiles/spectrometer/mftables/mftable.csv
============ MFtable ===========
Isotope  H2     H1     AX     L1     L2     CDD    
Ar40     5.7804 5.8788 5.9922 6.1204 6.2306 6.3486
Ar39     5.6797 5.7711 5.8846 6.0064 6.1157 6.2351
Ar36     5.3572 5.4401 5.5480 5.6653 5.7707 5.8862
================================
get initial guess parabolic
get initial guess parabolic
get initial guess parabolic
get initial guess parabolic
get initial guess parabolic
get initial guess parabolic
======== Configuration Finished ========
GetYSymmetry ===>> -2.81
GetZSymmetry ===>> -50.72
GetParameter Trap Current Readback ===>> 198.035158395898
GetHighVoltage ===>> 4500
start measurement
do measurement
L#=65569 analysis type=unknown
Measurement Started jan_unknown120_60.py
01:23:39 -- ******* Measurement Started jan_unknown120_60.py *******
state changed from extraction to measurement
setting spec, defl, and gains
GetExtractionLens ===>> 26.13
GetYSymmetry ===>> -2.81
GetZSymmetry ===>> -50.72
GetZFocus ===>> 74.64
GetDeflection H2 ===>> 0
GetDeflection H1 ===>> 0
GetDeflection AX ===>> 190
GetDeflection L1 ===>> 400
GetDeflection L2 ===>> 825
GetDeflection CDD ===>> 50
GetGain H2 ===>> 0.0113
GetGain H1 ===>> 0.1
GetGain AX ===>> 0.097049
GetGain L1 ===>> 0.010355
GetGain L2 ===>> 0.095649
GetGain CDD ===>> 0
pre measurement save
New frame /Users/jan/PychronDev/data/isotopes/87/e2522c-756e-4cbf-801c-3ed97e715acd.h5
flush and close file /Users/jan/PychronDev/data/isotopes/87/e2522c-756e-4cbf-801c-3ed97e715acd.h5
testing...
no interpolation path defined
executed 226.132928
unknown measurement script
activate_detectors ('H2', 'H1', 'AX', 'L1', 'L2', 'CDD') {}
activate detectors
*************** Set Analysis View Ar/Ar
create graphs
clearing graphs
clear isotope group
setting isotope det=H2, iso=PM41
setting isotope det=H1, iso=Ar40
setting isotope det=AX, iso=Ar39
setting isotope det=L1, iso=Ar38
setting isotope det=L2, iso=Ar37
setting isotope det=CDD, iso=Ar36
setting previous blanks
 - setting Ar40 blank 0.240+/-0.007
 - setting Ar36 blank 0.00461+/-0.00018
 - setting Ar37 blank 0.049+/-0.005
 - setting Ar38 blank 0.0100+/-0.0021
 - setting PM41 blank 0.03+/-0.07
 - setting Ar39 blank 0.028+/-0.009
load analysis view
position_magnet ('Ar40',) {'detector': 'H1'}
detector Detector(H1)
POSITION Ar40 H1
setting detector H2 to PM41 (40.9624)
setting detector H1 to Ar40 (39.9624)
setting detector AX to Ar39 (38.9624)
setting detector L1 to Ar38 (37.9624)
setting detector L2 to Ar37 (36.9624)
setting detector CDD to Ar36 (35.9624)
Mapping mass to dac mass func: "parabolic"
H1 map mass coeffs = [-0.00063987  0.15840543  0.57039999]
H1 map mass to dac 39.9624 >> 5.87879
GetDeflection H1 ===>> 0
GetHighVoltage ===>> 4500
positioning Ar40 (5.87879) on H1
setting magnet DAC
current  : 5.878790
requested: 5.878790
Delta Dac: 0.000000
Checking detector protection. dv=0.00000
Checking detector "CDD". Protection Threshold: 0.1 (V)
SetMagnetDAC 5.87879 ===>> OK
Magnet settling time: 0.500
equilibrate () {'delay': 3, 'inlet': 'R', 'outlet': 'O', 'eqtime': 12.0}
Equilibration Started
01:23:41 -- ******* Equilibration Started *******
checking ownership. requestor=129.138.12.150
check software interlocks O
interlocks []
actuate state mode=None-script, software_lock=False
doing actuation None-script close_channel True
Close O ===>> OK
GetIndicatorState O ===>> False
change switch state (True, True)
update switch state O False args=() kw={} ncanvase=2
01:23:41 -- CLOSE  VALVE-O (Jan Ion Pump)
waiting 3s before opening inlet value ('R',)
Get Checksum: -598318598
checking ownership. requestor=129.138.12.150
check software interlocks R
interlocks []
actuate state mode=None-script, software_lock=False
doing actuation None-script open_channel True
Open R ===>> OK
GetIndicatorState R ===>> OK
change switch state (True, True)
update switch state R True args=() kw={} ncanvase=2
01:23:44 -- OPEN   VALVE-R (Jan Inlet)
equilibrating for 12.0sec
set_time_zero () {}
sniff (12.0,) {}
py_sniff
build tables- sniff [Detector(H2), Detector(H1), Detector(AX), Detector(L1), Detector(L2), Detector(CDD)]
add group /sniff/PM41 (Group) '' table H2
add group /sniff/Ar40 (Group) '' table H1
add group /sniff/Ar39 (Group) '' table AX
add group /sniff/Ar38 (Group) '' table L1
add group /sniff/Ar37 (Group) '' table L2
add group /sniff/Ar36 (Group) '' table CDD
flush and close file /Users/jan/PychronDev/data/isotopes/87/e2522c-756e-4cbf-801c-3ed97e715acd.h5
measuring sniff. ncounts=12.0
Get Checksum: -1449001502
starting measurement
GetData ===>> H2,-0.149888050168385,H1,38.5481075172163,AX,9.04883398963825,L1,0.0357700381558418,L2,0.11582815...
GetData ===>> H2,1.02176510310736,H1,808.567890940919,AX,182.324767882115,L1,0.92750417449131,L2,1.210297937286...
GetData ===>> H2,0.686982886188708,H1,1354.53910720389,AX,295.389437182684,L1,2.30626099548249,L2,1.43728647466...
Get Checksum: -1449001502
GetData ===>> H2,0.243223647155134,H1,1525.78004645485,AX,326.706379506933,L1,3.16519248132187,L2,1.57992865197...
GetData ===>> H2,0.0799441152858242,H1,1585.68116375981,AX,336.604786685911,L1,3.62342270450807,L2,1.4482409132...
GetData ===>> H2,0.0438663067066185,H1,1609.67826320399,AX,340.329136272753,L1,3.8690288445654,L2,1.56269801046...
Get Checksum: -1449001502
GetData ===>> H2,0.00549602303116561,H1,1619.68304957957,AX,341.851821824847,L1,4.08342561317798,L2,1.435139366...
GetData ===>> H2,-0.0728241008136254,H1,1623.96833503215,AX,342.518552955902,L1,4.17206702051317,L2,1.455142619...
Get Checksum: -1449001502
GetData ===>> H2,-0.0151775974838254,H1,1625.79196765702,AX,342.947308659463,L1,4.21357351914359,L2,1.502549218...
GetData ===>> H2,-0.0534581380614301,H1,1626.23807740022,AX,343.034019574193,L1,4.2643858915464,L2,1.4208915913...
GetData ===>> H2,-0.0391730565746122,H1,1625.9747462085,AX,342.947532930999,L1,4.27321004707927,L2,1.3940435322...
Equilibration Finished
01:23:57 -- ******* Equilibration Finished *******
checking ownership. requestor=129.138.12.150
check software interlocks R
interlocks []
actuate state mode=None-script, software_lock=False
doing actuation None-script close_channel True
GetData ===>> H2,-0.0398462230277402,H1,1625.74919790797,AX,342.744528155378,L1,4.33381807068671,L2,1.418469334...
Close R ===>> OK
set states for children of R. state=False
handle state [('R', False)]
update switch state R False args=() kw={'refresh': False} ncanvase=2
refresh_canvas_needed fired
Get Checksum: -598318598
GetIndicatorState R ===>> False
change switch state (True, True)
update switch state R False args=() kw={} ncanvase=2
01:23:57 -- CLOSE  VALVE-R (Jan Inlet)
Post Equilibration Started jan_pump_extraction_line.py
01:23:57 -- ******* Post Equilibration Started jan_pump_extraction_line.py *******
testing...
no interpolation path defined
calculate duration
testing...
no interpolation path defined
executed 4.0
executed 4.0
Pump after analysis
doing GOSUB
testing...
no interpolation path defined
executed 4.0
Pump Microbone
close () {'description': 'Jan Inlet'}
closing name=--- desc=Jan Inlet
checking ownership. requestor=129.138.12.150
check software interlocks R
interlocks []
actuate state mode=None-script, software_lock=False
doing actuation None-script close_channel False
Close R ===>> OK
GetIndicatorState R ===>> False
change switch state (True, True)
update switch state R False args=() kw={} ncanvase=2
01:23:58 -- CLOSE  VALVE-R (Jan Inlet)
---------------------------------------- close None (Jan Inlet) result=[(True, True)]
action=close, ok=True, locked=[False]
is_closed ('F',) {}
is F () closed?
is closed True
open () {'description': 'CO2 Laser to Jan'}
opening name=--- desc=CO2 Laser to Jan
checking ownership. requestor=129.138.12.150
check software interlocks A
interlocks []
actuate state mode=None-script, software_lock=False
doing actuation None-script open_channel False
Open A ===>> OK
measurement finished
estimated time: 12.583 actual time: :13.070
flush and close file /Users/jan/PychronDev/data/isotopes/87/e2522c-756e-4cbf-801c-3ed97e715acd.h5
set_fits () {}
using default fits file=/Users/jan/PychronDev/scripts/measurement/fits/nominal_linear.yaml
set "Ar40" to "('Linear', 'SEM')"
No fit for "PM41". defaulting to linear. check the measurement script "jan_unknown120_60.py"
set "PM41" to "linear"
set "Ar36" to "('Linear', 'SEM')"
set "Ar37" to "('linear', 'SEM')"
set "Ar38" to "('linear', 'SEM')"
set "Ar39" to "('Linear', 'SEM')"
set_baseline_fits () {}
using default fits file=/Users/jan/PychronDev/scripts/measurement/fits/nominal_linear.yaml
GetIndicatorState A ===>> OK
change switch state (True, True)
update switch state A True args=() kw={} ncanvase=2
set "H1" to "('average', 'SEM')"
set "H2" to "('average', 'SEM')"
set "CDD" to "('average', 'SEM')"
set "L2" to "('average', 'SEM')"
set "L1" to "('average', 'SEM')"
set "AX" to "('average', 'SEM')"
multicollect () {'integration_time': 1, 'ncounts': 120}
build tables- signal [Detector(H2), Detector(H1), Detector(AX), Detector(L1), Detector(L2), Detector(CDD)]
add group /signal/PM41 (Group) '' table H2
01:23:58 -- OPEN   VALVE-A (CO2 Laser to Jan)
add group /signal/Ar40 (Group) '' table H1
---------------------------------------- open None (CO2 Laser to Jan) result=[(True, True)], time=0.16 sec
add group /signal/Ar39 (Group) '' table AX
add group /signal/Ar38 (Group) '' table L1
add group /signal/Ar37 (Group) '' table L2
add group /signal/Ar36 (Group) '' table CDD
flush and close file /Users/jan/PychronDev/data/isotopes/87/e2522c-756e-4cbf-801c-3ed97e715acd.h5
measuring signal. ncounts=120
action=open, ok=True, locked=[False]
sleep (1,) {}
SLEEP 1.0
starting measurement
GetData ===>> H2,0.0869971399726818,H1,1625.77281352677,AX,343.305650016339,L1,4.36252410429676,L2,1.4303286414...
close () {'description': 'CO2 Laser to Roughing'}
closing name=--- desc=CO2 Laser to Roughing
checking ownership. requestor=129.138.12.150
check software interlocks G
interlocks []
actuate state mode=None-script, software_lock=True
VALVE-G(CO2 Laser to Roughing) software locked
change switch state (True, False)
---------------------------------------- close None (CO2 Laser to Roughing) result=[(True, False)]
action=close, ok=True, locked=[True]
open () {'description': 'Microbone to Turbo'}
opening name=--- desc=Microbone to Turbo
checking ownership. requestor=129.138.12.150
check software interlocks U
interlocks []
actuate state mode=None-script, software_lock=False
doing actuation None-script open_channel True
Open U ===>> OK
GetIndicatorState U ===>> OK
change switch state (True, True)
update switch state U True args=() kw={} ncanvase=2
01:24:00 -- OPEN   VALVE-U (Microbone to Turbo)
---------------------------------------- open None (Microbone to Turbo) result=[(True, True)], time=0.16 sec
GetData ===>> H2,0.087664430959542,H1,1624.94639791052,AX,343.040108974627,L1,4.35094265354717,L2,1.38708882086...
action=open, ok=True, locked=[False]
open () {'description': 'Microbone to Getter NP-10'}
opening name=--- desc=Microbone to Getter NP-10
checking ownership. requestor=129.138.12.150
check software interlocks M
interlocks []
actuate state mode=None-script, software_lock=False
doing actuation None-script open_channel False
Open M ===>> OK
GetIndicatorState M ===>> OK
change switch state (True, True)
update switch state M True args=() kw={} ncanvase=2
01:24:00 -- OPEN   VALVE-M (Microbone to Getter NP-10)
---------------------------------------- open None (Microbone to Getter NP-10) result=[(True, True)], time=0.15 sec
action=open, ok=True, locked=[False]
open () {'description': 'Microbone to Getter D-50'}
opening name=--- desc=Microbone to Getter D-50
checking ownership. requestor=129.138.12.150
check software interlocks K
interlocks []
actuate state mode=None-script, software_lock=False
doing actuation None-script open_channel False
Open K ===>> OK
Get Checksum: -860229079
GetIndicatorState K ===>> OK
change switch state (True, True)
update switch state K True args=() kw={} ncanvase=2
01:24:01 -- OPEN   VALVE-K (Microbone to Getter D-50)
---------------------------------------- open None (Microbone to Getter D-50) result=[(True, True)], time=0.40 sec
GetData ===>> H2,7.91241268731877E-05,H1,1623.96333357076,AX,342.838187439886,L1,4.35622270539835,L2,1.37848219...
action=open, ok=True, locked=[False]
open () {'description': 'Microbone to CO2 Laser'}
opening name=--- desc=Microbone to CO2 Laser
checking ownership. requestor=129.138.12.150
check software interlocks T
interlocks []
actuate state mode=None-script, software_lock=False
doing actuation None-script open_channel False
Open T ===>> OK
GetIndicatorState T ===>> OK
change switch state (True, True)
update switch state T True args=() kw={} ncanvase=2
01:24:01 -- OPEN   VALVE-T (Microbone to CO2 Laser)
---------------------------------------- open None (Microbone to CO2 Laser) result=[(True, True)], time=0.45 sec
action=open, ok=True, locked=[False]
open () {'description': 'Microbone to Inlet Pipette'}
opening name=--- desc=Microbone to Inlet Pipette
checking ownership. requestor=129.138.12.150
check software interlocks S
interlocks []
actuate state mode=None-script, software_lock=False
doing actuation None-script open_channel False
GetData ===>> H2,-0.136570140118986,H1,1623.10944252814,AX,342.539712223446,L1,4.37542912738981,L2,1.4198354339...
Open S ===>> OK
GetIndicatorState S ===>> OK
change switch state (True, True)
update switch state S True args=() kw={} ncanvase=2
01:24:02 -- OPEN   VALVE-S (Microbone to Inlet Pipette)
---------------------------------------- open None (Microbone to Inlet Pipette) result=[(True, True)], time=0.45 sec
action=open, ok=True, locked=[False]
sleep (1,) {}
SLEEP 1.0
GetData ===>> H2,-0.121101592169749,H1,1622.5141349686,AX,342.730501292131,L1,4.35640657800285,L2,1.43676978661...
set_resource () {'name': 'CO2PumpTimeFlag', 'value': 30}
Set CO2PumpTimeFlag 30 ===>> OK
release ('JanCO2Flag',) {}
release JanCO2Flag
Set JanCO2Flag 0 ===>> OK
executed 6.0
PumpMicrobone.py completed successfully
gosub finished
get_resource_value () {'name': 'JanMiniboneFlag'}
Read JanMiniboneFlag ===>> 0
Get Resource Value JanMiniboneFlag=0.0
get resource value 0.0
get_resource_value () {'name': 'JanMiniboneFlag'}
Read JanMiniboneFlag ===>> 0
Get Resource Value JanMiniboneFlag=0.0
executed 4.0
jan_pump_extraction_line.py completed successfully
Post Equilibration Finished
01:24:03 -- ******* Post Equilibration Finished *******
GetData ===>> H2,-0.0969033089303135,H1,1622.04558414132,AX,342.587254630044,L1,4.39032398734636,L2,1.457554313...
Get Checksum: -860229079
GetData ===>> H2,-0.0741987865415234,H1,1621.76971390172,AX,342.259602065799,L1,4.39151622667259,L2,1.386836349...
GetData ===>> H2,-0.148041826714017,H1,1621.13871136829,AX,342.08276772132,L1,4.39541226753469,L2,1.48983088826...
Get Checksum: -860229079
GetData ===>> H2,-0.132336104802924,H1,1620.61214071839,AX,341.708366448606,L1,4.35412879545125,L2,1.4716811639...
GetData ===>> H2,-0.0549939454252972,H1,1620.20520226797,AX,341.706224580025,L1,4.3368375511351,L2,1.2963413866...
GetData ===>> H2,-0.0664351912294163,H1,1619.8942756576,AX,341.799037310179,L1,4.32228866787631,L2,1.4007691927...
Get Checksum: -860229079
GetData ===>> H2,-0.104488370984926,H1,1618.97794632967,AX,341.806965514426,L1,4.37946343757462,L2,1.4703832449...
GetData ===>> H2,-0.00247520210474683,H1,1618.11781404689,AX,341.444482111398,L1,4.36244088194085,L2,1.50290540...
GetData ===>> H2,-0.0982411818139096,H1,1617.13042404396,AX,341.430425407162,L1,4.34269638888529,L2,1.421775558...
Get Checksum: -860229079
GetData ===>> H2,-0.13846554548425,H1,1616.45038754016,AX,341.255747341156,L1,4.35458986265605,L2,1.45572831095...
GetData ===>> H2,-0.174183430782103,H1,1615.68911318237,AX,341.583399456625,L1,4.36248176302749,L2,1.3979572127...
GetData ===>> H2,-0.0840214618750894,H1,1614.80548056411,AX,341.06883488664,L1,4.36537736695929,L2,1.6027582495...
Get Checksum: -860229079
GetData ===>> H2,-0.120522663661878,H1,1614.16266738538,AX,340.839704922705,L1,4.36350091420404,L2,1.4168851427...
GetData ===>> H2,-0.165934401925536,H1,1613.43652158333,AX,340.457392926768,L1,4.33431081768773,L2,1.4261151484...
GetData ===>> H2,-0.312641421715209,H1,1612.68884337859,AX,340.309338822115,L1,4.32564453335987,L2,1.4304893778...
Get Checksum: -860229079
GetData ===>> H2,-0.206209029316783,H1,1612.20583977836,AX,340.390578270337,L1,4.32409914644384,L2,1.4271484130...
GetData ===>> H2,-0.178144013632037,H1,1611.74718102443,AX,340.548961321019,L1,4.29767101789339,L2,1.5143729116...
GetData ===>> H2,-0.131665221537271,H1,1611.23054296608,AX,340.108574997131,L1,4.28305833457669,L2,1.4156453585...
Get Checksum: -860229079
GetData ===>> H2,-0.0676451688345681,H1,1610.23330857784,AX,339.998300729915,L1,4.27990805509423,L2,1.420914551...
01:24:24 -- collecting point 25
GetData ===>> H2,-0.0200030559315495,H1,1610.0283336687,AX,339.830937500742,L1,4.28446567351412,L2,1.3175744336...
GetData ===>> H2,-0.0306206527950138,H1,1609.42874406821,AX,339.731632560133,L1,4.29037331764918,L2,1.503319036...
Get Checksum: -860229079
GetData ===>> H2,-0.03607272028677,H1,1608.31725176473,AX,339.608252540734,L1,4.33129341805715,L2,1.51830297322...
GetData ===>> H2,-0.152143087169028,H1,1607.33913759956,AX,339.329417820976,L1,4.30607560131944,L2,1.4133380249...
GetData ===>> H2,-0.224314030574726,H1,1607.01239871683,AX,339.201244788264,L1,4.25908490817837,L2,1.4956096506...
Get Checksum: -860229079
GetData ===>> H2,-0.115310978251628,H1,1606.54703818972,AX,339.042046685386,L1,4.27811137743812,L2,1.4808704706...
GetData ===>> H2,-0.00691714223008721,H1,1606.13587183426,AX,339.161532751916,L1,4.25637714866748,L2,1.40477497...
Get Checksum: -860229079
GetData ===>> H2,-0.0560710577305036,H1,1605.19936665118,AX,339.122302593899,L1,4.26160862180505,L2,1.439927367...
GetData ===>> H2,-0.0674457755495837,H1,1604.59481467173,AX,338.850561169268,L1,4.28107640111967,L2,1.397808007...
GetData ===>> H2,-0.150200001179157,H1,1604.11728447388,AX,338.906014164979,L1,4.29996856069915,L2,1.4841558603...
Get Checksum: -860229079
GetData ===>> H2,-0.110164595254324,H1,1603.57906448273,AX,339.035240516835,L1,4.29079415340997,L2,1.4785960356...
GetData ===>> H2,-0.0884702733953561,H1,1602.84705225218,AX,338.737114881113,L1,4.24233071693729,L2,1.442958743...
GetData ===>> H2,-0.144872698565623,H1,1601.66956842308,AX,338.329427131075,L1,4.21576546914288,L2,1.4944492749...
Get Checksum: -860229079
GetData ===>> H2,-0.207555196797388,H1,1600.85477953982,AX,338.227338040652,L1,4.24521337630474,L2,1.4797102723...
GetData ===>> H2,-0.0789668721000626,H1,1600.35924185699,AX,337.731502137376,L1,4.29657481415332,L2,1.381442790...
GetData ===>> H2,-0.165803467934007,H1,1599.78848545192,AX,337.6361807634,L1,4.26264093621743,L2,1.426218474393...
Get Checksum: -860229079
GetData ===>> H2,-0.137827470051581,H1,1598.90545379469,AX,337.794929837332,L1,4.26803074476997,L2,1.4032828280...
GetData ===>> H2,-0.0783530152563371,H1,1598.65190165485,AX,337.723031447438,L1,4.29633899034665,L2,1.479595401...
GetData ===>> H2,-0.139264441028014,H1,1597.77492988879,AX,337.802831594816,L1,4.2761855162216,L2,1.50986847667...
Get Checksum: -860229079
GetData ===>> H2,-0.164558844547873,H1,1597.78596771798,AX,337.553770406207,L1,4.26595947356095,L2,1.4096303359...
GetData ===>> H2,-0.103968692523068,H1,1596.85589526647,AX,337.614544781347,L1,4.23646870024294,L2,1.4954717834...
GetData ===>> H2,-0.12653910314335,H1,1596.13708786159,AX,337.349180472023,L1,4.21247696688604,L2,1.41439411108...
Get Checksum: -860229079
GetData ===>> H2,-0.065746931505198,H1,1595.71451382066,AX,336.865728352226,L1,4.17860358131909,L2,1.4096188572...
GetData ===>> H2,-0.0686339451337398,H1,1594.56745894437,AX,337.081959085498,L1,4.22105330432726,L2,1.450388312...
GetData ===>> H2,-0.0614903434135917,H1,1594.13509214998,AX,336.777900073597,L1,4.22499600553079,L2,1.398554034...
Get Checksum: -860229079
01:24:50 -- collecting point 50
GetData ===>> H2,-0.0731671099456663,H1,1594.04408671131,AX,336.708517953344,L1,4.22602544061306,L2,1.508294272...
GetData ===>> H2,-0.141982427316562,H1,1593.31778445055,AX,336.613714341164,L1,4.29593140437547,L2,1.3343116692...
GetData ===>> H2,-0.214341536570818,H1,1592.36718282757,AX,336.527038715805,L1,4.30340257625355,L2,1.3849428314...
Get Checksum: -860229079
GetData ===>> H2,-0.0539872823644411,H1,1591.64851966277,AX,336.245691611525,L1,4.24542262811264,L2,1.523554796...
GetData ===>> H2,-0.126764877287591,H1,1590.72916549722,AX,336.1206369013,L1,4.17627571655801,L2,1.460241701279...
Get Checksum: -860229079
GetData ===>> H2,-0.127282653723281,H1,1590.04014454277,AX,335.991252359285,L1,4.20736186556556,L2,1.4180905037...
GetData ===>> H2,-0.0461154194677793,H1,1589.21347929775,AX,335.974995648374,L1,4.21641108886412,L2,1.437355366...
GetData ===>> H2,0.0645067481237821,H1,1588.80621825089,AX,336.059813223365,L1,4.23121604740311,L2,1.4469777593...
Get Checksum: -860229079
GetData ===>> H2,-0.0198808144572941,H1,1588.31676203984,AX,335.987330415686,L1,4.24228132246448,L2,1.480238677...
GetData ===>> H2,-0.191520645626687,H1,1587.92484830741,AX,335.793825253597,L1,4.22509037889124,L2,1.4964828138...
GetData ===>> H2,-0.115792740065747,H1,1587.14710690651,AX,335.000325974316,L1,4.19441161977821,L2,1.4044880189...
Get Checksum: -860229079
GetData ===>> H2,-0.0941932275080302,H1,1586.77490982514,AX,335.006102587937,L1,4.15389712523499,L2,1.440386661...
GetData ===>> H2,-0.0350721252496374,H1,1585.78036880666,AX,335.287567866229,L1,4.20075595349817,L2,1.433405641...
GetData ===>> H2,-0.027983985549344,H1,1585.63423896798,AX,335.211230713009,L1,4.20254705760255,L2,1.4405129671...
GetData ===>> H2,-0.134727156378244,H1,1584.77874538562,AX,334.947426892595,L1,4.20137809662587,L2,1.3920465835...
GetData ===>> H2,-0.109376594844154,H1,1584.22614474681,AX,335.128440998719,L1,4.17862241464975,L2,1.4733351744...
Get Checksum: -860229079
GetData ===>> H2,-0.0753930285418105,H1,1583.62430579818,AX,335.01967654751,L1,4.22438477423587,L2,1.4795035057...
GetData ===>> H2,-0.0726532702733932,H1,1582.92231292364,AX,334.560097765159,L1,4.16409226364884,L2,1.473587873...
GetData ===>> H2,-0.144941602074078,H1,1581.98959558134,AX,334.56656260923,L1,4.18855019003088,L2,1.36408217357...
Get Checksum: -860229079
GetData ===>> H2,-0.141683764505257,H1,1581.25587168463,AX,334.259842476445,L1,4.19808066543675,L2,1.4232450270...
GetData ===>> H2,-0.184987399808845,H1,1580.68685404451,AX,334.243640813442,L1,4.21243200454918,L2,1.2806319454...
GetData ===>> H2,-0.204679405339532,H1,1579.86757743422,AX,333.971197590155,L1,4.20263263111637,L2,1.3672717945...
Get Checksum: -860229079
GetData ===>> H2,-0.201078918773327,H1,1579.41049326033,AX,333.953017310676,L1,4.17330388238414,L2,1.4153698531...
GetData ===>> H2,-0.0930878813498928,H1,1579.42693347402,AX,334.027286618212,L1,4.17693477429546,L2,1.441408596...
GetData ===>> H2,-0.0975546614558593,H1,1578.59852667918,AX,333.856780338413,L1,4.14927360101139,L2,1.421534475...
Get Checksum: -860229079
01:25:17 -- collecting point 75
GetData ===>> H2,-0.162890132741315,H1,1577.85664873607,AX,333.586824558726,L1,4.21030188016825,L2,1.4351967756...
GetData ===>> H2,-0.149459947580662,H1,1577.25596608071,AX,333.43557950494,L1,4.22243368523261,L2,1.37866579973...
Get Checksum: -860229079
GetData ===>> H2,-0.195061450623715,H1,1576.3670166816,AX,333.325097978288,L1,4.24119324204622,L2,1.41918108142...
GetData ===>> H2,-0.10839331887221,H1,1575.34936065131,AX,333.421683098497,L1,4.20337526043358,L2,1.43660903979...
GetData ===>> H2,-0.178996964024821,H1,1574.75292940367,AX,333.091718175651,L1,4.18472594997078,L2,1.4724622209...
Get Checksum: -860229079
GetData ===>> H2,-0.0892196782385116,H1,1573.96102640327,AX,332.771584614069,L1,4.14135650370391,L2,1.523267490...
GetData ===>> H2,-0.0701610219989616,H1,1573.67493082721,AX,332.86596204987,L1,4.12164119548915,L2,1.3709893279...
GetData ===>> H2,-0.134444530048886,H1,1573.25597083019,AX,332.764009475368,L1,4.16147860930078,L2,1.3614892501...
Get Checksum: -860229079
GetData ===>> H2,-0.201031731446487,H1,1572.61504003258,AX,332.707250007213,L1,4.21399708163792,L2,1.3661014897...
GetData ===>> H2,-0.123723984940218,H1,1571.78305687818,AX,332.739996780871,L1,4.21755152552255,L2,1.2910166431...
GetData ===>> H2,-0.0702383197297221,H1,1571.37353024265,AX,332.260868924253,L1,4.15977894965949,L2,1.487521777...
Get Checksum: -860229079
GetData ===>> H2,-0.120391453798209,H1,1570.6961514121,AX,332.338723631897,L1,4.16836654622918,L2,1.43094862601...
GetData ===>> H2,-0.156809947137844,H1,1570.08261082832,AX,332.438478531549,L1,4.18843854809489,L2,1.3628201224...
GetData ===>> H2,-0.208422911519806,H1,1568.99332051323,AX,332.264260662212,L1,4.14385219821194,L2,1.3574279085...
Get Checksum: -860229079
GetData ===>> H2,-0.0678309948051,H1,1569.02569375466,AX,331.87258879111,L1,4.11857432193266,L2,1.4338534215733...
GetData ===>> H2,-0.0235827480833194,H1,1568.29006839619,AX,331.571269502651,L1,4.1171683286058,L2,1.3690617001...
GetData ===>> H2,-0.092988990977123,H1,1567.30847786457,AX,331.479412460954,L1,4.13983185064298,L2,1.4196402757...
Get Checksum: -860229079
GetData ===>> H2,-0.0933127521456083,H1,1566.95933154376,AX,331.685061879828,L1,4.15627180063833,L2,1.415335415...
GetData ===>> H2,-0.00923806845366897,H1,1566.38482955768,AX,331.17912054375,L1,4.14269760446542,L2,1.305017676...
GetData ===>> H2,-0.0259907982966348,H1,1565.88461924582,AX,331.243347531527,L1,4.18116228405404,L2,1.392976192...
Get Checksum: -860229079
GetData ===>> H2,-0.115582986731976,H1,1564.39986096052,AX,331.430094480539,L1,4.22700704223859,L2,1.4559579949...
GetData ===>> H2,-0.135155815411986,H1,1564.18599925093,AX,331.055348690485,L1,4.20687144851519,L2,1.3284567499...
GetData ===>> H2,-0.162610639990501,H1,1563.35026297642,AX,330.908222374604,L1,4.15368153174703,L2,1.4715663031...
Get Checksum: -860229079
GetData ===>> H2,-0.144648421501835,H1,1562.39395203752,AX,330.884858123051,L1,4.18472594997078,L2,1.4279061474...
GetData ===>> H2,-0.186139250880162,H1,1562.01105040068,AX,330.713387539609,L1,4.18703658659319,L2,1.3335424732...
Get Checksum: -860229079
01:25:43 -- collecting point 100
GetData ===>> H2,-0.184279236466529,H1,1561.80972857655,AX,330.550953700445,L1,4.17727952641988,L2,1.3138324866...
GetData ===>> H2,-0.105637263210188,H1,1560.83557398431,AX,330.359781463256,L1,4.16832163744655,L2,1.4791933568...
GetData ===>> H2,-0.0756424344272406,H1,1560.9250106238,AX,330.291049661438,L1,4.18030449358797,L2,1.5130514356...
Get Checksum: -860229079
GetData ===>> H2,-0.100850122475433,H1,1560.02070943818,AX,330.123203787903,L1,4.14219702525757,L2,1.4713021238...
GetData ===>> H2,-0.144076900257266,H1,1559.27499936225,AX,330.170365171732,L1,4.12135066196707,L2,1.3026534251...
GetData ===>> H2,-0.0906072341825652,H1,1558.94376447682,AX,330.156822607173,L1,4.11201114605834,L2,1.474368945...
Get Checksum: -860229079
GetData ===>> H2,-0.0837018063186761,H1,1558.54416015901,AX,329.85155625145,L1,4.11757291430013,L2,1.4056932248...
GetData ===>> H2,-0.154759073485909,H1,1558.59462873427,AX,329.643909406994,L1,4.11455329663883,L2,1.3505925118...
GetData ===>> H2,-0.120617350250323,H1,1557.28830794666,AX,329.666970912572,L1,4.1039350114957,L2,1.41562239973...
Get Checksum: -860229079
GetData ===>> H2,-0.0169276055401092,H1,1555.89086201421,AX,329.546311080391,L1,4.11682444137645,L2,1.488486772...
GetData ===>> H2,-0.0342656115714464,H1,1555.52327095002,AX,329.156171054691,L1,4.10652387509583,L2,1.510431519...
GetData ===>> H2,0.0395411826373155,H1,1554.94558161875,AX,329.24168831998,L1,4.11005266982815,L2,1.42381904449...
Get Checksum: -860229079
GetData ===>> H2,-0.0815357677549781,H1,1554.11956550646,AX,329.031280678928,L1,4.08010369243611,L2,1.383646080...
GetData ===>> H2,-0.00138615118031218,H1,1553.95811181006,AX,329.150395005075,L1,4.13466045041809,L2,1.46593829...
GetData ===>> H2,-0.0679910468581833,H1,1553.10656670454,AX,329.087459931421,L1,4.12459028765507,L2,1.411742438...
Get Checksum: -860229079
GetData ===>> H2,-0.128073467699798,H1,1552.09196554085,AX,328.678880338141,L1,4.14972959545796,L2,1.4913013953...
GetData ===>> H2,-0.118958868070151,H1,1552.1458551498,AX,328.746378585991,L1,4.10709459741152,L2,1.31721859806...
GetData ===>> H2,-0.147906758333226,H1,1551.02991800467,AX,328.533850511536,L1,4.10651665093491,L2,1.3094135033...
Get Checksum: -860229079
GetData ===>> H2,-0.158620027951432,H1,1550.09726516052,AX,328.29419981089,L1,4.1182376200973,L2,1.420891591327...
GetData ===>> H2,-0.251099229190728,H1,1549.58620002522,AX,328.233594653787,L1,4.13088263448433,L2,1.3819936083...
GetData ===>> H2,-0.136900033715018,H1,1549.00044674133,AX,327.999332236311,L1,4.13599791962176,L2,1.3785625247...
Get Checksum: -860229079
measurement finished
estimated time: 125.829 actual time: :126.187
flush and close file /Users/jan/PychronDev/data/isotopes/87/e2522c-756e-4cbf-801c-3ed97e715acd.h5
baselines () {'settling_time': 15.0, 'detector': 'H1', 'mass': 34.2, 'ncounts': 60}
%%%%%%%%%%%%%%%%%%%%%%%%%%%%%%%% Baseline
build tables- baseline [Detector(H2), Detector(H1), Detector(AX), Detector(L1), Detector(L2), Detector(CDD)]
add group baseline table H2
add group baseline table H1
add group baseline table AX
add group baseline table L1
add group baseline table L2
add group baseline table CDD
flush and close file /Users/jan/PychronDev/data/isotopes/87/e2522c-756e-4cbf-801c-3ed97e715acd.h5
detector Detector(H1)
POSITION 34.2 H1
Mapping mass to dac mass func: "parabolic"
H1 map mass coeffs = [-0.00063987  0.15840543  0.57039999]
H1 map mass to dac 34.2 >> 5.23944599104
GetDeflection H1 ===>> 0
GetHighVoltage ===>> 4500
positioning 34.2 (5.23944599104) on H1
setting magnet DAC
current  : 5.878790
requested: 5.239446
Delta Dac: 0.639344
Checking detector protection. dv=0.63934
Checking detector "CDD". Protection Threshold: 0.1 (V)
ProtectDetector CDD,On ===>> OK
GetDeflection CDD ===>> 2000
SetMagnetDAC 5.23944599104 ===>> OK
Magnet settling time: 0.500
GetMagnetMoving ===>> True
GetMagnetMoving ===>> True
GetMagnetMoving ===>> True
GetMagnetMoving ===>> True
GetMagnetMoving ===>> True
GetMagnetMoving ===>> True
Get Checksum: -860229079
GetMagnetMoving ===>> True
GetMagnetMoving ===>> True
GetMagnetMoving ===>> False
ProtectDetector CDD,Off ===>> OK
GetDeflection CDD ===>> 50
Delaying 15.0s for detectors to settle
Get Checksum: -860229079
Get Checksum: -860229079
Get Checksum: -860229079
Get Checksum: -860229079
Get Checksum: -860229079
Join finished
measuring baseline. ncounts=60
starting measurement
GetData ===>> H2,-0.259515966029462,H1,-0.126283611645239,AX,-0.137028705360361,L1,-0.0395066958479976,L2,-0.00...
GetData ===>> H2,-0.216034119205518,H1,-0.021018542829254,AX,-0.100688668624597,L1,-0.0575229674713857,L2,-0.03...
Get Checksum: -860229079
GetData ===>> H2,-0.217211884314425,H1,-0.0555624308876233,AX,-0.037265767665968,L1,-0.0701069722129897,L2,0.01...
GetData ===>> H2,-0.219343535733648,H1,-0.0552524593679269,AX,-0.150872720432902,L1,-0.0993571797235599,L2,-0.0...
GetData ===>> H2,-0.0886735526476534,H1,-0.0359846526624128,AX,-0.14567854707277,L1,-0.0781310527970699,L2,-0.0...
Get Checksum: -860229079
GetData ===>> H2,-0.203660439684189,H1,-0.0754701288527613,AX,-0.0734164388678892,L1,-0.0586419452953729,L2,-0....
GetData ===>> H2,-0.218978407795503,H1,0.0649815639992337,AX,-0.0781574646134484,L1,-0.0860759548098118,L2,-0.0...
GetData ===>> H2,-0.222388054859573,H1,-0.000443942515526552,AX,0.0142123982270153,L1,-0.0887073315046226,L2,0....
Get Checksum: -860229079
GetData ===>> H2,-0.201420009882166,H1,-0.000992653411446653,AX,-0.0855873116588533,L1,-0.0869276743284238,L2,-...
GetData ===>> H2,-0.250324590149675,H1,-0.0794750314504487,AX,-0.168690800928311,L1,-0.0650841131386925,L2,0.06...
GetData ===>> H2,-0.317028059551274,H1,-0.0892839818220413,AX,-0.0933411023760807,L1,-0.0249981344238088,L2,-0....
Get Checksum: -860229079
GetData ===>> H2,-0.127397561739821,H1,0.0102326615704087,AX,-0.0700430989680115,L1,-0.0308803491728143,L2,0.00...
GetData ===>> H2,-0.170176114554127,H1,0.0309568739466528,AX,-0.0820868927815314,L1,-0.0859935265007128,L2,-0.0...
GetData ===>> H2,-0.196682911521979,H1,0.0748419676550817,AX,-0.137249019186085,L1,-0.063897677117899,L2,-0.059...
Get Checksum: -860229079
GetData ===>> H2,-0.0882087154102752,H1,-0.0244531945782665,AX,-0.0602585925254219,L1,-0.0785901354050952,L2,-0...
GetData ===>> H2,-0.0766237392804952,H1,-0.00993860242310947,AX,-0.143081356373217,L1,-0.0552140084592258,L2,0....
GetData ===>> H2,-0.0960772156488048,H1,-0.0793915976146085,AX,-0.0328938494681719,L1,-0.0632469913734066,L2,0....
Get Checksum: -860229079
GetData ===>> H2,-0.243595367159353,H1,-0.0124075435689484,AX,-0.108360140904851,L1,-0.0745700581068406,L2,-0.0...
GetData ===>> H2,-0.166305598315141,H1,0.028522719918578,AX,-0.0791659170678723,L1,-0.0516522815655407,L2,-0.14...
GetData ===>> H2,-0.240180791068201,H1,0.0779308869635067,AX,-0.0442697047046458,L1,-0.071383508801516,L2,-0.02...
Get Checksum: -860229079
GetData ===>> H2,-0.303816031440174,H1,0.0428540566312254,AX,-0.016819273481859,L1,-0.0481092411250789,L2,-0.01...
GetData ===>> H2,-0.178044138656348,H1,0.0825942622538768,AX,-0.176086026652236,L1,-0.0631979490106569,L2,-0.03...
GetData ===>> H2,-0.287030025235797,H1,0.0129288333014844,AX,-0.212567091282206,L1,-0.0414002470567844,L2,-0.01...
GetData ===>> H2,-0.226974838787934,H1,0.0745438144630796,AX,-0.0873490642472887,L1,-0.0470213092797234,L2,-0.0...
Get Checksum: -860229079
01:26:48 -- collecting point 25
GetData ===>> H2,-0.143918814827947,H1,0.0215904780809019,AX,-0.0693939204831224,L1,-0.0178893630881206,L2,-0.0...
GetData ===>> H2,-0.133345060187279,H1,-0.0589601326791865,AX,-0.036952665995092,L1,0.00290240827517719,L2,0.00...
GetData ===>> H2,-0.208466026043046,H1,-0.0423520239274165,AX,-0.0712602969537361,L1,-0.032893408638542,L2,0.00...
Get Checksum: -860229079
GetData ===>> H2,-0.285349683129969,H1,0.0215546846183081,AX,-0.084265976282914,L1,-0.043925624401482,L2,-0.083...
GetData ===>> H2,-0.28872891739781,H1,-0.0889621967617991,AX,-0.115845616824674,L1,-0.0489684923550311,L2,0.043...
GetData ===>> H2,-0.207832764960139,H1,-0.00879356556862092,AX,-0.0803714097353955,L1,-0.0208090027259529,L2,-0...
Get Checksum: -860229079
GetData ===>> H2,-0.169733528335995,H1,0.0338206603401893,AX,0.048004667299908,L1,-0.045644769036428,L2,0.00111...
GetData ===>> H2,-0.168697161249667,H1,0.0241795724856388,AX,-0.0748538402678821,L1,-0.0645614766481359,L2,-0.0...
GetData ===>> H2,-0.197486726339878,H1,-0.04415246180669,AX,-0.0775547064317821,L1,-0.0165749489416636,L2,-0.15...
Get Checksum: -860229079
GetData ===>> H2,-0.272082586272505,H1,-0.0609986983816977,AX,-0.108673012887127,L1,-0.0114598017202042,L2,0.04...
GetData ===>> H2,-0.251766236879316,H1,-0.0694743946989316,AX,-0.0129452052151749,L1,-0.0105654611645086,L2,0.0...
GetData ===>> H2,-0.208765128522343,H1,-0.0119900940299676,AX,-0.0730918614194549,L1,-0.0128131499024456,L2,-0....
Get Checksum: -860229079
GetData ===>> H2,-0.25005291595041,H1,0.081830932764171,AX,-0.098162280996886,L1,0.024708308626429,L2,-0.012046...
GetData ===>> H2,-0.307520397837276,H1,0.0589897065091495,AX,-0.00633341521138981,L1,-0.00955593573246414,L2,-0...
GetData ===>> H2,-0.198464444232014,H1,0.0163766985320503,AX,-0.00720341324047043,L1,-0.0592007891312332,L2,-0....
Get Checksum: -860229079
GetData ===>> H2,-0.22796844150015,H1,0.052723705238056,AX,-0.0241146301410589,L1,-0.0577946452074791,L2,-0.020...
GetData ===>> H2,-0.224202252145293,H1,-0.0713577852811341,AX,-0.213169586098517,L1,-0.0247872212917321,L2,0.03...
GetData ===>> H2,-0.31010199629339,H1,-0.0207561687527445,AX,-0.121291344170429,L1,-0.049205431716527,L2,0.0032...
Get Checksum: -860229079
GetData ===>> H2,-0.233665833119658,H1,0.0244539965546188,AX,-0.0383210288417328,L1,-0.0367837164125698,L2,0.06...
GetData ===>> H2,-0.285126693246083,H1,0.111092083780906,AX,-0.203749384255308,L1,-0.00744063965042704,L2,-0.03...
GetData ===>> H2,-0.31333486832749,H1,0.00469738613102528,AX,-0.129934362099054,L1,0.00132986822023191,L2,-0.02...
Get Checksum: -860229079
GetData ===>> H2,-0.287496070949815,H1,0.0444889855995669,AX,-0.0386109337545837,L1,0.00177039476005396,L2,-0.0...
GetData ===>> H2,-0.185730586455806,H1,0.0135372714779926,AX,-0.0430869560086867,L1,0.0110048284805873,L2,0.003...
Get Checksum: -860229079
GetData ===>> H2,-0.155760238009291,H1,-0.00105229571885064,AX,0.0509411566241435,L1,-0.00506579813886562,L2,-0...
GetData ===>> H2,-0.230970260355028,H1,0.0590374489764624,AX,-0.0515514094042053,L1,0.0116157972541071,L2,0.021...
01:27:15 -- collecting point 50
GetData ===>> H2,-0.18825516831644,H1,0.0345366197383125,AX,0.0231699204208185,L1,0.0197083254456917,L2,-0.0708...
Get Checksum: -860229079
GetData ===>> H2,-0.15810269853565,H1,0.0471741458489607,AX,-0.0298786190391188,L1,0.0100578400823393,L2,-0.089...
GetData ===>> H2,-0.300436918393178,H1,-0.00448763265408196,AX,-0.066727606281951,L1,-0.00967104113343206,L2,-0...
GetData ===>> H2,-0.253823492142226,H1,0.0454795029978473,AX,-0.179006869983213,L1,-0.0600240398756454,L2,-0.03...
Get Checksum: -860229079
GetData ===>> H2,-0.262902086713718,H1,0.0201706805447845,AX,-0.120005253080784,L1,-0.0407032317482661,L2,-0.16...
GetData ===>> H2,-0.21048414072655,H1,-0.0026864811163428,AX,-0.0942798602128423,L1,-0.00772486344355639,L2,-0....
GetData ===>> H2,-0.142901340487744,H1,-0.0215313629019718,AX,-0.0472149184040952,L1,-0.0124679375413784,L2,-0....
Get Checksum: -860229079
GetData ===>> H2,-0.140967482277317,H1,-0.059985381439742,AX,0.00881739721686049,L1,0.00637155430111136,L2,-0.0...
GetData ===>> H2,-0.212093793749001,H1,-0.0163672640420163,AX,-0.114061205810673,L1,-0.00462915014605924,L2,0.0...
GetData ===>> H2,-0.196063827291528,H1,-0.0105826798975748,AX,-0.137678049940934,L1,-0.00860506681174871,L2,-0....
Get Checksum: -860229079
GetData ===>> H2,-0.151516582963412,H1,-0.0441643851283978,AX,-0.0314674251775238,L1,-0.0279013355852176,L2,0.1...
measurement finished
estimated time: 62.915 actual time: :63.094
flush and close file /Users/jan/PychronDev/data/isotopes/87/e2522c-756e-4cbf-801c-3ed97e715acd.h5
activate_detectors ('H1', 'AX', 'CDD') {'peak_center': True}
peak_center () {'detector': 'H1', 'integration_time': 0.262144, 'isotope': 'Ar40'}
peak center: mean=1552.00814763 threshold=3
peak center started
setup peak center. detector=['H1', 'AX', 'CDD'], isotope=Ar40
VersionedUnpickler [<apptools.sweet_pickle.versioned_unpickler.VersionedUnpickler object at 0x11355abf0>] using Updater [<apptools.sweet_pickle.updater.Updater object at 0x1356d5710>]
VersionedUnpickler [<apptools.sweet_pickle.versioned_unpickler.VersionedUnpickler object at 0x11355abf0>] using Updater [<apptools.sweet_pickle.updater.Updater object at 0x1356d5710>]
VersionedUnpickler [<apptools.sweet_pickle.versioned_unpickler.VersionedUnpickler object at 0x136e67770>] using Updater [<apptools.sweet_pickle.updater.Updater object at 0x1356d5710>]
setting integration time = 0.524288
SetIntegrationTime 0.524288 ===>> OK
Mapping mass to dac mass func: "parabolic"
H1 map mass coeffs = [-0.00063987  0.15840543  0.57039999]
H1 map mass to dac 39.9624 >> 5.87879
GetDeflection H1 ===>> 0
GetHighVoltage ===>> 4500
do peak center. <pychron.spectrometer.jobs.peak_center.PeakCenter object at 0x1356efa10>
doing pc
starting peak center. center dac= 5.87879 step_width=0.001
width = 0.001
get scan parameters. half-width=0.015,window=0.015, i=0, scalar=1
Scan parameters center=5.87879 width=0.03000 (5.86379 - 5.89379)
GetData ===>> H2,-0.156515443962982,H1,0.0188105572518584,AX,-0.053545666599943,L1,-0.0367369892543063,L2,-0.07...
Moving to starting dac 5.86379
setting magnet DAC
current  : 5.239446
requested: 5.863790
Delta Dac: 0.624344
Checking detector protection. dv=0.62434
Checking detector "CDD". Protection Threshold: 0.1 (V)
ProtectDetector CDD,On ===>> OK
GetDeflection CDD ===>> 2000
SetMagnetDAC 5.86379 ===>> OK
Magnet settling time: 0.500
GetMagnetMoving ===>> True
GetMagnetMoving ===>> True
GetMagnetMoving ===>> True
Get Checksum: -860229079
GetMagnetMoving ===>> True
GetMagnetMoving ===>> True
GetMagnetMoving ===>> True
GetMagnetMoving ===>> True
GetMagnetMoving ===>> True
GetMagnetMoving ===>> True
GetMagnetMoving ===>> False
ProtectDetector CDD,Off ===>> OK
GetDeflection CDD ===>> 50
Wait until signal near baseline. tol= 0.0141079179389. timeout= 10
GetData ===>> H2,94.1571909042805,H1,40.401131058863,AX,1.40741818995389,L1,0.0846517344749325,L2,0.17960143115...
GetData ===>> H2,141.489352103696,H1,67.8906040416422,AX,9.21851777149224,L1,0.124906376709174,L2,-0.0462647054...
GetData ===>> H2,87.5254152224956,H1,32.2033073657561,AX,4.15293032464596,L1,0.0952863245146664,L2,-0.079583283...
Get Checksum: -860229079
GetData ===>> H2,39.3346421291656,H1,15.8796665151425,AX,1.81826805882437,L1,0.023194613685075,L2,-0.0546181991...
GetData ===>> H2,14.2006432850956,H1,8.26237679264963,AX,0.833471439959275,L1,0.0155906588532289,L2,-0.01254741...
GetData ===>> H2,4.33325825587192,H1,4.48224938931225,AX,0.356342945832772,L1,0.0114142854405567,L2,-0.12194770...
GetData ===>> H2,1.38644604691123,H1,2.72827503456543,AX,0.163181017497565,L1,0.0192479059867969,L2,-0.05907916...
GetData ===>> H2,0.790852569750756,H1,1.92780030726765,AX,0.0897457933762547,L1,0.0123376882352879,L2,-0.085999...
GetData ===>> H2,0.763084277340493,H1,1.46189991051016,AX,0.200743184512714,L1,0.00645574094557086,L2,-0.021313...
Get Checksum: -860229079
GetData ===>> H2,0.804554748765613,H1,1.28773362483672,AX,0.300484248388336,L1,-0.012105931304635,L2,0.00601241...
GetData ===>> H2,0.773984755516597,H1,1.05882055851232,AX,0.126885456903382,L1,-0.0249312259073005,L2,-0.000910...
GetData ===>> H2,0.773984755516597,H1,1.05882055851232,AX,0.126885456903382,L1,-0.0249312259073005,L2,-0.000910...
GetData ===>> H2,0.753655626276892,H1,1.16514988510532,AX,-0.0258774959794067,L1,-0.0207306042455921,L2,-0.0415...
GetData ===>> H2,0.678755509998538,H1,0.924612267315772,AX,0.0366077492624665,L1,-0.00779441909893855,L2,0.0874...
GetData ===>> H2,0.553775245578448,H1,0.975979330882715,AX,0.0827228427323617,L1,0.0192311045735692,L2,0.037697...
Get Checksum: -860229079
GetData ===>> H2,0.496902396322934,H1,0.993442922792043,AX,0.0271848286909415,L1,0.00781741917120775,L2,-0.0377...
GetData ===>> H2,0.391044650746808,H1,1.08437923139773,AX,-0.00061443460653985,L1,-0.00475270905424358,L2,-0.12...
GetData ===>> H2,0.36264349973288,H1,1.07382889866192,AX,0.112857889647954,L1,-0.0063456434468086,L2,0.18881968...
GetData ===>> H2,0.261483491506355,H1,0.962183081160295,AX,-0.026109449633698,L1,0.0511652701401578,L2,-0.00129...
GetData ===>> H2,0.261863021593291,H1,1.14998395373147,AX,0.0749819591996206,L1,0.0458846217408695,L2,-0.049155...
GetData ===>> H2,0.285343862697724,H1,1.13275707551301,AX,0.054659274586467,L1,0.0450247958919255,L2,-0.0993322...
Peak center failed to move to a baseline position
_do_sweep sm= 5.86379, em= 5.89379, stm= 0.001
calculated step values: start=5.86379, end=5.89379, width=0.001, nsteps=31.0
setting magnet DAC
current  : 5.863790
requested: 5.863790
Delta Dac: 0.000000
Checking detector protection. dv=0.00000
Checking detector "CDD". Protection Threshold: 0.1 (V)
SetMagnetDAC 5.86379 ===>> OK
GetData ===>> H2,0.285343862697724,H1,1.13275707551301,AX,0.054659274586467,L1,0.0450247958919255,L2,-0.0993322...
setting magnet DAC
current  : 5.863790
requested: 5.864824
Delta Dac: 0.001034
Checking detector protection. dv=0.00103
Checking detector "CDD". Protection Threshold: 0.1 (V)
SetMagnetDAC 5.86482448276 ===>> OK
Magnet settling time: 1.049
Get Checksum: -860229079
GetData ===>> H2,0.148124238225084,H1,1.89557380903331,AX,0.270639454229142,L1,0.0487528387002089,L2,-0.0718691...
setting magnet DAC
current  : 5.864824
requested: 5.865859
Delta Dac: 0.001034
Checking detector protection. dv=0.00103
Checking detector "CDD". Protection Threshold: 0.1 (V)
SetMagnetDAC 5.86585896552 ===>> OK
Magnet settling time: 1.049
GetData ===>> H2,-0.0260016687018844,H1,6.49777541280858,AX,0.916037682097399,L1,0.0233578927834011,L2,-0.10185...
setting magnet DAC
current  : 5.865859
requested: 5.866893
Delta Dac: 0.001034
Checking detector protection. dv=0.00103
Checking detector "CDD". Protection Threshold: 0.1 (V)
SetMagnetDAC 5.86689344828 ===>> OK
Magnet settling time: 1.049
GetData ===>> H2,0.168088644961093,H1,24.8976768234376,AX,3.47079219855148,L1,-0.00788316182356225,L2,-0.041484...
setting magnet DAC
current  : 5.866893
requested: 5.867928
Delta Dac: 0.001034
Checking detector protection. dv=0.00103
Checking detector "CDD". Protection Threshold: 0.1 (V)
SetMagnetDAC 5.86792793103 ===>> OK
Magnet settling time: 1.049
Get Checksum: -860229079
GetData ===>> H2,0.110047521781375,H1,131.668059558873,AX,17.6290585419772,L1,0.0602146197803888,L2,0.006467912...
setting magnet DAC
current  : 5.867928
requested: 5.868962
Delta Dac: 0.001034
Checking detector protection. dv=0.00103
Checking detector "CDD". Protection Threshold: 0.1 (V)
SetMagnetDAC 5.86896241379 ===>> OK
Magnet settling time: 1.049
GetData ===>> H2,0.0261645987681842,H1,361.503356849656,AX,53.5192398150816,L1,0.310702127306566,L2,-0.03775113...
setting magnet DAC
current  : 5.868962
requested: 5.869997
Delta Dac: 0.001034
Checking detector protection. dv=0.00103
Checking detector "CDD". Protection Threshold: 0.1 (V)
SetMagnetDAC 5.86999689655 ===>> OK
Magnet settling time: 1.049
Get Checksum: -860229079
GetData ===>> H2,-0.130569915364,H1,731.668221989568,AX,122.198043745536,L1,0.816507079171517,L2,0.187998217535...
setting magnet DAC
current  : 5.869997
requested: 5.871031
Delta Dac: 0.001034
Checking detector protection. dv=0.00103
Checking detector "CDD". Protection Threshold: 0.1 (V)
SetMagnetDAC 5.87103137931 ===>> OK
Magnet settling time: 1.049
GetData ===>> H2,-0.115542388865004,H1,1093.5395753153,AX,200.627263041505,L1,1.47711361965508,L2,0.29711357262...
setting magnet DAC
current  : 5.871031
requested: 5.872066
Delta Dac: 0.001034
Checking detector protection. dv=0.00103
Checking detector "CDD". Protection Threshold: 0.1 (V)
SetMagnetDAC 5.87206586207 ===>> OK
Magnet settling time: 1.049
GetData ===>> H2,0.0193940153383427,H1,1327.79140266445,AX,261.924241983422,L1,2.2519376548557,L2,0.75747115140...
setting magnet DAC
current  : 5.872066
requested: 5.873100
Delta Dac: 0.001034
Checking detector protection. dv=0.00103
Checking detector "CDD". Protection Threshold: 0.1 (V)
SetMagnetDAC 5.87310034483 ===>> OK
Magnet settling time: 1.049
Get Checksum: -860229079
GetData ===>> H2,-0.0319000520261946,H1,1432.93136109456,AX,294.818801860258,L1,2.87526930720879,L2,1.000141541...
setting magnet DAC
current  : 5.873100
requested: 5.874135
Delta Dac: 0.001034
Checking detector protection. dv=0.00103
Checking detector "CDD". Protection Threshold: 0.1 (V)
SetMagnetDAC 5.87413482759 ===>> OK
Magnet settling time: 1.049
GetData ===>> H2,-0.274698867724217,H1,1468.147911472,AX,307.922103387979,L1,3.35011782294901,L2,1.266990105352...
setting magnet DAC
current  : 5.874135
requested: 5.875169
Delta Dac: 0.001034
Checking detector protection. dv=0.00103
Checking detector "CDD". Protection Threshold: 0.1 (V)
SetMagnetDAC 5.87516931034 ===>> OK
Magnet settling time: 1.049
GetData ===>> H2,-0.188517428751145,H1,1477.76510970224,AX,311.563303236954,L1,3.57933335712988,L2,1.3536469115...
setting magnet DAC
current  : 5.875169
requested: 5.876204
Delta Dac: 0.001034
Checking detector protection. dv=0.00103
Checking detector "CDD". Protection Threshold: 0.1 (V)
SetMagnetDAC 5.8762037931 ===>> OK
Magnet settling time: 1.049
Get Checksum: -860229079
GetData ===>> H2,-0.134612806248501,H1,1479.23642759308,AX,312.852501070163,L1,3.74339243357984,L2,1.2179688669...
setting magnet DAC
current  : 5.876204
requested: 5.877238
Delta Dac: 0.001034
Checking detector protection. dv=0.00103
Checking detector "CDD". Protection Threshold: 0.1 (V)
SetMagnetDAC 5.87723827586 ===>> OK
Magnet settling time: 1.049
GetData ===>> H2,-0.114251300993308,H1,1479.37436541519,AX,313.058128746014,L1,3.81152942039479,L2,1.3465048201...
setting magnet DAC
current  : 5.877238
requested: 5.878273
Delta Dac: 0.001034
Checking detector protection. dv=0.00103
Checking detector "CDD". Protection Threshold: 0.1 (V)
SetMagnetDAC 5.87827275862 ===>> OK
Magnet settling time: 1.049
GetData ===>> H2,-0.0632398101738766,H1,1479.63728006729,AX,312.804166802777,L1,3.87063843117653,L2,1.381537782...
setting magnet DAC
current  : 5.878273
requested: 5.879307
Delta Dac: 0.001034
Checking detector protection. dv=0.00103
Checking detector "CDD". Protection Threshold: 0.1 (V)
SetMagnetDAC 5.87930724138 ===>> OK
Magnet settling time: 1.049
Get Checksum: -860229079
GetData ===>> H2,-0.0285912473655398,H1,1479.03566745375,AX,312.854739550903,L1,3.98282083711288,L2,1.206892653...
setting magnet DAC
current  : 5.879307
requested: 5.880342
Delta Dac: 0.001034
Checking detector protection. dv=0.00103
Checking detector "CDD". Protection Threshold: 0.1 (V)
SetMagnetDAC 5.88034172414 ===>> OK
Magnet settling time: 1.049
GetData ===>> H2,-0.0577912498397547,H1,1478.91804343841,AX,312.519973410607,L1,3.97114246670348,L2,1.232372144...
setting magnet DAC
current  : 5.880342
requested: 5.881376
Delta Dac: 0.001034
Checking detector protection. dv=0.00103
Checking detector "CDD". Protection Threshold: 0.1 (V)
SetMagnetDAC 5.8813762069 ===>> OK
Magnet settling time: 1.049
Get Checksum: -860229079
GetData ===>> H2,-0.150146688983567,H1,1477.42506195612,AX,312.415998831928,L1,3.92724290240249,L2,1.1724567525...
setting magnet DAC
current  : 5.881376
requested: 5.882411
Delta Dac: 0.001034
Checking detector protection. dv=0.00103
Checking detector "CDD". Protection Threshold: 0.1 (V)
SetMagnetDAC 5.88241068966 ===>> OK
Magnet settling time: 1.049
GetData ===>> H2,-0.104225489734041,H1,1474.50216684378,AX,311.493155853,L1,3.93060777572657,L2,1.3632880272362...
setting magnet DAC
current  : 5.882411
requested: 5.883445
Delta Dac: 0.001034
Checking detector protection. dv=0.00103
Checking detector "CDD". Protection Threshold: 0.1 (V)
SetMagnetDAC 5.88344517241 ===>> OK
Magnet settling time: 1.049
GetData ===>> H2,-0.0106885698323069,H1,1465.70130902972,AX,307.679159207652,L1,3.91401210689703,L2,1.313511099...
setting magnet DAC
current  : 5.883445
requested: 5.884480
Delta Dac: 0.001034
Checking detector protection. dv=0.00103
Checking detector "CDD". Protection Threshold: 0.1 (V)
SetMagnetDAC 5.88447965517 ===>> OK
Magnet settling time: 1.049
Get Checksum: -860229079
GetData ===>> H2,-0.0976499293536523,H1,1430.25091144947,AX,293.712143199152,L1,3.72120702095518,L2,1.315531266...
setting magnet DAC
current  : 5.884480
requested: 5.885514
Delta Dac: 0.001034
Checking detector protection. dv=0.00103
Checking detector "CDD". Protection Threshold: 0.1 (V)
SetMagnetDAC 5.88551413793 ===>> OK
Magnet settling time: 1.049
GetData ===>> H2,-0.177066354506176,H1,1317.15326178623,AX,254.302701266021,L1,3.32824045400234,L2,0.9064747804...
setting magnet DAC
current  : 5.885514
requested: 5.886549
Delta Dac: 0.001034
Checking detector protection. dv=0.00103
Checking detector "CDD". Protection Threshold: 0.1 (V)
SetMagnetDAC 5.88654862069 ===>> OK
Magnet settling time: 1.049
GetData ===>> H2,-0.276590933271127,H1,1067.47970922311,AX,184.210541149985,L1,2.6272330680054,L2,0.61361092423...
setting magnet DAC
current  : 5.886549
requested: 5.887583
Delta Dac: 0.001034
Checking detector protection. dv=0.00103
Checking detector "CDD". Protection Threshold: 0.1 (V)
SetMagnetDAC 5.88758310345 ===>> OK
Magnet settling time: 1.049
Get Checksum: -860229079
GetData ===>> H2,-0.373275971348683,H1,699.023583072774,AX,103.684313832374,L1,1.8525877440471,L2,0.18950424080...
setting magnet DAC
current  : 5.887583
requested: 5.888618
Delta Dac: 0.001034
Checking detector protection. dv=0.00103
Checking detector "CDD". Protection Threshold: 0.1 (V)
SetMagnetDAC 5.88861758621 ===>> OK
Magnet settling time: 1.049
GetData ===>> H2,-0.390754794922508,H1,355.326959452633,AX,44.2603106723906,L1,1.18681171807434,L2,0.1679429842...
setting magnet DAC
current  : 5.888618
requested: 5.889652
Delta Dac: 0.001034
Checking detector protection. dv=0.00103
Checking detector "CDD". Protection Threshold: 0.1 (V)
SetMagnetDAC 5.88965206897 ===>> OK
Magnet settling time: 1.049
GetData ===>> H2,-0.27023716701607,H1,138.00354863505,AX,14.1139821450394,L1,0.731740882915179,L2,0.06517738696...
setting magnet DAC
current  : 5.889652
requested: 5.890687
Delta Dac: 0.001034
Checking detector protection. dv=0.00103
Checking detector "CDD". Protection Threshold: 0.1 (V)
SetMagnetDAC 5.89068655172 ===>> OK
Magnet settling time: 1.049
Get Checksum: -860229079
GetData ===>> H2,-0.214099141226587,H1,42.425680257109,AX,3.36692015010802,L1,0.44354890066065,L2,-0.0428730242...
setting magnet DAC
current  : 5.890687
requested: 5.891721
Delta Dac: 0.001034
Checking detector protection. dv=0.00103
Checking detector "CDD". Protection Threshold: 0.1 (V)
SetMagnetDAC 5.89172103448 ===>> OK
Magnet settling time: 1.049
GetData ===>> H2,-0.212081671695555,H1,11.0178505771914,AX,0.418419872746262,L1,0.245425653417443,L2,-0.0081525...
setting magnet DAC
current  : 5.891721
requested: 5.892756
Delta Dac: 0.001034
Checking detector protection. dv=0.00103
Checking detector "CDD". Protection Threshold: 0.1 (V)
SetMagnetDAC 5.89275551724 ===>> OK
Magnet settling time: 1.049
GetData ===>> H2,-0.1648315394584,H1,2.50807703097442,AX,-0.122229832343088,L1,0.174555444498727,L2,-0.12559370...
setting magnet DAC
current  : 5.892756
requested: 5.893790
Delta Dac: 0.001034
Checking detector protection. dv=0.00103
Checking detector "CDD". Protection Threshold: 0.1 (V)
Get Checksum: -860229079
SetMagnetDAC 5.89379 ===>> OK
Magnet settling time: 1.049
GetData ===>> H2,-0.252130653865007,H1,0.0616275119423861,AX,-0.225570321426624,L1,0.10860675670895,L2,0.020566...
result of _do_sweep=True
result of _calculate_peak_center=([5.8710344889779567, 5.8787298797595193, 5.886425270541082], [1092.5813605300441, 1479.6336631577894, 1097.2504033664436], 5.8782789779559126, 1479.6336631577894)
Failed to find a valid peak. No peak greater than 1.0. max = 0.0249789994228
new center pos Detector(H1) (Ar40) @ 5.87872987976
GetHighVoltage ===>> 4500
GetDeflection H1 ===>> 0
dac uncorrected for HV and deflection 5.87872987976
update mftable H1 Ar40 5.87872987976 message=automated run peakcenter
get initial guess parabolic
get initial guess parabolic
get initial guess parabolic
get initial guess parabolic
get initial guess parabolic
get initial guess parabolic
dump mftable to /Users/jan/PychronDev/setupfiles/spectrometer/mftables/mftable.csv
add to repo msg=modified - automated run peakcenter
locally archiving mftable
setting magnet DAC
current  : 5.893790
requested: 5.878730
Delta Dac: 0.015060
Checking detector protection. dv=0.01506
Checking detector "CDD". Protection Threshold: 0.1 (V)
SetMagnetDAC 5.87872987976 ===>> OK
Magnet settling time: 0.500
sweep finished
setting integration time = 1.048576
SetIntegrationTime 1.048576 ===>> OK
Failed to find a valid peak. No peak greater than 1.0. max = 0.0249789994228
flush and close file /Users/jan/PychronDev/data/isotopes/87/e2522c-756e-4cbf-801c-3ed97e715acd.h5
finished measure script
executed 226.132928
jan_unknown120_60.py completed successfully
Measurement Finished
01:28:13 -- ******* Measurement Finished *******
Post Measurement Started jan_pump_ms.py
01:28:13 -- ******* Post Measurement Started jan_pump_ms.py *******
testing...
no interpolation path defined
executed 0
Pumping spectrometer
open () {'name': 'O'}
opening name=O desc=---
checking ownership. requestor=129.138.12.150
check software interlocks O
interlocks []
actuate state mode=None-script, software_lock=False
doing actuation None-script open_channel True
Open O ===>> OK
GetIndicatorState O ===>> OK
change switch state (True, True)
update switch state O True args=() kw={} ncanvase=2
01:28:13 -- OPEN   VALVE-O (Jan Ion Pump)
---------------------------------------- open O () result=[(True, True)], time=0.10 sec
action=open, ok=True, locked=[False]
executed 0
jan_pump_ms.py completed successfully
setting _ms_pumptime
Post Measurement Finished
01:28:13 -- ******* Post Measurement Finished *******
$$$$$$$$$$$$$$$$$$$$ state at run end measurement
state changed from measurement to success
post measurement save measured=True aborted=False
Set filtering
setting fod for Ar40= {'filter_outliers': True, 'std_devs': 2, 'iterations': 1}
setting fod for H1= {'filter_outliers': True, 'std_devs': 2, 'iterations': 1}
setting fod for PM41= {'filter_outliers': False, 'std_devs': 2, 'iterations': 1}
setting fod for H2= {'filter_outliers': True, 'std_devs': 2, 'iterations': 1}
setting fod for Ar36= {'filter_outliers': True, 'std_devs': 2, 'iterations': 1}
setting fod for CDD= {'filter_outliers': True, 'std_devs': 10, 'iterations': 1}
setting fod for Ar37= {'filter_outliers': True, 'std_devs': 2, 'iterations': 1}
setting fod for L2= {'filter_outliers': True, 'std_devs': 2, 'iterations': 1}
setting fod for Ar38= {'filter_outliers': True, 'std_devs': 2, 'iterations': 1}
setting fod for L1= {'filter_outliers': True, 'std_devs': 2, 'iterations': 1}
setting fod for Ar39= {'filter_outliers': True, 'std_devs': 2, 'iterations': 1}
setting fod for AX= {'filter_outliers': True, 'std_devs': 2, 'iterations': 1}
persistence save...
persistence save - db
post measurement save
5191978160 connecting to database sqlite:////Users/jan/PychronDev/.appdata/local_lab.db
connected to db sqlite:////Users/jan/PychronDev/.appdata/local_lab.db
create new session 5191978160
close session 5191978160
No database instance. Not saving post measurement to isotopedb database
$$$$$$$$$$$$$$$ auto_save_detector_ic=False
massspec enabled True
create new session 4979649712
MassSpec Database Version: 16.0
close session 4979649712
saving post measurement to secondary database
saving to massspec database 129.138.12.160/massspecdata
setting labnumber to 65569
setting aliquot to 33
setting step to 
setting uuid to 87e2522c-756e-4cbf-801c-3ed97e715acd
setting irradpos to 65569
setting extract_device to Fusions CO2
setting tray to 
setting position to 182
setting power_requested to 5.0
setting extract_value to 5.0
setting duration to 30.0
setting duration_at_request to 30.0
setting first_stage_delay to 30.0
setting cleanup to 30.0
Get Checksum: -1965264452
setting comment to M:11 w/o inclusions
setting irradiation to NM-289
setting level to M
setting irradiation_level to M
setting sample to NM-2602 WO
setting material to Sanidine
setting project to JoyitaHills
setting mass_spectrometer to Jan
no attribute chron_dosages
no attribute production_ratios
no attribute interference_corrections
no attribute production_name
no attribute j
Reference Isotope=Ar40
Reference Detector=H1
%%%%%%%%%%%%%%%%%%%% Comment: M:11 w/o inclusions %%%%%%%%%%%%%%%%%%%
adding isotope PM41 H2
add baseline dbdet= PM41. original det= H2
get baseline data PM41 H2
Get data baseline <pychron.processing.isotope.Baseline object at 0x150018050> len t=60
baseline PM41. v=-0.219759663605, e=0.00710194475534
get signal data PM41 H2
Get data signal PM41 0.13+/-0.07 len t=120
adding isotope Ar40 H1
add baseline dbdet= Ar40. original det= H1
get baseline data Ar40 H1
Get data baseline <pychron.processing.isotope.Baseline object at 0x150018210> len t=60
baseline Ar40. v=-0.00126378706259, e=0.00629408944554
get signal data Ar40 H1
Get data signal Ar40 1633.78+/-0.07 len t=120
adding isotope Ar39 AX
add baseline dbdet= Ar39. original det= AX
get baseline data Ar39 AX
Get data baseline <pychron.processing.isotope.Baseline object at 0x1500183d0> len t=60
baseline Ar39. v=-0.0772059789526, e=0.00662179126984
get signal data Ar39 AX
Get data signal Ar39 344.687+/-0.032 len t=120
adding isotope Ar38 L1
add baseline dbdet= Ar38. original det= L1
get baseline data Ar38 L1
Get data baseline <pychron.processing.isotope.Baseline object at 0x150018590> len t=60
baseline Ar38. v=-0.0364735720212, e=0.00407015711759
get signal data Ar38 L1
Get data signal Ar38 4.426+/-0.006 len t=120
adding isotope Ar37 L2
add baseline dbdet= Ar37. original det= L2
get baseline data Ar37 L2
Get data baseline <pychron.processing.isotope.Baseline object at 0x150018750> len t=60
baseline Ar37. v=-0.0260305938221, e=0.00620474842159
get signal data Ar37 L2
Get data signal Ar37 1.483+/-0.011 len t=120
adding isotope Ar36 CDD
add baseline dbdet= Ar36. original det= CDD
get baseline data Ar36 CDD
Get data baseline <pychron.processing.isotope.Baseline object at 0x150018910> len t=60
baseline Ar36. v=0.000349833723943, e=2.87079789628e-05
get signal data Ar36 CDD
Get data signal Ar36 0.0166+/-0.0004 len t=120
65569-33 added analysis time 0.539558887482s
analysis added to mass spec database
mass spec save time= 0.552
persistence save - dvc
================= post measurement started
create new session 4984345712
close session 4984345712
---------------- Experiment Queue saving disabled
DVC saving peakcenter
Failed to find a valid peak. No peak greater than 1.0. max = 0.0249789994228
Smart pull ahead: 0 behind: 0
Up-to-date with origin
add to repo msg=modified - ad8224ebc6dbfeb9f5997218dfa5fe690569839d.json
add to repo msg=modified - 69-33.json
add to repo msg=modified - 69-33.dat.json
Get Checksum: -1965264452
add to repo msg=modified - 69-33.blan.json
add to repo msg=modified - 69-33.inte.json
add to repo msg=modified - 69-33.icfa.json
add to repo msg=modified - 69-33.base.json
not at valid file /Users/jan/PychronDev/data/.dvc/repositories/Load1783/655/tags/69-33.tags.json
add to repo msg=modified - 69-33.peak.json
add to repo msg=modified - 69-33.extr.json
not at valid file /Users/jan/PychronDev/data/.dvc/repositories/Load1783/655/monitor/69-33.moni.json
commit message=<COLLECTION>
add to repo msg=modified - 69-33.inte.json
add to repo msg=modified - 69-33.base.json
commit message=<ISOEVO> default collection fits
Get Checksum: -1965264452
add to repo msg=modified - 69-33.blan.json
commit message=<BLANKS> preceding bc-02-J-262
add to repo msg=modified - 69-33.icfa.json
commit message=<ICFactor> default
push repository <pychron.git_archive.repo_manager.GitRepoManager object at 0x14d4f9b90>
pushing to remote=origin, url=https://github.com
Get Checksum: -1965264452
no changes to meta repo
Get Checksum: -1965264452
create new session 4984345712
add association Load1783
get identifier "65569"
setting analysis irradiation position=<pychron.dvc.dvc_orm.IrradiationPositionTbl object at 0x13b2637d0>
close session 4984345712
================= post measurement finished
01:28:26 -- ******* Post Run Check *******
loading queue conditionals post_run_actions
loading system conditionals post_run_actions
loading conditionals from /Users/jan/PychronDev/setupfiles/spectrometer/default_conditionals.yaml
loading queue conditionals post_run_terminations
loading system conditionals post_run_terminations
loading conditionals from /Users/jan/PychronDev/setupfiles/spectrometer/default_conditionals.yaml
Checking default post run terminations n=1
GetDeflection CDD ===>> 50
testing CDD==2000
evaluate ot="CDD.deflection==2000" t="CDD==2000", ctx="{'CDD': 50.0}"
01:28:26 -- ******* Post Run Check Passed *******
01:28:26 -- Automated run 65569-33 success duration: 368.013 s
----------------- finish -----------------
----------------- stop -----------------
retroactive repository identifiers disabled
finish run. runs completed=37
update duration runid=65569-33, duration=368.013044119, md5=301e91d8
loading script "jan_unknown120_60.py"
loading script "jan_pump_ms.py"
loading script "jan_co2.py"
loading script "jan_pump_extraction_line.py"
testing...
no interpolation path defined
executed 213.652928
script duration name:unknown120_60 seconds:214.0
loading script "jan_unknown120_60.py"
loading script "jan_pump_ms.py"
loading script "jan_co2.py"
loading script "jan_pump_extraction_line.py"
testing...
no interpolation path defined
executed 0
loading script "jan_unknown120_60.py"
loading script "jan_pump_ms.py"
loading script "jan_co2.py"
loading script "jan_pump_extraction_line.py"
testing...
no interpolation path defined
calculate duration
testing...
no interpolation path defined
executed 0
calculate duration
testing...
no interpolation path defined
executed 0
executed 0.0
script duration name:co2 seconds:0.0
loading script "jan_unknown120_60.py"
loading script "jan_pump_ms.py"
loading script "jan_co2.py"
loading script "jan_pump_extraction_line.py"
testing...
no interpolation path defined
calculate duration
testing...
no interpolation path defined
executed 4.0
executed 4.0
Script duration 214.0
Run total estimated duration= 215.000
unknown120_60 in script context. using previous estimated duration
script duration name:unknown120_60 seconds:214.0
pump_ms in script context. using previous estimated duration
co2 in script context. using previous estimated duration
script duration name:co2 seconds:0.0
pump_extraction_line in script context. using previous estimated duration
Script duration 214.0
Run total estimated duration= 215.000
script duration name:unknown120_60 seconds:214.0
script duration name:co2 seconds:0.0
Script duration 214.0
Run total estimated duration= 215.000
script duration name:unknown120_60 seconds:214.0
script duration name:co2 seconds:0.0
Script duration 214.0
Run total estimated duration= 215.000
script duration name:unknown120_60 seconds:214.0
script duration name:co2 seconds:0.0
Script duration 214.0
Run total estimated duration= 215.000
script duration name:unknown120_60 seconds:214.0
script duration name:co2 seconds:0.0
Script duration 214.0
Run total estimated duration= 215.000
script duration name:unknown120_60 seconds:214.0
script duration name:co2 seconds:0.0
Script duration 214.0
Run total estimated duration= 215.000
script duration name:unknown120_60 seconds:214.0
script duration name:co2 seconds:0.0
Script duration 214.0
Run total estimated duration= 215.000
script duration name:unknown120_60 seconds:214.0
script duration name:co2 seconds:0.0
Script duration 214.0
Run total estimated duration= 215.000
script duration name:unknown120_60 seconds:214.0
script duration name:co2 seconds:0.0
Script duration 214.0
Run total estimated duration= 215.000
script duration name:unknown120_60 seconds:214.0
script duration name:co2 seconds:0.0
Script duration 214.0
Run total estimated duration= 215.000
script duration name:unknown120_60 seconds:214.0
script duration name:co2 seconds:0.0
Script duration 214.0
Run total estimated duration= 215.000
script duration name:unknown120_60 seconds:214.0
script duration name:co2 seconds:0.0
Script duration 214.0
Run total estimated duration= 215.000
script duration name:unknown120_60 seconds:214.0
script duration name:co2 seconds:0.0
Script duration 214.0
Run total estimated duration= 215.000
loading script "jan_unknown400_120.py"
loading script "jan_pump_ms.py"
loading script "jan_co2.py"
loading script "jan_pump_extraction_line.py"
testing...
no interpolation path defined
executed 556.052928
script duration name:unknown400_120 seconds:556.0
script duration name:co2 seconds:0.0
Script duration 556.0
Run total estimated duration= 557.000
script duration name:unknown120_60 seconds:214.0
script duration name:co2 seconds:0.0
Script duration 214.0
Run total estimated duration= 215.000
script duration name:unknown120_60 seconds:214.0
script duration name:co2 seconds:0.0
Script duration 214.0
Run total estimated duration= 215.000
script duration name:unknown120_60 seconds:214.0
script duration name:co2 seconds:0.0
Script duration 214.0
Run total estimated duration= 215.000
script duration name:unknown120_60 seconds:214.0
script duration name:co2 seconds:0.0
Script duration 214.0
Run total estimated duration= 215.000
script duration name:unknown120_60 seconds:214.0
script duration name:co2 seconds:0.0
Script duration 214.0
Run total estimated duration= 215.000
script duration name:unknown120_60 seconds:214.0
script duration name:co2 seconds:0.0
Script duration 214.0
Run total estimated duration= 215.000
script duration name:unknown120_60 seconds:214.0
script duration name:co2 seconds:0.0
Script duration 214.0
Run total estimated duration= 215.000
script duration name:unknown120_60 seconds:214.0
script duration name:co2 seconds:0.0
Script duration 214.0
Run total estimated duration= 215.000
script duration name:unknown120_60 seconds:214.0
script duration name:co2 seconds:0.0
Script duration 214.0
Run total estimated duration= 215.000
script duration name:unknown120_60 seconds:214.0
script duration name:co2 seconds:0.0
Script duration 214.0
Run total estimated duration= 215.000
script duration name:unknown120_60 seconds:214.0
script duration name:co2 seconds:0.0
Script duration 214.0
Run total estimated duration= 215.000
script duration name:unknown120_60 seconds:214.0
script duration name:co2 seconds:0.0
Script duration 214.0
Run total estimated duration= 215.000
script duration name:unknown120_60 seconds:214.0
script duration name:co2 seconds:0.0
Script duration 214.0
Run total estimated duration= 215.000
script duration name:unknown120_60 seconds:214.0
script duration name:co2 seconds:0.0
Script duration 214.0
Run total estimated duration= 215.000
script duration name:unknown120_60 seconds:214.0
script duration name:co2 seconds:0.0
Script duration 214.0
Run total estimated duration= 215.000
script duration name:unknown120_60 seconds:214.0
script duration name:co2 seconds:0.0
Script duration 214.0
Run total estimated duration= 215.000
script duration name:unknown120_60 seconds:214.0
script duration name:co2 seconds:0.0
Script duration 214.0
Run total estimated duration= 215.000
script duration name:unknown120_60 seconds:214.0
script duration name:co2 seconds:0.0
Script duration 214.0
Run total estimated duration= 215.000
script duration name:unknown120_60 seconds:214.0
script duration name:co2 seconds:0.0
Script duration 214.0
Run total estimated duration= 215.000
unknown400_120 in script context. using previous estimated duration
script duration name:unknown400_120 seconds:556.0
script duration name:co2 seconds:0.0
Script duration 556.0
Run total estimated duration= 557.000
script duration name:unknown400_120 seconds:556.0
loading script "jan_unknown400_120.py"
loading script "jan_pump_ms.py"
loading script "jan_cocktail_x1.py"
loading script "jan_pump_extraction_line.py"
testing...
no interpolation path defined
calculate duration
testing...
no interpolation path defined
executed 0
calculate duration
testing...
no interpolation path defined
executed 0
calculate duration
testing...
no interpolation path defined
executed 32.0
calculate duration
testing...
no interpolation path defined
executed 34.0
calculate duration
testing...
no interpolation path defined
executed 4.0
calculate duration
testing...
no interpolation path defined
executed 38.0
executed 108.0
script duration name:cocktail_x1 seconds:108.0
Script duration 664.0
Run total estimated duration= 665.000
script duration name:unknown120_60 seconds:214.0
cocktail_x1 in script context. using previous estimated duration
script duration name:cocktail_x1 seconds:108.0
Script duration 322.0
Run total estimated duration= 323.000
loading script "jan_ic_peak_hop3.py"
loading script "jan_pump_ms.py"
loading script "jan_air_x1.py"
loading script "jan_pump_extraction_line.py"
testing...
no interpolation path defined
executed 133.8
script duration name:ic_peak_hop3 seconds:134.0
loading script "jan_ic_peak_hop3.py"
loading script "jan_pump_ms.py"
loading script "jan_air_x1.py"
loading script "jan_pump_extraction_line.py"
testing...
no interpolation path defined
calculate duration
testing...
no interpolation path defined
executed 0
calculate duration
testing...
no interpolation path defined
executed 0
calculate duration
testing...
no interpolation path defined
executed 32.0
calculate duration
testing...
no interpolation path defined
executed 34.0
calculate duration
testing...
no interpolation path defined
executed 4.0
calculate duration
testing...
no interpolation path defined
executed 36.0
executed 106.0
script duration name:air_x1 seconds:106.0
Script duration 240.0
Run total estimated duration= 241.000
script duration name:unknown120_60 seconds:214.0
script duration name:co2 seconds:0.0
Script duration 214.0
Run total estimated duration= 215.000
script duration name:unknown120_60 seconds:214.0
script duration name:co2 seconds:0.0
Script duration 214.0
Run total estimated duration= 215.000
script duration name:unknown120_60 seconds:214.0
script duration name:co2 seconds:0.0
Script duration 214.0
Run total estimated duration= 215.000
script duration name:unknown400_120 seconds:556.0
loading script "jan_unknown400_120.py"
loading script "jan_pump_ms.py"
loading script "jan_sniffair_x2.py"
loading script "jan_pump_extraction_line.py"
testing...
no interpolation path defined
calculate duration
testing...
no interpolation path defined
executed 0
calculate duration
testing...
no interpolation path defined
executed 0
calculate duration
testing...
no interpolation path defined
executed 32.0
calculate duration
testing...
no interpolation path defined
executed 34.0
calculate duration
testing...
no interpolation path defined
executed 4.0
calculate duration
testing...
no interpolation path defined
executed 36.0
calculate duration
testing...
no interpolation path defined
executed 34.0
calculate duration
testing...
no interpolation path defined
executed 4.0
calculate duration
testing...
no interpolation path defined
executed 36.0
calculate duration
testing...
no interpolation path defined
executed 70.0
executed 250.0
script duration name:sniffair_x2 seconds:250.0
Script duration 806.0
Run total estimated duration= 807.000
script duration name:unknown400_120 seconds:556.0
sniffair_x2 in script context. using previous estimated duration
script duration name:sniffair_x2 seconds:250.0
Script duration 806.0
Run total estimated duration= 807.000
script duration name:unknown120_60 seconds:214.0
script duration name:co2 seconds:0.0
Script duration 214.0
Run total estimated duration= 215.000
script duration name:unknown120_60 seconds:214.0
script duration name:co2 seconds:0.0
Script duration 214.0
Run total estimated duration= 215.000
script duration name:unknown120_60 seconds:214.0
script duration name:co2 seconds:0.0
Script duration 214.0
Run total estimated duration= 215.000
script duration name:unknown120_60 seconds:214.0
script duration name:co2 seconds:0.0
Script duration 214.0
Run total estimated duration= 215.000
script duration name:unknown120_60 seconds:214.0
script duration name:co2 seconds:0.0
Script duration 214.0
Run total estimated duration= 215.000
script duration name:unknown120_60 seconds:214.0
script duration name:co2 seconds:0.0
Script duration 214.0
Run total estimated duration= 215.000
script duration name:unknown120_60 seconds:214.0
script duration name:co2 seconds:0.0
Script duration 214.0
Run total estimated duration= 215.000
script duration name:unknown120_60 seconds:214.0
script duration name:co2 seconds:0.0
Script duration 214.0
Run total estimated duration= 215.000
script duration name:unknown120_60 seconds:214.0
script duration name:co2 seconds:0.0
Script duration 214.0
Run total estimated duration= 215.000
script duration name:unknown120_60 seconds:214.0
script duration name:co2 seconds:0.0
Script duration 214.0
Run total estimated duration= 215.000
script duration name:unknown120_60 seconds:214.0
script duration name:co2 seconds:0.0
Script duration 214.0
Run total estimated duration= 215.000
script duration name:unknown120_60 seconds:214.0
script duration name:co2 seconds:0.0
Script duration 214.0
Run total estimated duration= 215.000
script duration name:unknown120_60 seconds:214.0
script duration name:co2 seconds:0.0
Script duration 214.0
Run total estimated duration= 215.000
script duration name:unknown120_60 seconds:214.0
script duration name:co2 seconds:0.0
Script duration 214.0
Run total estimated duration= 215.000
script duration name:unknown120_60 seconds:214.0
script duration name:co2 seconds:0.0
Script duration 214.0
Run total estimated duration= 215.000
script duration name:unknown120_60 seconds:214.0
script duration name:co2 seconds:0.0
Script duration 214.0
Run total estimated duration= 215.000
script duration name:unknown120_60 seconds:214.0
script duration name:co2 seconds:0.0
Script duration 214.0
Run total estimated duration= 215.000
script duration name:unknown120_60 seconds:214.0
script duration name:co2 seconds:0.0
Script duration 214.0
Run total estimated duration= 215.000
script duration name:unknown400_120 seconds:556.0
script duration name:co2 seconds:0.0
Script duration 556.0
Run total estimated duration= 557.000
script duration name:unknown400_120 seconds:556.0
script duration name:cocktail_x1 seconds:108.0
Script duration 664.0
Run total estimated duration= 665.000
script duration name:unknown120_60 seconds:214.0
script duration name:cocktail_x1 seconds:108.0
Script duration 322.0
Run total estimated duration= 323.000
script duration name:unknown400_120 seconds:556.0
script duration name:sniffair_x2 seconds:250.0
Script duration 806.0
Run total estimated duration= 807.000
script duration name:unknown400_120 seconds:556.0
script duration name:sniffair_x2 seconds:250.0
Script duration 806.0
Run total estimated duration= 807.000
ic_peak_hop3 in script context. using previous estimated duration
script duration name:ic_peak_hop3 seconds:134.0
air_x1 in script context. using previous estimated duration
script duration name:air_x1 seconds:106.0
Script duration 240.0
Run total estimated duration= 241.000
script duration name:unknown120_60 seconds:214.0
script duration name:co2 seconds:0.0
Script duration 214.0
Run total estimated duration= 215.000
script duration name:unknown120_60 seconds:214.0
script duration name:co2 seconds:0.0
Script duration 214.0
Run total estimated duration= 215.000
script duration name:unknown120_60 seconds:214.0
script duration name:co2 seconds:0.0
Script duration 214.0
Run total estimated duration= 215.000
script duration name:unknown120_60 seconds:214.0
script duration name:co2 seconds:0.0
Script duration 214.0
Run total estimated duration= 215.000
script duration name:unknown120_60 seconds:214.0
script duration name:co2 seconds:0.0
Script duration 214.0
Run total estimated duration= 215.000
script duration name:unknown120_60 seconds:214.0
script duration name:co2 seconds:0.0
Script duration 214.0
Run total estimated duration= 215.000
script duration name:unknown120_60 seconds:214.0
script duration name:co2 seconds:0.0
Script duration 214.0
Run total estimated duration= 215.000
script duration name:unknown120_60 seconds:214.0
script duration name:co2 seconds:0.0
Script duration 214.0
Run total estimated duration= 215.000
script duration name:unknown120_60 seconds:214.0
script duration name:co2 seconds:0.0
Script duration 214.0
Run total estimated duration= 215.000
script duration name:unknown120_60 seconds:214.0
script duration name:co2 seconds:0.0
Script duration 214.0
Run total estimated duration= 215.000
script duration name:unknown120_60 seconds:214.0
script duration name:co2 seconds:0.0
Script duration 214.0
Run total estimated duration= 215.000
script duration name:unknown120_60 seconds:214.0
script duration name:co2 seconds:0.0
Script duration 214.0
Run total estimated duration= 215.000
script duration name:unknown120_60 seconds:214.0
script duration name:co2 seconds:0.0
Script duration 214.0
Run total estimated duration= 215.000
script duration name:unknown120_60 seconds:214.0
script duration name:co2 seconds:0.0
Script duration 214.0
Run total estimated duration= 215.000
script duration name:unknown120_60 seconds:214.0
script duration name:co2 seconds:0.0
Script duration 214.0
Run total estimated duration= 215.000
script duration name:unknown400_120 seconds:556.0
script duration name:co2 seconds:0.0
Script duration 556.0
Run total estimated duration= 557.000
script duration name:unknown400_120 seconds:556.0
script duration name:cocktail_x1 seconds:108.0
Script duration 664.0
Run total estimated duration= 665.000
script duration name:unknown120_60 seconds:214.0
script duration name:cocktail_x1 seconds:108.0
Script duration 322.0
Run total estimated duration= 323.000
script duration name:ic_peak_hop3 seconds:134.0
script duration name:air_x1 seconds:106.0
Script duration 240.0
Run total estimated duration= 241.000
script duration name:unknown120_60 seconds:214.0
script duration name:co2 seconds:0.0
Script duration 214.0
Run total estimated duration= 215.000
script duration name:unknown120_60 seconds:214.0
script duration name:co2 seconds:0.0
Script duration 214.0
Run total estimated duration= 215.000
script duration name:unknown120_60 seconds:214.0
script duration name:co2 seconds:0.0
Script duration 214.0
Run total estimated duration= 215.000
script duration name:unknown120_60 seconds:214.0
script duration name:co2 seconds:0.0
Script duration 214.0
Run total estimated duration= 215.000
script duration name:unknown120_60 seconds:214.0
script duration name:co2 seconds:0.0
Script duration 214.0
Run total estimated duration= 215.000
script duration name:unknown120_60 seconds:214.0
script duration name:co2 seconds:0.0
Script duration 214.0
Run total estimated duration= 215.000
script duration name:unknown120_60 seconds:214.0
script duration name:co2 seconds:0.0
Script duration 214.0
Run total estimated duration= 215.000
script duration name:unknown120_60 seconds:214.0
script duration name:co2 seconds:0.0
Script duration 214.0
Run total estimated duration= 215.000
script duration name:unknown120_60 seconds:214.0
script duration name:co2 seconds:0.0
Script duration 214.0
Run total estimated duration= 215.000
script duration name:unknown120_60 seconds:214.0
script duration name:co2 seconds:0.0
Script duration 214.0
Run total estimated duration= 215.000
script duration name:unknown400_120 seconds:556.0
script duration name:sniffair_x2 seconds:250.0
Script duration 806.0
Run total estimated duration= 807.000
script duration name:unknown400_120 seconds:556.0
script duration name:sniffair_x2 seconds:250.0
Script duration 806.0
Run total estimated duration= 807.000
script duration name:unknown400_120 seconds:556.0
script duration name:co2 seconds:0.0
Script duration 556.0
Run total estimated duration= 557.000
nruns=99 before=5.0, run_dur=28299.0, btw=4410.0
write rem/ex queues
/Users/jan/PychronDev/experiments/rem/CurrentExperiment.rem.txt
/Users/jan/PychronDev/experiments/rem/CurrentExperiment.ex.txt
doing event level: 3
