do run
loading script "jan_unknown120_60.py"
loading script "jan_pump_ms.py"
loading script "jan_co2.py"
loading script "jan_pump_extraction_line.py"
testing...
no interpolation path defined
executed 213.652928
script duration name:unknown120_60 seconds:214.0
loading script "jan_unknown120_60.py"
loading script "jan_pump_ms.py"
loading script "jan_co2.py"
loading script "jan_pump_extraction_line.py"
testing...
no interpolation path defined
executed 0
loading script "jan_unknown120_60.py"
loading script "jan_pump_ms.py"
loading script "jan_co2.py"
loading script "jan_pump_extraction_line.py"
testing...
no interpolation path defined
calculate duration
testing...
no interpolation path defined
executed 0
calculate duration
testing...
no interpolation path defined
executed 0
executed 0.0
script duration name:co2 seconds:0.0
loading script "jan_unknown120_60.py"
loading script "jan_pump_ms.py"
loading script "jan_co2.py"
loading script "jan_pump_extraction_line.py"
testing...
no interpolation path defined
calculate duration
testing...
no interpolation path defined
executed 4.0
executed 4.0
Script duration 214.0
Run total estimated duration= 215.000
run duration: 0:03:35
doing event level: 2
01:36:17 -- Setting default integration. t=1.048576
setting integration time = 1.048576
SetIntegrationTime 1.048576 ===>> OK
----------------- start -----------------
**************** Experiment Type: Ar/Ar, Ar/Ar
create new session 5004766384
close session 5004766384
$$$$$ Clearing conditionals
adding conditionals 
Add queue conditionals
add default conditionals
adding default conditionals from /Users/jan/PychronDev/setupfiles/spectrometer/default_conditionals.yaml
Start automated run 65569-35
loading script "jan_unknown120_60.py"
loading script "jan_pump_ms.py"
loading script "jan_co2.py"
loading script "jan_pump_extraction_line.py"
%%%%%%%%%%%%%%%%%% setting automated run 65569-35
No value "sensitivity_multiplier" in metadata
$$$$$$$$$$$$$$$ auto_save_detector_ic=False
============================= Pre Extraction Check =============================
loading queue conditionals pre_run_terminations
loading system conditionals pre_run_terminations
loading conditionals from /Users/jan/PychronDev/setupfiles/spectrometer/default_conditionals.yaml
01:36:17 -- ******* Pre Extraction Check *******
Get a measurement from the spectrometer
GetData ===>> H2,-0.204477236913974,H1,-0.0222230695355428,AX,-0.141852304458073,L1,-0.0148969025444154,L2,0.04...
Pre Extraction Termination data. keys=H2,H1,AX,L1,L2,CDD, signals=-0.20448,-0.02222,-0.14185,-0.01490,0.04224,0.00372
01:36:17 -- testing system defined conditionals
Checking default pre extraction terminations n=2
testing CDD
evaluate ot="CDD.inactive" t="CDD", ctx="{'CDD': False}"
GetDeflection CDD ===>> 50
testing CDD==2000
evaluate ot="CDD.deflection==2000" t="CDD==2000", ctx="{'CDD': 50.0}"
01:36:17 -- ******* Pre Extraction Check Passed *******
=================================================================================
01:36:17 -- stopping status monitor
stop 4976489392
Alive clients [4984697584]
01:36:17 -- starting status monitor
start 4976489392
Monitor already running
start extraction
do extraction
Analysis started at 01:36:17.603250
Extraction Started jan_co2.py
01:36:17 -- ******* Extraction Started jan_co2.py *******
state changed from not run to extraction
DO EXTRACTION <pychron.extraction_line.pyscript_runner.RemotePyScriptRunner object at 0x12988f3b0>
testing...
no interpolation path defined
calculate duration
testing...
no interpolation path defined
executed 0
calculate duration
testing...
no interpolation path defined
executed 0
executed 100.0
Jan CO2 laser analysis
doing GOSUB
testing...
no interpolation path defined
executed 0
Waiting for CO2 access
wait ('FelixCO2Flag', 0) {}
waiting for FelixCO2Flag = 0
Read FelixCO2Flag ===>> 0
finished waiting
CO2 free
wait ('CO2PumpTimeFlag', 0) {}
waiting for CO2PumpTimeFlag = 0
Read CO2PumpTimeFlag ===>> 0
finished waiting
acquire ('JanCO2Flag',) {'clear': True}
acquire JanCO2Flag
Set JanCO2Flag 1 ===>> OK
JanCO2Flag acquired
set extraction state False (0.75, 'red', 1.5)
CO2 acquired
executed 0
WaitForCO2Access.py completed successfully
gosub finished
doing GOSUB
testing...
no interpolation path defined
executed 0
Prepare for CO2 analysis
close () {'description': 'Jan Inlet'}
closing name=--- desc=Jan Inlet
checking ownership. requestor=129.138.12.150
check software interlocks R
interlocks []
actuate state mode=None-script, software_lock=False
doing actuation None-script close_channel False
Close R ===>> OK
GetIndicatorState R ===>> False
change switch state (True, True)
update switch state R False args=() kw={} ncanvase=2
Get Checksum: 2035439760
01:36:18 -- CLOSE  VALVE-R (Jan Inlet)
---------------------------------------- close None (Jan Inlet) result=[(True, True)]
action=close, ok=True, locked=[False]
open () {'description': 'Jan Ion Pump'}
opening name=--- desc=Jan Ion Pump
checking ownership. requestor=129.138.12.150
check software interlocks O
interlocks []
actuate state mode=None-script, software_lock=False
doing actuation None-script open_channel False
Open O ===>> OK
GetIndicatorState O ===>> OK
change switch state (True, True)
update switch state O True args=() kw={} ncanvase=2
01:36:18 -- OPEN   VALVE-O (Jan Ion Pump)
---------------------------------------- open None (Jan Ion Pump) result=[(True, True)], time=0.08 sec
action=open, ok=True, locked=[False]
close () {'description': 'Microbone to Minibone'}
closing name=--- desc=Microbone to Minibone
checking ownership. requestor=129.138.12.150
check software interlocks L
interlocks []
actuate state mode=None-script, software_lock=False
doing actuation None-script close_channel False
Close L ===>> OK
GetIndicatorState L ===>> False
change switch state (True, True)
update switch state L False args=() kw={} ncanvase=2
01:36:19 -- CLOSE  VALVE-L (Microbone to Minibone)
---------------------------------------- close None (Microbone to Minibone) result=[(True, True)]
action=close, ok=True, locked=[False]
open () {'description': 'Microbone to Turbo'}
opening name=--- desc=Microbone to Turbo
checking ownership. requestor=129.138.12.150
check software interlocks U
interlocks []
actuate state mode=None-script, software_lock=False
doing actuation None-script open_channel False
Open U ===>> OK
GetIndicatorState U ===>> OK
change switch state (True, True)
update switch state U True args=() kw={} ncanvase=2
01:36:19 -- OPEN   VALVE-U (Microbone to Turbo)
---------------------------------------- open None (Microbone to Turbo) result=[(True, True)], time=0.13 sec
action=open, ok=True, locked=[False]
open () {'description': 'Microbone to Inlet Pipette'}
opening name=--- desc=Microbone to Inlet Pipette
checking ownership. requestor=129.138.12.150
check software interlocks S
interlocks []
actuate state mode=None-script, software_lock=False
doing actuation None-script open_channel False
Open S ===>> OK
GetIndicatorState S ===>> OK
change switch state (True, True)
update switch state S True args=() kw={} ncanvase=2
01:36:20 -- OPEN   VALVE-S (Microbone to Inlet Pipette)
---------------------------------------- open None (Microbone to Inlet Pipette) result=[(True, True)], time=0.43 sec
action=open, ok=True, locked=[False]
open () {'description': 'Microbone to Getter D-50'}
opening name=--- desc=Microbone to Getter D-50
checking ownership. requestor=129.138.12.150
check software interlocks K
interlocks []
actuate state mode=None-script, software_lock=False
doing actuation None-script open_channel False
Open K ===>> OK
GetIndicatorState K ===>> OK
change switch state (True, True)
update switch state K True args=() kw={} ncanvase=2
01:36:20 -- OPEN   VALVE-K (Microbone to Getter D-50)
---------------------------------------- open None (Microbone to Getter D-50) result=[(True, True)], time=0.41 sec
action=open, ok=True, locked=[False]
open () {'description': 'Microbone to Getter NP-10'}
opening name=--- desc=Microbone to Getter NP-10
checking ownership. requestor=129.138.12.150
check software interlocks M
interlocks []
actuate state mode=None-script, software_lock=False
doing actuation None-script open_channel False
Open M ===>> OK
Get Checksum: 2035439760
GetIndicatorState M ===>> OK
change switch state (True, True)
update switch state M True args=() kw={} ncanvase=2
01:36:21 -- OPEN   VALVE-M (Microbone to Getter NP-10)
---------------------------------------- open None (Microbone to Getter NP-10) result=[(True, True)], time=0.15 sec
action=open, ok=True, locked=[False]
close () {'description': 'CO2 Laser to Felix'}
closing name=--- desc=CO2 Laser to Felix
checking ownership. requestor=129.138.12.150
check software interlocks F
interlocks []
actuate state mode=None-script, software_lock=True
VALVE-F(CO2 Laser to Felix) software locked
change switch state (True, False)
---------------------------------------- close None (CO2 Laser to Felix) result=[(True, False)]
action=close, ok=True, locked=[True]
open () {'description': 'CO2 Laser to Jan'}
opening name=--- desc=CO2 Laser to Jan
checking ownership. requestor=129.138.12.150
check software interlocks A
interlocks []
actuate state mode=None-script, software_lock=False
doing actuation None-script open_channel False
Open A ===>> OK
GetIndicatorState A ===>> OK
change switch state (True, True)
update switch state A True args=() kw={} ncanvase=2
01:36:21 -- OPEN   VALVE-A (CO2 Laser to Jan)
---------------------------------------- open None (CO2 Laser to Jan) result=[(True, True)], time=0.14 sec
action=open, ok=True, locked=[False]
open () {'description': 'Microbone to CO2 Laser'}
opening name=--- desc=Microbone to CO2 Laser
checking ownership. requestor=129.138.12.150
check software interlocks T
interlocks []
actuate state mode=None-script, software_lock=False
doing actuation None-script open_channel False
Open T ===>> OK
GetIndicatorState T ===>> OK
change switch state (True, True)
update switch state T True args=() kw={} ncanvase=2
01:36:22 -- OPEN   VALVE-T (Microbone to CO2 Laser)
---------------------------------------- open None (Microbone to CO2 Laser) result=[(True, True)], time=0.43 sec
action=open, ok=True, locked=[False]
executed 0
PrepareForCO2Analysis.py completed successfully
gosub finished
set_motor ('beam', '1.25') {}
setting motor "beam" to 1.25
set motor beam to 1.25
SetMotor beam,1.25 ===>> OK
GetMotorMoving beam ===>> False
GetMotorMoving beam ===>> False
Block completed
move_to_position ('184',) {'autocenter': True}
FusionsCO2 move to position 184
sending GoToHole 184,True
GoToHole 184,True ===>> OK
Get Checksum: 2035439760
GetDriveMoving ===>> OK
GetDriveMoving ===>> OK
GetDriveMoving ===>> OK
GetDriveMoving ===>> OK
GetDriveMoving ===>> OK
GetDriveMoving ===>> OK
GetDriveMoving ===>> OK
GetDriveMoving ===>> OK
GetDriveMoving ===>> OK
GetDriveMoving ===>> OK
GetDriveMoving ===>> OK
GetDriveMoving ===>> OK
Get Checksum: 2035439760
GetDriveMoving ===>> OK
GetDriveMoving ===>> OK
GetDriveMoving ===>> OK
GetDriveMoving ===>> OK
GetDriveMoving ===>> OK
GetDriveMoving ===>> OK
GetDriveMoving ===>> OK
GetDriveMoving ===>> OK
GetDriveMoving ===>> OK
GetDriveMoving ===>> OK
GetDriveMoving ===>> OK
GetDriveMoving ===>> OK
Get Checksum: 2035439760
GetDriveMoving ===>> OK
GetDriveMoving ===>> OK
GetDriveMoving ===>> OK
GetDriveMoving ===>> OK
GetDriveMoving ===>> OK
GetDriveMoving ===>> OK
GetDriveMoving ===>> OK
GetDriveMoving ===>> OK
GetDriveMoving ===>> OK
GetDriveMoving ===>> OK
GetDriveMoving ===>> OK
Get Checksum: 2035439760
GetDriveMoving ===>> OK
GetDriveMoving ===>> OK
GetDriveMoving ===>> OK
GetDriveMoving ===>> OK
GetDriveMoving ===>> OK
GetDriveMoving ===>> OK
GetDriveMoving ===>> OK
GetDriveMoving ===>> OK
GetDriveMoving ===>> False
GetDriveMoving ===>> OK
GetDriveMoving ===>> OK
GetDriveMoving ===>> OK
Get Checksum: 2035439760
GetDriveMoving ===>> OK
GetDriveMoving ===>> OK
GetDriveMoving ===>> OK
GetDriveMoving ===>> OK
GetDriveMoving ===>> OK
GetDriveMoving ===>> OK
GetDriveMoving ===>> OK
GetDriveMoving ===>> OK
GetDriveMoving ===>> OK
GetDriveMoving ===>> OK
GetDriveMoving ===>> OK
GetDriveMoving ===>> OK
Get Checksum: 2035439760
GetDriveMoving ===>> OK
GetDriveMoving ===>> OK
GetDriveMoving ===>> OK
GetDriveMoving ===>> OK
GetDriveMoving ===>> False
Block completed
GetAutoCorrecting ===>> False
GetAutoCorrecting ===>> False
Block completed
update position
GetPosition ===>> -11.96340,-9.96950,1.00000
got position (-11.9634, -9.9695, 1.0)
move to position succeeded
sleep (5,) {}
SLEEP 5.0
block started
WaitControl setup for 5.0  
Get Checksum: 2035439760
Get Checksum: 2035439760
Join finished
block finished. duration 5.02136778831
close () {'description': 'Microbone to Turbo'}
closing name=--- desc=Microbone to Turbo
checking ownership. requestor=129.138.12.150
check software interlocks U
interlocks []
actuate state mode=None-script, software_lock=False
doing actuation None-script close_channel True
Close U ===>> OK
GetIndicatorState U ===>> False
change switch state (True, True)
update switch state U False args=() kw={} ncanvase=2
01:36:46 -- CLOSE  VALVE-U (Microbone to Turbo)
---------------------------------------- close None (Microbone to Turbo) result=[(True, True)]
action=close, ok=True, locked=[False]
enable laser
enable () {}
set extraction state FusionsCO2 Enabled (False, 'red', 1.5)
enabling laser
Enable ===>> OK
begin interval
BEGIN INTERVAL Interval 1 waiting for 30.0
block started
set extract to 5.0
WaitControl setup for 30.0  
extract (5.0,) {}
GetPosition ===>> -11.96340,-9.96950,1.00000
set extraction state FusionsCO2 ON! 5.0(watts) (0.75, 'red', 1.5)
extract sample to 5.0 (watts)
set laser output
SetLaserOutput 5.0,watts ===>> OK
executing pattern triangle.lp
execute_pattern ('triangle.lp',) {}
executing pattern triangle.lp
Get Checksum: -1640178555
IsPatterning ===>> OK
IsPatterning ===>> OK
IsPatterning ===>> OK
Get Checksum: -1640178555
IsPatterning ===>> OK
IsPatterning ===>> OK
IsPatterning ===>> OK
Get Checksum: -1640178555
IsPatterning ===>> OK
IsPatterning ===>> OK
IsPatterning ===>> OK
Get Checksum: -1640178555
IsPatterning ===>> OK
IsPatterning ===>> OK
IsPatterning ===>> OK
IsPatterning ===>> OK
IsPatterning ===>> OK
Get Checksum: -1640178555
IsPatterning ===>> OK
IsPatterning ===>> OK
IsPatterning ===>> OK
Get Checksum: -1640178555
IsPatterning ===>> OK
IsPatterning ===>> OK
IsPatterning ===>> OK
Get Checksum: -1640178555
IsPatterning ===>> OK
IsPatterning ===>> OK
IsPatterning ===>> OK
Get Checksum: -1640178555
IsPatterning ===>> OK
IsPatterning ===>> OK
IsPatterning ===>> OK
Get Checksum: -1640178555
IsPatterning ===>> False
IsPatterning ===>> False
Block completed
COMPLETE INTERVAL waiting for Interval 1 to complete
Join finished
block finished. duration 30.0798449516
Interval 1 finished
Get Checksum: -1640178555
end_extract () {}
ending extraction. set laser power to 0
set laser power 0
SetLaserPower 0 ===>> OK
disable () {}
%%%%%%%%%%%%%%%%%%%%%%%%%%%%%%%%%%% disable
set extraction state False (0.75, 'red', 1.5)
disabling laser
Disable ===>> OK
sleep (30.0,) {}
SLEEP 30.0
block started
WaitControl setup for 30.0  
Get Checksum: -1640178555
Get Checksum: -1640178555
Get Checksum: -1640178555
Get Checksum: -1640178555
Get Checksum: -1640178555
Get Checksum: -1640178555
Get Checksum: -1640178555
Get Checksum: -1640178555
Get Checksum: -1640178555
Join finished
block finished. duration 30.0768489838
executed 166.5
jan_co2.py completed successfully
Get Checksum: -1640178555
GetAchievedOutput ===>> No Response
Requested Output= 0.000
Achieved Output=  0.000
GetResponseBlob ===>> No Response
GetOutputBlob ===>> No Response
persistence save...
persistence save - db
AutomatedRunPersister post_extraction_save deprecated
persistence save - dvc
no extraction position for 184
create new session 4984345712
close session 4984345712
Extraction Finished
01:37:48 -- ******* Extraction Finished *******
no overlap. not waiting for min ms pumptime
01:37:48 -- Sending spectrometer configuration
======== Sending configuration ========
SetDeflection CDD,50.0 ===>> OK
SetDeflection H2,0.0 ===>> OK
SetDeflection H1,0.0 ===>> OK
SetDeflection L2,825.0 ===>> OK
SetDeflection L1,400.0 ===>> OK
SetDeflection AX,190.0 ===>> OK
SetZFocus 74.64 ===>> OK
SetZSymmetry -50.72 ===>> OK
SetExtractionLens 26.13 ===>> OK
SetIonRepeller -3.81 ===>> OK
SetElectronEnergy 75.08 ===>> OK
SetYSymmetry -2.81 ===>> OK
SetIonCounterVoltage 1590.0 ===>> OK
send trap current 200.0
GetParameter Trap Current Readback ===>> 198.370811206739
SetParameter Trap Current Set,200.0 ===>> OK
updating mftable name mftable
Using mftable located at /Users/jan/PychronDev/setupfiles/spectrometer/mftables/mftable.csv
============ MFtable ===========
Isotope  H2     H1     AX     L1     L2     CDD    
Ar40     5.7804 5.8787 5.9921 6.1203 6.2306 6.3485
Ar39     5.6796 5.7710 5.8845 6.0064 6.1157 6.2350
Ar36     5.3571 5.4400 5.5479 5.6652 5.7707 5.8861
================================
get initial guess parabolic
get initial guess parabolic
get initial guess parabolic
get initial guess parabolic
get initial guess parabolic
get initial guess parabolic
======== Configuration Finished ========
GetYSymmetry ===>> -2.81
GetZSymmetry ===>> -50.72
GetParameter Trap Current Readback ===>> 198.035158395898
GetHighVoltage ===>> 4500
start measurement
do measurement
L#=65569 analysis type=unknown
Measurement Started jan_unknown120_60.py
01:37:48 -- ******* Measurement Started jan_unknown120_60.py *******
state changed from extraction to measurement
setting spec, defl, and gains
GetExtractionLens ===>> 26.13
GetYSymmetry ===>> -2.81
GetZSymmetry ===>> -50.72
GetZFocus ===>> 74.64
GetDeflection H2 ===>> 0
GetDeflection H1 ===>> 0
GetDeflection AX ===>> 190
GetDeflection L1 ===>> 400
GetDeflection L2 ===>> 825
GetDeflection CDD ===>> 50
GetGain H2 ===>> 0.0113
GetGain H1 ===>> 0.1
GetGain AX ===>> 0.097049
GetGain L1 ===>> 0.010355
GetGain L2 ===>> 0.095649
GetGain CDD ===>> 0
pre measurement save
New frame /Users/jan/PychronDev/data/isotopes/e3/8c1513-3064-42f3-960d-6d29c08a13f2.h5
flush and close file /Users/jan/PychronDev/data/isotopes/e3/8c1513-3064-42f3-960d-6d29c08a13f2.h5
testing...
no interpolation path defined
executed 226.132928
unknown measurement script
activate_detectors ('H2', 'H1', 'AX', 'L1', 'L2', 'CDD') {}
activate detectors
*************** Set Analysis View Ar/Ar
create graphs
clearing graphs
clear isotope group
setting isotope det=H2, iso=PM41
setting isotope det=H1, iso=Ar40
setting isotope det=AX, iso=Ar39
setting isotope det=L1, iso=Ar38
setting isotope det=L2, iso=Ar37
setting isotope det=CDD, iso=Ar36
setting previous blanks
 - setting Ar40 blank 0.240+/-0.007
 - setting Ar36 blank 0.00461+/-0.00018
 - setting Ar37 blank 0.049+/-0.005
 - setting Ar38 blank 0.0100+/-0.0021
 - setting PM41 blank 0.03+/-0.07
 - setting Ar39 blank 0.028+/-0.009
load analysis view
position_magnet ('Ar40',) {'detector': 'H1'}
detector Detector(H1)
POSITION Ar40 H1
setting detector H2 to PM41 (40.9624)
setting detector H1 to Ar40 (39.9624)
setting detector AX to Ar39 (38.9624)
setting detector L1 to Ar38 (37.9624)
setting detector L2 to Ar37 (36.9624)
setting detector CDD to Ar36 (35.9624)
Mapping mass to dac mass func: "parabolic"
H1 map mass coeffs = [-0.00063987  0.15840543  0.57034999]
H1 map mass to dac 39.9624 >> 5.87874
GetDeflection H1 ===>> 0
GetHighVoltage ===>> 4500
positioning Ar40 (5.87874) on H1
setting magnet DAC
current  : 5.878735
requested: 5.878740
Delta Dac: 0.000005
Checking detector protection. dv=0.00000
Checking detector "CDD". Protection Threshold: 0.1 (V)
SetMagnetDAC 5.87874 ===>> OK
Magnet settling time: 0.500
equilibrate () {'delay': 3, 'inlet': 'R', 'outlet': 'O', 'eqtime': 12.0}
Equilibration Started
01:37:49 -- ******* Equilibration Started *******
checking ownership. requestor=129.138.12.150
check software interlocks O
interlocks []
actuate state mode=None-script, software_lock=False
doing actuation None-script close_channel True
Close O ===>> OK
GetIndicatorState O ===>> False
change switch state (True, True)
update switch state O False args=() kw={} ncanvase=2
01:37:49 -- CLOSE  VALVE-O (Jan Ion Pump)
waiting 3s before opening inlet value ('R',)
Get Checksum: -423938523
checking ownership. requestor=129.138.12.150
check software interlocks R
interlocks []
actuate state mode=None-script, software_lock=False
doing actuation None-script open_channel True
Open R ===>> OK
GetIndicatorState R ===>> OK
change switch state (True, True)
update switch state R True args=() kw={} ncanvase=2
01:37:53 -- OPEN   VALVE-R (Jan Inlet)
equilibrating for 12.0sec
set_time_zero () {}
sniff (12.0,) {}
py_sniff
build tables- sniff [Detector(H2), Detector(H1), Detector(AX), Detector(L1), Detector(L2), Detector(CDD)]
add group /sniff/PM41 (Group) '' table H2
add group /sniff/Ar40 (Group) '' table H1
add group /sniff/Ar39 (Group) '' table AX
add group /sniff/Ar38 (Group) '' table L1
add group /sniff/Ar37 (Group) '' table L2
add group /sniff/Ar36 (Group) '' table CDD
flush and close file /Users/jan/PychronDev/data/isotopes/e3/8c1513-3064-42f3-960d-6d29c08a13f2.h5
measuring sniff. ncounts=12.0
starting measurement
GetData ===>> H2,-0.164819389824843,H1,0.0490120303765941,AX,0.0197933482989013,L1,-0.0501914223737223,L2,0.073...
Get Checksum: -173909521
GetData ===>> H2,0.520374604299271,H1,421.885204766833,AX,96.5597943533672,L1,0.306644564579688,L2,0.6732781847...
GetData ===>> H2,0.850226125432554,H1,1060.78453627601,AX,234.11306345817,L1,1.56418964348266,L2,1.327882757355...
Get Checksum: -173909521
GetData ===>> H2,0.300606723989162,H1,1273.00605299055,AX,274.287160728112,L1,2.48986808216501,L2,1.29950883059...
GetData ===>> H2,0.0736299713936938,H1,1343.53630460612,AX,286.351885995858,L1,3.04174374735562,L2,1.1147744134...
GetData ===>> H2,-0.0582019205045856,H1,1370.26977065627,AX,290.619798526951,L1,3.31448732573108,L2,1.279392741...
Get Checksum: -173909521
GetData ===>> H2,-0.0974517475318018,H1,1381.3837889092,AX,292.612694513131,L1,3.50286577550679,L2,1.2995547363...
GetData ===>> H2,-0.138215456635957,H1,1386.01374847715,AX,293.429510969642,L1,3.61050564695798,L2,1.2612654681...
GetData ===>> H2,-0.0742489445166518,H1,1388.11857297358,AX,293.701702093942,L1,3.63671031769649,L2,1.290649430...
Get Checksum: -173909521
GetData ===>> H2,-0.167578372134762,H1,1388.98156827373,AX,294.100984648123,L1,3.69004894003728,L2,1.0980136239...
GetData ===>> H2,-0.100297786476765,H1,1389.14283925522,AX,293.853286451362,L1,3.76601635742334,L2,1.2425795927...
Equilibration Finished
01:38:05 -- ******* Equilibration Finished *******
checking ownership. requestor=129.138.12.150
check software interlocks R
interlocks []
actuate state mode=None-script, software_lock=False
doing actuation None-script close_channel True
GetData ===>> H2,-0.0676085458400724,H1,1388.84972711749,AX,293.979977393707,L1,3.71269190106699,L2,1.198443024...
Close R ===>> OK
set states for children of R. state=False
handle state [('R', False)]
update switch state R False args=() kw={'refresh': False} ncanvase=2
refresh_canvas_needed fired
GetIndicatorState R ===>> False
change switch state (True, True)
update switch state R False args=() kw={} ncanvase=2
Get Checksum: -423938523
01:38:06 -- CLOSE  VALVE-R (Jan Inlet)
Post Equilibration Started jan_pump_extraction_line.py
01:38:06 -- ******* Post Equilibration Started jan_pump_extraction_line.py *******
testing...
no interpolation path defined
calculate duration
testing...
no interpolation path defined
executed 4.0
executed 4.0
Pump after analysis
doing GOSUB
testing...
no interpolation path defined
executed 4.0
Pump Microbone
close () {'description': 'Jan Inlet'}
closing name=--- desc=Jan Inlet
checking ownership. requestor=129.138.12.150
check software interlocks R
interlocks []
actuate state mode=None-script, software_lock=False
doing actuation None-script close_channel False
measurement finished
estimated time: 12.583 actual time: :12.662
flush and close file /Users/jan/PychronDev/data/isotopes/e3/8c1513-3064-42f3-960d-6d29c08a13f2.h5
set_fits () {}
Close R ===>> OK
using default fits file=/Users/jan/PychronDev/scripts/measurement/fits/nominal_linear.yaml
set "Ar40" to "('Linear', 'SEM')"
No fit for "PM41". defaulting to linear. check the measurement script "jan_unknown120_60.py"
set "PM41" to "linear"
set "Ar36" to "('Linear', 'SEM')"
set "Ar37" to "('linear', 'SEM')"
set "Ar38" to "('linear', 'SEM')"
set "Ar39" to "('Linear', 'SEM')"
set_baseline_fits () {}
using default fits file=/Users/jan/PychronDev/scripts/measurement/fits/nominal_linear.yaml
set "H1" to "('average', 'SEM')"
set "H2" to "('average', 'SEM')"
set "CDD" to "('average', 'SEM')"
set "L2" to "('average', 'SEM')"
set "L1" to "('average', 'SEM')"
set "AX" to "('average', 'SEM')"
multicollect () {'integration_time': 1, 'ncounts': 120}
build tables- signal [Detector(H2), Detector(H1), Detector(AX), Detector(L1), Detector(L2), Detector(CDD)]
add group /signal/PM41 (Group) '' table H2
add group /signal/Ar40 (Group) '' table H1
add group /signal/Ar39 (Group) '' table AX
add group /signal/Ar38 (Group) '' table L1
add group /signal/Ar37 (Group) '' table L2
add group /signal/Ar36 (Group) '' table CDD
flush and close file /Users/jan/PychronDev/data/isotopes/e3/8c1513-3064-42f3-960d-6d29c08a13f2.h5
measuring signal. ncounts=120
GetIndicatorState R ===>> False
change switch state (True, True)
update switch state R False args=() kw={} ncanvase=2
01:38:06 -- CLOSE  VALVE-R (Jan Inlet)
---------------------------------------- close None (Jan Inlet) result=[(True, True)]
action=close, ok=True, locked=[False]
is_closed ('F',) {}
is F () closed?
is closed True
open () {'description': 'CO2 Laser to Jan'}
opening name=--- desc=CO2 Laser to Jan
checking ownership. requestor=129.138.12.150
check software interlocks A
interlocks []
actuate state mode=None-script, software_lock=False
doing actuation None-script open_channel False
Open A ===>> OK
GetIndicatorState A ===>> OK
change switch state (True, True)
update switch state A True args=() kw={} ncanvase=2
01:38:07 -- OPEN   VALVE-A (CO2 Laser to Jan)
---------------------------------------- open None (CO2 Laser to Jan) result=[(True, True)], time=0.12 sec
starting measurement
GetData ===>> H2,-0.168504181386614,H1,1388.75011172753,AX,293.949747294,L1,3.75454476314737,L2,1.3371474150082...
action=open, ok=True, locked=[False]
sleep (1,) {}
SLEEP 1.0
GetData ===>> H2,-0.0238477672298571,H1,1388.4860947353,AX,293.511896856512,L1,3.75881038046267,L2,1.4085972591...
close () {'description': 'CO2 Laser to Roughing'}
closing name=--- desc=CO2 Laser to Roughing
checking ownership. requestor=129.138.12.150
check software interlocks G
interlocks []
actuate state mode=None-script, software_lock=True
VALVE-G(CO2 Laser to Roughing) software locked
change switch state (True, False)
---------------------------------------- close None (CO2 Laser to Roughing) result=[(True, False)]
action=close, ok=True, locked=[True]
open () {'description': 'Microbone to Turbo'}
opening name=--- desc=Microbone to Turbo
checking ownership. requestor=129.138.12.150
check software interlocks U
interlocks []
actuate state mode=None-script, software_lock=False
doing actuation None-script open_channel True
Open U ===>> OK
GetIndicatorState U ===>> OK
change switch state (True, True)
update switch state U True args=() kw={} ncanvase=2
01:38:08 -- OPEN   VALVE-U (Microbone to Turbo)
---------------------------------------- open None (Microbone to Turbo) result=[(True, True)], time=0.25 sec
action=open, ok=True, locked=[False]
open () {'description': 'Microbone to Getter NP-10'}
opening name=--- desc=Microbone to Getter NP-10
checking ownership. requestor=129.138.12.150
check software interlocks M
interlocks []
actuate state mode=None-script, software_lock=False
doing actuation None-script open_channel False
Open M ===>> OK
GetIndicatorState M ===>> OK
change switch state (True, True)
update switch state M True args=() kw={} ncanvase=2
01:38:08 -- OPEN   VALVE-M (Microbone to Getter NP-10)
---------------------------------------- open None (Microbone to Getter NP-10) result=[(True, True)], time=0.15 sec
action=open, ok=True, locked=[False]
open () {'description': 'Microbone to Getter D-50'}
opening name=--- desc=Microbone to Getter D-50
checking ownership. requestor=129.138.12.150
check software interlocks K
interlocks []
actuate state mode=None-script, software_lock=False
doing actuation None-script open_channel False
GetData ===>> H2,-0.0880528619363206,H1,1387.68583852235,AX,293.441701111498,L1,3.77757260355181,L2,1.167563608...
Open K ===>> OK
Get Checksum: -110011688
GetIndicatorState K ===>> OK
change switch state (True, True)
update switch state K True args=() kw={} ncanvase=2
01:38:09 -- OPEN   VALVE-K (Microbone to Getter D-50)
---------------------------------------- open None (Microbone to Getter D-50) result=[(True, True)], time=0.43 sec
action=open, ok=True, locked=[False]
open () {'description': 'Microbone to CO2 Laser'}
opening name=--- desc=Microbone to CO2 Laser
checking ownership. requestor=129.138.12.150
check software interlocks T
interlocks []
actuate state mode=None-script, software_lock=False
doing actuation None-script open_channel False
Open T ===>> OK
GetIndicatorState T ===>> OK
change switch state (True, True)
update switch state T True args=() kw={} ncanvase=2
01:38:10 -- OPEN   VALVE-T (Microbone to CO2 Laser)
---------------------------------------- open None (Microbone to CO2 Laser) result=[(True, True)], time=0.44 sec
GetData ===>> H2,-0.0712078870093024,H1,1387.24851398724,AX,293.46901978056,L1,3.75629933812897,L2,1.2107565706...
action=open, ok=True, locked=[False]
open () {'description': 'Microbone to Inlet Pipette'}
opening name=--- desc=Microbone to Inlet Pipette
checking ownership. requestor=129.138.12.150
check software interlocks S
interlocks []
actuate state mode=None-script, software_lock=False
doing actuation None-script open_channel False
Open S ===>> OK
GetIndicatorState S ===>> OK
change switch state (True, True)
update switch state S True args=() kw={} ncanvase=2
01:38:11 -- OPEN   VALVE-S (Microbone to Inlet Pipette)
---------------------------------------- open None (Microbone to Inlet Pipette) result=[(True, True)], time=0.42 sec
action=open, ok=True, locked=[False]
sleep (1,) {}
SLEEP 1.0
GetData ===>> H2,-0.0737853137264628,H1,1386.62439866484,AX,293.596422239215,L1,3.75589342733887,L2,1.213634544...
set_resource () {'name': 'CO2PumpTimeFlag', 'value': 30}
Set CO2PumpTimeFlag 30 ===>> OK
release ('JanCO2Flag',) {}
release JanCO2Flag
Set JanCO2Flag 0 ===>> OK
executed 6.0
PumpMicrobone.py completed successfully
gosub finished
get_resource_value () {'name': 'JanMiniboneFlag'}
Read JanMiniboneFlag ===>> 0
Get Resource Value JanMiniboneFlag=0.0
get resource value 0.0
get_resource_value () {'name': 'JanMiniboneFlag'}
Read JanMiniboneFlag ===>> 0
Get Resource Value JanMiniboneFlag=0.0
executed 4.0
jan_pump_extraction_line.py completed successfully
Post Equilibration Finished
01:38:12 -- ******* Post Equilibration Finished *******
GetData ===>> H2,-0.0559476155205225,H1,1385.6279618636,AX,293.563917966169,L1,3.78048881856444,L2,1.2878150533...
Get Checksum: -110011688
GetData ===>> H2,0.0290023733227093,H1,1385.09822803062,AX,293.043815980284,L1,3.79249880585516,L2,1.3632102092...
GetData ===>> H2,0.00320603624086522,H1,1384.98601611209,AX,293.0072792626,L1,3.7889722501577,L2,1.261563737447...
GetData ===>> H2,-0.0604557791666334,H1,1384.24344677716,AX,292.860668318216,L1,3.73692848725248,L2,1.253728739...
Get Checksum: -110011688
GetData ===>> H2,-0.146154775662605,H1,1382.96421860053,AX,292.622103477386,L1,3.72056647420973,L2,1.1575838524...
GetData ===>> H2,-0.217985361826909,H1,1382.35697237284,AX,292.460137120375,L1,3.72391526982244,L2,1.3877888598...
GetData ===>> H2,-0.194666585123384,H1,1381.90881921361,AX,292.336258779196,L1,3.75053527339612,L2,1.2999678890...
Get Checksum: -110011688
GetData ===>> H2,-0.180621710738983,H1,1381.50096150963,AX,292.040164137862,L1,3.73097270655442,L2,1.3803870657...
GetData ===>> H2,-0.0470684758003877,H1,1381.39283782368,AX,291.956161870336,L1,3.71302025561517,L2,1.145793014...
GetData ===>> H2,0.0024378241085375,H1,1381.27187073966,AX,292.145327447964,L1,3.70324882580721,L2,1.2923478014...
Get Checksum: -110011688
GetData ===>> H2,-0.0754160717061516,H1,1380.71091551972,AX,292.189716777491,L1,3.70435103225319,L2,1.218737140...
GetData ===>> H2,-0.148521306472168,H1,1380.22700473105,AX,292.043441646,L1,3.74111058552548,L2,1.2531551921901...
Get Checksum: -110011688
GetData ===>> H2,-0.0174343512123755,H1,1379.16723870294,AX,292.107289347682,L1,3.73731558777628,L2,1.289421572...
GetData ===>> H2,-0.0917629498347161,H1,1378.56072861295,AX,291.74832815744,L1,3.72715693487645,L2,1.2070531689...
GetData ===>> H2,-0.0484408997170175,H1,1379.03449683268,AX,291.498238878337,L1,3.72900706912097,L2,1.217567532...
Get Checksum: -110011688
GetData ===>> H2,-0.132545747689107,H1,1378.46485092553,AX,291.593607060879,L1,3.71225837319486,L2,1.2569636101...
GetData ===>> H2,-0.136709399651296,H1,1376.9997374115,AX,291.566508376017,L1,3.70615512092243,L2,1.15617300485...
GetData ===>> H2,-0.152747019347618,H1,1376.56874342539,AX,291.104997557902,L1,3.7008572746527,L2,1.24740843708...
Get Checksum: -110011688
GetData ===>> H2,-0.140651222521485,H1,1375.55930238511,AX,291.230005046277,L1,3.68175389325484,L2,1.1562188857...
01:38:32 -- collecting point 25
GetData ===>> H2,-0.0843573614211463,H1,1375.27308235058,AX,290.949945975762,L1,3.62495437036577,L2,1.303915882...
GetData ===>> H2,-0.0962437933897255,H1,1374.75200751907,AX,290.994171141921,L1,3.64516917179376,L2,1.267575207...
Get Checksum: -110011688
GetData ===>> H2,-0.159719443381845,H1,1374.86484291909,AX,290.899999747993,L1,3.62637296530504,L2,1.2366614345...
GetData ===>> H2,-0.0801050620197831,H1,1373.9052721047,AX,291.085545289472,L1,3.64479936365756,L2,1.2505283893...
GetData ===>> H2,-0.0396575775693056,H1,1373.7909111227,AX,291.030964050152,L1,3.67663172153861,L2,1.2742639830...
Get Checksum: -110011688
GetData ===>> H2,-0.110539620921855,H1,1372.50875409296,AX,290.69973296852,L1,3.68027121576469,L2,1.19705584264...
GetData ===>> H2,-0.271795052953009,H1,1372.0294765612,AX,290.425487951407,L1,3.68683896327122,L2,1.40022974535...
GetData ===>> H2,-0.275496148288177,H1,1371.73620875168,AX,290.467730768275,L1,3.68555152432227,L2,1.2705581375...
Get Checksum: -110011688
GetData ===>> H2,-0.200522095774272,H1,1371.27974055804,AX,290.198213263773,L1,3.69027470735271,L2,1.3091954288...
GetData ===>> H2,-0.0321390746011603,H1,1370.97977949985,AX,290.170417813795,L1,3.69605523923096,L2,1.254829959...
GetData ===>> H2,-0.0598957464490222,H1,1370.50359358521,AX,290.192492110281,L1,3.7174006022315,L2,1.3091265633...
GetData ===>> H2,-0.072965101866786,H1,1369.37812402874,AX,289.999136783059,L1,3.67348655955463,L2,1.2579157381...
GetData ===>> H2,-0.0650638156977978,H1,1368.64023161658,AX,289.895013854953,L1,3.68056348016694,L2,1.241616146...
Get Checksum: -110011688
GetData ===>> H2,-0.190868164789544,H1,1368.35228146015,AX,289.666734567356,L1,3.67682903150115,L2,1.1544868971...
GetData ===>> H2,-0.159542517632345,H1,1367.31595435366,AX,289.465355538983,L1,3.68901529274443,L2,1.3053505131...
GetData ===>> H2,-0.0753523640202739,H1,1367.41545643282,AX,289.406533815905,L1,3.68210153334731,L2,1.142971685...
Get Checksum: -110011688
GetData ===>> H2,-0.127440820926964,H1,1367.19417678399,AX,289.318645870805,L1,3.67081893255559,L2,1.2185536714...
GetData ===>> H2,-0.135224777971272,H1,1366.36478901755,AX,289.251272470853,L1,3.64402294567773,L2,1.2681029500...
Get Checksum: -110011688
GetData ===>> H2,-0.170460817890243,H1,1365.84546044873,AX,289.176411854431,L1,3.66144441241053,L2,1.3301443077...
GetData ===>> H2,-0.143355364220561,H1,1365.56318618505,AX,289.176959804511,L1,3.66326342798178,L2,1.2802303497...
GetData ===>> H2,-0.179786425724616,H1,1364.53024781968,AX,288.89345716471,L1,3.62045053377259,L2,1.22556013457...
Get Checksum: -110011688
GetData ===>> H2,-0.0451337695346013,H1,1363.69155580211,AX,288.507289890478,L1,3.6267623298622,L2,1.2944249041...
GetData ===>> H2,-0.0496149986025864,H1,1362.93045194729,AX,288.554831449481,L1,3.64971549249876,L2,1.181053110...
GetData ===>> H2,-0.131377108282783,H1,1362.48756798641,AX,288.74048428676,L1,3.6971491688452,L2,1.267426063614...
Get Checksum: -110011688
GetData ===>> H2,-0.225721266819718,H1,1362.51893116624,AX,288.420569939781,L1,3.66331589007689,L2,1.1741530396...
01:38:58 -- collecting point 50
GetData ===>> H2,-0.0925744548469286,H1,1362.06149558143,AX,288.4012214997,L1,3.6330052313746,L2,1.247247854041...
GetData ===>> H2,-0.186144645691391,H1,1361.59849278292,AX,288.007454578947,L1,3.64914994214038,L2,1.1609906183...
Get Checksum: -110011688
GetData ===>> H2,-0.15698286286778,H1,1360.26076218124,AX,288.310690244147,L1,3.65928832460441,L2,1.29101664317...
GetData ===>> H2,-0.107144585140353,H1,1360.24802089498,AX,288.16542751925,L1,3.67933913885669,L2,1.26640500657...
GetData ===>> H2,-0.0652847485106974,H1,1360.00383500439,AX,287.731237950064,L1,3.66783416925764,L2,1.287654402...
Get Checksum: -110011688
GetData ===>> H2,-0.0807838567826008,H1,1359.40104958843,AX,287.65031675228,L1,3.64750163672781,L2,1.2024097861...
GetData ===>> H2,-0.0805128856878581,H1,1358.64630496397,AX,287.87750506104,L1,3.66183144388133,L2,1.2049664852...
GetData ===>> H2,-0.0963832834407997,H1,1358.07810507804,AX,287.545331250665,L1,3.62534085699292,L2,1.352142665...
Get Checksum: -110011688
GetData ===>> H2,-0.144209311997931,H1,1357.41074965024,AX,287.623469682121,L1,3.58629101738779,L2,1.3847247923...
GetData ===>> H2,-0.120970388997013,H1,1356.63302343605,AX,287.590820314158,L1,3.61130522424838,L2,1.2642596748...
GetData ===>> H2,-0.0366306801746236,H1,1356.52970417463,AX,287.293705422125,L1,3.64008921254048,L2,1.278738723...
Get Checksum: -110011688
GetData ===>> H2,-0.0504008306950757,H1,1356.11995415913,AX,287.138451576336,L1,3.63605422783891,L2,1.160222078...
GetData ===>> H2,-0.0474703104094598,H1,1355.38959546874,AX,287.215757454055,L1,3.60078624434902,L2,1.128912151...
GetData ===>> H2,-0.0994800633002636,H1,1354.59164823983,AX,287.034314386529,L1,3.6403894732626,L2,1.2567571257...
Get Checksum: -110011688
GetData ===>> H2,-0.0932504389972018,H1,1354.37414572833,AX,286.798956994084,L1,3.62838788770541,L2,1.226202323...
GetData ===>> H2,-0.0119866743338047,H1,1354.18870445754,AX,286.697237295925,L1,3.6251044332776,L2,1.2809876458...
Get Checksum: -110011688
GetData ===>> H2,-0.094023910619945,H1,1353.49369110551,AX,286.660663720192,L1,3.58234398010301,L2,1.2015843193...
GetData ===>> H2,-0.177282900439568,H1,1352.52161979134,AX,286.351799991172,L1,3.60958443084377,L2,1.1979385922...
GetData ===>> H2,-0.152895672233115,H1,1352.5546595544,AX,286.517296387725,L1,3.63400258652941,L2,1.21972329102...
Get Checksum: -110011688
GetData ===>> H2,-0.0686556457076142,H1,1352.12841215521,AX,286.602903134507,L1,3.65274497559116,L2,1.195645752...
GetData ===>> H2,-0.256165348543283,H1,1351.13640412371,AX,286.350710601141,L1,3.66921155020766,L2,1.2642023136...
GetData ===>> H2,-0.104198761441216,H1,1350.64132450451,AX,286.322789498557,L1,3.64143477963623,L2,1.2834890599...
Get Checksum: -110011688
GetData ===>> H2,-0.13646738441659,H1,1350.3282321177,AX,286.193082524687,L1,3.6307997302745,L2,1.2749064970970...
GetData ===>> H2,-0.148279543156541,H1,1349.61210244761,AX,286.262887598796,L1,3.60683677286807,L2,1.2534534363...
GetData ===>> H2,-0.138664260800256,H1,1349.35165212899,AX,286.191678172328,L1,3.61618451967368,L2,1.1924129421...
Get Checksum: -110011688
01:39:25 -- collecting point 75
GetData ===>> H2,-0.141567540652109,H1,1348.39623601241,AX,285.736165497657,L1,3.55425795247234,L2,1.3073475547...
GetData ===>> H2,-0.0801131915380806,H1,1347.70662900765,AX,285.589855647501,L1,3.57520479001467,L2,1.248635759...
GetData ===>> H2,-0.0430961344918101,H1,1347.51489146327,AX,285.62801117263,L1,3.57463525204451,L2,1.2225327294...
Get Checksum: -110011688
GetData ===>> H2,-0.0929862816397354,H1,1346.83636785959,AX,285.453308752168,L1,3.58949851061163,L2,1.244036249...
GetData ===>> H2,-0.133537103193083,H1,1346.32750970558,AX,285.295048065835,L1,3.58128148624135,L2,1.2337827720...
GetData ===>> H2,-0.03837226242373,H1,1345.48483700269,AX,285.482556372661,L1,3.59468831504595,L2,1.19988754870...
Get Checksum: -110011688
GetData ===>> H2,-0.087792649635818,H1,1345.44384105082,AX,285.505408375692,L1,3.5830434129822,L2,1.23248682856...
GetData ===>> H2,-0.104336800555771,H1,1344.83482812894,AX,285.113346923916,L1,3.62042223095864,L2,1.2589137619...
GetData ===>> H2,-0.181497411897498,H1,1343.70669425164,AX,285.079031993773,L1,3.58584721046713,L2,1.2713956691...
Get Checksum: -110011688
GetData ===>> H2,-0.130146896013686,H1,1343.48202086171,AX,284.808406902477,L1,3.59246221902419,L2,1.2219249664...
GetData ===>> H2,-0.146689719664243,H1,1343.03265135824,AX,284.423870717651,L1,3.54994520063027,L2,1.2775224913...
GetData ===>> H2,-0.0707251477545008,H1,1342.64961907085,AX,284.675849324929,L1,3.60637417620921,L2,1.229149567...
Get Checksum: -110011688
GetData ===>> H2,-0.0645541629119125,H1,1342.07438264798,AX,284.392297902656,L1,3.58183956623027,L2,1.151734131...
GetData ===>> H2,-0.134902949108185,H1,1342.10571318945,AX,284.184108550811,L1,3.59681721548336,L2,1.2578927951...
GetData ===>> H2,-0.133785942816653,H1,1341.7826408944,AX,284.237304471842,L1,3.56777044439568,L2,1.27829124002...
Get Checksum: -110011688
GetData ===>> H2,-0.168631035652829,H1,1341.34258078101,AX,284.086999098374,L1,3.56191045973729,L2,1.1575035597...
GetData ===>> H2,-0.115247373338666,H1,1339.87239770677,AX,284.071393348344,L1,3.57623370214572,L2,1.1926766070...
GetData ===>> H2,-0.0232103517958887,H1,1338.50433580677,AX,284.017993433553,L1,3.5829642831531,L2,1.3003121843...
Get Checksum: -110011688
GetData ===>> H2,-0.158817228248742,H1,1338.48746221462,AX,284.002941748935,L1,3.54087307970205,L2,1.2846135700...
GetData ===>> H2,-0.0910530047844436,H1,1338.33947698574,AX,283.852170955581,L1,3.55797057621507,L2,1.271877539...
GetData ===>> H2,-0.0317751064123914,H1,1337.7348685346,AX,283.873557170267,L1,3.5527825464341,L2,1.15765267476...
Get Checksum: -110011688
GetData ===>> H2,-0.0939751468883564,H1,1337.01277314627,AX,283.757294482779,L1,3.62181056344335,L2,1.186681275...
GetData ===>> H2,-0.0522070888652403,H1,1336.392162989,AX,283.640503602787,L1,3.57595809192787,L2,1.21546915456...
Get Checksum: -110011688
GetData ===>> H2,-0.00452229992654012,H1,1336.07830382383,AX,283.315371095173,L1,3.58712213997348,L2,1.19623042...
GetData ===>> H2,-0.101376711943202,H1,1335.94956382443,AX,283.089235421319,L1,3.61247284531181,L2,1.2657396044...
01:39:51 -- collecting point 100
GetData ===>> H2,-0.0291359893866071,H1,1335.25253898394,AX,283.129434014244,L1,3.58481690745953,L2,1.245779678...
Get Checksum: -110011688
GetData ===>> H2,-0.0731942248509866,H1,1335.17611469736,AX,283.049166449543,L1,3.52836715523018,L2,1.240652710...
GetData ===>> H2,-0.197779376279272,H1,1334.22100163646,AX,283.125590371901,L1,3.51840266472025,L2,1.1744395776...
GetData ===>> H2,-0.18692012305733,H1,1333.21068729079,AX,282.929950796172,L1,3.559205080067,L2,1.2470299203435...
Get Checksum: -110011688
GetData ===>> H2,-0.0244484544890436,H1,1333.06355464692,AX,282.776453055346,L1,3.58723946298729,L2,1.281687576...
GetData ===>> H2,-0.0241263704596415,H1,1332.63203269927,AX,282.605613031011,L1,3.52836292507851,L2,1.270822016...
GetData ===>> H2,-0.0980624467790561,H1,1332.36659312113,AX,282.3549932396,L1,3.55243666442955,L2,1.13603340419...
Get Checksum: -110011688
GetData ===>> H2,-0.13226171446063,H1,1331.04155197215,AX,282.324026012817,L1,3.60436414132462,L2,1.18992535675...
GetData ===>> H2,-0.022360701753043,H1,1330.3077942361,AX,282.227579794605,L1,3.61937618460977,L2,1.26157520936...
GetData ===>> H2,0.0130954336765298,H1,1330.20445679755,AX,282.168645430186,L1,3.5378422580684,L2,1.39585688940...
Get Checksum: -110011688
GetData ===>> H2,-0.0456619430141054,H1,1329.50654202956,AX,282.080331013781,L1,3.55978988994152,L2,1.202329532...
GetData ===>> H2,-0.0966135059939223,H1,1329.04732596584,AX,282.007122500902,L1,3.54912376766807,L2,1.212224211...
GetData ===>> H2,-0.175818317747738,H1,1329.14680928364,AX,281.921100133577,L1,3.5497560684054,L2,1.17160168914...
Get Checksum: -110011688
GetData ===>> H2,-0.0999796395855538,H1,1328.22046868072,AX,281.597107550778,L1,3.56027300611011,L2,1.224447781...
GetData ===>> H2,0.00774158082627439,H1,1327.66024112528,AX,281.519762042982,L1,3.55017103410821,L2,1.253751681...
GetData ===>> H2,-0.0985458373254096,H1,1327.35891807764,AX,281.638754883985,L1,3.57213978289936,L2,1.255219978...
Get Checksum: -110011688
GetData ===>> H2,-0.166551256147306,H1,1326.78035629224,AX,281.581352575047,L1,3.53911097684423,L2,1.2084519602...
GetData ===>> H2,-0.204649754196574,H1,1326.97545495076,AX,281.553649055707,L1,3.57883606103505,L2,1.2567112404...
GetData ===>> H2,-0.191306301732111,H1,1326.32820147731,AX,281.428313887137,L1,3.56178058446477,L2,1.2740459882...
Get Checksum: -110011688
GetData ===>> H2,-0.201769179455117,H1,1325.37905346965,AX,281.254871972384,L1,3.54515007862804,L2,1.1441759014...
GetData ===>> H2,-0.0261171661175406,H1,1324.76080946316,AX,281.056362516279,L1,3.54853242765769,L2,1.218049134...
measurement finished
estimated time: 125.829 actual time: :126.248
flush and close file /Users/jan/PychronDev/data/isotopes/e3/8c1513-3064-42f3-960d-6d29c08a13f2.h5
baselines () {'settling_time': 15.0, 'detector': 'H1', 'mass': 34.2, 'ncounts': 60}
%%%%%%%%%%%%%%%%%%%%%%%%%%%%%%%% Baseline
build tables- baseline [Detector(H2), Detector(H1), Detector(AX), Detector(L1), Detector(L2), Detector(CDD)]
add group baseline table H2
add group baseline table H1
add group baseline table AX
add group baseline table L1
add group baseline table L2
add group baseline table CDD
flush and close file /Users/jan/PychronDev/data/isotopes/e3/8c1513-3064-42f3-960d-6d29c08a13f2.h5
detector Detector(H1)
POSITION 34.2 H1
Mapping mass to dac mass func: "parabolic"
H1 map mass coeffs = [-0.00063987  0.15840543  0.57034999]
H1 map mass to dac 34.2 >> 5.23939599104
Get Checksum: -110011688
GetDeflection H1 ===>> 0
GetHighVoltage ===>> 4500
positioning 34.2 (5.23939599104) on H1
setting magnet DAC
current  : 5.878740
requested: 5.239396
Delta Dac: 0.639344
Checking detector protection. dv=0.63934
Checking detector "CDD". Protection Threshold: 0.1 (V)
ProtectDetector CDD,On ===>> OK
GetDeflection CDD ===>> 2000
SetMagnetDAC 5.23939599104 ===>> OK
Magnet settling time: 0.500
GetMagnetMoving ===>> True
GetMagnetMoving ===>> True
GetMagnetMoving ===>> True
GetMagnetMoving ===>> True
GetMagnetMoving ===>> True
GetMagnetMoving ===>> True
GetMagnetMoving ===>> True
GetMagnetMoving ===>> True
GetMagnetMoving ===>> False
ProtectDetector CDD,Off ===>> OK
GetDeflection CDD ===>> 50
Delaying 15.0s for detectors to settle
Get Checksum: -110011688
Get Checksum: -110011688
Get Checksum: -110011688
Get Checksum: -110011688
Get Checksum: -110011688
Join finished
measuring baseline. ncounts=60
starting measurement
GetData ===>> H2,-0.238721508711338,H1,-0.0785453362052156,AX,-0.163509171388215,L1,-0.0687776716510612,L2,-0.0...
GetData ===>> H2,-0.265700040741345,H1,-0.0704756953711748,AX,-0.104999600614526,L1,-0.0687047462918143,L2,-0.0...
Get Checksum: -110011688
GetData ===>> H2,-0.262002452867554,H1,-0.068687651427468,AX,-0.0850773246927296,L1,-0.0628713925350512,L2,-0.0...
GetData ===>> H2,-0.156712680880496,H1,-0.142237850609139,AX,-0.168401007906528,L1,-0.0578951760747788,L2,0.084...
GetData ===>> H2,-0.0583294069684065,H1,-0.106015379009272,AX,-0.171495952744504,L1,-0.0730817200700454,L2,-0.0...
Get Checksum: -110011688
GetData ===>> H2,-0.171799232467366,H1,-0.0616305261047721,AX,-0.0652437128212556,L1,-0.0637338135416479,L2,-0....
GetData ===>> H2,-0.21971673549637,H1,-0.0027461224145096,AX,0.0441862029724514,L1,-0.056771327330765,L2,-0.007...
GetData ===>> H2,-0.12875609186131,H1,-0.107528693617653,AX,-0.170742510823908,L1,-0.073807047134884,L2,0.01691...
Get Checksum: -110011688
GetData ===>> H2,-0.0526508064252295,H1,-0.0762448993011365,AX,-0.103748059392638,L1,-0.0609513127092702,L2,0.0...
GetData ===>> H2,-0.149748952362188,H1,-0.0545013705498974,AX,-0.0520963558354549,L1,-0.0150348511535908,L2,-0....
GetData ===>> H2,-0.174642464989451,H1,-0.022807438655925,AX,-0.185729112613334,L1,-0.043273086513454,L2,-0.105...
Get Checksum: -110011688
GetData ===>> H2,-0.207005430036128,H1,-0.015496616047783,AX,-0.1714843613745,L1,-0.03655007844908,L2,-0.223300...
GetData ===>> H2,-0.320657041758095,H1,0.036040151140049,AX,-0.0216790392801824,L1,-0.0369622361195694,L2,0.046...
GetData ===>> H2,-0.298123932098124,H1,0.0220915879012075,AX,-0.102658741890773,L1,-0.0471565591450333,L2,-0.01...
Get Checksum: -110011688
GetData ===>> H2,-0.169879259853868,H1,-0.0438066848594374,AX,-0.113562955331394,L1,-0.0429102810648685,L2,-0.0...
GetData ===>> H2,-0.171506467791586,H1,-0.0675313659993957,AX,-0.160773345107972,L1,-0.0409535400595561,L2,-0.0...
GetData ===>> H2,-0.130719695721613,H1,-0.0028057636772381,AX,-0.171669823128027,L1,-0.0876825742049477,L2,0.05...
Get Checksum: -110011688
GetData ===>> H2,-0.177048040022274,H1,0.0359088895625749,AX,-0.00974376298219476,L1,-0.0710667803197015,L2,0.0...
GetData ===>> H2,-0.213152402957512,H1,-0.013528685142483,AX,-0.0334041099910899,L1,-0.046402488000871,L2,0.036...
GetData ===>> H2,-0.205223894326751,H1,0.0507664061698112,AX,0.0254906564531811,L1,-0.0336333851016703,L2,-0.06...
Get Checksum: -110011688
GetData ===>> H2,-0.245351378857695,H1,-0.00974776385700411,AX,-0.092889104631625,L1,-0.00928855039783327,L2,-0...
GetData ===>> H2,-0.0976941354181319,H1,-0.00978354611584893,AX,-0.0852280029382055,L1,-0.0226922302835261,L2,-...
GetData ===>> H2,-0.180996826769377,H1,0.134371122400867,AX,-0.0904088745057235,L1,-0.0348833034299489,L2,-0.07...
Get Checksum: -110011688
GetData ===>> H2,-0.188461479445427,H1,0.121698827118588,AX,0.0273356810731013,L1,-0.0587675981188676,L2,-0.045...
01:40:56 -- collecting point 25
GetData ===>> H2,-0.268107527317378,H1,0.0213160618612431,AX,-0.1246397358046,L1,-0.0463246837888015,L2,-0.0732...
Get Checksum: -110011688
GetData ===>> H2,-0.245783275518807,H1,-0.0181562430014324,AX,-0.117931250550513,L1,-0.0333675745822941,L2,0.05...
GetData ===>> H2,-0.270615283426953,H1,0.0199559230068537,AX,-0.116969547221288,L1,0.000262841565291013,L2,0.09...
GetData ===>> H2,-0.233267526371849,H1,0.022544975138117,AX,-0.0390631836942772,L1,-0.0329975833764034,L2,-0.03...
Get Checksum: -110011688
GetData ===>> H2,-0.107766939804198,H1,-0.00837610095711912,AX,-0.0906290844109147,L1,-0.0333819428981529,L2,0....
GetData ===>> H2,-0.139717258695553,H1,-0.0399911357710224,AX,-0.0625656915717829,L1,-0.0102669303396949,L2,-0....
GetData ===>> H2,-0.283347989483728,H1,-0.00466655322266514,AX,-0.0926804895797377,L1,-0.025524199609775,L2,0.0...
Get Checksum: -110011688
GetData ===>> H2,-0.324548819798074,H1,-0.00223320608856421,AX,-0.107189759012322,L1,-0.0359473872462491,L2,-0....
GetData ===>> H2,-0.224479676093561,H1,-0.00465462519467756,AX,0.0293315961350026,L1,-0.0560339950780156,L2,-0....
GetData ===>> H2,-0.146528968942274,H1,-0.0425785708724423,AX,-0.0522818688178683,L1,-0.0319965033127919,L2,-0....
Get Checksum: -110011688
GetData ===>> H2,-0.107375942703668,H1,-0.00989089281573357,AX,-0.116853678708559,L1,0.0268354049053783,L2,-0.0...
GetData ===>> H2,-0.144197151800498,H1,0.0463387549433981,AX,-0.10534724809665,L1,0.00910974061498148,L2,-0.057...
GetData ===>> H2,-0.19203828961248,H1,-0.00361688132166622,AX,-0.0308179893061928,L1,-0.0132566345158907,L2,-0....
Get Checksum: -110011688
GetData ===>> H2,-0.18963994282205,H1,-0.0281023829213243,AX,-0.0484092119445447,L1,-0.0142118579605437,L2,0.00...
GetData ===>> H2,-0.272324431051594,H1,0.0725879515363072,AX,-0.0385181642764242,L1,-0.0405128016324743,L2,-0.1...
GetData ===>> H2,-0.212806278282125,H1,-0.0329796850729423,AX,-0.0677129917804282,L1,-0.051006227536474,L2,0.00...
Get Checksum: -110011688
GetData ===>> H2,-0.152556470525542,H1,-0.0290683222709419,AX,-0.0616845948743247,L1,-0.008727377810255,L2,-0.0...
GetData ===>> H2,-0.188263259019791,H1,0.00373113020251132,AX,-0.0494643522952428,L1,0.0120827512146885,L2,0.02...
GetData ===>> H2,-0.198827189794886,H1,-0.0173690961986271,AX,-0.135185006942503,L1,-0.0146193284530632,L2,0.04...
Get Checksum: -110011688
GetData ===>> H2,-0.279652554594297,H1,0.0446799279500755,AX,-0.043713118873615,L1,-0.0322898923651538,L2,-0.02...
GetData ===>> H2,-0.257430179058839,H1,0.0930071346046503,AX,-0.081368248159661,L1,-0.0365836267982495,L2,-0.06...
GetData ===>> H2,-0.175233781636303,H1,0.00336133101870324,AX,-0.000649236721684715,L1,-0.0355088258046875,L2,0...
Get Checksum: -110011688
GetData ===>> H2,-0.127284005589057,H1,-0.0536429764265155,AX,-0.0780647328286014,L1,-0.040037309426908,L2,0.04...
GetData ===>> H2,-0.126356587827747,H1,0.0469115936704291,AX,-0.188278807232831,L1,-0.0205248696799161,L2,-0.09...
GetData ===>> H2,-0.212880352547395,H1,-0.0105468979244126,AX,-0.0332881419253778,L1,0.0079577398179637,L2,0.02...
Get Checksum: -110011688
01:41:23 -- collecting point 50
GetData ===>> H2,-0.235701553336719,H1,-0.0361515926608601,AX,-0.0892498667898626,L1,0.016434025653104,L2,-0.10...
GetData ===>> H2,-0.159242682956399,H1,-0.000312728594819967,AX,-0.0826084863601886,L1,0.00695224679577863,L2,-...
Get Checksum: -110011688
GetData ===>> H2,-0.075096174191848,H1,0.0586793810266386,AX,-0.13567202501519,L1,0.0135101559715527,L2,-0.0437...
GetData ===>> H2,-0.0942189634541886,H1,0.000307557722512186,AX,-0.10685370616413,L1,-0.0599402819832384,L2,-0....
GetData ===>> H2,-0.222805601935636,H1,-0.0808338012706631,AX,-0.073346886648679,L1,-0.0267943119208876,L2,0.05...
Get Checksum: -110011688
GetData ===>> H2,-0.172820476729889,H1,-0.0225808469530573,AX,-0.0375672720265859,L1,-0.00391055906402832,L2,-0...
GetData ===>> H2,-0.287242232878813,H1,-0.0425785708724423,AX,-0.186772177583197,L1,0.00835372523394913,L2,0.03...
GetData ===>> H2,-0.211621024034444,H1,0.00517455299278176,AX,-0.00491820180476091,L1,0.0371104350986194,L2,-0....
Get Checksum: -110011688
GetData ===>> H2,-0.162863128911647,H1,0.0461597435133189,AX,-0.129250826983748,L1,0.0168711780360248,L2,-0.105...
GetData ===>> H2,-0.140441729366537,H1,0.0834410877144311,AX,-0.101047920253078,L1,0.00509116847218982,L2,-0.02...
GetData ===>> H2,-0.201171944641156,H1,-0.0287582686807617,AX,-0.078818176022884,L1,0.00957057781984771,L2,0.01...
Get Checksum: -110011688
measurement finished
estimated time: 62.915 actual time: :63.113
flush and close file /Users/jan/PychronDev/data/isotopes/e3/8c1513-3064-42f3-960d-6d29c08a13f2.h5
activate_detectors ('H1', 'AX', 'CDD') {'peak_center': True}
peak_center () {'detector': 'H1', 'integration_time': 0.262144, 'isotope': 'Ar40'}
peak center: mean=1327.16576388 threshold=3
peak center started
setup peak center. detector=['H1', 'AX', 'CDD'], isotope=Ar40
VersionedUnpickler [<apptools.sweet_pickle.versioned_unpickler.VersionedUnpickler object at 0x14d4eb350>] using Updater [<apptools.sweet_pickle.updater.Updater object at 0x1356d5710>]
VersionedUnpickler [<apptools.sweet_pickle.versioned_unpickler.VersionedUnpickler object at 0x14d4eb350>] using Updater [<apptools.sweet_pickle.updater.Updater object at 0x1356d5710>]
VersionedUnpickler [<apptools.sweet_pickle.versioned_unpickler.VersionedUnpickler object at 0x14577d5f0>] using Updater [<apptools.sweet_pickle.updater.Updater object at 0x1356d5710>]
setting integration time = 0.524288
SetIntegrationTime 0.524288 ===>> OK
Mapping mass to dac mass func: "parabolic"
H1 map mass coeffs = [-0.00063987  0.15840543  0.57034999]
H1 map mass to dac 39.9624 >> 5.87874
GetDeflection H1 ===>> 0
GetHighVoltage ===>> 4500
do peak center. <pychron.spectrometer.jobs.peak_center.PeakCenter object at 0x1356efa10>
doing pc
starting peak center. center dac= 5.87874 step_width=0.001
width = 0.001
get scan parameters. half-width=0.015,window=0.015, i=0, scalar=1
Scan parameters center=5.87874 width=0.03000 (5.86374 - 5.89374)
GetData ===>> H2,-0.315263417831001,H1,-0.0529037978090006,AX,0.0270339765425474,L1,0.0229248049329385,L2,-0.00...
Moving to starting dac 5.86374
setting magnet DAC
current  : 5.239396
requested: 5.863740
Delta Dac: 0.624344
Checking detector protection. dv=0.62434
Checking detector "CDD". Protection Threshold: 0.1 (V)
ProtectDetector CDD,On ===>> OK
GetDeflection CDD ===>> 2000
SetMagnetDAC 5.86374 ===>> OK
Magnet settling time: 0.500
GetMagnetMoving ===>> True
GetMagnetMoving ===>> True
GetMagnetMoving ===>> True
GetMagnetMoving ===>> True
GetMagnetMoving ===>> True
GetMagnetMoving ===>> True
GetMagnetMoving ===>> True
GetMagnetMoving ===>> True
Get Checksum: -110011688
GetMagnetMoving ===>> False
ProtectDetector CDD,Off ===>> OK
GetDeflection CDD ===>> 50
Wait until signal near baseline. tol= -0.0396778483568. timeout= 10
GetData ===>> H2,7.46998571467561,H1,3.03021171521605,AX,0.0239125499320535,L1,0.018071874689348,L2,-0.03108087...
GetData ===>> H2,84.3606233644878,H1,44.3996157652453,AX,3.89621646221205,L1,0.0493799193102308,L2,-0.051545472...
GetData ===>> H2,87.7829091066167,H1,43.4648392995351,AX,6.2349728342387,L1,0.0574200922431461,L2,-0.0232945266...
GetData ===>> H2,46.3154585253577,H1,20.9563713768367,AX,2.93038382125242,L1,0.0550422264380138,L2,-0.040164145...
GetData ===>> H2,18.9621086315452,H1,10.4897422098611,AX,1.16907978691145,L1,0.0528596029327741,L2,-0.232997207...
GetData ===>> H2,6.30995138795355,H1,5.52011445086189,AX,0.53794627605382,L1,0.0448782965564737,L2,-0.096192718...
Get Checksum: -110011688
GetData ===>> H2,1.8186907117243,H1,3.11968014343005,AX,0.355111107065244,L1,0.042282549986084,L2,-0.0985132593...
GetData ===>> H2,0.624335520716042,H1,1.92780030726765,AX,0.118468674121711,L1,0.0539099916969838,L2,-0.0956694...
GetData ===>> H2,0.333034557699259,H1,1.42606274134265,AX,0.127720218806034,L1,0.0223182343021352,L2,-0.0286903...
GetData ===>> H2,0.38587680778576,H1,1.1209063110696,AX,-0.0512035696610051,L1,-0.0141842931843476,L2,-0.108068...
GetData ===>> H2,0.486332337922141,H1,0.992604409447417,AX,-0.0330214148497018,L1,-0.030776605730982,L2,0.05752...
GetData ===>> H2,0.422877793728362,H1,0.918507437849514,AX,0.0580654036034055,L1,-0.0200455018570433,L2,-0.0022...
Get Checksum: -110011688
GetData ===>> H2,0.348583207061325,H1,0.80770847398155,AX,0.0112190059030175,L1,0.0163176830081251,L2,0.1037215...
GetData ===>> H2,0.317111618359485,H1,0.685162157828789,AX,-0.0752015954810861,L1,0.0252694153707262,L2,-0.0755...
GetData ===>> H2,0.311370271776453,H1,0.814393197932328,AX,0.0152798317070771,L1,0.0291464042348071,L2,0.026580...
GetData ===>> H2,0.230639987185461,H1,0.813362906836335,AX,0.0646694625846449,L1,0.0233939105875556,L2,-0.12832...
GetData ===>> H2,0.168934775137316,H1,0.922888513211917,AX,0.046635109679128,L1,0.0131076550008189,L2,-0.102721...
GetData ===>> H2,0.0741719674692695,H1,0.80919392977028,AX,0.0176699969459508,L1,-0.015198147874461,L2,0.002869...
Get Checksum: -110011688
GetData ===>> H2,0.102325978047252,H1,0.911469388527597,AX,0.12449714986339,L1,-0.0192932727728289,L2,0.1205253...
GetData ===>> H2,0.0495949144376371,H1,0.798987853768485,AX,0.143674821200446,L1,-0.0235974671415815,L2,0.06916...
GetData ===>> H2,-0.00522243268336206,H1,0.756928676496549,AX,0.0336600874131792,L1,-0.00497103273846885,L2,-0....
Peak center failed to move to a baseline position
_do_sweep sm= 5.86374, em= 5.89374, stm= 0.001
calculated step values: start=5.86374, end=5.89374, width=0.001, nsteps=31.0
setting magnet DAC
current  : 5.863740
requested: 5.863740
Delta Dac: 0.000000
Checking detector protection. dv=0.00000
Checking detector "CDD". Protection Threshold: 0.1 (V)
SetMagnetDAC 5.86374 ===>> OK
GetData ===>> H2,-0.00522243268336206,H1,0.756928676496549,AX,0.0336600874131792,L1,-0.00497103273846885,L2,-0....
setting magnet DAC
current  : 5.863740
requested: 5.864774
Delta Dac: 0.001034
Checking detector protection. dv=0.00103
Checking detector "CDD". Protection Threshold: 0.1 (V)
SetMagnetDAC 5.86477448276 ===>> OK
Magnet settling time: 1.049
GetData ===>> H2,-0.062470504793647,H1,1.708319337055,AX,0.172622398589819,L1,-0.000236425668262399,L2,-0.01029...
setting magnet DAC
current  : 5.864774
requested: 5.865809
Delta Dac: 0.001034
Checking detector protection. dv=0.00103
Checking detector "CDD". Protection Threshold: 0.1 (V)
SetMagnetDAC 5.86580896552 ===>> OK
Magnet settling time: 1.049
Get Checksum: -110011688
GetData ===>> H2,0.114295395010606,H1,6.07695827276411,AX,0.962507477831606,L1,0.00975477158030119,L2,0.0302480...
setting magnet DAC
current  : 5.865809
requested: 5.866843
Delta Dac: 0.001034
Checking detector protection. dv=0.00103
Checking detector "CDD". Protection Threshold: 0.1 (V)
SetMagnetDAC 5.86684344828 ===>> OK
Magnet settling time: 1.049
GetData ===>> H2,0.0126966994193577,H1,23.8758656859537,AX,3.16728747756334,L1,-0.0143784434792514,L2,-0.126505...
setting magnet DAC
current  : 5.866843
requested: 5.867878
Delta Dac: 0.001034
Checking detector protection. dv=0.00103
Checking detector "CDD". Protection Threshold: 0.1 (V)
SetMagnetDAC 5.86787793103 ===>> OK
Magnet settling time: 1.049
GetData ===>> H2,-0.0624515423846779,H1,83.9725542475751,AX,11.2428273815719,L1,0.0390017194985969,L2,0.0673195...
setting magnet DAC
current  : 5.867878
requested: 5.868912
Delta Dac: 0.001034
Checking detector protection. dv=0.00103
Checking detector "CDD". Protection Threshold: 0.1 (V)
SetMagnetDAC 5.86891241379 ===>> OK
Magnet settling time: 1.049
Get Checksum: -110011688
GetData ===>> H2,-0.043570991725448,H1,243.008172079768,AX,35.3766569258489,L1,0.168180132234443,L2,-0.00093371...
setting magnet DAC
current  : 5.868912
requested: 5.869947
Delta Dac: 0.001034
Checking detector protection. dv=0.00103
Checking detector "CDD". Protection Threshold: 0.1 (V)
SetMagnetDAC 5.86994689655 ===>> OK
Magnet settling time: 1.049
GetData ===>> H2,-0.0626113674141234,H1,516.11065683742,AX,84.0355358213161,L1,0.501383187074601,L2,0.108281267...
setting magnet DAC
current  : 5.869947
requested: 5.870981
Delta Dac: 0.001034
Checking detector protection. dv=0.00103
Checking detector "CDD". Protection Threshold: 0.1 (V)
SetMagnetDAC 5.87098137931 ===>> OK
Magnet settling time: 1.049
GetData ===>> H2,-0.211429755456726,H1,822.172745624718,AX,146.512674073398,L1,1.08564925839643,L2,0.3354496173...
setting magnet DAC
current  : 5.870981
requested: 5.872016
Delta Dac: 0.001034
Checking detector protection. dv=0.00103
Checking detector "CDD". Protection Threshold: 0.1 (V)
SetMagnetDAC 5.87201586207 ===>> OK
Magnet settling time: 1.049
Get Checksum: -110011688
GetData ===>> H2,-0.181566757299195,H1,1059.83740736053,AX,202.412452409002,L1,1.72044419173395,L2,0.5489613263...
setting magnet DAC
current  : 5.872016
requested: 5.873050
Delta Dac: 0.001034
Checking detector protection. dv=0.00103
Checking detector "CDD". Protection Threshold: 0.1 (V)
SetMagnetDAC 5.87305034483 ===>> OK
Magnet settling time: 1.049
GetData ===>> H2,-0.117823763869437,H1,1226.65508324275,AX,253.559050306062,L1,2.53510327889729,L2,0.9299528763...
setting magnet DAC
current  : 5.873050
requested: 5.874085
Delta Dac: 0.001034
Checking detector protection. dv=0.00103
Checking detector "CDD". Protection Threshold: 0.1 (V)
SetMagnetDAC 5.87408482759 ===>> OK
Magnet settling time: 1.049
Get Checksum: -110011688
GetData ===>> H2,-0.125289828499106,H1,1255.42045535821,AX,263.804495615015,L1,2.9119295641117,L2,1.05850725726...
setting magnet DAC
current  : 5.874085
requested: 5.875119
Delta Dac: 0.001034
Checking detector protection. dv=0.00103
Checking detector "CDD". Protection Threshold: 0.1 (V)
SetMagnetDAC 5.87511931034 ===>> OK
Magnet settling time: 1.049
GetData ===>> H2,-0.0687302411146756,H1,1262.64816251156,AX,267.218440653922,L1,3.11436557227788,L2,1.099132386...
setting magnet DAC
current  : 5.875119
requested: 5.876154
Delta Dac: 0.001034
Checking detector protection. dv=0.00103
Checking detector "CDD". Protection Threshold: 0.1 (V)
SetMagnetDAC 5.8761537931 ===>> OK
Magnet settling time: 1.049
GetData ===>> H2,-0.0253738858128317,H1,1264.65431783544,AX,267.664260141995,L1,3.27012303056753,L2,1.101651984...
setting magnet DAC
current  : 5.876154
requested: 5.877188
Delta Dac: 0.001034
Checking detector protection. dv=0.00103
Checking detector "CDD". Protection Threshold: 0.1 (V)
SetMagnetDAC 5.87718827586 ===>> OK
Magnet settling time: 1.049
Get Checksum: -110011688
GetData ===>> H2,-0.16382442561638,H1,1264.9668827845,AX,267.742411403207,L1,3.32348953113892,L2,1.143761939748...
setting magnet DAC
current  : 5.877188
requested: 5.878223
Delta Dac: 0.001034
Checking detector protection. dv=0.00103
Checking detector "CDD". Protection Threshold: 0.1 (V)
SetMagnetDAC 5.87822275862 ===>> OK
Magnet settling time: 1.049
GetData ===>> H2,-0.0625355185274202,H1,1265.32492789432,AX,268.020312976005,L1,3.381159506589,L2,1.23698256554...
setting magnet DAC
current  : 5.878223
requested: 5.879257
Delta Dac: 0.001034
Checking detector protection. dv=0.00103
Checking detector "CDD". Protection Threshold: 0.1 (V)
SetMagnetDAC 5.87925724138 ===>> OK
Magnet settling time: 1.049
GetData ===>> H2,-0.215860429075753,H1,1264.66042816229,AX,268.065926896724,L1,3.37729128891558,L2,1.0984223301...
setting magnet DAC
current  : 5.879257
requested: 5.880292
Delta Dac: 0.001034
Checking detector protection. dv=0.00103
Checking detector "CDD". Protection Threshold: 0.1 (V)
SetMagnetDAC 5.88029172414 ===>> OK
Magnet settling time: 1.049
Get Checksum: -110011688
GetData ===>> H2,-0.19268739981244,H1,1264.47787695132,AX,268.047117648788,L1,3.39968070381994,L2,1.07851997384...
setting magnet DAC
current  : 5.880292
requested: 5.881326
Delta Dac: 0.001034
Checking detector protection. dv=0.00103
Checking detector "CDD". Protection Threshold: 0.1 (V)
SetMagnetDAC 5.8813262069 ===>> OK
Magnet settling time: 1.049
GetData ===>> H2,-0.125124870704505,H1,1264.05368986614,AX,267.646239973932,L1,3.37703924068439,L2,1.2489339893...
setting magnet DAC
current  : 5.881326
requested: 5.882361
Delta Dac: 0.001034
Checking detector protection. dv=0.00103
Checking detector "CDD". Protection Threshold: 0.1 (V)
SetMagnetDAC 5.88236068966 ===>> OK
Magnet settling time: 1.049
GetData ===>> H2,-0.201104534668322,H1,1262.15881404092,AX,266.790968039366,L1,3.38539331578776,L2,1.1665199830...
setting magnet DAC
current  : 5.882361
requested: 5.883395
Delta Dac: 0.001034
Checking detector protection. dv=0.00103
Checking detector "CDD". Protection Threshold: 0.1 (V)
SetMagnetDAC 5.88339517241 ===>> OK
Magnet settling time: 1.049
GetData ===>> H2,-0.110802266904332,H1,1255.43468375779,AX,263.817716648482,L1,3.38906796175689,L2,1.0462818570...
setting magnet DAC
current  : 5.883395
requested: 5.884430
Delta Dac: 0.001034
Checking detector protection. dv=0.00103
Checking detector "CDD". Protection Threshold: 0.1 (V)
SetMagnetDAC 5.88442965517 ===>> OK
Magnet settling time: 1.049
Get Checksum: -110011688
GetData ===>> H2,-0.240091947164164,H1,1230.34522493915,AX,254.423728026846,L1,3.25076290196003,L2,1.0297777427...
setting magnet DAC
current  : 5.884430
requested: 5.885464
Delta Dac: 0.001034
Checking detector protection. dv=0.00103
Checking detector "CDD". Protection Threshold: 0.1 (V)
SetMagnetDAC 5.88546413793 ===>> OK
Magnet settling time: 1.049
GetData ===>> H2,-0.256790388780191,H1,1145.90557001721,AX,224.243407969196,L1,2.8853207059045,L2,0.85692619660...
setting magnet DAC
current  : 5.885464
requested: 5.886499
Delta Dac: 0.001034
Checking detector protection. dv=0.00103
Checking detector "CDD". Protection Threshold: 0.1 (V)
SetMagnetDAC 5.88649862069 ===>> OK
Magnet settling time: 1.049
GetData ===>> H2,-0.301519458183698,H1,943.409158791162,AX,164.979032560686,L1,2.36252023336133,L2,0.4589772516...
setting magnet DAC
current  : 5.886499
requested: 5.887533
Delta Dac: 0.001034
Checking detector protection. dv=0.00103
Checking detector "CDD". Protection Threshold: 0.1 (V)
SetMagnetDAC 5.88753310345 ===>> OK
Magnet settling time: 1.049
Get Checksum: -110011688
GetData ===>> H2,-0.36835924338544,H1,628.605372932024,AX,94.3412550357998,L1,1.66294737643852,L2,0.16278725506...
setting magnet DAC
current  : 5.887533
requested: 5.888568
Delta Dac: 0.001034
Checking detector protection. dv=0.00103
Checking detector "CDD". Protection Threshold: 0.1 (V)
SetMagnetDAC 5.88856758621 ===>> OK
Magnet settling time: 1.049
GetData ===>> H2,-0.167274701019326,H1,324.060637605788,AX,40.9804787851247,L1,1.04552954627933,L2,0.0460136794...
setting magnet DAC
current  : 5.888568
requested: 5.889602
Delta Dac: 0.001034
Checking detector protection. dv=0.00103
Checking detector "CDD". Protection Threshold: 0.1 (V)
SetMagnetDAC 5.88960206897 ===>> OK
Magnet settling time: 1.049
GetData ===>> H2,-0.048074367534205,H1,129.23664403577,AX,13.5631654405575,L1,0.689658256691828,L2,-0.013412693...
setting magnet DAC
current  : 5.889602
requested: 5.890637
Delta Dac: 0.001034
Checking detector protection. dv=0.00103
Checking detector "CDD". Protection Threshold: 0.1 (V)
SetMagnetDAC 5.89063655172 ===>> OK
Magnet settling time: 1.049
Get Checksum: -110011688
GetData ===>> H2,-0.175332049091754,H1,40.6092065703383,AX,3.31511611847463,L1,0.392061693077025,L2,-0.09919576...
setting magnet DAC
current  : 5.890637
requested: 5.891671
Delta Dac: 0.001034
Checking detector protection. dv=0.00103
Checking detector "CDD". Protection Threshold: 0.1 (V)
SetMagnetDAC 5.89167103448 ===>> OK
Magnet settling time: 1.049
GetData ===>> H2,-0.240476932367063,H1,10.6484481501791,AX,0.425614625025254,L1,0.209113477905011,L2,-0.0314678...
setting magnet DAC
current  : 5.891671
requested: 5.892706
Delta Dac: 0.001034
Checking detector protection. dv=0.00103
Checking detector "CDD". Protection Threshold: 0.1 (V)
SetMagnetDAC 5.89270551724 ===>> OK
Magnet settling time: 1.049
GetData ===>> H2,-0.247942511023396,H1,2.40463105820459,AX,-0.156912784709355,L1,0.135900508400365,L2,-0.067294...
setting magnet DAC
current  : 5.892706
requested: 5.893740
Delta Dac: 0.001034
Checking detector protection. dv=0.00103
Checking detector "CDD". Protection Threshold: 0.1 (V)
SetMagnetDAC 5.89374 ===>> OK
Magnet settling time: 1.049
Get Checksum: -110011688
GetData ===>> H2,-0.237745892136087,H1,0.507809228560352,AX,-0.300147151865853,L1,0.0766535191865504,L2,0.05084...
result of _do_sweep=True
result of _calculate_peak_center=([5.8714892916868227, 5.879006394858683, 5.8865234980305443], [938.86180800009629, 1265.3148825405376, 935.61366218797093], 5.8781937350563203, 1265.3148825405376)
Failed to find a valid peak. No peak greater than 1.0. max = 0.0267528604698
new center pos Detector(H1) (Ar40) @ 5.87900639486
GetHighVoltage ===>> 4500
GetDeflection H1 ===>> 0
dac uncorrected for HV and deflection 5.87900639486
update mftable H1 Ar40 5.87900639486 message=automated run peakcenter
get initial guess parabolic
get initial guess parabolic
get initial guess parabolic
get initial guess parabolic
get initial guess parabolic
get initial guess parabolic
dump mftable to /Users/jan/PychronDev/setupfiles/spectrometer/mftables/mftable.csv
add to repo msg=modified - automated run peakcenter
sweep finished
locally archiving mftable
setting magnet DAC
current  : 5.893740
requested: 5.879006
Delta Dac: 0.014734
Checking detector protection. dv=0.01473
Checking detector "CDD". Protection Threshold: 0.1 (V)
SetMagnetDAC 5.87900639486 ===>> OK
Magnet settling time: 0.500
setting integration time = 1.048576
SetIntegrationTime 1.048576 ===>> OK
Failed to find a valid peak. No peak greater than 1.0. max = 0.0267003546538
flush and close file /Users/jan/PychronDev/data/isotopes/e3/8c1513-3064-42f3-960d-6d29c08a13f2.h5
finished measure script
executed 226.132928
jan_unknown120_60.py completed successfully
Measurement Finished
01:42:21 -- ******* Measurement Finished *******
Post Measurement Started jan_pump_ms.py
01:42:21 -- ******* Post Measurement Started jan_pump_ms.py *******
testing...
no interpolation path defined
executed 0
Pumping spectrometer
open () {'name': 'O'}
opening name=O desc=---
checking ownership. requestor=129.138.12.150
check software interlocks O
interlocks []
actuate state mode=None-script, software_lock=False
doing actuation None-script open_channel True
Open O ===>> OK
GetIndicatorState O ===>> OK
change switch state (True, True)
update switch state O True args=() kw={} ncanvase=2
01:42:21 -- OPEN   VALVE-O (Jan Ion Pump)
---------------------------------------- open O () result=[(True, True)], time=0.09 sec
action=open, ok=True, locked=[False]
executed 0
jan_pump_ms.py completed successfully
setting _ms_pumptime
Post Measurement Finished
01:42:21 -- ******* Post Measurement Finished *******
$$$$$$$$$$$$$$$$$$$$ state at run end measurement
state changed from measurement to success
post measurement save measured=True aborted=False
Set filtering
setting fod for Ar40= {'filter_outliers': True, 'std_devs': 2, 'iterations': 1}
setting fod for H1= {'filter_outliers': True, 'std_devs': 2, 'iterations': 1}
setting fod for PM41= {'filter_outliers': False, 'std_devs': 2, 'iterations': 1}
setting fod for H2= {'filter_outliers': True, 'std_devs': 2, 'iterations': 1}
setting fod for Ar36= {'filter_outliers': True, 'std_devs': 2, 'iterations': 1}
setting fod for CDD= {'filter_outliers': True, 'std_devs': 10, 'iterations': 1}
setting fod for Ar37= {'filter_outliers': True, 'std_devs': 2, 'iterations': 1}
setting fod for L2= {'filter_outliers': True, 'std_devs': 2, 'iterations': 1}
setting fod for Ar38= {'filter_outliers': True, 'std_devs': 2, 'iterations': 1}
setting fod for L1= {'filter_outliers': True, 'std_devs': 2, 'iterations': 1}
setting fod for Ar39= {'filter_outliers': True, 'std_devs': 2, 'iterations': 1}
setting fod for AX= {'filter_outliers': True, 'std_devs': 2, 'iterations': 1}
persistence save...
persistence save - db
post measurement save
5436379504 connecting to database sqlite:////Users/jan/PychronDev/.appdata/local_lab.db
connected to db sqlite:////Users/jan/PychronDev/.appdata/local_lab.db
create new session 5436379504
close session 5436379504
No database instance. Not saving post measurement to isotopedb database
Get Checksum: 2035439760
$$$$$$$$$$$$$$$ auto_save_detector_ic=False
massspec enabled True
create new session 4979649712
MassSpec Database Version: 16.0
close session 4979649712
saving post measurement to secondary database
saving to massspec database 129.138.12.160/massspecdata
setting labnumber to 65569
setting aliquot to 35
setting step to 
setting uuid to e38c1513-3064-42f3-960d-6d29c08a13f2
setting irradpos to 65569
setting extract_device to Fusions CO2
setting tray to 
setting position to 184
setting power_requested to 5.0
setting extract_value to 5.0
setting duration to 30.0
setting duration_at_request to 30.0
setting first_stage_delay to 30.0
setting cleanup to 30.0
setting comment to M:11 w/o inclusions
setting irradiation to NM-289
setting level to M
setting irradiation_level to M
setting sample to NM-2602 WO
setting material to Sanidine
setting project to JoyitaHills
setting mass_spectrometer to Jan
no attribute chron_dosages
no attribute production_ratios
no attribute interference_corrections
no attribute production_name
no attribute j
Reference Isotope=Ar40
Reference Detector=H1
%%%%%%%%%%%%%%%%%%%% Comment: M:11 w/o inclusions %%%%%%%%%%%%%%%%%%%
adding isotope PM41 H2
add baseline dbdet= PM41. original det= H2
get baseline data PM41 H2
Get data baseline <pychron.processing.isotope.Baseline object at 0x14dcd1a10> len t=60
baseline PM41. v=-0.192369097833, e=0.00737354141061
get signal data PM41 H2
Get data signal PM41 0.08+/-0.07 len t=120
adding isotope Ar40 H1
add baseline dbdet= Ar40. original det= H1
get baseline data Ar40 H1
Get data baseline <pychron.processing.isotope.Baseline object at 0x14dcd1c10> len t=60
baseline Ar40. v=-0.0108064697504, e=0.00595125050041
get signal data Ar40 H1
Get data signal Ar40 1395.42+/-0.07 len t=120
adding isotope Ar39 AX
add baseline dbdet= Ar39. original det= AX
get baseline data Ar39 AX
Get data baseline <pychron.processing.isotope.Baseline object at 0x14dcd1dd0> len t=60
baseline Ar39. v=-0.0873186216376, e=0.00723905082634
get signal data Ar39 AX
Get data signal Ar39 295.130+/-0.030 len t=120
adding isotope Ar38 L1
add baseline dbdet= Ar38. original det= L1
get baseline data Ar38 L1
Get data baseline <pychron.processing.isotope.Baseline object at 0x14dcd1f90> len t=60
baseline Ar38. v=-0.0292569366307, e=0.0035477286044
get signal data Ar38 L1
Get data signal Ar38 3.797+/-0.005 len t=120
adding isotope Ar37 L2
add baseline dbdet= Ar37. original det= L2
get baseline data Ar37 L2
Get data baseline <pychron.processing.isotope.Baseline object at 0x14dcc0190> len t=60
baseline Ar37. v=-0.0155865490685, e=0.00694999121614
get signal data Ar37 L2
Get data signal Ar37 1.270+/-0.011 len t=120
adding isotope Ar36 CDD
add baseline dbdet= Ar36. original det= CDD
get baseline data Ar36 CDD
Get data baseline <pychron.processing.isotope.Baseline object at 0x14dcc0350> len t=60
baseline Ar36. v=0.000277882105405, e=2.41200354012e-05
get signal data Ar36 CDD
Get data signal Ar36 0.01893+/-0.00032 len t=120
65569-35 added analysis time 0.525485038757s
analysis added to mass spec database
mass spec save time= 0.535
persistence save - dvc
================= post measurement started
create new session 4984345712
close session 4984345712
---------------- Experiment Queue saving disabled
DVC saving peakcenter
Failed to find a valid peak. No peak greater than 1.0. max = 0.0267003546538
Smart pull ahead: 0 behind: 0
Up-to-date with origin
add to repo msg=modified - ad8224ebc6dbfeb9f5997218dfa5fe690569839d.json
add to repo msg=modified - 69-35.json
add to repo msg=modified - 69-35.dat.json
add to repo msg=modified - 69-35.blan.json
Get Checksum: 2035439760
add to repo msg=modified - 69-35.inte.json
add to repo msg=modified - 69-35.icfa.json
add to repo msg=modified - 69-35.base.json
not at valid file /Users/jan/PychronDev/data/.dvc/repositories/Load1783/655/tags/69-35.tags.json
add to repo msg=modified - 69-35.peak.json
add to repo msg=modified - 69-35.extr.json
not at valid file /Users/jan/PychronDev/data/.dvc/repositories/Load1783/655/monitor/69-35.moni.json
commit message=<COLLECTION>
add to repo msg=modified - 69-35.inte.json
add to repo msg=modified - 69-35.base.json
commit message=<ISOEVO> default collection fits
Get Checksum: 2035439760
add to repo msg=modified - 69-35.blan.json
commit message=<BLANKS> preceding bc-02-J-262
add to repo msg=modified - 69-35.icfa.json
commit message=<ICFactor> default
push repository <pychron.git_archive.repo_manager.GitRepoManager object at 0x13ef7b6b0>
pushing to remote=origin, url=https://github.com
Get Checksum: 2035439760
no changes to meta repo
Get Checksum: 2035439760
create new session 4984345712
add association Load1783
get identifier "65569"
setting analysis irradiation position=<pychron.dvc.dvc_orm.IrradiationPositionTbl object at 0x142758a50>
close session 4984345712
================= post measurement finished
01:42:34 -- ******* Post Run Check *******
loading queue conditionals post_run_actions
loading system conditionals post_run_actions
loading conditionals from /Users/jan/PychronDev/setupfiles/spectrometer/default_conditionals.yaml
loading queue conditionals post_run_terminations
loading system conditionals post_run_terminations
loading conditionals from /Users/jan/PychronDev/setupfiles/spectrometer/default_conditionals.yaml
Checking default post run terminations n=1
GetDeflection CDD ===>> 50
testing CDD==2000
evaluate ot="CDD.deflection==2000" t="CDD==2000", ctx="{'CDD': 50.0}"
01:42:34 -- ******* Post Run Check Passed *******
01:42:34 -- Automated run 65569-35 success duration: 377.349 s
----------------- finish -----------------
----------------- stop -----------------
retroactive repository identifiers disabled
finish run. runs completed=39
update duration runid=65569-35, duration=377.349033833, md5=301e91d8
loading script "jan_unknown120_60.py"
loading script "jan_pump_ms.py"
loading script "jan_co2.py"
loading script "jan_pump_extraction_line.py"
testing...
no interpolation path defined
executed 213.652928
script duration name:unknown120_60 seconds:214.0
loading script "jan_unknown120_60.py"
loading script "jan_pump_ms.py"
loading script "jan_co2.py"
loading script "jan_pump_extraction_line.py"
testing...
no interpolation path defined
executed 0
loading script "jan_unknown120_60.py"
loading script "jan_pump_ms.py"
loading script "jan_co2.py"
loading script "jan_pump_extraction_line.py"
testing...
no interpolation path defined
calculate duration
testing...
no interpolation path defined
executed 0
calculate duration
testing...
no interpolation path defined
executed 0
executed 0.0
script duration name:co2 seconds:0.0
loading script "jan_unknown120_60.py"
loading script "jan_pump_ms.py"
loading script "jan_co2.py"
loading script "jan_pump_extraction_line.py"
testing...
no interpolation path defined
calculate duration
testing...
no interpolation path defined
executed 4.0
executed 4.0
Script duration 214.0
Run total estimated duration= 215.000
unknown120_60 in script context. using previous estimated duration
script duration name:unknown120_60 seconds:214.0
pump_ms in script context. using previous estimated duration
co2 in script context. using previous estimated duration
script duration name:co2 seconds:0.0
pump_extraction_line in script context. using previous estimated duration
Script duration 214.0
Run total estimated duration= 215.000
script duration name:unknown120_60 seconds:214.0
script duration name:co2 seconds:0.0
Script duration 214.0
Run total estimated duration= 215.000
script duration name:unknown120_60 seconds:214.0
script duration name:co2 seconds:0.0
Script duration 214.0
Run total estimated duration= 215.000
script duration name:unknown120_60 seconds:214.0
script duration name:co2 seconds:0.0
Script duration 214.0
Run total estimated duration= 215.000
script duration name:unknown120_60 seconds:214.0
script duration name:co2 seconds:0.0
Script duration 214.0
Run total estimated duration= 215.000
script duration name:unknown120_60 seconds:214.0
script duration name:co2 seconds:0.0
Script duration 214.0
Run total estimated duration= 215.000
script duration name:unknown120_60 seconds:214.0
script duration name:co2 seconds:0.0
Script duration 214.0
Run total estimated duration= 215.000
script duration name:unknown120_60 seconds:214.0
script duration name:co2 seconds:0.0
Script duration 214.0
Run total estimated duration= 215.000
script duration name:unknown120_60 seconds:214.0
script duration name:co2 seconds:0.0
Script duration 214.0
Run total estimated duration= 215.000
script duration name:unknown120_60 seconds:214.0
script duration name:co2 seconds:0.0
Script duration 214.0
Run total estimated duration= 215.000
script duration name:unknown120_60 seconds:214.0
script duration name:co2 seconds:0.0
Script duration 214.0
Run total estimated duration= 215.000
loading script "jan_unknown400_120.py"
loading script "jan_pump_ms.py"
loading script "jan_co2.py"
loading script "jan_pump_extraction_line.py"
testing...
no interpolation path defined
executed 556.052928
script duration name:unknown400_120 seconds:556.0
script duration name:co2 seconds:0.0
Script duration 556.0
Run total estimated duration= 557.000
script duration name:unknown120_60 seconds:214.0
script duration name:co2 seconds:0.0
Script duration 214.0
Run total estimated duration= 215.000
script duration name:unknown120_60 seconds:214.0
script duration name:co2 seconds:0.0
Script duration 214.0
Run total estimated duration= 215.000
script duration name:unknown120_60 seconds:214.0
script duration name:co2 seconds:0.0
Script duration 214.0
Run total estimated duration= 215.000
script duration name:unknown120_60 seconds:214.0
script duration name:co2 seconds:0.0
Script duration 214.0
Run total estimated duration= 215.000
script duration name:unknown120_60 seconds:214.0
script duration name:co2 seconds:0.0
Script duration 214.0
Run total estimated duration= 215.000
script duration name:unknown120_60 seconds:214.0
script duration name:co2 seconds:0.0
Script duration 214.0
Run total estimated duration= 215.000
script duration name:unknown120_60 seconds:214.0
script duration name:co2 seconds:0.0
Script duration 214.0
Run total estimated duration= 215.000
script duration name:unknown120_60 seconds:214.0
script duration name:co2 seconds:0.0
Script duration 214.0
Run total estimated duration= 215.000
script duration name:unknown120_60 seconds:214.0
script duration name:co2 seconds:0.0
Script duration 214.0
Run total estimated duration= 215.000
script duration name:unknown120_60 seconds:214.0
script duration name:co2 seconds:0.0
Script duration 214.0
Run total estimated duration= 215.000
script duration name:unknown120_60 seconds:214.0
script duration name:co2 seconds:0.0
Script duration 214.0
Run total estimated duration= 215.000
script duration name:unknown120_60 seconds:214.0
script duration name:co2 seconds:0.0
Script duration 214.0
Run total estimated duration= 215.000
script duration name:unknown120_60 seconds:214.0
script duration name:co2 seconds:0.0
Script duration 214.0
Run total estimated duration= 215.000
script duration name:unknown120_60 seconds:214.0
script duration name:co2 seconds:0.0
Script duration 214.0
Run total estimated duration= 215.000
script duration name:unknown120_60 seconds:214.0
script duration name:co2 seconds:0.0
Script duration 214.0
Run total estimated duration= 215.000
script duration name:unknown120_60 seconds:214.0
script duration name:co2 seconds:0.0
Script duration 214.0
Run total estimated duration= 215.000
script duration name:unknown120_60 seconds:214.0
script duration name:co2 seconds:0.0
Script duration 214.0
Run total estimated duration= 215.000
script duration name:unknown120_60 seconds:214.0
script duration name:co2 seconds:0.0
Script duration 214.0
Run total estimated duration= 215.000
script duration name:unknown120_60 seconds:214.0
script duration name:co2 seconds:0.0
Script duration 214.0
Run total estimated duration= 215.000
unknown400_120 in script context. using previous estimated duration
script duration name:unknown400_120 seconds:556.0
script duration name:co2 seconds:0.0
Script duration 556.0
Run total estimated duration= 557.000
script duration name:unknown400_120 seconds:556.0
loading script "jan_unknown400_120.py"
loading script "jan_pump_ms.py"
loading script "jan_cocktail_x1.py"
loading script "jan_pump_extraction_line.py"
testing...
no interpolation path defined
calculate duration
testing...
no interpolation path defined
executed 0
calculate duration
testing...
no interpolation path defined
executed 0
calculate duration
testing...
no interpolation path defined
executed 32.0
calculate duration
testing...
no interpolation path defined
executed 34.0
calculate duration
testing...
no interpolation path defined
executed 4.0
calculate duration
testing...
no interpolation path defined
executed 38.0
executed 108.0
script duration name:cocktail_x1 seconds:108.0
Script duration 664.0
Run total estimated duration= 665.000
script duration name:unknown120_60 seconds:214.0
cocktail_x1 in script context. using previous estimated duration
script duration name:cocktail_x1 seconds:108.0
Script duration 322.0
Run total estimated duration= 323.000
loading script "jan_ic_peak_hop3.py"
loading script "jan_pump_ms.py"
loading script "jan_air_x1.py"
loading script "jan_pump_extraction_line.py"
testing...
no interpolation path defined
executed 133.8
script duration name:ic_peak_hop3 seconds:134.0
loading script "jan_ic_peak_hop3.py"
loading script "jan_pump_ms.py"
loading script "jan_air_x1.py"
loading script "jan_pump_extraction_line.py"
testing...
no interpolation path defined
calculate duration
testing...
no interpolation path defined
executed 0
calculate duration
testing...
no interpolation path defined
executed 0
calculate duration
testing...
no interpolation path defined
executed 32.0
calculate duration
testing...
no interpolation path defined
executed 34.0
calculate duration
testing...
no interpolation path defined
executed 4.0
calculate duration
testing...
no interpolation path defined
executed 36.0
executed 106.0
script duration name:air_x1 seconds:106.0
Script duration 240.0
Run total estimated duration= 241.000
script duration name:unknown120_60 seconds:214.0
script duration name:co2 seconds:0.0
Script duration 214.0
Run total estimated duration= 215.000
script duration name:unknown120_60 seconds:214.0
script duration name:co2 seconds:0.0
Script duration 214.0
Run total estimated duration= 215.000
script duration name:unknown120_60 seconds:214.0
script duration name:co2 seconds:0.0
Script duration 214.0
Run total estimated duration= 215.000
script duration name:unknown400_120 seconds:556.0
loading script "jan_unknown400_120.py"
loading script "jan_pump_ms.py"
loading script "jan_sniffair_x2.py"
loading script "jan_pump_extraction_line.py"
testing...
no interpolation path defined
calculate duration
testing...
no interpolation path defined
executed 0
calculate duration
testing...
no interpolation path defined
executed 0
calculate duration
testing...
no interpolation path defined
executed 32.0
calculate duration
testing...
no interpolation path defined
executed 34.0
calculate duration
testing...
no interpolation path defined
executed 4.0
calculate duration
testing...
no interpolation path defined
executed 36.0
calculate duration
testing...
no interpolation path defined
executed 34.0
calculate duration
testing...
no interpolation path defined
executed 4.0
calculate duration
testing...
no interpolation path defined
executed 36.0
calculate duration
testing...
no interpolation path defined
executed 70.0
executed 250.0
script duration name:sniffair_x2 seconds:250.0
Script duration 806.0
Run total estimated duration= 807.000
script duration name:unknown400_120 seconds:556.0
sniffair_x2 in script context. using previous estimated duration
script duration name:sniffair_x2 seconds:250.0
Script duration 806.0
Run total estimated duration= 807.000
script duration name:unknown120_60 seconds:214.0
script duration name:co2 seconds:0.0
Script duration 214.0
Run total estimated duration= 215.000
script duration name:unknown120_60 seconds:214.0
script duration name:co2 seconds:0.0
Script duration 214.0
Run total estimated duration= 215.000
script duration name:unknown120_60 seconds:214.0
script duration name:co2 seconds:0.0
Script duration 214.0
Run total estimated duration= 215.000
script duration name:unknown120_60 seconds:214.0
script duration name:co2 seconds:0.0
Script duration 214.0
Run total estimated duration= 215.000
script duration name:unknown120_60 seconds:214.0
script duration name:co2 seconds:0.0
Script duration 214.0
Run total estimated duration= 215.000
script duration name:unknown120_60 seconds:214.0
script duration name:co2 seconds:0.0
Script duration 214.0
Run total estimated duration= 215.000
script duration name:unknown120_60 seconds:214.0
script duration name:co2 seconds:0.0
Script duration 214.0
Run total estimated duration= 215.000
script duration name:unknown120_60 seconds:214.0
script duration name:co2 seconds:0.0
Script duration 214.0
Run total estimated duration= 215.000
script duration name:unknown120_60 seconds:214.0
script duration name:co2 seconds:0.0
Script duration 214.0
Run total estimated duration= 215.000
script duration name:unknown120_60 seconds:214.0
script duration name:co2 seconds:0.0
Script duration 214.0
Run total estimated duration= 215.000
script duration name:unknown120_60 seconds:214.0
script duration name:co2 seconds:0.0
Script duration 214.0
Run total estimated duration= 215.000
script duration name:unknown120_60 seconds:214.0
script duration name:co2 seconds:0.0
Script duration 214.0
Run total estimated duration= 215.000
script duration name:unknown120_60 seconds:214.0
script duration name:co2 seconds:0.0
Script duration 214.0
Run total estimated duration= 215.000
script duration name:unknown120_60 seconds:214.0
script duration name:co2 seconds:0.0
Script duration 214.0
Run total estimated duration= 215.000
script duration name:unknown120_60 seconds:214.0
script duration name:co2 seconds:0.0
Script duration 214.0
Run total estimated duration= 215.000
script duration name:unknown120_60 seconds:214.0
script duration name:co2 seconds:0.0
Script duration 214.0
Run total estimated duration= 215.000
script duration name:unknown120_60 seconds:214.0
script duration name:co2 seconds:0.0
Script duration 214.0
Run total estimated duration= 215.000
script duration name:unknown120_60 seconds:214.0
script duration name:co2 seconds:0.0
Script duration 214.0
Run total estimated duration= 215.000
script duration name:unknown400_120 seconds:556.0
script duration name:co2 seconds:0.0
Script duration 556.0
Run total estimated duration= 557.000
script duration name:unknown400_120 seconds:556.0
script duration name:cocktail_x1 seconds:108.0
Script duration 664.0
Run total estimated duration= 665.000
script duration name:unknown120_60 seconds:214.0
script duration name:cocktail_x1 seconds:108.0
Script duration 322.0
Run total estimated duration= 323.000
script duration name:unknown400_120 seconds:556.0
script duration name:sniffair_x2 seconds:250.0
Script duration 806.0
Run total estimated duration= 807.000
script duration name:unknown400_120 seconds:556.0
script duration name:sniffair_x2 seconds:250.0
Script duration 806.0
Run total estimated duration= 807.000
ic_peak_hop3 in script context. using previous estimated duration
script duration name:ic_peak_hop3 seconds:134.0
air_x1 in script context. using previous estimated duration
script duration name:air_x1 seconds:106.0
Script duration 240.0
Run total estimated duration= 241.000
script duration name:unknown120_60 seconds:214.0
script duration name:co2 seconds:0.0
Script duration 214.0
Run total estimated duration= 215.000
script duration name:unknown120_60 seconds:214.0
script duration name:co2 seconds:0.0
Script duration 214.0
Run total estimated duration= 215.000
script duration name:unknown120_60 seconds:214.0
script duration name:co2 seconds:0.0
Script duration 214.0
Run total estimated duration= 215.000
script duration name:unknown120_60 seconds:214.0
script duration name:co2 seconds:0.0
Script duration 214.0
Run total estimated duration= 215.000
script duration name:unknown120_60 seconds:214.0
script duration name:co2 seconds:0.0
Script duration 214.0
Run total estimated duration= 215.000
script duration name:unknown120_60 seconds:214.0
script duration name:co2 seconds:0.0
Script duration 214.0
Run total estimated duration= 215.000
script duration name:unknown120_60 seconds:214.0
script duration name:co2 seconds:0.0
Script duration 214.0
Run total estimated duration= 215.000
script duration name:unknown120_60 seconds:214.0
script duration name:co2 seconds:0.0
Script duration 214.0
Run total estimated duration= 215.000
script duration name:unknown120_60 seconds:214.0
script duration name:co2 seconds:0.0
Script duration 214.0
Run total estimated duration= 215.000
script duration name:unknown120_60 seconds:214.0
script duration name:co2 seconds:0.0
Script duration 214.0
Run total estimated duration= 215.000
script duration name:unknown120_60 seconds:214.0
script duration name:co2 seconds:0.0
Script duration 214.0
Run total estimated duration= 215.000
script duration name:unknown120_60 seconds:214.0
script duration name:co2 seconds:0.0
Script duration 214.0
Run total estimated duration= 215.000
script duration name:unknown120_60 seconds:214.0
script duration name:co2 seconds:0.0
Script duration 214.0
Run total estimated duration= 215.000
script duration name:unknown120_60 seconds:214.0
script duration name:co2 seconds:0.0
Script duration 214.0
Run total estimated duration= 215.000
script duration name:unknown120_60 seconds:214.0
script duration name:co2 seconds:0.0
Script duration 214.0
Run total estimated duration= 215.000
script duration name:unknown400_120 seconds:556.0
script duration name:co2 seconds:0.0
Script duration 556.0
Run total estimated duration= 557.000
script duration name:unknown400_120 seconds:556.0
script duration name:cocktail_x1 seconds:108.0
Script duration 664.0
Run total estimated duration= 665.000
script duration name:unknown120_60 seconds:214.0
script duration name:cocktail_x1 seconds:108.0
Script duration 322.0
Run total estimated duration= 323.000
script duration name:ic_peak_hop3 seconds:134.0
script duration name:air_x1 seconds:106.0
Script duration 240.0
Run total estimated duration= 241.000
script duration name:unknown120_60 seconds:214.0
script duration name:co2 seconds:0.0
Script duration 214.0
Run total estimated duration= 215.000
script duration name:unknown120_60 seconds:214.0
script duration name:co2 seconds:0.0
Script duration 214.0
Run total estimated duration= 215.000
script duration name:unknown120_60 seconds:214.0
script duration name:co2 seconds:0.0
Script duration 214.0
Run total estimated duration= 215.000
script duration name:unknown120_60 seconds:214.0
script duration name:co2 seconds:0.0
Script duration 214.0
Run total estimated duration= 215.000
script duration name:unknown120_60 seconds:214.0
script duration name:co2 seconds:0.0
Script duration 214.0
Run total estimated duration= 215.000
script duration name:unknown120_60 seconds:214.0
script duration name:co2 seconds:0.0
Script duration 214.0
Run total estimated duration= 215.000
script duration name:unknown120_60 seconds:214.0
script duration name:co2 seconds:0.0
Script duration 214.0
Run total estimated duration= 215.000
script duration name:unknown120_60 seconds:214.0
script duration name:co2 seconds:0.0
Script duration 214.0
Run total estimated duration= 215.000
script duration name:unknown120_60 seconds:214.0
script duration name:co2 seconds:0.0
Script duration 214.0
Run total estimated duration= 215.000
script duration name:unknown120_60 seconds:214.0
script duration name:co2 seconds:0.0
Script duration 214.0
Run total estimated duration= 215.000
script duration name:unknown400_120 seconds:556.0
script duration name:sniffair_x2 seconds:250.0
Script duration 806.0
Run total estimated duration= 807.000
script duration name:unknown400_120 seconds:556.0
script duration name:sniffair_x2 seconds:250.0
Script duration 806.0
Run total estimated duration= 807.000
script duration name:unknown400_120 seconds:556.0
script duration name:co2 seconds:0.0
Script duration 556.0
Run total estimated duration= 557.000
nruns=97 before=5.0, run_dur=27869.0, btw=4320.0
write rem/ex queues
/Users/jan/PychronDev/experiments/rem/CurrentExperiment.rem.txt
/Users/jan/PychronDev/experiments/rem/CurrentExperiment.ex.txt
doing event level: 3
