do run
loading script "jan_unknown120_60.py"
loading script "jan_pump_ms.py"
loading script "jan_co2.py"
loading script "jan_pump_extraction_line.py"
testing...
no interpolation path defined
executed 213.652928
script duration name:unknown120_60 seconds:214.0
loading script "jan_unknown120_60.py"
loading script "jan_pump_ms.py"
loading script "jan_co2.py"
loading script "jan_pump_extraction_line.py"
testing...
no interpolation path defined
executed 0
loading script "jan_unknown120_60.py"
loading script "jan_pump_ms.py"
loading script "jan_co2.py"
loading script "jan_pump_extraction_line.py"
testing...
no interpolation path defined
calculate duration
testing...
no interpolation path defined
executed 0
calculate duration
testing...
no interpolation path defined
executed 0
executed 0.0
script duration name:co2 seconds:0.0
loading script "jan_unknown120_60.py"
loading script "jan_pump_ms.py"
loading script "jan_co2.py"
loading script "jan_pump_extraction_line.py"
testing...
no interpolation path defined
calculate duration
testing...
no interpolation path defined
executed 4.0
executed 4.0
Script duration 214.0
Run total estimated duration= 215.000
run duration: 0:03:35
doing event level: 2
04:00:11 -- Setting default integration. t=1.048576
setting integration time = 1.048576
SetIntegrationTime 1.048576 ===>> OK
----------------- start -----------------
**************** Experiment Type: Ar/Ar, Ar/Ar
create new session 5004766384
close session 5004766384
$$$$$ Clearing conditionals
adding conditionals 
Add queue conditionals
add default conditionals
adding default conditionals from /Users/jan/PychronDev/setupfiles/spectrometer/default_conditionals.yaml
Start automated run 65571-08A
loading script "jan_unknown120_60.py"
loading script "jan_pump_ms.py"
loading script "jan_co2.py"
loading script "jan_pump_extraction_line.py"
%%%%%%%%%%%%%%%%%% setting automated run 65571-08A
No value "sensitivity_multiplier" in metadata
$$$$$$$$$$$$$$$ auto_save_detector_ic=False
============================= Pre Extraction Check =============================
loading queue conditionals pre_run_terminations
loading system conditionals pre_run_terminations
loading conditionals from /Users/jan/PychronDev/setupfiles/spectrometer/default_conditionals.yaml
04:00:11 -- ******* Pre Extraction Check *******
Get a measurement from the spectrometer
GetData ===>> H2,-0.208067210431131,H1,0.0631075780036962,AX,-0.0700546914015978,L1,0.0236506672853875,L2,-0.00...
Pre Extraction Termination data. keys=H2,H1,AX,L1,L2,CDD, signals=-0.20807,0.06311,-0.07005,0.02365,-0.00565,0.00223
04:00:11 -- testing system defined conditionals
Checking default pre extraction terminations n=2
testing CDD
evaluate ot="CDD.inactive" t="CDD", ctx="{'CDD': False}"
GetDeflection CDD ===>> 50
testing CDD==2000
evaluate ot="CDD.deflection==2000" t="CDD==2000", ctx="{'CDD': 50.0}"
04:00:11 -- ******* Pre Extraction Check Passed *******
=================================================================================
04:00:11 -- stopping status monitor
stop 4976489392
Alive clients [4984697584]
04:00:11 -- starting status monitor
start 4976489392
Monitor already running
start extraction
do extraction
Analysis started at 04:00:11.607231
Extraction Started jan_co2.py
04:00:11 -- ******* Extraction Started jan_co2.py *******
state changed from not run to extraction
DO EXTRACTION <pychron.extraction_line.pyscript_runner.RemotePyScriptRunner object at 0x12988f3b0>
testing...
no interpolation path defined
calculate duration
testing...
no interpolation path defined
executed 0
calculate duration
testing...
no interpolation path defined
executed 0
executed 100.0
Jan CO2 laser analysis
doing GOSUB
testing...
no interpolation path defined
executed 0
Waiting for CO2 access
wait ('FelixCO2Flag', 0) {}
waiting for FelixCO2Flag = 0
Read FelixCO2Flag ===>> 0
finished waiting
CO2 free
wait ('CO2PumpTimeFlag', 0) {}
waiting for CO2PumpTimeFlag = 0
Read CO2PumpTimeFlag ===>> 0
finished waiting
acquire ('JanCO2Flag',) {'clear': True}
acquire JanCO2Flag
Set JanCO2Flag 1 ===>> OK
JanCO2Flag acquired
set extraction state False (0.75, 'red', 1.5)
CO2 acquired
executed 0
WaitForCO2Access.py completed successfully
gosub finished
doing GOSUB
testing...
no interpolation path defined
executed 0
Prepare for CO2 analysis
close () {'description': 'Jan Inlet'}
closing name=--- desc=Jan Inlet
checking ownership. requestor=129.138.12.150
check software interlocks R
interlocks []
actuate state mode=None-script, software_lock=False
doing actuation None-script close_channel False
Close R ===>> OK
GetIndicatorState R ===>> False
change switch state (True, True)
update switch state R False args=() kw={} ncanvase=2
04:00:12 -- CLOSE  VALVE-R (Jan Inlet)
---------------------------------------- close None (Jan Inlet) result=[(True, True)]
action=close, ok=True, locked=[False]
open () {'description': 'Jan Ion Pump'}
opening name=--- desc=Jan Ion Pump
checking ownership. requestor=129.138.12.150
check software interlocks O
interlocks []
actuate state mode=None-script, software_lock=False
doing actuation None-script open_channel False
Open O ===>> OK
GetIndicatorState O ===>> OK
change switch state (True, True)
update switch state O True args=() kw={} ncanvase=2
04:00:12 -- OPEN   VALVE-O (Jan Ion Pump)
---------------------------------------- open None (Jan Ion Pump) result=[(True, True)], time=0.10 sec
action=open, ok=True, locked=[False]
close () {'description': 'Microbone to Minibone'}
closing name=--- desc=Microbone to Minibone
checking ownership. requestor=129.138.12.150
check software interlocks L
interlocks []
actuate state mode=None-script, software_lock=False
doing actuation None-script close_channel False
Close L ===>> OK
GetIndicatorState L ===>> False
change switch state (True, True)
update switch state L False args=() kw={} ncanvase=2
04:00:13 -- CLOSE  VALVE-L (Microbone to Minibone)
---------------------------------------- close None (Microbone to Minibone) result=[(True, True)]
action=close, ok=True, locked=[False]
open () {'description': 'Microbone to Turbo'}
opening name=--- desc=Microbone to Turbo
checking ownership. requestor=129.138.12.150
check software interlocks U
interlocks []
actuate state mode=None-script, software_lock=False
doing actuation None-script open_channel False
Open U ===>> OK
GetIndicatorState U ===>> OK
change switch state (True, True)
update switch state U True args=() kw={} ncanvase=2
04:00:13 -- OPEN   VALVE-U (Microbone to Turbo)
---------------------------------------- open None (Microbone to Turbo) result=[(True, True)], time=0.12 sec
action=open, ok=True, locked=[False]
open () {'description': 'Microbone to Inlet Pipette'}
opening name=--- desc=Microbone to Inlet Pipette
checking ownership. requestor=129.138.12.150
check software interlocks S
interlocks []
actuate state mode=None-script, software_lock=False
doing actuation None-script open_channel False
Open S ===>> OK
GetIndicatorState S ===>> OK
change switch state (True, True)
update switch state S True args=() kw={} ncanvase=2
04:00:14 -- OPEN   VALVE-S (Microbone to Inlet Pipette)
---------------------------------------- open None (Microbone to Inlet Pipette) result=[(True, True)], time=0.41 sec
Get Checksum: 2035211824
action=open, ok=True, locked=[False]
open () {'description': 'Microbone to Getter D-50'}
opening name=--- desc=Microbone to Getter D-50
checking ownership. requestor=129.138.12.150
check software interlocks K
interlocks []
actuate state mode=None-script, software_lock=False
doing actuation None-script open_channel False
Open K ===>> OK
GetIndicatorState K ===>> OK
change switch state (True, True)
update switch state K True args=() kw={} ncanvase=2
04:00:14 -- OPEN   VALVE-K (Microbone to Getter D-50)
---------------------------------------- open None (Microbone to Getter D-50) result=[(True, True)], time=0.48 sec
action=open, ok=True, locked=[False]
open () {'description': 'Microbone to Getter NP-10'}
opening name=--- desc=Microbone to Getter NP-10
checking ownership. requestor=129.138.12.150
check software interlocks M
interlocks []
actuate state mode=None-script, software_lock=False
doing actuation None-script open_channel False
Open M ===>> OK
GetIndicatorState M ===>> OK
change switch state (True, True)
update switch state M True args=() kw={} ncanvase=2
04:00:15 -- OPEN   VALVE-M (Microbone to Getter NP-10)
---------------------------------------- open None (Microbone to Getter NP-10) result=[(True, True)], time=0.14 sec
action=open, ok=True, locked=[False]
close () {'description': 'CO2 Laser to Felix'}
closing name=--- desc=CO2 Laser to Felix
checking ownership. requestor=129.138.12.150
check software interlocks F
interlocks []
actuate state mode=None-script, software_lock=True
VALVE-F(CO2 Laser to Felix) software locked
change switch state (True, False)
---------------------------------------- close None (CO2 Laser to Felix) result=[(True, False)]
action=close, ok=True, locked=[True]
open () {'description': 'CO2 Laser to Jan'}
opening name=--- desc=CO2 Laser to Jan
checking ownership. requestor=129.138.12.150
check software interlocks A
interlocks []
actuate state mode=None-script, software_lock=False
doing actuation None-script open_channel False
Open A ===>> OK
GetIndicatorState A ===>> OK
change switch state (True, True)
update switch state A True args=() kw={} ncanvase=2
04:00:15 -- OPEN   VALVE-A (CO2 Laser to Jan)
---------------------------------------- open None (CO2 Laser to Jan) result=[(True, True)], time=0.12 sec
action=open, ok=True, locked=[False]
open () {'description': 'Microbone to CO2 Laser'}
opening name=--- desc=Microbone to CO2 Laser
checking ownership. requestor=129.138.12.150
check software interlocks T
interlocks []
actuate state mode=None-script, software_lock=False
doing actuation None-script open_channel False
Open T ===>> OK
GetIndicatorState T ===>> OK
change switch state (True, True)
update switch state T True args=() kw={} ncanvase=2
04:00:16 -- OPEN   VALVE-T (Microbone to CO2 Laser)
---------------------------------------- open None (Microbone to CO2 Laser) result=[(True, True)], time=0.41 sec
action=open, ok=True, locked=[False]
executed 0
PrepareForCO2Analysis.py completed successfully
gosub finished
set_motor ('beam', '1.25') {}
setting motor "beam" to 1.25
set motor beam to 1.25
SetMotor beam,1.25 ===>> OK
Get Checksum: 2035211824
GetMotorMoving beam ===>> False
GetMotorMoving beam ===>> False
Block completed
move_to_position ('191',) {'autocenter': True}
FusionsCO2 move to position 191
sending GoToHole 191,True
GoToHole 191,True ===>> OK
GetDriveMoving ===>> OK
GetDriveMoving ===>> OK
GetDriveMoving ===>> OK
GetDriveMoving ===>> OK
GetDriveMoving ===>> OK
GetDriveMoving ===>> OK
GetDriveMoving ===>> False
GetDriveMoving ===>> OK
Get Checksum: 2035211824
GetDriveMoving ===>> OK
GetDriveMoving ===>> OK
GetDriveMoving ===>> OK
GetDriveMoving ===>> OK
GetDriveMoving ===>> OK
GetDriveMoving ===>> OK
GetDriveMoving ===>> OK
GetDriveMoving ===>> OK
GetDriveMoving ===>> OK
GetDriveMoving ===>> OK
GetDriveMoving ===>> OK
GetDriveMoving ===>> OK
GetDriveMoving ===>> OK
GetDriveMoving ===>> OK
GetDriveMoving ===>> OK
GetDriveMoving ===>> OK
GetDriveMoving ===>> OK
GetDriveMoving ===>> OK
GetDriveMoving ===>> False
Block completed
Get Checksum: 2035211824
GetAutoCorrecting ===>> False
GetAutoCorrecting ===>> False
Block completed
update position
GetPosition ===>> 1.99390,-9.96950,1.00000
got position (1.9939, -9.9695, 1.0)
move to position succeeded
sleep (5,) {}
SLEEP 5.0
block started
WaitControl setup for 5.0  
Get Checksum: 2035211824
Join finished
block finished. duration 5.00989198685
close () {'description': 'Microbone to Turbo'}
closing name=--- desc=Microbone to Turbo
checking ownership. requestor=129.138.12.150
check software interlocks U
interlocks []
actuate state mode=None-script, software_lock=False
doing actuation None-script close_channel True
Close U ===>> OK
GetIndicatorState U ===>> False
change switch state (True, True)
update switch state U False args=() kw={} ncanvase=2
04:00:31 -- CLOSE  VALVE-U (Microbone to Turbo)
---------------------------------------- close None (Microbone to Turbo) result=[(True, True)]
Get Checksum: 1223320555
action=close, ok=True, locked=[False]
enable laser
enable () {}
set extraction state FusionsCO2 Enabled (False, 'red', 1.5)
enabling laser
Enable ===>> OK
begin interval
BEGIN INTERVAL Interval 1 waiting for 30.0
block started
WaitControl setup for 30.0  
set extract to 0.3
extract (0.3,) {}
GetPosition ===>> 1.99390,-9.96950,1.00000
set extraction state FusionsCO2 ON! 0.3(watts) (0.75, 'red', 1.5)
extract sample to 0.3 (watts)
set laser output
SetLaserOutput 0.3,watts ===>> OK
executing pattern triangle.lp
execute_pattern ('triangle.lp',) {}
executing pattern triangle.lp
IsPatterning ===>> OK
IsPatterning ===>> OK
Get Checksum: 1223320555
IsPatterning ===>> OK
IsPatterning ===>> OK
IsPatterning ===>> OK
Get Checksum: 1223320555
IsPatterning ===>> OK
IsPatterning ===>> OK
IsPatterning ===>> OK
Get Checksum: 1223320555
IsPatterning ===>> OK
IsPatterning ===>> OK
IsPatterning ===>> OK
Get Checksum: 1223320555
IsPatterning ===>> OK
IsPatterning ===>> OK
IsPatterning ===>> OK
Get Checksum: 1223320555
IsPatterning ===>> OK
IsPatterning ===>> OK
IsPatterning ===>> OK
Get Checksum: 1223320555
IsPatterning ===>> OK
IsPatterning ===>> OK
IsPatterning ===>> OK
Get Checksum: 1223320555
IsPatterning ===>> OK
IsPatterning ===>> OK
IsPatterning ===>> OK
Get Checksum: 1223320555
IsPatterning ===>> OK
IsPatterning ===>> OK
IsPatterning ===>> OK
Get Checksum: 1223320555
IsPatterning ===>> False
IsPatterning ===>> False
Block completed
COMPLETE INTERVAL waiting for Interval 1 to complete
Get Checksum: 1223320555
Join finished
block finished. duration 30.061344862
Interval 1 finished
end_extract () {}
ending extraction. set laser power to 0
set laser power 0
SetLaserPower 0 ===>> OK
disable () {}
%%%%%%%%%%%%%%%%%%%%%%%%%%%%%%%%%%% disable
set extraction state False (0.75, 'red', 1.5)
disabling laser
Disable ===>> OK
sleep (30.0,) {}
SLEEP 30.0
block started
WaitControl setup for 30.0  
Get Checksum: 1223320555
Get Checksum: 1223320555
Get Checksum: 1223320555
Get Checksum: 1223320555
Get Checksum: 1223320555
Get Checksum: 1223320555
Get Checksum: 1223320555
Get Checksum: 1223320555
Get Checksum: 1223320555
Get Checksum: 1223320555
Join finished
block finished. duration 30.0781428814
executed 166.5
jan_co2.py completed successfully
GetAchievedOutput ===>> No Response
Requested Output= 0.000
Achieved Output=  0.000
GetResponseBlob ===>> No Response
GetOutputBlob ===>> No Response
persistence save...
persistence save - db
AutomatedRunPersister post_extraction_save deprecated
persistence save - dvc
no extraction position for 191
create new session 4984345712
close session 4984345712
Extraction Finished
04:01:32 -- ******* Extraction Finished *******
no overlap. not waiting for min ms pumptime
04:01:32 -- Sending spectrometer configuration
======== Sending configuration ========
SetDeflection CDD,50.0 ===>> OK
SetDeflection H2,0.0 ===>> OK
SetDeflection H1,0.0 ===>> OK
SetDeflection L2,825.0 ===>> OK
SetDeflection L1,400.0 ===>> OK
SetDeflection AX,190.0 ===>> OK
SetZFocus 74.64 ===>> OK
SetZSymmetry -50.72 ===>> OK
SetExtractionLens 26.13 ===>> OK
SetIonRepeller -3.81 ===>> OK
SetElectronEnergy 75.08 ===>> OK
SetYSymmetry -2.81 ===>> OK
SetIonCounterVoltage 1590.0 ===>> OK
send trap current 200.0
GetParameter Trap Current Readback ===>> 198.147042666178
SetParameter Trap Current Set,200.0 ===>> OK
updating mftable name mftable
Using mftable located at /Users/jan/PychronDev/setupfiles/spectrometer/mftables/mftable.csv
============ MFtable ===========
Isotope  H2     H1     AX     L1     L2     CDD    
Ar40     5.7805 5.8789 5.9923 6.1205 6.2307 6.3487
Ar39     5.6798 5.7712 5.8847 6.0065 6.1159 6.2352
Ar36     5.3573 5.4402 5.5481 5.6654 5.7708 5.8863
================================
get initial guess parabolic
get initial guess parabolic
get initial guess parabolic
get initial guess parabolic
get initial guess parabolic
get initial guess parabolic
======== Configuration Finished ========
GetYSymmetry ===>> -2.81
GetZSymmetry ===>> -50.72
GetParameter Trap Current Readback ===>> 198.482695477019
GetHighVoltage ===>> 4500
start measurement
do measurement
L#=65571 analysis type=unknown
Measurement Started jan_unknown120_60.py
04:01:32 -- ******* Measurement Started jan_unknown120_60.py *******
state changed from extraction to measurement
setting spec, defl, and gains
GetExtractionLens ===>> 26.13
GetYSymmetry ===>> -2.81
GetZSymmetry ===>> -50.72
GetZFocus ===>> 74.64
GetDeflection H2 ===>> 0
GetDeflection H1 ===>> 0
GetDeflection AX ===>> 190
GetDeflection L1 ===>> 400
GetDeflection L2 ===>> 825
GetDeflection CDD ===>> 50
GetGain H2 ===>> 0.0113
GetGain H1 ===>> 0.1
GetGain AX ===>> 0.097049
GetGain L1 ===>> 0.010355
GetGain L2 ===>> 0.095649
GetGain CDD ===>> 0
pre measurement save
New frame /Users/jan/PychronDev/data/isotopes/10/fd34aa-cec4-4b9d-8a38-cb5cb2e54d24.h5
flush and close file /Users/jan/PychronDev/data/isotopes/10/fd34aa-cec4-4b9d-8a38-cb5cb2e54d24.h5
testing...
no interpolation path defined
executed 226.132928
unknown measurement script
activate_detectors ('H2', 'H1', 'AX', 'L1', 'L2', 'CDD') {}
activate detectors
*************** Set Analysis View Ar/Ar
create graphs
clearing graphs
clear isotope group
setting isotope det=H2, iso=PM41
setting isotope det=H1, iso=Ar40
setting isotope det=AX, iso=Ar39
setting isotope det=L1, iso=Ar38
setting isotope det=L2, iso=Ar37
setting isotope det=CDD, iso=Ar36
setting previous blanks
 - setting Ar40 blank 0.852+/-0.008
 - setting Ar36 blank 0.00689+/-0.00021
 - setting Ar37 blank 0.047+/-0.005
 - setting Ar38 blank 0.0200+/-0.0022
 - setting PM41 blank 0.03+/-0.06
 - setting Ar39 blank 0.025+/-0.008
load analysis view
position_magnet ('Ar40',) {'detector': 'H1'}
detector Detector(H1)
POSITION Ar40 H1
setting detector H2 to PM41 (40.9624)
setting detector H1 to Ar40 (39.9624)
setting detector AX to Ar39 (38.9624)
setting detector L1 to Ar38 (37.9624)
setting detector L2 to Ar37 (36.9624)
setting detector CDD to Ar36 (35.9624)
Mapping mass to dac mass func: "parabolic"
H1 map mass coeffs = [-0.00063987  0.15840543  0.57051999]
H1 map mass to dac 39.9624 >> 5.87891
GetDeflection H1 ===>> 0
GetHighVoltage ===>> 4500
positioning Ar40 (5.87891) on H1
setting magnet DAC
current  : 5.878910
requested: 5.878910
Delta Dac: 0.000000
Checking detector protection. dv=0.00000
Checking detector "CDD". Protection Threshold: 0.1 (V)
SetMagnetDAC 5.87891 ===>> OK
Magnet settling time: 0.500
equilibrate () {'delay': 3, 'inlet': 'R', 'outlet': 'O', 'eqtime': 12.0}
Equilibration Started
04:01:34 -- ******* Equilibration Started *******
checking ownership. requestor=129.138.12.150
check software interlocks O
interlocks []
actuate state mode=None-script, software_lock=False
doing actuation None-script close_channel True
Close O ===>> OK
GetIndicatorState O ===>> False
change switch state (True, True)
update switch state O False args=() kw={} ncanvase=2
04:01:34 -- CLOSE  VALVE-O (Jan Ion Pump)
waiting 3s before opening inlet value ('R',)
Get Checksum: 1281862853
checking ownership. requestor=129.138.12.150
check software interlocks R
interlocks []
actuate state mode=None-script, software_lock=False
doing actuation None-script open_channel True
Open R ===>> OK
GetIndicatorState R ===>> OK
change switch state (True, True)
update switch state R True args=() kw={} ncanvase=2
04:01:37 -- OPEN   VALVE-R (Jan Inlet)
set_time_zero () {}
equilibrating for 12.0sec
sniff (12.0,) {}
py_sniff
build tables- sniff [Detector(H2), Detector(H1), Detector(AX), Detector(L1), Detector(L2), Detector(CDD)]
add group /sniff/PM41 (Group) '' table H2
add group /sniff/Ar40 (Group) '' table H1
add group /sniff/Ar39 (Group) '' table AX
add group /sniff/Ar38 (Group) '' table L1
add group /sniff/Ar37 (Group) '' table L2
add group /sniff/Ar36 (Group) '' table CDD
flush and close file /Users/jan/PychronDev/data/isotopes/10/fd34aa-cec4-4b9d-8a38-cb5cb2e54d24.h5
measuring sniff. ncounts=12.0
Get Checksum: 594863745
starting measurement
GetData ===>> H2,-0.101313089319113,H1,0.889241332463997,AX,0.431292196300575,L1,0.0119987219130277,L2,0.081222...
GetData ===>> H2,0.982102291040055,H1,18.3623257243781,AX,5.12146818014424,L1,0.191854448018763,L2,0.3772181058...
GetData ===>> H2,0.663966684444576,H1,30.8042017820273,AX,6.82029695362227,L1,0.210878049928504,L2,0.0931322920...
Get Checksum: 594863745
GetData ===>> H2,0.196467117304219,H1,34.7042275491703,AX,7.25753500371466,L1,0.199628856457966,L2,0.1188379535...
GetData ===>> H2,0.0181168663099249,H1,36.0332944397649,AX,7.37789907457049,L1,0.187930726628914,L2,0.151142260...
GetData ===>> H2,-0.0474635227803996,H1,36.6272442858367,AX,7.49311640462431,L1,0.164417482508689,L2,-0.0573015...
Get Checksum: 594863745
GetData ===>> H2,-0.081247202395452,H1,36.8506832907279,AX,7.56123501526245,L1,0.205044684402566,L2,-0.01793820...
GetData ===>> H2,-0.0870739906431128,H1,37.0279607668051,AX,7.46683284749455,L1,0.111154242517495,L2,0.06544483...
GetData ===>> H2,-0.0843817408406872,H1,37.0939342810161,AX,7.54145119572413,L1,0.0944002582650775,L2,0.0545418...
Get Checksum: 594863745
GetData ===>> H2,-0.0544879116424462,H1,37.1775642094693,AX,7.56942920439165,L1,0.0852448047863483,L2,0.0353164...
GetData ===>> H2,-0.109308894664262,H1,37.1809587223471,AX,7.3918170798286,L1,0.0994587102900164,L2,0.039250128...
Equilibration Finished
04:01:49 -- ******* Equilibration Finished *******
checking ownership. requestor=129.138.12.150
GetData ===>> H2,-0.150544352717878,H1,37.0801406528063,AX,7.55031849488231,L1,0.117356768679793,L2,0.142942570...
check software interlocks R
interlocks []
actuate state mode=None-script, software_lock=False
doing actuation None-script close_channel True
Close R ===>> OK
Get Checksum: 1281862853
State checksums do not match. Local:594863745 Remote:1281862853
State checksum failed
GetIndicatorState R ===>> False
change switch state (True, True)
update switch state R False args=() kw={} ncanvase=2
04:01:50 -- CLOSE  VALVE-R (Jan Inlet)
Post Equilibration Started jan_pump_extraction_line.py
04:01:50 -- ******* Post Equilibration Started jan_pump_extraction_line.py *******
testing...
no interpolation path defined
calculate duration
testing...
no interpolation path defined
executed 4.0
executed 4.0
Pump after analysis
doing GOSUB
testing...
no interpolation path defined
executed 4.0
Pump Microbone
close () {'description': 'Jan Inlet'}
closing name=--- desc=Jan Inlet
checking ownership. requestor=129.138.12.150
check software interlocks R
interlocks []
actuate state mode=None-script, software_lock=False
doing actuation None-script close_channel False
Close R ===>> OK
measurement finished
estimated time: 12.583 actual time: :12.664
flush and close file /Users/jan/PychronDev/data/isotopes/10/fd34aa-cec4-4b9d-8a38-cb5cb2e54d24.h5
set_fits () {}
using default fits file=/Users/jan/PychronDev/scripts/measurement/fits/nominal_linear.yaml
set "Ar40" to "('Linear', 'SEM')"
No fit for "PM41". defaulting to linear. check the measurement script "jan_unknown120_60.py"
set "PM41" to "linear"
set "Ar36" to "('Linear', 'SEM')"
set "Ar37" to "('linear', 'SEM')"
set "Ar38" to "('linear', 'SEM')"
set "Ar39" to "('Linear', 'SEM')"
set_baseline_fits () {}
using default fits file=/Users/jan/PychronDev/scripts/measurement/fits/nominal_linear.yaml
set "H1" to "('average', 'SEM')"
set "H2" to "('average', 'SEM')"
set "CDD" to "('average', 'SEM')"
set "L2" to "('average', 'SEM')"
set "L1" to "('average', 'SEM')"
set "AX" to "('average', 'SEM')"
multicollect () {'integration_time': 1, 'ncounts': 120}
build tables- signal [Detector(H2), Detector(H1), Detector(AX), Detector(L1), Detector(L2), Detector(CDD)]
add group /signal/PM41 (Group) '' table H2
add group /signal/Ar40 (Group) '' table H1
add group /signal/Ar39 (Group) '' table AX
add group /signal/Ar38 (Group) '' table L1
GetIndicatorState R ===>> False
add group /signal/Ar37 (Group) '' table L2
change switch state (True, True)
update switch state R False args=() kw={} ncanvase=2
add group /signal/Ar36 (Group) '' table CDD
flush and close file /Users/jan/PychronDev/data/isotopes/10/fd34aa-cec4-4b9d-8a38-cb5cb2e54d24.h5
measuring signal. ncounts=120
04:01:50 -- CLOSE  VALVE-R (Jan Inlet)
---------------------------------------- close None (Jan Inlet) result=[(True, True)]
action=close, ok=True, locked=[False]
is_closed ('F',) {}
is F () closed?
is closed True
open () {'description': 'CO2 Laser to Jan'}
opening name=--- desc=CO2 Laser to Jan
checking ownership. requestor=129.138.12.150
check software interlocks A
interlocks []
actuate state mode=None-script, software_lock=False
doing actuation None-script open_channel False
Open A ===>> OK
GetIndicatorState A ===>> OK
change switch state (True, True)
update switch state A True args=() kw={} ncanvase=2
04:01:51 -- OPEN   VALVE-A (CO2 Laser to Jan)
---------------------------------------- open None (CO2 Laser to Jan) result=[(True, True)], time=0.12 sec
starting measurement
GetData ===>> H2,-0.0288018115824753,H1,37.0614563674167,AX,7.46260740710368,L1,0.0989111419520835,L2,0.0587044...
action=open, ok=True, locked=[False]
sleep (1,) {}
SLEEP 1.0
GetData ===>> H2,0.0410389532426138,H1,37.1363993256405,AX,7.62432328960744,L1,0.121978550918587,L2,0.185328507...
close () {'description': 'CO2 Laser to Roughing'}
closing name=--- desc=CO2 Laser to Roughing
checking ownership. requestor=129.138.12.150
check software interlocks G
interlocks []
actuate state mode=None-script, software_lock=True
VALVE-G(CO2 Laser to Roughing) software locked
change switch state (True, False)
---------------------------------------- close None (CO2 Laser to Roughing) result=[(True, False)]
action=close, ok=True, locked=[True]
open () {'description': 'Microbone to Turbo'}
opening name=--- desc=Microbone to Turbo
checking ownership. requestor=129.138.12.150
check software interlocks U
interlocks []
actuate state mode=None-script, software_lock=False
doing actuation None-script open_channel True
Open U ===>> OK
GetIndicatorState U ===>> OK
change switch state (True, True)
update switch state U True args=() kw={} ncanvase=2
04:01:52 -- OPEN   VALVE-U (Microbone to Turbo)
---------------------------------------- open None (Microbone to Turbo) result=[(True, True)], time=0.16 sec
action=open, ok=True, locked=[False]
open () {'description': 'Microbone to Getter NP-10'}
opening name=--- desc=Microbone to Getter NP-10
checking ownership. requestor=129.138.12.150
check software interlocks M
interlocks []
actuate state mode=None-script, software_lock=False
doing actuation None-script open_channel False
Open M ===>> OK
GetIndicatorState M ===>> OK
change switch state (True, True)
update switch state M True args=() kw={} ncanvase=2
04:01:53 -- OPEN   VALVE-M (Microbone to Getter NP-10)
---------------------------------------- open None (Microbone to Getter NP-10) result=[(True, True)], time=0.16 sec
action=open, ok=True, locked=[False]
open () {'description': 'Microbone to Getter D-50'}
opening name=--- desc=Microbone to Getter D-50
checking ownership. requestor=129.138.12.150
check software interlocks K
interlocks []
actuate state mode=None-script, software_lock=False
doing actuation None-script open_channel False
GetData ===>> H2,0.0185185129249292,H1,37.1538336188947,AX,7.53004292073908,L1,0.150003807129467,L2,0.134424304...
Open K ===>> OK
Get Checksum: 799532470
GetIndicatorState K ===>> OK
change switch state (True, True)
update switch state K True args=() kw={} ncanvase=2
04:01:53 -- OPEN   VALVE-K (Microbone to Getter D-50)
---------------------------------------- open None (Microbone to Getter D-50) result=[(True, True)], time=0.42 sec
action=open, ok=True, locked=[False]
open () {'description': 'Microbone to CO2 Laser'}
opening name=--- desc=Microbone to CO2 Laser
checking ownership. requestor=129.138.12.150
check software interlocks T
interlocks []
actuate state mode=None-script, software_lock=False
doing actuation None-script open_channel False
Open T ===>> OK
GetIndicatorState T ===>> OK
change switch state (True, True)
update switch state T True args=() kw={} ncanvase=2
04:01:54 -- OPEN   VALVE-T (Microbone to CO2 Laser)
---------------------------------------- open None (Microbone to CO2 Laser) result=[(True, True)], time=0.40 sec
GetData ===>> H2,-0.135353236522877,H1,37.1957684204279,AX,7.43948512058882,L1,0.0954913194646181,L2,0.05565947...
action=open, ok=True, locked=[False]
open () {'description': 'Microbone to Inlet Pipette'}
opening name=--- desc=Microbone to Inlet Pipette
checking ownership. requestor=129.138.12.150
check software interlocks S
interlocks []
actuate state mode=None-script, software_lock=False
doing actuation None-script open_channel False
Open S ===>> OK
GetIndicatorState S ===>> OK
change switch state (True, True)
update switch state S True args=() kw={} ncanvase=2
04:01:55 -- OPEN   VALVE-S (Microbone to Inlet Pipette)
---------------------------------------- open None (Microbone to Inlet Pipette) result=[(True, True)], time=0.41 sec
action=open, ok=True, locked=[False]
sleep (1,) {}
SLEEP 1.0
GetData ===>> H2,-0.0978904793571614,H1,37.0932841354787,AX,7.4415209670785,L1,0.0980006038191634,L2,0.04161043...
set_resource () {'name': 'CO2PumpTimeFlag', 'value': 30}
Set CO2PumpTimeFlag 30 ===>> OK
release ('JanCO2Flag',) {}
release JanCO2Flag
Set JanCO2Flag 0 ===>> OK
executed 6.0
PumpMicrobone.py completed successfully
gosub finished
get_resource_value () {'name': 'JanMiniboneFlag'}
Read JanMiniboneFlag ===>> 0
Get Resource Value JanMiniboneFlag=0.0
get resource value 0.0
get_resource_value () {'name': 'JanMiniboneFlag'}
Read JanMiniboneFlag ===>> 0
Get Resource Value JanMiniboneFlag=0.0
executed 4.0
jan_pump_extraction_line.py completed successfully
Post Equilibration Finished
04:01:56 -- ******* Post Equilibration Finished *******
GetData ===>> H2,-0.0870794070021555,H1,37.0636482623632,AX,7.44197873702552,L1,0.0856181870954709,L2,0.0072035...
Get Checksum: 799532470
GetData ===>> H2,-0.171696698234535,H1,37.0838008957821,AX,7.52105694941926,L1,0.11138465754602,L2,0.0661633841...
GetData ===>> H2,-0.124118846688515,H1,37.14847438668,AX,7.36965271827344,L1,0.112947033864987,L2,0.03896507069...
Get Checksum: 799532470
GetData ===>> H2,-0.192640829743404,H1,37.1980176192948,AX,7.4419907836311,L1,0.123172974897961,L2,0.0666880398...
GetData ===>> H2,-0.158591663242849,H1,37.1756972687674,AX,7.49749966902825,L1,0.106053883022264,L2,0.066300250...
GetData ===>> H2,-0.236145514961164,H1,37.1764751571576,AX,7.39512830630582,L1,0.108849174495833,L2,0.123398437...
Get Checksum: 799532470
GetData ===>> H2,-0.195388056165256,H1,37.22727523298,AX,7.44435194604312,L1,0.0828289237171769,L2,-0.002404871...
GetData ===>> H2,-0.224195518469657,H1,37.1330060870198,AX,7.41437168998629,L1,0.125764410607699,L2,0.046285617...
GetData ===>> H2,-0.224195518469657,H1,37.1330060870198,AX,7.41437168998629,L1,0.125764410607699,L2,0.046285617...
GetData ===>> H2,-0.180235787033228,H1,37.1819205186461,AX,7.53131981256925,L1,0.0795822993505225,L2,-0.0209807...
GetData ===>> H2,-0.229247340765851,H1,37.1534801000793,AX,7.45542364230166,L1,0.0593799343879677,L2,0.08809456...
Get Checksum: 799532470
GetData ===>> H2,-0.0529438947803624,H1,37.121597033766,AX,7.41033726024709,L1,0.0859903786650025,L2,0.01346156...
GetData ===>> H2,-0.0529438947803624,H1,37.121597033766,AX,7.41033726024709,L1,0.0859903786650025,L2,0.01346156...
GetData ===>> H2,-0.255497256507684,H1,37.1941275223573,AX,7.36729330075892,L1,0.0422248135431582,L2,0.02669699...
Get Checksum: 799532470
GetData ===>> H2,-0.230357846380553,H1,37.2181915849196,AX,7.56539227823666,L1,0.0207715605447544,L2,0.00824084...
GetData ===>> H2,-0.0503818302133935,H1,37.2070148409775,AX,7.38683238352557,L1,0.0532681563110046,L2,0.1265909...
GetData ===>> H2,-0.058113764136133,H1,37.2467041217386,AX,7.51160206444912,L1,0.0842331284576603,L2,0.06998431...
Get Checksum: 799532470
GetData ===>> H2,-0.141644572873912,H1,37.1680742323371,AX,7.4886972068272,L1,0.0749624176488438,L2,0.066722256...
GetData ===>> H2,-0.122187679790595,H1,37.3040818035729,AX,7.50471320194773,L1,0.0846329693871074,L2,0.06008443...
04:02:16 -- collecting point 25
GetData ===>> H2,-0.122187679790595,H1,37.3040818035729,AX,7.50471320194773,L1,0.0846329693871074,L2,0.06008443...
Get Checksum: 799532470
GetData ===>> H2,-0.271735933044084,H1,37.0831649381247,AX,7.46483446905394,L1,0.0660177778027226,L2,0.09713303...
GetData ===>> H2,-0.137926157793099,H1,37.1569729121717,AX,7.38488191713238,L1,0.0808487685803721,L2,-0.0336057...
GetData ===>> H2,-0.0854719892203145,H1,37.1162533934765,AX,7.40067936940659,L1,0.0599276359227003,L2,0.1531039...
Get Checksum: 799532470
GetData ===>> H2,-0.198882477130626,H1,37.162445662529,AX,7.36979717419711,L1,0.0750226372043766,L2,0.133797152...
GetData ===>> H2,-0.198882477130626,H1,37.162445662529,AX,7.36979717419711,L1,0.0750226372043766,L2,0.133797152...
Get Checksum: 799532470
GetData ===>> H2,-0.150186496984127,H1,37.224275571396,AX,7.37291506489151,L1,0.0974302024639615,L2,0.046889986...
GetData ===>> H2,-0.259345300780209,H1,37.2773888136548,AX,7.35555722120316,L1,0.0962882904527628,L2,0.00418302...
GetData ===>> H2,-0.191844175892445,H1,37.4839632418987,AX,7.37877792303346,L1,0.0982960674789209,L2,-0.0261654...
Get Checksum: 799532470
GetData ===>> H2,-0.254050708452838,H1,37.3185129453904,AX,7.31265690350872,L1,0.0918761985995985,L2,0.11578255...
GetData ===>> H2,-0.199727935168532,H1,37.2223795979803,AX,7.4531947484847,L1,0.0983394832742465,L2,0.034871738...
GetData ===>> H2,-0.135180155186659,H1,37.3472672710602,AX,7.46526784897505,L1,0.0724166630557268,L2,0.06368841...
Get Checksum: 799532470
GetData ===>> H2,-0.0817850389785058,H1,37.2942215318604,AX,7.46174067193444,L1,0.101970185154151,L2,0.06116789...
GetData ===>> H2,-0.136870289603935,H1,37.2303740195866,AX,7.40555636847974,L1,0.0809319200642955,L2,-0.1048919...
GetData ===>> H2,-0.188431814024378,H1,37.3684553992812,AX,7.3688943280629,L1,0.0315744848814464,L2,0.097007648...
Get Checksum: 799532470
GetData ===>> H2,-0.199347689132154,H1,37.3029358762921,AX,7.47021573478712,L1,0.0659203091942722,L2,0.02303740...
GetData ===>> H2,-0.18205868857788,H1,37.3079582321478,AX,7.30618432830245,L1,0.0787449020742143,L2,-0.04129613...
GetData ===>> H2,-0.188488447942549,H1,37.3342335669496,AX,7.34412337809705,L1,0.107927776590747,L2,0.006770438...
Get Checksum: 799532470
GetData ===>> H2,-0.191904836787619,H1,37.2220400238495,AX,7.44808655024085,L1,0.0583002669201041,L2,0.13978376...
GetData ===>> H2,-0.117271729395055,H1,37.2491665677295,AX,7.36616176293016,L1,0.0570065030902058,L2,0.03647940...
GetData ===>> H2,-0.117271729395055,H1,37.2491665677295,AX,7.36616176293016,L1,0.0570065030902058,L2,0.03647940...
Get Checksum: 799532470
GetData ===>> H2,-0.24568774839685,H1,37.3689225148272,AX,7.34011582151478,L1,0.089073229548229,L2,0.0460119418...
GetData ===>> H2,-0.219753111709488,H1,37.269355214597,AX,7.37770645127126,L1,0.119266559924853,L2,0.0337315654...
GetData ===>> H2,-0.170566061861792,H1,37.2848854438597,AX,7.40306365065427,L1,0.128947538950267,L2,0.031291641...
Get Checksum: 799532470
GetData ===>> H2,-0.0927207634426873,H1,37.3665303364154,AX,7.4074229365843,L1,0.0751346465319452,L2,0.12664791...
04:02:42 -- collecting point 50
GetData ===>> H2,-0.14035793102117,H1,37.2987342375345,AX,7.3928887012479,L1,0.0674305765548,L2,0.0400825010768...
GetData ===>> H2,-0.191081168867905,H1,37.2180076553005,AX,7.42123661230568,L1,0.068915792651516,L2,0.040743843...
Get Checksum: 799532470
GetData ===>> H2,-0.246252826663108,H1,37.290883088811,AX,7.33149951156716,L1,0.0397352436952402,L2,0.073622889...
GetData ===>> H2,-0.122671854731637,H1,37.2360341125971,AX,7.40632707629195,L1,0.0627737545260929,L2,0.03045934...
GetData ===>> H2,-0.229628290142876,H1,37.2958624958997,AX,7.32400295715889,L1,0.0784183961762164,L2,0.07884042...
Get Checksum: 799532470
GetData ===>> H2,-0.159912572917124,H1,37.2736265323413,AX,7.31779435420307,L1,0.0614517266047462,L2,0.09119467...
GetData ===>> H2,-0.0588366262054055,H1,37.2576156930875,AX,7.38182385426693,L1,0.0520171359600441,L2,-0.008513...
Get Checksum: 799532470
GetData ===>> H2,-0.187296379020005,H1,37.3149332927468,AX,7.44223171604378,L1,0.0504872525495183,L2,0.08008261...
GetData ===>> H2,-0.149034529943683,H1,37.2927644879699,AX,7.36998978241668,L1,0.0724022140556308,L2,0.15113085...
GetData ===>> H2,-0.0357360305437465,H1,37.235963359769,AX,7.34068144298717,L1,0.111085480933173,L2,0.104302862...
Get Checksum: 799532470
GetData ===>> H2,-0.252587839347142,H1,37.3217955675545,AX,7.29841297378237,L1,0.0444815920513506,L2,0.05657181...
GetData ===>> H2,-0.272190073481314,H1,37.2598660640527,AX,7.23276867253802,L1,0.0521987648728148,L2,0.02886318...
GetData ===>> H2,-0.22208633382305,H1,37.2554078234047,AX,7.38727786569998,L1,0.0675521297993688,L2,0.122531928...
Get Checksum: 799532470
GetData ===>> H2,-0.247959998472384,H1,37.2983805710218,AX,7.33211321882994,L1,0.0790087650982796,L2,0.05357251...
GetData ===>> H2,-0.215401281850867,H1,37.3141126761185,AX,7.27802503335287,L1,0.0925041412260718,L2,0.03286504...
GetData ===>> H2,-0.273397890548437,H1,37.3549523075903,AX,7.30561889998436,L1,0.106471077700667,L2,0.002746870...
Get Checksum: 799532470
GetData ===>> H2,-0.213278998441325,H1,37.2939669015418,AX,7.34087399570046,L1,0.0932852067913136,L2,0.05594457...
GetData ===>> H2,-0.252629522984604,H1,37.2533981315684,AX,7.32393076190817,L1,0.0993706631617844,L2,0.11424348...
GetData ===>> H2,-0.194855259777698,H1,37.2327229254286,AX,7.41449212320075,L1,0.0877648005644391,L2,0.14939734...
Get Checksum: 799532470
GetData ===>> H2,-0.156936932384307,H1,37.3635437197475,AX,7.28953559466918,L1,0.0617250278436271,L2,0.04067542...
GetData ===>> H2,-0.0633111108027464,H1,37.347819218436,AX,7.18596029606501,L1,0.0517044050912463,L2,0.02372143...
GetData ===>> H2,-0.125114053716189,H1,37.3178337935122,AX,7.28388238597255,L1,0.086815512378562,L2,0.039694819...
Get Checksum: 799532470
GetData ===>> H2,-0.118140359766248,H1,37.377670654379,AX,7.38154694763284,L1,0.110046875901287,L2,0.1274118425...
GetData ===>> H2,-0.118019946127839,H1,37.2990030247886,AX,7.32715553343468,L1,0.0662115144954809,L2,0.04777944...
GetData ===>> H2,-0.242460878765487,H1,37.150736829864,AX,7.50851887914288,L1,0.0814175865954054,L2,0.070075559...
Get Checksum: 799532470
04:03:09 -- collecting point 75
GetData ===>> H2,-0.238701314367053,H1,37.2726930524288,AX,7.3975004152602,L1,0.065994914711389,L2,0.0718206923...
GetData ===>> H2,-0.210688895922749,H1,37.3654404249485,AX,7.40543594591511,L1,0.0576876641310499,L2,0.07872646...
Get Checksum: 799532470
GetData ===>> H2,-0.158174288609286,H1,37.2653527615949,AX,7.33886424483389,L1,0.0790196089315241,L2,-0.0571079...
GetData ===>> H2,-0.133236865513097,H1,37.2548134039666,AX,7.29818441358452,L1,0.0911398318554248,L2,0.08447029...
GetData ===>> H2,-0.0620082681731648,H1,37.279807486022,AX,7.43130600872505,L1,0.118894713932462,L2,-0.00526556...
Get Checksum: 799532470
GetData ===>> H2,-0.164268592754654,H1,37.3747970035021,AX,7.38151082943216,L1,0.121262447137621,L2,0.019822550...
GetData ===>> H2,-0.25850537513,H1,37.298012758966,AX,7.37376979304512,L1,0.119645663721983,L2,0.08440191760762...
GetData ===>> H2,-0.272482970925608,H1,37.3555325975738,AX,7.3466387125406,L1,0.0913844780356089,L2,0.015616042...
Get Checksum: 799532470
GetData ===>> H2,-0.15285648211614,H1,37.389534047548,AX,7.30642493705755,L1,0.0961411897219436,L2,0.0299576902...
GetData ===>> H2,-0.183495484059542,H1,37.3287714409303,AX,7.28336519331864,L1,0.0784834555507873,L2,0.01667620...
GetData ===>> H2,-0.269221706449653,H1,37.3437999680074,AX,7.23980804663603,L1,0.0867613044481268,L2,0.10496401...
Get Checksum: 799532470
GetData ===>> H2,-0.198870340909339,H1,37.3798365554165,AX,7.30425947889788,L1,0.107819240473428,L2,0.085211096...
GetData ===>> H2,-0.164468394786531,H1,37.31541434651,AX,7.2294356700406,L1,0.0456225135249873,L2,0.10890825214...
GetData ===>> H2,-0.070204417280882,H1,37.369729355097,AX,7.2580043951799,L1,0.0176986969629445,L2,0.0645438131...
Get Checksum: 799532470
GetData ===>> H2,-0.0738246281816322,H1,37.3214135335856,AX,7.4007275361477,L1,0.0709875161624637,L2,0.03044794...
GetData ===>> H2,-0.163149366231918,H1,37.3749810283221,AX,7.34093416849861,L1,0.0923076789785536,L2,0.07618515...
GetData ===>> H2,-0.154960394372646,H1,37.2966264006878,AX,7.28163321860303,L1,0.11582991904607,L2,0.0122988448...
Get Checksum: 799532470
GetData ===>> H2,-0.0714139941595424,H1,37.2993708399116,AX,7.23504287819109,L1,0.0903227805949257,L2,-0.010109...
GetData ===>> H2,-0.103704784203175,H1,37.4633943280854,AX,7.32075422196286,L1,0.0379592448934997,L2,0.08898355...
GetData ===>> H2,-0.178643375297666,H1,37.3592833207251,AX,7.37765829550382,L1,0.0296233239665796,L2,0.13567861...
Get Checksum: 799532470
GetData ===>> H2,-0.20920972569636,H1,37.4515600890335,AX,7.24176953232394,L1,0.0483648030127479,L2,0.132542861...
GetData ===>> H2,-0.246347003624478,H1,37.4225822504179,AX,7.23447733020056,L1,0.0815043582582643,L2,0.14816565...
GetData ===>> H2,-0.213973901595878,H1,37.3407573160611,AX,7.25714986362944,L1,0.0838137222289996,L2,0.06528516...
Get Checksum: 799532470
GetData ===>> H2,-0.200458726771021,H1,37.3270451217389,AX,7.35938483886417,L1,0.0861638318425858,L2,0.13561020...
GetData ===>> H2,-0.169899500194185,H1,37.3953529228334,AX,7.2078760883299,L1,0.127689619034819,L2,0.0012651464...
Get Checksum: 799532470
04:03:35 -- collecting point 100
GetData ===>> H2,-0.113325524989362,H1,37.4810751685461,AX,7.27948031922372,L1,0.0939518119798044,L2,0.00031913...
GetData ===>> H2,-0.145702214946539,H1,37.3530274635536,AX,7.30398278481189,L1,0.0800859760094665,L2,-0.0231458...
GetData ===>> H2,-0.118912870821231,H1,37.3366392461739,AX,7.39913804581452,L1,0.0769751495755569,L2,0.04153061...
Get Checksum: 799532470
GetData ===>> H2,-0.0417012964985216,H1,37.3798507117624,AX,7.33371368864563,L1,0.0969080661979422,L2,0.0958906...
GetData ===>> H2,-0.119152325047546,H1,37.3769345401422,AX,7.27628112336437,L1,0.10234177230288,L2,0.0991847553...
GetData ===>> H2,-0.1896480325356,H1,37.4359938905522,AX,7.26590012739991,L1,0.081864709659026,L2,0.09520672789...
Get Checksum: 799532470
GetData ===>> H2,-0.147995903645067,H1,37.2631921621411,AX,7.20960838459131,L1,0.101615501056167,L2,0.034552488...
GetData ===>> H2,-0.198831235218856,H1,37.2905860285108,AX,7.24846053094513,L1,0.0761090596057799,L2,-0.0005014...
GetData ===>> H2,-0.129581944621355,H1,37.471632791133,AX,7.21848686953942,L1,0.0795847092269468,L2,0.090693177...
Get Checksum: 799532470
GetData ===>> H2,-0.111066260611464,H1,37.3084251098206,AX,7.33208915180827,L1,0.0845595034524882,L2,0.05564806...
GetData ===>> H2,-0.150840081573802,H1,37.3139145970922,AX,7.36795537664242,L1,0.117720108304288,L2,0.040367561...
GetData ===>> H2,-0.21966823369677,H1,37.2965981078303,AX,7.18360300801058,L1,0.0898745150199537,L2,0.127491656...
GetData ===>> H2,-0.22884618584146,H1,37.3107595257171,AX,7.30943259486331,L1,0.118011030821113,L2,0.0949445714...
GetData ===>> H2,-0.0355676819416111,H1,37.3258282232893,AX,7.26756119845568,L1,0.0746384425973235,L2,0.0111133...
Get Checksum: 799532470
GetData ===>> H2,-0.050239325590278,H1,37.3443802035071,AX,7.2429007131748,L1,0.0975218504079649,L2,0.086373590...
GetData ===>> H2,-0.15762316845942,H1,37.3686960343331,AX,7.32740822510577,L1,0.129424430405038,L2,0.1324972513...
GetData ===>> H2,-0.186125763840845,H1,37.3822431584424,AX,7.26604456727653,L1,0.108776810369644,L2,0.046160182...
Get Checksum: 799532470
GetData ===>> H2,-0.130667221098682,H1,37.3120045662922,AX,7.15129206309188,L1,0.0987869180163456,L2,0.02532891...
GetData ===>> H2,-0.190982756089414,H1,37.2614937174329,AX,7.27951640095801,L1,0.0620320490678058,L2,0.14046797...
GetData ===>> H2,-0.248095861576305,H1,37.2848430087719,AX,7.34023616624363,L1,0.0992114566008545,L2,0.03226076...
Get Checksum: 799532470
GetData ===>> H2,-0.25352904526624,H1,37.326946071399,AX,7.14802186289967,L1,0.0955841555173235,L2,0.0673837832...
measurement finished
estimated time: 125.829 actual time: :126.225
flush and close file /Users/jan/PychronDev/data/isotopes/10/fd34aa-cec4-4b9d-8a38-cb5cb2e54d24.h5
baselines () {'settling_time': 15.0, 'detector': 'H1', 'mass': 34.2, 'ncounts': 60}
%%%%%%%%%%%%%%%%%%%%%%%%%%%%%%%% Baseline
build tables- baseline [Detector(H2), Detector(H1), Detector(AX), Detector(L1), Detector(L2), Detector(CDD)]
add group baseline table H2
add group baseline table H1
add group baseline table AX
add group baseline table L1
add group baseline table L2
add group baseline table CDD
flush and close file /Users/jan/PychronDev/data/isotopes/10/fd34aa-cec4-4b9d-8a38-cb5cb2e54d24.h5
detector Detector(H1)
POSITION 34.2 H1
Mapping mass to dac mass func: "parabolic"
H1 map mass coeffs = [-0.00063987  0.15840543  0.57051999]
H1 map mass to dac 34.2 >> 5.23956599104
GetDeflection H1 ===>> 0
GetHighVoltage ===>> 4500
positioning 34.2 (5.23956599104) on H1
setting magnet DAC
current  : 5.878910
requested: 5.239566
Delta Dac: 0.639344
Checking detector protection. dv=0.63934
Checking detector "CDD". Protection Threshold: 0.1 (V)
ProtectDetector CDD,On ===>> OK
GetDeflection CDD ===>> 2000
SetMagnetDAC 5.23956599104 ===>> OK
Magnet settling time: 0.500
GetMagnetMoving ===>> True
GetMagnetMoving ===>> True
Get Checksum: 799532470
GetMagnetMoving ===>> True
GetMagnetMoving ===>> True
GetMagnetMoving ===>> True
GetMagnetMoving ===>> True
GetMagnetMoving ===>> True
GetMagnetMoving ===>> True
GetMagnetMoving ===>> False
ProtectDetector CDD,Off ===>> OK
GetDeflection CDD ===>> 50
Delaying 15.0s for detectors to settle
Get Checksum: 799532470
Get Checksum: 799532470
Get Checksum: 799532470
Get Checksum: 799532470
Get Checksum: 799532470
Join finished
measuring baseline. ncounts=60
starting measurement
GetData ===>> H2,-0.241938679727102,H1,-0.0256815309999102,AX,-0.0229548325705684,L1,-0.0355507655677281,L2,-0....
Get Checksum: 799532470
GetData ===>> H2,-0.22688597575238,H1,0.0222228313639274,AX,-0.00244732907555796,L1,-0.016530572475044,L2,-0.03...
GetData ===>> H2,-0.169888705350518,H1,0.0408492166738884,AX,-0.0220153864072309,L1,-0.0142837657169613,L2,0.01...
GetData ===>> H2,-0.192123213318031,H1,0.00488825260280836,AX,0.0421435601344948,L1,-0.0110498055933114,L2,-0.0...
Get Checksum: 799532470
GetData ===>> H2,-0.223656811418727,H1,0.0354673746102875,AX,-0.0311427077835838,L1,0.0229548478677305,L2,-0.02...
GetData ===>> H2,-0.184299470319647,H1,0.0341189761338569,AX,-0.0333809163890324,L1,-0.0418026256372296,L2,-0.0...
GetData ===>> H2,-0.197605405568738,H1,-0.00732646795598131,AX,-0.156310073495866,L1,0.00590126590519419,L2,-0....
Get Checksum: 799532470
GetData ===>> H2,-0.237054909138245,H1,-0.0461317137549376,AX,-0.18319094111858,L1,-0.0242275610313332,L2,-0.06...
GetData ===>> H2,-0.191025896042866,H1,-0.0469424803598127,AX,-0.0306440325333645,L1,-0.020961256372337,L2,-0.0...
GetData ===>> H2,-0.167969758455158,H1,-0.00183957084665105,AX,-0.00422218766322918,L1,-0.00440602050900603,L2,...
Get Checksum: 799532470
GetData ===>> H2,-0.193901072822718,H1,-0.0609271704635315,AX,-0.0311659019190273,L1,-0.0276305813145846,L2,-0....
GetData ===>> H2,-0.190928830916361,H1,-0.00525102485113822,AX,-0.156240514395305,L1,-0.0701225115560204,L2,-0....
GetData ===>> H2,-0.23071318512505,H1,-0.016653502824293,AX,-0.100897266505861,L1,-0.0575552819484955,L2,0.0856...
Get Checksum: 799532470
GetData ===>> H2,-0.205293975163691,H1,-0.0460482521138726,AX,-0.0888558010213054,L1,-0.0275922438375458,L2,-0....
GetData ===>> H2,-0.260205659961594,H1,-0.00210199451327038,AX,-0.0234071552670216,L1,-0.00329029814320481,L2,-...
GetData ===>> H2,-0.270052229179675,H1,-0.0564327304067412,AX,-0.186331773738321,L1,0.000832948603395627,L2,0.0...
Get Checksum: 799532470
GetData ===>> H2,-0.176362327715463,H1,-0.0472524776199411,AX,-0.138362176149088,L1,0.0214371907799895,L2,0.110...
GetData ===>> H2,-0.232761548900135,H1,-0.039955364310029,AX,0.0149433568468894,L1,0.0186644217903756,L2,-0.086...
GetData ===>> H2,-0.281195205291628,H1,0.0437610212288721,AX,-0.0126900216529378,L1,0.0172446941318756,L2,-0.06...
Get Checksum: 799532470
GetData ===>> H2,-0.239955987715365,H1,0.00944529768494036,AX,-0.124581806133217,L1,0.037281153144589,L2,-0.043...
GetData ===>> H2,-0.244509065565533,H1,-0.0383456353321375,AX,-0.0855409493178252,L1,-0.00888326222283634,L2,-0...
GetData ===>> H2,-0.236485873722462,H1,-0.0989847196075864,AX,0.035725762344603,L1,-0.0491707288260291,L2,-0.06...
Get Checksum: 799532470
GetData ===>> H2,-0.13715555945655,H1,-0.0594608368745362,AX,0.0058009678374751,L1,-0.0681643648234777,L2,-0.01...
GetData ===>> H2,-0.160830906093286,H1,-0.0431508977124072,AX,-0.0442117271624323,L1,-0.0520363051023027,L2,-0....
Get Checksum: 799532470
04:04:41 -- collecting point 25
GetData ===>> H2,-0.108060517015823,H1,0.0343695620874441,AX,-0.0247873063994134,L1,0.0330705504647945,L2,0.030...
GetData ===>> H2,-0.120046513417955,H1,-0.0260750724900614,AX,-0.0975364684189698,L1,0.0296449480657266,L2,0.06...
GetData ===>> H2,-0.150999420864582,H1,-0.0344464067155269,AX,-0.187490726943049,L1,0.020823223412116,L2,-0.036...
Get Checksum: 799532470
GetData ===>> H2,-0.247135368514776,H1,-0.00915139099275635,AX,-0.0503919387584561,L1,-0.00462315210221349,L2,0...
GetData ===>> H2,-0.241058423593999,H1,-0.0642412436435922,AX,-0.0923559763877626,L1,-0.0108256193615509,L2,0.0...
GetData ===>> H2,-0.267634404696489,H1,0.0220796566859029,AX,-0.0881140258331604,L1,0.00137908140072279,L2,-0.0...
Get Checksum: 799532470
GetData ===>> H2,-0.265112541402374,H1,-0.0471451709847191,AX,-0.111338177869226,L1,-0.0187467578774301,L2,-0.0...
GetData ===>> H2,-0.315996930930689,H1,-0.0509366023076161,AX,-0.072187675675527,L1,-0.0229834937064607,L2,-0.0...
GetData ===>> H2,-0.189216573076787,H1,-0.0178700085166515,AX,-0.0889137519697289,L1,-0.0143820388197596,L2,0.0...
Get Checksum: 799532470
GetData ===>> H2,-0.200163449500902,H1,0.0181424332797111,AX,-0.0285913191325786,L1,-0.00128288628194892,L2,-0....
GetData ===>> H2,-0.252458753557824,H1,0.0172118394634825,AX,-0.0469366343086272,L1,-0.0607335608478027,L2,0.06...
GetData ===>> H2,-0.325723745940671,H1,-0.124494861204183,AX,-0.0547746652155799,L1,-0.0597237047650952,L2,-0.0...
Get Checksum: 799532470
GetData ===>> H2,-0.274404082069307,H1,-0.0575653006389619,AX,0.0224969173194375,L1,-0.00973219034231077,L2,0.0...
GetData ===>> H2,-0.22835885767882,H1,-0.101189301574123,AX,0.00165933054613985,L1,0.015194729667901,L2,-0.0209...
GetData ===>> H2,-0.165951949665087,H1,-0.00671815288331139,AX,-0.0228852442768653,L1,-0.00860986334949056,L2,-...
Get Checksum: 799532470
GetData ===>> H2,-0.12237837685532,H1,-0.0199213375698946,AX,-0.0342390759853751,L1,-0.0171410315594462,L2,-0.0...
GetData ===>> H2,-0.18033024510003,H1,-0.0590316620033392,AX,-0.191361530542303,L1,-0.00292436227085904,L2,-0.0...
GetData ===>> H2,-0.141585109450505,H1,-0.0247036333245852,AX,-0.0963891349043419,L1,0.00326856925371528,L2,0.0...
Get Checksum: 799532470
GetData ===>> H2,-0.157620466824058,H1,0.027949986395215,AX,-0.0157173835289486,L1,-0.0312288612479445,L2,0.119...
GetData ===>> H2,-0.122548784287893,H1,0.0126425107332963,AX,-0.0304120896859574,L1,-0.0481618993032404,L2,0.02...
GetData ===>> H2,-0.0984889689166018,H1,-0.00924681088976238,AX,-0.0675391009469231,L1,-0.0124223878038884,L2,0...
Get Checksum: 799532470
GetData ===>> H2,-0.344361037790563,H1,-0.0213524724773649,AX,-0.0683737741135616,L1,0.00900173494421758,L2,-0....
GetData ===>> H2,-0.313647374790112,H1,0.0017270735655607,AX,0.0526686088485633,L1,0.0287163548982842,L2,-0.068...
Get Checksum: 799532470
GetData ===>> H2,-0.25595564986952,H1,-0.0679009019703301,AX,-0.129192900058251,L1,-0.0128335266508698,L2,-0.09...
GetData ===>> H2,-0.285232815488032,H1,-0.0715723465159133,AX,-0.134558837266129,L1,-0.0202443253811978,L2,0.01...
04:05:07 -- collecting point 50
GetData ===>> H2,-0.231769713477599,H1,0.00461388216408416,AX,-0.12695689437146,L1,0.00890573087556261,L2,-0.06...
Get Checksum: 799532470
GetData ===>> H2,-0.255602110590639,H1,-0.058852838597123,AX,-0.209172194938207,L1,-0.0353758156844853,L2,-0.04...
GetData ===>> H2,-0.189697918974721,H1,-0.0156397367861548,AX,-0.0258079097753302,L1,-0.0295879944875749,L2,0.0...
GetData ===>> H2,-0.181303117332926,H1,-0.0421612471549036,AX,-0.076268037051673,L1,-0.000553255497334782,L2,-0...
Get Checksum: 799532470
GetData ===>> H2,-0.234427421110368,H1,0.00748884454002692,AX,-0.0866188680321041,L1,-0.00171127972419483,L2,-0...
GetData ===>> H2,-0.20018097759056,H1,0.0351690547988117,AX,0.0151522031749499,L1,-0.00957032397957276,L2,-0.08...
GetData ===>> H2,-0.0812336545460413,H1,-0.0627153530791123,AX,-0.0776126641115313,L1,-0.007477817058465,L2,-0....
Get Checksum: 799532470
GetData ===>> H2,-0.194384914964165,H1,-0.0129323348049713,AX,-0.0993211825486831,L1,-0.0390048030490864,L2,-0....
GetData ===>> H2,-0.258653206578125,H1,0.0139667594761807,AX,-0.0474932017038373,L1,-0.0113267346325106,L2,-0.0...
GetData ===>> H2,-0.147454267534373,H1,-0.0416843036324942,AX,-0.126702009630868,L1,-0.0224560969561499,L2,-0.0...
Get Checksum: 799532470
GetData ===>> H2,-0.202633294102333,H1,0.0468757911539665,AX,-0.0851700497944782,L1,-0.06834369818254,L2,-0.033...
measurement finished
estimated time: 62.915 actual time: :63.135
flush and close file /Users/jan/PychronDev/data/isotopes/10/fd34aa-cec4-4b9d-8a38-cb5cb2e54d24.h5
activate_detectors ('H1', 'AX', 'CDD') {'peak_center': True}
peak_center () {'detector': 'H1', 'integration_time': 0.262144, 'isotope': 'Ar40'}
peak center: mean=37.3213792617 threshold=3
peak center started
setup peak center. detector=['H1', 'AX', 'CDD'], isotope=Ar40
VersionedUnpickler [<apptools.sweet_pickle.versioned_unpickler.VersionedUnpickler object at 0x15dc30ef0>] using Updater [<apptools.sweet_pickle.updater.Updater object at 0x1356d5710>]
VersionedUnpickler [<apptools.sweet_pickle.versioned_unpickler.VersionedUnpickler object at 0x15dc30ef0>] using Updater [<apptools.sweet_pickle.updater.Updater object at 0x1356d5710>]
VersionedUnpickler [<apptools.sweet_pickle.versioned_unpickler.VersionedUnpickler object at 0x1558ef890>] using Updater [<apptools.sweet_pickle.updater.Updater object at 0x1356d5710>]
setting integration time = 0.524288
SetIntegrationTime 0.524288 ===>> OK
Mapping mass to dac mass func: "parabolic"
H1 map mass coeffs = [-0.00063987  0.15840543  0.57051999]
H1 map mass to dac 39.9624 >> 5.87891
GetDeflection H1 ===>> 0
GetHighVoltage ===>> 4500
do peak center. <pychron.spectrometer.jobs.peak_center.PeakCenter object at 0x1356efa10>
doing pc
starting peak center. center dac= 5.87891 step_width=0.001
width = 0.001
get scan parameters. half-width=0.015,window=0.015, i=0, scalar=1
Scan parameters center=5.87891 width=0.03000 (5.86391 - 5.89391)
GetData ===>> H2,-0.23358509640025,H1,-0.0769123890306698,AX,-0.0873374738739358,L1,-0.0382836625992828,L2,0.04...
Moving to starting dac 5.86391
setting magnet DAC
current  : 5.239566
requested: 5.863910
Delta Dac: 0.624344
Checking detector protection. dv=0.62434
Checking detector "CDD". Protection Threshold: 0.1 (V)
ProtectDetector CDD,On ===>> OK
GetDeflection CDD ===>> 2000
SetMagnetDAC 5.86391 ===>> OK
Magnet settling time: 0.500
GetMagnetMoving ===>> True
GetMagnetMoving ===>> True
GetMagnetMoving ===>> True
Get Checksum: 799532470
GetMagnetMoving ===>> True
GetMagnetMoving ===>> True
GetMagnetMoving ===>> True
GetMagnetMoving ===>> True
GetMagnetMoving ===>> True
GetMagnetMoving ===>> False
ProtectDetector CDD,Off ===>> OK
GetDeflection CDD ===>> 50
Wait until signal near baseline. tol= -0.057684291773. timeout= 10
GetData ===>> H2,-0.0129671646026604,H1,0.104931890135052,AX,0.0598496139757152,L1,0.012469609828426,L2,-0.0478...
GetData ===>> H2,2.1667814229159,H1,1.14998395373147,AX,0.00344589756966556,L1,0.0319770188599524,L2,-0.0340404...
GetData ===>> H2,1.89148421800999,H1,1.01304216828015,AX,0.00421157918901263,L1,0.0253654813458948,L2,-0.038570...
GetData ===>> H2,0.892825839455647,H1,0.473942683695072,AX,-0.0573021796214078,L1,-0.00539567074038076,L2,0.001...
Get Checksum: 799532470
GetData ===>> H2,0.262292070630417,H1,0.227074468446165,AX,-0.00110166308637264,L1,-0.0417750823790247,L2,0.034...
GetData ===>> H2,-0.01949896670537,H1,0.121189892634433,AX,-0.0185242786134832,L1,-0.0655228419296472,L2,-0.052...
GetData ===>> H2,-0.181364560681691,H1,0.136997489717428,AX,-0.0573253675230106,L1,-0.0556186210111988,L2,0.029...
GetData ===>> H2,-0.324897625367622,H1,-0.0142085201932705,AX,0.0161384279999501,L1,-0.0265664553356715,L2,0.00...
GetData ===>> H2,-0.319056314249471,H1,0.0795251071659788,AX,-0.0351320178023765,L1,-0.0147859072265855,L2,0.03...
GetData ===>> H2,-0.375156980340066,H1,-0.00853115944463561,AX,-0.177156166561276,L1,-0.0124463613756376,L2,0.0...
Get Checksum: 799532470
GetData ===>> H2,-0.39064258094449,H1,-0.0484089973858513,AX,0.000684853262813984,L1,-0.0139230232952793,L2,-0....
GetData ===>> H2,-0.163322185264282,H1,-0.0823117404759042,AX,0.0322675223048076,L1,-0.0245960069509523,L2,-0.0...
Peak center baseline intensity achieved
_do_sweep sm= 5.86391, em= 5.89391, stm= 0.001
calculated step values: start=5.86391, end=5.89391, width=0.001, nsteps=31.0
setting magnet DAC
current  : 5.863910
requested: 5.863910
Delta Dac: 0.000000
Checking detector protection. dv=0.00000
Checking detector "CDD". Protection Threshold: 0.1 (V)
SetMagnetDAC 5.86391 ===>> OK
GetData ===>> H2,-0.163322185264282,H1,-0.0823117404759042,AX,0.0322675223048076,L1,-0.0245960069509523,L2,-0.0...
setting magnet DAC
current  : 5.863910
requested: 5.864944
Delta Dac: 0.001034
Checking detector protection. dv=0.00103
Checking detector "CDD". Protection Threshold: 0.1 (V)
SetMagnetDAC 5.86494448276 ===>> OK
Magnet settling time: 1.049
GetData ===>> H2,-0.135855651621636,H1,0.0248954629396227,AX,-0.109484157784767,L1,-0.0297284215447049,L2,-0.02...
setting magnet DAC
current  : 5.864944
requested: 5.865979
Delta Dac: 0.001034
Checking detector protection. dv=0.00103
Checking detector "CDD". Protection Threshold: 0.1 (V)
SetMagnetDAC 5.86597896552 ===>> OK
Magnet settling time: 1.049
GetData ===>> H2,-0.135569268890064,H1,0.0711528358574356,AX,-0.0335780618306582,L1,-0.0503744900831899,L2,0.08...
setting magnet DAC
current  : 5.865979
requested: 5.867013
Delta Dac: 0.001034
Checking detector protection. dv=0.00103
Checking detector "CDD". Protection Threshold: 0.1 (V)
SetMagnetDAC 5.86701344828 ===>> OK
Magnet settling time: 1.049
GetData ===>> H2,-0.257483941295634,H1,0.878320577110059,AX,-0.000475226021492168,L1,0.0195431353886804,L2,-0.0...
setting magnet DAC
current  : 5.867013
requested: 5.868048
Delta Dac: 0.001034
Checking detector protection. dv=0.00103
Checking detector "CDD". Protection Threshold: 0.1 (V)
SetMagnetDAC 5.86804793103 ===>> OK
Magnet settling time: 1.049
Get Checksum: 799532470
GetData ===>> H2,-0.21730911156205,H1,2.84715977428147,AX,0.312494420583207,L1,0.00135987622850671,L2,0.0210678...
setting magnet DAC
current  : 5.868048
requested: 5.869082
Delta Dac: 0.001034
Checking detector protection. dv=0.00103
Checking detector "CDD". Protection Threshold: 0.1 (V)
SetMagnetDAC 5.86908241379 ===>> OK
Magnet settling time: 1.049
GetData ===>> H2,-0.126038868980561,H1,7.63804458721922,AX,1.03119274784714,L1,-0.0183109781486428,L2,0.0623971...
setting magnet DAC
current  : 5.869082
requested: 5.870117
Delta Dac: 0.001034
Checking detector protection. dv=0.00103
Checking detector "CDD". Protection Threshold: 0.1 (V)
SetMagnetDAC 5.87011689655 ===>> OK
Magnet settling time: 1.049
GetData ===>> H2,-0.107913278394991,H1,15.3428891315545,AX,2.22471271222845,L1,0.0044211628360515,L2,-0.0021862...
setting magnet DAC
current  : 5.870117
requested: 5.871151
Delta Dac: 0.001034
Checking detector protection. dv=0.00103
Checking detector "CDD". Protection Threshold: 0.1 (V)
SetMagnetDAC 5.87115137931 ===>> OK
Magnet settling time: 1.049
Get Checksum: 799532470
GetData ===>> H2,-0.152380784376649,H1,29.0077292774498,AX,4.76912066361477,L1,0.0472994108280985,L2,0.07103436...
setting magnet DAC
current  : 5.871151
requested: 5.872186
Delta Dac: 0.001034
Checking detector protection. dv=0.00103
Checking detector "CDD". Protection Threshold: 0.1 (V)
SetMagnetDAC 5.87218586207 ===>> OK
Magnet settling time: 1.049
GetData ===>> H2,-0.155888586040575,H1,34.2258116159895,AX,6.19617708433907,L1,0.0260836035031536,L2,0.06752469...
setting magnet DAC
current  : 5.872186
requested: 5.873220
Delta Dac: 0.001034
Checking detector protection. dv=0.00103
Checking detector "CDD". Protection Threshold: 0.1 (V)
SetMagnetDAC 5.87322034483 ===>> OK
Magnet settling time: 1.049
GetData ===>> H2,-0.20421306472543,H1,36.3584178584464,AX,6.84439938510045,L1,0.0459446681816562,L2,0.046150386...
setting magnet DAC
current  : 5.873220
requested: 5.874255
Delta Dac: 0.001034
Checking detector protection. dv=0.00103
Checking detector "CDD". Protection Threshold: 0.1 (V)
SetMagnetDAC 5.87425482759 ===>> OK
Magnet settling time: 1.049
Get Checksum: 799532470
GetData ===>> H2,-0.201676158498503,H1,36.994969283466,AX,6.96341236081466,L1,0.0470327715737418,L2,0.108440863...
setting magnet DAC
current  : 5.874255
requested: 5.875289
Delta Dac: 0.001034
Checking detector protection. dv=0.00103
Checking detector "CDD". Protection Threshold: 0.1 (V)
SetMagnetDAC 5.87528931034 ===>> OK
Magnet settling time: 1.049
GetData ===>> H2,-0.163397792762134,H1,37.1998052788114,AX,7.06974727298399,L1,0.0337411482649466,L2,0.12670492...
setting magnet DAC
current  : 5.875289
requested: 5.876324
Delta Dac: 0.001034
Checking detector protection. dv=0.00103
Checking detector "CDD". Protection Threshold: 0.1 (V)
SetMagnetDAC 5.8763237931 ===>> OK
Magnet settling time: 1.049
GetData ===>> H2,-0.144935098084787,H1,37.2224515463959,AX,7.09325399011246,L1,0.102575920321746,L2,0.103014760...
setting magnet DAC
current  : 5.876324
requested: 5.877358
Delta Dac: 0.001034
Checking detector protection. dv=0.00103
Checking detector "CDD". Protection Threshold: 0.1 (V)
SetMagnetDAC 5.87735827586 ===>> OK
Magnet settling time: 1.049
Get Checksum: 799532470
GetData ===>> H2,-0.233439407452259,H1,37.2306233578093,AX,7.13093294180388,L1,0.110140961167467,L2,0.114710903...
setting magnet DAC
current  : 5.877358
requested: 5.878393
Delta Dac: 0.001034
Checking detector protection. dv=0.00103
Checking detector "CDD". Protection Threshold: 0.1 (V)
SetMagnetDAC 5.87839275862 ===>> OK
Magnet settling time: 1.049
GetData ===>> H2,-0.259005306408972,H1,37.3043930449907,AX,6.91007083240059,L1,0.0904744549030186,L2,0.07003158...
setting magnet DAC
current  : 5.878393
requested: 5.879427
Delta Dac: 0.001034
Checking detector protection. dv=0.00103
Checking detector "CDD". Protection Threshold: 0.1 (V)
SetMagnetDAC 5.87942724138 ===>> OK
Magnet settling time: 1.049
Get Checksum: 799532470
GetData ===>> H2,-0.288006415904998,H1,37.1982787195831,AX,6.99250871690912,L1,0.0750587691099099,L2,0.02172845...
setting magnet DAC
current  : 5.879427
requested: 5.880462
Delta Dac: 0.001034
Checking detector protection. dv=0.00103
Checking detector "CDD". Protection Threshold: 0.1 (V)
SetMagnetDAC 5.88046172414 ===>> OK
Magnet settling time: 1.049
GetData ===>> H2,-0.249319900961077,H1,37.3302572275396,AX,7.13347899987003,L1,0.0757188013131428,L2,0.09870601...
setting magnet DAC
current  : 5.880462
requested: 5.881496
Delta Dac: 0.001034
Checking detector protection. dv=0.00103
Checking detector "CDD". Protection Threshold: 0.1 (V)
SetMagnetDAC 5.8814962069 ===>> OK
Magnet settling time: 1.049
GetData ===>> H2,-0.147013544206915,H1,37.3201542451307,AX,7.14123766729371,L1,0.0926055562310347,L2,-0.0410064...
setting magnet DAC
current  : 5.881496
requested: 5.882531
Delta Dac: 0.001034
Checking detector protection. dv=0.00103
Checking detector "CDD". Protection Threshold: 0.1 (V)
SetMagnetDAC 5.88253068966 ===>> OK
Magnet settling time: 1.049
Get Checksum: 799532470
GetData ===>> H2,-0.247851037771887,H1,37.2540391365611,AX,6.99644974433564,L1,0.123628318177471,L2,0.069575782...
setting magnet DAC
current  : 5.882531
requested: 5.883565
Delta Dac: 0.001034
Checking detector protection. dv=0.00103
Checking detector "CDD". Protection Threshold: 0.1 (V)
SetMagnetDAC 5.88356517241 ===>> OK
Magnet settling time: 1.049
GetData ===>> H2,-0.162676800733032,H1,37.0733088355624,AX,6.8617011952417,L1,0.0779521495772995,L2,0.030134181...
setting magnet DAC
current  : 5.883565
requested: 5.884600
Delta Dac: 0.001034
Checking detector protection. dv=0.00103
Checking detector "CDD". Protection Threshold: 0.1 (V)
SetMagnetDAC 5.88459965517 ===>> OK
Magnet settling time: 1.049
GetData ===>> H2,-0.0783421742196585,H1,35.8655143774362,AX,6.58359292818613,L1,0.0653752243105259,L2,0.0090415...
setting magnet DAC
current  : 5.884600
requested: 5.885634
Delta Dac: 0.001034
Checking detector protection. dv=0.00103
Checking detector "CDD". Protection Threshold: 0.1 (V)
SetMagnetDAC 5.88563413793 ===>> OK
Magnet settling time: 1.049
Get Checksum: 799532470
GetData ===>> H2,-0.135866458375628,H1,32.4920672151063,AX,5.49929416993876,L1,0.0567420188399165,L2,0.04261884...
setting magnet DAC
current  : 5.885634
requested: 5.886669
Delta Dac: 0.001034
Checking detector protection. dv=0.00103
Checking detector "CDD". Protection Threshold: 0.1 (V)
SetMagnetDAC 5.88666862069 ===>> OK
Magnet settling time: 1.049
GetData ===>> H2,-0.166858995805828,H1,25.1496959709448,AX,3.71101798594589,L1,0.0722360520392712,L2,-0.0659750...
setting magnet DAC
current  : 5.886669
requested: 5.887703
Delta Dac: 0.001034
Checking detector protection. dv=0.00103
Checking detector "CDD". Protection Threshold: 0.1 (V)
SetMagnetDAC 5.88770310345 ===>> OK
Magnet settling time: 1.049
GetData ===>> H2,-0.09403459048546,H1,15.3704672744583,AX,1.9733485380542,L1,0.0267537368636083,L2,0.0186533737...
setting magnet DAC
current  : 5.887703
requested: 5.888738
Delta Dac: 0.001034
Checking detector protection. dv=0.00103
Checking detector "CDD". Protection Threshold: 0.1 (V)
SetMagnetDAC 5.88873758621 ===>> OK
Magnet settling time: 1.049
Get Checksum: 799532470
GetData ===>> H2,-0.0984399550745571,H1,7.24353842811707,AX,0.719608737379139,L1,0.0121314142967449,L2,-0.05284...
setting magnet DAC
current  : 5.888738
requested: 5.889772
Delta Dac: 0.001034
Checking detector protection. dv=0.00103
Checking detector "CDD". Protection Threshold: 0.1 (V)
SetMagnetDAC 5.88977206897 ===>> OK
Magnet settling time: 1.049
GetData ===>> H2,-0.11575078970896,H1,2.7044997267035,AX,0.320509768681475,L1,-0.0342195285713544,L2,0.04150244...
setting magnet DAC
current  : 5.889772
requested: 5.890807
Delta Dac: 0.001034
Checking detector protection. dv=0.00103
Checking detector "CDD". Protection Threshold: 0.1 (V)
SetMagnetDAC 5.89080655172 ===>> OK
Magnet settling time: 1.049
Get Checksum: 799532470
GetData ===>> H2,-0.0444066923812485,H1,0.907495741522602,AX,-0.142480433134874,L1,-0.0124439640210319,L2,-0.05...
setting magnet DAC
current  : 5.890807
requested: 5.891841
Delta Dac: 0.001034
Checking detector protection. dv=0.00103
Checking detector "CDD". Protection Threshold: 0.1 (V)
SetMagnetDAC 5.89184103448 ===>> OK
Magnet settling time: 1.049
GetData ===>> H2,-0.075561107021965,H1,0.113394304040093,AX,-0.0667391991104912,L1,-0.0370173489456691,L2,-0.00...
setting magnet DAC
current  : 5.891841
requested: 5.892876
Delta Dac: 0.001034
Checking detector protection. dv=0.00103
Checking detector "CDD". Protection Threshold: 0.1 (V)
SetMagnetDAC 5.89287551724 ===>> OK
Magnet settling time: 1.049
GetData ===>> H2,-0.214212259700624,H1,0.00313468058126283,AX,-0.0107993226004678,L1,-0.0139206262924209,L2,-0....
setting magnet DAC
current  : 5.892876
requested: 5.893910
Delta Dac: 0.001034
Checking detector protection. dv=0.00103
Checking detector "CDD". Protection Threshold: 0.1 (V)
SetMagnetDAC 5.89391 ===>> OK
Magnet settling time: 1.049
Get Checksum: 799532470
GetData ===>> H2,-0.133161747109615,H1,-0.168566489019661,AX,-0.0214470750670385,L1,-0.0113003607665826,L2,-0.0...
result of _do_sweep=True
result of _calculate_peak_center=([5.8710207732706792, 5.8786829942643912, 5.8863452152581033], [27.282508978468691, 37.329771312554001, 27.445106620421846], 5.8805114788197086, 37.329771312554001)
Failed to find a valid peak. No peak greater than 1.0. max = 0.0163608925088
new center pos Detector(H1) (Ar40) @ 5.87868299426
GetHighVoltage ===>> 4500
GetDeflection H1 ===>> 0
dac uncorrected for HV and deflection 5.87868299426
update mftable H1 Ar40 5.87868299426 message=automated run peakcenter
get initial guess parabolic
get initial guess parabolic
get initial guess parabolic
get initial guess parabolic
get initial guess parabolic
get initial guess parabolic
dump mftable to /Users/jan/PychronDev/setupfiles/spectrometer/mftables/mftable.csv
add to repo msg=modified - automated run peakcenter
locally archiving mftable
setting magnet DAC
current  : 5.893910
requested: 5.878683
Delta Dac: 0.015227
Checking detector protection. dv=0.01523
Checking detector "CDD". Protection Threshold: 0.1 (V)
SetMagnetDAC 5.87868299426 ===>> OK
Magnet settling time: 0.500
sweep finished
setting integration time = 1.048576
SetIntegrationTime 1.048576 ===>> OK
Failed to find a valid peak. No peak greater than 1.0. max = 0.01626065429
flush and close file /Users/jan/PychronDev/data/isotopes/10/fd34aa-cec4-4b9d-8a38-cb5cb2e54d24.h5
finished measure script
executed 226.132928
jan_unknown120_60.py completed successfully
Measurement Finished
04:06:00 -- ******* Measurement Finished *******
Post Measurement Started jan_pump_ms.py
04:06:00 -- ******* Post Measurement Started jan_pump_ms.py *******
testing...
no interpolation path defined
executed 0
Pumping spectrometer
open () {'name': 'O'}
opening name=O desc=---
checking ownership. requestor=129.138.12.150
check software interlocks O
interlocks []
actuate state mode=None-script, software_lock=False
doing actuation None-script open_channel True
Open O ===>> OK
GetIndicatorState O ===>> OK
change switch state (True, True)
update switch state O True args=() kw={} ncanvase=2
04:06:00 -- OPEN   VALVE-O (Jan Ion Pump)
---------------------------------------- open O () result=[(True, True)], time=0.10 sec
action=open, ok=True, locked=[False]
executed 0
jan_pump_ms.py completed successfully
setting _ms_pumptime
Post Measurement Finished
04:06:01 -- ******* Post Measurement Finished *******
$$$$$$$$$$$$$$$$$$$$ state at run end measurement
state changed from measurement to success
post measurement save measured=True aborted=False
Set filtering
setting fod for Ar40= {'filter_outliers': True, 'std_devs': 2, 'iterations': 1}
setting fod for H1= {'filter_outliers': True, 'std_devs': 2, 'iterations': 1}
setting fod for PM41= {'filter_outliers': False, 'std_devs': 2, 'iterations': 1}
setting fod for H2= {'filter_outliers': True, 'std_devs': 2, 'iterations': 1}
setting fod for Ar36= {'filter_outliers': True, 'std_devs': 2, 'iterations': 1}
setting fod for CDD= {'filter_outliers': True, 'std_devs': 10, 'iterations': 1}
setting fod for Ar37= {'filter_outliers': True, 'std_devs': 2, 'iterations': 1}
setting fod for L2= {'filter_outliers': True, 'std_devs': 2, 'iterations': 1}
setting fod for Ar38= {'filter_outliers': True, 'std_devs': 2, 'iterations': 1}
setting fod for L1= {'filter_outliers': True, 'std_devs': 2, 'iterations': 1}
setting fod for Ar39= {'filter_outliers': True, 'std_devs': 2, 'iterations': 1}
setting fod for AX= {'filter_outliers': True, 'std_devs': 2, 'iterations': 1}
persistence save...
persistence save - db
post measurement save
5876274000 connecting to database sqlite:////Users/jan/PychronDev/.appdata/local_lab.db
connected to db sqlite:////Users/jan/PychronDev/.appdata/local_lab.db
create new session 5876274000
close session 5876274000
No database instance. Not saving post measurement to isotopedb database
$$$$$$$$$$$$$$$ auto_save_detector_ic=False
massspec enabled True
create new session 4979649712
MassSpec Database Version: 16.0
close session 4979649712
saving post measurement to secondary database
saving to massspec database 129.138.12.160/massspecdata
setting labnumber to 65571
setting aliquot to 8
setting step to A
setting uuid to 10fd34aa-cec4-4b9d-8a38-cb5cb2e54d24
setting irradpos to 65571
setting extract_device to Fusions CO2
setting tray to 
setting position to 191
setting power_requested to 0.3
setting extract_value to 0.3
setting duration to 30.0
setting duration_at_request to 30.0
setting first_stage_delay to 30.0
setting cleanup to 30.0
setting comment to M:14 with inclusions
setting irradiation to NM-289
setting level to M
setting irradiation_level to M
setting sample to NM-2602 W
setting material to Sanidine
setting project to JoyitaHills
setting mass_spectrometer to Jan
no attribute chron_dosages
no attribute production_ratios
no attribute interference_corrections
no attribute production_name
no attribute j
Reference Isotope=Ar40
Reference Detector=H1
%%%%%%%%%%%%%%%%%%%% Comment: M:14 with inclusions %%%%%%%%%%%%%%%%%%%
adding isotope PM41 H2
add baseline dbdet= PM41. original det= H2
get baseline data PM41 H2
Get data baseline <pychron.processing.isotope.Baseline object at 0x15c3c8090> len t=60
baseline PM41. v=-0.210672698595, e=0.00698259212267
get signal data PM41 H2
Get data signal PM41 0.06+/-0.07 len t=120
adding isotope Ar40 H1
add baseline dbdet= Ar40. original det= H1
get baseline data Ar40 H1
Get data baseline <pychron.processing.isotope.Baseline object at 0x15c3c8250> len t=60
baseline Ar40. v=-0.0163574669171, e=0.00447917749615
get signal data Ar40 H1
Get data signal Ar40 37.159+/-0.013 len t=120
adding isotope Ar39 AX
add baseline dbdet= Ar39. original det= AX
get baseline data Ar39 AX
Get data baseline <pychron.processing.isotope.Baseline object at 0x15c3c8410> len t=60
baseline Ar39. v=-0.0639668025167, e=0.00783926458533
get signal data Ar39 AX
Get data signal Ar39 7.553+/-0.012 len t=120
adding isotope Ar38 L1
add baseline dbdet= Ar38. original det= L1
get baseline data Ar38 L1
Get data baseline <pychron.processing.isotope.Baseline object at 0x15c3c85d0> len t=60
baseline Ar38. v=-0.0111283054707, e=0.0031539016048
get signal data Ar38 L1
Get data signal Ar38 0.096+/-0.005 len t=120
adding isotope Ar37 L2
add baseline dbdet= Ar37. original det= L2
get baseline data Ar37 L2
Get data baseline <pychron.processing.isotope.Baseline object at 0x15c3c8790> len t=60
baseline Ar37. v=-0.0303129985763, e=0.00607807619719
get signal data Ar37 L2
Get data signal Ar37 0.082+/-0.010 len t=120
adding isotope Ar36 CDD
add baseline dbdet= Ar36. original det= CDD
get baseline data Ar36 CDD
Get data baseline <pychron.processing.isotope.Baseline object at 0x15c3c8950> len t=60
baseline Ar36. v=1.98487214936e-05, e=6.58814593146e-06
get signal data Ar36 CDD
Get data signal Ar36 0.01052+/-0.00025 len t=120
65571-08A added analysis time 0.532449007034s
analysis added to mass spec database
mass spec save time= 0.541
persistence save - dvc
================= post measurement started
create new session 4984345712
close session 4984345712
Get Checksum: 2035211824
---------------- Experiment Queue saving disabled
DVC saving peakcenter
Failed to find a valid peak. No peak greater than 1.0. max = 0.01626065429
Smart pull ahead: 0 behind: 0
Up-to-date with origin
add to repo msg=modified - ad8224ebc6dbfeb9f5997218dfa5fe690569839d.json
add to repo msg=modified - 71-08A.json
add to repo msg=modified - 71-08A.dat.json
add to repo msg=modified - 71-08A.blan.json
add to repo msg=modified - 71-08A.inte.json
add to repo msg=modified - 71-08A.icfa.json
add to repo msg=modified - 71-08A.base.json
not at valid file /Users/jan/PychronDev/data/.dvc/repositories/Load1783/655/tags/71-08A.tags.json
add to repo msg=modified - 71-08A.peak.json
add to repo msg=modified - 71-08A.extr.json
Get Checksum: 2035211824
not at valid file /Users/jan/PychronDev/data/.dvc/repositories/Load1783/655/monitor/71-08A.moni.json
commit message=<COLLECTION>
add to repo msg=modified - 71-08A.inte.json
add to repo msg=modified - 71-08A.base.json
commit message=<ISOEVO> default collection fits
add to repo msg=modified - 71-08A.blan.json
commit message=<BLANKS> preceding bu-FC-J-7492
Get Checksum: 2035211824
add to repo msg=modified - 71-08A.icfa.json
commit message=<ICFactor> default
push repository <pychron.git_archive.repo_manager.GitRepoManager object at 0x159d677d0>
pushing to remote=origin, url=https://github.com
set states for children of V. state=True
handle state [('V', True)]
update switch state V True args=() kw={'refresh': False} ncanvase=2
refresh_canvas_needed fired
Get Checksum: -1772432964
no changes to meta repo
create new session 4984345712
add association Load1783
get identifier "65571"
setting analysis irradiation position=<pychron.dvc.dvc_orm.IrradiationPositionTbl object at 0x15340fd50>
close session 4984345712
================= post measurement finished
04:06:14 -- ******* Post Run Check *******
loading queue conditionals post_run_actions
loading system conditionals post_run_actions
loading conditionals from /Users/jan/PychronDev/setupfiles/spectrometer/default_conditionals.yaml
loading queue conditionals post_run_terminations
loading system conditionals post_run_terminations
loading conditionals from /Users/jan/PychronDev/setupfiles/spectrometer/default_conditionals.yaml
Checking default post run terminations n=1
GetDeflection CDD ===>> 50
testing CDD==2000
evaluate ot="CDD.deflection==2000" t="CDD==2000", ctx="{'CDD': 50.0}"
04:06:14 -- ******* Post Run Check Passed *******
04:06:14 -- Automated run 65571-08A success duration: 362.788 s
----------------- finish -----------------
----------------- stop -----------------
retroactive repository identifiers disabled
finish run. runs completed=59
update duration runid=65571-08A, duration=362.788102865, md5=301e91d8
loading script "jan_unknown120_60.py"
loading script "jan_pump_ms.py"
loading script "jan_co2.py"
loading script "jan_pump_extraction_line.py"
testing...
no interpolation path defined
executed 213.652928
script duration name:unknown120_60 seconds:214.0
loading script "jan_unknown120_60.py"
loading script "jan_pump_ms.py"
loading script "jan_co2.py"
loading script "jan_pump_extraction_line.py"
testing...
no interpolation path defined
executed 0
loading script "jan_unknown120_60.py"
loading script "jan_pump_ms.py"
loading script "jan_co2.py"
loading script "jan_pump_extraction_line.py"
testing...
no interpolation path defined
calculate duration
testing...
no interpolation path defined
executed 0
calculate duration
testing...
no interpolation path defined
executed 0
executed 0.0
script duration name:co2 seconds:0.0
loading script "jan_unknown120_60.py"
loading script "jan_pump_ms.py"
loading script "jan_co2.py"
loading script "jan_pump_extraction_line.py"
testing...
no interpolation path defined
calculate duration
testing...
no interpolation path defined
executed 4.0
executed 4.0
Script duration 214.0
Run total estimated duration= 215.000
unknown120_60 in script context. using previous estimated duration
script duration name:unknown120_60 seconds:214.0
pump_ms in script context. using previous estimated duration
co2 in script context. using previous estimated duration
script duration name:co2 seconds:0.0
pump_extraction_line in script context. using previous estimated duration
Script duration 214.0
Run total estimated duration= 215.000
script duration name:unknown120_60 seconds:214.0
script duration name:co2 seconds:0.0
Script duration 214.0
Run total estimated duration= 215.000
script duration name:unknown120_60 seconds:214.0
script duration name:co2 seconds:0.0
Script duration 214.0
Run total estimated duration= 215.000
script duration name:unknown120_60 seconds:214.0
script duration name:co2 seconds:0.0
Script duration 214.0
Run total estimated duration= 215.000
script duration name:unknown120_60 seconds:214.0
script duration name:co2 seconds:0.0
Script duration 214.0
Run total estimated duration= 215.000
script duration name:unknown120_60 seconds:214.0
script duration name:co2 seconds:0.0
Script duration 214.0
Run total estimated duration= 215.000
script duration name:unknown120_60 seconds:214.0
script duration name:co2 seconds:0.0
Script duration 214.0
Run total estimated duration= 215.000
script duration name:unknown120_60 seconds:214.0
script duration name:co2 seconds:0.0
Script duration 214.0
Run total estimated duration= 215.000
script duration name:unknown120_60 seconds:214.0
script duration name:co2 seconds:0.0
Script duration 214.0
Run total estimated duration= 215.000
script duration name:unknown120_60 seconds:214.0
script duration name:co2 seconds:0.0
Script duration 214.0
Run total estimated duration= 215.000
script duration name:unknown120_60 seconds:214.0
script duration name:co2 seconds:0.0
Script duration 214.0
Run total estimated duration= 215.000
loading script "jan_unknown400_120.py"
loading script "jan_pump_ms.py"
loading script "jan_co2.py"
loading script "jan_pump_extraction_line.py"
testing...
no interpolation path defined
executed 556.052928
script duration name:unknown400_120 seconds:556.0
script duration name:co2 seconds:0.0
Script duration 556.0
Run total estimated duration= 557.000
unknown400_120 in script context. using previous estimated duration
script duration name:unknown400_120 seconds:556.0
loading script "jan_unknown400_120.py"
loading script "jan_pump_ms.py"
loading script "jan_cocktail_x1.py"
loading script "jan_pump_extraction_line.py"
testing...
no interpolation path defined
calculate duration
testing...
no interpolation path defined
executed 0
calculate duration
testing...
no interpolation path defined
executed 0
calculate duration
testing...
no interpolation path defined
executed 32.0
calculate duration
testing...
no interpolation path defined
executed 34.0
calculate duration
testing...
no interpolation path defined
executed 4.0
calculate duration
testing...
no interpolation path defined
executed 38.0
executed 108.0
script duration name:cocktail_x1 seconds:108.0
Script duration 664.0
Run total estimated duration= 665.000
script duration name:unknown120_60 seconds:214.0
cocktail_x1 in script context. using previous estimated duration
script duration name:cocktail_x1 seconds:108.0
Script duration 322.0
Run total estimated duration= 323.000
loading script "jan_ic_peak_hop3.py"
loading script "jan_pump_ms.py"
loading script "jan_air_x1.py"
loading script "jan_pump_extraction_line.py"
testing...
no interpolation path defined
executed 133.8
script duration name:ic_peak_hop3 seconds:134.0
loading script "jan_ic_peak_hop3.py"
loading script "jan_pump_ms.py"
loading script "jan_air_x1.py"
loading script "jan_pump_extraction_line.py"
testing...
no interpolation path defined
calculate duration
testing...
no interpolation path defined
executed 0
calculate duration
testing...
no interpolation path defined
executed 0
calculate duration
testing...
no interpolation path defined
executed 32.0
calculate duration
testing...
no interpolation path defined
executed 34.0
calculate duration
testing...
no interpolation path defined
executed 4.0
calculate duration
testing...
no interpolation path defined
executed 36.0
executed 106.0
script duration name:air_x1 seconds:106.0
Script duration 240.0
Run total estimated duration= 241.000
script duration name:unknown120_60 seconds:214.0
script duration name:co2 seconds:0.0
Script duration 214.0
Run total estimated duration= 215.000
script duration name:unknown120_60 seconds:214.0
script duration name:co2 seconds:0.0
Script duration 214.0
Run total estimated duration= 215.000
script duration name:unknown120_60 seconds:214.0
script duration name:co2 seconds:0.0
Script duration 214.0
Run total estimated duration= 215.000
script duration name:unknown400_120 seconds:556.0
loading script "jan_unknown400_120.py"
loading script "jan_pump_ms.py"
loading script "jan_sniffair_x2.py"
loading script "jan_pump_extraction_line.py"
testing...
no interpolation path defined
calculate duration
testing...
no interpolation path defined
executed 0
calculate duration
testing...
no interpolation path defined
executed 0
calculate duration
testing...
no interpolation path defined
executed 32.0
calculate duration
testing...
no interpolation path defined
executed 34.0
calculate duration
testing...
no interpolation path defined
executed 4.0
calculate duration
testing...
no interpolation path defined
executed 36.0
calculate duration
testing...
no interpolation path defined
executed 34.0
calculate duration
testing...
no interpolation path defined
executed 4.0
calculate duration
testing...
no interpolation path defined
executed 36.0
calculate duration
testing...
no interpolation path defined
executed 70.0
executed 250.0
script duration name:sniffair_x2 seconds:250.0
Script duration 806.0
Run total estimated duration= 807.000
script duration name:unknown400_120 seconds:556.0
sniffair_x2 in script context. using previous estimated duration
script duration name:sniffair_x2 seconds:250.0
Script duration 806.0
Run total estimated duration= 807.000
script duration name:unknown120_60 seconds:214.0
script duration name:co2 seconds:0.0
Script duration 214.0
Run total estimated duration= 215.000
script duration name:unknown120_60 seconds:214.0
script duration name:co2 seconds:0.0
Script duration 214.0
Run total estimated duration= 215.000
script duration name:unknown120_60 seconds:214.0
script duration name:co2 seconds:0.0
Script duration 214.0
Run total estimated duration= 215.000
script duration name:unknown120_60 seconds:214.0
script duration name:co2 seconds:0.0
Script duration 214.0
Run total estimated duration= 215.000
script duration name:unknown120_60 seconds:214.0
script duration name:co2 seconds:0.0
Script duration 214.0
Run total estimated duration= 215.000
script duration name:unknown120_60 seconds:214.0
script duration name:co2 seconds:0.0
Script duration 214.0
Run total estimated duration= 215.000
script duration name:unknown120_60 seconds:214.0
script duration name:co2 seconds:0.0
Script duration 214.0
Run total estimated duration= 215.000
script duration name:unknown120_60 seconds:214.0
script duration name:co2 seconds:0.0
Script duration 214.0
Run total estimated duration= 215.000
script duration name:unknown120_60 seconds:214.0
script duration name:co2 seconds:0.0
Script duration 214.0
Run total estimated duration= 215.000
script duration name:unknown120_60 seconds:214.0
script duration name:co2 seconds:0.0
Script duration 214.0
Run total estimated duration= 215.000
script duration name:unknown120_60 seconds:214.0
script duration name:co2 seconds:0.0
Script duration 214.0
Run total estimated duration= 215.000
script duration name:unknown120_60 seconds:214.0
script duration name:co2 seconds:0.0
Script duration 214.0
Run total estimated duration= 215.000
script duration name:unknown120_60 seconds:214.0
script duration name:co2 seconds:0.0
Script duration 214.0
Run total estimated duration= 215.000
script duration name:unknown120_60 seconds:214.0
script duration name:co2 seconds:0.0
Script duration 214.0
Run total estimated duration= 215.000
script duration name:unknown120_60 seconds:214.0
script duration name:co2 seconds:0.0
Script duration 214.0
Run total estimated duration= 215.000
script duration name:unknown120_60 seconds:214.0
script duration name:co2 seconds:0.0
Script duration 214.0
Run total estimated duration= 215.000
script duration name:unknown120_60 seconds:214.0
script duration name:co2 seconds:0.0
Script duration 214.0
Run total estimated duration= 215.000
script duration name:unknown120_60 seconds:214.0
script duration name:co2 seconds:0.0
Script duration 214.0
Run total estimated duration= 215.000
script duration name:unknown400_120 seconds:556.0
script duration name:co2 seconds:0.0
Script duration 556.0
Run total estimated duration= 557.000
script duration name:unknown400_120 seconds:556.0
script duration name:cocktail_x1 seconds:108.0
Script duration 664.0
Run total estimated duration= 665.000
script duration name:unknown120_60 seconds:214.0
script duration name:cocktail_x1 seconds:108.0
Script duration 322.0
Run total estimated duration= 323.000
script duration name:unknown400_120 seconds:556.0
script duration name:sniffair_x2 seconds:250.0
Script duration 806.0
Run total estimated duration= 807.000
script duration name:unknown400_120 seconds:556.0
script duration name:sniffair_x2 seconds:250.0
Script duration 806.0
Run total estimated duration= 807.000
ic_peak_hop3 in script context. using previous estimated duration
script duration name:ic_peak_hop3 seconds:134.0
air_x1 in script context. using previous estimated duration
script duration name:air_x1 seconds:106.0
Script duration 240.0
Run total estimated duration= 241.000
script duration name:unknown120_60 seconds:214.0
script duration name:co2 seconds:0.0
Script duration 214.0
Run total estimated duration= 215.000
script duration name:unknown120_60 seconds:214.0
script duration name:co2 seconds:0.0
Script duration 214.0
Run total estimated duration= 215.000
script duration name:unknown120_60 seconds:214.0
script duration name:co2 seconds:0.0
Script duration 214.0
Run total estimated duration= 215.000
script duration name:unknown120_60 seconds:214.0
script duration name:co2 seconds:0.0
Script duration 214.0
Run total estimated duration= 215.000
script duration name:unknown120_60 seconds:214.0
script duration name:co2 seconds:0.0
Script duration 214.0
Run total estimated duration= 215.000
script duration name:unknown120_60 seconds:214.0
script duration name:co2 seconds:0.0
Script duration 214.0
Run total estimated duration= 215.000
script duration name:unknown120_60 seconds:214.0
script duration name:co2 seconds:0.0
Script duration 214.0
Run total estimated duration= 215.000
script duration name:unknown120_60 seconds:214.0
script duration name:co2 seconds:0.0
Script duration 214.0
Run total estimated duration= 215.000
script duration name:unknown120_60 seconds:214.0
script duration name:co2 seconds:0.0
Script duration 214.0
Run total estimated duration= 215.000
script duration name:unknown120_60 seconds:214.0
script duration name:co2 seconds:0.0
Script duration 214.0
Run total estimated duration= 215.000
script duration name:unknown120_60 seconds:214.0
script duration name:co2 seconds:0.0
Script duration 214.0
Run total estimated duration= 215.000
script duration name:unknown120_60 seconds:214.0
script duration name:co2 seconds:0.0
Script duration 214.0
Run total estimated duration= 215.000
script duration name:unknown120_60 seconds:214.0
script duration name:co2 seconds:0.0
Script duration 214.0
Run total estimated duration= 215.000
script duration name:unknown120_60 seconds:214.0
script duration name:co2 seconds:0.0
Script duration 214.0
Run total estimated duration= 215.000
script duration name:unknown120_60 seconds:214.0
script duration name:co2 seconds:0.0
Script duration 214.0
Run total estimated duration= 215.000
script duration name:unknown400_120 seconds:556.0
script duration name:co2 seconds:0.0
Script duration 556.0
Run total estimated duration= 557.000
script duration name:unknown400_120 seconds:556.0
script duration name:cocktail_x1 seconds:108.0
Script duration 664.0
Run total estimated duration= 665.000
script duration name:unknown120_60 seconds:214.0
script duration name:cocktail_x1 seconds:108.0
Script duration 322.0
Run total estimated duration= 323.000
script duration name:ic_peak_hop3 seconds:134.0
script duration name:air_x1 seconds:106.0
Script duration 240.0
Run total estimated duration= 241.000
script duration name:unknown120_60 seconds:214.0
script duration name:co2 seconds:0.0
Script duration 214.0
Run total estimated duration= 215.000
script duration name:unknown120_60 seconds:214.0
script duration name:co2 seconds:0.0
Script duration 214.0
Run total estimated duration= 215.000
script duration name:unknown120_60 seconds:214.0
script duration name:co2 seconds:0.0
Script duration 214.0
Run total estimated duration= 215.000
script duration name:unknown120_60 seconds:214.0
script duration name:co2 seconds:0.0
Script duration 214.0
Run total estimated duration= 215.000
script duration name:unknown120_60 seconds:214.0
script duration name:co2 seconds:0.0
Script duration 214.0
Run total estimated duration= 215.000
script duration name:unknown120_60 seconds:214.0
script duration name:co2 seconds:0.0
Script duration 214.0
Run total estimated duration= 215.000
script duration name:unknown120_60 seconds:214.0
script duration name:co2 seconds:0.0
Script duration 214.0
Run total estimated duration= 215.000
script duration name:unknown120_60 seconds:214.0
script duration name:co2 seconds:0.0
Script duration 214.0
Run total estimated duration= 215.000
script duration name:unknown120_60 seconds:214.0
script duration name:co2 seconds:0.0
Script duration 214.0
Run total estimated duration= 215.000
script duration name:unknown120_60 seconds:214.0
script duration name:co2 seconds:0.0
Script duration 214.0
Run total estimated duration= 215.000
script duration name:unknown400_120 seconds:556.0
script duration name:sniffair_x2 seconds:250.0
Script duration 806.0
Run total estimated duration= 807.000
script duration name:unknown400_120 seconds:556.0
script duration name:sniffair_x2 seconds:250.0
Script duration 806.0
Run total estimated duration= 807.000
script duration name:unknown400_120 seconds:556.0
script duration name:co2 seconds:0.0
Script duration 556.0
Run total estimated duration= 557.000
nruns=77 before=5.0, run_dur=23227.0, btw=3420.0
write rem/ex queues
/Users/jan/PychronDev/experiments/rem/CurrentExperiment.rem.txt
/Users/jan/PychronDev/experiments/rem/CurrentExperiment.ex.txt
doing event level: 3
