do run
loading script "jan_unknown120_60.py"
loading script "jan_pump_ms.py"
loading script "jan_co2.py"
loading script "jan_pump_extraction_line.py"
testing...
no interpolation path defined
executed 213.652928
script duration name:unknown120_60 seconds:214.0
loading script "jan_unknown120_60.py"
loading script "jan_pump_ms.py"
loading script "jan_co2.py"
loading script "jan_pump_extraction_line.py"
testing...
no interpolation path defined
executed 0
loading script "jan_unknown120_60.py"
loading script "jan_pump_ms.py"
loading script "jan_co2.py"
loading script "jan_pump_extraction_line.py"
testing...
no interpolation path defined
calculate duration
testing...
no interpolation path defined
executed 0
calculate duration
testing...
no interpolation path defined
executed 0
executed 0.0
script duration name:co2 seconds:0.0
loading script "jan_unknown120_60.py"
loading script "jan_pump_ms.py"
loading script "jan_co2.py"
loading script "jan_pump_extraction_line.py"
testing...
no interpolation path defined
calculate duration
testing...
no interpolation path defined
executed 4.0
executed 4.0
Script duration 214.0
Run total estimated duration= 215.000
run duration: 0:03:35
doing event level: 2
02:18:04 -- Setting default integration. t=1.048576
setting integration time = 1.048576
SetIntegrationTime 1.048576 ===>> OK
----------------- start -----------------
**************** Experiment Type: Ar/Ar, Ar/Ar
create new session 5004766384
close session 5004766384
$$$$$ Clearing conditionals
adding conditionals 
Add queue conditionals
add default conditionals
adding default conditionals from /Users/jan/PychronDev/setupfiles/spectrometer/default_conditionals.yaml
Start automated run 65571-03C
loading script "jan_unknown120_60.py"
loading script "jan_pump_ms.py"
loading script "jan_co2.py"
loading script "jan_pump_extraction_line.py"
%%%%%%%%%%%%%%%%%% setting automated run 65571-03C
No value "sensitivity_multiplier" in metadata
$$$$$$$$$$$$$$$ auto_save_detector_ic=False
============================= Pre Extraction Check =============================
loading queue conditionals pre_run_terminations
loading system conditionals pre_run_terminations
loading conditionals from /Users/jan/PychronDev/setupfiles/spectrometer/default_conditionals.yaml
02:18:04 -- ******* Pre Extraction Check *******
Get a measurement from the spectrometer
GetData ===>> H2,-0.282666795207478,H1,0.02295063914326,AX,-0.0332881419253778,L1,-0.0754837447883662,L2,-0.092...
Pre Extraction Termination data. keys=H2,H1,AX,L1,L2,CDD, signals=-0.28267,0.02295,-0.03329,-0.07548,-0.09291,0.00342
02:18:04 -- testing system defined conditionals
Checking default pre extraction terminations n=2
testing CDD
evaluate ot="CDD.inactive" t="CDD", ctx="{'CDD': False}"
GetDeflection CDD ===>> 50
testing CDD==2000
evaluate ot="CDD.deflection==2000" t="CDD==2000", ctx="{'CDD': 50.0}"
02:18:04 -- ******* Pre Extraction Check Passed *******
=================================================================================
02:18:04 -- stopping status monitor
stop 4976489392
Alive clients [4984697584]
02:18:04 -- starting status monitor
start 4976489392
Monitor already running
start extraction
do extraction
Analysis started at 02:18:04.372286
Extraction Started jan_co2.py
02:18:04 -- ******* Extraction Started jan_co2.py *******
state changed from not run to extraction
DO EXTRACTION <pychron.extraction_line.pyscript_runner.RemotePyScriptRunner object at 0x12988f3b0>
testing...
no interpolation path defined
calculate duration
testing...
no interpolation path defined
executed 0
calculate duration
testing...
no interpolation path defined
executed 0
executed 100.0
Jan CO2 laser analysis
doing GOSUB
testing...
no interpolation path defined
executed 0
Waiting for CO2 access
wait ('FelixCO2Flag', 0) {}
waiting for FelixCO2Flag = 0
Read FelixCO2Flag ===>> 0
finished waiting
CO2 free
wait ('CO2PumpTimeFlag', 0) {}
waiting for CO2PumpTimeFlag = 0
Read CO2PumpTimeFlag ===>> 0
finished waiting
acquire ('JanCO2Flag',) {'clear': True}
acquire JanCO2Flag
Set JanCO2Flag 1 ===>> OK
JanCO2Flag acquired
set extraction state False (0.75, 'red', 1.5)
CO2 acquired
executed 0
WaitForCO2Access.py completed successfully
gosub finished
doing GOSUB
testing...
no interpolation path defined
executed 0
Prepare for CO2 analysis
close () {'description': 'Jan Inlet'}
closing name=--- desc=Jan Inlet
checking ownership. requestor=129.138.12.150
check software interlocks R
interlocks []
actuate state mode=None-script, software_lock=False
doing actuation None-script close_channel False
Close R ===>> OK
GetIndicatorState R ===>> False
change switch state (True, True)
update switch state R False args=() kw={} ncanvase=2
02:18:04 -- CLOSE  VALVE-R (Jan Inlet)
---------------------------------------- close None (Jan Inlet) result=[(True, True)]
action=close, ok=True, locked=[False]
open () {'description': 'Jan Ion Pump'}
opening name=--- desc=Jan Ion Pump
checking ownership. requestor=129.138.12.150
check software interlocks O
interlocks []
actuate state mode=None-script, software_lock=False
doing actuation None-script open_channel False
Open O ===>> OK
GetIndicatorState O ===>> OK
change switch state (True, True)
update switch state O True args=() kw={} ncanvase=2
02:18:05 -- OPEN   VALVE-O (Jan Ion Pump)
---------------------------------------- open None (Jan Ion Pump) result=[(True, True)], time=0.09 sec
action=open, ok=True, locked=[False]
close () {'description': 'Microbone to Minibone'}
closing name=--- desc=Microbone to Minibone
checking ownership. requestor=129.138.12.150
check software interlocks L
interlocks []
actuate state mode=None-script, software_lock=False
doing actuation None-script close_channel False
Close L ===>> OK
Get Checksum: 2035439760
GetIndicatorState L ===>> False
change switch state (True, True)
update switch state L False args=() kw={} ncanvase=2
02:18:05 -- CLOSE  VALVE-L (Microbone to Minibone)
---------------------------------------- close None (Microbone to Minibone) result=[(True, True)]
action=close, ok=True, locked=[False]
open () {'description': 'Microbone to Turbo'}
opening name=--- desc=Microbone to Turbo
checking ownership. requestor=129.138.12.150
check software interlocks U
interlocks []
actuate state mode=None-script, software_lock=False
doing actuation None-script open_channel False
Open U ===>> OK
GetIndicatorState U ===>> OK
change switch state (True, True)
update switch state U True args=() kw={} ncanvase=2
02:18:06 -- OPEN   VALVE-U (Microbone to Turbo)
---------------------------------------- open None (Microbone to Turbo) result=[(True, True)], time=0.14 sec
action=open, ok=True, locked=[False]
open () {'description': 'Microbone to Inlet Pipette'}
opening name=--- desc=Microbone to Inlet Pipette
checking ownership. requestor=129.138.12.150
check software interlocks S
interlocks []
actuate state mode=None-script, software_lock=False
doing actuation None-script open_channel False
Open S ===>> OK
GetIndicatorState S ===>> OK
change switch state (True, True)
update switch state S True args=() kw={} ncanvase=2
02:18:06 -- OPEN   VALVE-S (Microbone to Inlet Pipette)
---------------------------------------- open None (Microbone to Inlet Pipette) result=[(True, True)], time=0.43 sec
action=open, ok=True, locked=[False]
open () {'description': 'Microbone to Getter D-50'}
opening name=--- desc=Microbone to Getter D-50
checking ownership. requestor=129.138.12.150
check software interlocks K
interlocks []
actuate state mode=None-script, software_lock=False
doing actuation None-script open_channel False
Open K ===>> OK
GetIndicatorState K ===>> OK
change switch state (True, True)
update switch state K True args=() kw={} ncanvase=2
02:18:07 -- OPEN   VALVE-K (Microbone to Getter D-50)
---------------------------------------- open None (Microbone to Getter D-50) result=[(True, True)], time=0.42 sec
action=open, ok=True, locked=[False]
open () {'description': 'Microbone to Getter NP-10'}
opening name=--- desc=Microbone to Getter NP-10
checking ownership. requestor=129.138.12.150
check software interlocks M
interlocks []
actuate state mode=None-script, software_lock=False
doing actuation None-script open_channel False
Open M ===>> OK
GetIndicatorState M ===>> OK
change switch state (True, True)
update switch state M True args=() kw={} ncanvase=2
02:18:08 -- OPEN   VALVE-M (Microbone to Getter NP-10)
---------------------------------------- open None (Microbone to Getter NP-10) result=[(True, True)], time=0.14 sec
action=open, ok=True, locked=[False]
close () {'description': 'CO2 Laser to Felix'}
closing name=--- desc=CO2 Laser to Felix
checking ownership. requestor=129.138.12.150
check software interlocks F
interlocks []
actuate state mode=None-script, software_lock=True
VALVE-F(CO2 Laser to Felix) software locked
change switch state (True, False)
---------------------------------------- close None (CO2 Laser to Felix) result=[(True, False)]
action=close, ok=True, locked=[True]
open () {'description': 'CO2 Laser to Jan'}
opening name=--- desc=CO2 Laser to Jan
checking ownership. requestor=129.138.12.150
check software interlocks A
interlocks []
actuate state mode=None-script, software_lock=False
doing actuation None-script open_channel False
Open A ===>> OK
GetIndicatorState A ===>> OK
change switch state (True, True)
update switch state A True args=() kw={} ncanvase=2
02:18:08 -- OPEN   VALVE-A (CO2 Laser to Jan)
---------------------------------------- open None (CO2 Laser to Jan) result=[(True, True)], time=0.13 sec
action=open, ok=True, locked=[False]
open () {'description': 'Microbone to CO2 Laser'}
opening name=--- desc=Microbone to CO2 Laser
checking ownership. requestor=129.138.12.150
check software interlocks T
interlocks []
actuate state mode=None-script, software_lock=False
doing actuation None-script open_channel False
Open T ===>> OK
Get Checksum: 2035439760
GetIndicatorState T ===>> OK
change switch state (True, True)
update switch state T True args=() kw={} ncanvase=2
02:18:09 -- OPEN   VALVE-T (Microbone to CO2 Laser)
---------------------------------------- open None (Microbone to CO2 Laser) result=[(True, True)], time=0.41 sec
action=open, ok=True, locked=[False]
executed 0
PrepareForCO2Analysis.py completed successfully
gosub finished
set_motor ('beam', '1.25') {}
setting motor "beam" to 1.25
set motor beam to 1.25
SetMotor beam,1.25 ===>> OK
GetMotorMoving beam ===>> False
GetMotorMoving beam ===>> False
Block completed
move_to_position ('186',) {'autocenter': True}
FusionsCO2 move to position 186
sending GoToHole 186,True
GoToHole 186,True ===>> OK
GetDriveMoving ===>> False
GetDriveMoving ===>> False
Block completed
GetAutoCorrecting ===>> False
Get Checksum: 2035439760
GetAutoCorrecting ===>> False
Block completed
update position
GetPosition ===>> -7.97560,-9.96950,1.00000
got position (-7.9756, -9.9695, 1.0)
move to position succeeded
sleep (5,) {}
SLEEP 5.0
block started
WaitControl setup for 5.0  
Get Checksum: 2035439760
Join finished
block finished. duration 5.01869392395
close () {'description': 'Microbone to Turbo'}
closing name=--- desc=Microbone to Turbo
checking ownership. requestor=129.138.12.150
check software interlocks U
interlocks []
actuate state mode=None-script, software_lock=False
doing actuation None-script close_channel True
Close U ===>> OK
GetIndicatorState U ===>> False
change switch state (True, True)
update switch state U False args=() kw={} ncanvase=2
02:18:17 -- CLOSE  VALVE-U (Microbone to Turbo)
---------------------------------------- close None (Microbone to Turbo) result=[(True, True)]
action=close, ok=True, locked=[False]
enable laser
enable () {}
set extraction state FusionsCO2 Enabled (False, 'red', 1.5)
enabling laser
Get Checksum: -1640178555
Enable ===>> OK
begin interval
BEGIN INTERVAL Interval 1 waiting for 30.0
block started
set extract to 5.0
WaitControl setup for 30.0  
extract (5.0,) {}
GetPosition ===>> -7.97560,-9.96950,1.00000
set extraction state FusionsCO2 ON! 5.0(watts) (0.75, 'red', 1.5)
extract sample to 5.0 (watts)
set laser output
SetLaserOutput 5.0,watts ===>> OK
executing pattern triangle.lp
execute_pattern ('triangle.lp',) {}
executing pattern triangle.lp
IsPatterning ===>> OK
IsPatterning ===>> OK
Get Checksum: -1640178555
IsPatterning ===>> OK
IsPatterning ===>> OK
IsPatterning ===>> OK
Get Checksum: -1640178555
IsPatterning ===>> OK
IsPatterning ===>> OK
IsPatterning ===>> OK
Get Checksum: -1640178555
IsPatterning ===>> OK
IsPatterning ===>> OK
IsPatterning ===>> OK
Get Checksum: -1640178555
IsPatterning ===>> OK
IsPatterning ===>> OK
IsPatterning ===>> OK
Get Checksum: -1640178555
IsPatterning ===>> OK
IsPatterning ===>> OK
IsPatterning ===>> OK
Get Checksum: -1640178555
IsPatterning ===>> OK
IsPatterning ===>> OK
IsPatterning ===>> OK
Get Checksum: -1640178555
IsPatterning ===>> OK
IsPatterning ===>> OK
IsPatterning ===>> OK
Get Checksum: -1640178555
IsPatterning ===>> OK
IsPatterning ===>> OK
IsPatterning ===>> OK
Get Checksum: -1640178555
IsPatterning ===>> OK
IsPatterning ===>> OK
IsPatterning ===>> False
Join finished
block finished. duration 30.0550301075
Interval 1 finished
Get Checksum: -1640178555
IsPatterning ===>> False
Block completed
COMPLETE INTERVAL waiting for Interval 1 to complete
end_extract () {}
ending extraction. set laser power to 0
set laser power 0
SetLaserPower 0 ===>> OK
disable () {}
%%%%%%%%%%%%%%%%%%%%%%%%%%%%%%%%%%% disable
set extraction state False (0.75, 'red', 1.5)
disabling laser
Disable ===>> OK
sleep (30.0,) {}
SLEEP 30.0
block started
WaitControl setup for 30.0  
Get Checksum: -1640178555
Get Checksum: -1640178555
Get Checksum: -1640178555
Get Checksum: -1640178555
Get Checksum: -1640178555
Get Checksum: -1640178555
Get Checksum: -1640178555
Get Checksum: -1640178555
Get Checksum: -1640178555
Get Checksum: -1640178555
Join finished
block finished. duration 30.0790908337
executed 165.0
jan_co2.py completed successfully
GetAchievedOutput ===>> No Response
Requested Output= 0.000
Achieved Output=  0.000
GetResponseBlob ===>> No Response
GetOutputBlob ===>> No Response
persistence save...
persistence save - db
AutomatedRunPersister post_extraction_save deprecated
persistence save - dvc
no extraction position for 186
create new session 4984345712
close session 4984345712
Extraction Finished
02:19:19 -- ******* Extraction Finished *******
no overlap. not waiting for min ms pumptime
02:19:19 -- Sending spectrometer configuration
======== Sending configuration ========
SetDeflection CDD,50.0 ===>> OK
SetDeflection H2,0.0 ===>> OK
SetDeflection H1,0.0 ===>> OK
SetDeflection L2,825.0 ===>> OK
SetDeflection L1,400.0 ===>> OK
SetDeflection AX,190.0 ===>> OK
SetZFocus 74.64 ===>> OK
SetZSymmetry -50.72 ===>> OK
SetExtractionLens 26.13 ===>> OK
SetIonRepeller -3.81 ===>> OK
SetElectronEnergy 75.08 ===>> OK
SetYSymmetry -2.81 ===>> OK
SetIonCounterVoltage 1590.0 ===>> OK
send trap current 200.0
GetParameter Trap Current Readback ===>> 198.035158395898
SetParameter Trap Current Set,200.0 ===>> OK
updating mftable name mftable
Using mftable located at /Users/jan/PychronDev/setupfiles/spectrometer/mftables/mftable.csv
============ MFtable ===========
Isotope  H2     H1     AX     L1     L2     CDD    
Ar40     5.7807 5.8791 5.9924 6.1206 6.2309 6.3488
Ar39     5.6799 5.7713 5.8849 6.0067 6.1160 6.2354
Ar36     5.3575 5.4403 5.5482 5.6655 5.7710 5.8864
================================
get initial guess parabolic
get initial guess parabolic
get initial guess parabolic
get initial guess parabolic
get initial guess parabolic
get initial guess parabolic
======== Configuration Finished ========
GetYSymmetry ===>> -2.81
GetZSymmetry ===>> -50.72
GetParameter Trap Current Readback ===>> 198.147042666178
GetHighVoltage ===>> 4500
start measurement
do measurement
L#=65571 analysis type=unknown
Measurement Started jan_unknown120_60.py
02:19:19 -- ******* Measurement Started jan_unknown120_60.py *******
state changed from extraction to measurement
setting spec, defl, and gains
GetExtractionLens ===>> 26.13
GetYSymmetry ===>> -2.81
GetZSymmetry ===>> -50.72
GetZFocus ===>> 74.64
GetDeflection H2 ===>> 0
GetDeflection H1 ===>> 0
GetDeflection AX ===>> 190
GetDeflection L1 ===>> 400
GetDeflection L2 ===>> 825
GetDeflection CDD ===>> 50
GetGain H2 ===>> 0.0113
GetGain H1 ===>> 0.1
GetGain AX ===>> 0.097049
GetGain L1 ===>> 0.010355
GetGain L2 ===>> 0.095649
GetGain CDD ===>> 0
pre measurement save
New frame /Users/jan/PychronDev/data/isotopes/c9/f68b4a-32b0-4ab6-9b0b-f82307b45f3b.h5
flush and close file /Users/jan/PychronDev/data/isotopes/c9/f68b4a-32b0-4ab6-9b0b-f82307b45f3b.h5
testing...
no interpolation path defined
executed 226.132928
unknown measurement script
activate_detectors ('H2', 'H1', 'AX', 'L1', 'L2', 'CDD') {}
activate detectors
*************** Set Analysis View Ar/Ar
create graphs
clearing graphs
clear isotope group
setting isotope det=H2, iso=PM41
setting isotope det=H1, iso=Ar40
setting isotope det=AX, iso=Ar39
setting isotope det=L1, iso=Ar38
setting isotope det=L2, iso=Ar37
setting isotope det=CDD, iso=Ar36
setting previous blanks
 - setting Ar40 blank 0.240+/-0.007
 - setting Ar36 blank 0.00461+/-0.00018
 - setting Ar37 blank 0.049+/-0.005
 - setting Ar38 blank 0.0100+/-0.0021
 - setting PM41 blank 0.03+/-0.07
 - setting Ar39 blank 0.028+/-0.009
load analysis view
position_magnet ('Ar40',) {'detector': 'H1'}
detector Detector(H1)
POSITION Ar40 H1
setting detector H2 to PM41 (40.9624)
setting detector H1 to Ar40 (39.9624)
setting detector AX to Ar39 (38.9624)
setting detector L1 to Ar38 (37.9624)
setting detector L2 to Ar37 (36.9624)
setting detector CDD to Ar36 (35.9624)
Mapping mass to dac mass func: "parabolic"
H1 map mass coeffs = [-0.00063987  0.15840543  0.57066999]
H1 map mass to dac 39.9624 >> 5.87906
GetDeflection H1 ===>> 0
GetHighVoltage ===>> 4500
positioning Ar40 (5.87906) on H1
setting magnet DAC
current  : 5.879061
requested: 5.879060
Delta Dac: 0.000001
Checking detector protection. dv=0.00000
Checking detector "CDD". Protection Threshold: 0.1 (V)
SetMagnetDAC 5.87906 ===>> OK
Magnet settling time: 0.500
equilibrate () {'delay': 3, 'inlet': 'R', 'outlet': 'O', 'eqtime': 12.0}
Equilibration Started
02:19:21 -- ******* Equilibration Started *******
checking ownership. requestor=129.138.12.150
check software interlocks O
interlocks []
actuate state mode=None-script, software_lock=False
doing actuation None-script close_channel True
Close O ===>> OK
GetIndicatorState O ===>> False
change switch state (True, True)
update switch state O False args=() kw={} ncanvase=2
02:19:21 -- CLOSE  VALVE-O (Jan Ion Pump)
Get Checksum: -423938523
waiting 3s before opening inlet value ('R',)
State checksums do not match. Local:-1640178555 Remote:-423938523
State checksum failed
checking ownership. requestor=129.138.12.150
check software interlocks R
interlocks []
actuate state mode=None-script, software_lock=False
doing actuation None-script open_channel True
Open R ===>> OK
set states for children of R. state=True
handle state [('R', True)]
update switch state R True args=() kw={'refresh': False} ncanvase=2
refresh_canvas_needed fired
GetIndicatorState R ===>> OK
change switch state (True, True)
update switch state R True args=() kw={} ncanvase=2
Get Checksum: -173909521
02:19:24 -- OPEN   VALVE-R (Jan Inlet)
equilibrating for 12.0sec
set_time_zero () {}
sniff (12.0,) {}
py_sniff
build tables- sniff [Detector(H2), Detector(H1), Detector(AX), Detector(L1), Detector(L2), Detector(CDD)]
add group /sniff/PM41 (Group) '' table H2
add group /sniff/Ar40 (Group) '' table H1
add group /sniff/Ar39 (Group) '' table AX
add group /sniff/Ar38 (Group) '' table L1
add group /sniff/Ar37 (Group) '' table L2
add group /sniff/Ar36 (Group) '' table CDD
flush and close file /Users/jan/PychronDev/data/isotopes/c9/f68b4a-32b0-4ab6-9b0b-f82307b45f3b.h5
measuring sniff. ncounts=12.0
starting measurement
GetData ===>> H2,0.00150516170237268,H1,45.7467053508423,AX,10.8714820464935,L1,0.022022356908953,L2,0.17017874...
GetData ===>> H2,0.981709346317004,H1,408.58478881973,AX,91.8425172642099,L1,0.553502224099448,L2,0.57078455614...
GetData ===>> H2,0.482578358612861,H1,602.533470531335,AX,130.087570529574,L1,1.11921987525829,L2,0.68208308364...
Get Checksum: -173909521
GetData ===>> H2,0.0880028674187823,H1,663.97274109321,AX,140.7900751101,L1,1.4781192246338,L2,0.64199873865861...
GetData ===>> H2,0.063109715369079,H1,685.892909111108,AX,144.327554649999,L1,1.63837695222467,L2,0.59922279170...
GetData ===>> H2,0.0768104892008278,H1,694.990781098773,AX,145.578610544428,L1,1.73931368408118,L2,0.5957461739...
Get Checksum: -173909521
GetData ===>> H2,-0.110336539967618,H1,698.392492738388,AX,146.385111907247,L1,1.79539144837714,L2,0.6191242780...
GetData ===>> H2,-0.0837708851873289,H1,699.477205993978,AX,146.605294002117,L1,1.80431668986875,L2,0.613073331...
GetData ===>> H2,0.0237930873553549,H1,700.169398668839,AX,146.739464261658,L1,1.82383537666928,L2,0.6842101024...
Get Checksum: -173909521
GetData ===>> H2,-0.0814477086797744,H1,700.160866676004,AX,146.544836262379,L1,1.8514189770808,L2,0.6553164086...
GetData ===>> H2,-0.181806387358869,H1,700.188609659736,AX,146.724776405818,L1,1.86989756434866,L2,0.5634905409...
Get Checksum: -173909521
GetData ===>> H2,-0.104091847641094,H1,699.863871347514,AX,146.719772244962,L1,1.86706697657732,L2,0.6013843050...
Equilibration Finished
02:19:37 -- ******* Equilibration Finished *******
checking ownership. requestor=129.138.12.150
check software interlocks R
interlocks []
actuate state mode=None-script, software_lock=False
doing actuation None-script close_channel True
Close R ===>> OK
GetIndicatorState R ===>> False
change switch state (True, True)
update switch state R False args=() kw={} ncanvase=2
02:19:37 -- CLOSE  VALVE-R (Jan Inlet)
Post Equilibration Started jan_pump_extraction_line.py
02:19:37 -- ******* Post Equilibration Started jan_pump_extraction_line.py *******
testing...
no interpolation path defined
calculate duration
testing...
no interpolation path defined
executed 4.0
executed 4.0
Pump after analysis
doing GOSUB
testing...
no interpolation path defined
executed 4.0
Pump Microbone
close () {'description': 'Jan Inlet'}
closing name=--- desc=Jan Inlet
checking ownership. requestor=129.138.12.150
check software interlocks R
interlocks []
actuate state mode=None-script, software_lock=False
doing actuation None-script close_channel False
measurement finished
estimated time: 12.583 actual time: :12.659
flush and close file /Users/jan/PychronDev/data/isotopes/c9/f68b4a-32b0-4ab6-9b0b-f82307b45f3b.h5
set_fits () {}
using default fits file=/Users/jan/PychronDev/scripts/measurement/fits/nominal_linear.yaml
set "Ar40" to "('Linear', 'SEM')"
No fit for "PM41". defaulting to linear. check the measurement script "jan_unknown120_60.py"
set "PM41" to "linear"
set "Ar36" to "('Linear', 'SEM')"
set "Ar37" to "('linear', 'SEM')"
set "Ar38" to "('linear', 'SEM')"
set "Ar39" to "('Linear', 'SEM')"
set_baseline_fits () {}
Close R ===>> OK
using default fits file=/Users/jan/PychronDev/scripts/measurement/fits/nominal_linear.yaml
set "H1" to "('average', 'SEM')"
set "H2" to "('average', 'SEM')"
set "CDD" to "('average', 'SEM')"
set "L2" to "('average', 'SEM')"
set "L1" to "('average', 'SEM')"
set "AX" to "('average', 'SEM')"
multicollect () {'integration_time': 1, 'ncounts': 120}
build tables- signal [Detector(H2), Detector(H1), Detector(AX), Detector(L1), Detector(L2), Detector(CDD)]
add group /signal/PM41 (Group) '' table H2
add group /signal/Ar40 (Group) '' table H1
add group /signal/Ar39 (Group) '' table AX
add group /signal/Ar38 (Group) '' table L1
add group /signal/Ar37 (Group) '' table L2
add group /signal/Ar36 (Group) '' table CDD
flush and close file /Users/jan/PychronDev/data/isotopes/c9/f68b4a-32b0-4ab6-9b0b-f82307b45f3b.h5
measuring signal. ncounts=120
GetIndicatorState R ===>> False
change switch state (True, True)
update switch state R False args=() kw={} ncanvase=2
02:19:38 -- CLOSE  VALVE-R (Jan Inlet)
---------------------------------------- close None (Jan Inlet) result=[(True, True)]
action=close, ok=True, locked=[False]
is_closed ('F',) {}
is F () closed?
is closed True
open () {'description': 'CO2 Laser to Jan'}
opening name=--- desc=CO2 Laser to Jan
checking ownership. requestor=129.138.12.150
check software interlocks A
interlocks []
actuate state mode=None-script, software_lock=False
doing actuation None-script open_channel False
Open A ===>> OK
GetIndicatorState A ===>> OK
change switch state (True, True)
update switch state A True args=() kw={} ncanvase=2
02:19:38 -- OPEN   VALVE-A (CO2 Laser to Jan)
---------------------------------------- open None (CO2 Laser to Jan) result=[(True, True)], time=0.12 sec
starting measurement
GetData ===>> H2,-0.111041892218643,H1,700.101039948058,AX,146.665712251347,L1,1.89621231401963,L2,0.6148119390...
action=open, ok=True, locked=[False]
sleep (1,) {}
SLEEP 1.0
GetData ===>> H2,-0.00222081944847627,H1,700.222472368715,AX,146.663414369162,L1,1.91196217754348,L2,0.64694835...
close () {'description': 'CO2 Laser to Roughing'}
closing name=--- desc=CO2 Laser to Roughing
checking ownership. requestor=129.138.12.150
check software interlocks G
interlocks []
actuate state mode=None-script, software_lock=True
VALVE-G(CO2 Laser to Roughing) software locked
change switch state (True, False)
---------------------------------------- close None (CO2 Laser to Roughing) result=[(True, False)]
action=close, ok=True, locked=[True]
open () {'description': 'Microbone to Turbo'}
opening name=--- desc=Microbone to Turbo
checking ownership. requestor=129.138.12.150
check software interlocks U
interlocks []
actuate state mode=None-script, software_lock=False
doing actuation None-script open_channel True
Open U ===>> OK
GetIndicatorState U ===>> OK
change switch state (True, True)
update switch state U True args=() kw={} ncanvase=2
02:19:40 -- OPEN   VALVE-U (Microbone to Turbo)
---------------------------------------- open None (Microbone to Turbo) result=[(True, True)], time=0.16 sec
Get Checksum: -110011688
action=open, ok=True, locked=[False]
open () {'description': 'Microbone to Getter NP-10'}
opening name=--- desc=Microbone to Getter NP-10
checking ownership. requestor=129.138.12.150
check software interlocks M
interlocks []
actuate state mode=None-script, software_lock=False
doing actuation None-script open_channel False
Open M ===>> OK
GetIndicatorState M ===>> OK
change switch state (True, True)
update switch state M True args=() kw={} ncanvase=2
02:19:40 -- OPEN   VALVE-M (Microbone to Getter NP-10)
---------------------------------------- open None (Microbone to Getter NP-10) result=[(True, True)], time=0.12 sec
action=open, ok=True, locked=[False]
open () {'description': 'Microbone to Getter D-50'}
opening name=--- desc=Microbone to Getter D-50
checking ownership. requestor=129.138.12.150
check software interlocks K
interlocks []
actuate state mode=None-script, software_lock=False
doing actuation None-script open_channel False
GetData ===>> H2,0.0826812802825869,H1,699.454148351267,AX,146.423508245724,L1,1.89964027920281,L2,0.5869293957...
Open K ===>> OK
GetIndicatorState K ===>> OK
change switch state (True, True)
update switch state K True args=() kw={} ncanvase=2
02:19:41 -- OPEN   VALVE-K (Microbone to Getter D-50)
---------------------------------------- open None (Microbone to Getter D-50) result=[(True, True)], time=0.41 sec
action=open, ok=True, locked=[False]
open () {'description': 'Microbone to CO2 Laser'}
opening name=--- desc=Microbone to CO2 Laser
checking ownership. requestor=129.138.12.150
check software interlocks T
interlocks []
actuate state mode=None-script, software_lock=False
doing actuation None-script open_channel False
Open T ===>> OK
GetIndicatorState T ===>> OK
change switch state (True, True)
update switch state T True args=() kw={} ncanvase=2
02:19:41 -- OPEN   VALVE-T (Microbone to CO2 Laser)
---------------------------------------- open None (Microbone to CO2 Laser) result=[(True, True)], time=0.40 sec
GetData ===>> H2,-0.25451453819998,H1,699.641227278154,AX,146.386189082099,L1,1.88752503311964,L2,0.60252798261...
action=open, ok=True, locked=[False]
open () {'description': 'Microbone to Inlet Pipette'}
opening name=--- desc=Microbone to Inlet Pipette
checking ownership. requestor=129.138.12.150
check software interlocks S
interlocks []
actuate state mode=None-script, software_lock=False
doing actuation None-script open_channel False
Open S ===>> OK
GetIndicatorState S ===>> OK
change switch state (True, True)
update switch state S True args=() kw={} ncanvase=2
02:19:42 -- OPEN   VALVE-S (Microbone to Inlet Pipette)
---------------------------------------- open None (Microbone to Inlet Pipette) result=[(True, True)], time=0.44 sec
action=open, ok=True, locked=[False]
sleep (1,) {}
SLEEP 1.0
GetData ===>> H2,-0.19239146020226,H1,699.713148083412,AX,146.403932960184,L1,1.89142151690169,L2,0.74008981312...
set_resource () {'name': 'CO2PumpTimeFlag', 'value': 30}
Set CO2PumpTimeFlag 30 ===>> OK
release ('JanCO2Flag',) {}
release JanCO2Flag
Set JanCO2Flag 0 ===>> OK
executed 6.0
PumpMicrobone.py completed successfully
gosub finished
get_resource_value () {'name': 'JanMiniboneFlag'}
Read JanMiniboneFlag ===>> 0
Get Resource Value JanMiniboneFlag=0.0
get resource value 0.0
get_resource_value () {'name': 'JanMiniboneFlag'}
Read JanMiniboneFlag ===>> 0
Get Resource Value JanMiniboneFlag=0.0
executed 4.0
jan_pump_extraction_line.py completed successfully
Post Equilibration Finished
02:19:43 -- ******* Post Equilibration Finished *******
GetData ===>> H2,-0.12717855957456,H1,699.500626189872,AX,146.319254575929,L1,1.88422151684283,L2,0.53294858892...
GetData ===>> H2,-0.174195581927316,H1,699.05066815016,AX,146.242267564095,L1,1.84545129273135,L2,0.60903576738...
Get Checksum: -110011688
GetData ===>> H2,-0.0734640146383825,H1,698.288586425916,AX,146.332541850223,L1,1.86377056779601,L2,0.555053954...
GetData ===>> H2,-0.0817863936984932,H1,698.598193535776,AX,146.139611345417,L1,1.87738987620216,L2,0.598994062...
Get Checksum: -110011688
GetData ===>> H2,-0.186628819528919,H1,698.079608599931,AX,146.045366497628,L1,1.89997525253097,L2,0.7004844993...
GetData ===>> H2,-0.195319262829175,H1,697.957194674952,AX,145.988926406914,L1,1.8754021851628,L2,0.62991726692...
GetData ===>> H2,-0.135643953137459,H1,696.847142351706,AX,145.990448825811,L1,1.86085258345182,L2,0.5416346814...
Get Checksum: -110011688
GetData ===>> H2,-0.0536982912158416,H1,696.490432562669,AX,146.007460245062,L1,1.85125520239587,L2,0.653075709...
GetData ===>> H2,-0.194616720582016,H1,696.568566135222,AX,145.960652486427,L1,1.83494673708613,L2,0.5753350220...
GetData ===>> H2,-0.248947322803998,H1,696.481241272772,AX,145.930739607376,L1,1.8277498999601,L2,0.61639043853...
Get Checksum: -110011688
GetData ===>> H2,-0.0946998085743851,H1,696.31752003058,AX,146.044919776016,L1,1.86607336252221,L2,0.6432446912...
GetData ===>> H2,-0.0260152566938734,H1,695.921204254645,AX,145.826584223958,L1,1.84575117146544,L2,0.594190885...
GetData ===>> H2,-0.0877682544272984,H1,695.622384187791,AX,145.745015637317,L1,1.82914884304695,L2,0.516755698...
Get Checksum: -110011688
GetData ===>> H2,-0.218501433238728,H1,695.105552643219,AX,145.653856508638,L1,1.85319183037712,L2,0.5609754918...
GetData ===>> H2,-0.105305733799665,H1,695.193230436218,AX,145.480568949837,L1,1.85655356756028,L2,0.5800572162...
GetData ===>> H2,-0.0154738133784057,H1,695.029515205993,AX,145.585543703775,L1,1.84925996753203,L2,0.569835616...
Get Checksum: -110011688
GetData ===>> H2,-0.148818438681797,H1,694.766682490999,AX,145.750613226727,L1,1.84945908173427,L2,0.5834646580...
GetData ===>> H2,-0.160537857855379,H1,694.577259794701,AX,145.693266957085,L1,1.86425939627157,L2,0.5913319658...
GetData ===>> H2,-0.152222664514781,H1,694.506579668325,AX,145.463967544829,L1,1.88139783765924,L2,0.6123184203...
Get Checksum: -110011688
02:20:03 -- collecting point 25
GetData ===>> H2,-0.154711782826141,H1,693.680052935264,AX,145.435876550679,L1,1.84995295291767,L2,0.5724080644...
GetData ===>> H2,-0.107585648704376,H1,693.565137032425,AX,145.140276594464,L1,1.87605027732917,L2,0.6263399801...
GetData ===>> H2,-0.123857860839137,H1,693.272424676884,AX,145.114294206759,L1,1.80660800760165,L2,0.5537965326...
Get Checksum: -110011688
GetData ===>> H2,-0.114674913089467,H1,692.843106242488,AX,145.268330865233,L1,1.78767075060936,L2,0.5404002940...
GetData ===>> H2,-0.150264821091383,H1,692.717113078538,AX,145.072584887325,L1,1.79787383576108,L2,0.6155897471...
GetData ===>> H2,-0.203075436442257,H1,692.017273406518,AX,145.003463107249,L1,1.82981631553074,L2,0.5365829372...
Get Checksum: -110011688
GetData ===>> H2,-0.14525774221644,H1,691.900403726445,AX,144.957375265539,L1,1.87053615329958,L2,0.44895124456...
GetData ===>> H2,-0.101679929767431,H1,691.785876651889,AX,145.145886719599,L1,1.85525200119919,L2,0.5569058248...
GetData ===>> H2,-0.159208917293243,H1,691.744359320844,AX,144.918272118574,L1,1.87496927035732,L2,0.6269685671...
Get Checksum: -110011688
GetData ===>> H2,-0.222568544843435,H1,691.634332617873,AX,144.72798645807,L1,1.84733974853355,L2,0.59112612689...
GetData ===>> H2,-0.251770271080092,H1,691.084944337903,AX,144.628120904066,L1,1.7835676271264,L2,0.57197360179...
GetData ===>> H2,-0.191840131821208,H1,690.869251512915,AX,144.768908070138,L1,1.8094005851928,L2,0.48185371872...
Get Checksum: -110011688
GetData ===>> H2,-0.115467959065237,H1,690.651022224013,AX,144.876487042222,L1,1.79574828149767,L2,0.5713790771...
GetData ===>> H2,-0.0253494260395252,H1,690.316978817678,AX,144.624745225884,L1,1.83564206146018,L2,0.503318931...
Get Checksum: -110011688
GetData ===>> H2,-0.0532356187533849,H1,690.042412503539,AX,144.852391947011,L1,1.81129800840759,L2,0.501536644...
GetData ===>> H2,-0.182986892798736,H1,689.833559814804,AX,144.611403027057,L1,1.80446960376156,L2,0.6460109923...
GetData ===>> H2,-0.190121270715366,H1,689.432951317983,AX,144.719936803124,L1,1.77750954196719,L2,0.7060891116...
Get Checksum: -110011688
GetData ===>> H2,-0.104006586547726,H1,689.401884087163,AX,144.699187443329,L1,1.79947023311921,L2,0.5903027755...
GetData ===>> H2,-0.0921206152773846,H1,689.052391754964,AX,144.48329903654,L1,1.77731101576871,L2,0.5655369249...
GetData ===>> H2,-0.215531891610292,H1,688.974186269189,AX,144.416316816319,L1,1.77068204510203,L2,0.6174427859...
Get Checksum: -110011688
GetData ===>> H2,-0.307588836619473,H1,688.519154973025,AX,144.232735391521,L1,1.83152837154883,L2,0.5682578830...
GetData ===>> H2,-0.361487074361197,H1,688.1832635688,AX,144.210678641725,L1,1.79896291704728,L2,0.540777466327...
GetData ===>> H2,-0.328656252262708,H1,687.760486616555,AX,144.253618302185,L1,1.79657178685433,L2,0.5043357639...
Get Checksum: -110011688
GetData ===>> H2,-0.173296666156331,H1,687.866410948703,AX,144.270216335118,L1,1.79836802731407,L2,0.6471198214...
GetData ===>> H2,0.0248968166499228,H1,686.82241014154,AX,143.932762646295,L1,1.77129554935926,L2,0.57863939017...
02:20:30 -- collecting point 50
GetData ===>> H2,-0.108237741982298,H1,687.124570653582,AX,143.872408132201,L1,1.78865039925659,L2,0.6150178288...
Get Checksum: -110011688
GetData ===>> H2,-0.115545095393987,H1,686.642898879646,AX,143.813798531,L1,1.82083062349403,L2,0.5998174889334...
GetData ===>> H2,-0.109591878734371,H1,686.797564022628,AX,143.914242935721,L1,1.83790511658199,L2,0.5194067112...
GetData ===>> H2,-0.145542801198909,H1,686.520777010777,AX,143.582485166175,L1,1.7804147050436,L2,0.62816860847...
Get Checksum: -110011688
GetData ===>> H2,-0.0268943653540514,H1,686.05368117646,AX,143.592381751858,L1,1.77213362558568,L2,0.6473027222...
GetData ===>> H2,-0.152624041396324,H1,685.867982736359,AX,143.632195660482,L1,1.78816317638837,L2,0.6527784783...
GetData ===>> H2,-0.133973921305028,H1,685.640415467737,AX,143.652963088368,L1,1.80227658550183,L2,0.6139311933...
Get Checksum: -110011688
GetData ===>> H2,-0.159354784236685,H1,685.004351317146,AX,143.573697644731,L1,1.80756885649845,L2,0.6061077814...
GetData ===>> H2,-0.205843825122741,H1,684.895463689077,AX,143.480193033543,L1,1.78505094711337,L2,0.6521611541...
GetData ===>> H2,-0.15527790662554,H1,684.667361672132,AX,143.36871646057,L1,1.78229354332906,L2,0.610248162705...
Get Checksum: -110011688
GetData ===>> H2,-0.177494810543942,H1,684.345099010096,AX,143.651995229263,L1,1.81080629454256,L2,0.5717563712...
GetData ===>> H2,-0.174449402869156,H1,684.098727342616,AX,143.745268192226,L1,1.82754184038977,L2,0.5546538642...
Get Checksum: -110011688
GetData ===>> H2,-0.148544266965962,H1,683.911552574905,AX,143.461490945941,L1,1.83049822636055,L2,0.5852370330...
GetData ===>> H2,-0.113927829359586,H1,683.547310774121,AX,143.312466781121,L1,1.7986046718932,L2,0.61613879195...
GetData ===>> H2,-0.0943706688999784,H1,683.308686073433,AX,143.304449155915,L1,1.77040010573151,L2,0.566119980...
Get Checksum: -110011688
GetData ===>> H2,-0.0163420349116612,H1,683.095562968925,AX,143.22836108919,L1,1.80819247284192,L2,0.6138511259...
GetData ===>> H2,-0.161664094012109,H1,682.682002267284,AX,143.3082161837,L1,1.80583546766961,L2,0.613542295270...
GetData ===>> H2,-0.221760358294082,H1,682.572561868812,AX,143.008475640801,L1,1.80427748152155,L2,0.6297001115...
Get Checksum: -110011688
GetData ===>> H2,-0.23661905479371,H1,682.463180579408,AX,142.892348327669,L1,1.77454247256971,L2,0.54349772221...
GetData ===>> H2,-0.0887873874412952,H1,681.782305289594,AX,143.029844499217,L1,1.75213298639587,L2,0.609310270...
GetData ===>> H2,-0.173902600682763,H1,681.706020340078,AX,143.257922207696,L1,1.7793343228988,L2,0.58681504601...
Get Checksum: -110011688
GetData ===>> H2,-0.307838433358762,H1,681.333347343712,AX,143.030971369074,L1,1.8008903198595,L2,0.60363736286...
GetData ===>> H2,-0.201792097544371,H1,681.148820354371,AX,142.76732346725,L1,1.78107448291109,L2,0.59766744713...
GetData ===>> H2,-0.126740542565847,H1,681.459595935817,AX,143.042341101738,L1,1.81813328102551,L2,0.5870437457...
Get Checksum: -110011688
GetData ===>> H2,-0.149183090297332,H1,681.002600319987,AX,142.939710977976,L1,1.8055269897615,L2,0.44326497759...
02:20:56 -- collecting point 75
GetData ===>> H2,-0.124544795159915,H1,680.603466137113,AX,142.933573606489,L1,1.78805737481979,L2,0.5216578444...
GetData ===>> H2,-0.0250423155309513,H1,679.961022741387,AX,142.706913695511,L1,1.81401590950257,L2,0.507100688...
Get Checksum: -110011688
GetData ===>> H2,-0.1480242679155,H1,679.754676803437,AX,142.594155737118,L1,1.79405048703708,L2,0.676399829217...
GetData ===>> H2,-0.141971616130263,H1,679.785304970146,AX,142.575182133626,L1,1.79179239638202,L2,0.5959520228...
GetData ===>> H2,-0.219212845539123,H1,679.253240811299,AX,142.540390015647,L1,1.76564738699032,L2,0.5588720468...
Get Checksum: -110011688
GetData ===>> H2,-0.0976914272021533,H1,679.134896905266,AX,142.369569210034,L1,1.77610818064722,L2,0.462414654...
GetData ===>> H2,-0.160581072818416,H1,678.996169632176,AX,142.276085371921,L1,1.80130225786671,L2,0.4813397092...
GetData ===>> H2,-0.158333676205714,H1,678.610601940206,AX,142.269821499586,L1,1.79814446171085,L2,0.6458052316...
Get Checksum: -110011688
GetData ===>> H2,-0.0951711524970168,H1,677.937553028415,AX,142.085829130745,L1,1.78938845904778,L2,0.603362875...
GetData ===>> H2,-0.148006709089794,H1,677.787936366613,AX,142.100858666398,L1,1.78034285044635,L2,0.5689324182...
Get Checksum: -110011688
GetData ===>> H2,-0.209174697462435,H1,677.867631376089,AX,142.196304442227,L1,1.75303035240026,L2,0.6283857604...
GetData ===>> H2,-0.213019072138788,H1,677.350811188535,AX,142.342231620375,L1,1.76620711410761,L2,0.5891135026...
GetData ===>> H2,-0.17962988726679,H1,677.232618047441,AX,142.314034962147,L1,1.76698477781008,L2,0.54726963324...
Get Checksum: -110011688
GetData ===>> H2,-0.119804372537401,H1,677.044422704039,AX,141.892249920442,L1,1.80446045500718,L2,0.6382381175...
GetData ===>> H2,-0.158439032877932,H1,676.697294024254,AX,141.945519642401,L1,1.7781913501117,L2,0.56903531385...
GetData ===>> H2,-0.222494463482389,H1,676.613422987569,AX,141.879797345611,L1,1.7875505864022,L2,0.50910016676...
Get Checksum: -110011688
GetData ===>> H2,-0.276298004105691,H1,676.272930662262,AX,141.91426977169,L1,1.78483287604509,L2,0.65353299118...
GetData ===>> H2,-0.103078146556556,H1,676.038363055159,AX,141.750394667446,L1,1.78974379050399,L2,0.6079377622...
GetData ===>> H2,-0.161793725523282,H1,675.675452341377,AX,141.541337519652,L1,1.7683262469702,L2,0.67486758078...
Get Checksum: -110011688
GetData ===>> H2,-0.0138852996247098,H1,675.282108997022,AX,141.895919695575,L1,1.79040876155555,L2,0.576432654...
GetData ===>> H2,0.00548378316333167,H1,674.623697552164,AX,141.866944688072,L1,1.77432702566611,L2,0.517121350...
GetData ===>> H2,-0.184256304722605,H1,674.53496604401,AX,141.44872416161,L1,1.76956738273295,L2,0.593127357594...
Get Checksum: -110011688
GetData ===>> H2,-0.224662826035879,H1,674.806906020136,AX,141.391157969089,L1,1.78514496711582,L2,0.6279171700...
GetData ===>> H2,-0.175937111236344,H1,674.518545911521,AX,141.467576668477,L1,1.78760936220855,L2,0.6556136481...
GetData ===>> H2,-0.126290340802016,H1,674.702358903998,AX,141.682928925726,L1,1.77973145220349,L2,0.6597750973...
Get Checksum: -110011688
02:21:22 -- collecting point 100
GetData ===>> H2,-0.185532318202197,H1,674.113656805783,AX,141.627523392821,L1,1.74580003975349,L2,0.5114424659...
GetData ===>> H2,-0.302285355949373,H1,673.328029873037,AX,141.664834430376,L1,1.79756791881402,L2,0.5793368664...
GetData ===>> H2,-0.264496776989403,H1,673.462674855307,AX,141.476041218364,L1,1.80975232255021,L2,0.5609869237...
GetData ===>> H2,-0.151277584089879,H1,673.489334877531,AX,141.329647636735,L1,1.78601077253882,L2,0.6395297428...
GetData ===>> H2,-0.00969893434387205,H1,672.748045513408,AX,141.176116005848,L1,1.75293252549869,L2,0.55475674...
Get Checksum: -110011688
GetData ===>> H2,-0.152632149873752,H1,672.480497219058,AX,141.364584825194,L1,1.78383006613662,L2,0.5993371562...
GetData ===>> H2,-0.152371324275996,H1,672.577087741837,AX,141.105448637888,L1,1.80784209284049,L2,0.5962379247...
Get Checksum: -110011688
GetData ===>> H2,-0.117756114028836,H1,672.471759874144,AX,140.896625028643,L1,1.78347492629108,L2,0.5191438919...
GetData ===>> H2,-0.145838660526887,H1,671.950889923372,AX,140.901305259031,L1,1.74629407859049,L2,0.4936538504...
GetData ===>> H2,-0.239727141382522,H1,671.757522108704,AX,140.987751029745,L1,1.75230906258693,L2,0.5211321943...
Get Checksum: -110011688
GetData ===>> H2,-0.178234440215069,H1,671.23486714564,AX,141.046983072275,L1,1.74199745252539,L2,0.56558265471...
GetData ===>> H2,-0.093830209006678,H1,670.777308247204,AX,140.848750170404,L1,1.78285607037792,L2,0.5548596249...
GetData ===>> H2,-0.140689066033644,H1,670.458515964705,AX,140.760935127769,L1,1.79844908731328,L2,0.5738715321...
set states for children of V. state=True
handle state [('V', True)]
update switch state V True args=() kw={'refresh': False} ncanvase=2
refresh_canvas_needed fired
Get Checksum: -860229079
GetData ===>> H2,-0.210377720443195,H1,670.323512507548,AX,140.787116911197,L1,1.76076796764575,L2,0.6931761189...
GetData ===>> H2,-0.15421724582234,H1,670.076132795069,AX,140.73611617252,L1,1.74921575094186,L2,0.588393084974...
GetData ===>> H2,-0.0559354068775749,H1,670.221775038691,AX,140.526075762035,L1,1.78058454505513,L2,0.613496542...
Get Checksum: -860229079
GetData ===>> H2,-0.0941674915035953,H1,669.761484490969,AX,140.761095004121,L1,1.80360181301617,L2,0.491220597...
GetData ===>> H2,-0.104725195732217,H1,669.615209560911,AX,140.495731017237,L1,1.7992767180353,L2,0.59932571980...
GetData ===>> H2,-0.205967807204493,H1,669.305823784174,AX,140.548573637571,L1,1.76666900837381,L2,0.5426747795...
Get Checksum: -860229079
GetData ===>> H2,-0.252495059085287,H1,669.169912404522,AX,140.373329092829,L1,1.76677469878318,L2,0.5876841077...
GetData ===>> H2,-0.269112846995277,H1,668.76017190382,AX,140.333273831229,L1,1.74456569191078,L2,0.60002334652...
measurement finished
estimated time: 125.829 actual time: :126.187
flush and close file /Users/jan/PychronDev/data/isotopes/c9/f68b4a-32b0-4ab6-9b0b-f82307b45f3b.h5
baselines () {'settling_time': 15.0, 'detector': 'H1', 'mass': 34.2, 'ncounts': 60}
%%%%%%%%%%%%%%%%%%%%%%%%%%%%%%%% Baseline
build tables- baseline [Detector(H2), Detector(H1), Detector(AX), Detector(L1), Detector(L2), Detector(CDD)]
add group baseline table H2
add group baseline table H1
add group baseline table AX
add group baseline table L1
add group baseline table L2
add group baseline table CDD
flush and close file /Users/jan/PychronDev/data/isotopes/c9/f68b4a-32b0-4ab6-9b0b-f82307b45f3b.h5
detector Detector(H1)
POSITION 34.2 H1
Mapping mass to dac mass func: "parabolic"
H1 map mass coeffs = [-0.00063987  0.15840543  0.57066999]
H1 map mass to dac 34.2 >> 5.23971599104
GetDeflection H1 ===>> 0
GetHighVoltage ===>> 4500
positioning 34.2 (5.23971599104) on H1
setting magnet DAC
current  : 5.879060
requested: 5.239716
Delta Dac: 0.639344
Checking detector protection. dv=0.63934
Checking detector "CDD". Protection Threshold: 0.1 (V)
ProtectDetector CDD,On ===>> OK
GetDeflection CDD ===>> 2000
SetMagnetDAC 5.23971599104 ===>> OK
Magnet settling time: 0.500
Get Checksum: -860229079
GetMagnetMoving ===>> True
GetMagnetMoving ===>> True
GetMagnetMoving ===>> True
GetMagnetMoving ===>> True
GetMagnetMoving ===>> True
GetMagnetMoving ===>> True
GetMagnetMoving ===>> True
GetMagnetMoving ===>> True
GetMagnetMoving ===>> False
ProtectDetector CDD,Off ===>> OK
GetDeflection CDD ===>> 50
Delaying 15.0s for detectors to settle
Get Checksum: -860229079
Get Checksum: -860229079
Get Checksum: -860229079
Get Checksum: -860229079
Get Checksum: -860229079
Join finished
measuring baseline. ncounts=60
starting measurement
GetData ===>> H2,-0.23053686312984,H1,-0.0610583049410749,AX,-0.0467974919624798,L1,-0.0701428321990676,L2,-0.0...
Get Checksum: -860229079
GetData ===>> H2,-0.159533063506921,H1,-0.146720796112842,AX,-0.149110442704173,L1,-0.0455346376691831,L2,-0.11...
GetData ===>> H2,-0.171375598185147,H1,-0.0258365626807365,AX,-0.0369294732386684,L1,-0.0565606664971115,L2,0.0...
GetData ===>> H2,-0.196635705856409,H1,0.0288329519450905,AX,-0.104269536858394,L1,-0.00458476453699214,L2,0.08...
Get Checksum: -860229079
GetData ===>> H2,-0.196963443985833,H1,-0.0793915976146085,AX,-0.0940133002664794,L1,-0.0281349451374165,L2,-0....
GetData ===>> H2,-0.233084515859925,H1,-0.0745761554964861,AX,-0.117236044276808,L1,-0.0294526409681431,L2,-0.0...
Get Checksum: -860229079
GetData ===>> H2,-0.207781563578468,H1,-0.0258961901863362,AX,-0.0825273497648991,L1,-0.0152867524298361,L2,-0....
GetData ===>> H2,-0.0871227377815548,H1,-0.112533193081554,AX,-0.0512267590159294,L1,-0.0219862111043313,L2,-0....
GetData ===>> H2,-0.154602337971192,H1,-0.0784976592931084,AX,-0.12540440423351,L1,-0.0526069297817683,L2,-0.01...
Get Checksum: -860229079
GetData ===>> H2,-0.27251790314056,H1,0.0426750514313625,AX,-0.07200220063825,L1,-0.0451108600620575,L2,-0.0747...
GetData ===>> H2,-0.179691963121064,H1,-0.0309763232214653,AX,-0.0720717538186411,L1,-0.084980439188967,L2,-0.0...
GetData ===>> H2,-0.0827265304479077,H1,-0.0143397158996137,AX,-0.124315329200648,L1,-0.0479297225342249,L2,0.0...
Get Checksum: -860229079
GetData ===>> H2,-0.122770580606633,H1,-0.0553359133330432,AX,-0.203807321865117,L1,-0.04033194956553,L2,-0.047...
GetData ===>> H2,-0.1048835272382,H1,0.0127498816003826,AX,-0.14737132153782,L1,-0.0611618814462137,L2,0.030961...
GetData ===>> H2,-0.1611050411331,H1,-0.0799994711113915,AX,-0.0181763208082124,L1,-0.0362744984863629,L2,-0.01...
Get Checksum: -860229079
GetData ===>> H2,-0.177818741892986,H1,-0.0341721433268603,AX,-0.123110380914188,L1,-0.0195429304050037,L2,-0.1...
GetData ===>> H2,-0.127262375717233,H1,-0.0566115581377201,AX,-0.138640463399403,L1,-0.00802466887417206,L2,-0....
GetData ===>> H2,-0.255380302727358,H1,-0.0870195464522493,AX,-0.0204612209935133,L1,0.0116374039007573,L2,-0.1...
Get Checksum: -860229079
GetData ===>> H2,-0.227615709077045,H1,0.000581916358100187,AX,-0.13860567753667,L1,0.00980700508786137,L2,0.04...
GetData ===>> H2,-0.240112139021914,H1,0.0632388752429992,AX,-0.00934937513238231,L1,-0.0265846346221451,L2,0.0...
GetData ===>> H2,-0.146730244696682,H1,0.0125112798299078,AX,-0.0259934728756392,L1,-0.0340045501945052,L2,-0.0...
Get Checksum: -860229079
GetData ===>> H2,-0.297616728917983,H1,-0.0368551224519063,AX,-0.0627627778990644,L1,-0.00211205708745102,L2,-0...
GetData ===>> H2,-0.22062206422202,H1,-0.0361396683844937,AX,-0.0501020689384885,L1,-0.0099468091353541,L2,-0.0...
GetData ===>> H2,-0.204674014228414,H1,0.0191684826426066,AX,-0.0805568688201825,L1,-0.0177106800089416,L2,-0.0...
Get Checksum: -860229079
02:22:28 -- collecting point 25
GetData ===>> H2,-0.209607153828105,H1,-0.0177268909673288,AX,0.00723956095942058,L1,-0.0348090050828546,L2,0.0...
GetData ===>> H2,-0.265154218565165,H1,-0.0319660843861812,AX,0.0032254751896827,L1,-0.0504259398846069,L2,-0.0...
GetData ===>> H2,-0.232898810986276,H1,-0.0067420084459922,AX,-0.0668667201337114,L1,0.016138598241331,L2,-0.12...
Get Checksum: -860229079
GetData ===>> H2,-0.196922983002028,H1,-0.0619643202725449,AX,-0.114339297991835,L1,-0.0420517090657163,L2,-0.0...
GetData ===>> H2,-0.120565949057447,H1,-0.0574580050613392,AX,0.0240866045431942,L1,-0.0347083419301639,L2,-0.0...
GetData ===>> H2,-0.197185976810467,H1,0.0134656903241438,AX,-0.090455234527152,L1,-0.070628124742422,L2,0.0473...
Get Checksum: -860229079
GetData ===>> H2,-0.316603015374716,H1,0.0189537272546449,AX,-0.166013080534643,L1,-0.0673047157604858,L2,-0.02...
GetData ===>> H2,-0.23041034030774,H1,0.050456106172825,AX,0.0263957585012345,L1,-0.0257506747817746,L2,-0.0017...
GetData ===>> H2,-0.205508258105958,H1,0.00319432538347115,AX,-0.0881951577698131,L1,-0.0229319538795181,L2,0.0...
Get Checksum: -860229079
GetData ===>> H2,-0.0964591219734141,H1,-0.0397407352756172,AX,-0.0743785727998732,L1,0.0226460107683515,L2,-0....
GetData ===>> H2,-0.206770962552807,H1,-0.0078870687691744,AX,-0.0891339652588782,L1,-0.00861226161750505,L2,0....
GetData ===>> H2,-0.118324360162755,H1,-0.0668876549200224,AX,-0.0107993226004678,L1,-0.0307593851131249,L2,-0....
Get Checksum: -860229079
GetData ===>> H2,-0.198117869763211,H1,-0.0248348152749543,AX,-0.0998542726270037,L1,-0.0100954809234474,L2,-0....
GetData ===>> H2,-0.176139597265199,H1,-0.064074350496379,AX,-0.0465655876101449,L1,-0.0288860529213018,L2,-0.0...
GetData ===>> H2,-0.297508039550844,H1,0.0283318083800445,AX,-0.0429014254972433,L1,-0.0623366782258315,L2,0.03...
Get Checksum: -860229079
GetData ===>> H2,-0.212753752599957,H1,-0.0172498309915391,AX,-0.142118986853279,L1,-0.0377421742978265,L2,0.01...
GetData ===>> H2,-0.0505664049793233,H1,0.00694009015866928,AX,-0.0449538370941898,L1,-0.0305126618268576,L2,-0...
GetData ===>> H2,-0.139048163524644,H1,-0.00174414388818251,AX,-0.067029019376075,L1,0.0178140025256973,L2,0.03...
Get Checksum: -860229079
GetData ===>> H2,-0.206140301753025,H1,0.0154461211296699,AX,-0.0798150303601183,L1,0.00393849822180295,L2,-0.1...
GetData ===>> H2,-0.190292494469601,H1,0.021089370768901,AX,-0.0556906069194659,L1,-0.00561278099100626,L2,-0.0...
GetData ===>> H2,-0.175555077736457,H1,0.0739594367819009,AX,-0.127316049008728,L1,0.00684426425288021,L2,-0.03...
Get Checksum: -860229079
GetData ===>> H2,-0.164376594290472,H1,0.0135969224787093,AX,-0.0721528991329552,L1,-0.0399259188317318,L2,0.02...
GetData ===>> H2,-0.134682531636395,H1,-0.00616947337224156,AX,-0.0143719009865237,L1,-0.0227317850704313,L2,0....
GetData ===>> H2,-0.0913294008764017,H1,-0.0626915108544289,AX,-0.0631221695859255,L1,-0.0241268907848644,L2,0....
Get Checksum: -860229079
GetData ===>> H2,-0.0801890667619607,H1,-0.036068122696453,AX,0.0140847710942936,L1,-0.044048943314794,L2,0.006...
02:22:54 -- collecting point 50
GetData ===>> H2,-0.230496483659709,H1,0.00053420175876191,AX,-0.0609078319584499,L1,0.0291247812046122,L2,-0.0...
GetData ===>> H2,-0.233790973894366,H1,-0.062238507505996,AX,-0.0340187384326383,L1,-0.0103460598544972,L2,0.06...
Get Checksum: -860229079
GetData ===>> H2,-0.257469156706046,H1,-0.0314413929396239,AX,-0.143116140635361,L1,-0.0218675374812448,L2,-0.0...
GetData ===>> H2,-0.21067946648858,H1,0.024597174628327,AX,-0.0771374101187156,L1,-0.00950078059468264,L2,-0.00...
GetData ===>> H2,-0.123986326126297,H1,0.0404315467357865,AX,-0.0677825480267973,L1,0.0154973343922917,L2,0.045...
Get Checksum: -860229079
GetData ===>> H2,-0.123201989082443,H1,-0.020124082925954,AX,-0.13040935824893,L1,-0.032271930016146,L2,0.00127...
GetData ===>> H2,-0.22683481186944,H1,0.0248715998420359,AX,-0.0296582716143023,L1,-0.0439375971778493,L2,-0.06...
Get Checksum: -860229079
GetData ===>> H2,-0.223400916573463,H1,0.056161005953448,AX,-0.0309803486803252,L1,-0.0329484896689054,L2,-0.07...
GetData ===>> H2,-0.138434453657283,H1,0.0162693237749647,AX,-0.0532326173024317,L1,0.00042966954764058,L2,0.02...
GetData ===>> H2,-0.140526878663976,H1,-0.0194681405832007,AX,-0.0418694055715045,L1,0.00329618193285672,L2,0.0...
Get Checksum: -860229079
GetData ===>> H2,-0.191229460479486,H1,-0.0703922540311595,AX,-0.0789572725900257,L1,-0.00757975440839088,L2,-0...
measurement finished
estimated time: 62.915 actual time: :63.125
flush and close file /Users/jan/PychronDev/data/isotopes/c9/f68b4a-32b0-4ab6-9b0b-f82307b45f3b.h5
activate_detectors ('H1', 'AX', 'CDD') {'peak_center': True}
peak_center () {'detector': 'H1', 'integration_time': 0.262144, 'isotope': 'Ar40'}
peak center: mean=669.84698467 threshold=3
peak center started
setup peak center. detector=['H1', 'AX', 'CDD'], isotope=Ar40
VersionedUnpickler [<apptools.sweet_pickle.versioned_unpickler.VersionedUnpickler object at 0x153dbc230>] using Updater [<apptools.sweet_pickle.updater.Updater object at 0x1356d5710>]
VersionedUnpickler [<apptools.sweet_pickle.versioned_unpickler.VersionedUnpickler object at 0x153dbc230>] using Updater [<apptools.sweet_pickle.updater.Updater object at 0x1356d5710>]
VersionedUnpickler [<apptools.sweet_pickle.versioned_unpickler.VersionedUnpickler object at 0x14da06710>] using Updater [<apptools.sweet_pickle.updater.Updater object at 0x1356d5710>]
setting integration time = 0.524288
SetIntegrationTime 0.524288 ===>> OK
Mapping mass to dac mass func: "parabolic"
H1 map mass coeffs = [-0.00063987  0.15840543  0.57066999]
H1 map mass to dac 39.9624 >> 5.87906
GetDeflection H1 ===>> 0
GetHighVoltage ===>> 4500
do peak center. <pychron.spectrometer.jobs.peak_center.PeakCenter object at 0x1356efa10>
doing pc
starting peak center. center dac= 5.87906 step_width=0.001
width = 0.001
get scan parameters. half-width=0.015,window=0.015, i=0, scalar=1
Scan parameters center=5.87906 width=0.03000 (5.86406 - 5.89406)
GetData ===>> H2,-0.316375067090084,H1,-0.112080415334881,AX,0.00850414827814467,L1,-0.00228364251890645,L2,-0....
Moving to starting dac 5.86406
setting magnet DAC
current  : 5.239716
requested: 5.864060
Delta Dac: 0.624344
Checking detector protection. dv=0.62434
Checking detector "CDD". Protection Threshold: 0.1 (V)
ProtectDetector CDD,On ===>> OK
GetDeflection CDD ===>> 2000
SetMagnetDAC 5.86406 ===>> OK
Magnet settling time: 0.500
GetMagnetMoving ===>> True
GetMagnetMoving ===>> True
GetMagnetMoving ===>> True
GetMagnetMoving ===>> True
GetMagnetMoving ===>> True
GetMagnetMoving ===>> True
GetMagnetMoving ===>> True
GetMagnetMoving ===>> True
GetMagnetMoving ===>> False
ProtectDetector CDD,Off ===>> OK
GetDeflection CDD ===>> 50
Wait until signal near baseline. tol= -0.0840603115012. timeout= 10
GetData ===>> H2,4.1070448081253,H1,1.81762722911747,AX,0.00316746938314157,L1,0.0199007825876937,L2,-0.2250531...
GetData ===>> H2,48.5402350874312,H1,24.6441066966269,AX,2.12448850620108,L1,0.0394346125754411,L2,-0.122061640...
GetData ===>> H2,48.3126079033947,H1,22.6798023037104,AX,3.17393148880677,L1,0.0380085405742272,L2,-0.098354008...
Get Checksum: -860229079
GetData ===>> H2,25.1503511366973,H1,10.9804364578342,AX,1.36864727444896,L1,0.0396149901724478,L2,-0.016145099...
GetData ===>> H2,10.2188172550137,H1,5.5611698665625,AX,0.454776834556127,L1,0.00711258387145723,L2,-0.01653218...
GetData ===>> H2,3.43436063707947,H1,3.09515510075842,AX,0.303922212300828,L1,0.00984109793157215,L2,-0.0030060...
GetData ===>> H2,0.993486077978,H1,1.86388721594446,AX,0.164897564187425,L1,0.0104813747906215,L2,0.13434448461...
GetData ===>> H2,0.291710801460934,H1,1.15067980880263,AX,0.044963811224147,L1,-0.000157216653430741,L2,-0.1062...
GetData ===>> H2,0.153396725144638,H1,0.89287120058732,AX,0.0167881815796852,L1,-0.00208925880306832,L2,-0.0123...
Get Checksum: -860229079
GetData ===>> H2,0.0617155018017834,H1,0.816741342685501,AX,0.0240517935960638,L1,0.0212162653448299,L2,-0.0912...
GetData ===>> H2,0.0756877642154007,H1,0.761957605892882,AX,0.0677746837253819,L1,0.0278467022270026,L2,-0.0600...
GetData ===>> H2,0.102372435398222,H1,0.567497570765707,AX,-0.121928590212614,L1,-0.0248665774067224,L2,-0.0553...
GetData ===>> H2,0.0433991532551868,H1,0.483781432704222,AX,0.00755280582878427,L1,-0.0150543449153743,L2,-0.02...
GetData ===>> H2,0.123167493029505,H1,0.536095835297368,AX,0.104998697858948,L1,-0.00462315210221349,L2,-0.1291...
GetData ===>> H2,0.115611572126888,H1,0.572086774876923,AX,-0.0629598638272113,L1,-0.0273372911992733,L2,-0.187...
Get Checksum: -860229079
GetData ===>> H2,0.121926953474478,H1,0.569600929940406,AX,0.0181341135050033,L1,-0.0415523384737043,L2,-0.0538...
GetData ===>> H2,0.169331847981566,H1,0.634372497981084,AX,-0.0658117684598956,L1,-0.0160776979145678,L2,0.0437...
GetData ===>> H2,0.103881035222183,H1,0.622199236485055,AX,-0.0312354842923444,L1,0.00578935284103923,L2,0.0669...
GetData ===>> H2,-0.0337713561267847,H1,0.474778462255743,AX,0.0225665381142146,L1,0.0137289483323851,L2,0.0029...
GetData ===>> H2,-0.0728146102953541,H1,0.458995362854364,AX,0.00277303081554674,L1,-0.0133453290934163,L2,0.04...
GetData ===>> H2,-0.0728146102953541,H1,0.458995362854364,AX,0.00277303081554674,L1,-0.0133453290934163,L2,0.04...
Peak center failed to move to a baseline position
_do_sweep sm= 5.86406, em= 5.89406, stm= 0.001
calculated step values: start=5.86406, end=5.89406, width=0.001, nsteps=31.0
setting magnet DAC
current  : 5.864060
requested: 5.864060
Delta Dac: 0.000000
Checking detector protection. dv=0.00000
Checking detector "CDD". Protection Threshold: 0.1 (V)
SetMagnetDAC 5.86406 ===>> OK
GetData ===>> H2,-0.125581879042728,H1,0.462242514789124,AX,-0.0324879585054166,L1,-0.0323295362124495,L2,0.057...
setting magnet DAC
current  : 5.864060
requested: 5.865094
Delta Dac: 0.001034
Checking detector protection. dv=0.00103
Checking detector "CDD". Protection Threshold: 0.1 (V)
Get Checksum: -860229079
SetMagnetDAC 5.86509448276 ===>> OK
Magnet settling time: 1.049
GetData ===>> H2,-0.0889208195050921,H1,1.32141045939929,AX,0.101011385829346,L1,-0.00476710416822194,L2,-0.259...
setting magnet DAC
current  : 5.865094
requested: 5.866129
Delta Dac: 0.001034
Checking detector protection. dv=0.00103
Checking detector "CDD". Protection Threshold: 0.1 (V)
SetMagnetDAC 5.86612896552 ===>> OK
Magnet settling time: 1.049
GetData ===>> H2,-0.0434733084259993,H1,4.85967110172523,AX,0.609300784845481,L1,-0.0583400876137892,L2,-0.0569...
setting magnet DAC
current  : 5.866129
requested: 5.867163
Delta Dac: 0.001034
Checking detector protection. dv=0.00103
Checking detector "CDD". Protection Threshold: 0.1 (V)
SetMagnetDAC 5.86716344828 ===>> OK
Magnet settling time: 1.049
Get Checksum: -860229079
GetData ===>> H2,-0.0744604189528978,H1,18.6531347482611,AX,2.25055346449605,L1,-0.00553241475894686,L2,-0.0456...
setting magnet DAC
current  : 5.867163
requested: 5.868198
Delta Dac: 0.001034
Checking detector protection. dv=0.00103
Checking detector "CDD". Protection Threshold: 0.1 (V)
SetMagnetDAC 5.86819793103 ===>> OK
Magnet settling time: 1.049
GetData ===>> H2,-0.226817875162613,H1,62.9435934545891,AX,8.41919367601604,L1,0.0331859189541122,L2,-0.0530021...
setting magnet DAC
current  : 5.868198
requested: 5.869232
Delta Dac: 0.001034
Checking detector protection. dv=0.00103
Checking detector "CDD". Protection Threshold: 0.1 (V)
SetMagnetDAC 5.86923241379 ===>> OK
Magnet settling time: 1.049
GetData ===>> H2,-0.046102325096178,H1,163.076396683149,AX,24.3084910355969,L1,0.0871233935742977,L2,-0.0360210...
setting magnet DAC
current  : 5.869232
requested: 5.870267
Delta Dac: 0.001034
Checking detector protection. dv=0.00103
Checking detector "CDD". Protection Threshold: 0.1 (V)
SetMagnetDAC 5.87026689655 ===>> OK
Magnet settling time: 1.049
Get Checksum: -860229079
GetData ===>> H2,-0.0956556818003272,H1,308.719675034774,AX,51.0483933177082,L1,0.285833932361695,L2,-0.0430778...
setting magnet DAC
current  : 5.870267
requested: 5.871301
Delta Dac: 0.001034
Checking detector protection. dv=0.00103
Checking detector "CDD". Protection Threshold: 0.1 (V)
SetMagnetDAC 5.87130137931 ===>> OK
Magnet settling time: 1.049
GetData ===>> H2,-0.148400762476245,H1,459.732321174851,AX,83.0269224319955,L1,0.646611266659413,L2,0.207487075...
setting magnet DAC
current  : 5.871301
requested: 5.872336
Delta Dac: 0.001034
Checking detector protection. dv=0.00103
Checking detector "CDD". Protection Threshold: 0.1 (V)
SetMagnetDAC 5.87233586207 ===>> OK
Magnet settling time: 1.049
GetData ===>> H2,-0.0822849196949745,H1,564.971170574095,AX,109.236896365608,L1,0.982242165514125,L2,0.03020252...
setting magnet DAC
current  : 5.872336
requested: 5.873370
Delta Dac: 0.001034
Checking detector protection. dv=0.00103
Checking detector "CDD". Protection Threshold: 0.1 (V)
SetMagnetDAC 5.87337034483 ===>> OK
Magnet settling time: 1.049
Get Checksum: -860229079
GetData ===>> H2,-0.0439807097728809,H1,627.205469688026,AX,129.247968513578,L1,1.32227983620853,L2,0.438515262...
setting magnet DAC
current  : 5.873370
requested: 5.874405
Delta Dac: 0.001034
Checking detector protection. dv=0.00103
Checking detector "CDD". Protection Threshold: 0.1 (V)
SetMagnetDAC 5.87440482759 ===>> OK
Magnet settling time: 1.049
GetData ===>> H2,-0.00819490168833925,H1,636.405593870453,AX,132.671580589906,L1,1.51158946464247,L2,0.36403488...
setting magnet DAC
current  : 5.874405
requested: 5.875439
Delta Dac: 0.001034
Checking detector protection. dv=0.00103
Checking detector "CDD". Protection Threshold: 0.1 (V)
SetMagnetDAC 5.87543931034 ===>> OK
Magnet settling time: 1.049
Get Checksum: -860229079
GetData ===>> H2,-0.00259710408306983,H1,638.881058448313,AX,133.691548433804,L1,1.59581777167515,L2,0.48796493...
setting magnet DAC
current  : 5.875439
requested: 5.876474
Delta Dac: 0.001034
Checking detector protection. dv=0.00103
Checking detector "CDD". Protection Threshold: 0.1 (V)
SetMagnetDAC 5.8764737931 ===>> OK
Magnet settling time: 1.049
GetData ===>> H2,-0.100347153829945,H1,639.731254945312,AX,133.915137027765,L1,1.6376544671422,L2,0.58929646678...
setting magnet DAC
current  : 5.876474
requested: 5.877508
Delta Dac: 0.001034
Checking detector protection. dv=0.00103
Checking detector "CDD". Protection Threshold: 0.1 (V)
SetMagnetDAC 5.87750827586 ===>> OK
Magnet settling time: 1.049
GetData ===>> H2,-0.139731914147916,H1,639.596915596024,AX,133.961892790935,L1,1.67144090342493,L2,0.6180719122...
setting magnet DAC
current  : 5.877508
requested: 5.878543
Delta Dac: 0.001034
Checking detector protection. dv=0.00103
Checking detector "CDD". Protection Threshold: 0.1 (V)
SetMagnetDAC 5.87854275862 ===>> OK
Magnet settling time: 1.049
Get Checksum: -860229079
GetData ===>> H2,-0.0719007718823002,H1,638.978677709495,AX,133.740410235936,L1,1.64717752100766,L2,0.532022880...
setting magnet DAC
current  : 5.878543
requested: 5.879577
Delta Dac: 0.001034
Checking detector protection. dv=0.00103
Checking detector "CDD". Protection Threshold: 0.1 (V)
SetMagnetDAC 5.87957724138 ===>> OK
Magnet settling time: 1.049
GetData ===>> H2,-0.133999438901601,H1,639.066099736252,AX,133.905583885789,L1,1.69333967109884,L2,0.5041643869...
setting magnet DAC
current  : 5.879577
requested: 5.880612
Delta Dac: 0.001034
Checking detector protection. dv=0.00103
Checking detector "CDD". Protection Threshold: 0.1 (V)
SetMagnetDAC 5.88061172414 ===>> OK
Magnet settling time: 1.049
GetData ===>> H2,-0.237934028188437,H1,638.824757666052,AX,133.97889106419,L1,1.74422574434601,L2,0.56743472794...
setting magnet DAC
current  : 5.880612
requested: 5.881646
Delta Dac: 0.001034
Checking detector protection. dv=0.00103
Checking detector "CDD". Protection Threshold: 0.1 (V)
SetMagnetDAC 5.8816462069 ===>> OK
Magnet settling time: 1.049
Get Checksum: -860229079
GetData ===>> H2,-0.0669615201682772,H1,638.138741009158,AX,133.835127047378,L1,1.72102735021335,L2,0.635209695...
setting magnet DAC
current  : 5.881646
requested: 5.882681
Delta Dac: 0.001034
Checking detector protection. dv=0.00103
Checking detector "CDD". Protection Threshold: 0.1 (V)
SetMagnetDAC 5.88268068966 ===>> OK
Magnet settling time: 1.049
GetData ===>> H2,-0.10809439259509,H1,636.747415418444,AX,133.132520770663,L1,1.72720188667867,L2,0.50770624024...
setting magnet DAC
current  : 5.882681
requested: 5.883715
Delta Dac: 0.001034
Checking detector protection. dv=0.00103
Checking detector "CDD". Protection Threshold: 0.1 (V)
SetMagnetDAC 5.88371517241 ===>> OK
Magnet settling time: 1.049
GetData ===>> H2,-0.229064036912133,H1,632.547589234574,AX,131.120158142497,L1,1.64586958593423,L2,0.4328067808...
setting magnet DAC
current  : 5.883715
requested: 5.884750
Delta Dac: 0.001034
Checking detector protection. dv=0.00103
Checking detector "CDD". Protection Threshold: 0.1 (V)
SetMagnetDAC 5.88474965517 ===>> OK
Magnet settling time: 1.049
Get Checksum: -860229079
GetData ===>> H2,-0.278903921047846,H1,613.469494927917,AX,123.971216615782,L1,1.55955948229877,L2,0.4370538585...
setting magnet DAC
current  : 5.884750
requested: 5.885784
Delta Dac: 0.001034
Checking detector protection. dv=0.00103
Checking detector "CDD". Protection Threshold: 0.1 (V)
SetMagnetDAC 5.88578413793 ===>> OK
Magnet settling time: 1.049
GetData ===>> H2,-0.275434261415725,H1,558.333230698715,AX,105.473529767445,L1,1.37326295347684,L2,0.3190505857...
setting magnet DAC
current  : 5.885784
requested: 5.886819
Delta Dac: 0.001034
Checking detector protection. dv=0.00103
Checking detector "CDD". Protection Threshold: 0.1 (V)
SetMagnetDAC 5.88681862069 ===>> OK
Magnet settling time: 1.049
Get Checksum: -860229079
GetData ===>> H2,-0.246718322274182,H1,438.251469142764,AX,73.4229650892545,L1,1.09385861781299,L2,0.3051398387...
setting magnet DAC
current  : 5.886819
requested: 5.887853
Delta Dac: 0.001034
Checking detector protection. dv=0.00103
Checking detector "CDD". Protection Threshold: 0.1 (V)
SetMagnetDAC 5.88785310345 ===>> OK
Magnet settling time: 1.049
GetData ===>> H2,-0.300446308900695,H1,276.007270262877,AX,39.399941482396,L1,0.76053260439983,L2,-0.0132988411...
setting magnet DAC
current  : 5.887853
requested: 5.888888
Delta Dac: 0.001034
Checking detector protection. dv=0.00103
Checking detector "CDD". Protection Threshold: 0.1 (V)
SetMagnetDAC 5.88888758621 ===>> OK
Magnet settling time: 1.049
GetData ===>> H2,-0.277500621969214,H1,132.02729963882,AX,15.7670163501663,L1,0.453464637833674,L2,0.0928473455...
setting magnet DAC
current  : 5.888888
requested: 5.889922
Delta Dac: 0.001034
Checking detector protection. dv=0.00103
Checking detector "CDD". Protection Threshold: 0.1 (V)
SetMagnetDAC 5.88992206897 ===>> OK
Magnet settling time: 1.049
Get Checksum: -860229079
GetData ===>> H2,-0.207611788917439,H1,48.883225432578,AX,4.73108033881515,L1,0.237564854878578,L2,-0.031399600...
setting magnet DAC
current  : 5.889922
requested: 5.890957
Delta Dac: 0.001034
Checking detector protection. dv=0.00103
Checking detector "CDD". Protection Threshold: 0.1 (V)
SetMagnetDAC 5.89095655172 ===>> OK
Magnet settling time: 1.049
GetData ===>> H2,-0.233939495548703,H1,14.5525053664286,AX,1.07085964634226,L1,0.121355429086082,L2,-0.10781812...
setting magnet DAC
current  : 5.890957
requested: 5.891991
Delta Dac: 0.001034
Checking detector protection. dv=0.00103
Checking detector "CDD". Protection Threshold: 0.1 (V)
SetMagnetDAC 5.89199103448 ===>> OK
Magnet settling time: 1.049
GetData ===>> H2,-0.373147526806981,H1,3.56200359939869,AX,0.0896298989916769,L1,0.031688634676283,L2,-0.075737...
setting magnet DAC
current  : 5.891991
requested: 5.893026
Delta Dac: 0.001034
Checking detector protection. dv=0.00103
Checking detector "CDD". Protection Threshold: 0.1 (V)
SetMagnetDAC 5.89302551724 ===>> OK
Magnet settling time: 1.049
Get Checksum: -860229079
GetData ===>> H2,-0.235294461707183,H1,0.768423742112146,AX,-0.0444552326076008,L1,0.0238837654991413,L2,-0.032...
setting magnet DAC
current  : 5.893026
requested: 5.894060
Delta Dac: 0.001034
Checking detector protection. dv=0.00103
Checking detector "CDD". Protection Threshold: 0.1 (V)
SetMagnetDAC 5.89406 ===>> OK
Magnet settling time: 1.049
GetData ===>> H2,-0.335661940509421,H1,-0.00466655322266514,AX,-0.161730813719376,L1,-0.00365622071634812,L2,-0...
result of _do_sweep=True
result of _calculate_peak_center=([5.8714247294589175, 5.8789698196392779, 5.8865149098196383], [472.28084129361355, 639.72721668831946, 473.50593420885275], 5.8765048897795591, 639.72721668831946)
Failed to find a valid peak. No peak greater than 1.0. max = 0.0341675204642
new center pos Detector(H1) (Ar40) @ 5.87896981964
GetHighVoltage ===>> 4500
GetDeflection H1 ===>> 0
dac uncorrected for HV and deflection 5.87896981964
update mftable H1 Ar40 5.87896981964 message=automated run peakcenter
get initial guess parabolic
get initial guess parabolic
get initial guess parabolic
get initial guess parabolic
get initial guess parabolic
get initial guess parabolic
dump mftable to /Users/jan/PychronDev/setupfiles/spectrometer/mftables/mftable.csv
add to repo msg=modified - automated run peakcenter
sweep finished
locally archiving mftable
setting magnet DAC
current  : 5.894060
requested: 5.878970
Delta Dac: 0.015090
Checking detector protection. dv=0.01509
Checking detector "CDD". Protection Threshold: 0.1 (V)
SetMagnetDAC 5.87896981964 ===>> OK
Magnet settling time: 0.500
Get Checksum: -860229079
setting integration time = 1.048576
SetIntegrationTime 1.048576 ===>> OK
Failed to find a valid peak. No peak greater than 1.0. max = 0.0341675204642
flush and close file /Users/jan/PychronDev/data/isotopes/c9/f68b4a-32b0-4ab6-9b0b-f82307b45f3b.h5
finished measure script
executed 226.132928
jan_unknown120_60.py completed successfully
Measurement Finished
02:23:52 -- ******* Measurement Finished *******
Post Measurement Started jan_pump_ms.py
02:23:52 -- ******* Post Measurement Started jan_pump_ms.py *******
testing...
no interpolation path defined
executed 0
Pumping spectrometer
open () {'name': 'O'}
opening name=O desc=---
checking ownership. requestor=129.138.12.150
check software interlocks O
interlocks []
actuate state mode=None-script, software_lock=False
doing actuation None-script open_channel True
Open O ===>> OK
GetIndicatorState O ===>> OK
change switch state (True, True)
update switch state O True args=() kw={} ncanvase=2
02:23:52 -- OPEN   VALVE-O (Jan Ion Pump)
---------------------------------------- open O () result=[(True, True)], time=0.10 sec
action=open, ok=True, locked=[False]
executed 0
jan_pump_ms.py completed successfully
setting _ms_pumptime
Post Measurement Finished
02:23:53 -- ******* Post Measurement Finished *******
$$$$$$$$$$$$$$$$$$$$ state at run end measurement
state changed from measurement to success
post measurement save measured=True aborted=False
Set filtering
setting fod for Ar40= {'filter_outliers': True, 'std_devs': 2, 'iterations': 1}
setting fod for H1= {'filter_outliers': True, 'std_devs': 2, 'iterations': 1}
setting fod for PM41= {'filter_outliers': False, 'std_devs': 2, 'iterations': 1}
setting fod for H2= {'filter_outliers': True, 'std_devs': 2, 'iterations': 1}
setting fod for Ar36= {'filter_outliers': True, 'std_devs': 2, 'iterations': 1}
setting fod for CDD= {'filter_outliers': True, 'std_devs': 10, 'iterations': 1}
setting fod for Ar37= {'filter_outliers': True, 'std_devs': 2, 'iterations': 1}
setting fod for L2= {'filter_outliers': True, 'std_devs': 2, 'iterations': 1}
setting fod for Ar38= {'filter_outliers': True, 'std_devs': 2, 'iterations': 1}
setting fod for L1= {'filter_outliers': True, 'std_devs': 2, 'iterations': 1}
setting fod for Ar39= {'filter_outliers': True, 'std_devs': 2, 'iterations': 1}
setting fod for AX= {'filter_outliers': True, 'std_devs': 2, 'iterations': 1}
persistence save...
persistence save - db
post measurement save
5697080976 connecting to database sqlite:////Users/jan/PychronDev/.appdata/local_lab.db
connected to db sqlite:////Users/jan/PychronDev/.appdata/local_lab.db
create new session 5697080976
close session 5697080976
No database instance. Not saving post measurement to isotopedb database
$$$$$$$$$$$$$$$ auto_save_detector_ic=False
massspec enabled True
create new session 4979649712
MassSpec Database Version: 16.0
close session 4979649712
saving post measurement to secondary database
saving to massspec database 129.138.12.160/massspecdata
setting labnumber to 65571
setting aliquot to 3
setting step to C
setting uuid to c9f68b4a-32b0-4ab6-9b0b-f82307b45f3b
setting irradpos to 65571
setting extract_device to Fusions CO2
setting tray to 
setting position to 186
setting power_requested to 5.0
setting extract_value to 5.0
setting duration to 30.0
setting duration_at_request to 30.0
setting first_stage_delay to 30.0
setting cleanup to 30.0
setting comment to M:14 with inclusions
setting irradiation to NM-289
setting level to M
setting irradiation_level to M
setting sample to NM-2602 W
setting material to Sanidine
setting project to JoyitaHills
setting mass_spectrometer to Jan
no attribute chron_dosages
no attribute production_ratios
no attribute interference_corrections
no attribute production_name
no attribute j
Reference Isotope=Ar40
Reference Detector=H1
%%%%%%%%%%%%%%%%%%%% Comment: M:14 with inclusions %%%%%%%%%%%%%%%%%%%
adding isotope PM41 H2
add baseline dbdet= PM41. original det= H2
get baseline data PM41 H2
Get data baseline <pychron.processing.isotope.Baseline object at 0x14e82a250> len t=60
baseline PM41. v=-0.184571648945, e=0.00712664376228
get signal data PM41 H2
Get data signal PM41 0.06+/-0.08 len t=120
adding isotope Ar40 H1
add baseline dbdet= Ar40. original det= H1
get baseline data Ar40 H1
Get data baseline <pychron.processing.isotope.Baseline object at 0x14ade2550> len t=60
baseline Ar40. v=-0.0170083837262, e=0.00518465225117
get signal data Ar40 H1
Get data signal Ar40 703.67+/-0.05 len t=120
adding isotope Ar39 AX
add baseline dbdet= Ar39. original det= AX
get baseline data Ar39 AX
Get data baseline <pychron.processing.isotope.Baseline object at 0x14ade2990> len t=60
baseline Ar39. v=-0.0698329651592, e=0.00615883467594
get signal data Ar39 AX
Get data signal Ar39 147.369+/-0.027 len t=120
adding isotope Ar38 L1
add baseline dbdet= Ar38. original det= L1
get baseline data Ar38 L1
Get data baseline <pychron.processing.isotope.Baseline object at 0x14ade2a10> len t=60
baseline Ar38. v=-0.02443845314, e=0.00307119983301
get signal data Ar38 L1
Get data signal Ar38 1.898+/-0.005 len t=120
adding isotope Ar37 L2
add baseline dbdet= Ar37. original det= L2
get baseline data Ar37 L2
Get data baseline <pychron.processing.isotope.Baseline object at 0x14ade2190> len t=60
baseline Ar37. v=-0.0270233011397, e=0.00677152919821
get signal data Ar37 L2
Get data signal Ar37 0.622+/-0.010 len t=120
adding isotope Ar36 CDD
add baseline dbdet= Ar36. original det= CDD
get baseline data Ar36 CDD
Get data baseline <pychron.processing.isotope.Baseline object at 0x14ade2a90> len t=60
baseline Ar36. v=0.000138941051591, e=1.79960590052e-05
get signal data Ar36 CDD
Get data signal Ar36 0.0237+/-0.0004 len t=120
65571-03C added analysis time 1.10696697235s
analysis added to mass spec database
mass spec save time= 1.116
persistence save - dvc
================= post measurement started
create new session 4984345712
close session 4984345712
---------------- Experiment Queue saving disabled
DVC saving peakcenter
Failed to find a valid peak. No peak greater than 1.0. max = 0.0341675204642
Get Checksum: -1965264452
Smart pull ahead: 0 behind: 0
Up-to-date with origin
add to repo msg=modified - ad8224ebc6dbfeb9f5997218dfa5fe690569839d.json
add to repo msg=modified - 71-03C.json
add to repo msg=modified - 71-03C.dat.json
add to repo msg=modified - 71-03C.blan.json
add to repo msg=modified - 71-03C.inte.json
add to repo msg=modified - 71-03C.icfa.json
add to repo msg=modified - 71-03C.base.json
not at valid file /Users/jan/PychronDev/data/.dvc/repositories/Load1783/655/tags/71-03C.tags.json
add to repo msg=modified - 71-03C.peak.json
add to repo msg=modified - 71-03C.extr.json
not at valid file /Users/jan/PychronDev/data/.dvc/repositories/Load1783/655/monitor/71-03C.moni.json
commit message=<COLLECTION>
Get Checksum: -1965264452
add to repo msg=modified - 71-03C.inte.json
add to repo msg=modified - 71-03C.base.json
commit message=<ISOEVO> default collection fits
add to repo msg=modified - 71-03C.blan.json
commit message=<BLANKS> preceding bc-02-J-262
add to repo msg=modified - 71-03C.icfa.json
commit message=<ICFactor> default
push repository <pychron.git_archive.repo_manager.GitRepoManager object at 0x14da77fb0>
pushing to remote=origin, url=https://github.com
Get Checksum: -1965264452
Get Checksum: -1965264452
no changes to meta repo
create new session 4984345712
add association Load1783
get identifier "65571"
setting analysis irradiation position=<pychron.dvc.dvc_orm.IrradiationPositionTbl object at 0x153c26790>
close session 4984345712
================= post measurement finished
02:24:06 -- ******* Post Run Check *******
loading queue conditionals post_run_actions
loading system conditionals post_run_actions
loading conditionals from /Users/jan/PychronDev/setupfiles/spectrometer/default_conditionals.yaml
loading queue conditionals post_run_terminations
loading system conditionals post_run_terminations
loading conditionals from /Users/jan/PychronDev/setupfiles/spectrometer/default_conditionals.yaml
Checking default post run terminations n=1
GetDeflection CDD ===>> 50
testing CDD==2000
evaluate ot="CDD.deflection==2000" t="CDD==2000", ctx="{'CDD': 50.0}"
02:24:06 -- ******* Post Run Check Passed *******
02:24:06 -- Automated run 65571-03C success duration: 362.356 s
----------------- finish -----------------
----------------- stop -----------------
retroactive repository identifiers disabled
finish run. runs completed=45
update duration runid=65571-03C, duration=362.355618, md5=301e91d8
loading script "jan_unknown120_60.py"
loading script "jan_pump_ms.py"
loading script "jan_co2.py"
loading script "jan_pump_extraction_line.py"
testing...
no interpolation path defined
executed 213.652928
script duration name:unknown120_60 seconds:214.0
loading script "jan_unknown120_60.py"
loading script "jan_pump_ms.py"
loading script "jan_co2.py"
loading script "jan_pump_extraction_line.py"
testing...
no interpolation path defined
executed 0
loading script "jan_unknown120_60.py"
loading script "jan_pump_ms.py"
loading script "jan_co2.py"
loading script "jan_pump_extraction_line.py"
testing...
no interpolation path defined
calculate duration
testing...
no interpolation path defined
executed 0
calculate duration
testing...
no interpolation path defined
executed 0
executed 0.0
script duration name:co2 seconds:0.0
loading script "jan_unknown120_60.py"
loading script "jan_pump_ms.py"
loading script "jan_co2.py"
loading script "jan_pump_extraction_line.py"
testing...
no interpolation path defined
calculate duration
testing...
no interpolation path defined
executed 4.0
executed 4.0
Script duration 214.0
Run total estimated duration= 215.000
unknown120_60 in script context. using previous estimated duration
script duration name:unknown120_60 seconds:214.0
pump_ms in script context. using previous estimated duration
co2 in script context. using previous estimated duration
script duration name:co2 seconds:0.0
pump_extraction_line in script context. using previous estimated duration
Script duration 214.0
Run total estimated duration= 215.000
script duration name:unknown120_60 seconds:214.0
script duration name:co2 seconds:0.0
Script duration 214.0
Run total estimated duration= 215.000
script duration name:unknown120_60 seconds:214.0
script duration name:co2 seconds:0.0
Script duration 214.0
Run total estimated duration= 215.000
script duration name:unknown120_60 seconds:214.0
script duration name:co2 seconds:0.0
Script duration 214.0
Run total estimated duration= 215.000
script duration name:unknown120_60 seconds:214.0
script duration name:co2 seconds:0.0
Script duration 214.0
Run total estimated duration= 215.000
loading script "jan_unknown400_120.py"
loading script "jan_pump_ms.py"
loading script "jan_co2.py"
loading script "jan_pump_extraction_line.py"
testing...
no interpolation path defined
executed 556.052928
script duration name:unknown400_120 seconds:556.0
script duration name:co2 seconds:0.0
Script duration 556.0
Run total estimated duration= 557.000
script duration name:unknown120_60 seconds:214.0
script duration name:co2 seconds:0.0
Script duration 214.0
Run total estimated duration= 215.000
script duration name:unknown120_60 seconds:214.0
script duration name:co2 seconds:0.0
Script duration 214.0
Run total estimated duration= 215.000
script duration name:unknown120_60 seconds:214.0
script duration name:co2 seconds:0.0
Script duration 214.0
Run total estimated duration= 215.000
script duration name:unknown120_60 seconds:214.0
script duration name:co2 seconds:0.0
Script duration 214.0
Run total estimated duration= 215.000
script duration name:unknown120_60 seconds:214.0
script duration name:co2 seconds:0.0
Script duration 214.0
Run total estimated duration= 215.000
script duration name:unknown120_60 seconds:214.0
script duration name:co2 seconds:0.0
Script duration 214.0
Run total estimated duration= 215.000
script duration name:unknown120_60 seconds:214.0
script duration name:co2 seconds:0.0
Script duration 214.0
Run total estimated duration= 215.000
script duration name:unknown120_60 seconds:214.0
script duration name:co2 seconds:0.0
Script duration 214.0
Run total estimated duration= 215.000
script duration name:unknown120_60 seconds:214.0
script duration name:co2 seconds:0.0
Script duration 214.0
Run total estimated duration= 215.000
script duration name:unknown120_60 seconds:214.0
script duration name:co2 seconds:0.0
Script duration 214.0
Run total estimated duration= 215.000
script duration name:unknown120_60 seconds:214.0
script duration name:co2 seconds:0.0
Script duration 214.0
Run total estimated duration= 215.000
script duration name:unknown120_60 seconds:214.0
script duration name:co2 seconds:0.0
Script duration 214.0
Run total estimated duration= 215.000
script duration name:unknown120_60 seconds:214.0
script duration name:co2 seconds:0.0
Script duration 214.0
Run total estimated duration= 215.000
script duration name:unknown120_60 seconds:214.0
script duration name:co2 seconds:0.0
Script duration 214.0
Run total estimated duration= 215.000
script duration name:unknown120_60 seconds:214.0
script duration name:co2 seconds:0.0
Script duration 214.0
Run total estimated duration= 215.000
script duration name:unknown120_60 seconds:214.0
script duration name:co2 seconds:0.0
Script duration 214.0
Run total estimated duration= 215.000
script duration name:unknown120_60 seconds:214.0
script duration name:co2 seconds:0.0
Script duration 214.0
Run total estimated duration= 215.000
script duration name:unknown120_60 seconds:214.0
script duration name:co2 seconds:0.0
Script duration 214.0
Run total estimated duration= 215.000
script duration name:unknown120_60 seconds:214.0
script duration name:co2 seconds:0.0
Script duration 214.0
Run total estimated duration= 215.000
unknown400_120 in script context. using previous estimated duration
script duration name:unknown400_120 seconds:556.0
script duration name:co2 seconds:0.0
Script duration 556.0
Run total estimated duration= 557.000
script duration name:unknown400_120 seconds:556.0
loading script "jan_unknown400_120.py"
loading script "jan_pump_ms.py"
loading script "jan_cocktail_x1.py"
loading script "jan_pump_extraction_line.py"
testing...
no interpolation path defined
calculate duration
testing...
no interpolation path defined
executed 0
calculate duration
testing...
no interpolation path defined
executed 0
calculate duration
testing...
no interpolation path defined
executed 32.0
calculate duration
testing...
no interpolation path defined
executed 34.0
calculate duration
testing...
no interpolation path defined
executed 4.0
calculate duration
testing...
no interpolation path defined
executed 38.0
executed 108.0
script duration name:cocktail_x1 seconds:108.0
Script duration 664.0
Run total estimated duration= 665.000
script duration name:unknown120_60 seconds:214.0
cocktail_x1 in script context. using previous estimated duration
script duration name:cocktail_x1 seconds:108.0
Script duration 322.0
Run total estimated duration= 323.000
loading script "jan_ic_peak_hop3.py"
loading script "jan_pump_ms.py"
loading script "jan_air_x1.py"
loading script "jan_pump_extraction_line.py"
testing...
no interpolation path defined
executed 133.8
script duration name:ic_peak_hop3 seconds:134.0
loading script "jan_ic_peak_hop3.py"
loading script "jan_pump_ms.py"
loading script "jan_air_x1.py"
loading script "jan_pump_extraction_line.py"
testing...
no interpolation path defined
calculate duration
testing...
no interpolation path defined
executed 0
calculate duration
testing...
no interpolation path defined
executed 0
calculate duration
testing...
no interpolation path defined
executed 32.0
calculate duration
testing...
no interpolation path defined
executed 34.0
calculate duration
testing...
no interpolation path defined
executed 4.0
calculate duration
testing...
no interpolation path defined
executed 36.0
executed 106.0
script duration name:air_x1 seconds:106.0
Script duration 240.0
Run total estimated duration= 241.000
script duration name:unknown120_60 seconds:214.0
script duration name:co2 seconds:0.0
Script duration 214.0
Run total estimated duration= 215.000
script duration name:unknown120_60 seconds:214.0
script duration name:co2 seconds:0.0
Script duration 214.0
Run total estimated duration= 215.000
script duration name:unknown120_60 seconds:214.0
script duration name:co2 seconds:0.0
Script duration 214.0
Run total estimated duration= 215.000
script duration name:unknown400_120 seconds:556.0
loading script "jan_unknown400_120.py"
loading script "jan_pump_ms.py"
loading script "jan_sniffair_x2.py"
loading script "jan_pump_extraction_line.py"
testing...
no interpolation path defined
calculate duration
testing...
no interpolation path defined
executed 0
calculate duration
testing...
no interpolation path defined
executed 0
calculate duration
testing...
no interpolation path defined
executed 32.0
calculate duration
testing...
no interpolation path defined
executed 34.0
calculate duration
testing...
no interpolation path defined
executed 4.0
calculate duration
testing...
no interpolation path defined
executed 36.0
calculate duration
testing...
no interpolation path defined
executed 34.0
calculate duration
testing...
no interpolation path defined
executed 4.0
calculate duration
testing...
no interpolation path defined
executed 36.0
calculate duration
testing...
no interpolation path defined
executed 70.0
executed 250.0
script duration name:sniffair_x2 seconds:250.0
Script duration 806.0
Run total estimated duration= 807.000
script duration name:unknown400_120 seconds:556.0
sniffair_x2 in script context. using previous estimated duration
script duration name:sniffair_x2 seconds:250.0
Script duration 806.0
Run total estimated duration= 807.000
script duration name:unknown120_60 seconds:214.0
script duration name:co2 seconds:0.0
Script duration 214.0
Run total estimated duration= 215.000
script duration name:unknown120_60 seconds:214.0
script duration name:co2 seconds:0.0
Script duration 214.0
Run total estimated duration= 215.000
script duration name:unknown120_60 seconds:214.0
script duration name:co2 seconds:0.0
Script duration 214.0
Run total estimated duration= 215.000
script duration name:unknown120_60 seconds:214.0
script duration name:co2 seconds:0.0
Script duration 214.0
Run total estimated duration= 215.000
script duration name:unknown120_60 seconds:214.0
script duration name:co2 seconds:0.0
Script duration 214.0
Run total estimated duration= 215.000
script duration name:unknown120_60 seconds:214.0
script duration name:co2 seconds:0.0
Script duration 214.0
Run total estimated duration= 215.000
script duration name:unknown120_60 seconds:214.0
script duration name:co2 seconds:0.0
Script duration 214.0
Run total estimated duration= 215.000
script duration name:unknown120_60 seconds:214.0
script duration name:co2 seconds:0.0
Script duration 214.0
Run total estimated duration= 215.000
script duration name:unknown120_60 seconds:214.0
script duration name:co2 seconds:0.0
Script duration 214.0
Run total estimated duration= 215.000
script duration name:unknown120_60 seconds:214.0
script duration name:co2 seconds:0.0
Script duration 214.0
Run total estimated duration= 215.000
script duration name:unknown120_60 seconds:214.0
script duration name:co2 seconds:0.0
Script duration 214.0
Run total estimated duration= 215.000
script duration name:unknown120_60 seconds:214.0
script duration name:co2 seconds:0.0
Script duration 214.0
Run total estimated duration= 215.000
script duration name:unknown120_60 seconds:214.0
script duration name:co2 seconds:0.0
Script duration 214.0
Run total estimated duration= 215.000
script duration name:unknown120_60 seconds:214.0
script duration name:co2 seconds:0.0
Script duration 214.0
Run total estimated duration= 215.000
script duration name:unknown120_60 seconds:214.0
script duration name:co2 seconds:0.0
Script duration 214.0
Run total estimated duration= 215.000
script duration name:unknown120_60 seconds:214.0
script duration name:co2 seconds:0.0
Script duration 214.0
Run total estimated duration= 215.000
script duration name:unknown120_60 seconds:214.0
script duration name:co2 seconds:0.0
Script duration 214.0
Run total estimated duration= 215.000
script duration name:unknown120_60 seconds:214.0
script duration name:co2 seconds:0.0
Script duration 214.0
Run total estimated duration= 215.000
script duration name:unknown400_120 seconds:556.0
script duration name:co2 seconds:0.0
Script duration 556.0
Run total estimated duration= 557.000
script duration name:unknown400_120 seconds:556.0
script duration name:cocktail_x1 seconds:108.0
Script duration 664.0
Run total estimated duration= 665.000
script duration name:unknown120_60 seconds:214.0
script duration name:cocktail_x1 seconds:108.0
Script duration 322.0
Run total estimated duration= 323.000
script duration name:unknown400_120 seconds:556.0
script duration name:sniffair_x2 seconds:250.0
Script duration 806.0
Run total estimated duration= 807.000
script duration name:unknown400_120 seconds:556.0
script duration name:sniffair_x2 seconds:250.0
Script duration 806.0
Run total estimated duration= 807.000
ic_peak_hop3 in script context. using previous estimated duration
script duration name:ic_peak_hop3 seconds:134.0
air_x1 in script context. using previous estimated duration
script duration name:air_x1 seconds:106.0
Script duration 240.0
Run total estimated duration= 241.000
script duration name:unknown120_60 seconds:214.0
script duration name:co2 seconds:0.0
Script duration 214.0
Run total estimated duration= 215.000
script duration name:unknown120_60 seconds:214.0
script duration name:co2 seconds:0.0
Script duration 214.0
Run total estimated duration= 215.000
script duration name:unknown120_60 seconds:214.0
script duration name:co2 seconds:0.0
Script duration 214.0
Run total estimated duration= 215.000
script duration name:unknown120_60 seconds:214.0
script duration name:co2 seconds:0.0
Script duration 214.0
Run total estimated duration= 215.000
script duration name:unknown120_60 seconds:214.0
script duration name:co2 seconds:0.0
Script duration 214.0
Run total estimated duration= 215.000
script duration name:unknown120_60 seconds:214.0
script duration name:co2 seconds:0.0
Script duration 214.0
Run total estimated duration= 215.000
script duration name:unknown120_60 seconds:214.0
script duration name:co2 seconds:0.0
Script duration 214.0
Run total estimated duration= 215.000
script duration name:unknown120_60 seconds:214.0
script duration name:co2 seconds:0.0
Script duration 214.0
Run total estimated duration= 215.000
script duration name:unknown120_60 seconds:214.0
script duration name:co2 seconds:0.0
Script duration 214.0
Run total estimated duration= 215.000
script duration name:unknown120_60 seconds:214.0
script duration name:co2 seconds:0.0
Script duration 214.0
Run total estimated duration= 215.000
script duration name:unknown120_60 seconds:214.0
script duration name:co2 seconds:0.0
Script duration 214.0
Run total estimated duration= 215.000
script duration name:unknown120_60 seconds:214.0
script duration name:co2 seconds:0.0
Script duration 214.0
Run total estimated duration= 215.000
script duration name:unknown120_60 seconds:214.0
script duration name:co2 seconds:0.0
Script duration 214.0
Run total estimated duration= 215.000
script duration name:unknown120_60 seconds:214.0
script duration name:co2 seconds:0.0
Script duration 214.0
Run total estimated duration= 215.000
script duration name:unknown120_60 seconds:214.0
script duration name:co2 seconds:0.0
Script duration 214.0
Run total estimated duration= 215.000
script duration name:unknown400_120 seconds:556.0
script duration name:co2 seconds:0.0
Script duration 556.0
Run total estimated duration= 557.000
script duration name:unknown400_120 seconds:556.0
script duration name:cocktail_x1 seconds:108.0
Script duration 664.0
Run total estimated duration= 665.000
script duration name:unknown120_60 seconds:214.0
script duration name:cocktail_x1 seconds:108.0
Script duration 322.0
Run total estimated duration= 323.000
script duration name:ic_peak_hop3 seconds:134.0
script duration name:air_x1 seconds:106.0
Script duration 240.0
Run total estimated duration= 241.000
script duration name:unknown120_60 seconds:214.0
script duration name:co2 seconds:0.0
Script duration 214.0
Run total estimated duration= 215.000
script duration name:unknown120_60 seconds:214.0
script duration name:co2 seconds:0.0
Script duration 214.0
Run total estimated duration= 215.000
script duration name:unknown120_60 seconds:214.0
script duration name:co2 seconds:0.0
Script duration 214.0
Run total estimated duration= 215.000
script duration name:unknown120_60 seconds:214.0
script duration name:co2 seconds:0.0
Script duration 214.0
Run total estimated duration= 215.000
script duration name:unknown120_60 seconds:214.0
script duration name:co2 seconds:0.0
Script duration 214.0
Run total estimated duration= 215.000
script duration name:unknown120_60 seconds:214.0
script duration name:co2 seconds:0.0
Script duration 214.0
Run total estimated duration= 215.000
script duration name:unknown120_60 seconds:214.0
script duration name:co2 seconds:0.0
Script duration 214.0
Run total estimated duration= 215.000
script duration name:unknown120_60 seconds:214.0
script duration name:co2 seconds:0.0
Script duration 214.0
Run total estimated duration= 215.000
script duration name:unknown120_60 seconds:214.0
script duration name:co2 seconds:0.0
Script duration 214.0
Run total estimated duration= 215.000
script duration name:unknown120_60 seconds:214.0
script duration name:co2 seconds:0.0
Script duration 214.0
Run total estimated duration= 215.000
script duration name:unknown400_120 seconds:556.0
script duration name:sniffair_x2 seconds:250.0
Script duration 806.0
Run total estimated duration= 807.000
script duration name:unknown400_120 seconds:556.0
script duration name:sniffair_x2 seconds:250.0
Script duration 806.0
Run total estimated duration= 807.000
script duration name:unknown400_120 seconds:556.0
script duration name:co2 seconds:0.0
Script duration 556.0
Run total estimated duration= 557.000
nruns=91 before=5.0, run_dur=26579.0, btw=4050.0
write rem/ex queues
/Users/jan/PychronDev/experiments/rem/CurrentExperiment.rem.txt
/Users/jan/PychronDev/experiments/rem/CurrentExperiment.ex.txt
doing event level: 3
