do run
loading script "jan_unknown120_60.py"
loading script "jan_pump_ms.py"
loading script "jan_co2.py"
loading script "jan_pump_extraction_line.py"
testing...
no interpolation path defined
executed 213.652928
script duration name:unknown120_60 seconds:214.0
loading script "jan_unknown120_60.py"
loading script "jan_pump_ms.py"
loading script "jan_co2.py"
loading script "jan_pump_extraction_line.py"
testing...
no interpolation path defined
executed 0
loading script "jan_unknown120_60.py"
loading script "jan_pump_ms.py"
loading script "jan_co2.py"
loading script "jan_pump_extraction_line.py"
testing...
no interpolation path defined
calculate duration
testing...
no interpolation path defined
executed 0
calculate duration
testing...
no interpolation path defined
executed 0
executed 0.0
script duration name:co2 seconds:0.0
loading script "jan_unknown120_60.py"
loading script "jan_pump_ms.py"
loading script "jan_co2.py"
loading script "jan_pump_extraction_line.py"
testing...
no interpolation path defined
calculate duration
testing...
no interpolation path defined
executed 4.0
executed 4.0
Script duration 214.0
Run total estimated duration= 215.000
run duration: 0:03:35
doing event level: 2
01:50:26 -- Setting default integration. t=1.048576
setting integration time = 1.048576
SetIntegrationTime 1.048576 ===>> OK
----------------- start -----------------
**************** Experiment Type: Ar/Ar, Ar/Ar
create new session 5004766384
close session 5004766384
$$$$$ Clearing conditionals
adding conditionals 
Add queue conditionals
add default conditionals
adding default conditionals from /Users/jan/PychronDev/setupfiles/spectrometer/default_conditionals.yaml
Start automated run 65571-02B
loading script "jan_unknown120_60.py"
loading script "jan_pump_ms.py"
loading script "jan_co2.py"
loading script "jan_pump_extraction_line.py"
%%%%%%%%%%%%%%%%%% setting automated run 65571-02B
No value "sensitivity_multiplier" in metadata
$$$$$$$$$$$$$$$ auto_save_detector_ic=False
============================= Pre Extraction Check =============================
loading queue conditionals pre_run_terminations
loading system conditionals pre_run_terminations
loading conditionals from /Users/jan/PychronDev/setupfiles/spectrometer/default_conditionals.yaml
01:50:26 -- ******* Pre Extraction Check *******
Get a measurement from the spectrometer
GetData ===>> H2,-0.174556059971832,H1,-0.0479916979805982,AX,-0.0936192537905392,L1,-0.044048943314794,L2,-0.0...
Pre Extraction Termination data. keys=H2,H1,AX,L1,L2,CDD, signals=-0.17456,-0.04799,-0.09362,-0.04405,-0.02353,0.00253
01:50:26 -- testing system defined conditionals
Checking default pre extraction terminations n=2
testing CDD
evaluate ot="CDD.inactive" t="CDD", ctx="{'CDD': False}"
GetDeflection CDD ===>> 50
testing CDD==2000
evaluate ot="CDD.deflection==2000" t="CDD==2000", ctx="{'CDD': 50.0}"
01:50:26 -- ******* Pre Extraction Check Passed *******
=================================================================================
01:50:26 -- stopping status monitor
stop 4976489392
Alive clients [4984697584]
01:50:26 -- starting status monitor
start 4976489392
Monitor already running
start extraction
do extraction
Analysis started at 01:50:26.591013
Extraction Started jan_co2.py
01:50:26 -- ******* Extraction Started jan_co2.py *******
state changed from not run to extraction
DO EXTRACTION <pychron.extraction_line.pyscript_runner.RemotePyScriptRunner object at 0x12988f3b0>
testing...
no interpolation path defined
calculate duration
testing...
no interpolation path defined
executed 0
calculate duration
testing...
no interpolation path defined
executed 0
executed 100.0
Jan CO2 laser analysis
doing GOSUB
testing...
no interpolation path defined
executed 0
Waiting for CO2 access
wait ('FelixCO2Flag', 0) {}
waiting for FelixCO2Flag = 0
Read FelixCO2Flag ===>> 0
finished waiting
CO2 free
wait ('CO2PumpTimeFlag', 0) {}
waiting for CO2PumpTimeFlag = 0
Read CO2PumpTimeFlag ===>> 0
finished waiting
acquire ('JanCO2Flag',) {'clear': True}
acquire JanCO2Flag
Set JanCO2Flag 1 ===>> OK
JanCO2Flag acquired
set extraction state False (0.75, 'red', 1.5)
CO2 acquired
executed 0
WaitForCO2Access.py completed successfully
gosub finished
doing GOSUB
testing...
no interpolation path defined
executed 0
Prepare for CO2 analysis
close () {'description': 'Jan Inlet'}
closing name=--- desc=Jan Inlet
checking ownership. requestor=129.138.12.150
check software interlocks R
interlocks []
actuate state mode=None-script, software_lock=False
doing actuation None-script close_channel False
Close R ===>> OK
GetIndicatorState R ===>> False
change switch state (True, True)
update switch state R False args=() kw={} ncanvase=2
01:50:27 -- CLOSE  VALVE-R (Jan Inlet)
---------------------------------------- close None (Jan Inlet) result=[(True, True)]
action=close, ok=True, locked=[False]
open () {'description': 'Jan Ion Pump'}
opening name=--- desc=Jan Ion Pump
checking ownership. requestor=129.138.12.150
check software interlocks O
interlocks []
actuate state mode=None-script, software_lock=False
doing actuation None-script open_channel False
Open O ===>> OK
GetIndicatorState O ===>> OK
change switch state (True, True)
update switch state O True args=() kw={} ncanvase=2
01:50:27 -- OPEN   VALVE-O (Jan Ion Pump)
---------------------------------------- open None (Jan Ion Pump) result=[(True, True)], time=0.10 sec
action=open, ok=True, locked=[False]
close () {'description': 'Microbone to Minibone'}
closing name=--- desc=Microbone to Minibone
checking ownership. requestor=129.138.12.150
check software interlocks L
interlocks []
actuate state mode=None-script, software_lock=False
doing actuation None-script close_channel False
Close L ===>> OK
GetIndicatorState L ===>> False
change switch state (True, True)
update switch state L False args=() kw={} ncanvase=2
01:50:28 -- CLOSE  VALVE-L (Microbone to Minibone)
---------------------------------------- close None (Microbone to Minibone) result=[(True, True)]
action=close, ok=True, locked=[False]
open () {'description': 'Microbone to Turbo'}
opening name=--- desc=Microbone to Turbo
checking ownership. requestor=129.138.12.150
check software interlocks U
interlocks []
actuate state mode=None-script, software_lock=False
doing actuation None-script open_channel False
Open U ===>> OK
GetIndicatorState U ===>> OK
change switch state (True, True)
update switch state U True args=() kw={} ncanvase=2
01:50:28 -- OPEN   VALVE-U (Microbone to Turbo)
---------------------------------------- open None (Microbone to Turbo) result=[(True, True)], time=0.15 sec
Get Checksum: -1965264452
action=open, ok=True, locked=[False]
open () {'description': 'Microbone to Inlet Pipette'}
opening name=--- desc=Microbone to Inlet Pipette
checking ownership. requestor=129.138.12.150
check software interlocks S
interlocks []
actuate state mode=None-script, software_lock=False
doing actuation None-script open_channel False
Open S ===>> OK
GetIndicatorState S ===>> OK
change switch state (True, True)
update switch state S True args=() kw={} ncanvase=2
01:50:29 -- OPEN   VALVE-S (Microbone to Inlet Pipette)
---------------------------------------- open None (Microbone to Inlet Pipette) result=[(True, True)], time=0.41 sec
action=open, ok=True, locked=[False]
open () {'description': 'Microbone to Getter D-50'}
opening name=--- desc=Microbone to Getter D-50
checking ownership. requestor=129.138.12.150
check software interlocks K
interlocks []
actuate state mode=None-script, software_lock=False
doing actuation None-script open_channel False
Open K ===>> OK
GetIndicatorState K ===>> OK
change switch state (True, True)
update switch state K True args=() kw={} ncanvase=2
01:50:29 -- OPEN   VALVE-K (Microbone to Getter D-50)
---------------------------------------- open None (Microbone to Getter D-50) result=[(True, True)], time=0.41 sec
action=open, ok=True, locked=[False]
open () {'description': 'Microbone to Getter NP-10'}
opening name=--- desc=Microbone to Getter NP-10
checking ownership. requestor=129.138.12.150
check software interlocks M
interlocks []
actuate state mode=None-script, software_lock=False
doing actuation None-script open_channel False
Open M ===>> OK
GetIndicatorState M ===>> OK
change switch state (True, True)
update switch state M True args=() kw={} ncanvase=2
01:50:30 -- OPEN   VALVE-M (Microbone to Getter NP-10)
---------------------------------------- open None (Microbone to Getter NP-10) result=[(True, True)], time=0.16 sec
action=open, ok=True, locked=[False]
close () {'description': 'CO2 Laser to Felix'}
closing name=--- desc=CO2 Laser to Felix
checking ownership. requestor=129.138.12.150
check software interlocks F
interlocks []
actuate state mode=None-script, software_lock=True
VALVE-F(CO2 Laser to Felix) software locked
change switch state (True, False)
---------------------------------------- close None (CO2 Laser to Felix) result=[(True, False)]
action=close, ok=True, locked=[True]
open () {'description': 'CO2 Laser to Jan'}
opening name=--- desc=CO2 Laser to Jan
checking ownership. requestor=129.138.12.150
check software interlocks A
interlocks []
actuate state mode=None-script, software_lock=False
doing actuation None-script open_channel False
Open A ===>> OK
GetIndicatorState A ===>> OK
change switch state (True, True)
update switch state A True args=() kw={} ncanvase=2
01:50:30 -- OPEN   VALVE-A (CO2 Laser to Jan)
---------------------------------------- open None (CO2 Laser to Jan) result=[(True, True)], time=0.14 sec
action=open, ok=True, locked=[False]
open () {'description': 'Microbone to CO2 Laser'}
opening name=--- desc=Microbone to CO2 Laser
checking ownership. requestor=129.138.12.150
check software interlocks T
interlocks []
actuate state mode=None-script, software_lock=False
doing actuation None-script open_channel False
Open T ===>> OK
GetIndicatorState T ===>> OK
change switch state (True, True)
update switch state T True args=() kw={} ncanvase=2
01:50:31 -- OPEN   VALVE-T (Microbone to CO2 Laser)
---------------------------------------- open None (Microbone to CO2 Laser) result=[(True, True)], time=0.41 sec
action=open, ok=True, locked=[False]
executed 0
PrepareForCO2Analysis.py completed successfully
gosub finished
set_motor ('beam', '1.25') {}
setting motor "beam" to 1.25
set motor beam to 1.25
SetMotor beam,1.25 ===>> OK
Get Checksum: -1965264452
GetMotorMoving beam ===>> False
GetMotorMoving beam ===>> False
Block completed
move_to_position ('185',) {'autocenter': True}
FusionsCO2 move to position 185
sending GoToHole 185,True
GoToHole 185,True ===>> OK
GetDriveMoving ===>> False
GetDriveMoving ===>> False
Block completed
GetAutoCorrecting ===>> False
GetAutoCorrecting ===>> False
Block completed
update position
GetPosition ===>> -9.96950,-9.96950,1.00000
got position (-9.9695, -9.9695, 1.0)
move to position succeeded
sleep (5,) {}
SLEEP 5.0
block started
WaitControl setup for 5.0  
Get Checksum: -1965264452
Get Checksum: -1965264452
Join finished
block finished. duration 5.0138399601
close () {'description': 'Microbone to Turbo'}
closing name=--- desc=Microbone to Turbo
checking ownership. requestor=129.138.12.150
check software interlocks U
interlocks []
actuate state mode=None-script, software_lock=False
doing actuation None-script close_channel True
Close U ===>> OK
GetIndicatorState U ===>> False
change switch state (True, True)
update switch state U False args=() kw={} ncanvase=2
01:50:39 -- CLOSE  VALVE-U (Microbone to Turbo)
---------------------------------------- close None (Microbone to Turbo) result=[(True, True)]
action=close, ok=True, locked=[False]
enable laser
enable () {}
set extraction state FusionsCO2 Enabled (False, 'red', 1.5)
enabling laser
Enable ===>> OK
begin interval
BEGIN INTERVAL Interval 1 waiting for 30.0
block started
WaitControl setup for 30.0  
set extract to 0.4
extract (0.4,) {}
GetPosition ===>> -9.96950,-9.96950,1.00000
set extraction state FusionsCO2 ON! 0.4(watts) (0.75, 'red', 1.5)
extract sample to 0.4 (watts)
set laser output
SetLaserOutput 0.4,watts ===>> OK
executing pattern triangle.lp
execute_pattern ('triangle.lp',) {}
executing pattern triangle.lp
IsPatterning ===>> OK
Get Checksum: 1551197106
IsPatterning ===>> OK
IsPatterning ===>> OK
IsPatterning ===>> OK
Get Checksum: 1551197106
IsPatterning ===>> OK
IsPatterning ===>> OK
IsPatterning ===>> OK
Get Checksum: 1551197106
IsPatterning ===>> OK
IsPatterning ===>> OK
IsPatterning ===>> OK
Get Checksum: 1551197106
IsPatterning ===>> OK
IsPatterning ===>> OK
IsPatterning ===>> OK
Get Checksum: 1551197106
IsPatterning ===>> OK
IsPatterning ===>> OK
IsPatterning ===>> OK
Get Checksum: 1551197106
IsPatterning ===>> OK
IsPatterning ===>> OK
IsPatterning ===>> OK
Get Checksum: 1551197106
IsPatterning ===>> OK
IsPatterning ===>> OK
IsPatterning ===>> OK
Get Checksum: 1551197106
IsPatterning ===>> OK
IsPatterning ===>> OK
IsPatterning ===>> OK
Get Checksum: 1551197106
IsPatterning ===>> OK
IsPatterning ===>> OK
IsPatterning ===>> OK
Get Checksum: 1551197106
IsPatterning ===>> False
Join finished
block finished. duration 30.0941998959
Interval 1 finished
IsPatterning ===>> False
Block completed
COMPLETE INTERVAL waiting for Interval 1 to complete
end_extract () {}
ending extraction. set laser power to 0
set laser power 0
SetLaserPower 0 ===>> OK
disable () {}
%%%%%%%%%%%%%%%%%%%%%%%%%%%%%%%%%%% disable
set extraction state False (0.75, 'red', 1.5)
disabling laser
Disable ===>> OK
sleep (30.0,) {}
SLEEP 30.0
block started
WaitControl setup for 30.0  
Get Checksum: 1551197106
Get Checksum: 1551197106
Get Checksum: 1551197106
Get Checksum: 1551197106
Get Checksum: 1551197106
Get Checksum: 1551197106
Get Checksum: 1551197106
Get Checksum: 1551197106
Get Checksum: 1551197106
Get Checksum: 1551197106
Join finished
block finished. duration 30.0852739811
executed 165.0
jan_co2.py completed successfully
GetAchievedOutput ===>> No Response
Requested Output= 0.000
Achieved Output=  0.000
GetResponseBlob ===>> No Response
GetOutputBlob ===>> No Response
persistence save...
persistence save - db
AutomatedRunPersister post_extraction_save deprecated
persistence save - dvc
no extraction position for 185
create new session 4984345712
close session 4984345712
Extraction Finished
01:51:41 -- ******* Extraction Finished *******
no overlap. not waiting for min ms pumptime
01:51:41 -- Sending spectrometer configuration
======== Sending configuration ========
SetDeflection CDD,50.0 ===>> OK
SetDeflection H2,0.0 ===>> OK
SetDeflection H1,0.0 ===>> OK
SetDeflection L2,825.0 ===>> OK
SetDeflection L1,400.0 ===>> OK
SetDeflection AX,190.0 ===>> OK
SetZFocus 74.64 ===>> OK
SetZSymmetry -50.72 ===>> OK
SetExtractionLens 26.13 ===>> OK
SetIonRepeller -3.81 ===>> OK
SetElectronEnergy 75.08 ===>> OK
SetYSymmetry -2.81 ===>> OK
SetIonCounterVoltage 1590.0 ===>> OK
send trap current 200.0
GetParameter Trap Current Readback ===>> 198.370811206739
SetParameter Trap Current Set,200.0 ===>> OK
updating mftable name mftable
Using mftable located at /Users/jan/PychronDev/setupfiles/spectrometer/mftables/mftable.csv
============ MFtable ===========
Isotope  H2     H1     AX     L1     L2     CDD    
Ar40     5.7806 5.8790 5.9923 6.1205 6.2308 6.3487
Ar39     5.6799 5.7712 5.8848 6.0066 6.1159 6.2352
Ar36     5.3574 5.4402 5.5481 5.6654 5.7709 5.8864
================================
get initial guess parabolic
get initial guess parabolic
get initial guess parabolic
get initial guess parabolic
get initial guess parabolic
get initial guess parabolic
======== Configuration Finished ========
GetYSymmetry ===>> -2.81
GetZSymmetry ===>> -50.72
GetParameter Trap Current Readback ===>> 198.147042666178
GetHighVoltage ===>> 4500
start measurement
do measurement
L#=65571 analysis type=unknown
Measurement Started jan_unknown120_60.py
01:51:41 -- ******* Measurement Started jan_unknown120_60.py *******
state changed from extraction to measurement
setting spec, defl, and gains
GetExtractionLens ===>> 26.13
GetYSymmetry ===>> -2.81
GetZSymmetry ===>> -50.72
GetZFocus ===>> 74.64
GetDeflection H2 ===>> 0
GetDeflection H1 ===>> 0
GetDeflection AX ===>> 190
GetDeflection L1 ===>> 400
GetDeflection L2 ===>> 825
GetDeflection CDD ===>> 50
GetGain H2 ===>> 0.0113
GetGain H1 ===>> 0.1
GetGain AX ===>> 0.097049
GetGain L1 ===>> 0.010355
GetGain L2 ===>> 0.095649
GetGain CDD ===>> 0
pre measurement save
New frame /Users/jan/PychronDev/data/isotopes/4b/090363-a59c-4938-889e-bb5d05990935.h5
flush and close file /Users/jan/PychronDev/data/isotopes/4b/090363-a59c-4938-889e-bb5d05990935.h5
testing...
no interpolation path defined
executed 226.132928
unknown measurement script
activate_detectors ('H2', 'H1', 'AX', 'L1', 'L2', 'CDD') {}
activate detectors
*************** Set Analysis View Ar/Ar
create graphs
clearing graphs
clear isotope group
setting isotope det=H2, iso=PM41
setting isotope det=H1, iso=Ar40
setting isotope det=AX, iso=Ar39
setting isotope det=L1, iso=Ar38
setting isotope det=L2, iso=Ar37
setting isotope det=CDD, iso=Ar36
setting previous blanks
 - setting Ar40 blank 0.240+/-0.007
 - setting Ar36 blank 0.00461+/-0.00018
 - setting Ar37 blank 0.049+/-0.005
 - setting Ar38 blank 0.0100+/-0.0021
 - setting PM41 blank 0.03+/-0.07
 - setting Ar39 blank 0.028+/-0.009
load analysis view
position_magnet ('Ar40',) {'detector': 'H1'}
detector Detector(H1)
POSITION Ar40 H1
setting detector H2 to PM41 (40.9624)
setting detector H1 to Ar40 (39.9624)
setting detector AX to Ar39 (38.9624)
setting detector L1 to Ar38 (37.9624)
setting detector L2 to Ar37 (36.9624)
setting detector CDD to Ar36 (35.9624)
Mapping mass to dac mass func: "parabolic"
H1 map mass coeffs = [-0.00063987  0.15840543  0.57056999]
H1 map mass to dac 39.9624 >> 5.87896
GetDeflection H1 ===>> 0
GetHighVoltage ===>> 4500
positioning Ar40 (5.87896) on H1
setting magnet DAC
current  : 5.878957
requested: 5.878960
Delta Dac: 0.000003
Checking detector protection. dv=0.00000
Checking detector "CDD". Protection Threshold: 0.1 (V)
SetMagnetDAC 5.87896 ===>> OK
Magnet settling time: 0.500
Get Checksum: 1551197106
equilibrate () {'delay': 3, 'inlet': 'R', 'outlet': 'O', 'eqtime': 12.0}
Equilibration Started
01:51:43 -- ******* Equilibration Started *******
checking ownership. requestor=129.138.12.150
check software interlocks O
interlocks []
actuate state mode=None-script, software_lock=False
doing actuation None-script close_channel True
Close O ===>> OK
GetIndicatorState O ===>> False
change switch state (True, True)
update switch state O False args=() kw={} ncanvase=2
01:51:43 -- CLOSE  VALVE-O (Jan Ion Pump)
waiting 3s before opening inlet value ('R',)
Get Checksum: -598318598
checking ownership. requestor=129.138.12.150
check software interlocks R
interlocks []
actuate state mode=None-script, software_lock=False
doing actuation None-script open_channel True
Open R ===>> OK
GetIndicatorState R ===>> OK
change switch state (True, True)
update switch state R True args=() kw={} ncanvase=2
01:51:46 -- OPEN   VALVE-R (Jan Inlet)
set_time_zero () {}
equilibrating for 12.0sec
sniff (12.0,) {}
py_sniff
build tables- sniff [Detector(H2), Detector(H1), Detector(AX), Detector(L1), Detector(L2), Detector(CDD)]
add group /sniff/PM41 (Group) '' table H2
add group /sniff/Ar40 (Group) '' table H1
add group /sniff/Ar39 (Group) '' table AX
add group /sniff/Ar38 (Group) '' table L1
add group /sniff/Ar37 (Group) '' table L2
add group /sniff/Ar36 (Group) '' table CDD
flush and close file /Users/jan/PychronDev/data/isotopes/4b/090363-a59c-4938-889e-bb5d05990935.h5
measuring sniff. ncounts=12.0
starting measurement
GetData ===>> H2,-0.141727010286133,H1,0.0525924217863462,AX,-0.00419898710612195,L1,0.0329251399777554,L2,-0.0...
GetData ===>> H2,0.400534696130599,H1,100.525927981194,AX,20.9462075836508,L1,0.132897359747736,L2,0.3979834785...
Get Checksum: -1449001502
GetData ===>> H2,1.02949367505624,H1,392.750582365585,AX,77.5979270825303,L1,0.588288232290087,L2,0.62388281564...
GetData ===>> H2,0.237919103908339,H1,505.498551565644,AX,96.4961080644239,L1,0.911644153537717,L2,0.4705118823...
GetData ===>> H2,-0.0112458937280611,H1,541.913125881547,AX,101.91603326951,L1,1.12983700912477,L2,0.4805972558...
Get Checksum: -1449001502
GetData ===>> H2,0.0099522068857578,H1,574.23870744206,AX,107.717448477403,L1,1.264892124321,L2,0.4994459275457...
GetData ===>> H2,0.0484680388477225,H1,656.375362681991,AX,123.43798692572,L1,1.4236119349847,L2,0.554916780743...
GetData ===>> H2,0.0613935744709615,H1,713.965500337174,AX,133.940079610935,L1,1.57021770199415,L2,0.5940765273...
Get Checksum: -1449001502
GetData ===>> H2,-0.0342696850162678,H1,739.763782360197,AX,138.295632620478,L1,1.72030004372715,L2,0.568063526...
GetData ===>> H2,-0.0948054563256541,H1,749.973127189122,AX,139.887679667715,L1,1.75455134708562,L2,0.671437262...
GetData ===>> H2,-0.116412504697567,H1,754.062695776621,AX,140.62218018104,L1,1.80204247740741,L2,0.67614826436...
Get Checksum: -1449001502
Equilibration Finished
01:51:59 -- ******* Equilibration Finished *******
GetData ===>> H2,-0.1127746253814,H1,755.672146617284,AX,140.759256435281,L1,1.83624052087067,L2,0.679247131931...
checking ownership. requestor=129.138.12.150
check software interlocks R
interlocks []
actuate state mode=None-script, software_lock=False
doing actuation None-script close_channel True
Close R ===>> OK
GetIndicatorState R ===>> False
change switch state (True, True)
update switch state R False args=() kw={} ncanvase=2
01:51:59 -- CLOSE  VALVE-R (Jan Inlet)
Post Equilibration Started jan_pump_extraction_line.py
01:51:59 -- ******* Post Equilibration Started jan_pump_extraction_line.py *******
testing...
no interpolation path defined
calculate duration
testing...
no interpolation path defined
executed 4.0
executed 4.0
Pump after analysis
doing GOSUB
testing...
no interpolation path defined
executed 4.0
Pump Microbone
close () {'description': 'Jan Inlet'}
closing name=--- desc=Jan Inlet
checking ownership. requestor=129.138.12.150
check software interlocks R
interlocks []
actuate state mode=None-script, software_lock=False
doing actuation None-script close_channel False
measurement finished
estimated time: 12.583 actual time: :12.666
flush and close file /Users/jan/PychronDev/data/isotopes/4b/090363-a59c-4938-889e-bb5d05990935.h5
set_fits () {}
using default fits file=/Users/jan/PychronDev/scripts/measurement/fits/nominal_linear.yaml
set "Ar40" to "('Linear', 'SEM')"
No fit for "PM41". defaulting to linear. check the measurement script "jan_unknown120_60.py"
Close R ===>> OK
set "PM41" to "linear"
set "Ar36" to "('Linear', 'SEM')"
set "Ar37" to "('linear', 'SEM')"
set "Ar38" to "('linear', 'SEM')"
set "Ar39" to "('Linear', 'SEM')"
set_baseline_fits () {}
using default fits file=/Users/jan/PychronDev/scripts/measurement/fits/nominal_linear.yaml
set "H1" to "('average', 'SEM')"
set "H2" to "('average', 'SEM')"
set "CDD" to "('average', 'SEM')"
set "L2" to "('average', 'SEM')"
set "L1" to "('average', 'SEM')"
set "AX" to "('average', 'SEM')"
multicollect () {'integration_time': 1, 'ncounts': 120}
build tables- signal [Detector(H2), Detector(H1), Detector(AX), Detector(L1), Detector(L2), Detector(CDD)]
add group /signal/PM41 (Group) '' table H2
add group /signal/Ar40 (Group) '' table H1
add group /signal/Ar39 (Group) '' table AX
add group /signal/Ar38 (Group) '' table L1
add group /signal/Ar37 (Group) '' table L2
add group /signal/Ar36 (Group) '' table CDD
flush and close file /Users/jan/PychronDev/data/isotopes/4b/090363-a59c-4938-889e-bb5d05990935.h5
measuring signal. ncounts=120
GetIndicatorState R ===>> False
change switch state (True, True)
update switch state R False args=() kw={} ncanvase=2
01:52:00 -- CLOSE  VALVE-R (Jan Inlet)
---------------------------------------- close None (Jan Inlet) result=[(True, True)]
action=close, ok=True, locked=[False]
is_closed ('F',) {}
is F () closed?
is closed True
open () {'description': 'CO2 Laser to Jan'}
opening name=--- desc=CO2 Laser to Jan
checking ownership. requestor=129.138.12.150
check software interlocks A
interlocks []
actuate state mode=None-script, software_lock=False
doing actuation None-script open_channel False
Open A ===>> OK
GetIndicatorState A ===>> OK
change switch state (True, True)
update switch state A True args=() kw={} ncanvase=2
01:52:00 -- OPEN   VALVE-A (CO2 Laser to Jan)
---------------------------------------- open None (CO2 Laser to Jan) result=[(True, True)], time=0.12 sec
starting measurement
GetData ===>> H2,-0.0139274273105533,H1,756.922111732898,AX,141.107789068235,L1,1.85195617516968,L2,0.632111706...
action=open, ok=True, locked=[False]
sleep (1,) {}
SLEEP 1.0
Get Checksum: -598318598
GetData ===>> H2,-0.0140524504943565,H1,757.096681147392,AX,140.874265729649,L1,1.86538915804399,L2,0.684564610...
close () {'description': 'CO2 Laser to Roughing'}
closing name=--- desc=CO2 Laser to Roughing
checking ownership. requestor=129.138.12.150
check software interlocks G
interlocks []
actuate state mode=None-script, software_lock=True
VALVE-G(CO2 Laser to Roughing) software locked
change switch state (True, False)
---------------------------------------- close None (CO2 Laser to Roughing) result=[(True, False)]
action=close, ok=True, locked=[True]
open () {'description': 'Microbone to Turbo'}
opening name=--- desc=Microbone to Turbo
checking ownership. requestor=129.138.12.150
check software interlocks U
interlocks []
actuate state mode=None-script, software_lock=False
doing actuation None-script open_channel True
Open U ===>> OK
GetIndicatorState U ===>> OK
change switch state (True, True)
update switch state U True args=() kw={} ncanvase=2
01:52:01 -- OPEN   VALVE-U (Microbone to Turbo)
---------------------------------------- open None (Microbone to Turbo) result=[(True, True)], time=0.19 sec
action=open, ok=True, locked=[False]
open () {'description': 'Microbone to Getter NP-10'}
opening name=--- desc=Microbone to Getter NP-10
checking ownership. requestor=129.138.12.150
check software interlocks M
interlocks []
actuate state mode=None-script, software_lock=False
doing actuation None-script open_channel False
Open M ===>> OK
GetIndicatorState M ===>> OK
change switch state (True, True)
update switch state M True args=() kw={} ncanvase=2
01:52:02 -- OPEN   VALVE-M (Microbone to Getter NP-10)
---------------------------------------- open None (Microbone to Getter NP-10) result=[(True, True)], time=0.14 sec
action=open, ok=True, locked=[False]
open () {'description': 'Microbone to Getter D-50'}
opening name=--- desc=Microbone to Getter D-50
checking ownership. requestor=129.138.12.150
check software interlocks K
interlocks []
actuate state mode=None-script, software_lock=False
doing actuation None-script open_channel False
GetData ===>> H2,-0.174002512189165,H1,756.596875963798,AX,140.773925578178,L1,1.83503184975911,L2,0.6708998571...
Open K ===>> OK
GetIndicatorState K ===>> OK
change switch state (True, True)
update switch state K True args=() kw={} ncanvase=2
01:52:03 -- OPEN   VALVE-K (Microbone to Getter D-50)
---------------------------------------- open None (Microbone to Getter D-50) result=[(True, True)], time=0.44 sec
action=open, ok=True, locked=[False]
open () {'description': 'Microbone to CO2 Laser'}
opening name=--- desc=Microbone to CO2 Laser
checking ownership. requestor=129.138.12.150
check software interlocks T
interlocks []
actuate state mode=None-script, software_lock=False
doing actuation None-script open_channel False
Open T ===>> OK
GetIndicatorState T ===>> OK
change switch state (True, True)
update switch state T True args=() kw={} ncanvase=2
01:52:03 -- OPEN   VALVE-T (Microbone to CO2 Laser)
---------------------------------------- open None (Microbone to CO2 Laser) result=[(True, True)], time=0.42 sec
GetData ===>> H2,-0.10186808318807,H1,756.094444852384,AX,140.786217469171,L1,1.81653298782662,L2,0.58147506321...
action=open, ok=True, locked=[False]
open () {'description': 'Microbone to Inlet Pipette'}
opening name=--- desc=Microbone to Inlet Pipette
checking ownership. requestor=129.138.12.150
check software interlocks S
interlocks []
actuate state mode=None-script, software_lock=False
doing actuation None-script open_channel False
Open S ===>> OK
Get Checksum: -860229079
GetIndicatorState S ===>> OK
change switch state (True, True)
update switch state S True args=() kw={} ncanvase=2
01:52:04 -- OPEN   VALVE-S (Microbone to Inlet Pipette)
---------------------------------------- open None (Microbone to Inlet Pipette) result=[(True, True)], time=0.41 sec
action=open, ok=True, locked=[False]
sleep (1,) {}
SLEEP 1.0
GetData ===>> H2,-0.0430242258135633,H1,755.958641240217,AX,140.694399927467,L1,1.84002060397454,L2,0.623482568...
set_resource () {'name': 'CO2PumpTimeFlag', 'value': 30}
Set CO2PumpTimeFlag 30 ===>> OK
release ('JanCO2Flag',) {}
release JanCO2Flag
Set JanCO2Flag 0 ===>> OK
executed 6.0
PumpMicrobone.py completed successfully
gosub finished
get_resource_value () {'name': 'JanMiniboneFlag'}
Read JanMiniboneFlag ===>> 0
Get Resource Value JanMiniboneFlag=0.0
get resource value 0.0
get_resource_value () {'name': 'JanMiniboneFlag'}
Read JanMiniboneFlag ===>> 0
Get Resource Value JanMiniboneFlag=0.0
executed 4.0
jan_pump_extraction_line.py completed successfully
Post Equilibration Finished
01:52:05 -- ******* Post Equilibration Finished *******
GetData ===>> H2,-0.198998444810806,H1,755.600883715342,AX,140.55021120638,L1,1.84863382926348,L2,0.75434806419...
GetData ===>> H2,0.00308774180145515,H1,755.057012576248,AX,140.60054429367,L1,1.86920132170148,L2,0.6712657498...
Get Checksum: -860229079
GetData ===>> H2,-0.034534455806434,H1,754.731596134692,AX,140.367760235026,L1,1.82932421424201,L2,0.6302830034...
GetData ===>> H2,-0.0641217534231857,H1,754.455018896498,AX,140.361329321768,L1,1.82208594472452,L2,0.608772702...
GetData ===>> H2,-0.134552713207585,H1,754.2055129125,AX,140.522120046096,L1,1.89603240813707,L2,0.610591296238...
Get Checksum: -860229079
GetData ===>> H2,-0.0904500586166508,H1,753.552207867347,AX,140.483706509404,L1,1.88367058989423,L2,0.511145390...
GetData ===>> H2,-0.15309837757204,H1,753.989703731893,AX,140.209266962369,L1,1.87167836269944,L2,0.59191517858...
GetData ===>> H2,-0.218129540807133,H1,753.494687904141,AX,140.021732577663,L1,1.85225361076524,L2,0.6580258947...
Get Checksum: -860229079
GetData ===>> H2,-0.155567037706144,H1,752.910032791762,AX,139.993080464166,L1,1.85709101652778,L2,0.5947169362...
GetData ===>> H2,-0.166351490842218,H1,752.861438084265,AX,139.968159094824,L1,1.84246866492765,L2,0.6263171224...
GetData ===>> H2,-0.191248333817936,H1,752.710127399993,AX,140.441427840178,L1,1.8073387680133,L2,0.73798444020...
Get Checksum: -860229079
GetData ===>> H2,-0.14853481265062,H1,752.234080318953,AX,140.127470812902,L1,1.8288530740907,L2,0.679029864892...
GetData ===>> H2,-0.215723090804845,H1,751.738411053433,AX,140.271588247308,L1,1.8366818564589,L2,0.57173350485...
Get Checksum: -860229079
GetData ===>> H2,-0.18366680806646,H1,751.624720076093,AX,140.105922799509,L1,1.85206099736901,L2,0.54013741732...
GetData ===>> H2,-0.128964250267775,H1,751.39193201648,AX,140.030805772636,L1,1.82554780893789,L2,0.67457028168...
GetData ===>> H2,-0.0530022401728894,H1,751.24840689247,AX,140.043568901487,L1,1.82721209367184,L2,0.5666801752...
GetData ===>> H2,-0.158798318779926,H1,750.691920076733,AX,139.965486460729,L1,1.84468133589463,L2,0.6500234138...
GetData ===>> H2,-0.106372006155634,H1,750.361368091253,AX,139.833782495263,L1,1.82059502132261,L2,0.5628160440...
Get Checksum: -860229079
GetData ===>> H2,-0.117775056024834,H1,750.000990301303,AX,139.616143632037,L1,1.82969590573151,L2,0.7142106610...
01:52:25 -- collecting point 25
GetData ===>> H2,-0.235363861750105,H1,749.777593349966,AX,139.630340371871,L1,1.82362346702485,L2,0.6392782745...
GetData ===>> H2,-0.200484344070396,H1,749.33452378753,AX,139.653265210715,L1,1.84294782097426,L2,0.57683283573...
Get Checksum: -860229079
GetData ===>> H2,-0.0622645101905181,H1,749.148511848412,AX,139.544607217639,L1,1.84867181571562,L2,0.632900346...
GetData ===>> H2,-0.156242548869782,H1,749.142458056544,AX,139.60638052379,L1,1.82197991100097,L2,0.70686692044...
GetData ===>> H2,-0.105024264502153,H1,748.521088812391,AX,139.470831888513,L1,1.81682999927032,L2,0.5949685267...
Get Checksum: -860229079
GetData ===>> H2,-0.13241184719581,H1,748.160378135578,AX,139.325707269277,L1,1.83114745527452,L2,0.54929281026...
GetData ===>> H2,-0.136203730659378,H1,747.222903741306,AX,139.568190332355,L1,1.78223212975418,L2,0.6329003460...
GetData ===>> H2,-0.15116685974015,H1,746.681824821499,AX,139.191311746689,L1,1.80141472616934,L2,0.61462892630...
Get Checksum: -860229079
GetData ===>> H2,-0.116872570102499,H1,746.956304929353,AX,139.152080033716,L1,1.84875695824027,L2,0.5843908628...
GetData ===>> H2,-0.104773913353705,H1,746.617384325202,AX,139.325150022459,L1,1.80189861457613,L2,0.5944310389...
GetData ===>> H2,-0.107758822354139,H1,746.798088182044,AX,139.285072931142,L1,1.82669524869531,L2,0.6332889532...
Get Checksum: -860229079
GetData ===>> H2,-0.19239819999184,H1,746.208565932105,AX,139.155680531803,L1,1.78885809601537,L2,0.74981631989...
GetData ===>> H2,-0.15321864769321,H1,746.231193517814,AX,139.186954422808,L1,1.81978877658613,L2,0.61340503748...
GetData ===>> H2,-0.170812976572326,H1,746.234464764779,AX,139.029765220264,L1,1.80300982045903,L2,0.6131533987...
Get Checksum: -860229079
GetData ===>> H2,-0.230032109379911,H1,745.653115844178,AX,138.928980908197,L1,1.82762427861604,L2,0.5678120065...
GetData ===>> H2,-0.214429066945745,H1,745.389787611222,AX,138.79147574771,L1,1.83278509621904,L2,0.48333865059...
Get Checksum: -860229079
GetData ===>> H2,-0.225165126452475,H1,745.180079457126,AX,138.683951240802,L1,1.84408164497127,L2,0.6386496068...
GetData ===>> H2,-0.0295204175877859,H1,744.934386295552,AX,138.570655085091,L1,1.83203104416621,L2,0.560392467...
GetData ===>> H2,-0.125964507965995,H1,744.652980618737,AX,138.54684964621,L1,1.85968949387737,L2,0.64725699701...
Get Checksum: -860229079
GetData ===>> H2,-0.215226235477085,H1,744.204040726709,AX,138.590373090361,L1,1.81825628950224,L2,0.6926271550...
GetData ===>> H2,-0.151597598387299,H1,743.495130019132,AX,138.570655085091,L1,1.80778064675438,L2,0.6327974797...
GetData ===>> H2,-0.220310865651598,H1,743.728834365189,AX,138.662732144271,L1,1.75393561880426,L2,0.6178888932...
Get Checksum: -860229079
GetData ===>> H2,-0.0438558965643272,H1,743.35614523841,AX,138.554930010213,L1,1.74455265835752,L2,0.5475896810...
GetData ===>> H2,-0.0875005210179668,H1,743.142752734375,AX,138.28765507821,L1,1.78317071638128,L2,0.5678577373...
GetData ===>> H2,-0.0999891164301766,H1,743.099742027737,AX,138.454375060936,L1,1.80236813751202,L2,0.650812200...
Get Checksum: -860229079
01:52:52 -- collecting point 50
GetData ===>> H2,-0.182432407858962,H1,742.740276455871,AX,138.516477335797,L1,1.79917603924031,L2,0.5612955853...
GetData ===>> H2,-0.176896862924096,H1,742.255809422067,AX,138.554393954274,L1,1.78876012535592,L2,0.6758395265...
GetData ===>> H2,-0.16039065565086,H1,742.094868708834,AX,138.480563224815,L1,1.7699537165667,L2,0.581051993772...
Get Checksum: -860229079
GetData ===>> H2,-0.174633014472757,H1,741.762963609731,AX,138.380895470542,L1,1.78287304275346,L2,0.6106256096...
GetData ===>> H2,-0.0469938090239496,H1,741.268404427853,AX,138.243130744331,L1,1.79533001674021,L2,0.606233591...
GetData ===>> H2,-0.168127658763398,H1,740.534938443649,AX,138.016734600518,L1,1.78897827455313,L2,0.5198409358...
Get Checksum: -860229079
GetData ===>> H2,-0.0759460516029068,H1,740.4017481566,AX,137.847270181324,L1,1.78478064409782,L2,0.61900988990...
GetData ===>> H2,-0.103910497881953,H1,740.623469664409,AX,137.894374082691,L1,1.7797301458335,L2,0.67558796319...
GetData ===>> H2,-0.126904124969673,H1,740.783849249009,AX,137.60243083743,L1,1.7939720733194,L2,0.624957103073...
Get Checksum: -860229079
GetData ===>> H2,-0.140707987742376,H1,740.103203676671,AX,137.86326062818,L1,1.77370029512315,L2,0.62275045315...
GetData ===>> H2,-0.107308294780816,H1,739.315360937875,AX,138.139443926592,L1,1.81649504421221,L2,0.5782277671...
GetData ===>> H2,-0.134882665470659,H1,738.560179031026,AX,137.774133989171,L1,1.79755876758378,L2,0.6355634797...
Get Checksum: -860229079
GetData ===>> H2,-0.113418918096688,H1,738.284485106225,AX,137.794752285934,L1,1.76806916282091,L2,0.5538422568...
GetData ===>> H2,-0.0150688924736,H1,738.653371921421,AX,137.456853483397,L1,1.81510822967951,L2,0.59344755838,...
Get Checksum: -860229079
GetData ===>> H2,-0.171926049839855,H1,738.492761384579,AX,137.632899022924,L1,1.78364074383119,L2,0.5343885972...
GetData ===>> H2,-0.111832484516426,H1,738.558220705572,AX,137.850618734961,L1,1.78449990164488,L2,0.6242375677...
GetData ===>> H2,-0.109528241782836,H1,738.143545905138,AX,137.520072389145,L1,1.80234328760514,L2,0.6630335008...
Get Checksum: -860229079
GetData ===>> H2,-0.203462296813198,H1,737.292606560434,AX,137.283409307494,L1,1.7856882095855,L2,0.63139165077...
GetData ===>> H2,-0.177905122021131,H1,737.182626023072,AX,137.625395292996,L1,1.78023702907905,L2,0.6892533836...
GetData ===>> H2,-0.222646666479951,H1,736.412382579267,AX,137.716571734101,L1,1.81400282848243,L2,0.5380572875...
Get Checksum: -860229079
GetData ===>> H2,-0.211515961413377,H1,736.548442839864,AX,137.419673638913,L1,1.79082683865851,L2,0.5837619573...
GetData ===>> H2,-0.141083712279341,H1,736.198951247478,AX,137.246741961494,L1,1.79285996578786,L2,0.6300429886...
GetData ===>> H2,-0.225904396640382,H1,736.022299395771,AX,137.280521509585,L1,1.77314410179028,L2,0.6518524934...
Get Checksum: -860229079
GetData ===>> H2,-0.148349776606282,H1,735.449372263496,AX,137.290688363508,L1,1.74412125650599,L2,0.5962150525...
GetData ===>> H2,-0.0600001614182385,H1,735.299357648807,AX,137.268733485856,L1,1.76983755394782,L2,0.615543993...
01:53:18 -- collecting point 75
GetData ===>> H2,-0.0670171359794183,H1,734.743235206134,AX,137.002062320123,L1,1.81696607768185,L2,0.625928543...
Get Checksum: -860229079
GetData ===>> H2,-0.14412689262673,H1,734.520195736245,AX,136.980951296029,L1,1.7947575427101,L2,0.555488340915...
GetData ===>> H2,-0.0630426913245819,H1,734.302295579858,AX,137.155113765209,L1,1.77348878165563,L2,0.642718874...
GetData ===>> H2,-0.140429565129006,H1,734.115144579321,AX,136.871722942511,L1,1.74490065955559,L2,0.5164471798...
Get Checksum: -860229079
GetData ===>> H2,-0.21966823369677,H1,733.985338780761,AX,137.148271636169,L1,1.74420988148012,L2,0.61639043853...
GetData ===>> H2,-0.237209606481624,H1,733.66291802484,AX,136.981267546224,L1,1.80383182315532,L2,0.51873252422...
GetData ===>> H2,-0.0697514708740304,H1,733.67115469595,AX,136.835149251308,L1,1.79570384010984,L2,0.5687037617...
Get Checksum: -860229079
GetData ===>> H2,-0.0685756246363774,H1,732.932534069624,AX,136.872177252966,L1,1.79340751110186,L2,0.676079655...
GetData ===>> H2,-0.153003782198258,H1,732.91212524308,AX,136.869510665915,L1,1.77853488254566,L2,0.71699044777...
GetData ===>> H2,-0.221923347233798,H1,732.40026153096,AX,136.696892043709,L1,1.78034807621936,L2,0.69490308821...
Get Checksum: -860229079
GetData ===>> H2,-0.249329316134264,H1,732.3543532642,AX,136.588405973821,L1,1.79217785927136,L2,0.542800506423...
GetData ===>> H2,-0.146407391252525,H1,731.830558234358,AX,136.528049330515,L1,1.78944724470701,L2,0.6473713101...
Get Checksum: -860229079
GetData ===>> H2,-0.208100894725911,H1,731.825225662281,AX,136.461552986829,L1,1.78503788884347,L2,0.6894478011...
GetData ===>> H2,-0.202812579512298,H1,731.349857135936,AX,136.476355113095,L1,1.74398832039067,L2,0.5266402358...
GetData ===>> H2,-0.151358601221648,H1,730.989441116493,AX,136.357809402181,L1,1.73109303646456,L2,0.5921438904...
Get Checksum: -860229079
GetData ===>> H2,-0.11175126181695,H1,730.894290282877,AX,136.45144805337,L1,1.77991434553851,L2,0.607262952747...
GetData ===>> H2,-0.209903531817254,H1,730.322019825445,AX,136.289513108171,L1,1.79386621568985,L2,0.5585748246...
GetData ===>> H2,-0.212852069703385,H1,730.278264683783,AX,136.295077862149,L1,1.80900832634293,L2,0.6060849069...
Get Checksum: -860229079
GetData ===>> H2,-0.151415312869414,H1,729.562576186146,AX,136.112022964102,L1,1.77641899835407,L2,0.6389125037...
GetData ===>> H2,-0.069842332826542,H1,729.173878929647,AX,136.124418610809,L1,1.75168172257093,L2,0.6367750585...
GetData ===>> H2,-0.0859202473570569,H1,729.108744379546,AX,135.96603677395,L1,1.79342057934313,L2,0.6722605277...
Get Checksum: -860229079
GetData ===>> H2,-0.176626898800509,H1,729.339335448032,AX,136.24349565837,L1,1.81095537567468,L2,0.56319330441...
GetData ===>> H2,-0.2642265291561,H1,729.232430275432,AX,135.964480497065,L1,1.82172726687219,L2,0.570876020674...
GetData ===>> H2,-0.185064283448733,H1,728.838730529894,AX,136.021126592211,L1,1.78506531122823,L2,0.5828929311...
Get Checksum: -860229079
GetData ===>> H2,-0.0330217849874752,H1,728.685372117301,AX,136.092991613149,L1,1.74232090541784,L2,0.620748604...
01:53:44 -- collecting point 100
GetData ===>> H2,-0.0473386296837548,H1,728.060048228469,AX,135.9211076358,L1,1.71160589669807,L2,0.65314430202...
GetData ===>> H2,-0.123379145807978,H1,727.870539845697,AX,135.865238408846,L1,1.71481135142088,L2,0.5999204176...
Get Checksum: -860229079
GetData ===>> H2,-0.071800435002824,H1,727.385538609628,AX,135.879717671568,L1,1.76506942373723,L2,0.6183006864...
GetData ===>> H2,-0.0305866965065921,H1,727.185494119008,AX,135.736182787185,L1,1.78852238686185,L2,0.613988384...
GetData ===>> H2,-0.0551282508830878,H1,727.156314030394,AX,135.787840195977,L1,1.78048394719207,L2,0.569252538...
Get Checksum: -860229079
GetData ===>> H2,-0.131882992429188,H1,726.875967877514,AX,135.60652693687,L1,1.75023154398726,L2,0.65149810658...
GetData ===>> H2,-0.162914436132996,H1,726.233473082619,AX,135.433254177055,L1,1.75465310212755,L2,0.5958147901...
GetData ===>> H2,-0.149815125317747,H1,726.161021886638,AX,135.426920756263,L1,1.73820281226379,L2,0.6664520851...
Get Checksum: -860229079
GetData ===>> H2,-0.161164458690938,H1,725.754512126988,AX,135.63262336467,L1,1.73938409525135,L2,0.64324469122...
GetData ===>> H2,-0.153022701336158,H1,725.205897686456,AX,135.738347979243,L1,1.70982780867564,L2,0.6601066491...
Get Checksum: -860229079
GetData ===>> H2,-0.111982744979123,H1,725.104145823128,AX,135.547651616994,L1,1.72043684036536,L2,0.6214120697...
GetData ===>> H2,-0.118555709370804,H1,725.266116489806,AX,135.141406322657,L1,1.77871775591376,L2,0.6780578867...
GetData ===>> H2,-0.117730406983722,H1,724.96466115588,AX,135.3794278455,L1,1.76150025794456,L2,0.6845760458873...
Get Checksum: -860229079
GetData ===>> H2,-0.200473557846154,H1,724.450982042331,AX,135.355110422471,L1,1.80397166122173,L2,0.6442048858...
GetData ===>> H2,-0.125347968789746,H1,723.893888511267,AX,135.323206980375,L1,1.76504854978856,L2,0.7333390523...
GetData ===>> H2,-0.114630251856468,H1,723.582243700011,AX,135.071856074791,L1,1.765053768272,L2,0.599497266889...
Get Checksum: -860229079
GetData ===>> H2,-0.0767904442615141,H1,723.834792198557,AX,135.216231898136,L1,1.76738537445024,L2,0.550047226...
GetData ===>> H2,0.0228745283660523,H1,723.380198663665,AX,135.10443629103,L1,1.74417469206623,L2,0.58524846778...
GetData ===>> H2,-0.0551160413614821,H1,722.950355491565,AX,135.191174250715,L1,1.75840826363812,L2,0.635277732...
GetData ===>> H2,-0.131532663295917,H1,723.286851857139,AX,135.085119258029,L1,1.73380085343616,L2,0.7173107575...
GetData ===>> H2,-0.028429585746556,H1,722.844887169861,AX,134.934869563063,L1,1.73890556900222,L2,0.6384095712...
Get Checksum: -860229079
measurement finished
estimated time: 125.829 actual time: :126.193
flush and close file /Users/jan/PychronDev/data/isotopes/4b/090363-a59c-4938-889e-bb5d05990935.h5
baselines () {'settling_time': 15.0, 'detector': 'H1', 'mass': 34.2, 'ncounts': 60}
%%%%%%%%%%%%%%%%%%%%%%%%%%%%%%%% Baseline
build tables- baseline [Detector(H2), Detector(H1), Detector(AX), Detector(L1), Detector(L2), Detector(CDD)]
add group baseline table H2
add group baseline table H1
add group baseline table AX
add group baseline table L1
add group baseline table L2
add group baseline table CDD
flush and close file /Users/jan/PychronDev/data/isotopes/4b/090363-a59c-4938-889e-bb5d05990935.h5
detector Detector(H1)
POSITION 34.2 H1
Mapping mass to dac mass func: "parabolic"
H1 map mass coeffs = [-0.00063987  0.15840543  0.57056999]
H1 map mass to dac 34.2 >> 5.23961599104
GetDeflection H1 ===>> 0
GetHighVoltage ===>> 4500
positioning 34.2 (5.23961599104) on H1
setting magnet DAC
current  : 5.878960
requested: 5.239616
Delta Dac: 0.639344
Checking detector protection. dv=0.63934
Checking detector "CDD". Protection Threshold: 0.1 (V)
ProtectDetector CDD,On ===>> OK
GetDeflection CDD ===>> 2000
SetMagnetDAC 5.23961599104 ===>> OK
Magnet settling time: 0.500
GetMagnetMoving ===>> True
GetMagnetMoving ===>> True
GetMagnetMoving ===>> True
GetMagnetMoving ===>> True
GetMagnetMoving ===>> True
GetMagnetMoving ===>> True
GetMagnetMoving ===>> True
GetMagnetMoving ===>> True
GetMagnetMoving ===>> False
ProtectDetector CDD,Off ===>> OK
GetDeflection CDD ===>> 50
Delaying 15.0s for detectors to settle
Get Checksum: -860229079
Get Checksum: -860229079
Get Checksum: -860229079
Get Checksum: -860229079
Get Checksum: -860229079
Join finished
measuring baseline. ncounts=60
Get Checksum: -860229079
starting measurement
GetData ===>> H2,-0.205475913771046,H1,-0.0668280518328011,AX,-0.139869555898168,L1,-0.0294789931236056,L2,-0.0...
GetData ===>> H2,-0.174560110221763,H1,-0.0634783012697813,AX,-0.10644812359453,L1,-0.0861153768050677,L2,-0.03...
GetData ===>> H2,-0.25466779949154,H1,-0.0547636561745389,AX,-0.12865997072555,L1,-0.0580866606567247,L2,-0.041...
Get Checksum: -860229079
GetData ===>> H2,-0.21684329153307,H1,-0.0780685660619838,AX,-0.155718819555545,L1,-0.0466095639679562,L2,0.041...
GetData ===>> H2,-0.199637594182651,H1,-0.0246320794610398,AX,-0.108279025782225,L1,-0.0679718767857868,L2,-0.0...
GetData ===>> H2,-0.0804966272168603,H1,0.00463774043326666,AX,-0.132309319654503,L1,-0.0683664135126972,L2,-0....
Get Checksum: -860229079
GetData ===>> H2,-0.127311042870868,H1,0.0492745880631198,AX,-0.0925761818860548,L1,-0.0606773274569429,L2,-0.0...
GetData ===>> H2,-0.197184628139869,H1,-0.070571056817381,AX,-0.0413823811314143,L1,-0.038307621584704,L2,-0.02...
GetData ===>> H2,-0.293159604720206,H1,-0.0866262445592845,AX,-0.0446639510756403,L1,-0.0234844950076313,L2,0.0...
Get Checksum: -860229079
GetData ===>> H2,-0.226758065610643,H1,-0.0214001766218662,AX,-0.143753849904296,L1,-0.0118901598043834,L2,-0.0...
GetData ===>> H2,-0.211973919538191,H1,0.0020610802188294,AX,-0.0830837136308241,L1,-0.00574112573271125,L2,-0....
GetData ===>> H2,-0.301983563573597,H1,-0.00955692492701206,AX,-0.0922400785569063,L1,-0.0369885944654006,L2,-0...
Get Checksum: -860229079
GetData ===>> H2,-0.192107037423247,H1,-0.0237853548578969,AX,-0.0616498145778379,L1,-0.0431701133610055,L2,-0....
GetData ===>> H2,-0.177393580097055,H1,0.0634059810692868,AX,-0.0153114209280531,L1,-0.0615207952500685,L2,0.06...
GetData ===>> H2,-0.263663155892348,H1,-0.00938994056480775,AX,-0.0245553495941108,L1,-0.110282944317406,L2,-0....
Get Checksum: -860229079
GetData ===>> H2,-0.307085600563281,H1,-0.0202791232151831,AX,0.00123009530254926,L1,-0.0307054897664077,L2,-0....
GetData ===>> H2,-0.312607888397746,H1,0.0351213237115068,AX,-0.118730731623381,L1,-0.0375241331596588,L2,0.039...
Get Checksum: -860229079
GetData ===>> H2,-0.24927013491521,H1,0.117785297239226,AX,-0.177036469427985,L1,-0.00118088515698311,L2,-0.021...
GetData ===>> H2,-0.17519598149584,H1,0.034620148668263,AX,-0.0543224882843837,L1,-0.015620212039227,L2,-0.0976...
GetData ===>> H2,-0.180625758820029,H1,-0.00115965178271156,AX,-0.0652553058265855,L1,-0.026581040116054,L2,-0....
Get Checksum: -860229079
GetData ===>> H2,-0.165009732587071,H1,-0.0342675393733448,AX,-0.00866499242406205,L1,-0.0318623797516523,L2,-0...
GetData ===>> H2,-0.185547154722337,H1,-0.0723233072146943,AX,-0.0256455417722921,L1,-0.0570526005314972,L2,-0....
GetData ===>> H2,-0.133193587354552,H1,-0.0503762425732244,AX,-0.0595861614033025,L1,-0.0250940025672056,L2,0.0...
Get Checksum: -860229079
GetData ===>> H2,-0.0945562344152089,H1,0.0238693548787029,AX,-0.0710748201487345,L1,-0.00458476453699214,L2,-0...
01:54:50 -- collecting point 25
GetData ===>> H2,-0.159453378422138,H1,0.0472696195391588,AX,-0.00640301533987412,L1,-0.00734709588735406,L2,0....
GetData ===>> H2,-0.0889215484133536,H1,0.00610503491540477,AX,-0.180814967131909,L1,0.00207649402902602,L2,-0....
Get Checksum: -860229079
GetData ===>> H2,-0.215231621559768,H1,-0.00875778295583702,AX,-0.0623454181453482,L1,8.16142990358225E-05,L2,-...
GetData ===>> H2,-0.185729237703908,H1,-0.0230936590211116,AX,-0.0568036383992388,L1,-0.010860386537481,L2,-0.0...
GetData ===>> H2,-0.243297961890352,H1,-0.0179773465444065,AX,-0.121279757840182,L1,0.00508876693871033,L2,-0.1...
Get Checksum: -860229079
GetData ===>> H2,-0.234547171440737,H1,0.0631314502161696,AX,-0.0314442311138392,L1,0.0360441138082255,L2,-0.04...
GetData ===>> H2,-0.153359186442874,H1,0.00535349115236023,AX,-0.0666232707625962,L1,-0.00264600214398272,L2,0....
GetData ===>> H2,-0.128181608917889,H1,-0.0875916191732216,AX,-0.132575774689371,L1,-0.0324659216871933,L2,0.02...
Get Checksum: -860229079
GetData ===>> H2,-0.16955810828163,H1,-0.0341959923469968,AX,-0.0264109885578645,L1,-0.0346328439041555,L2,0.00...
GetData ===>> H2,-0.213148362652771,H1,0.0134179695833182,AX,-0.0454292482953653,L1,-0.0279540479582818,L2,-0.0...
GetData ===>> H2,-0.226370287069296,H1,0.0464461619550384,AX,-0.0275127574531061,L1,0.00449320431443162,L2,0.06...
Get Checksum: -860229079
GetData ===>> H2,-0.0873678243938549,H1,0.069063871466857,AX,-0.116378616363571,L1,0.00431910495704265,L2,-0.00...
GetData ===>> H2,-0.127343487524021,H1,0.0189179347346748,AX,-0.0515861933101411,L1,0.02365307088992,L2,-0.0920...
GetData ===>> H2,-0.194968463060255,H1,0.0105309070836281,AX,0.0512429352490162,L1,-0.0131883151867238,L2,-0.06...
Get Checksum: -860229079
GetData ===>> H2,-0.255596733481879,H1,-0.0099624572183153,AX,-0.0083169993709691,L1,-0.048955328893308,L2,-0.0...
GetData ===>> H2,-0.171425517697934,H1,0.0338445255709143,AX,-0.0612904174530344,L1,-0.0295736207489661,L2,-0.1...
GetData ===>> H2,-0.19223240000305,H1,-0.0182158750827497,AX,-0.0756189000963292,L1,0.0114585502768847,L2,0.065...
Get Checksum: -860229079
GetData ===>> H2,-0.118770819317314,H1,0.0337490646819429,AX,-0.0948593358376701,L1,-0.0106050248261896,L2,-0.0...
GetData ===>> H2,-0.171039647633762,H1,0.00136921053093282,AX,-0.0489773658626525,L1,-0.00480309186312832,L2,-0...
Get Checksum: -860229079
GetData ===>> H2,-0.284934596013518,H1,0.0740548451499957,AX,-0.117676342160356,L1,-0.0291723455862515,L2,-0.06...
GetData ===>> H2,-0.242952100662509,H1,0.00407707261123065,AX,0.0530976630992448,L1,-0.0413894688375328,L2,-0.0...
GetData ===>> H2,-0.194700277256665,H1,-0.0366166383310105,AX,-0.0438870522877495,L1,-0.0189158299032702,L2,0.0...
Get Checksum: -860229079
GetData ===>> H2,-0.110145640559706,H1,-0.0090440434998172,AX,-0.178010084103672,L1,-0.0311390397036538,L2,-0.0...
GetData ===>> H2,-0.181597256418475,H1,-0.0293068243789161,AX,-0.109669561383234,L1,-0.00374260049831301,L2,-0....
GetData ===>> H2,-0.141281030253119,H1,0.0255039738505715,AX,0.0163356741639481,L1,-0.0043820277804571,L2,-0.01...
Get Checksum: -860229079
01:55:16 -- collecting point 50
GetData ===>> H2,-0.225006224177397,H1,0.00957652456909943,AX,-0.175680347029233,L1,-0.018981779213976,L2,-0.11...
GetData ===>> H2,-0.262596837829471,H1,-0.0409569603847302,AX,-0.100688668624597,L1,-0.0435724210806987,L2,-0.0...
GetData ===>> H2,-0.207545764749847,H1,0.0280096459843505,AX,-0.166859294514303,L1,-0.017302934925652,L2,-0.017...
Get Checksum: -860229079
GetData ===>> H2,-0.133278791071782,H1,0.0246329691787618,AX,-0.0598528156800687,L1,-0.0259843342966342,L2,0.01...
GetData ===>> H2,-0.200557150815068,H1,0.0148496017035484,AX,0.0907574372433473,L1,-0.01754038848362,L2,-0.0443...
GetData ===>> H2,-0.239241164083789,H1,0.00136921053093282,AX,0.036213175179883,L1,-0.0438633657344094,L2,0.025...
Get Checksum: -860229079
GetData ===>> H2,-0.1829396749444,H1,0.0278187354242788,AX,-0.296509610045624,L1,-0.042664811203322,L2,-0.09410...
GetData ===>> H2,-0.276343669219866,H1,-0.00657501938776659,AX,-0.0983361171097144,L1,-0.0773718466539982,L2,0....
GetData ===>> H2,-0.208736835383339,H1,0.0475321726565394,AX,-0.0328706557444906,L1,-0.0339386993231267,L2,-0.0...
Get Checksum: -860229079
GetData ===>> H2,-0.223468257883983,H1,-0.0198259278485267,AX,-0.157620093931967,L1,-0.0202695027532,L2,0.00037...
GetData ===>> H2,-0.198201480139792,H1,0.0211848195873056,AX,-0.148264074287424,L1,-0.0194362181655555,L2,0.088...
measurement finished
estimated time: 62.915 actual time: :63.125
flush and close file /Users/jan/PychronDev/data/isotopes/4b/090363-a59c-4938-889e-bb5d05990935.h5
activate_detectors ('H1', 'AX', 'CDD') {'peak_center': True}
peak_center () {'detector': 'H1', 'integration_time': 0.262144, 'isotope': 'Ar40'}
peak center: mean=723.845497728 threshold=3
peak center started
setup peak center. detector=['H1', 'AX', 'CDD'], isotope=Ar40
VersionedUnpickler [<apptools.sweet_pickle.versioned_unpickler.VersionedUnpickler object at 0x14ad5cef0>] using Updater [<apptools.sweet_pickle.updater.Updater object at 0x1356d5710>]
VersionedUnpickler [<apptools.sweet_pickle.versioned_unpickler.VersionedUnpickler object at 0x14ad5cef0>] using Updater [<apptools.sweet_pickle.updater.Updater object at 0x1356d5710>]
VersionedUnpickler [<apptools.sweet_pickle.versioned_unpickler.VersionedUnpickler object at 0x153025470>] using Updater [<apptools.sweet_pickle.updater.Updater object at 0x1356d5710>]
setting integration time = 0.524288
SetIntegrationTime 0.524288 ===>> OK
Mapping mass to dac mass func: "parabolic"
H1 map mass coeffs = [-0.00063987  0.15840543  0.57056999]
H1 map mass to dac 39.9624 >> 5.87896
GetDeflection H1 ===>> 0
GetHighVoltage ===>> 4500
do peak center. <pychron.spectrometer.jobs.peak_center.PeakCenter object at 0x1356efa10>
doing pc
starting peak center. center dac= 5.87896 step_width=0.001
width = 0.001
get scan parameters. half-width=0.015,window=0.015, i=0, scalar=1
Scan parameters center=5.87896 width=0.03000 (5.86396 - 5.89396)
GetData ===>> H2,-0.205506910427179,H1,-0.0919893189966768,AX,-0.080023672998697,L1,0.0340271874133948,L2,-0.03...
Moving to starting dac 5.86396
setting magnet DAC
current  : 5.239616
requested: 5.863960
Delta Dac: 0.624344
Checking detector protection. dv=0.62434
Checking detector "CDD". Protection Threshold: 0.1 (V)
ProtectDetector CDD,On ===>> OK
GetDeflection CDD ===>> 2000
SetMagnetDAC 5.86396 ===>> OK
Magnet settling time: 0.500
Get Checksum: -860229079
GetMagnetMoving ===>> True
GetMagnetMoving ===>> True
GetMagnetMoving ===>> True
GetMagnetMoving ===>> True
GetMagnetMoving ===>> True
GetMagnetMoving ===>> True
GetMagnetMoving ===>> True
GetMagnetMoving ===>> True
GetMagnetMoving ===>> True
GetMagnetMoving ===>> False
ProtectDetector CDD,Off ===>> OK
GetDeflection CDD ===>> 50
Wait until signal near baseline. tol= -0.0689919892475. timeout= 10
GetData ===>> H2,34.4083044355427,H1,15.0867654247073,AX,0.834425430219159,L1,-0.00181327547658079,L2,-0.074599...
Get Checksum: -860229079
GetData ===>> H2,47.4345265474702,H1,26.3868487517314,AX,3.4539755382081,L1,-0.0276269378510837,L2,-0.166487766...
GetData ===>> H2,26.7016861480647,H1,12.5389858488543,AX,1.71508813966198,L1,-0.0105354885900024,L2,0.065792694...
GetData ===>> H2,11.4049992305313,H1,6.30603551513282,AX,0.64175189890866,L1,-0.00604818688576948,L2,-0.0016852...
GetData ===>> H2,4.09478938901601,H1,3.34529496259941,AX,0.181461473987162,L1,0.00624719028861672,L2,0.04630987...
GetData ===>> H2,1.26992963516376,H1,1.85180269879737,AX,0.0534775841961058,L1,0.027190908793414,L2,-0.05971643...
GetData ===>> H2,0.340152454186193,H1,1.1448011845214,AX,0.113738900528928,L1,0.0303045053634088,L2,-0.14644161...
Get Checksum: -860229079
GetData ===>> H2,0.174352579068238,H1,0.905891964619854,AX,-0.00660021543365029,L1,3.60356602535514E-06,L2,-0.1...
GetData ===>> H2,0.103216898883582,H1,0.686047556293423,AX,-0.0537543655721134,L1,0.0160081514616778,L2,-0.0187...
GetData ===>> H2,0.103216898883582,H1,0.686047556293423,AX,-0.0537543655721134,L1,0.0160081514616778,L2,-0.0187...
GetData ===>> H2,0.122290357559723,H1,0.654465194615273,AX,0.0097339461976521,L1,0.0121506023919629,L2,-0.01366...
GetData ===>> H2,0.0662827058492722,H1,0.585210188087326,AX,0.0610313817015253,L1,-0.0055851926552978,L2,-0.094...
GetData ===>> H2,0.0189528517688654,H1,0.576006886197988,AX,0.0427354579106835,L1,-0.0382465260590137,L2,-0.025...
Get Checksum: -860229079
GetData ===>> H2,0.0500391546725404,H1,0.515238468960777,AX,0.0464726210703078,L1,-0.0332219439684785,L2,-0.024...
GetData ===>> H2,0.0140222384170446,H1,0.525654664508823,AX,-0.0649770733166431,L1,-0.0087825371860729,L2,0.048...
GetData ===>> H2,0.0162272744880129,H1,0.531436597421231,AX,-0.0708661583205008,L1,0.00830891514435699,L2,0.129...
GetData ===>> H2,0.0105712588891058,H1,0.435831542665688,AX,-0.00458179559108021,L1,0.00259388296493613,L2,-0.0...
GetData ===>> H2,-0.0583007235358454,H1,0.55270359632329,AX,-0.034459413039291,L1,-0.0012468860028814,L2,-0.059...
GetData ===>> H2,-0.116256890121174,H1,0.61514468181032,AX,-0.0317689475018191,L1,-0.000373239771865989,L2,-0.0...
Get Checksum: -860229079
GetData ===>> H2,-0.140609629391279,H1,0.574787810789324,AX,0.0161152225951765,L1,0.00924402246975381,L2,-0.154...
GetData ===>> H2,-0.153107837066002,H1,0.58889174509289,AX,0.0842525512130204,L1,0.0419217026372123,L2,-0.21367...
Peak center failed to move to a baseline position
_do_sweep sm= 5.86396, em= 5.89396, stm= 0.001
calculated step values: start=5.86396, end=5.89396, width=0.001, nsteps=31.0
setting magnet DAC
current  : 5.863960
requested: 5.863960
Delta Dac: 0.000000
Checking detector protection. dv=0.00000
Checking detector "CDD". Protection Threshold: 0.1 (V)
SetMagnetDAC 5.86396 ===>> OK
GetData ===>> H2,-0.153107837066002,H1,0.58889174509289,AX,0.0842525512130204,L1,0.0419217026372123,L2,-0.21367...
setting magnet DAC
current  : 5.863960
requested: 5.864994
Delta Dac: 0.001034
Checking detector protection. dv=0.00103
Checking detector "CDD". Protection Threshold: 0.1 (V)
SetMagnetDAC 5.86499448276 ===>> OK
Magnet settling time: 1.049
GetData ===>> H2,-0.0918745803693373,H1,1.00055858876671,AX,0.197796153814267,L1,0.0443853438597451,L2,0.114323...
setting magnet DAC
current  : 5.864994
requested: 5.866029
Delta Dac: 0.001034
Checking detector protection. dv=0.00103
Checking detector "CDD". Protection Threshold: 0.1 (V)
SetMagnetDAC 5.86602896552 ===>> OK
Magnet settling time: 1.049
GetData ===>> H2,-0.0734653703498022,H1,3.55839015637505,AX,0.532321973496421,L1,-0.0188069291290406,L2,-0.0498...
setting magnet DAC
current  : 5.866029
requested: 5.867063
Delta Dac: 0.001034
Checking detector protection. dv=0.00103
Checking detector "CDD". Protection Threshold: 0.1 (V)
Get Checksum: -860229079
SetMagnetDAC 5.86706344828 ===>> OK
Magnet settling time: 1.049
GetData ===>> H2,-0.0769137772685431,H1,13.4588361591873,AX,1.60166624789957,L1,-0.0232909410317969,L2,-0.00081...
setting magnet DAC
current  : 5.867063
requested: 5.868098
Delta Dac: 0.001034
Checking detector protection. dv=0.00103
Checking detector "CDD". Protection Threshold: 0.1 (V)
SetMagnetDAC 5.86809793103 ===>> OK
Magnet settling time: 1.049
GetData ===>> H2,-0.179016119468382,H1,68.0677628554893,AX,8.07369173878719,L1,0.0280629072121969,L2,0.04236822...
setting magnet DAC
current  : 5.868098
requested: 5.869132
Delta Dac: 0.001034
Checking detector protection. dv=0.00103
Checking detector "CDD". Protection Threshold: 0.1 (V)
SetMagnetDAC 5.86913241379 ===>> OK
Magnet settling time: 1.049
GetData ===>> H2,-0.0741025368347538,H1,181.837789857054,AX,23.9158466878274,L1,0.141746220596006,L2,0.07766662...
setting magnet DAC
current  : 5.869132
requested: 5.870167
Delta Dac: 0.001034
Checking detector protection. dv=0.00103
Checking detector "CDD". Protection Threshold: 0.1 (V)
SetMagnetDAC 5.87016689655 ===>> OK
Magnet settling time: 1.049
GetData ===>> H2,-0.106004645748577,H1,357.443992275181,AX,53.0548044294109,L1,0.328204591835278,L2,0.063650529...
setting magnet DAC
current  : 5.870167
requested: 5.871201
Delta Dac: 0.001034
Checking detector protection. dv=0.00103
Checking detector "CDD". Protection Threshold: 0.1 (V)
SetMagnetDAC 5.87120137931 ===>> OK
Magnet settling time: 1.049
Get Checksum: -860229079
GetData ===>> H2,-0.197671487781607,H1,522.762200344608,AX,84.9903596867349,L1,0.67727063329429,L2,0.2038126434...
setting magnet DAC
current  : 5.871201
requested: 5.872236
Delta Dac: 0.001034
Checking detector protection. dv=0.00103
Checking detector "CDD". Protection Threshold: 0.1 (V)
SetMagnetDAC 5.87223586207 ===>> OK
Magnet settling time: 1.049
GetData ===>> H2,-0.217074857646187,H1,626.134798104235,AX,109.374758471649,L1,0.971269662567161,L2,0.420340639...
setting magnet DAC
current  : 5.872236
requested: 5.873270
Delta Dac: 0.001034
Checking detector protection. dv=0.00103
Checking detector "CDD". Protection Threshold: 0.1 (V)
SetMagnetDAC 5.87327034483 ===>> OK
Magnet settling time: 1.049
GetData ===>> H2,-0.123445409826887,H1,670.738181835515,AX,122.112966216367,L1,1.2520175440727,L2,0.34744846157...
setting magnet DAC
current  : 5.873270
requested: 5.874305
Delta Dac: 0.001034
Checking detector protection. dv=0.00103
Checking detector "CDD". Protection Threshold: 0.1 (V)
SetMagnetDAC 5.87430482759 ===>> OK
Magnet settling time: 1.049
Get Checksum: -860229079
GetData ===>> H2,-0.0442683176120642,H1,685.058477310603,AX,126.863230100943,L1,1.45194750423798,L2,0.457835284...
setting magnet DAC
current  : 5.874305
requested: 5.875339
Delta Dac: 0.001034
Checking detector protection. dv=0.00103
Checking detector "CDD". Protection Threshold: 0.1 (V)
SetMagnetDAC 5.87533931034 ===>> OK
Magnet settling time: 1.049
GetData ===>> H2,-0.0139474449579857,H1,689.63086705708,AX,128.595484504223,L1,1.52050464161324,L2,0.4952303575...
setting magnet DAC
current  : 5.875339
requested: 5.876374
Delta Dac: 0.001034
Checking detector protection. dv=0.00103
Checking detector "CDD". Protection Threshold: 0.1 (V)
SetMagnetDAC 5.8763737931 ===>> OK
Magnet settling time: 1.049
Get Checksum: -860229079
GetData ===>> H2,-0.0680629339120983,H1,690.804940862694,AX,128.651593019821,L1,1.61925422402183,L2,0.672168793...
setting magnet DAC
current  : 5.876374
requested: 5.877408
Delta Dac: 0.001034
Checking detector protection. dv=0.00103
Checking detector "CDD". Protection Threshold: 0.1 (V)
SetMagnetDAC 5.87740827586 ===>> OK
Magnet settling time: 1.049
GetData ===>> H2,0.00251940170429952,H1,690.7780722754,AX,128.654173632739,L1,1.642343614894,L2,0.6105455450295...
setting magnet DAC
current  : 5.877408
requested: 5.878443
Delta Dac: 0.001034
Checking detector protection. dv=0.00103
Checking detector "CDD". Protection Threshold: 0.1 (V)
SetMagnetDAC 5.87844275862 ===>> OK
Magnet settling time: 1.049
GetData ===>> H2,-0.115929415959606,H1,690.352185261552,AX,128.805423254994,L1,1.68595893659877,L2,0.5387658981...
setting magnet DAC
current  : 5.878443
requested: 5.879477
Delta Dac: 0.001034
Checking detector protection. dv=0.00103
Checking detector "CDD". Protection Threshold: 0.1 (V)
SetMagnetDAC 5.87947724138 ===>> OK
Magnet settling time: 1.049
Get Checksum: -860229079
GetData ===>> H2,-0.137687249432353,H1,690.178148556829,AX,128.669773737215,L1,1.6757309091197,L2,0.50734062352...
setting magnet DAC
current  : 5.879477
requested: 5.880512
Delta Dac: 0.001034
Checking detector protection. dv=0.00103
Checking detector "CDD". Protection Threshold: 0.1 (V)
SetMagnetDAC 5.88051172414 ===>> OK
Magnet settling time: 1.049
GetData ===>> H2,-0.057913200406496,H1,690.13314776779,AX,128.716390425129,L1,1.66778067116514,L2,0.57283109578...
setting magnet DAC
current  : 5.880512
requested: 5.881546
Delta Dac: 0.001034
Checking detector protection. dv=0.00103
Checking detector "CDD". Protection Threshold: 0.1 (V)
SetMagnetDAC 5.8815462069 ===>> OK
Magnet settling time: 1.049
GetData ===>> H2,-0.0674796862187655,H1,689.320703730268,AX,128.659874237127,L1,1.65259258945983,L2,0.624386280...
setting magnet DAC
current  : 5.881546
requested: 5.882581
Delta Dac: 0.001034
Checking detector protection. dv=0.00103
Checking detector "CDD". Protection Threshold: 0.1 (V)
SetMagnetDAC 5.88258068966 ===>> OK
Magnet settling time: 1.049
Get Checksum: -860229079
GetData ===>> H2,-0.14608233947706,H1,688.981340924371,AX,128.214104954223,L1,1.70819984563273,L2,0.61276450377...
setting magnet DAC
current  : 5.882581
requested: 5.883615
Delta Dac: 0.001034
Checking detector protection. dv=0.00103
Checking detector "CDD". Protection Threshold: 0.1 (V)
SetMagnetDAC 5.88361517241 ===>> OK
Magnet settling time: 1.049
GetData ===>> H2,-0.198264861787734,H1,683.814141175304,AX,125.968625629587,L1,1.68343222110164,L2,0.5141733163...
setting magnet DAC
current  : 5.883615
requested: 5.884650
Delta Dac: 0.001034
Checking detector protection. dv=0.00103
Checking detector "CDD". Protection Threshold: 0.1 (V)
SetMagnetDAC 5.88464965517 ===>> OK
Magnet settling time: 1.049
Get Checksum: -860229079
GetData ===>> H2,-0.100720440382273,H1,664.53455519525,AX,119.903924191005,L1,1.59517344554688,L2,0.42015799739...
setting magnet DAC
current  : 5.884650
requested: 5.885684
Delta Dac: 0.001034
Checking detector protection. dv=0.00103
Checking detector "CDD". Protection Threshold: 0.1 (V)
SetMagnetDAC 5.88568413793 ===>> OK
Magnet settling time: 1.049
GetData ===>> H2,-0.176470301262411,H1,605.665311226385,AX,101.859255494864,L1,1.39957640394097,L2,0.3944089535...
setting magnet DAC
current  : 5.885684
requested: 5.886719
Delta Dac: 0.001034
Checking detector protection. dv=0.00103
Checking detector "CDD". Protection Threshold: 0.1 (V)
SetMagnetDAC 5.88671862069 ===>> OK
Magnet settling time: 1.049
GetData ===>> H2,-0.0949791275612482,H1,474.957471182434,AX,70.705605160397,L1,1.03167329960226,L2,0.3030191974...
setting magnet DAC
current  : 5.886719
requested: 5.887753
Delta Dac: 0.001034
Checking detector protection. dv=0.00103
Checking detector "CDD". Protection Threshold: 0.1 (V)
SetMagnetDAC 5.88775310345 ===>> OK
Magnet settling time: 1.049
Get Checksum: -860229079
GetData ===>> H2,-0.211432449402823,H1,296.701693524774,AX,37.643336234691,L1,0.728137798909103,L2,0.0614856252...
setting magnet DAC
current  : 5.887753
requested: 5.888788
Delta Dac: 0.001034
Checking detector protection. dv=0.00103
Checking detector "CDD". Protection Threshold: 0.1 (V)
SetMagnetDAC 5.88878758621 ===>> OK
Magnet settling time: 1.049
GetData ===>> H2,-0.248631227000031,H1,141.940005635584,AX,15.221316735247,L1,0.460138504823765,L2,0.0560393972...
setting magnet DAC
current  : 5.888788
requested: 5.889822
Delta Dac: 0.001034
Checking detector protection. dv=0.00103
Checking detector "CDD". Protection Threshold: 0.1 (V)
SetMagnetDAC 5.88982206897 ===>> OK
Magnet settling time: 1.049
GetData ===>> H2,-0.123320995431899,H1,52.8266020889937,AX,4.64092026890762,L1,0.268269042246796,L2,0.108646058...
setting magnet DAC
current  : 5.889822
requested: 5.890857
Delta Dac: 0.001034
Checking detector protection. dv=0.00103
Checking detector "CDD". Protection Threshold: 0.1 (V)
SetMagnetDAC 5.89085655172 ===>> OK
Magnet settling time: 1.049
Get Checksum: -860229079
GetData ===>> H2,-0.17741156556753,H1,15.863147026899,AX,0.95857008274431,L1,0.134826384316148,L2,-0.0280529255...
setting magnet DAC
current  : 5.890857
requested: 5.891891
Delta Dac: 0.001034
Checking detector protection. dv=0.00103
Checking detector "CDD". Protection Threshold: 0.1 (V)
SetMagnetDAC 5.89189103448 ===>> OK
Magnet settling time: 1.049
GetData ===>> H2,-0.102051188299815,H1,3.96986475651031,AX,0.0453816331483142,L1,0.0655196147938844,L2,-0.02532...
setting magnet DAC
current  : 5.891891
requested: 5.892926
Delta Dac: 0.001034
Checking detector protection. dv=0.00103
Checking detector "CDD". Protection Threshold: 0.1 (V)
SetMagnetDAC 5.89292551724 ===>> OK
Magnet settling time: 1.049
GetData ===>> H2,-0.251993494609141,H1,0.931052665599519,AX,-0.126377609904259,L1,0.0273470462188369,L2,0.03469...
setting magnet DAC
current  : 5.892926
requested: 5.893960
Delta Dac: 0.001034
Checking detector protection. dv=0.00103
Checking detector "CDD". Protection Threshold: 0.1 (V)
SetMagnetDAC 5.89396 ===>> OK
Magnet settling time: 1.049
Get Checksum: -860229079
GetData ===>> H2,-0.279730256378521,H1,0.128962245512487,AX,-0.192115958406087,L1,0.0288701134486484,L2,-0.0119...
result of _do_sweep=True
result of _calculate_peak_center=([5.8711288203994183, 5.8787910413931304, 5.8864532623868424], [511.16673484873832, 690.80472548323678, 508.485734760848], 5.8763820855504107, 690.80472548323678)
Failed to find a valid peak. No peak greater than 1.0. max = 0.302962801759
new center pos Detector(H1) (Ar40) @ 5.87879104139
GetHighVoltage ===>> 4500
GetDeflection H1 ===>> 0
dac uncorrected for HV and deflection 5.87879104139
update mftable H1 Ar40 5.87879104139 message=automated run peakcenter
get initial guess parabolic
get initial guess parabolic
get initial guess parabolic
get initial guess parabolic
get initial guess parabolic
get initial guess parabolic
dump mftable to /Users/jan/PychronDev/setupfiles/spectrometer/mftables/mftable.csv
add to repo msg=modified - automated run peakcenter
locally archiving mftable
setting magnet DAC
current  : 5.893960
requested: 5.878791
Delta Dac: 0.015169
Checking detector protection. dv=0.01517
Checking detector "CDD". Protection Threshold: 0.1 (V)
SetMagnetDAC 5.87879104139 ===>> OK
Magnet settling time: 0.500
sweep finished
setting integration time = 1.048576
SetIntegrationTime 1.048576 ===>> OK
Failed to find a valid peak. No peak greater than 1.0. max = 0.303558881985
flush and close file /Users/jan/PychronDev/data/isotopes/4b/090363-a59c-4938-889e-bb5d05990935.h5
finished measure script
executed 226.132928
jan_unknown120_60.py completed successfully
Measurement Finished
01:56:15 -- ******* Measurement Finished *******
Post Measurement Started jan_pump_ms.py
01:56:15 -- ******* Post Measurement Started jan_pump_ms.py *******
testing...
no interpolation path defined
executed 0
Pumping spectrometer
open () {'name': 'O'}
opening name=O desc=---
checking ownership. requestor=129.138.12.150
check software interlocks O
interlocks []
actuate state mode=None-script, software_lock=False
doing actuation None-script open_channel True
Open O ===>> OK
GetIndicatorState O ===>> OK
change switch state (True, True)
update switch state O True args=() kw={} ncanvase=2
01:56:15 -- OPEN   VALVE-O (Jan Ion Pump)
---------------------------------------- open O () result=[(True, True)], time=0.09 sec
action=open, ok=True, locked=[False]
executed 0
jan_pump_ms.py completed successfully
setting _ms_pumptime
Post Measurement Finished
01:56:15 -- ******* Post Measurement Finished *******
$$$$$$$$$$$$$$$$$$$$ state at run end measurement
state changed from measurement to success
post measurement save measured=True aborted=False
Set filtering
setting fod for Ar40= {'filter_outliers': True, 'std_devs': 2, 'iterations': 1}
setting fod for H1= {'filter_outliers': True, 'std_devs': 2, 'iterations': 1}
setting fod for PM41= {'filter_outliers': False, 'std_devs': 2, 'iterations': 1}
setting fod for H2= {'filter_outliers': True, 'std_devs': 2, 'iterations': 1}
setting fod for Ar36= {'filter_outliers': True, 'std_devs': 2, 'iterations': 1}
setting fod for CDD= {'filter_outliers': True, 'std_devs': 10, 'iterations': 1}
setting fod for Ar37= {'filter_outliers': True, 'std_devs': 2, 'iterations': 1}
setting fod for L2= {'filter_outliers': True, 'std_devs': 2, 'iterations': 1}
setting fod for Ar38= {'filter_outliers': True, 'std_devs': 2, 'iterations': 1}
setting fod for L1= {'filter_outliers': True, 'std_devs': 2, 'iterations': 1}
setting fod for Ar39= {'filter_outliers': True, 'std_devs': 2, 'iterations': 1}
setting fod for AX= {'filter_outliers': True, 'std_devs': 2, 'iterations': 1}
persistence save...
persistence save - db
post measurement save
5702899760 connecting to database sqlite:////Users/jan/PychronDev/.appdata/local_lab.db
connected to db sqlite:////Users/jan/PychronDev/.appdata/local_lab.db
create new session 5702899760
close session 5702899760
No database instance. Not saving post measurement to isotopedb database
$$$$$$$$$$$$$$$ auto_save_detector_ic=False
massspec enabled True
create new session 4979649712
MassSpec Database Version: 16.0
close session 4979649712
saving post measurement to secondary database
saving to massspec database 129.138.12.160/massspecdata
setting labnumber to 65571
setting aliquot to 2
setting step to B
setting uuid to 4b090363-a59c-4938-889e-bb5d05990935
setting irradpos to 65571
setting extract_device to Fusions CO2
setting tray to 
setting position to 185
setting power_requested to 0.4
setting extract_value to 0.4
setting duration to 30.0
setting duration_at_request to 30.0
setting first_stage_delay to 30.0
setting cleanup to 30.0
setting comment to M:14 with inclusions
setting irradiation to NM-289
setting level to M
setting irradiation_level to M
setting sample to NM-2602 W
setting material to Sanidine
setting project to JoyitaHills
setting mass_spectrometer to Jan
no attribute chron_dosages
no attribute production_ratios
no attribute interference_corrections
no attribute production_name
no attribute j
Reference Isotope=Ar40
Reference Detector=H1
Get Checksum: -1965264452
%%%%%%%%%%%%%%%%%%%% Comment: M:14 with inclusions %%%%%%%%%%%%%%%%%%%
adding isotope PM41 H2
add baseline dbdet= PM41. original det= H2
get baseline data PM41 H2
Get data baseline <pychron.processing.isotope.Baseline object at 0x13dbb0a10> len t=60
baseline PM41. v=-0.196263338092, e=0.00693927586636
get signal data PM41 H2
Get data signal PM41 0.06+/-0.06 len t=120
adding isotope Ar40 H1
add baseline dbdet= Ar40. original det= H1
get baseline data Ar40 H1
Get data baseline <pychron.processing.isotope.Baseline object at 0x14ac09d90> len t=60
baseline Ar40. v=-0.000256306491727, e=0.0049313105181
get signal data Ar40 H1
Get data signal Ar40 760.58+/-0.06 len t=120
adding isotope Ar39 AX
add baseline dbdet= Ar39. original det= AX
get baseline data Ar39 AX
Get data baseline <pychron.processing.isotope.Baseline object at 0x13b06d390> len t=60
baseline Ar39. v=-0.0758066297809, e=0.00772599748022
get signal data Ar39 AX
Get data signal Ar39 141.594+/-0.027 len t=120
adding isotope Ar38 L1
add baseline dbdet= Ar38. original det= L1
get baseline data Ar38 L1
Get data baseline <pychron.processing.isotope.Baseline object at 0x13cfa8c10> len t=60
baseline Ar38. v=-0.025333819937, e=0.00290480451789
get signal data Ar38 L1
Get data signal Ar38 1.886+/-0.005 len t=120
adding isotope Ar37 L2
add baseline dbdet= Ar37. original det= L2
get baseline data Ar37 L2
Get data baseline <pychron.processing.isotope.Baseline object at 0x152d3d550> len t=60
baseline Ar37. v=-0.0291115445258, e=0.00680137479457
get signal data Ar37 L2
Get data signal Ar37 0.641+/-0.011 len t=120
adding isotope Ar36 CDD
add baseline dbdet= Ar36. original det= CDD
get baseline data Ar36 CDD
Get data baseline <pychron.processing.isotope.Baseline object at 0x14d4e5b90> len t=60
baseline Ar36. v=0.000176157404817, e=1.82121750387e-05
get signal data Ar36 CDD
Get data signal Ar36 0.3151+/-0.0012 len t=120
65571-02B added analysis time 0.611605882645s
analysis added to mass spec database
mass spec save time= 0.635
persistence save - dvc
================= post measurement started
create new session 4984345712
close session 4984345712
---------------- Experiment Queue saving disabled
DVC saving peakcenter
Failed to find a valid peak. No peak greater than 1.0. max = 0.303558881985
Smart pull ahead: 0 behind: 0
Up-to-date with origin
add to repo msg=modified - ad8224ebc6dbfeb9f5997218dfa5fe690569839d.json
Get Checksum: -1965264452
add to repo msg=modified - 71-02B.json
add to repo msg=modified - 71-02B.dat.json
add to repo msg=modified - 71-02B.blan.json
add to repo msg=modified - 71-02B.inte.json
add to repo msg=modified - 71-02B.icfa.json
add to repo msg=modified - 71-02B.base.json
not at valid file /Users/jan/PychronDev/data/.dvc/repositories/Load1783/655/tags/71-02B.tags.json
add to repo msg=modified - 71-02B.peak.json
add to repo msg=modified - 71-02B.extr.json
not at valid file /Users/jan/PychronDev/data/.dvc/repositories/Load1783/655/monitor/71-02B.moni.json
commit message=<COLLECTION>
add to repo msg=modified - 71-02B.inte.json
Get Checksum: -1965264452
add to repo msg=modified - 71-02B.base.json
commit message=<ISOEVO> default collection fits
add to repo msg=modified - 71-02B.blan.json
commit message=<BLANKS> preceding bc-02-J-262
add to repo msg=modified - 71-02B.icfa.json
commit message=<ICFactor> default
push repository <pychron.git_archive.repo_manager.GitRepoManager object at 0x13bdb0e30>
pushing to remote=origin, url=https://github.com
Get Checksum: -1965264452
Get Checksum: -1965264452
no changes to meta repo
create new session 4984345712
add association Load1783
get identifier "65571"
setting analysis irradiation position=<pychron.dvc.dvc_orm.IrradiationPositionTbl object at 0x154049350>
close session 4984345712
================= post measurement finished
01:56:29 -- ******* Post Run Check *******
loading queue conditionals post_run_actions
loading system conditionals post_run_actions
loading conditionals from /Users/jan/PychronDev/setupfiles/spectrometer/default_conditionals.yaml
loading queue conditionals post_run_terminations
loading system conditionals post_run_terminations
loading conditionals from /Users/jan/PychronDev/setupfiles/spectrometer/default_conditionals.yaml
Checking default post run terminations n=1
GetDeflection CDD ===>> 50
testing CDD==2000
evaluate ot="CDD.deflection==2000" t="CDD==2000", ctx="{'CDD': 50.0}"
01:56:29 -- ******* Post Run Check Passed *******
01:56:29 -- Automated run 65571-02B success duration: 363.416 s
----------------- finish -----------------
----------------- stop -----------------
retroactive repository identifiers disabled
finish run. runs completed=41
update duration runid=65571-02B, duration=363.416055918, md5=301e91d8
loading script "jan_unknown120_60.py"
loading script "jan_pump_ms.py"
loading script "jan_co2.py"
loading script "jan_pump_extraction_line.py"
testing...
no interpolation path defined
executed 213.652928
script duration name:unknown120_60 seconds:214.0
loading script "jan_unknown120_60.py"
loading script "jan_pump_ms.py"
loading script "jan_co2.py"
loading script "jan_pump_extraction_line.py"
testing...
no interpolation path defined
executed 0
loading script "jan_unknown120_60.py"
loading script "jan_pump_ms.py"
loading script "jan_co2.py"
loading script "jan_pump_extraction_line.py"
testing...
no interpolation path defined
calculate duration
testing...
no interpolation path defined
executed 0
calculate duration
testing...
no interpolation path defined
executed 0
executed 0.0
script duration name:co2 seconds:0.0
loading script "jan_unknown120_60.py"
loading script "jan_pump_ms.py"
loading script "jan_co2.py"
loading script "jan_pump_extraction_line.py"
testing...
no interpolation path defined
calculate duration
testing...
no interpolation path defined
executed 4.0
executed 4.0
Script duration 214.0
Run total estimated duration= 215.000
unknown120_60 in script context. using previous estimated duration
script duration name:unknown120_60 seconds:214.0
pump_ms in script context. using previous estimated duration
co2 in script context. using previous estimated duration
script duration name:co2 seconds:0.0
pump_extraction_line in script context. using previous estimated duration
Script duration 214.0
Run total estimated duration= 215.000
script duration name:unknown120_60 seconds:214.0
script duration name:co2 seconds:0.0
Script duration 214.0
Run total estimated duration= 215.000
script duration name:unknown120_60 seconds:214.0
script duration name:co2 seconds:0.0
Script duration 214.0
Run total estimated duration= 215.000
script duration name:unknown120_60 seconds:214.0
script duration name:co2 seconds:0.0
Script duration 214.0
Run total estimated duration= 215.000
script duration name:unknown120_60 seconds:214.0
script duration name:co2 seconds:0.0
Script duration 214.0
Run total estimated duration= 215.000
script duration name:unknown120_60 seconds:214.0
script duration name:co2 seconds:0.0
Script duration 214.0
Run total estimated duration= 215.000
script duration name:unknown120_60 seconds:214.0
script duration name:co2 seconds:0.0
Script duration 214.0
Run total estimated duration= 215.000
script duration name:unknown120_60 seconds:214.0
script duration name:co2 seconds:0.0
Script duration 214.0
Run total estimated duration= 215.000
script duration name:unknown120_60 seconds:214.0
script duration name:co2 seconds:0.0
Script duration 214.0
Run total estimated duration= 215.000
loading script "jan_unknown400_120.py"
loading script "jan_pump_ms.py"
loading script "jan_co2.py"
loading script "jan_pump_extraction_line.py"
testing...
no interpolation path defined
executed 556.052928
script duration name:unknown400_120 seconds:556.0
script duration name:co2 seconds:0.0
Script duration 556.0
Run total estimated duration= 557.000
script duration name:unknown120_60 seconds:214.0
script duration name:co2 seconds:0.0
Script duration 214.0
Run total estimated duration= 215.000
script duration name:unknown120_60 seconds:214.0
script duration name:co2 seconds:0.0
Script duration 214.0
Run total estimated duration= 215.000
script duration name:unknown120_60 seconds:214.0
script duration name:co2 seconds:0.0
Script duration 214.0
Run total estimated duration= 215.000
script duration name:unknown120_60 seconds:214.0
script duration name:co2 seconds:0.0
Script duration 214.0
Run total estimated duration= 215.000
script duration name:unknown120_60 seconds:214.0
script duration name:co2 seconds:0.0
Script duration 214.0
Run total estimated duration= 215.000
script duration name:unknown120_60 seconds:214.0
script duration name:co2 seconds:0.0
Script duration 214.0
Run total estimated duration= 215.000
script duration name:unknown120_60 seconds:214.0
script duration name:co2 seconds:0.0
Script duration 214.0
Run total estimated duration= 215.000
script duration name:unknown120_60 seconds:214.0
script duration name:co2 seconds:0.0
Script duration 214.0
Run total estimated duration= 215.000
script duration name:unknown120_60 seconds:214.0
script duration name:co2 seconds:0.0
Script duration 214.0
Run total estimated duration= 215.000
script duration name:unknown120_60 seconds:214.0
script duration name:co2 seconds:0.0
Script duration 214.0
Run total estimated duration= 215.000
script duration name:unknown120_60 seconds:214.0
script duration name:co2 seconds:0.0
Script duration 214.0
Run total estimated duration= 215.000
script duration name:unknown120_60 seconds:214.0
script duration name:co2 seconds:0.0
Script duration 214.0
Run total estimated duration= 215.000
script duration name:unknown120_60 seconds:214.0
script duration name:co2 seconds:0.0
Script duration 214.0
Run total estimated duration= 215.000
script duration name:unknown120_60 seconds:214.0
script duration name:co2 seconds:0.0
Script duration 214.0
Run total estimated duration= 215.000
script duration name:unknown120_60 seconds:214.0
script duration name:co2 seconds:0.0
Script duration 214.0
Run total estimated duration= 215.000
script duration name:unknown120_60 seconds:214.0
script duration name:co2 seconds:0.0
Script duration 214.0
Run total estimated duration= 215.000
script duration name:unknown120_60 seconds:214.0
script duration name:co2 seconds:0.0
Script duration 214.0
Run total estimated duration= 215.000
script duration name:unknown120_60 seconds:214.0
script duration name:co2 seconds:0.0
Script duration 214.0
Run total estimated duration= 215.000
script duration name:unknown120_60 seconds:214.0
script duration name:co2 seconds:0.0
Script duration 214.0
Run total estimated duration= 215.000
unknown400_120 in script context. using previous estimated duration
script duration name:unknown400_120 seconds:556.0
script duration name:co2 seconds:0.0
Script duration 556.0
Run total estimated duration= 557.000
script duration name:unknown400_120 seconds:556.0
loading script "jan_unknown400_120.py"
loading script "jan_pump_ms.py"
loading script "jan_cocktail_x1.py"
loading script "jan_pump_extraction_line.py"
testing...
no interpolation path defined
calculate duration
testing...
no interpolation path defined
executed 0
calculate duration
testing...
no interpolation path defined
executed 0
calculate duration
testing...
no interpolation path defined
executed 32.0
calculate duration
testing...
no interpolation path defined
executed 34.0
calculate duration
testing...
no interpolation path defined
executed 4.0
calculate duration
testing...
no interpolation path defined
executed 38.0
executed 108.0
script duration name:cocktail_x1 seconds:108.0
Script duration 664.0
Run total estimated duration= 665.000
script duration name:unknown120_60 seconds:214.0
cocktail_x1 in script context. using previous estimated duration
script duration name:cocktail_x1 seconds:108.0
Script duration 322.0
Run total estimated duration= 323.000
loading script "jan_ic_peak_hop3.py"
loading script "jan_pump_ms.py"
loading script "jan_air_x1.py"
loading script "jan_pump_extraction_line.py"
testing...
no interpolation path defined
executed 133.8
script duration name:ic_peak_hop3 seconds:134.0
loading script "jan_ic_peak_hop3.py"
loading script "jan_pump_ms.py"
loading script "jan_air_x1.py"
loading script "jan_pump_extraction_line.py"
testing...
no interpolation path defined
calculate duration
testing...
no interpolation path defined
executed 0
calculate duration
testing...
no interpolation path defined
executed 0
calculate duration
testing...
no interpolation path defined
executed 32.0
calculate duration
testing...
no interpolation path defined
executed 34.0
calculate duration
testing...
no interpolation path defined
executed 4.0
calculate duration
testing...
no interpolation path defined
executed 36.0
executed 106.0
script duration name:air_x1 seconds:106.0
Script duration 240.0
Run total estimated duration= 241.000
script duration name:unknown120_60 seconds:214.0
script duration name:co2 seconds:0.0
Script duration 214.0
Run total estimated duration= 215.000
script duration name:unknown120_60 seconds:214.0
script duration name:co2 seconds:0.0
Script duration 214.0
Run total estimated duration= 215.000
script duration name:unknown120_60 seconds:214.0
script duration name:co2 seconds:0.0
Script duration 214.0
Run total estimated duration= 215.000
script duration name:unknown400_120 seconds:556.0
loading script "jan_unknown400_120.py"
loading script "jan_pump_ms.py"
loading script "jan_sniffair_x2.py"
loading script "jan_pump_extraction_line.py"
testing...
no interpolation path defined
calculate duration
testing...
no interpolation path defined
executed 0
calculate duration
testing...
no interpolation path defined
executed 0
calculate duration
testing...
no interpolation path defined
executed 32.0
calculate duration
testing...
no interpolation path defined
executed 34.0
calculate duration
testing...
no interpolation path defined
executed 4.0
calculate duration
testing...
no interpolation path defined
executed 36.0
calculate duration
testing...
no interpolation path defined
executed 34.0
calculate duration
testing...
no interpolation path defined
executed 4.0
calculate duration
testing...
no interpolation path defined
executed 36.0
calculate duration
testing...
no interpolation path defined
executed 70.0
executed 250.0
script duration name:sniffair_x2 seconds:250.0
Script duration 806.0
Run total estimated duration= 807.000
script duration name:unknown400_120 seconds:556.0
sniffair_x2 in script context. using previous estimated duration
script duration name:sniffair_x2 seconds:250.0
Script duration 806.0
Run total estimated duration= 807.000
script duration name:unknown120_60 seconds:214.0
script duration name:co2 seconds:0.0
Script duration 214.0
Run total estimated duration= 215.000
script duration name:unknown120_60 seconds:214.0
script duration name:co2 seconds:0.0
Script duration 214.0
Run total estimated duration= 215.000
script duration name:unknown120_60 seconds:214.0
script duration name:co2 seconds:0.0
Script duration 214.0
Run total estimated duration= 215.000
script duration name:unknown120_60 seconds:214.0
script duration name:co2 seconds:0.0
Script duration 214.0
Run total estimated duration= 215.000
script duration name:unknown120_60 seconds:214.0
script duration name:co2 seconds:0.0
Script duration 214.0
Run total estimated duration= 215.000
script duration name:unknown120_60 seconds:214.0
script duration name:co2 seconds:0.0
Script duration 214.0
Run total estimated duration= 215.000
script duration name:unknown120_60 seconds:214.0
script duration name:co2 seconds:0.0
Script duration 214.0
Run total estimated duration= 215.000
script duration name:unknown120_60 seconds:214.0
script duration name:co2 seconds:0.0
Script duration 214.0
Run total estimated duration= 215.000
script duration name:unknown120_60 seconds:214.0
script duration name:co2 seconds:0.0
Script duration 214.0
Run total estimated duration= 215.000
script duration name:unknown120_60 seconds:214.0
script duration name:co2 seconds:0.0
Script duration 214.0
Run total estimated duration= 215.000
script duration name:unknown120_60 seconds:214.0
script duration name:co2 seconds:0.0
Script duration 214.0
Run total estimated duration= 215.000
script duration name:unknown120_60 seconds:214.0
script duration name:co2 seconds:0.0
Script duration 214.0
Run total estimated duration= 215.000
script duration name:unknown120_60 seconds:214.0
script duration name:co2 seconds:0.0
Script duration 214.0
Run total estimated duration= 215.000
script duration name:unknown120_60 seconds:214.0
script duration name:co2 seconds:0.0
Script duration 214.0
Run total estimated duration= 215.000
script duration name:unknown120_60 seconds:214.0
script duration name:co2 seconds:0.0
Script duration 214.0
Run total estimated duration= 215.000
script duration name:unknown120_60 seconds:214.0
script duration name:co2 seconds:0.0
Script duration 214.0
Run total estimated duration= 215.000
script duration name:unknown120_60 seconds:214.0
script duration name:co2 seconds:0.0
Script duration 214.0
Run total estimated duration= 215.000
script duration name:unknown120_60 seconds:214.0
script duration name:co2 seconds:0.0
Script duration 214.0
Run total estimated duration= 215.000
script duration name:unknown400_120 seconds:556.0
script duration name:co2 seconds:0.0
Script duration 556.0
Run total estimated duration= 557.000
script duration name:unknown400_120 seconds:556.0
script duration name:cocktail_x1 seconds:108.0
Script duration 664.0
Run total estimated duration= 665.000
script duration name:unknown120_60 seconds:214.0
script duration name:cocktail_x1 seconds:108.0
Script duration 322.0
Run total estimated duration= 323.000
script duration name:unknown400_120 seconds:556.0
script duration name:sniffair_x2 seconds:250.0
Script duration 806.0
Run total estimated duration= 807.000
script duration name:unknown400_120 seconds:556.0
script duration name:sniffair_x2 seconds:250.0
Script duration 806.0
Run total estimated duration= 807.000
ic_peak_hop3 in script context. using previous estimated duration
script duration name:ic_peak_hop3 seconds:134.0
air_x1 in script context. using previous estimated duration
script duration name:air_x1 seconds:106.0
Script duration 240.0
Run total estimated duration= 241.000
script duration name:unknown120_60 seconds:214.0
script duration name:co2 seconds:0.0
Script duration 214.0
Run total estimated duration= 215.000
script duration name:unknown120_60 seconds:214.0
script duration name:co2 seconds:0.0
Script duration 214.0
Run total estimated duration= 215.000
script duration name:unknown120_60 seconds:214.0
script duration name:co2 seconds:0.0
Script duration 214.0
Run total estimated duration= 215.000
script duration name:unknown120_60 seconds:214.0
script duration name:co2 seconds:0.0
Script duration 214.0
Run total estimated duration= 215.000
script duration name:unknown120_60 seconds:214.0
script duration name:co2 seconds:0.0
Script duration 214.0
Run total estimated duration= 215.000
script duration name:unknown120_60 seconds:214.0
script duration name:co2 seconds:0.0
Script duration 214.0
Run total estimated duration= 215.000
script duration name:unknown120_60 seconds:214.0
script duration name:co2 seconds:0.0
Script duration 214.0
Run total estimated duration= 215.000
script duration name:unknown120_60 seconds:214.0
script duration name:co2 seconds:0.0
Script duration 214.0
Run total estimated duration= 215.000
script duration name:unknown120_60 seconds:214.0
script duration name:co2 seconds:0.0
Script duration 214.0
Run total estimated duration= 215.000
script duration name:unknown120_60 seconds:214.0
script duration name:co2 seconds:0.0
Script duration 214.0
Run total estimated duration= 215.000
script duration name:unknown120_60 seconds:214.0
script duration name:co2 seconds:0.0
Script duration 214.0
Run total estimated duration= 215.000
script duration name:unknown120_60 seconds:214.0
script duration name:co2 seconds:0.0
Script duration 214.0
Run total estimated duration= 215.000
script duration name:unknown120_60 seconds:214.0
script duration name:co2 seconds:0.0
Script duration 214.0
Run total estimated duration= 215.000
script duration name:unknown120_60 seconds:214.0
script duration name:co2 seconds:0.0
Script duration 214.0
Run total estimated duration= 215.000
script duration name:unknown120_60 seconds:214.0
script duration name:co2 seconds:0.0
Script duration 214.0
Run total estimated duration= 215.000
script duration name:unknown400_120 seconds:556.0
script duration name:co2 seconds:0.0
Script duration 556.0
Run total estimated duration= 557.000
script duration name:unknown400_120 seconds:556.0
script duration name:cocktail_x1 seconds:108.0
Script duration 664.0
Run total estimated duration= 665.000
script duration name:unknown120_60 seconds:214.0
script duration name:cocktail_x1 seconds:108.0
Script duration 322.0
Run total estimated duration= 323.000
script duration name:ic_peak_hop3 seconds:134.0
script duration name:air_x1 seconds:106.0
Script duration 240.0
Run total estimated duration= 241.000
script duration name:unknown120_60 seconds:214.0
script duration name:co2 seconds:0.0
Script duration 214.0
Run total estimated duration= 215.000
script duration name:unknown120_60 seconds:214.0
script duration name:co2 seconds:0.0
Script duration 214.0
Run total estimated duration= 215.000
script duration name:unknown120_60 seconds:214.0
script duration name:co2 seconds:0.0
Script duration 214.0
Run total estimated duration= 215.000
script duration name:unknown120_60 seconds:214.0
script duration name:co2 seconds:0.0
Script duration 214.0
Run total estimated duration= 215.000
script duration name:unknown120_60 seconds:214.0
script duration name:co2 seconds:0.0
Script duration 214.0
Run total estimated duration= 215.000
script duration name:unknown120_60 seconds:214.0
script duration name:co2 seconds:0.0
Script duration 214.0
Run total estimated duration= 215.000
script duration name:unknown120_60 seconds:214.0
script duration name:co2 seconds:0.0
Script duration 214.0
Run total estimated duration= 215.000
script duration name:unknown120_60 seconds:214.0
script duration name:co2 seconds:0.0
Script duration 214.0
Run total estimated duration= 215.000
script duration name:unknown120_60 seconds:214.0
script duration name:co2 seconds:0.0
Script duration 214.0
Run total estimated duration= 215.000
script duration name:unknown120_60 seconds:214.0
script duration name:co2 seconds:0.0
Script duration 214.0
Run total estimated duration= 215.000
script duration name:unknown400_120 seconds:556.0
script duration name:sniffair_x2 seconds:250.0
Script duration 806.0
Run total estimated duration= 807.000
script duration name:unknown400_120 seconds:556.0
script duration name:sniffair_x2 seconds:250.0
Script duration 806.0
Run total estimated duration= 807.000
script duration name:unknown400_120 seconds:556.0
script duration name:co2 seconds:0.0
Script duration 556.0
Run total estimated duration= 557.000
nruns=95 before=5.0, run_dur=27439.0, btw=4230.0
write rem/ex queues
/Users/jan/PychronDev/experiments/rem/CurrentExperiment.rem.txt
/Users/jan/PychronDev/experiments/rem/CurrentExperiment.ex.txt
doing event level: 3
