do run
loading script "jan_unknown120_60.py"
loading script "jan_pump_ms.py"
loading script "jan_co2.py"
loading script "jan_pump_extraction_line.py"
testing...
no interpolation path defined
executed 213.652928
script duration name:unknown120_60 seconds:214.0
loading script "jan_unknown120_60.py"
loading script "jan_pump_ms.py"
loading script "jan_co2.py"
loading script "jan_pump_extraction_line.py"
testing...
no interpolation path defined
executed 0
loading script "jan_unknown120_60.py"
loading script "jan_pump_ms.py"
loading script "jan_co2.py"
loading script "jan_pump_extraction_line.py"
testing...
no interpolation path defined
calculate duration
testing...
no interpolation path defined
executed 0
calculate duration
testing...
no interpolation path defined
executed 0
executed 0.0
script duration name:co2 seconds:0.0
loading script "jan_unknown120_60.py"
loading script "jan_pump_ms.py"
loading script "jan_co2.py"
loading script "jan_pump_extraction_line.py"
testing...
no interpolation path defined
calculate duration
testing...
no interpolation path defined
executed 4.0
executed 4.0
Script duration 214.0
Run total estimated duration= 215.000
run duration: 0:03:35
doing event level: 2
04:07:04 -- Setting default integration. t=1.048576
setting integration time = 1.048576
SetIntegrationTime 1.048576 ===>> OK
----------------- start -----------------
**************** Experiment Type: Ar/Ar, Ar/Ar
create new session 5004766384
close session 5004766384
$$$$$ Clearing conditionals
adding conditionals 
Add queue conditionals
add default conditionals
adding default conditionals from /Users/jan/PychronDev/setupfiles/spectrometer/default_conditionals.yaml
Start automated run 65571-08B
loading script "jan_unknown120_60.py"
loading script "jan_pump_ms.py"
loading script "jan_co2.py"
loading script "jan_pump_extraction_line.py"
%%%%%%%%%%%%%%%%%% setting automated run 65571-08B
No value "sensitivity_multiplier" in metadata
$$$$$$$$$$$$$$$ auto_save_detector_ic=False
============================= Pre Extraction Check =============================
loading queue conditionals pre_run_terminations
loading system conditionals pre_run_terminations
loading conditionals from /Users/jan/PychronDev/setupfiles/spectrometer/default_conditionals.yaml
04:07:05 -- ******* Pre Extraction Check *******
Get a measurement from the spectrometer
GetData ===>> H2,-0.218562066714273,H1,-0.0215313629019718,AX,-0.119171022741943,L1,-0.0331604290799344,L2,0.00...
Pre Extraction Termination data. keys=H2,H1,AX,L1,L2,CDD, signals=-0.21856,-0.02153,-0.11917,-0.03316,0.00340,0.00402
04:07:05 -- testing system defined conditionals
Checking default pre extraction terminations n=2
testing CDD
evaluate ot="CDD.inactive" t="CDD", ctx="{'CDD': False}"
GetDeflection CDD ===>> 50
testing CDD==2000
evaluate ot="CDD.deflection==2000" t="CDD==2000", ctx="{'CDD': 50.0}"
04:07:05 -- ******* Pre Extraction Check Passed *******
=================================================================================
04:07:05 -- stopping status monitor
stop 4976489392
Alive clients [4984697584]
04:07:05 -- starting status monitor
start 4976489392
Monitor already running
start extraction
do extraction
Analysis started at 04:07:05.056174
Extraction Started jan_co2.py
04:07:05 -- ******* Extraction Started jan_co2.py *******
state changed from not run to extraction
DO EXTRACTION <pychron.extraction_line.pyscript_runner.RemotePyScriptRunner object at 0x12988f3b0>
testing...
no interpolation path defined
calculate duration
testing...
no interpolation path defined
executed 0
calculate duration
testing...
no interpolation path defined
executed 0
executed 100.0
Jan CO2 laser analysis
doing GOSUB
testing...
no interpolation path defined
executed 0
Waiting for CO2 access
wait ('FelixCO2Flag', 0) {}
waiting for FelixCO2Flag = 0
Read FelixCO2Flag ===>> 0
finished waiting
CO2 free
wait ('CO2PumpTimeFlag', 0) {}
waiting for CO2PumpTimeFlag = 0
Read CO2PumpTimeFlag ===>> 0
finished waiting
acquire ('JanCO2Flag',) {'clear': True}
acquire JanCO2Flag
Set JanCO2Flag 1 ===>> OK
JanCO2Flag acquired
set extraction state False (0.75, 'red', 1.5)
CO2 acquired
executed 0
WaitForCO2Access.py completed successfully
gosub finished
doing GOSUB
testing...
no interpolation path defined
executed 0
Prepare for CO2 analysis
close () {'description': 'Jan Inlet'}
closing name=--- desc=Jan Inlet
checking ownership. requestor=129.138.12.150
check software interlocks R
interlocks []
actuate state mode=None-script, software_lock=False
doing actuation None-script close_channel False
Close R ===>> OK
GetIndicatorState R ===>> False
change switch state (True, True)
update switch state R False args=() kw={} ncanvase=2
04:07:05 -- CLOSE  VALVE-R (Jan Inlet)
---------------------------------------- close None (Jan Inlet) result=[(True, True)]
action=close, ok=True, locked=[False]
open () {'description': 'Jan Ion Pump'}
opening name=--- desc=Jan Ion Pump
checking ownership. requestor=129.138.12.150
check software interlocks O
interlocks []
actuate state mode=None-script, software_lock=False
doing actuation None-script open_channel False
Open O ===>> OK
GetIndicatorState O ===>> OK
change switch state (True, True)
update switch state O True args=() kw={} ncanvase=2
04:07:05 -- OPEN   VALVE-O (Jan Ion Pump)
---------------------------------------- open None (Jan Ion Pump) result=[(True, True)], time=0.13 sec
action=open, ok=True, locked=[False]
close () {'description': 'Microbone to Minibone'}
closing name=--- desc=Microbone to Minibone
checking ownership. requestor=129.138.12.150
check software interlocks L
interlocks []
actuate state mode=None-script, software_lock=False
doing actuation None-script close_channel False
Close L ===>> OK
GetIndicatorState L ===>> False
change switch state (True, True)
update switch state L False args=() kw={} ncanvase=2
Get Checksum: -1772432964
04:07:07 -- CLOSE  VALVE-L (Microbone to Minibone)
---------------------------------------- close None (Microbone to Minibone) result=[(True, True)]
action=close, ok=True, locked=[False]
open () {'description': 'Microbone to Turbo'}
opening name=--- desc=Microbone to Turbo
checking ownership. requestor=129.138.12.150
check software interlocks U
interlocks []
actuate state mode=None-script, software_lock=False
doing actuation None-script open_channel False
Open U ===>> OK
GetIndicatorState U ===>> OK
change switch state (True, True)
update switch state U True args=() kw={} ncanvase=2
04:07:09 -- OPEN   VALVE-U (Microbone to Turbo)
---------------------------------------- open None (Microbone to Turbo) result=[(True, True)], time=1.25 sec
action=open, ok=True, locked=[False]
open () {'description': 'Microbone to Inlet Pipette'}
opening name=--- desc=Microbone to Inlet Pipette
checking ownership. requestor=129.138.12.150
check software interlocks S
interlocks []
actuate state mode=None-script, software_lock=False
doing actuation None-script open_channel False
Open S ===>> OK
GetIndicatorState S ===>> OK
change switch state (True, True)
update switch state S True args=() kw={} ncanvase=2
04:07:09 -- OPEN   VALVE-S (Microbone to Inlet Pipette)
---------------------------------------- open None (Microbone to Inlet Pipette) result=[(True, True)], time=0.41 sec
action=open, ok=True, locked=[False]
open () {'description': 'Microbone to Getter D-50'}
opening name=--- desc=Microbone to Getter D-50
checking ownership. requestor=129.138.12.150
check software interlocks K
interlocks []
actuate state mode=None-script, software_lock=False
doing actuation None-script open_channel False
Open K ===>> OK
GetIndicatorState K ===>> OK
change switch state (True, True)
update switch state K True args=() kw={} ncanvase=2
04:07:10 -- OPEN   VALVE-K (Microbone to Getter D-50)
---------------------------------------- open None (Microbone to Getter D-50) result=[(True, True)], time=0.41 sec
action=open, ok=True, locked=[False]
open () {'description': 'Microbone to Getter NP-10'}
opening name=--- desc=Microbone to Getter NP-10
checking ownership. requestor=129.138.12.150
check software interlocks M
interlocks []
actuate state mode=None-script, software_lock=False
doing actuation None-script open_channel False
Open M ===>> OK
Get Checksum: -1772432964
GetIndicatorState M ===>> OK
change switch state (True, True)
update switch state M True args=() kw={} ncanvase=2
04:07:10 -- OPEN   VALVE-M (Microbone to Getter NP-10)
---------------------------------------- open None (Microbone to Getter NP-10) result=[(True, True)], time=0.13 sec
action=open, ok=True, locked=[False]
close () {'description': 'CO2 Laser to Felix'}
closing name=--- desc=CO2 Laser to Felix
checking ownership. requestor=129.138.12.150
check software interlocks F
interlocks []
actuate state mode=None-script, software_lock=True
VALVE-F(CO2 Laser to Felix) software locked
change switch state (True, False)
---------------------------------------- close None (CO2 Laser to Felix) result=[(True, False)]
action=close, ok=True, locked=[True]
open () {'description': 'CO2 Laser to Jan'}
opening name=--- desc=CO2 Laser to Jan
checking ownership. requestor=129.138.12.150
check software interlocks A
interlocks []
actuate state mode=None-script, software_lock=False
doing actuation None-script open_channel False
Open A ===>> OK
GetIndicatorState A ===>> OK
change switch state (True, True)
update switch state A True args=() kw={} ncanvase=2
04:07:11 -- OPEN   VALVE-A (CO2 Laser to Jan)
---------------------------------------- open None (CO2 Laser to Jan) result=[(True, True)], time=0.13 sec
action=open, ok=True, locked=[False]
open () {'description': 'Microbone to CO2 Laser'}
opening name=--- desc=Microbone to CO2 Laser
checking ownership. requestor=129.138.12.150
check software interlocks T
interlocks []
actuate state mode=None-script, software_lock=False
doing actuation None-script open_channel False
Open T ===>> OK
GetIndicatorState T ===>> OK
change switch state (True, True)
update switch state T True args=() kw={} ncanvase=2
04:07:11 -- OPEN   VALVE-T (Microbone to CO2 Laser)
---------------------------------------- open None (Microbone to CO2 Laser) result=[(True, True)], time=0.43 sec
action=open, ok=True, locked=[False]
executed 0
PrepareForCO2Analysis.py completed successfully
gosub finished
set_motor ('beam', '1.25') {}
setting motor "beam" to 1.25
set motor beam to 1.25
SetMotor beam,1.25 ===>> OK
GetMotorMoving beam ===>> False
GetMotorMoving beam ===>> False
Block completed
move_to_position ('191',) {'autocenter': True}
FusionsCO2 move to position 191
sending GoToHole 191,True
GoToHole 191,True ===>> OK
GetDriveMoving ===>> False
GetDriveMoving ===>> False
Block completed
GetAutoCorrecting ===>> False
GetAutoCorrecting ===>> False
Block completed
update position
GetPosition ===>> 1.99390,-9.96950,1.00000
got position (1.9939, -9.9695, 1.0)
move to position succeeded
sleep (5,) {}
SLEEP 5.0
block started
WaitControl setup for 5.0  
Get Checksum: -1772432964
Get Checksum: -1772432964
Join finished
block finished. duration 5.01350498199
close () {'description': 'Microbone to Turbo'}
closing name=--- desc=Microbone to Turbo
checking ownership. requestor=129.138.12.150
check software interlocks U
interlocks []
actuate state mode=None-script, software_lock=False
doing actuation None-script close_channel True
Close U ===>> OK
GetIndicatorState U ===>> False
change switch state (True, True)
update switch state U False args=() kw={} ncanvase=2
04:07:20 -- CLOSE  VALVE-U (Microbone to Turbo)
---------------------------------------- close None (Microbone to Turbo) result=[(True, True)]
action=close, ok=True, locked=[False]
enable laser
enable () {}
set extraction state FusionsCO2 Enabled (False, 'red', 1.5)
enabling laser
Enable ===>> OK
begin interval
BEGIN INTERVAL Interval 1 waiting for 30.0
block started
set extract to 0.4
WaitControl setup for 30.0  
extract (0.4,) {}
GetPosition ===>> 1.99390,-9.96950,1.00000
set extraction state FusionsCO2 ON! 0.4(watts) (0.75, 'red', 1.5)
extract sample to 0.4 (watts)
set laser output
SetLaserOutput 0.4,watts ===>> OK
executing pattern triangle.lp
execute_pattern ('triangle.lp',) {}
executing pattern triangle.lp
Get Checksum: 1550443794
IsPatterning ===>> OK
IsPatterning ===>> OK
IsPatterning ===>> OK
Get Checksum: 1550443794
IsPatterning ===>> OK
IsPatterning ===>> OK
IsPatterning ===>> OK
Get Checksum: 1550443794
IsPatterning ===>> OK
IsPatterning ===>> OK
IsPatterning ===>> OK
Get Checksum: 1550443794
IsPatterning ===>> OK
IsPatterning ===>> OK
IsPatterning ===>> OK
Get Checksum: 1550443794
IsPatterning ===>> OK
IsPatterning ===>> OK
IsPatterning ===>> OK
Get Checksum: 1550443794
IsPatterning ===>> OK
IsPatterning ===>> OK
IsPatterning ===>> OK
Get Checksum: 1550443794
IsPatterning ===>> OK
IsPatterning ===>> OK
IsPatterning ===>> OK
Get Checksum: 1550443794
IsPatterning ===>> OK
IsPatterning ===>> OK
IsPatterning ===>> OK
Get Checksum: 1550443794
IsPatterning ===>> OK
IsPatterning ===>> OK
IsPatterning ===>> False
Get Checksum: 1550443794
IsPatterning ===>> False
Block completed
COMPLETE INTERVAL waiting for Interval 1 to complete
Join finished
block finished. duration 30.0616550446
Interval 1 finished
end_extract () {}
ending extraction. set laser power to 0
set laser power 0
SetLaserPower 0 ===>> OK
disable () {}
%%%%%%%%%%%%%%%%%%%%%%%%%%%%%%%%%%% disable
set extraction state False (0.75, 'red', 1.5)
disabling laser
Disable ===>> OK
sleep (30.0,) {}
SLEEP 30.0
block started
WaitControl setup for 30.0  
Get Checksum: 1550443794
Get Checksum: 1550443794
Get Checksum: 1550443794
Get Checksum: 1550443794
Get Checksum: 1550443794
Get Checksum: 1550443794
Get Checksum: 1550443794
Get Checksum: 1550443794
Get Checksum: 1550443794
Get Checksum: 1550443794
Join finished
block finished. duration 30.0439620018
executed 166.5
jan_co2.py completed successfully
GetAchievedOutput ===>> No Response
Requested Output= 0.000
Achieved Output=  0.000
GetResponseBlob ===>> No Response
GetOutputBlob ===>> No Response
persistence save...
persistence save - db
AutomatedRunPersister post_extraction_save deprecated
persistence save - dvc
no extraction position for 191
create new session 4984345712
close session 4984345712
Extraction Finished
04:08:21 -- ******* Extraction Finished *******
no overlap. not waiting for min ms pumptime
04:08:21 -- Sending spectrometer configuration
======== Sending configuration ========
SetDeflection CDD,50.0 ===>> OK
SetDeflection H2,0.0 ===>> OK
SetDeflection H1,0.0 ===>> OK
SetDeflection L2,825.0 ===>> OK
SetDeflection L1,400.0 ===>> OK
SetDeflection AX,190.0 ===>> OK
SetZFocus 74.64 ===>> OK
SetZSymmetry -50.72 ===>> OK
SetExtractionLens 26.13 ===>> OK
SetIonRepeller -3.81 ===>> OK
SetElectronEnergy 75.08 ===>> OK
SetYSymmetry -2.81 ===>> OK
SetIonCounterVoltage 1590.0 ===>> OK
send trap current 200.0
GetParameter Trap Current Readback ===>> 197.699505585058
SetParameter Trap Current Set,200.0 ===>> OK
updating mftable name mftable
Using mftable located at /Users/jan/PychronDev/setupfiles/spectrometer/mftables/mftable.csv
============ MFtable ===========
Isotope  H2     H1     AX     L1     L2     CDD    
Ar40     5.7803 5.8787 5.9921 6.1202 6.2305 6.3485
Ar39     5.6796 5.7710 5.8845 6.0063 6.1156 6.2350
Ar36     5.3571 5.4400 5.5479 5.6652 5.7706 5.8861
================================
get initial guess parabolic
get initial guess parabolic
get initial guess parabolic
get initial guess parabolic
get initial guess parabolic
get initial guess parabolic
======== Configuration Finished ========
GetYSymmetry ===>> -2.81
GetZSymmetry ===>> -50.72
GetParameter Trap Current Readback ===>> 197.475737044497
GetHighVoltage ===>> 4500
start measurement
do measurement
L#=65571 analysis type=unknown
Measurement Started jan_unknown120_60.py
04:08:21 -- ******* Measurement Started jan_unknown120_60.py *******
state changed from extraction to measurement
setting spec, defl, and gains
GetExtractionLens ===>> 26.13
GetYSymmetry ===>> -2.81
GetZSymmetry ===>> -50.72
GetZFocus ===>> 74.64
GetDeflection H2 ===>> 0
GetDeflection H1 ===>> 0
GetDeflection AX ===>> 190
GetDeflection L1 ===>> 400
GetDeflection L2 ===>> 825
GetDeflection CDD ===>> 50
GetGain H2 ===>> 0.0113
GetGain H1 ===>> 0.1
GetGain AX ===>> 0.097049
GetGain L1 ===>> 0.010355
GetGain L2 ===>> 0.095649
GetGain CDD ===>> 0
pre measurement save
New frame /Users/jan/PychronDev/data/isotopes/e3/d788b5-fe41-43dd-8804-0847e01f0ca5.h5
flush and close file /Users/jan/PychronDev/data/isotopes/e3/d788b5-fe41-43dd-8804-0847e01f0ca5.h5
testing...
no interpolation path defined
executed 226.132928
unknown measurement script
activate_detectors ('H2', 'H1', 'AX', 'L1', 'L2', 'CDD') {}
activate detectors
*************** Set Analysis View Ar/Ar
create graphs
Get Checksum: 1550443794
clearing graphs
clear isotope group
setting isotope det=H2, iso=PM41
setting isotope det=H1, iso=Ar40
setting isotope det=AX, iso=Ar39
setting isotope det=L1, iso=Ar38
setting isotope det=L2, iso=Ar37
setting isotope det=CDD, iso=Ar36
setting previous blanks
 - setting Ar40 blank 0.852+/-0.008
 - setting Ar36 blank 0.00689+/-0.00021
 - setting Ar37 blank 0.047+/-0.005
 - setting Ar38 blank 0.0200+/-0.0022
 - setting PM41 blank 0.03+/-0.06
 - setting Ar39 blank 0.025+/-0.008
load analysis view
position_magnet ('Ar40',) {'detector': 'H1'}
detector Detector(H1)
POSITION Ar40 H1
setting detector H2 to PM41 (40.9624)
setting detector H1 to Ar40 (39.9624)
setting detector AX to Ar39 (38.9624)
setting detector L1 to Ar38 (37.9624)
setting detector L2 to Ar37 (36.9624)
setting detector CDD to Ar36 (35.9624)
Mapping mass to dac mass func: "parabolic"
H1 map mass coeffs = [-0.00063987  0.15840543  0.57028999]
H1 map mass to dac 39.9624 >> 5.87868
GetDeflection H1 ===>> 0
GetHighVoltage ===>> 4500
positioning Ar40 (5.87868) on H1
setting magnet DAC
current  : 5.878683
requested: 5.878680
Delta Dac: 0.000003
Checking detector protection. dv=0.00000
Checking detector "CDD". Protection Threshold: 0.1 (V)
SetMagnetDAC 5.87868 ===>> OK
Magnet settling time: 0.500
equilibrate () {'delay': 3, 'inlet': 'R', 'outlet': 'O', 'eqtime': 12.0}
Equilibration Started
04:08:23 -- ******* Equilibration Started *******
checking ownership. requestor=129.138.12.150
check software interlocks O
interlocks []
actuate state mode=None-script, software_lock=False
doing actuation None-script close_channel True
Close O ===>> OK
set states for children of O. state=False
handle state [('O', False)]
update switch state O False args=() kw={'refresh': False} ncanvase=2
refresh_canvas_needed fired
GetIndicatorState O ===>> False
change switch state (True, True)
update switch state O False args=() kw={} ncanvase=2
04:08:23 -- CLOSE  VALVE-O (Jan Ion Pump)
waiting 3s before opening inlet value ('R',)
Get Checksum: 176217748
checking ownership. requestor=129.138.12.150
check software interlocks R
interlocks []
actuate state mode=None-script, software_lock=False
doing actuation None-script open_channel True
Open R ===>> OK
GetIndicatorState R ===>> OK
change switch state (True, True)
update switch state R True args=() kw={} ncanvase=2
04:08:27 -- OPEN   VALVE-R (Jan Inlet)
set_time_zero () {}
equilibrating for 12.0sec
sniff (12.0,) {}
py_sniff
build tables- sniff [Detector(H2), Detector(H1), Detector(AX), Detector(L1), Detector(L2), Detector(CDD)]
add group /sniff/PM41 (Group) '' table H2
add group /sniff/Ar40 (Group) '' table H1
add group /sniff/Ar39 (Group) '' table AX
add group /sniff/Ar38 (Group) '' table L1
add group /sniff/Ar37 (Group) '' table L2
add group /sniff/Ar36 (Group) '' table CDD
flush and close file /Users/jan/PychronDev/data/isotopes/e3/d788b5-fe41-43dd-8804-0847e01f0ca5.h5
measuring sniff. ncounts=12.0
starting measurement
GetData ===>> H2,-0.263976443303968,H1,0.0118789878884364,AX,-0.145342307541859,L1,0.00792894148577029,L2,-0.05...
Get Checksum: -1447199934
GetData ===>> H2,0.419882482123346,H1,54.913182343303,AX,13.5029816281896,L1,0.111839471184465,L2,0.36870994290...
GetData ===>> H2,0.91490166801016,H1,158.443888521525,AX,35.5965302216995,L1,0.377851933183244,L2,0.31634142165...
GetData ===>> H2,0.297572197036393,H1,194.360913916735,AX,42.1574329547872,L1,0.471160706895901,L2,0.1407986783...
Get Checksum: -1447199934
GetData ===>> H2,0.0683815250980843,H1,206.064411255455,AX,44.0474535932115,L1,0.539369770724656,L2,0.306058314...
GetData ===>> H2,0.0383120397989068,H1,210.656208012876,AX,44.586180844304,L1,0.552528057543446,L2,0.1233756342...
GetData ===>> H2,-0.016071656888485,H1,212.515361691542,AX,44.8242453521573,L1,0.559951792614143,L2,0.178506252...
Get Checksum: -1447199934
GetData ===>> H2,-0.0876950684876651,H1,213.119295354497,AX,45.0655107034975,L1,0.565626568103242,L2,0.12716099...
GetData ===>> H2,-0.129881994078217,H1,213.522503376241,AX,45.0175195923925,L1,0.591247649631041,L2,0.196361509...
GetData ===>> H2,-0.116700724323433,H1,213.601076335691,AX,44.9469664384636,L1,0.571023079043613,L2,0.216491172...
Get Checksum: -1447199934
GetData ===>> H2,-0.17579131905382,H1,213.490208688019,AX,45.0152481049382,L1,0.55749233149169,L2,0.19363451709...
Equilibration Finished
04:08:39 -- ******* Equilibration Finished *******
checking ownership. requestor=129.138.12.150
check software interlocks R
interlocks []
actuate state mode=None-script, software_lock=False
doing actuation None-script close_channel True
GetData ===>> H2,-0.138009974104815,H1,213.497729222176,AX,45.0811207582425,L1,0.537714015692254,L2,0.167087479...
Close R ===>> OK
set states for children of R. state=False
handle state [('R', False)]
update switch state R False args=() kw={'refresh': False} ncanvase=2
refresh_canvas_needed fired
GetIndicatorState R ===>> False
change switch state (True, True)
update switch state R False args=() kw={} ncanvase=2
04:08:40 -- CLOSE  VALVE-R (Jan Inlet)
Post Equilibration Started jan_pump_extraction_line.py
04:08:40 -- ******* Post Equilibration Started jan_pump_extraction_line.py *******
testing...
no interpolation path defined
calculate duration
testing...
no interpolation path defined
executed 4.0
executed 4.0
Pump after analysis
doing GOSUB
testing...
no interpolation path defined
executed 4.0
Pump Microbone
close () {'description': 'Jan Inlet'}
closing name=--- desc=Jan Inlet
checking ownership. requestor=129.138.12.150
check software interlocks R
interlocks []
actuate state mode=None-script, software_lock=False
doing actuation None-script close_channel False
Close R ===>> OK
measurement finished
estimated time: 12.583 actual time: :12.673
flush and close file /Users/jan/PychronDev/data/isotopes/e3/d788b5-fe41-43dd-8804-0847e01f0ca5.h5
set_fits () {}
using default fits file=/Users/jan/PychronDev/scripts/measurement/fits/nominal_linear.yaml
set "Ar40" to "('Linear', 'SEM')"
No fit for "PM41". defaulting to linear. check the measurement script "jan_unknown120_60.py"
set "PM41" to "linear"
set "Ar36" to "('Linear', 'SEM')"
set "Ar37" to "('linear', 'SEM')"
set "Ar38" to "('linear', 'SEM')"
set "Ar39" to "('Linear', 'SEM')"
set_baseline_fits () {}
using default fits file=/Users/jan/PychronDev/scripts/measurement/fits/nominal_linear.yaml
GetIndicatorState R ===>> False
change switch state (True, True)
update switch state R False args=() kw={} ncanvase=2
set "H1" to "('average', 'SEM')"
set "H2" to "('average', 'SEM')"
set "CDD" to "('average', 'SEM')"
set "L2" to "('average', 'SEM')"
04:08:40 -- CLOSE  VALVE-R (Jan Inlet)
set "L1" to "('average', 'SEM')"
---------------------------------------- close None (Jan Inlet) result=[(True, True)]
set "AX" to "('average', 'SEM')"
multicollect () {'integration_time': 1, 'ncounts': 120}
build tables- signal [Detector(H2), Detector(H1), Detector(AX), Detector(L1), Detector(L2), Detector(CDD)]
add group /signal/PM41 (Group) '' table H2
add group /signal/Ar40 (Group) '' table H1
add group /signal/Ar39 (Group) '' table AX
add group /signal/Ar38 (Group) '' table L1
add group /signal/Ar37 (Group) '' table L2
add group /signal/Ar36 (Group) '' table CDD
flush and close file /Users/jan/PychronDev/data/isotopes/e3/d788b5-fe41-43dd-8804-0847e01f0ca5.h5
measuring signal. ncounts=120
action=close, ok=True, locked=[False]
is_closed ('F',) {}
is F () closed?
is closed True
open () {'description': 'CO2 Laser to Jan'}
opening name=--- desc=CO2 Laser to Jan
checking ownership. requestor=129.138.12.150
check software interlocks A
interlocks []
actuate state mode=None-script, software_lock=False
doing actuation None-script open_channel False
Open A ===>> OK
GetIndicatorState A ===>> OK
change switch state (True, True)
update switch state A True args=() kw={} ncanvase=2
04:08:40 -- OPEN   VALVE-A (CO2 Laser to Jan)
---------------------------------------- open None (CO2 Laser to Jan) result=[(True, True)], time=0.13 sec
Get Checksum: 176217748
starting measurement
GetData ===>> H2,-0.0696321286996828,H1,213.486238942544,AX,45.1452104058702,L1,0.583068082113007,L2,0.27583168...
action=open, ok=True, locked=[False]
sleep (1,) {}
SLEEP 1.0
GetData ===>> H2,-0.1826185883123,H1,213.427811130705,AX,45.2041871371556,L1,0.59909640244508,L2,0.186663353079...
close () {'description': 'CO2 Laser to Roughing'}
closing name=--- desc=CO2 Laser to Roughing
checking ownership. requestor=129.138.12.150
check software interlocks G
interlocks []
actuate state mode=None-script, software_lock=True
VALVE-G(CO2 Laser to Roughing) software locked
change switch state (True, False)
---------------------------------------- close None (CO2 Laser to Roughing) result=[(True, False)]
action=close, ok=True, locked=[True]
open () {'description': 'Microbone to Turbo'}
opening name=--- desc=Microbone to Turbo
checking ownership. requestor=129.138.12.150
check software interlocks U
interlocks []
actuate state mode=None-script, software_lock=False
doing actuation None-script open_channel True
Open U ===>> OK
GetIndicatorState U ===>> OK
change switch state (True, True)
update switch state U True args=() kw={} ncanvase=2
04:08:42 -- OPEN   VALVE-U (Microbone to Turbo)
---------------------------------------- open None (Microbone to Turbo) result=[(True, True)], time=0.17 sec
action=open, ok=True, locked=[False]
open () {'description': 'Microbone to Getter NP-10'}
opening name=--- desc=Microbone to Getter NP-10
checking ownership. requestor=129.138.12.150
check software interlocks M
interlocks []
actuate state mode=None-script, software_lock=False
doing actuation None-script open_channel False
Open M ===>> OK
GetIndicatorState M ===>> OK
change switch state (True, True)
update switch state M True args=() kw={} ncanvase=2
04:08:42 -- OPEN   VALVE-M (Microbone to Getter NP-10)
---------------------------------------- open None (Microbone to Getter NP-10) result=[(True, True)], time=0.14 sec
action=open, ok=True, locked=[False]
open () {'description': 'Microbone to Getter D-50'}
opening name=--- desc=Microbone to Getter D-50
checking ownership. requestor=129.138.12.150
check software interlocks K
interlocks []
actuate state mode=None-script, software_lock=False
doing actuation None-script open_channel False
GetData ===>> H2,-0.175344481321896,H1,213.387734759216,AX,45.0569281817513,L1,0.59966702729574,L2,0.2402322673...
Open K ===>> OK
GetIndicatorState K ===>> OK
change switch state (True, True)
update switch state K True args=() kw={} ncanvase=2
04:08:43 -- OPEN   VALVE-K (Microbone to Getter D-50)
---------------------------------------- open None (Microbone to Getter D-50) result=[(True, True)], time=0.40 sec
action=open, ok=True, locked=[False]
open () {'description': 'Microbone to CO2 Laser'}
opening name=--- desc=Microbone to CO2 Laser
checking ownership. requestor=129.138.12.150
check software interlocks T
interlocks []
actuate state mode=None-script, software_lock=False
doing actuation None-script open_channel False
Open T ===>> OK
GetIndicatorState T ===>> OK
change switch state (True, True)
update switch state T True args=() kw={} ncanvase=2
04:08:44 -- OPEN   VALVE-T (Microbone to CO2 Laser)
---------------------------------------- open None (Microbone to CO2 Laser) result=[(True, True)], time=0.44 sec
Get Checksum: -861571959
GetData ===>> H2,-0.0869805580435729,H1,213.470804507109,AX,44.8742573368934,L1,0.561277108177589,L2,0.22537056...
action=open, ok=True, locked=[False]
open () {'description': 'Microbone to Inlet Pipette'}
opening name=--- desc=Microbone to Inlet Pipette
checking ownership. requestor=129.138.12.150
check software interlocks S
interlocks []
actuate state mode=None-script, software_lock=False
doing actuation None-script open_channel False
Open S ===>> OK
GetIndicatorState S ===>> OK
change switch state (True, True)
update switch state S True args=() kw={} ncanvase=2
04:08:44 -- OPEN   VALVE-S (Microbone to Inlet Pipette)
---------------------------------------- open None (Microbone to Inlet Pipette) result=[(True, True)], time=0.41 sec
action=open, ok=True, locked=[False]
sleep (1,) {}
SLEEP 1.0
GetData ===>> H2,-0.132126458043322,H1,213.604775202224,AX,45.0374662703354,L1,0.547903867409802,L2,0.216091733...
set_resource () {'name': 'CO2PumpTimeFlag', 'value': 30}
Set CO2PumpTimeFlag 30 ===>> OK
release ('JanCO2Flag',) {}
release JanCO2Flag
Set JanCO2Flag 0 ===>> OK
executed 6.0
PumpMicrobone.py completed successfully
gosub finished
get_resource_value () {'name': 'JanMiniboneFlag'}
Read JanMiniboneFlag ===>> 0
Get Resource Value JanMiniboneFlag=0.0
get resource value 0.0
get_resource_value () {'name': 'JanMiniboneFlag'}
Read JanMiniboneFlag ===>> 0
Get Resource Value JanMiniboneFlag=0.0
executed 4.0
jan_pump_extraction_line.py completed successfully
Post Equilibration Finished
04:08:46 -- ******* Post Equilibration Finished *******
GetData ===>> H2,-0.241304740710359,H1,213.577577748205,AX,45.0047483922027,L1,0.570360392967175,L2,0.112077436...
Get Checksum: -861571959
GetData ===>> H2,-0.114803482324988,H1,213.400575112649,AX,44.857920276695,L1,0.556155134922387,L2,0.2322988910...
GetData ===>> H2,-0.141539160227989,H1,213.383668402763,AX,44.8823767572762,L1,0.567780393641171,L2,0.089610413...
GetData ===>> H2,-0.173412675278429,H1,213.1433348566,AX,44.9530632189472,L1,0.577982570358187,L2,0.24026651360...
Get Checksum: -861571959
GetData ===>> H2,-0.210768372269773,H1,213.223757862015,AX,45.010090988223,L1,0.55911970444939,L2,0.25598681893...
GetData ===>> H2,-0.187111624070698,H1,213.084759182838,AX,44.8273286218978,L1,0.539479374494785,L2,0.231910800...
GetData ===>> H2,-0.245822293406549,H1,212.881485853723,AX,44.8566647695181,L1,0.532493336089463,L2,0.251020430...
Get Checksum: -861571959
GetData ===>> H2,-0.193155726760232,H1,212.853791806038,AX,44.8117560669231,L1,0.561279574039117,L2,0.196270228...
GetData ===>> H2,-0.0734355446612734,H1,212.860167262193,AX,44.8609734967947,L1,0.568199861963674,L2,0.10470183...
GetData ===>> H2,-0.153453778851079,H1,212.817339792211,AX,44.7243104788968,L1,0.549607340819092,L2,0.087604482...
GetData ===>> H2,-0.156084482865374,H1,212.746595469443,AX,44.8784525398633,L1,0.57240658832869,L2,0.2154868715...
GetData ===>> H2,-0.088306292149872,H1,212.594459402219,AX,44.6729059141126,L1,0.601858419715211,L2,0.127947736...
Get Checksum: -861571959
GetData ===>> H2,-0.109600002574863,H1,212.458843978392,AX,44.7100775460717,L1,0.572451021663334,L2,0.152476629...
GetData ===>> H2,-0.22428036248945,H1,212.184425743546,AX,44.7406704590845,L1,0.576156938954243,L2,0.1750268615...
GetData ===>> H2,-0.227104092864862,H1,212.247505543515,AX,44.7332390139568,L1,0.561566850928137,L2,0.222026430...
Get Checksum: -861571959
GetData ===>> H2,-0.186441356349527,H1,212.153413052371,AX,44.6918681350355,L1,0.53733195539615,L2,0.2113784764...
GetData ===>> H2,-0.19170937273905,H1,212.119695804565,AX,44.7125874393721,L1,0.521760847469364,L2,0.1728252139...
GetData ===>> H2,-0.144932144754566,H1,212.023391186854,AX,44.6817735863148,L1,0.54060873043535,L2,0.1821226714...
Get Checksum: -861571959
GetData ===>> H2,-0.166665984628831,H1,211.929180136961,AX,44.6971723916801,L1,0.534004930344128,L2,0.232059187...
04:09:06 -- collecting point 25
GetData ===>> H2,-0.18492670182957,H1,211.90695281497,AX,44.5543494929657,L1,0.58634580207235,L2,0.115964960438...
Get Checksum: -861571959
GetData ===>> H2,-0.0357428187416658,H1,212.101291266333,AX,44.7638521144924,L1,0.568871046627459,L2,0.17905384...
GetData ===>> H2,-0.194344483265393,H1,211.985422193656,AX,44.7654928325001,L1,0.584418549989825,L2,0.243908097...
GetData ===>> H2,-0.185478367055973,H1,211.833656485887,AX,44.5795373282,L1,0.585169160333168,L2,0.211675188009...
Get Checksum: -861571959
GetData ===>> H2,-0.198162372137341,H1,211.742616965599,AX,44.5752463261384,L1,0.534765122802137,L2,0.216365634...
GetData ===>> H2,-0.192915803840042,H1,211.295291633642,AX,44.5108427683263,L1,0.590775766038213,L2,0.270367034...
GetData ===>> H2,-0.0881436637852774,H1,211.583536847945,AX,44.4937465206329,L1,0.558155798538386,L2,0.19172909...
Get Checksum: -861571959
GetData ===>> H2,-0.117651932485979,H1,211.481314281632,AX,44.4442774938211,L1,0.560672989804412,L2,0.123957111...
GetData ===>> H2,-0.188371134511882,H1,211.538455494487,AX,44.461280126611,L1,0.533084642483094,L2,0.2180547080...
GetData ===>> H2,-0.197494818145022,H1,211.326238760663,AX,44.5202752444198,L1,0.548326628055131,L2,0.179110880...
Get Checksum: -861571959
GetData ===>> H2,-0.187881641214973,H1,210.989317660078,AX,44.5897023425739,L1,0.520302719747189,L2,0.251317264...
GetData ===>> H2,-0.0847907655288045,H1,211.174740432337,AX,44.4616507054629,L1,0.505369420117555,L2,0.29351692...
GetData ===>> H2,-0.0949530906407391,H1,210.985617181017,AX,44.3833558111362,L1,0.530181406427955,L2,0.11479070...
Get Checksum: -861571959
GetData ===>> H2,-0.0342954834663204,H1,211.154097783847,AX,44.404623582195,L1,0.56730419431901,L2,0.2417048656...
GetData ===>> H2,-0.228158266223737,H1,211.162065306469,AX,44.4714999719995,L1,0.545923408399864,L2,0.177855996...
GetData ===>> H2,-0.236165694620385,H1,210.965326996283,AX,44.4088263021619,L1,0.505728527174697,L2,0.210556818...
Get Checksum: -861571959
GetData ===>> H2,-0.196500831440982,H1,210.898613853079,AX,44.507978976433,L1,0.544749114913891,L2,0.2148135391...
GetData ===>> H2,-0.218894871332591,H1,210.85606888907,AX,44.4457026007154,L1,0.532487176825869,L2,0.1925277681...
GetData ===>> H2,-0.088593596575419,H1,210.801514018483,AX,44.4140977191362,L1,0.577515202012489,L2,0.151894979...
Get Checksum: -861571959
GetData ===>> H2,-0.122275590182973,H1,210.585821571941,AX,44.3707365382737,L1,0.571653719139688,L2,0.172848028...
GetData ===>> H2,-0.161623583860764,H1,210.489607958493,AX,44.2549104069142,L1,0.584953107375647,L2,0.197171635...
GetData ===>> H2,-0.193833683696499,H1,210.383147735797,AX,44.2157583552897,L1,0.569460836709755,L2,0.195551390...
Get Checksum: -861571959
GetData ===>> H2,-0.206370739584072,H1,210.429129289945,AX,44.2766844992924,L1,0.560313001335679,L2,0.220462830...
GetData ===>> H2,-0.20759561976918,H1,210.345224986482,AX,44.3546866342289,L1,0.592071644475868,L2,0.2097237560...
Get Checksum: -861571959
GetData ===>> H2,-0.134524315228272,H1,210.144000962459,AX,44.1812013167687,L1,0.558740047926946,L2,0.153617130...
04:09:32 -- collecting point 50
GetData ===>> H2,-0.126078077319353,H1,210.303811561495,AX,44.2307485157783,L1,0.57221034338103,L2,0.2232704810...
GetData ===>> H2,-0.205149769892071,H1,209.922186405515,AX,44.2090539635835,L1,0.540788552033707,L2,0.251625516...
Get Checksum: -861571959
GetData ===>> H2,-0.0894419153855184,H1,209.849624944654,AX,44.2614749704722,L1,0.51430284210415,L2,0.137092595...
GetData ===>> H2,-0.12843303326699,H1,209.891252333916,AX,44.2878507791301,L1,0.534842746895566,L2,0.1839480452...
GetData ===>> H2,-0.259998526217573,H1,209.661688964161,AX,44.2809856722943,L1,0.544804561240001,L2,0.280828861...
Get Checksum: -861571959
GetData ===>> H2,-0.136132069861219,H1,209.643735156366,AX,44.1510645840565,L1,0.548324162928401,L2,0.126180438...
GetData ===>> H2,-0.127270486923999,H1,209.790002322283,AX,44.1984928189622,L1,0.516331501565608,L2,0.096597308...
GetData ===>> H2,-0.182351458880802,H1,209.479317577821,AX,44.0663753349135,L1,0.541204863350287,L2,0.197958947...
Get Checksum: -861571959
GetData ===>> H2,-0.224559131212486,H1,209.669823656083,AX,44.1408784376939,L1,0.554258191222843,L2,0.304974144...
GetData ===>> H2,-0.137165023262378,H1,209.581312117759,AX,44.0914050126174,L1,0.56146081646997,L2,0.1760535538...
GetData ===>> H2,-0.199296449327424,H1,209.654507252288,AX,44.0697331903974,L1,0.5745247893319,L2,0.34521078126...
Get Checksum: -861571959
GetData ===>> H2,-0.246352385141395,H1,209.560996983399,AX,44.2106624139069,L1,0.580711974158073,L2,0.248166300...
GetData ===>> H2,-0.231575911854928,H1,209.235954059551,AX,44.0367136382383,L1,0.542824695538551,L2,0.183936636...
GetData ===>> H2,-0.243884690559953,H1,209.328594075753,AX,44.1318026873444,L1,0.532848115866551,L2,0.187473396...
Get Checksum: -861571959
GetData ===>> H2,-0.119800314266351,H1,209.210604023062,AX,43.9547093229272,L1,0.549273280145394,L2,0.175106714...
GetData ===>> H2,-0.215674618075585,H1,209.228487793901,AX,44.0237131843889,L1,0.551832632721238,L2,0.106822119...
GetData ===>> H2,-0.241349157979225,H1,209.102281226047,AX,44.0381076440429,L1,0.560708742767321,L2,0.249148111...
Get Checksum: -861571959
GetData ===>> H2,-0.211630452683474,H1,209.030839457762,AX,43.95630137937,L1,0.570891032066107,L2,0.22329330785...
GetData ===>> H2,-0.130917194032406,H1,209.01111138787,AX,43.9131933279678,L1,0.562896072679663,L2,0.2363396941...
GetData ===>> H2,-0.151060185258517,H1,209.018914599745,AX,43.9868815141268,L1,0.533677214697927,L2,0.234695957...
Get Checksum: -861571959
GetData ===>> H2,-0.144709219939267,H1,208.928756880574,AX,44.003120177744,L1,0.536090973073152,L2,0.1368303239...
GetData ===>> H2,-0.164954385021387,H1,208.898947052977,AX,43.9129231335834,L1,0.557614464143636,L2,0.257676591...
Get Checksum: -861571959
GetData ===>> H2,-0.19166084321075,H1,208.622285772308,AX,43.9762749637178,L1,0.549456950546058,L2,0.2501070998...
GetData ===>> H2,-0.10570492108484,H1,208.685731551928,AX,43.9690528120975,L1,0.565325610981903,L2,0.2771208857...
GetData ===>> H2,-0.110623559988997,H1,208.346479552888,AX,43.8250286832005,L1,0.547011566384578,L2,0.117766271...
Get Checksum: -861571959
04:09:58 -- collecting point 75
GetData ===>> H2,-0.0627417286240511,H1,208.252531367044,AX,43.7865676977834,L1,0.554414817745787,L2,0.20030951...
GetData ===>> H2,-0.0512436058855099,H1,208.342632160359,AX,43.8164175732484,L1,0.521926976345088,L2,0.20821741...
GetData ===>> H2,-0.0959769969698123,H1,208.499379900485,AX,43.9065524117391,L1,0.548854178689733,L2,0.11876954...
Get Checksum: -861571959
GetData ===>> H2,-0.0701664464182551,H1,208.397736255571,AX,43.9294382719595,L1,0.535164338634932,L2,0.17060080...
GetData ===>> H2,-0.11179322695088,H1,208.152243386329,AX,43.7165843137401,L1,0.559342820785965,L2,0.2068252112...
GetData ===>> H2,-0.240036755902115,H1,208.053815744837,AX,43.9307173304089,L1,0.539544644707587,L2,0.207315903...
Get Checksum: -861571959
GetData ===>> H2,-0.214484278064469,H1,207.981260314453,AX,43.6622070838702,L1,0.5124382548298,L2,0.22997037013...
GetData ===>> H2,-0.270404309353022,H1,207.758650558514,AX,43.7467984194809,L1,0.511898018189743,L2,0.160255118...
GetData ===>> H2,-0.272529995035908,H1,207.910699550488,AX,43.8314945292638,L1,0.531751787132637,L2,0.164737730...
Get Checksum: -861571959
GetData ===>> H2,-0.125292532705281,H1,207.833444442207,AX,43.7390875557366,L1,0.494260050729439,L2,0.125131477...
GetData ===>> H2,-0.128815566081336,H1,207.767866093465,AX,43.7224951417248,L1,0.534996764679523,L2,0.207372961...
GetData ===>> H2,-0.177241057848251,H1,207.793089855354,AX,43.7424388090874,L1,0.521198490287939,L2,0.188682770...
Get Checksum: -861571959
GetData ===>> H2,-0.223170606258561,H1,207.862572772549,AX,43.7007430352006,L1,0.533996306115068,L2,0.203687121...
GetData ===>> H2,-0.163863577826775,H1,207.409577990989,AX,43.6262391306522,L1,0.546458230521763,L2,0.167110292...
GetData ===>> H2,-0.165729226338752,H1,207.164238590574,AX,43.4657638415808,L1,0.531085423903714,L2,0.141403068...
Get Checksum: -861571959
GetData ===>> H2,-0.170273265311931,H1,207.318448397821,AX,43.6007287713686,L1,0.536901846343789,L2,0.255701387...
GetData ===>> H2,-0.203316720247177,H1,207.226258701018,AX,43.5443996486882,L1,0.539852528625288,L2,0.301858649...
GetData ===>> H2,-0.0491318003078991,H1,207.359737265099,AX,43.6071448862843,L1,0.538809454995465,L2,0.22177533...
Get Checksum: -861571959
GetData ===>> H2,-0.0558119631967771,H1,207.44989442609,AX,43.6085786229101,L1,0.528575554033083,L2,0.207863656...
GetData ===>> H2,-0.195857458353904,H1,207.187935387959,AX,43.6146828432232,L1,0.547841009430721,L2,0.193965403...
Get Checksum: -861571959
GetData ===>> H2,-0.188841729320553,H1,207.064480063006,AX,43.5627076067818,L1,0.535601768744694,L2,0.229411076...
GetData ===>> H2,-0.103827942182016,H1,206.989978501537,AX,43.5532432309252,L1,0.525349825621975,L2,0.243988008...
GetData ===>> H2,-0.145763007734623,H1,206.789481734464,AX,43.5391603787002,L1,0.538728180949746,L2,0.100575394...
Get Checksum: -861571959
GetData ===>> H2,-0.167253106318902,H1,206.971365268473,AX,43.5146851082234,L1,0.553293818731875,L2,0.199248327...
GetData ===>> H2,-0.163251977850269,H1,206.966026715145,AX,43.5697602618353,L1,0.562336249763844,L2,0.242389802...
04:10:25 -- collecting point 100
GetData ===>> H2,-0.165542945285402,H1,206.827106510413,AX,43.4296995856486,L1,0.562284461508635,L2,0.194718458...
Get Checksum: -861571959
GetData ===>> H2,-0.22092786572583,H1,206.688649625186,AX,43.4868371190655,L1,0.553439332096583,L2,0.1333410448...
GetData ===>> H2,-0.283604602292885,H1,206.648578010957,AX,43.6619372483067,L1,0.532760651665549,L2,0.206197585...
GetData ===>> H2,-0.21962242625049,H1,206.563540385089,AX,43.4113737096309,L1,0.521637790765199,L2,0.2444332277...
Get Checksum: -861571959
GetData ===>> H2,-0.145733286856725,H1,206.436282191418,AX,43.4527102137907,L1,0.546864911012312,L2,0.151073831...
GetData ===>> H2,-0.174759920753179,H1,206.499385660844,AX,43.5019667680822,L1,0.547405944086026,L2,0.216867788...
GetData ===>> H2,-0.260935977822303,H1,206.37344591019,AX,43.3903988667174,L1,0.543472699462508,L2,0.1807194390...
Get Checksum: -861571959
GetData ===>> H2,-0.282633204681065,H1,206.27606745844,AX,43.276456524144,L1,0.530783665409551,L2,0.19317812421...
GetData ===>> H2,-0.324003462312854,H1,206.285149296483,AX,43.3285152379656,L1,0.518227575112697,L2,0.183856775...
GetData ===>> H2,-0.175397130792674,H1,206.044531552851,AX,43.409345554633,L1,0.497439185028719,L2,0.1514273804...
Get Checksum: -861571959
GetData ===>> H2,-0.117446272608293,H1,206.012161584475,AX,43.523188416841,L1,0.496750391965572,L2,0.1264198772...
GetData ===>> H2,-0.122721893981071,H1,206.045766410711,AX,43.3922565298677,L1,0.519368887829863,L2,0.136590859...
GetData ===>> H2,-0.162575534133514,H1,206.014727751206,AX,43.2753931811588,L1,0.523560103863704,L2,0.173429806...
GetData ===>> H2,-0.157105793540193,H1,205.957263067332,AX,43.2451415103864,L1,0.54241201458328,L2,0.2844000626...
GetData ===>> H2,-0.234504115288345,H1,205.611272728703,AX,43.3178350341881,L1,0.546925298266723,L2,0.240175190...
Get Checksum: -861571959
GetData ===>> H2,-0.188613850610082,H1,205.653695750385,AX,43.1714620115361,L1,0.5649210594558,L2,0.09692785989...
GetData ===>> H2,-0.217058260529873,H1,205.697767002242,AX,43.3315081363228,L1,0.546102090133992,L2,0.201233778...
Get Checksum: -861571959
GetData ===>> H2,-0.27417705871536,H1,205.59064489761,AX,43.357014655756,L1,0.511424257609627,L2,0.329159759136...
GetData ===>> H2,-0.22077563957971,H1,205.577732410632,AX,43.356262716863,L1,0.497547428118964,L2,0.16437272629...
GetData ===>> H2,-0.078404510039456,H1,205.376340998748,AX,43.0628630398674,L1,0.513865895412103,L2,0.221204681...
Get Checksum: -861571959
GetData ===>> H2,-0.0954095258887204,H1,205.006136108026,AX,43.115308039582,L1,0.543209057985864,L2,0.116694601...
measurement finished
estimated time: 125.829 actual time: :126.244
flush and close file /Users/jan/PychronDev/data/isotopes/e3/d788b5-fe41-43dd-8804-0847e01f0ca5.h5
baselines () {'settling_time': 15.0, 'detector': 'H1', 'mass': 34.2, 'ncounts': 60}
%%%%%%%%%%%%%%%%%%%%%%%%%%%%%%%% Baseline
build tables- baseline [Detector(H2), Detector(H1), Detector(AX), Detector(L1), Detector(L2), Detector(CDD)]
add group baseline table H2
add group baseline table H1
add group baseline table AX
add group baseline table L1
add group baseline table L2
add group baseline table CDD
flush and close file /Users/jan/PychronDev/data/isotopes/e3/d788b5-fe41-43dd-8804-0847e01f0ca5.h5
detector Detector(H1)
POSITION 34.2 H1
Mapping mass to dac mass func: "parabolic"
H1 map mass coeffs = [-0.00063987  0.15840543  0.57028999]
H1 map mass to dac 34.2 >> 5.23933599104
GetDeflection H1 ===>> 0
GetHighVoltage ===>> 4500
positioning 34.2 (5.23933599104) on H1
setting magnet DAC
current  : 5.878680
requested: 5.239336
Delta Dac: 0.639344
Checking detector protection. dv=0.63934
Checking detector "CDD". Protection Threshold: 0.1 (V)
ProtectDetector CDD,On ===>> OK
GetDeflection CDD ===>> 2000
SetMagnetDAC 5.23933599104 ===>> OK
Magnet settling time: 0.500
GetMagnetMoving ===>> True
GetMagnetMoving ===>> True
GetMagnetMoving ===>> True
GetMagnetMoving ===>> True
GetMagnetMoving ===>> True
Get Checksum: -861571959
GetMagnetMoving ===>> True
GetMagnetMoving ===>> True
GetMagnetMoving ===>> True
GetMagnetMoving ===>> False
ProtectDetector CDD,Off ===>> OK
GetDeflection CDD ===>> 50
Delaying 15.0s for detectors to settle
Get Checksum: -861571959
Get Checksum: -861571959
Get Checksum: -861571959
Get Checksum: -861571959
Get Checksum: -861571959
Join finished
measuring baseline. ncounts=60
starting measurement
GetData ===>> H2,-0.351751018614385,H1,0.0102326615704087,AX,-0.0692084401205623,L1,-0.0437879364479003,L2,-0.0...
GetData ===>> H2,-0.229665980549031,H1,-0.070809460035348,AX,-0.0644321990135195,L1,-0.00386856968527348,L2,0.0...
Get Checksum: -861571959
GetData ===>> H2,-0.226494162216543,H1,-0.027649222976822,AX,-0.0718978707744415,L1,-0.0356142740186588,L2,-0.0...
GetData ===>> H2,-0.245185881366182,H1,-0.0855416767840509,AX,-0.0960994020791041,L1,-0.0451383941783276,L2,-0....
GetData ===>> H2,-0.11326867663494,H1,0.0626062628554137,AX,-0.0994718387364769,L1,-0.0159080819509575,L2,0.017...
Get Checksum: -861571959
GetData ===>> H2,-0.131018647307709,H1,-0.0109762807584122,AX,-0.170336808910535,L1,-0.0830149012741536,L2,-0.1...
GetData ===>> H2,-0.132795961547432,H1,-0.0505908487996585,AX,-0.051539814766135,L1,-0.0531942684973151,L2,-0.0...
GetData ===>> H2,-0.175710322585873,H1,-0.0969945957895345,AX,-0.0708893429901966,L1,-0.016345868322227,L2,-0.0...
Get Checksum: -861571959
GetData ===>> H2,-0.111368153586283,H1,-0.058352131359629,AX,-0.0534297225331083,L1,-0.0301413678012458,L2,0.06...
GetData ===>> H2,-0.185242327767968,H1,-0.00514367317518953,AX,-0.0358278109416644,L1,0.0125149129781713,L2,-0....
GetData ===>> H2,-0.160589175605647,H1,0.0429614599047003,AX,-0.0996340836008822,L1,-0.00930533713004893,L2,-0....
Get Checksum: -861571959
GetData ===>> H2,-0.203977191486117,H1,-0.0474670905452389,AX,-0.174463298006538,L1,-0.0225196257567933,L2,0.00...
GetData ===>> H2,-0.138666964385989,H1,0.00847899592593144,AX,-0.0353755459669598,L1,-0.026533113245397,L2,-0.0...
GetData ===>> H2,-0.172456239009787,H1,0.0439161607329154,AX,-0.0168076747052205,L1,-0.00604338912727981,L2,-0....
Get Checksum: -861571959
GetData ===>> H2,-0.158163482589407,H1,0.0334626825610808,AX,-0.145980002215689,L1,-0.0207250824082136,L2,-0.10...
GetData ===>> H2,-0.179525976923023,H1,-0.0233083237578978,AX,-0.0532094284255119,L1,-0.0128479102131499,L2,-0....
Get Checksum: -861571959
GetData ===>> H2,-0.0624610940710515,H1,-0.062238507505996,AX,-0.113215337206702,L1,-0.0161491666652748,L2,-0.0...
GetData ===>> H2,-0.260455829413765,H1,-0.033707086297796,AX,-0.138362176149088,L1,-0.049001999270673,L2,0.0357...
GetData ===>> H2,-0.291156612781278,H1,-0.0521526913630719,AX,-0.00991775711380562,L1,-0.0511019418665372,L2,0....
Get Checksum: -861571959
GetData ===>> H2,-0.232244782558015,H1,0.035717963938864,AX,-0.0220849753229304,L1,-0.057633075633528,L2,-0.027...
GetData ===>> H2,-0.157843349576917,H1,0.128428547015491,AX,0.0277534273512345,L1,-0.0326335657952726,L2,-0.000...
GetData ===>> H2,-0.247260479382813,H1,0.0128333923544278,AX,-0.029205977968766,L1,0.00866692472293451,L2,-0.03...
Get Checksum: -861571959
GetData ===>> H2,-0.170359620841628,H1,-0.0763760137065582,AX,-0.168632842393059,L1,0.0282767144783047,L2,-0.04...
GetData ===>> H2,-0.176320481722634,H1,0.0174265911147888,AX,-0.0724195189749939,L1,0.00350387972826472,L2,-0.0...
04:11:30 -- collecting point 25
GetData ===>> H2,-0.137163671290597,H1,-0.0740278478863708,AX,-0.0248916867814153,L1,-0.0288417307340994,L2,-0....
Get Checksum: -861571959
GetData ===>> H2,-0.148672574751869,H1,-0.0200883043635301,AX,-0.13250626475061,L1,-0.0374822016292879,L2,-0.07...
GetData ===>> H2,-0.172881181877825,H1,0.070615669423302,AX,-0.0520035992115697,L1,-0.0216349810690121,L2,0.012...
GetData ===>> H2,-0.155315737279729,H1,-0.00323517971947391,AX,0.00481484773709489,L1,-0.0242491330959158,L2,0....
Get Checksum: -861571959
GetData ===>> H2,-0.131180970661552,H1,-0.128108104145386,AX,-0.111048489560081,L1,-0.0352332172945304,L2,0.005...
GetData ===>> H2,-0.254765939400938,H1,0.0310046030486124,AX,0.04173735786039,L1,-0.0329628585837176,L2,-0.0417...
GetData ===>> H2,-0.266732459723656,H1,-0.049207822822228,AX,-0.0132699833267635,L1,0.00883852857183356,L2,-0.1...
Get Checksum: -861571959
GetData ===>> H2,-0.172212058276434,H1,-0.0425785708724423,AX,-0.110144656491464,L1,-0.0148525186767501,L2,-0.0...
GetData ===>> H2,-0.112027416625204,H1,-0.035257267990718,AX,-0.0923675661632974,L1,-0.0202275404315248,L2,-0.0...
GetData ===>> H2,-0.175598276516946,H1,-0.0302012022221686,AX,0.0228566252948256,L1,0.00587487281937438,L2,-0.0...
Get Checksum: -861571959
GetData ===>> H2,-0.141540511678363,H1,-0.0612252031184866,AX,0.0492929975616474,L1,-0.0106385938717216,L2,-0.0...
GetData ===>> H2,-0.1475798861936,H1,-0.0311551964457422,AX,-0.145713330406186,L1,0.0170237054447972,L2,-0.0862...
GetData ===>> H2,-0.199559387970511,H1,-0.101951956458612,AX,-0.0335084811321456,L1,-0.0251311512271161,L2,-0.0...
Get Checksum: -861571959
GetData ===>> H2,-0.209019763587981,H1,-0.0757681181966728,AX,-0.00969736449457021,L1,-0.0584133727941958,L2,-0...
GetData ===>> H2,-0.187804776708177,H1,-0.0529872537327723,AX,-0.0828055320955307,L1,-0.0433066124284049,L2,-0....
Get Checksum: -861571959
GetData ===>> H2,-0.100744530904399,H1,-0.0514373466495631,AX,-0.0522702742668569,L1,-0.0403044022763451,L2,-0....
GetData ===>> H2,-0.139418536233455,H1,0.0372692451704239,AX,-0.0445132100047017,L1,-0.0288369391345911,L2,-0.0...
GetData ===>> H2,-0.180351835404653,H1,0.0340951108375844,AX,-0.0323835862699629,L1,-0.046258848984905,L2,0.046...
Get Checksum: -861571959
GetData ===>> H2,-0.262134242280463,H1,-0.0368551224519063,AX,-0.0982781717732648,L1,-0.041005038125442,L2,0.08...
GetData ===>> H2,-0.230075182579975,H1,-0.0467755583604788,AX,-0.143661092452275,L1,-0.0116204389236126,L2,-0.0...
GetData ===>> H2,-0.146812645149344,H1,0.0307778900169755,AX,-0.0485947319559647,L1,0.0303153181374863,L2,-0.02...
Get Checksum: -861571959
GetData ===>> H2,-0.173070040257443,H1,-0.10146338134247,AX,-0.0209715467017477,L1,0.0072258077516353,L2,-0.036...
GetData ===>> H2,-0.156289833143634,H1,-0.111401244872655,AX,-0.150490123376349,L1,-0.0230614022458674,L2,-0.00...
GetData ===>> H2,-0.248967498831401,H1,-0.0748979868248288,AX,-0.117085415596016,L1,-0.00327350137798981,L2,-0....
Get Checksum: -861571959
GetData ===>> H2,-0.326592716400487,H1,-0.00793477933174176,AX,-0.136866368537862,L1,-0.0106697650280328,L2,-0....
04:11:57 -- collecting point 50
GetData ===>> H2,-0.212356435049143,H1,0.0318875955392485,AX,-0.101951837837297,L1,-0.0191376576844363,L2,-0.03...
GetData ===>> H2,-0.192837625609977,H1,0.0864109969817452,AX,-0.0980695682763637,L1,-0.0216421736159385,L2,-0.0...
Get Checksum: -861571959
GetData ===>> H2,-0.14492944266183,H1,-0.00966427186990231,AX,-0.00747021107809568,L1,-0.00700649330289484,L2,-...
GetData ===>> H2,-0.229980959741544,H1,-0.00262683978256002,AX,-0.00201811004783174,L1,-0.00661550570664607,L2,...
GetData ===>> H2,-0.23616031338145,H1,-0.0531899321150718,AX,-0.141724760445383,L1,-0.0219154865884201,L2,-0.07...
Get Checksum: -861571959
GetData ===>> H2,-0.240447318586642,H1,-0.00740996189307881,AX,-0.0895975705542921,L1,-0.0370604805118287,L2,-0...
GetData ===>> H2,-0.259884164152845,H1,-0.00526295280802711,AX,-0.0308411835190842,L1,-0.0145534152273005,L2,0....
GetData ===>> H2,-0.272454756365304,H1,0.0355031730473911,AX,-0.0440957719743969,L1,-0.0326072219062674,L2,0.00...
Get Checksum: -861571959
GetData ===>> H2,-0.191412800149417,H1,0.00754849193664882,AX,-0.133967451092807,L1,0.0189322946951813,L2,-0.01...
GetData ===>> H2,-0.292287031361854,H1,-0.100807971951755,AX,-0.0260862542931366,L1,0.0460660863459999,L2,-0.02...
GetData ===>> H2,-0.260115543800003,H1,0.00299153320100238,AX,0.0363060159966487,L1,-0.00656873009988909,L2,0.0...
Get Checksum: -861571959
measurement finished
estimated time: 62.915 actual time: :63.146
flush and close file /Users/jan/PychronDev/data/isotopes/e3/d788b5-fe41-43dd-8804-0847e01f0ca5.h5
activate_detectors ('H1', 'AX', 'CDD') {'peak_center': True}
peak_center () {'detector': 'H1', 'integration_time': 0.262144, 'isotope': 'Ar40'}
peak center: mean=205.653134713 threshold=3
peak center started
setup peak center. detector=['H1', 'AX', 'CDD'], isotope=Ar40
VersionedUnpickler [<apptools.sweet_pickle.versioned_unpickler.VersionedUnpickler object at 0x1590100b0>] using Updater [<apptools.sweet_pickle.updater.Updater object at 0x1356d5710>]
VersionedUnpickler [<apptools.sweet_pickle.versioned_unpickler.VersionedUnpickler object at 0x1590100b0>] using Updater [<apptools.sweet_pickle.updater.Updater object at 0x1356d5710>]
VersionedUnpickler [<apptools.sweet_pickle.versioned_unpickler.VersionedUnpickler object at 0x15dc30ef0>] using Updater [<apptools.sweet_pickle.updater.Updater object at 0x1356d5710>]
setting integration time = 0.524288
SetIntegrationTime 0.524288 ===>> OK
Mapping mass to dac mass func: "parabolic"
H1 map mass coeffs = [-0.00063987  0.15840543  0.57028999]
H1 map mass to dac 39.9624 >> 5.87868
GetDeflection H1 ===>> 0
GetHighVoltage ===>> 4500
do peak center. <pychron.spectrometer.jobs.peak_center.PeakCenter object at 0x1356efa10>
doing pc
starting peak center. center dac= 5.87868 step_width=0.001
width = 0.001
get scan parameters. half-width=0.015,window=0.015, i=0, scalar=1
Scan parameters center=5.87868 width=0.03000 (5.86368 - 5.89368)
GetData ===>> H2,-0.253313919404536,H1,0.00218036857935218,AX,-0.0590412569132743,L1,-0.0255277944936089,L2,0.0...
Moving to starting dac 5.86368
setting magnet DAC
current  : 5.239336
requested: 5.863680
Delta Dac: 0.624344
Checking detector protection. dv=0.62434
Checking detector "CDD". Protection Threshold: 0.1 (V)
ProtectDetector CDD,On ===>> OK
GetDeflection CDD ===>> 2000
SetMagnetDAC 5.86368 ===>> OK
Magnet settling time: 0.500
GetMagnetMoving ===>> True
GetMagnetMoving ===>> True
GetMagnetMoving ===>> True
GetMagnetMoving ===>> True
GetMagnetMoving ===>> True
GetMagnetMoving ===>> True
Get Checksum: -861571959
GetMagnetMoving ===>> True
GetMagnetMoving ===>> True
GetMagnetMoving ===>> True
GetMagnetMoving ===>> False
ProtectDetector CDD,Off ===>> OK
GetDeflection CDD ===>> 50
Wait until signal near baseline. tol= 0.00163527643451. timeout= 10
GetData ===>> H2,9.02454383939708,H1,4.0913328758853,AX,0.178190226628308,L1,0.0219508979321978,L2,0.0141206565...
GetData ===>> H2,12.5081377830221,H1,7.70431451429616,AX,1.0663348020776,L1,-0.0132614288373621,L2,-0.088730206...
GetData ===>> H2,6.98785404761882,H1,3.55615910118783,AX,0.313121684928949,L1,-0.0255226206800008,L2,-0.0952371...
GetData ===>> H2,2.92719442472724,H1,1.70053160790917,AX,0.104071401423967,L1,-0.0541762795228689,L2,-0.0389804...
GetData ===>> H2,1.01467814280005,H1,0.886313586584353,AX,0.0044900103620412,L1,-0.0365237189533299,L2,-0.05468...
Get Checksum: -861571959
GetData ===>> H2,0.228271492123417,H1,0.594366517825162,AX,0.00578936636641006,L1,-0.0212935031095437,L2,-0.021...
GetData ===>> H2,-0.0605497231950474,H1,0.3630110665932,AX,0.120972764894508,L1,-0.00930293902715903,L2,-0.0533...
GetData ===>> H2,-0.135704355984943,H1,0.186749283342391,AX,-0.0412316349774488,L1,-0.028885966015244,L2,-0.086...
GetData ===>> H2,-0.135704355984943,H1,0.186749283342391,AX,-0.0412316349774488,L1,-0.028885966015244,L2,-0.086...
GetData ===>> H2,-0.147834020652536,H1,0.176348495802414,AX,0.03551687187644,L1,0.000882159355632385,L2,0.00070...
GetData ===>> H2,-0.165903355858213,H1,0.285586763377466,AX,0.110006251177324,L1,-0.00541006493506195,L2,-0.053...
Get Checksum: -861571959
GetData ===>> H2,-0.203671222870092,H1,0.148014213377557,AX,-0.0109849143170889,L1,-0.0260517338962138,L2,-0.06...
GetData ===>> H2,-0.168575705775209,H1,0.0510289684569234,AX,-0.0928195663306597,L1,-0.0341142725171824,L2,0.03...
GetData ===>> H2,-0.17160630544369,H1,0.0595506819374371,AX,-0.109020647242854,L1,-0.0297403877341756,L2,0.0816...
GetData ===>> H2,-0.179676752054017,H1,0.192379517832042,AX,-0.139236913357922,L1,-0.0421534961898188,L2,0.1317...
GetData ===>> H2,-0.22380974013434,H1,0.186439152500584,AX,-0.0309571545005764,L1,-0.0398564488032142,L2,0.0183...
GetData ===>> H2,-0.193484583662197,H1,0.0560177827343857,AX,0.0694663757166226,L1,-0.04130084748545,L2,0.06440...
GetData ===>> H2,-0.168851002981379,H1,0.129343726211517,AX,0.016672153836634,L1,-0.0273348973905357,L2,-0.0155...
GetData ===>> H2,-0.221244928308133,H1,0.0737344067111014,AX,-0.0743437970403566,L1,-0.0267890941220475,L2,-0.0...
GetData ===>> H2,-0.158774006559375,H1,0.121428299400583,AX,-0.0669014985655452,L1,-0.0450055114423264,L2,0.095...
GetData ===>> H2,-0.167676894792288,H1,0.111296512248571,AX,-0.0608034901988327,L1,-0.0468848606679417,L2,-0.00...
Peak center failed to move to a baseline position
_do_sweep sm= 5.86368, em= 5.89368, stm= 0.001
calculated step values: start=5.86368, end=5.89368, width=0.001, nsteps=31.0
setting magnet DAC
current  : 5.863680
requested: 5.863680
Delta Dac: 0.000000
Checking detector protection. dv=0.00000
Checking detector "CDD". Protection Threshold: 0.1 (V)
SetMagnetDAC 5.86368 ===>> OK
GetData ===>> H2,-0.167676894792288,H1,0.111296512248571,AX,-0.0608034901988327,L1,-0.0468848606679417,L2,-0.00...
setting magnet DAC
current  : 5.863680
requested: 5.864714
Delta Dac: 0.001034
Checking detector protection. dv=0.00103
Checking detector "CDD". Protection Threshold: 0.1 (V)
Get Checksum: -861571959
SetMagnetDAC 5.86471448276 ===>> OK
Magnet settling time: 1.049
GetData ===>> H2,-0.120605176304621,H1,0.142124169268176,AX,-0.110573398865775,L1,0.00922723772715557,L2,0.1392...
setting magnet DAC
current  : 5.864714
requested: 5.865749
Delta Dac: 0.001034
Checking detector protection. dv=0.00103
Checking detector "CDD". Protection Threshold: 0.1 (V)
SetMagnetDAC 5.86574896552 ===>> OK
Magnet settling time: 1.049
GetData ===>> H2,-0.0907159095712869,H1,0.774674736003234,AX,0.130340490138599,L1,-0.0344132925166789,L2,-0.110...
setting magnet DAC
current  : 5.865749
requested: 5.866783
Delta Dac: 0.001034
Checking detector protection. dv=0.00103
Checking detector "CDD". Protection Threshold: 0.1 (V)
SetMagnetDAC 5.86678344828 ===>> OK
Magnet settling time: 1.049
Get Checksum: -861571959
GetData ===>> H2,-0.273488315991111,H1,3.19297765748139,AX,0.267829636874766,L1,-0.010892755869187,L2,-0.013617...
setting magnet DAC
current  : 5.866783
requested: 5.867818
Delta Dac: 0.001034
Checking detector protection. dv=0.00103
Checking detector "CDD". Protection Threshold: 0.1 (V)
SetMagnetDAC 5.86781793103 ===>> OK
Magnet settling time: 1.049
GetData ===>> H2,-0.283420540294411,H1,11.4241978447934,AX,1.50179366119802,L1,-0.00320991337013657,L2,-0.07180...
setting magnet DAC
current  : 5.867818
requested: 5.868852
Delta Dac: 0.001034
Checking detector protection. dv=0.00103
Checking detector "CDD". Protection Threshold: 0.1 (V)
SetMagnetDAC 5.86885241379 ===>> OK
Magnet settling time: 1.049
GetData ===>> H2,-0.0631883441834241,H1,33.3241153291987,AX,4.69493053370064,L1,0.0286178545589216,L2,-0.056029...
setting magnet DAC
current  : 5.868852
requested: 5.869887
Delta Dac: 0.001034
Checking detector protection. dv=0.00103
Checking detector "CDD". Protection Threshold: 0.1 (V)
SetMagnetDAC 5.86988689655 ===>> OK
Magnet settling time: 1.049
Get Checksum: -861571959
GetData ===>> H2,-0.290823641268049,H1,71.8202396011608,AX,11.2802425256993,L1,0.0435383993510361,L2,0.03701421...
setting magnet DAC
current  : 5.869887
requested: 5.870921
Delta Dac: 0.001034
Checking detector protection. dv=0.00103
Checking detector "CDD". Protection Threshold: 0.1 (V)
SetMagnetDAC 5.87092137931 ===>> OK
Magnet settling time: 1.049
GetData ===>> H2,-0.120112796892718,H1,144.840648314221,AX,26.1633195453754,L1,0.187366513488532,L2,0.042869466...
setting magnet DAC
current  : 5.870921
requested: 5.871956
Delta Dac: 0.001034
Checking detector protection. dv=0.00103
Checking detector "CDD". Protection Threshold: 0.1 (V)
SetMagnetDAC 5.87195586207 ===>> OK
Magnet settling time: 1.049
GetData ===>> H2,-0.145434499779096,H1,176.593990364676,AX,34.3866863595584,L1,0.276750574710422,L2,-0.05919296...
setting magnet DAC
current  : 5.871956
requested: 5.872990
Delta Dac: 0.001034
Checking detector protection. dv=0.00103
Checking detector "CDD". Protection Threshold: 0.1 (V)
SetMagnetDAC 5.87299034483 ===>> OK
Magnet settling time: 1.049
Get Checksum: -861571959
GetData ===>> H2,-0.0685105223327573,H1,190.640556237607,AX,38.8607699631895,L1,0.352041261368243,L2,0.19219688...
setting magnet DAC
current  : 5.872990
requested: 5.874025
Delta Dac: 0.001034
Checking detector protection. dv=0.00103
Checking detector "CDD". Protection Threshold: 0.1 (V)
SetMagnetDAC 5.87402482759 ===>> OK
Magnet settling time: 1.049
GetData ===>> H2,-0.0341298292442262,H1,195.501652676258,AX,40.4875404841644,L1,0.415290181762993,L2,0.17355528...
setting magnet DAC
current  : 5.874025
requested: 5.875059
Delta Dac: 0.001034
Checking detector protection. dv=0.00103
Checking detector "CDD". Protection Threshold: 0.1 (V)
SetMagnetDAC 5.87505931034 ===>> OK
Magnet settling time: 1.049
GetData ===>> H2,-0.18372060114627,H1,197.085485913963,AX,40.9721412974741,L1,0.462688028305453,L2,0.1574265036...
setting magnet DAC
current  : 5.875059
requested: 5.876094
Delta Dac: 0.001034
Checking detector protection. dv=0.00103
Checking detector "CDD". Protection Threshold: 0.1 (V)
SetMagnetDAC 5.8760937931 ===>> OK
Magnet settling time: 1.049
Get Checksum: -861571959
GetData ===>> H2,-0.178077685292261,H1,197.384000579413,AX,41.2006060214291,L1,0.466627656943825,L2,0.193337861...
setting magnet DAC
current  : 5.876094
requested: 5.877128
Delta Dac: 0.001034
Checking detector protection. dv=0.00103
Checking detector "CDD". Protection Threshold: 0.1 (V)
SetMagnetDAC 5.87712827586 ===>> OK
Magnet settling time: 1.049
GetData ===>> H2,-0.221449488700641,H1,197.613503704054,AX,41.2827174862942,L1,0.499423833086145,L2,0.202511791...
setting magnet DAC
current  : 5.877128
requested: 5.878163
Delta Dac: 0.001034
Checking detector protection. dv=0.00103
Checking detector "CDD". Protection Threshold: 0.1 (V)
SetMagnetDAC 5.87816275862 ===>> OK
Magnet settling time: 1.049
Get Checksum: -861571959
GetData ===>> H2,-0.0814124848587612,H1,197.592499532794,AX,41.2468937908378,L1,0.5014618640115,L2,0.1553507188...
setting magnet DAC
current  : 5.878163
requested: 5.879197
Delta Dac: 0.001034
Checking detector protection. dv=0.00103
Checking detector "CDD". Protection Threshold: 0.1 (V)
SetMagnetDAC 5.87919724138 ===>> OK
Magnet settling time: 1.049
GetData ===>> H2,0.00568234263963883,H1,197.704995894461,AX,41.3150664965193,L1,0.549866214442481,L2,0.18350310...
setting magnet DAC
current  : 5.879197
requested: 5.880232
Delta Dac: 0.001034
Checking detector protection. dv=0.00103
Checking detector "CDD". Protection Threshold: 0.1 (V)
SetMagnetDAC 5.88023172414 ===>> OK
Magnet settling time: 1.049
GetData ===>> H2,-0.26972967769784,H1,197.268048427591,AX,41.1557399553012,L1,0.550083180183268,L2,0.1794873494...
setting magnet DAC
current  : 5.880232
requested: 5.881266
Delta Dac: 0.001034
Checking detector protection. dv=0.00103
Checking detector "CDD". Protection Threshold: 0.1 (V)
SetMagnetDAC 5.8812662069 ===>> OK
Magnet settling time: 1.049
Get Checksum: -861571959
GetData ===>> H2,-0.160486539872734,H1,197.048898880474,AX,41.2971905343734,L1,0.495420237584918,L2,0.203675710...
setting magnet DAC
current  : 5.881266
requested: 5.882301
Delta Dac: 0.001034
Checking detector protection. dv=0.00103
Checking detector "CDD". Protection Threshold: 0.1 (V)
SetMagnetDAC 5.88230068966 ===>> OK
Magnet settling time: 1.049
GetData ===>> H2,0.0156991159639834,H1,196.551052887397,AX,41.0604307062278,L1,0.511522699577503,L2,0.132611277...
setting magnet DAC
current  : 5.882301
requested: 5.883335
Delta Dac: 0.001034
Checking detector protection. dv=0.00103
Checking detector "CDD". Protection Threshold: 0.1 (V)
SetMagnetDAC 5.88333517241 ===>> OK
Magnet settling time: 1.049
GetData ===>> H2,-0.0177564327891837,H1,195.45088954746,AX,40.7210118534576,L1,0.468650830465823,L2,0.182909859...
setting magnet DAC
current  : 5.883335
requested: 5.884370
Delta Dac: 0.001034
Checking detector protection. dv=0.00103
Checking detector "CDD". Protection Threshold: 0.1 (V)
SetMagnetDAC 5.88436965517 ===>> OK
Magnet settling time: 1.049
Get Checksum: -861571959
GetData ===>> H2,-0.187579781846973,H1,191.979048410792,AX,39.3507558586581,L1,0.505480102467753,L2,0.142281151...
setting magnet DAC
current  : 5.884370
requested: 5.885404
Delta Dac: 0.001034
Checking detector protection. dv=0.00103
Checking detector "CDD". Protection Threshold: 0.1 (V)
SetMagnetDAC 5.88540413793 ===>> OK
Magnet settling time: 1.049
GetData ===>> H2,-0.210400621095074,H1,181.006609455496,AX,35.2474870458396,L1,0.507861290165962,L2,0.104131874...
setting magnet DAC
current  : 5.885404
requested: 5.886439
Delta Dac: 0.001034
Checking detector protection. dv=0.00103
Checking detector "CDD". Protection Threshold: 0.1 (V)
SetMagnetDAC 5.88643862069 ===>> OK
Magnet settling time: 1.049
Get Checksum: -861571959
GetData ===>> H2,-0.217723756017823,H1,153.875856416809,AX,27.4675437128006,L1,0.38867845621796,L2,0.2043375537...
setting magnet DAC
current  : 5.886439
requested: 5.887473
Delta Dac: 0.001034
Checking detector protection. dv=0.00103
Checking detector "CDD". Protection Threshold: 0.1 (V)
SetMagnetDAC 5.88747310345 ===>> OK
Magnet settling time: 1.049
GetData ===>> H2,-0.165895256870142,H1,110.501782163025,AX,17.1675161938212,L1,0.223075786456339,L2,-0.00922285...
setting magnet DAC
current  : 5.887473
requested: 5.888508
Delta Dac: 0.001034
Checking detector protection. dv=0.00103
Checking detector "CDD". Protection Threshold: 0.1 (V)
SetMagnetDAC 5.88850758621 ===>> OK
Magnet settling time: 1.049
GetData ===>> H2,-0.155126582746201,H1,41.7874409470856,AX,4.93327852585508,L1,0.106192544085847,L2,-0.05505064...
setting magnet DAC
current  : 5.888508
requested: 5.889542
Delta Dac: 0.001034
Checking detector protection. dv=0.00103
Checking detector "CDD". Protection Threshold: 0.1 (V)
SetMagnetDAC 5.88954206897 ===>> OK
Magnet settling time: 1.049
Get Checksum: -861571959
GetData ===>> H2,-0.0644017961165411,H1,15.4678039475829,AX,1.46172324122934,L1,0.0751575303107038,L2,0.0536468...
setting magnet DAC
current  : 5.889542
requested: 5.890577
Delta Dac: 0.001034
Checking detector protection. dv=0.00103
Checking detector "CDD". Protection Threshold: 0.1 (V)
SetMagnetDAC 5.89057655172 ===>> OK
Magnet settling time: 1.049
GetData ===>> H2,-0.25209569186003,H1,4.66467935869359,AX,0.268061850114725,L1,0.0640060237984805,L2,-0.1157491...
setting magnet DAC
current  : 5.890577
requested: 5.891611
Delta Dac: 0.001034
Checking detector protection. dv=0.00103
Checking detector "CDD". Protection Threshold: 0.1 (V)
SetMagnetDAC 5.89161103448 ===>> OK
Magnet settling time: 1.049
GetData ===>> H2,-0.256919425033881,H1,1.1887912167025,AX,0.183340750865295,L1,0.036575457116207,L2,-0.06515576...
setting magnet DAC
current  : 5.891611
requested: 5.892646
Delta Dac: 0.001034
Checking detector protection. dv=0.00103
Checking detector "CDD". Protection Threshold: 0.1 (V)
SetMagnetDAC 5.89264551724 ===>> OK
Magnet settling time: 1.049
Get Checksum: -861571959
GetData ===>> H2,-0.184464512072467,H1,0.223494653686651,AX,0.020083427216038,L1,0.0259154766736775,L2,-0.03608...
setting magnet DAC
current  : 5.892646
requested: 5.893680
Delta Dac: 0.001034
Checking detector protection. dv=0.00103
Checking detector "CDD". Protection Threshold: 0.1 (V)
SetMagnetDAC 5.89368 ===>> OK
Magnet settling time: 1.049
GetData ===>> H2,-0.170432482807761,H1,0.0420545025498377,AX,-0.0436667365773319,L1,0.012023481941953,L2,-0.108...
result of _do_sweep=True
result of _calculate_peak_center=([5.8709846092184375, 5.8788002404809623, 5.8866158717434871], [146.78148385037156, 197.70431956362927, 146.44402605871153], 5.8791910220440879, 197.70431956362927)
Failed to find a valid peak. No peak greater than 1.0. max = 0.0163752122543
new center pos Detector(H1) (Ar40) @ 5.87880024048
GetHighVoltage ===>> 4500
GetDeflection H1 ===>> 0
dac uncorrected for HV and deflection 5.87880024048
update mftable H1 Ar40 5.87880024048 message=automated run peakcenter
get initial guess parabolic
get initial guess parabolic
get initial guess parabolic
get initial guess parabolic
get initial guess parabolic
get initial guess parabolic
dump mftable to /Users/jan/PychronDev/setupfiles/spectrometer/mftables/mftable.csv
add to repo msg=modified - automated run peakcenter
sweep finished
locally archiving mftable
setting magnet DAC
current  : 5.893680
requested: 5.878800
Delta Dac: 0.014880
Checking detector protection. dv=0.01488
Checking detector "CDD". Protection Threshold: 0.1 (V)
Get Checksum: -861571959
SetMagnetDAC 5.87880024048 ===>> OK
Magnet settling time: 0.500
setting integration time = 1.048576
SetIntegrationTime 1.048576 ===>> OK
Failed to find a valid peak. No peak greater than 1.0. max = 0.0163752122543
flush and close file /Users/jan/PychronDev/data/isotopes/e3/d788b5-fe41-43dd-8804-0847e01f0ca5.h5
finished measure script
executed 226.132928
jan_unknown120_60.py completed successfully
Measurement Finished
04:12:55 -- ******* Measurement Finished *******
Post Measurement Started jan_pump_ms.py
04:12:55 -- ******* Post Measurement Started jan_pump_ms.py *******
testing...
no interpolation path defined
executed 0
Pumping spectrometer
open () {'name': 'O'}
opening name=O desc=---
checking ownership. requestor=129.138.12.150
check software interlocks O
interlocks []
actuate state mode=None-script, software_lock=False
doing actuation None-script open_channel True
Open O ===>> OK
GetIndicatorState O ===>> OK
change switch state (True, True)
update switch state O True args=() kw={} ncanvase=2
04:12:55 -- OPEN   VALVE-O (Jan Ion Pump)
---------------------------------------- open O () result=[(True, True)], time=0.13 sec
action=open, ok=True, locked=[False]
executed 0
jan_pump_ms.py completed successfully
setting _ms_pumptime
Post Measurement Finished
04:12:56 -- ******* Post Measurement Finished *******
$$$$$$$$$$$$$$$$$$$$ state at run end measurement
state changed from measurement to success
post measurement save measured=True aborted=False
Set filtering
setting fod for Ar40= {'filter_outliers': True, 'std_devs': 2, 'iterations': 1}
setting fod for H1= {'filter_outliers': True, 'std_devs': 2, 'iterations': 1}
setting fod for PM41= {'filter_outliers': False, 'std_devs': 2, 'iterations': 1}
setting fod for H2= {'filter_outliers': True, 'std_devs': 2, 'iterations': 1}
setting fod for Ar36= {'filter_outliers': True, 'std_devs': 2, 'iterations': 1}
setting fod for CDD= {'filter_outliers': True, 'std_devs': 10, 'iterations': 1}
setting fod for Ar37= {'filter_outliers': True, 'std_devs': 2, 'iterations': 1}
setting fod for L2= {'filter_outliers': True, 'std_devs': 2, 'iterations': 1}
setting fod for Ar38= {'filter_outliers': True, 'std_devs': 2, 'iterations': 1}
setting fod for L1= {'filter_outliers': True, 'std_devs': 2, 'iterations': 1}
setting fod for Ar39= {'filter_outliers': True, 'std_devs': 2, 'iterations': 1}
setting fod for AX= {'filter_outliers': True, 'std_devs': 2, 'iterations': 1}
persistence save...
persistence save - db
post measurement save
5201669584 connecting to database sqlite:////Users/jan/PychronDev/.appdata/local_lab.db
connected to db sqlite:////Users/jan/PychronDev/.appdata/local_lab.db
create new session 5201669584
close session 5201669584
No database instance. Not saving post measurement to isotopedb database
$$$$$$$$$$$$$$$ auto_save_detector_ic=False
massspec enabled True
create new session 4979649712
MassSpec Database Version: 16.0
close session 4979649712
saving post measurement to secondary database
saving to massspec database 129.138.12.160/massspecdata
setting labnumber to 65571
setting aliquot to 8
setting step to B
setting uuid to e3d788b5-fe41-43dd-8804-0847e01f0ca5
setting irradpos to 65571
setting extract_device to Fusions CO2
setting tray to 
setting position to 191
setting power_requested to 0.4
setting extract_value to 0.4
setting duration to 30.0
setting duration_at_request to 30.0
setting first_stage_delay to 30.0
setting cleanup to 30.0
setting comment to M:14 with inclusions
setting irradiation to NM-289
setting level to M
setting irradiation_level to M
setting sample to NM-2602 W
setting material to Sanidine
setting project to JoyitaHills
setting mass_spectrometer to Jan
no attribute chron_dosages
no attribute production_ratios
no attribute interference_corrections
no attribute production_name
no attribute j
Reference Isotope=Ar40
Reference Detector=H1
%%%%%%%%%%%%%%%%%%%% Comment: M:14 with inclusions %%%%%%%%%%%%%%%%%%%
adding isotope PM41 H2
add baseline dbdet= PM41. original det= H2
get baseline data PM41 H2
Get data baseline <pychron.processing.isotope.Baseline object at 0x138ce5310> len t=60
baseline PM41. v=-0.190922028913, e=0.00668764856012
get signal data PM41 H2
Get data signal PM41 0.04+/-0.06 len t=120
adding isotope Ar40 H1
add baseline dbdet= Ar40. original det= H1
get baseline data Ar40 H1
Get data baseline <pychron.processing.isotope.Baseline object at 0x138ce5e10> len t=60
baseline Ar40. v=-0.0234980595396, e=0.00612411491871
get signal data Ar40 H1
Get data signal Ar40 214.598+/-0.026 len t=120
adding isotope Ar39 AX
add baseline dbdet= Ar39. original det= AX
get baseline data Ar39 AX
Get data baseline <pychron.processing.isotope.Baseline object at 0x138ce5710> len t=60
baseline Ar39. v=-0.068777420155, e=0.00724258158556
get signal data Ar39 AX
Get data signal Ar39 45.296+/-0.015 len t=120
adding isotope Ar38 L1
add baseline dbdet= Ar38. original det= L1
get baseline data Ar38 L1
Get data baseline <pychron.processing.isotope.Baseline object at 0x138ce5a50> len t=60
baseline Ar38. v=-0.0212682759621, e=0.00256490325508
get signal data Ar38 L1
Get data signal Ar38 0.595+/-0.004 len t=120
adding isotope Ar37 L2
add baseline dbdet= Ar37. original det= L2
get baseline data Ar37 L2
Get data baseline <pychron.processing.isotope.Baseline object at 0x138ce5290> len t=60
baseline Ar37. v=-0.0301010229126, e=0.00576760552474
get signal data Ar37 L2
Get data signal Ar37 0.238+/-0.010 len t=120
adding isotope Ar36 CDD
add baseline dbdet= Ar36. original det= CDD
get baseline data Ar36 CDD
Get data baseline <pychron.processing.isotope.Baseline object at 0x138ce5ed0> len t=60
baseline Ar36. v=5.21028940625e-05, e=1.10910700897e-05
get signal data Ar36 CDD
Get data signal Ar36 0.00957+/-0.00029 len t=120
65571-08B added analysis time 0.502265930176s
analysis added to mass spec database
mass spec save time= 0.513
persistence save - dvc
================= post measurement started
create new session 4984345712
close session 4984345712
---------------- Experiment Queue saving disabled
DVC saving peakcenter
Failed to find a valid peak. No peak greater than 1.0. max = 0.0163752122543
Get Checksum: -1772432964
Smart pull ahead: 0 behind: 0
Up-to-date with origin
add to repo msg=modified - ad8224ebc6dbfeb9f5997218dfa5fe690569839d.json
add to repo msg=modified - 71-08B.json
add to repo msg=modified - 71-08B.dat.json
add to repo msg=modified - 71-08B.blan.json
add to repo msg=modified - 71-08B.inte.json
add to repo msg=modified - 71-08B.icfa.json
add to repo msg=modified - 71-08B.base.json
not at valid file /Users/jan/PychronDev/data/.dvc/repositories/Load1783/655/tags/71-08B.tags.json
add to repo msg=modified - 71-08B.peak.json
add to repo msg=modified - 71-08B.extr.json
not at valid file /Users/jan/PychronDev/data/.dvc/repositories/Load1783/655/monitor/71-08B.moni.json
commit message=<COLLECTION>
Get Checksum: -1772432964
add to repo msg=modified - 71-08B.inte.json
add to repo msg=modified - 71-08B.base.json
commit message=<ISOEVO> default collection fits
add to repo msg=modified - 71-08B.blan.json
commit message=<BLANKS> preceding bu-FC-J-7492
add to repo msg=modified - 71-08B.icfa.json
commit message=<ICFactor> default
push repository <pychron.git_archive.repo_manager.GitRepoManager object at 0x1541d51d0>
pushing to remote=origin, url=https://github.com
Get Checksum: -1772432964
Get Checksum: -1772432964
no changes to meta repo
create new session 4984345712
add association Load1783
get identifier "65571"
setting analysis irradiation position=<pychron.dvc.dvc_orm.IrradiationPositionTbl object at 0x1556680d0>
close session 4984345712
================= post measurement finished
04:13:09 -- ******* Post Run Check *******
loading queue conditionals post_run_actions
loading system conditionals post_run_actions
loading conditionals from /Users/jan/PychronDev/setupfiles/spectrometer/default_conditionals.yaml
loading queue conditionals post_run_terminations
loading system conditionals post_run_terminations
loading conditionals from /Users/jan/PychronDev/setupfiles/spectrometer/default_conditionals.yaml
Checking default post run terminations n=1
GetDeflection CDD ===>> 50
testing CDD==2000
evaluate ot="CDD.deflection==2000" t="CDD==2000", ctx="{'CDD': 50.0}"
04:13:09 -- ******* Post Run Check Passed *******
04:13:09 -- Automated run 65571-08B success duration: 364.271 s
----------------- finish -----------------
----------------- stop -----------------
retroactive repository identifiers disabled
finish run. runs completed=60
update duration runid=65571-08B, duration=364.27105093, md5=301e91d8
loading script "jan_unknown120_60.py"
loading script "jan_pump_ms.py"
loading script "jan_co2.py"
loading script "jan_pump_extraction_line.py"
testing...
no interpolation path defined
executed 213.652928
script duration name:unknown120_60 seconds:214.0
loading script "jan_unknown120_60.py"
loading script "jan_pump_ms.py"
loading script "jan_co2.py"
loading script "jan_pump_extraction_line.py"
testing...
no interpolation path defined
executed 0
loading script "jan_unknown120_60.py"
loading script "jan_pump_ms.py"
loading script "jan_co2.py"
loading script "jan_pump_extraction_line.py"
testing...
no interpolation path defined
calculate duration
testing...
no interpolation path defined
executed 0
calculate duration
testing...
no interpolation path defined
executed 0
executed 0.0
script duration name:co2 seconds:0.0
loading script "jan_unknown120_60.py"
loading script "jan_pump_ms.py"
loading script "jan_co2.py"
loading script "jan_pump_extraction_line.py"
testing...
no interpolation path defined
calculate duration
testing...
no interpolation path defined
executed 4.0
executed 4.0
Script duration 214.0
Run total estimated duration= 215.000
unknown120_60 in script context. using previous estimated duration
script duration name:unknown120_60 seconds:214.0
pump_ms in script context. using previous estimated duration
co2 in script context. using previous estimated duration
script duration name:co2 seconds:0.0
pump_extraction_line in script context. using previous estimated duration
Script duration 214.0
Run total estimated duration= 215.000
script duration name:unknown120_60 seconds:214.0
script duration name:co2 seconds:0.0
Script duration 214.0
Run total estimated duration= 215.000
script duration name:unknown120_60 seconds:214.0
script duration name:co2 seconds:0.0
Script duration 214.0
Run total estimated duration= 215.000
script duration name:unknown120_60 seconds:214.0
script duration name:co2 seconds:0.0
Script duration 214.0
Run total estimated duration= 215.000
script duration name:unknown120_60 seconds:214.0
script duration name:co2 seconds:0.0
Script duration 214.0
Run total estimated duration= 215.000
script duration name:unknown120_60 seconds:214.0
script duration name:co2 seconds:0.0
Script duration 214.0
Run total estimated duration= 215.000
script duration name:unknown120_60 seconds:214.0
script duration name:co2 seconds:0.0
Script duration 214.0
Run total estimated duration= 215.000
script duration name:unknown120_60 seconds:214.0
script duration name:co2 seconds:0.0
Script duration 214.0
Run total estimated duration= 215.000
script duration name:unknown120_60 seconds:214.0
script duration name:co2 seconds:0.0
Script duration 214.0
Run total estimated duration= 215.000
script duration name:unknown120_60 seconds:214.0
script duration name:co2 seconds:0.0
Script duration 214.0
Run total estimated duration= 215.000
loading script "jan_unknown400_120.py"
loading script "jan_pump_ms.py"
loading script "jan_co2.py"
loading script "jan_pump_extraction_line.py"
testing...
no interpolation path defined
executed 556.052928
script duration name:unknown400_120 seconds:556.0
script duration name:co2 seconds:0.0
Script duration 556.0
Run total estimated duration= 557.000
unknown400_120 in script context. using previous estimated duration
script duration name:unknown400_120 seconds:556.0
loading script "jan_unknown400_120.py"
loading script "jan_pump_ms.py"
loading script "jan_cocktail_x1.py"
loading script "jan_pump_extraction_line.py"
testing...
no interpolation path defined
calculate duration
testing...
no interpolation path defined
executed 0
calculate duration
testing...
no interpolation path defined
executed 0
calculate duration
testing...
no interpolation path defined
executed 32.0
calculate duration
testing...
no interpolation path defined
executed 34.0
calculate duration
testing...
no interpolation path defined
executed 4.0
calculate duration
testing...
no interpolation path defined
executed 38.0
executed 108.0
script duration name:cocktail_x1 seconds:108.0
Script duration 664.0
Run total estimated duration= 665.000
script duration name:unknown120_60 seconds:214.0
cocktail_x1 in script context. using previous estimated duration
script duration name:cocktail_x1 seconds:108.0
Script duration 322.0
Run total estimated duration= 323.000
loading script "jan_ic_peak_hop3.py"
loading script "jan_pump_ms.py"
loading script "jan_air_x1.py"
loading script "jan_pump_extraction_line.py"
testing...
no interpolation path defined
executed 133.8
script duration name:ic_peak_hop3 seconds:134.0
loading script "jan_ic_peak_hop3.py"
loading script "jan_pump_ms.py"
loading script "jan_air_x1.py"
loading script "jan_pump_extraction_line.py"
testing...
no interpolation path defined
calculate duration
testing...
no interpolation path defined
executed 0
calculate duration
testing...
no interpolation path defined
executed 0
calculate duration
testing...
no interpolation path defined
executed 32.0
calculate duration
testing...
no interpolation path defined
executed 34.0
calculate duration
testing...
no interpolation path defined
executed 4.0
calculate duration
testing...
no interpolation path defined
executed 36.0
executed 106.0
script duration name:air_x1 seconds:106.0
Script duration 240.0
Run total estimated duration= 241.000
script duration name:unknown120_60 seconds:214.0
script duration name:co2 seconds:0.0
Script duration 214.0
Run total estimated duration= 215.000
script duration name:unknown120_60 seconds:214.0
script duration name:co2 seconds:0.0
Script duration 214.0
Run total estimated duration= 215.000
script duration name:unknown120_60 seconds:214.0
script duration name:co2 seconds:0.0
Script duration 214.0
Run total estimated duration= 215.000
script duration name:unknown400_120 seconds:556.0
loading script "jan_unknown400_120.py"
loading script "jan_pump_ms.py"
loading script "jan_sniffair_x2.py"
loading script "jan_pump_extraction_line.py"
testing...
no interpolation path defined
calculate duration
testing...
no interpolation path defined
executed 0
calculate duration
testing...
no interpolation path defined
executed 0
calculate duration
testing...
no interpolation path defined
executed 32.0
calculate duration
testing...
no interpolation path defined
executed 34.0
calculate duration
testing...
no interpolation path defined
executed 4.0
calculate duration
testing...
no interpolation path defined
executed 36.0
calculate duration
testing...
no interpolation path defined
executed 34.0
calculate duration
testing...
no interpolation path defined
executed 4.0
calculate duration
testing...
no interpolation path defined
executed 36.0
calculate duration
testing...
no interpolation path defined
executed 70.0
executed 250.0
script duration name:sniffair_x2 seconds:250.0
Script duration 806.0
Run total estimated duration= 807.000
script duration name:unknown400_120 seconds:556.0
sniffair_x2 in script context. using previous estimated duration
script duration name:sniffair_x2 seconds:250.0
Script duration 806.0
Run total estimated duration= 807.000
script duration name:unknown120_60 seconds:214.0
script duration name:co2 seconds:0.0
Script duration 214.0
Run total estimated duration= 215.000
script duration name:unknown120_60 seconds:214.0
script duration name:co2 seconds:0.0
Script duration 214.0
Run total estimated duration= 215.000
script duration name:unknown120_60 seconds:214.0
script duration name:co2 seconds:0.0
Script duration 214.0
Run total estimated duration= 215.000
script duration name:unknown120_60 seconds:214.0
script duration name:co2 seconds:0.0
Script duration 214.0
Run total estimated duration= 215.000
script duration name:unknown120_60 seconds:214.0
script duration name:co2 seconds:0.0
Script duration 214.0
Run total estimated duration= 215.000
script duration name:unknown120_60 seconds:214.0
script duration name:co2 seconds:0.0
Script duration 214.0
Run total estimated duration= 215.000
script duration name:unknown120_60 seconds:214.0
script duration name:co2 seconds:0.0
Script duration 214.0
Run total estimated duration= 215.000
script duration name:unknown120_60 seconds:214.0
script duration name:co2 seconds:0.0
Script duration 214.0
Run total estimated duration= 215.000
script duration name:unknown120_60 seconds:214.0
script duration name:co2 seconds:0.0
Script duration 214.0
Run total estimated duration= 215.000
script duration name:unknown120_60 seconds:214.0
script duration name:co2 seconds:0.0
Script duration 214.0
Run total estimated duration= 215.000
script duration name:unknown120_60 seconds:214.0
script duration name:co2 seconds:0.0
Script duration 214.0
Run total estimated duration= 215.000
script duration name:unknown120_60 seconds:214.0
script duration name:co2 seconds:0.0
Script duration 214.0
Run total estimated duration= 215.000
script duration name:unknown120_60 seconds:214.0
script duration name:co2 seconds:0.0
Script duration 214.0
Run total estimated duration= 215.000
script duration name:unknown120_60 seconds:214.0
script duration name:co2 seconds:0.0
Script duration 214.0
Run total estimated duration= 215.000
script duration name:unknown120_60 seconds:214.0
script duration name:co2 seconds:0.0
Script duration 214.0
Run total estimated duration= 215.000
script duration name:unknown120_60 seconds:214.0
script duration name:co2 seconds:0.0
Script duration 214.0
Run total estimated duration= 215.000
script duration name:unknown120_60 seconds:214.0
script duration name:co2 seconds:0.0
Script duration 214.0
Run total estimated duration= 215.000
script duration name:unknown120_60 seconds:214.0
script duration name:co2 seconds:0.0
Script duration 214.0
Run total estimated duration= 215.000
script duration name:unknown400_120 seconds:556.0
script duration name:co2 seconds:0.0
Script duration 556.0
Run total estimated duration= 557.000
script duration name:unknown400_120 seconds:556.0
script duration name:cocktail_x1 seconds:108.0
Script duration 664.0
Run total estimated duration= 665.000
script duration name:unknown120_60 seconds:214.0
script duration name:cocktail_x1 seconds:108.0
Script duration 322.0
Run total estimated duration= 323.000
script duration name:unknown400_120 seconds:556.0
script duration name:sniffair_x2 seconds:250.0
Script duration 806.0
Run total estimated duration= 807.000
script duration name:unknown400_120 seconds:556.0
script duration name:sniffair_x2 seconds:250.0
Script duration 806.0
Run total estimated duration= 807.000
ic_peak_hop3 in script context. using previous estimated duration
script duration name:ic_peak_hop3 seconds:134.0
air_x1 in script context. using previous estimated duration
script duration name:air_x1 seconds:106.0
Script duration 240.0
Run total estimated duration= 241.000
script duration name:unknown120_60 seconds:214.0
script duration name:co2 seconds:0.0
Script duration 214.0
Run total estimated duration= 215.000
script duration name:unknown120_60 seconds:214.0
script duration name:co2 seconds:0.0
Script duration 214.0
Run total estimated duration= 215.000
script duration name:unknown120_60 seconds:214.0
script duration name:co2 seconds:0.0
Script duration 214.0
Run total estimated duration= 215.000
script duration name:unknown120_60 seconds:214.0
script duration name:co2 seconds:0.0
Script duration 214.0
Run total estimated duration= 215.000
script duration name:unknown120_60 seconds:214.0
script duration name:co2 seconds:0.0
Script duration 214.0
Run total estimated duration= 215.000
script duration name:unknown120_60 seconds:214.0
script duration name:co2 seconds:0.0
Script duration 214.0
Run total estimated duration= 215.000
script duration name:unknown120_60 seconds:214.0
script duration name:co2 seconds:0.0
Script duration 214.0
Run total estimated duration= 215.000
script duration name:unknown120_60 seconds:214.0
script duration name:co2 seconds:0.0
Script duration 214.0
Run total estimated duration= 215.000
script duration name:unknown120_60 seconds:214.0
script duration name:co2 seconds:0.0
Script duration 214.0
Run total estimated duration= 215.000
script duration name:unknown120_60 seconds:214.0
script duration name:co2 seconds:0.0
Script duration 214.0
Run total estimated duration= 215.000
script duration name:unknown120_60 seconds:214.0
script duration name:co2 seconds:0.0
Script duration 214.0
Run total estimated duration= 215.000
script duration name:unknown120_60 seconds:214.0
script duration name:co2 seconds:0.0
Script duration 214.0
Run total estimated duration= 215.000
script duration name:unknown120_60 seconds:214.0
script duration name:co2 seconds:0.0
Script duration 214.0
Run total estimated duration= 215.000
script duration name:unknown120_60 seconds:214.0
script duration name:co2 seconds:0.0
Script duration 214.0
Run total estimated duration= 215.000
script duration name:unknown120_60 seconds:214.0
script duration name:co2 seconds:0.0
Script duration 214.0
Run total estimated duration= 215.000
script duration name:unknown400_120 seconds:556.0
script duration name:co2 seconds:0.0
Script duration 556.0
Run total estimated duration= 557.000
script duration name:unknown400_120 seconds:556.0
script duration name:cocktail_x1 seconds:108.0
Script duration 664.0
Run total estimated duration= 665.000
script duration name:unknown120_60 seconds:214.0
script duration name:cocktail_x1 seconds:108.0
Script duration 322.0
Run total estimated duration= 323.000
script duration name:ic_peak_hop3 seconds:134.0
script duration name:air_x1 seconds:106.0
Script duration 240.0
Run total estimated duration= 241.000
script duration name:unknown120_60 seconds:214.0
script duration name:co2 seconds:0.0
Script duration 214.0
Run total estimated duration= 215.000
script duration name:unknown120_60 seconds:214.0
script duration name:co2 seconds:0.0
Script duration 214.0
Run total estimated duration= 215.000
script duration name:unknown120_60 seconds:214.0
script duration name:co2 seconds:0.0
Script duration 214.0
Run total estimated duration= 215.000
script duration name:unknown120_60 seconds:214.0
script duration name:co2 seconds:0.0
Script duration 214.0
Run total estimated duration= 215.000
script duration name:unknown120_60 seconds:214.0
script duration name:co2 seconds:0.0
Script duration 214.0
Run total estimated duration= 215.000
script duration name:unknown120_60 seconds:214.0
script duration name:co2 seconds:0.0
Script duration 214.0
Run total estimated duration= 215.000
script duration name:unknown120_60 seconds:214.0
script duration name:co2 seconds:0.0
Script duration 214.0
Run total estimated duration= 215.000
script duration name:unknown120_60 seconds:214.0
script duration name:co2 seconds:0.0
Script duration 214.0
Run total estimated duration= 215.000
script duration name:unknown120_60 seconds:214.0
script duration name:co2 seconds:0.0
Script duration 214.0
Run total estimated duration= 215.000
script duration name:unknown120_60 seconds:214.0
script duration name:co2 seconds:0.0
Script duration 214.0
Run total estimated duration= 215.000
script duration name:unknown400_120 seconds:556.0
script duration name:sniffair_x2 seconds:250.0
Script duration 806.0
Run total estimated duration= 807.000
script duration name:unknown400_120 seconds:556.0
script duration name:sniffair_x2 seconds:250.0
Script duration 806.0
Run total estimated duration= 807.000
script duration name:unknown400_120 seconds:556.0
script duration name:co2 seconds:0.0
Script duration 556.0
Run total estimated duration= 557.000
nruns=76 before=5.0, run_dur=23012.0, btw=3375.0
write rem/ex queues
/Users/jan/PychronDev/experiments/rem/CurrentExperiment.rem.txt
/Users/jan/PychronDev/experiments/rem/CurrentExperiment.ex.txt
doing event level: 3
