do run
loading script "jan_unknown120_60.py"
loading script "jan_pump_ms.py"
loading script "jan_co2.py"
loading script "jan_pump_extraction_line.py"
testing...
no interpolation path defined
executed 213.652928
script duration name:unknown120_60 seconds:214.0
loading script "jan_unknown120_60.py"
loading script "jan_pump_ms.py"
loading script "jan_co2.py"
loading script "jan_pump_extraction_line.py"
testing...
no interpolation path defined
executed 0
loading script "jan_unknown120_60.py"
loading script "jan_pump_ms.py"
loading script "jan_co2.py"
loading script "jan_pump_extraction_line.py"
testing...
no interpolation path defined
calculate duration
testing...
no interpolation path defined
executed 0
calculate duration
testing...
no interpolation path defined
executed 0
executed 0.0
script duration name:co2 seconds:0.0
loading script "jan_unknown120_60.py"
loading script "jan_pump_ms.py"
loading script "jan_co2.py"
loading script "jan_pump_extraction_line.py"
testing...
no interpolation path defined
calculate duration
testing...
no interpolation path defined
executed 4.0
executed 4.0
Script duration 214.0
Run total estimated duration= 215.000
run duration: 0:03:35
doing event level: 2
02:31:55 -- Setting default integration. t=1.048576
setting integration time = 1.048576
SetIntegrationTime 1.048576 ===>> OK
----------------- start -----------------
**************** Experiment Type: Ar/Ar, Ar/Ar
create new session 5004766384
close session 5004766384
$$$$$ Clearing conditionals
adding conditionals 
Add queue conditionals
add default conditionals
adding default conditionals from /Users/jan/PychronDev/setupfiles/spectrometer/default_conditionals.yaml
Start automated run 65571-04B
loading script "jan_unknown120_60.py"
loading script "jan_pump_ms.py"
loading script "jan_co2.py"
loading script "jan_pump_extraction_line.py"
%%%%%%%%%%%%%%%%%% setting automated run 65571-04B
No value "sensitivity_multiplier" in metadata
$$$$$$$$$$$$$$$ auto_save_detector_ic=False
============================= Pre Extraction Check =============================
loading queue conditionals pre_run_terminations
loading system conditionals pre_run_terminations
loading conditionals from /Users/jan/PychronDev/setupfiles/spectrometer/default_conditionals.yaml
02:31:55 -- ******* Pre Extraction Check *******
Get a measurement from the spectrometer
GetData ===>> H2,-0.145911610955728,H1,0.11149772034893,AX,-0.0174804014659513,L1,-0.03668187489101,L2,0.009095...
Pre Extraction Termination data. keys=H2,H1,AX,L1,L2,CDD, signals=-0.14591,0.11150,-0.01748,-0.03668,0.00910,0.00208
02:31:55 -- testing system defined conditionals
Checking default pre extraction terminations n=2
testing CDD
evaluate ot="CDD.inactive" t="CDD", ctx="{'CDD': False}"
GetDeflection CDD ===>> 50
testing CDD==2000
evaluate ot="CDD.deflection==2000" t="CDD==2000", ctx="{'CDD': 50.0}"
02:31:55 -- ******* Pre Extraction Check Passed *******
=================================================================================
02:31:55 -- stopping status monitor
stop 4976489392
Alive clients [4984697584]
02:31:55 -- starting status monitor
start 4976489392
Monitor already running
start extraction
do extraction
Analysis started at 02:31:55.545511
Extraction Started jan_co2.py
02:31:55 -- ******* Extraction Started jan_co2.py *******
state changed from not run to extraction
DO EXTRACTION <pychron.extraction_line.pyscript_runner.RemotePyScriptRunner object at 0x12988f3b0>
testing...
no interpolation path defined
calculate duration
testing...
no interpolation path defined
executed 0
calculate duration
testing...
no interpolation path defined
executed 0
executed 100.0
Jan CO2 laser analysis
doing GOSUB
testing...
no interpolation path defined
executed 0
Waiting for CO2 access
wait ('FelixCO2Flag', 0) {}
waiting for FelixCO2Flag = 0
Read FelixCO2Flag ===>> 0
finished waiting
CO2 free
wait ('CO2PumpTimeFlag', 0) {}
waiting for CO2PumpTimeFlag = 0
Read CO2PumpTimeFlag ===>> 0
finished waiting
acquire ('JanCO2Flag',) {'clear': True}
acquire JanCO2Flag
Set JanCO2Flag 1 ===>> OK
JanCO2Flag acquired
set extraction state False (0.75, 'red', 1.5)
CO2 acquired
executed 0
WaitForCO2Access.py completed successfully
gosub finished
doing GOSUB
testing...
no interpolation path defined
executed 0
Prepare for CO2 analysis
close () {'description': 'Jan Inlet'}
closing name=--- desc=Jan Inlet
checking ownership. requestor=129.138.12.150
check software interlocks R
interlocks []
actuate state mode=None-script, software_lock=False
doing actuation None-script close_channel False
Close R ===>> OK
GetIndicatorState R ===>> False
change switch state (True, True)
update switch state R False args=() kw={} ncanvase=2
02:31:55 -- CLOSE  VALVE-R (Jan Inlet)
---------------------------------------- close None (Jan Inlet) result=[(True, True)]
action=close, ok=True, locked=[False]
open () {'description': 'Jan Ion Pump'}
opening name=--- desc=Jan Ion Pump
checking ownership. requestor=129.138.12.150
check software interlocks O
interlocks []
actuate state mode=None-script, software_lock=False
doing actuation None-script open_channel False
Open O ===>> OK
GetIndicatorState O ===>> OK
change switch state (True, True)
update switch state O True args=() kw={} ncanvase=2
02:31:56 -- OPEN   VALVE-O (Jan Ion Pump)
---------------------------------------- open None (Jan Ion Pump) result=[(True, True)], time=0.09 sec
action=open, ok=True, locked=[False]
close () {'description': 'Microbone to Minibone'}
closing name=--- desc=Microbone to Minibone
checking ownership. requestor=129.138.12.150
check software interlocks L
interlocks []
actuate state mode=None-script, software_lock=False
doing actuation None-script close_channel False
Close L ===>> OK
Get Checksum: -1965264452
GetIndicatorState L ===>> False
change switch state (True, True)
update switch state L False args=() kw={} ncanvase=2
02:31:57 -- CLOSE  VALVE-L (Microbone to Minibone)
---------------------------------------- close None (Microbone to Minibone) result=[(True, True)]
action=close, ok=True, locked=[False]
open () {'description': 'Microbone to Turbo'}
opening name=--- desc=Microbone to Turbo
checking ownership. requestor=129.138.12.150
check software interlocks U
interlocks []
actuate state mode=None-script, software_lock=False
doing actuation None-script open_channel False
Open U ===>> OK
GetIndicatorState U ===>> OK
change switch state (True, True)
update switch state U True args=() kw={} ncanvase=2
02:31:57 -- OPEN   VALVE-U (Microbone to Turbo)
---------------------------------------- open None (Microbone to Turbo) result=[(True, True)], time=0.13 sec
action=open, ok=True, locked=[False]
open () {'description': 'Microbone to Inlet Pipette'}
opening name=--- desc=Microbone to Inlet Pipette
checking ownership. requestor=129.138.12.150
check software interlocks S
interlocks []
actuate state mode=None-script, software_lock=False
doing actuation None-script open_channel False
Open S ===>> OK
GetIndicatorState S ===>> OK
change switch state (True, True)
update switch state S True args=() kw={} ncanvase=2
02:31:58 -- OPEN   VALVE-S (Microbone to Inlet Pipette)
---------------------------------------- open None (Microbone to Inlet Pipette) result=[(True, True)], time=0.43 sec
action=open, ok=True, locked=[False]
open () {'description': 'Microbone to Getter D-50'}
opening name=--- desc=Microbone to Getter D-50
checking ownership. requestor=129.138.12.150
check software interlocks K
interlocks []
actuate state mode=None-script, software_lock=False
doing actuation None-script open_channel False
Open K ===>> OK
GetIndicatorState K ===>> OK
change switch state (True, True)
update switch state K True args=() kw={} ncanvase=2
02:31:58 -- OPEN   VALVE-K (Microbone to Getter D-50)
---------------------------------------- open None (Microbone to Getter D-50) result=[(True, True)], time=0.42 sec
action=open, ok=True, locked=[False]
open () {'description': 'Microbone to Getter NP-10'}
opening name=--- desc=Microbone to Getter NP-10
checking ownership. requestor=129.138.12.150
check software interlocks M
interlocks []
actuate state mode=None-script, software_lock=False
doing actuation None-script open_channel False
Open M ===>> OK
GetIndicatorState M ===>> OK
change switch state (True, True)
update switch state M True args=() kw={} ncanvase=2
02:31:59 -- OPEN   VALVE-M (Microbone to Getter NP-10)
---------------------------------------- open None (Microbone to Getter NP-10) result=[(True, True)], time=0.14 sec
action=open, ok=True, locked=[False]
close () {'description': 'CO2 Laser to Felix'}
closing name=--- desc=CO2 Laser to Felix
checking ownership. requestor=129.138.12.150
check software interlocks F
interlocks []
actuate state mode=None-script, software_lock=True
VALVE-F(CO2 Laser to Felix) software locked
change switch state (True, False)
---------------------------------------- close None (CO2 Laser to Felix) result=[(True, False)]
action=close, ok=True, locked=[True]
open () {'description': 'CO2 Laser to Jan'}
opening name=--- desc=CO2 Laser to Jan
checking ownership. requestor=129.138.12.150
check software interlocks A
interlocks []
actuate state mode=None-script, software_lock=False
doing actuation None-script open_channel False
Open A ===>> OK
GetIndicatorState A ===>> OK
change switch state (True, True)
update switch state A True args=() kw={} ncanvase=2
02:31:59 -- OPEN   VALVE-A (CO2 Laser to Jan)
---------------------------------------- open None (CO2 Laser to Jan) result=[(True, True)], time=0.12 sec
action=open, ok=True, locked=[False]
open () {'description': 'Microbone to CO2 Laser'}
opening name=--- desc=Microbone to CO2 Laser
checking ownership. requestor=129.138.12.150
check software interlocks T
interlocks []
actuate state mode=None-script, software_lock=False
doing actuation None-script open_channel False
Open T ===>> OK
Get Checksum: -1965264452
GetIndicatorState T ===>> OK
change switch state (True, True)
update switch state T True args=() kw={} ncanvase=2
02:32:00 -- OPEN   VALVE-T (Microbone to CO2 Laser)
---------------------------------------- open None (Microbone to CO2 Laser) result=[(True, True)], time=0.41 sec
action=open, ok=True, locked=[False]
executed 0
PrepareForCO2Analysis.py completed successfully
gosub finished
set_motor ('beam', '1.25') {}
setting motor "beam" to 1.25
set motor beam to 1.25
SetMotor beam,1.25 ===>> OK
GetMotorMoving beam ===>> False
GetMotorMoving beam ===>> False
Block completed
move_to_position ('187',) {'autocenter': True}
FusionsCO2 move to position 187
sending GoToHole 187,True
GoToHole 187,True ===>> OK
GetDriveMoving ===>> False
GetDriveMoving ===>> False
Block completed
GetAutoCorrecting ===>> False
Get Checksum: -1965264452
GetAutoCorrecting ===>> False
Block completed
update position
GetPosition ===>> -5.98170,-9.96950,1.00000
got position (-5.9817, -9.9695, 1.0)
move to position succeeded
sleep (5,) {}
SLEEP 5.0
block started
WaitControl setup for 5.0  
Get Checksum: -1965264452
Join finished
block finished. duration 5.00806808472
close () {'description': 'Microbone to Turbo'}
closing name=--- desc=Microbone to Turbo
checking ownership. requestor=129.138.12.150
check software interlocks U
interlocks []
actuate state mode=None-script, software_lock=False
doing actuation None-script close_channel True
Close U ===>> OK
GetIndicatorState U ===>> False
change switch state (True, True)
update switch state U False args=() kw={} ncanvase=2
02:32:08 -- CLOSE  VALVE-U (Microbone to Turbo)
---------------------------------------- close None (Microbone to Turbo) result=[(True, True)]
action=close, ok=True, locked=[False]
enable laser
enable () {}
set extraction state FusionsCO2 Enabled (False, 'red', 1.5)
enabling laser
Get Checksum: 1551197106
Enable ===>> OK
begin interval
BEGIN INTERVAL Interval 1 waiting for 30.0
block started
set extract to 0.4
WaitControl setup for 30.0  
extract (0.4,) {}
GetPosition ===>> -5.98170,-9.96950,1.00000
set extraction state FusionsCO2 ON! 0.4(watts) (0.75, 'red', 1.5)
extract sample to 0.4 (watts)
set laser output
SetLaserOutput 0.4,watts ===>> OK
executing pattern triangle.lp
execute_pattern ('triangle.lp',) {}
executing pattern triangle.lp
IsPatterning ===>> OK
IsPatterning ===>> OK
Get Checksum: 1551197106
IsPatterning ===>> OK
IsPatterning ===>> OK
IsPatterning ===>> OK
Get Checksum: 1551197106
IsPatterning ===>> OK
IsPatterning ===>> OK
IsPatterning ===>> OK
Get Checksum: 1551197106
IsPatterning ===>> OK
IsPatterning ===>> OK
IsPatterning ===>> OK
Get Checksum: 1551197106
IsPatterning ===>> OK
IsPatterning ===>> OK
IsPatterning ===>> OK
Get Checksum: 1551197106
IsPatterning ===>> OK
IsPatterning ===>> OK
IsPatterning ===>> OK
Get Checksum: 1551197106
IsPatterning ===>> OK
IsPatterning ===>> OK
IsPatterning ===>> OK
Get Checksum: 1551197106
IsPatterning ===>> OK
IsPatterning ===>> OK
IsPatterning ===>> OK
Get Checksum: 1551197106
IsPatterning ===>> OK
IsPatterning ===>> OK
IsPatterning ===>> OK
Get Checksum: 1551197106
IsPatterning ===>> False
IsPatterning ===>> False
Block completed
COMPLETE INTERVAL waiting for Interval 1 to complete
Join finished
block finished. duration 30.0738360882
Interval 1 finished
Get Checksum: 1551197106
end_extract () {}
ending extraction. set laser power to 0
set laser power 0
SetLaserPower 0 ===>> OK
disable () {}
%%%%%%%%%%%%%%%%%%%%%%%%%%%%%%%%%%% disable
set extraction state False (0.75, 'red', 1.5)
disabling laser
Disable ===>> OK
sleep (30.0,) {}
SLEEP 30.0
block started
WaitControl setup for 30.0  
Get Checksum: 1551197106
Get Checksum: 1551197106
Get Checksum: 1551197106
Get Checksum: 1551197106
Get Checksum: 1551197106
Get Checksum: 1551197106
Get Checksum: 1551197106
Get Checksum: 1551197106
Get Checksum: 1551197106
Get Checksum: 1551197106
Join finished
block finished. duration 30.0901670456
executed 166.5
jan_co2.py completed successfully
GetAchievedOutput ===>> No Response
Requested Output= 0.000
Achieved Output=  0.000
GetResponseBlob ===>> No Response
GetOutputBlob ===>> No Response
persistence save...
persistence save - db
AutomatedRunPersister post_extraction_save deprecated
persistence save - dvc
no extraction position for 187
create new session 4984345712
close session 4984345712
Extraction Finished
02:33:09 -- ******* Extraction Finished *******
no overlap. not waiting for min ms pumptime
02:33:09 -- Sending spectrometer configuration
======== Sending configuration ========
SetDeflection CDD,50.0 ===>> OK
SetDeflection H2,0.0 ===>> OK
SetDeflection H1,0.0 ===>> OK
SetDeflection L2,825.0 ===>> OK
SetDeflection L1,400.0 ===>> OK
SetDeflection AX,190.0 ===>> OK
SetZFocus 74.64 ===>> OK
SetZSymmetry -50.72 ===>> OK
SetExtractionLens 26.13 ===>> OK
SetIonRepeller -3.81 ===>> OK
SetElectronEnergy 75.08 ===>> OK
SetYSymmetry -2.81 ===>> OK
SetIonCounterVoltage 1590.0 ===>> OK
send trap current 200.0
GetParameter Trap Current Readback ===>> 198.147042666178
SetParameter Trap Current Set,200.0 ===>> OK
updating mftable name mftable
Using mftable located at /Users/jan/PychronDev/setupfiles/spectrometer/mftables/mftable.csv
============ MFtable ===========
Isotope  H2     H1     AX     L1     L2     CDD    
Ar40     5.7806 5.8790 5.9924 6.1206 6.2308 6.3488
Ar39     5.6799 5.7713 5.8848 6.0066 6.1159 6.2353
Ar36     5.3574 5.4403 5.5482 5.6655 5.7709 5.8864
================================
get initial guess parabolic
get initial guess parabolic
get initial guess parabolic
get initial guess parabolic
get initial guess parabolic
get initial guess parabolic
======== Configuration Finished ========
GetYSymmetry ===>> -2.81
GetZSymmetry ===>> -50.72
GetParameter Trap Current Readback ===>> 197.699505585058
GetHighVoltage ===>> 4500
start measurement
do measurement
L#=65571 analysis type=unknown
Measurement Started jan_unknown120_60.py
02:33:10 -- ******* Measurement Started jan_unknown120_60.py *******
state changed from extraction to measurement
setting spec, defl, and gains
GetExtractionLens ===>> 26.13
GetYSymmetry ===>> -2.81
GetZSymmetry ===>> -50.72
GetZFocus ===>> 74.64
GetDeflection H2 ===>> 0
GetDeflection H1 ===>> 0
GetDeflection AX ===>> 190
GetDeflection L1 ===>> 400
GetDeflection L2 ===>> 825
GetDeflection CDD ===>> 50
GetGain H2 ===>> 0.0113
GetGain H1 ===>> 0.1
GetGain AX ===>> 0.097049
GetGain L1 ===>> 0.010355
GetGain L2 ===>> 0.095649
GetGain CDD ===>> 0
pre measurement save
New frame /Users/jan/PychronDev/data/isotopes/b2/9d7aeb-5fc4-4a88-bcd3-f56bb4caca84.h5
flush and close file /Users/jan/PychronDev/data/isotopes/b2/9d7aeb-5fc4-4a88-bcd3-f56bb4caca84.h5
testing...
no interpolation path defined
executed 226.132928
unknown measurement script
activate_detectors ('H2', 'H1', 'AX', 'L1', 'L2', 'CDD') {}
activate detectors
*************** Set Analysis View Ar/Ar
create graphs
clearing graphs
clear isotope group
setting isotope det=H2, iso=PM41
setting isotope det=H1, iso=Ar40
setting isotope det=AX, iso=Ar39
setting isotope det=L1, iso=Ar38
setting isotope det=L2, iso=Ar37
setting isotope det=CDD, iso=Ar36
setting previous blanks
 - setting Ar40 blank 0.240+/-0.007
 - setting Ar36 blank 0.00461+/-0.00018
 - setting Ar37 blank 0.049+/-0.005
 - setting Ar38 blank 0.0100+/-0.0021
 - setting PM41 blank 0.03+/-0.07
 - setting Ar39 blank 0.028+/-0.009
load analysis view
position_magnet ('Ar40',) {'detector': 'H1'}
detector Detector(H1)
POSITION Ar40 H1
setting detector H2 to PM41 (40.9624)
setting detector H1 to Ar40 (39.9624)
setting detector AX to Ar39 (38.9624)
setting detector L1 to Ar38 (37.9624)
setting detector L2 to Ar37 (36.9624)
setting detector CDD to Ar36 (35.9624)
Mapping mass to dac mass func: "parabolic"
H1 map mass coeffs = [-0.00063987  0.15840543  0.57060999]
H1 map mass to dac 39.9624 >> 5.879
GetDeflection H1 ===>> 0
GetHighVoltage ===>> 4500
positioning Ar40 (5.879) on H1
setting magnet DAC
current  : 5.879004
requested: 5.879000
Delta Dac: 0.000004
Checking detector protection. dv=0.00000
Checking detector "CDD". Protection Threshold: 0.1 (V)
SetMagnetDAC 5.879 ===>> OK
Magnet settling time: 0.500
equilibrate () {'delay': 3, 'inlet': 'R', 'outlet': 'O', 'eqtime': 12.0}
Equilibration Started
02:33:12 -- ******* Equilibration Started *******
checking ownership. requestor=129.138.12.150
check software interlocks O
interlocks []
actuate state mode=None-script, software_lock=False
doing actuation None-script close_channel True
Close O ===>> OK
GetIndicatorState O ===>> False
change switch state (True, True)
update switch state O False args=() kw={} ncanvase=2
02:33:12 -- CLOSE  VALVE-O (Jan Ion Pump)
waiting 3s before opening inlet value ('R',)
Get Checksum: -598318598
checking ownership. requestor=129.138.12.150
check software interlocks R
interlocks []
actuate state mode=None-script, software_lock=False
doing actuation None-script open_channel True
Open R ===>> OK
set states for children of R. state=True
handle state [('R', True)]
update switch state R True args=() kw={'refresh': False} ncanvase=2
refresh_canvas_needed fired
Get Checksum: -1449001502
GetIndicatorState R ===>> OK
change switch state (True, True)
update switch state R True args=() kw={} ncanvase=2
02:33:16 -- OPEN   VALVE-R (Jan Inlet)
equilibrating for 12.0sec
set_time_zero () {}
sniff (12.0,) {}
py_sniff
build tables- sniff [Detector(H2), Detector(H1), Detector(AX), Detector(L1), Detector(L2), Detector(CDD)]
add group /sniff/PM41 (Group) '' table H2
add group /sniff/Ar40 (Group) '' table H1
add group /sniff/Ar39 (Group) '' table AX
add group /sniff/Ar38 (Group) '' table L1
add group /sniff/Ar37 (Group) '' table L2
add group /sniff/Ar36 (Group) '' table CDD
flush and close file /Users/jan/PychronDev/data/isotopes/b2/9d7aeb-5fc4-4a88-bcd3-f56bb4caca84.h5
measuring sniff. ncounts=12.0
starting measurement
GetData ===>> H2,0.0517290604479217,H1,20.6651529313567,AX,4.89899201897645,L1,0.0037175848206944,L2,0.24049482...
GetData ===>> H2,0.939683335912423,H1,240.766203776524,AX,53.2766486179433,L1,0.416219893361025,L2,1.6459619924...
GetData ===>> H2,0.596816668264702,H1,369.763040714208,AX,78.297462668664,L1,0.769733084762469,L2,2.02884901068...
Get Checksum: -1449001502
GetData ===>> H2,0.203131657567325,H1,410.7458631103,AX,85.1409048081843,L1,0.953719544224563,L2,1.903777967911...
GetData ===>> H2,0.0978396316002183,H1,425.591164609802,AX,87.4302542259229,L1,1.03170610981216,L2,1.9924184870...
GetData ===>> H2,-0.036117520994569,H1,430.715503358593,AX,88.3972274054363,L1,1.08112597942551,L2,1.9900693451...
GetData ===>> H2,-0.106695386240028,H1,433.387114264716,AX,88.5511806182819,L1,1.10780277281482,L2,2.1054844818...
GetData ===>> H2,0.0768678039306923,H1,434.619007337294,AX,88.6027677434241,L1,1.09381309107967,L2,2.0293213270...
Get Checksum: -1449001502
GetData ===>> H2,-0.00446109634740594,H1,434.772807778131,AX,88.7371744178308,L1,1.11770147442509,L2,2.01589001...
GetData ===>> H2,-0.121221973128358,H1,434.72214860783,AX,88.6787735862648,L1,1.13657414986174,L2,1.96047965255...
Get Checksum: -1449001502
GetData ===>> H2,-0.189774770626328,H1,434.590144377693,AX,88.7751834800678,L1,1.14233337725222,L2,2.0670795410...
Equilibration Finished
02:33:28 -- ******* Equilibration Finished *******
GetData ===>> H2,-0.129558967534123,H1,434.592073536915,AX,88.6551672284846,L1,1.15734939444564,L2,1.9960574667...
checking ownership. requestor=129.138.12.150
check software interlocks R
interlocks []
actuate state mode=None-script, software_lock=False
doing actuation None-script close_channel True
Close R ===>> OK
GetIndicatorState R ===>> False
change switch state (True, True)
update switch state R False args=() kw={} ncanvase=2
02:33:29 -- CLOSE  VALVE-R (Jan Inlet)
Post Equilibration Started jan_pump_extraction_line.py
02:33:29 -- ******* Post Equilibration Started jan_pump_extraction_line.py *******
testing...
no interpolation path defined
calculate duration
testing...
no interpolation path defined
executed 4.0
executed 4.0
Pump after analysis
doing GOSUB
testing...
no interpolation path defined
executed 4.0
Pump Microbone
close () {'description': 'Jan Inlet'}
closing name=--- desc=Jan Inlet
checking ownership. requestor=129.138.12.150
check software interlocks R
interlocks []
actuate state mode=None-script, software_lock=False
doing actuation None-script close_channel False
measurement finished
estimated time: 12.583 actual time: :12.660
flush and close file /Users/jan/PychronDev/data/isotopes/b2/9d7aeb-5fc4-4a88-bcd3-f56bb4caca84.h5
set_fits () {}
using default fits file=/Users/jan/PychronDev/scripts/measurement/fits/nominal_linear.yaml
Close R ===>> OK
set "Ar40" to "('Linear', 'SEM')"
No fit for "PM41". defaulting to linear. check the measurement script "jan_unknown120_60.py"
set "PM41" to "linear"
set "Ar36" to "('Linear', 'SEM')"
set "Ar37" to "('linear', 'SEM')"
set "Ar38" to "('linear', 'SEM')"
set "Ar39" to "('Linear', 'SEM')"
set_baseline_fits () {}
using default fits file=/Users/jan/PychronDev/scripts/measurement/fits/nominal_linear.yaml
set "H1" to "('average', 'SEM')"
set "H2" to "('average', 'SEM')"
set "CDD" to "('average', 'SEM')"
set "L2" to "('average', 'SEM')"
set "L1" to "('average', 'SEM')"
set "AX" to "('average', 'SEM')"
multicollect () {'integration_time': 1, 'ncounts': 120}
build tables- signal [Detector(H2), Detector(H1), Detector(AX), Detector(L1), Detector(L2), Detector(CDD)]
add group /signal/PM41 (Group) '' table H2
add group /signal/Ar40 (Group) '' table H1
add group /signal/Ar39 (Group) '' table AX
add group /signal/Ar38 (Group) '' table L1
add group /signal/Ar37 (Group) '' table L2
add group /signal/Ar36 (Group) '' table CDD
flush and close file /Users/jan/PychronDev/data/isotopes/b2/9d7aeb-5fc4-4a88-bcd3-f56bb4caca84.h5
measuring signal. ncounts=120
GetIndicatorState R ===>> False
change switch state (True, True)
update switch state R False args=() kw={} ncanvase=2
02:33:29 -- CLOSE  VALVE-R (Jan Inlet)
---------------------------------------- close None (Jan Inlet) result=[(True, True)]
action=close, ok=True, locked=[False]
is_closed ('F',) {}
is F () closed?
is closed True
open () {'description': 'CO2 Laser to Jan'}
opening name=--- desc=CO2 Laser to Jan
checking ownership. requestor=129.138.12.150
check software interlocks A
interlocks []
actuate state mode=None-script, software_lock=False
doing actuation None-script open_channel False
Open A ===>> OK
GetIndicatorState A ===>> OK
change switch state (True, True)
update switch state A True args=() kw={} ncanvase=2
02:33:29 -- OPEN   VALVE-A (CO2 Laser to Jan)
---------------------------------------- open None (CO2 Laser to Jan) result=[(True, True)], time=0.12 sec
starting measurement
GetData ===>> H2,-0.192217572243437,H1,434.862418304101,AX,88.8153818498932,L1,1.18390786628625,L2,1.9694477114...
action=open, ok=True, locked=[False]
sleep (1,) {}
SLEEP 1.0
Get Checksum: -598318598
GetData ===>> H2,-0.0390902652117915,H1,434.797970342448,AX,89.1070358714506,L1,1.1871726897027,L2,2.1554746598...
close () {'description': 'CO2 Laser to Roughing'}
closing name=--- desc=CO2 Laser to Roughing
checking ownership. requestor=129.138.12.150
check software interlocks G
interlocks []
actuate state mode=None-script, software_lock=True
VALVE-G(CO2 Laser to Roughing) software locked
change switch state (True, False)
---------------------------------------- close None (CO2 Laser to Roughing) result=[(True, False)]
action=close, ok=True, locked=[True]
open () {'description': 'Microbone to Turbo'}
opening name=--- desc=Microbone to Turbo
checking ownership. requestor=129.138.12.150
check software interlocks U
interlocks []
actuate state mode=None-script, software_lock=False
doing actuation None-script open_channel True
Open U ===>> OK
GetIndicatorState U ===>> OK
change switch state (True, True)
update switch state U True args=() kw={} ncanvase=2
02:33:31 -- OPEN   VALVE-U (Microbone to Turbo)
---------------------------------------- open None (Microbone to Turbo) result=[(True, True)], time=0.19 sec
action=open, ok=True, locked=[False]
open () {'description': 'Microbone to Getter NP-10'}
opening name=--- desc=Microbone to Getter NP-10
checking ownership. requestor=129.138.12.150
check software interlocks M
interlocks []
actuate state mode=None-script, software_lock=False
doing actuation None-script open_channel False
Open M ===>> OK
GetIndicatorState M ===>> OK
change switch state (True, True)
update switch state M True args=() kw={} ncanvase=2
02:33:31 -- OPEN   VALVE-M (Microbone to Getter NP-10)
---------------------------------------- open None (Microbone to Getter NP-10) result=[(True, True)], time=0.15 sec
action=open, ok=True, locked=[False]
open () {'description': 'Microbone to Getter D-50'}
opening name=--- desc=Microbone to Getter D-50
checking ownership. requestor=129.138.12.150
check software interlocks K
interlocks []
actuate state mode=None-script, software_lock=False
doing actuation None-script open_channel False
GetData ===>> H2,0.0357724116162577,H1,434.569113520216,AX,88.7260826238787,L1,1.2106024468,L2,2.03034660707066...
Open K ===>> OK
GetIndicatorState K ===>> OK
change switch state (True, True)
update switch state K True args=() kw={} ncanvase=2
02:33:32 -- OPEN   VALVE-K (Microbone to Getter D-50)
---------------------------------------- open None (Microbone to Getter D-50) result=[(True, True)], time=0.43 sec
action=open, ok=True, locked=[False]
open () {'description': 'Microbone to CO2 Laser'}
opening name=--- desc=Microbone to CO2 Laser
checking ownership. requestor=129.138.12.150
check software interlocks T
interlocks []
actuate state mode=None-script, software_lock=False
doing actuation None-script open_channel False
Open T ===>> OK
GetIndicatorState T ===>> OK
change switch state (True, True)
update switch state T True args=() kw={} ncanvase=2
02:33:33 -- OPEN   VALVE-T (Microbone to CO2 Laser)
---------------------------------------- open None (Microbone to CO2 Laser) result=[(True, True)], time=0.42 sec
GetData ===>> H2,-0.0319367205876505,H1,434.302919968563,AX,88.7626533780785,L1,1.20100503157489,L2,1.961780487...
action=open, ok=True, locked=[False]
open () {'description': 'Microbone to Inlet Pipette'}
opening name=--- desc=Microbone to Inlet Pipette
checking ownership. requestor=129.138.12.150
check software interlocks S
interlocks []
actuate state mode=None-script, software_lock=False
doing actuation None-script open_channel False
Open S ===>> OK
Get Checksum: -860229079
GetIndicatorState S ===>> OK
change switch state (True, True)
update switch state S True args=() kw={} ncanvase=2
02:33:33 -- OPEN   VALVE-S (Microbone to Inlet Pipette)
---------------------------------------- open None (Microbone to Inlet Pipette) result=[(True, True)], time=0.42 sec
action=open, ok=True, locked=[False]
sleep (1,) {}
SLEEP 1.0
GetData ===>> H2,-0.114834609394709,H1,433.943867337103,AX,88.7108122525186,L1,1.1678375839914,L2,1.96500387090...
set_resource () {'name': 'CO2PumpTimeFlag', 'value': 30}
Set CO2PumpTimeFlag 30 ===>> OK
release ('JanCO2Flag',) {}
release JanCO2Flag
Set JanCO2Flag 0 ===>> OK
executed 6.0
PumpMicrobone.py completed successfully
gosub finished
get_resource_value () {'name': 'JanMiniboneFlag'}
Read JanMiniboneFlag ===>> 0
Get Resource Value JanMiniboneFlag=0.0
get resource value 0.0
get_resource_value () {'name': 'JanMiniboneFlag'}
Read JanMiniboneFlag ===>> 0
Get Resource Value JanMiniboneFlag=0.0
executed 4.0
jan_pump_extraction_line.py completed successfully
Post Equilibration Finished
02:33:34 -- ******* Post Equilibration Finished *******
GetData ===>> H2,-0.156219582151312,H1,434.136175167186,AX,88.6474850347944,L1,1.1609441455695,L2,1.99837220555...
GetData ===>> H2,-0.209493989273956,H1,433.832165095302,AX,88.7436745787829,L1,1.14385261885876,L2,2.0286186132...
Get Checksum: -860229079
GetData ===>> H2,-0.108318912799414,H1,433.949914589423,AX,88.6962191518837,L1,1.13855270080743,L2,1.9616883924...
GetData ===>> H2,-0.138020789067672,H1,434.00682762692,AX,88.5161902890205,L1,1.14184265022428,L2,2.03506994766...
GetData ===>> H2,-0.238911333782541,H1,433.638834820591,AX,88.5023165416457,L1,1.16855638333699,L2,1.9538376088...
Get Checksum: -860229079
GetData ===>> H2,-0.162405404209022,H1,433.295515193338,AX,88.5429135752792,L1,1.20165352662578,L2,1.9909560243...
GetData ===>> H2,-0.123059991237542,H1,433.08285400617,AX,88.4654952549241,L1,1.17581683791225,L2,1.98259622909...
GetData ===>> H2,-0.112945177010401,H1,432.688046902649,AX,88.4797366334839,L1,1.15072772336882,L2,2.0148879207...
Get Checksum: -860229079
GetData ===>> H2,-0.180076555936845,H1,432.747488922317,AX,88.4796016373886,L1,1.14467446931937,L2,1.9750891504...
GetData ===>> H2,-0.157501594230378,H1,432.780081164343,AX,88.3634346065012,L1,1.12034836866431,L2,1.9587068613...
GetData ===>> H2,-0.132814896425653,H1,432.486577916786,AX,88.3452979759337,L1,1.12173920210377,L2,1.9545743121...
Get Checksum: -860229079
GetData ===>> H2,-0.191257770475359,H1,432.26636431319,AX,88.2980037286295,L1,1.14086760346819,L2,2.06362227098...
GetData ===>> H2,-0.11911038710152,H1,432.211406410329,AX,88.0234018860852,L1,1.11099431717647,L2,1.97504309659...
Get Checksum: -860229079
GetData ===>> H2,-0.116348905954473,H1,431.919462951114,AX,88.0994311332972,L1,1.12197609260039,L2,1.9313133146...
GetData ===>> H2,-0.10315664733466,H1,431.512624638283,AX,88.2009684699234,L1,1.16259410224325,L2,2.04782412018...
GetData ===>> H2,-0.117642461389232,H1,431.325582613693,AX,88.1400821928494,L1,1.17315208085055,L2,1.8864903292...
Get Checksum: -860229079
GetData ===>> H2,-0.236990339185542,H1,431.480508319713,AX,88.0934996174856,L1,1.10862463048347,L2,2.0923201306...
GetData ===>> H2,-0.279483373787751,H1,431.387302892666,AX,88.1120364306638,L1,1.16237959342144,L2,1.9728901013...
GetData ===>> H2,-0.315719354813149,H1,431.379210827522,AX,88.1380763316616,L1,1.1802540764138,L2,1.97511217744...
Get Checksum: -860229079
02:33:55 -- collecting point 25
GetData ===>> H2,-0.328107890124156,H1,431.162217376143,AX,88.0907024548956,L1,1.13560592206535,L2,1.9976582006...
GetData ===>> H2,-0.217302171003225,H1,430.891746166518,AX,88.0018455260673,L1,1.10787368560827,L2,2.0094054039...
GetData ===>> H2,0.00378936812821278,H1,430.621734459424,AX,88.1256204020816,L1,1.09126792551402,L2,1.938793974...
Get Checksum: -860229079
GetData ===>> H2,-0.111518420192376,H1,430.483618633082,AX,88.0069985443726,L1,1.12083222632409,L2,2.0432499370...
GetData ===>> H2,-0.293577073610437,H1,430.56080337866,AX,88.020269273366,L1,1.15010687326157,L2,1.976585914094...
GetData ===>> H2,-0.250354178033968,H1,430.30057246987,AX,87.9145847912177,L1,1.16046189881423,L2,1.97742641459...
Get Checksum: -860229079
GetData ===>> H2,-0.180237136439731,H1,430.173237461289,AX,87.7110589350284,L1,1.17269511465091,L2,2.0358187911...
GetData ===>> H2,-0.073232185609868,H1,430.117258892325,AX,87.74441402804,L1,1.19640184970148,L2,1.987052393581...
GetData ===>> H2,-0.0799709241289075,H1,429.747690311002,AX,87.6650613558611,L1,1.18852008609584,L2,1.990691171...
Get Checksum: -860229079
GetData ===>> H2,-0.170477009334125,H1,429.618675074736,AX,87.5676649876743,L1,1.16583891634533,L2,2.0555096960...
GetData ===>> H2,-0.144461970927896,H1,429.268670686617,AX,87.6033972261285,L1,1.13803299452463,L2,1.8930418954...
GetData ===>> H2,-0.105404517044111,H1,429.05653162023,AX,87.5922761954657,L1,1.11997979030369,L2,2.01947228074...
Get Checksum: -860229079
GetData ===>> H2,-0.0734070746129108,H1,428.95522525489,AX,87.6773584362071,L1,1.12172400075481,L2,1.9781978392...
GetData ===>> H2,-0.201743565065113,H1,428.613115244975,AX,87.6837008511778,L1,1.13572757935614,L2,1.9633806536...
GetData ===>> H2,-0.109933075032208,H1,428.615588790461,AX,87.4496144350923,L1,1.1591612105225,L2,2.04024284641...
Get Checksum: -860229079
GetData ===>> H2,-0.185481064619394,H1,428.528689065762,AX,87.3788862231271,L1,1.15516369892091,L2,1.9415907393...
GetData ===>> H2,-0.244336827633286,H1,428.323346753337,AX,87.3541616347234,L1,1.13247879345338,L2,2.0533549077...
Get Checksum: -860229079
GetData ===>> H2,-0.128093744256683,H1,428.187400832613,AX,87.6067454841386,L1,1.11509068676273,L2,1.9333848240...
GetData ===>> H2,-0.019315770170726,H1,427.971384090258,AX,87.375574792997,L1,1.1249864550658,L2,1.970633537597...
GetData ===>> H2,-0.0672355271450272,H1,427.765413751236,AX,87.3720785450631,L1,1.13493429748151,L2,1.911889321...
Get Checksum: -860229079
GetData ===>> H2,-0.242110954244111,H1,427.664365943651,AX,87.4867289309987,L1,1.11591234466222,L2,2.0196911375...
GetData ===>> H2,-0.133931998314862,H1,427.673609204585,AX,87.4770291370448,L1,1.09835028374509,L2,2.0411530287...
GetData ===>> H2,-0.226542634730585,H1,427.527245885441,AX,87.354245667451,L1,1.13749176643076,L2,1.92692876633...
Get Checksum: -860229079
GetData ===>> H2,-0.241849849652272,H1,427.290472014926,AX,87.3770203823743,L1,1.12148711587536,L2,1.9769658654...
GetData ===>> H2,-0.278935532801746,H1,427.187190979927,AX,87.4141064964695,L1,1.12140351070754,L2,1.9410267761...
02:34:21 -- collecting point 50
GetData ===>> H2,-0.0887020114529266,H1,426.953254677386,AX,87.2905968213666,L1,1.13184157003669,L2,1.950085113...
Get Checksum: -860229079
GetData ===>> H2,-0.113699092810417,H1,426.968166019365,AX,87.2008131517456,L1,1.11309947437003,L2,1.9475873677...
GetData ===>> H2,-0.156497881605286,H1,426.498766860275,AX,87.0786512646778,L1,1.1244023071479,L2,2.01838952285...
GetData ===>> H2,-0.076169692999996,H1,426.259362173547,AX,87.2897232778577,L1,1.0931390653412,L2,2.05424216768...
Get Checksum: -860229079
GetData ===>> H2,-0.112991198439722,H1,426.598558310876,AX,86.9781800138608,L1,1.13343533366179,L2,1.9700003276...
GetData ===>> H2,-0.148094502946433,H1,426.395732889733,AX,87.245801097584,L1,1.13615592547362,L2,1.92445463395...
GetData ===>> H2,-0.200067718685909,H1,426.077989881744,AX,87.1553783901831,L1,1.14103496535022,L2,1.9869026999...
Get Checksum: -860229079
GetData ===>> H2,-0.109563445246896,H1,425.968186977387,AX,87.2239140719067,L1,1.13918905868131,L2,1.9712437256...
GetData ===>> H2,-0.116457158921349,H1,425.765927818185,AX,86.9648711000031,L1,1.12713578742932,L2,2.0245406704...
GetData ===>> H2,-0.14515641620741,H1,425.566361446231,AX,86.769675519714,L1,1.10589337056121,L2,1.973983863015...
Get Checksum: -860229079
GetData ===>> H2,-0.126387683237087,H1,425.348457477128,AX,86.8407813608436,L1,1.10755331549908,L2,2.0324778419...
GetData ===>> H2,-0.19300206884645,H1,424.964380100849,AX,86.9133759436529,L1,1.11913248851087,L2,1.90345582894...
GetData ===>> H2,-0.196912193381909,H1,424.837662655734,AX,86.9338777867037,L1,1.12596095110578,L2,1.9448594887...
Get Checksum: -860229079
GetData ===>> H2,-0.259861320093336,H1,424.741261278356,AX,86.8971711981851,L1,1.12219525268026,L2,2.0068024690...
GetData ===>> H2,-0.243868542472476,H1,424.538828037825,AX,86.8815553459953,L1,1.11375135597604,L2,2.0726690557...
Get Checksum: -860229079
GetData ===>> H2,-0.24911814536284,H1,424.693555832878,AX,86.7633869233721,L1,1.12545785162097,L2,1.90236286543...
GetData ===>> H2,-0.226360861730758,H1,424.402322614728,AX,86.805349756348,L1,1.11649729238228,L2,1.94210866760...
GetData ===>> H2,-0.218873313435495,H1,424.058054318247,AX,86.6594310782056,L1,1.12465319538037,L2,1.9829877185...
Get Checksum: -860229079
GetData ===>> H2,-0.174545259298282,H1,423.954336605094,AX,86.6808284873029,L1,1.12203309912284,L2,2.0039462318...
GetData ===>> H2,-0.0725488725693369,H1,424.060137954004,AX,86.5095560428296,L1,1.10642766472883,L2,1.970656563...
GetData ===>> H2,-0.0958198956404629,H1,423.904796405296,AX,86.5879511138462,L1,1.08543682986521,L2,1.982619257...
Get Checksum: -860229079
GetData ===>> H2,-0.107328589199967,H1,423.628481496273,AX,86.554872077789,L1,1.11159713448745,L2,1.93585918515...
GetData ===>> H2,0.0312177541031521,H1,423.69176689007,AX,86.4026382430582,L1,1.13016916352437,L2,1.87015364902...
GetData ===>> H2,0.00292457906906984,H1,423.38168538683,AX,86.2650851308203,L1,1.0905946999332,L2,1.94408833014...
Get Checksum: -860229079
GetData ===>> H2,-0.109915473886623,H1,423.345529698769,AX,86.4152335116948,L1,1.12257530977198,L2,1.8756794895...
02:34:47 -- collecting point 75
GetData ===>> H2,-0.227999406034436,H1,423.004820779151,AX,86.5610046853438,L1,1.14929856100686,L2,1.8818503850...
GetData ===>> H2,-0.218413850977637,H1,422.493507013646,AX,86.481662076023,L1,1.10696071957416,L2,1.98313740606...
Get Checksum: -860229079
GetData ===>> H2,-0.318084566699458,H1,422.36894662085,AX,86.314636859463,L1,1.0918821785492,L2,1.8840609510280...
GetData ===>> H2,-0.199773779571997,H1,422.189170447502,AX,86.2851948064129,L1,1.11381971092677,L2,1.9653722644...
GetData ===>> H2,-0.216662882087849,H1,422.353324546094,AX,86.4414828647592,L1,1.10140357605092,L2,2.0308880514...
Get Checksum: -860229079
GetData ===>> H2,-0.231314812745429,H1,422.058222382941,AX,86.3486689108032,L1,1.12392462218309,L2,1.9727749693...
GetData ===>> H2,-0.10707152387822,H1,421.666406109537,AX,86.2090243102331,L1,1.11069158590417,L2,1.93905868552...
GetData ===>> H2,-0.18274675423641,H1,421.622494323856,AX,86.1680432630536,L1,1.09601883275492,L2,1.90627458136...
Get Checksum: -860229079
GetData ===>> H2,-0.19822710255087,H1,421.517834028515,AX,86.0846271987544,L1,1.09013409650292,L2,1.92516809818...
GetData ===>> H2,-0.182234081834427,H1,421.719590288299,AX,86.1339823724644,L1,1.10854864713818,L2,1.9764822912...
GetData ===>> H2,-0.208552254596402,H1,421.502865125282,AX,86.1352201972823,L1,1.08516995900168,L2,2.0465336486...
Get Checksum: -860229079
GetData ===>> H2,-0.28671707882518,H1,421.497678049757,AX,86.1271243515997,L1,1.11627318523069,L2,1.91485790138...
GetData ===>> H2,-0.214061434817072,H1,421.047627030231,AX,86.1970249460026,L1,1.16776265893536,L2,1.9637720652...
Get Checksum: -860229079
GetData ===>> H2,-0.284712941292017,H1,420.692380243189,AX,86.0354424664787,L1,1.11911602442149,L2,1.8494000343...
GetData ===>> H2,-0.195756295735229,H1,420.774826536852,AX,86.0345726875295,L1,1.10692526616507,L2,1.9283902603...
GetData ===>> H2,-0.199231725031844,H1,420.572825216631,AX,85.9258868276487,L1,1.10271095215068,L2,1.9815138842...
GetData ===>> H2,-0.134759610625703,H1,420.422872248708,AX,85.9073907039626,L1,1.13567308685596,L2,1.9463212540...
GetData ===>> H2,-0.115785973889652,H1,420.330595135609,AX,85.8955016262739,L1,1.15025280744641,L2,1.9410728138...
Get Checksum: -860229079
GetData ===>> H2,-0.224557784520211,H1,420.306522534926,AX,85.9383973424584,L1,1.0810817292618,L2,2.03536948436...
GetData ===>> H2,-0.24037597597855,H1,420.306226723493,AX,86.060317080167,L1,1.09610611062806,L2,1.975204285328...
GetData ===>> H2,-0.214849203312468,H1,420.153612763017,AX,85.905852257411,L1,1.12043956528239,L2,1.97693132437...
Get Checksum: -860229079
GetData ===>> H2,-0.20559450921352,H1,419.792234602029,AX,85.7813275031885,L1,1.13470240676559,L2,1.93224548842...
GetData ===>> H2,-0.16579131934262,H1,419.555135937628,AX,85.7184462206247,L1,1.14010563302335,L2,1.93509960710...
GetData ===>> H2,-0.125471008887909,H1,419.509010866955,AX,85.6029884130166,L1,1.13272457173228,L2,1.8828520415...
Get Checksum: -860229079
GetData ===>> H2,-0.154813119712634,H1,419.361229940597,AX,85.6373552317225,L1,1.11219323550935,L2,1.9094270794...
02:35:14 -- collecting point 100
GetData ===>> H2,-0.223540986048645,H1,419.168101041096,AX,85.7179114745684,L1,1.10104923270826,L2,1.9180567063...
GetData ===>> H2,-0.158876657802491,H1,418.786495425178,AX,85.615845759894,L1,1.08199837747682,L2,2.01423138451...
Get Checksum: -860229079
GetData ===>> H2,-0.214780528243061,H1,418.448318264428,AX,85.7372638961421,L1,1.08874228450627,L2,1.9543095587...
GetData ===>> H2,-0.0807825019431851,H1,418.369613780717,AX,85.5949573442227,L1,1.10809655746915,L2,1.965556461...
GetData ===>> H2,-0.128926403568774,H1,418.280244045095,AX,85.4260592348688,L1,1.10302864479891,L2,1.8165118703...
Get Checksum: -860229079
GetData ===>> H2,-0.304181153568521,H1,418.463029192506,AX,85.5090016309567,L1,1.14421026820362,L2,1.9810993723...
GetData ===>> H2,-0.273494617799582,H1,418.263546938741,AX,85.466430974089,L1,1.11017354277319,L2,1.99254515811...
GetData ===>> H2,-0.208957789443843,H1,417.98979864081,AX,85.4340191735281,L1,1.08636776844243,L2,1.88258723477...
Get Checksum: -860229079
GetData ===>> H2,-0.224417727647164,H1,417.970770748301,AX,85.4726738609071,L1,1.08378132699269,L2,1.8780280674...
GetData ===>> H2,-0.0789858428654723,H1,417.603870510263,AX,85.3371518896671,L1,1.12934260003319,L2,1.895897550...
Get Checksum: -860229079
GetData ===>> H2,-0.135546597705465,H1,417.445136148836,AX,85.4237397571525,L1,1.12497758490084,L2,1.8838767352...
GetData ===>> H2,-0.141785121544537,H1,417.333969255371,AX,85.3905203743592,L1,1.09204528724553,L2,1.9787620194...
GetData ===>> H2,-0.129052108189589,H1,417.430634975277,AX,85.2745879005494,L1,1.08838929938437,L2,1.8302618569...
Get Checksum: -860229079
GetData ===>> H2,-0.155881830917263,H1,417.048822413026,AX,85.2146194589101,L1,1.10783822915238,L2,1.8649274157...
GetData ===>> H2,-0.19434717871647,H1,416.986454178233,AX,85.0600539511318,L1,1.11165028863461,L2,1.89359459625...
GetData ===>> H2,-0.245274685199828,H1,416.970894389408,AX,85.2952392672928,L1,1.07361999890092,L2,1.9463788042...
Get Checksum: -860229079
GetData ===>> H2,-0.105143348517577,H1,416.662415607477,AX,85.3296260479793,L1,1.09720536728558,L2,1.9247077980...
GetData ===>> H2,-0.204350542858815,H1,416.250889384664,AX,85.1515272487544,L1,1.10478055500339,L2,1.8973599544...
GetData ===>> H2,-0.253184841919268,H1,416.200041147373,AX,85.0667036289875,L1,1.09996096635448,L2,1.9041116129...
Get Checksum: -860229079
GetData ===>> H2,-0.12640525886555,H1,416.111297272591,AX,85.174475807322,L1,1.08821344379408,L2,1.886870284927...
GetData ===>> H2,-0.132924447600789,H1,415.786885963401,AX,85.1459241026743,L1,1.0928671908977,L2,1.88446392423...
measurement finished
estimated time: 125.829 actual time: :126.174
flush and close file /Users/jan/PychronDev/data/isotopes/b2/9d7aeb-5fc4-4a88-bcd3-f56bb4caca84.h5
baselines () {'settling_time': 15.0, 'detector': 'H1', 'mass': 34.2, 'ncounts': 60}
%%%%%%%%%%%%%%%%%%%%%%%%%%%%%%%% Baseline
build tables- baseline [Detector(H2), Detector(H1), Detector(AX), Detector(L1), Detector(L2), Detector(CDD)]
add group baseline table H2
add group baseline table H1
add group baseline table AX
add group baseline table L1
add group baseline table L2
add group baseline table CDD
flush and close file /Users/jan/PychronDev/data/isotopes/b2/9d7aeb-5fc4-4a88-bcd3-f56bb4caca84.h5
detector Detector(H1)
POSITION 34.2 H1
Mapping mass to dac mass func: "parabolic"
H1 map mass coeffs = [-0.00063987  0.15840543  0.57060999]
H1 map mass to dac 34.2 >> 5.23965599104
GetDeflection H1 ===>> 0
GetHighVoltage ===>> 4500
positioning 34.2 (5.23965599104) on H1
setting magnet DAC
current  : 5.879000
requested: 5.239656
Delta Dac: 0.639344
Checking detector protection. dv=0.63934
Checking detector "CDD". Protection Threshold: 0.1 (V)
ProtectDetector CDD,On ===>> OK
GetDeflection CDD ===>> 2000
SetMagnetDAC 5.23965599104 ===>> OK
Magnet settling time: 0.500
Get Checksum: -860229079
GetMagnetMoving ===>> True
GetMagnetMoving ===>> True
GetMagnetMoving ===>> True
GetMagnetMoving ===>> True
GetMagnetMoving ===>> True
GetMagnetMoving ===>> True
GetMagnetMoving ===>> True
GetMagnetMoving ===>> True
GetMagnetMoving ===>> False
ProtectDetector CDD,Off ===>> OK
GetDeflection CDD ===>> 50
Delaying 15.0s for detectors to settle
set states for children of B. state=False
handle state [('B', False)]
update switch state B False args=() kw={'refresh': False} ncanvase=2
refresh_canvas_needed fired
Get Checksum: 800219246
set states for children of C. state=False
handle state [('C', False)]
update switch state C False args=() kw={'refresh': False} ncanvase=2
refresh_canvas_needed fired
Get Checksum: -1019187554
Get Checksum: -1019187554
Get Checksum: -1019187554
Get Checksum: -1019187554
Join finished
measuring baseline. ncounts=60
starting measurement
GetData ===>> H2,-0.139355006007629,H1,-0.0810364232594505,AX,-0.104339066975962,L1,-0.0340500469082265,L2,0.05...
Get Checksum: -1019187554
GetData ===>> H2,-0.154772585066748,H1,-0.0311671213160335,AX,-0.122415211651979,L1,0.0133144611054394,L2,-0.08...
GetData ===>> H2,-0.142114863512356,H1,-0.0338621055475884,AX,-0.0669014985655452,L1,-0.00295315770683676,L2,-0...
GetData ===>> H2,-0.126249781207672,H1,-0.00407015008374574,AX,-0.0819941647415056,L1,-0.0289339685796032,L2,0....
Get Checksum: -1019187554
GetData ===>> H2,-0.111536018854023,H1,-0.0208157992851231,AX,-0.14706987070694,L1,-0.03062524504826,L2,0.00015...
GetData ===>> H2,-0.13366017129771,H1,-0.0936696898405696,AX,-0.160703789199409,L1,-0.0582972894793562,L2,-0.10...
GetData ===>> H2,-0.187788594640241,H1,0.00840741838887844,AX,-0.144449527974698,L1,-0.0462504699789169,L2,-0.0...
Get Checksum: -1019187554
GetData ===>> H2,-0.16014351370492,H1,0.034966197834785,AX,-0.0566761041879902,L1,-0.00957152299923486,L2,-0.08...
GetData ===>> H2,-0.129895509632789,H1,-0.0114295161960374,AX,-0.131509950170625,L1,-0.0317905271079034,L2,-0.0...
GetData ===>> H2,-0.161348110991037,H1,-0.0630610646987549,AX,-0.0520731666877478,L1,-0.0498049351415619,L2,-0....
Get Checksum: -1019187554
GetData ===>> H2,-0.200930615083322,H1,-0.0795584652167445,AX,-0.0691388848934276,L1,-0.03860710408377,L2,-0.02...
GetData ===>> H2,-0.194333701454655,H1,-0.0169635939146094,AX,0.0126228722368378,L1,-0.0390263645914673,L2,-0.0...
Get Checksum: -1019187554
GetData ===>> H2,-0.216618452454291,H1,0.0299187716085616,AX,-0.0428434471398664,L1,-0.0417738848443496,L2,0.01...
GetData ===>> H2,-0.216421882889315,H1,-0.0422089413821379,AX,-0.138559296366979,L1,-0.0284236550860397,L2,-0.0...
GetData ===>> H2,-0.216504011684906,H1,0.0316012187430161,AX,-0.0886008164382816,L1,-0.00922859755423375,L2,0.0...
Get Checksum: -1019187554
GetData ===>> H2,-0.318902353116009,H1,0.0377227011472804,AX,-0.0801511766130889,L1,0.030370583608248,L2,-0.090...
GetData ===>> H2,-0.151277584089879,H1,-0.0191580572520554,AX,-0.0450002187770532,L1,0.0127370033165531,L2,-0.0...
GetData ===>> H2,-0.23987656510176,H1,0.00852671431228487,AX,-0.122600590607678,L1,-0.00626168482388713,L2,-0.0...
Get Checksum: -1019187554
GetData ===>> H2,-0.291665449432163,H1,0.0197530968662598,AX,-0.0877779070891746,L1,-0.0461846346887222,L2,0.04...
GetData ===>> H2,-0.233220428361668,H1,0.00673729038773736,AX,0.00532530865957735,L1,-0.0305222434266914,L2,0.0...
GetData ===>> H2,-0.187548557915743,H1,-0.0200048210015289,AX,-0.0097321633623789,L1,-0.0178210081909926,L2,-0....
GetData ===>> H2,-0.160724221206463,H1,0.0097912598415963,AX,-0.0412548267086043,L1,-0.00894561531192762,L2,-0....
Get Checksum: -1019187554
GetData ===>> H2,-0.19446982106136,H1,0.0486301295161475,AX,-0.0509021075445903,L1,0.00232138014281357,L2,0.058...
GetData ===>> H2,-0.241573933600058,H1,-0.0132901454338306,AX,-0.0894700793182818,L1,-0.0242814911060414,L2,0.0...
02:36:19 -- collecting point 25
GetData ===>> H2,-0.37614685848676,H1,-0.0298553770704533,AX,-0.150478529502672,L1,-0.0298179715109592,L2,-0.00...
Get Checksum: -1019187554
GetData ===>> H2,-0.253597615772844,H1,0.0391785473756069,AX,-0.15517393529087,L1,-0.00513777126468887,L2,-0.01...
GetData ===>> H2,-0.242513366508423,H1,-0.0444028512641246,AX,-0.0701010611221519,L1,0.00395410641709819,L2,-0....
Get Checksum: -1019187554
GetData ===>> H2,-0.217182237781726,H1,-0.00206620950835552,AX,-0.0547282881910947,L1,-0.019116074655654,L2,-0....
GetData ===>> H2,-0.0730111979858868,H1,0.0279619183102266,AX,-0.0177471711352723,L1,-0.0306623732810367,L2,-0....
GetData ===>> H2,-0.0766020539001339,H1,-0.00325903611229068,AX,-0.114953415409027,L1,-0.0578090068215696,L2,-0...
Get Checksum: -1019187554
GetData ===>> H2,-0.09253110379022,H1,0.0870789405152063,AX,-0.0855525399052049,L1,-0.0801178684003693,L2,-0.05...
GetData ===>> H2,-0.149075046596813,H1,-0.0267071207359358,AX,0.0474243439220848,L1,-0.0274999936844604,L2,0.04...
GetData ===>> H2,-0.238299153838956,H1,-0.0463940213164758,AX,-0.0988344455783311,L1,-0.0299173870333588,L2,-0....
Get Checksum: -1019187554
GetData ===>> H2,-0.221663372024422,H1,-0.050793532035409,AX,-0.093005001689382,L1,-0.0332047322340307,L2,-0.01...
GetData ===>> H2,-0.26972432783561,H1,-0.0109762807584122,AX,-0.0361177232815355,L1,0.00911454089389164,L2,0.01...
GetData ===>> H2,-0.270096575760733,H1,-0.0365093202912224,AX,0.00344589756966556,L1,0.00704343295564937,L2,-0....
Get Checksum: -1019187554
GetData ===>> H2,-0.178818821466013,H1,0.00698780781156496,AX,-0.0733816627644903,L1,-0.0239411275659883,L2,-0....
GetData ===>> H2,-0.237930602669644,H1,-0.0274822687958086,AX,-0.0517948964846224,L1,-0.00502741226137877,L2,-0...
GetData ===>> H2,-0.199231725031844,H1,-0.0365927898877015,AX,-0.124350087102811,L1,-0.0191916150538196,L2,-0.0...
Get Checksum: -1019187554
GetData ===>> H2,-0.163177719535157,H1,-0.0137075895508819,AX,-0.0303309095587704,L1,-0.0231153385735076,L2,0.0...
GetData ===>> H2,-0.237788021253685,H1,-0.0194442880533384,AX,-0.00890858682095159,L1,-0.0180428601121523,L2,-0...
GetData ===>> H2,-0.259611376185575,H1,-0.0493985861623301,AX,-0.185335062935354,L1,-0.0374642309198697,L2,0.02...
Get Checksum: -1019187554
GetData ===>> H2,-0.162402703713431,H1,0.0252176153141327,AX,-0.110654512075392,L1,-0.0257626574530586,L2,0.043...
GetData ===>> H2,-0.195873644288957,H1,-0.0161525844181608,AX,-0.0071106138211533,L1,0.0454361947122652,L2,-0.0...
GetData ===>> H2,-0.182788576487153,H1,-0.0414577546631765,AX,-0.0382978364113488,L1,0.0126145529029492,L2,0.02...
Get Checksum: -1019187554
GetData ===>> H2,-0.296721687704038,H1,-0.0243220121278085,AX,0.0278346560024084,L1,-0.0197035961361152,L2,-0.1...
GetData ===>> H2,-0.235674646010749,H1,0.00530577427857466,AX,-0.0816927980010184,L1,-0.0553025941811154,L2,0.0...
GetData ===>> H2,-0.209254184452406,H1,-0.0154608358312157,AX,-0.0741467341682231,L1,-0.0849744654932607,L2,-0....
Get Checksum: -1019187554
GetData ===>> H2,-0.189320394511753,H1,-0.0556101187284995,AX,-0.0104049390276124,L1,-0.0287746481332283,L2,-0....
02:36:45 -- collecting point 50
GetData ===>> H2,-0.15724493324215,H1,-0.0685326861145306,AX,0.00207696665395285,L1,0.0165733358924987,L2,-0.09...
GetData ===>> H2,-0.118846580340578,H1,-0.0738728908433515,AX,-0.0969917764171369,L1,0.0186007579766113,L2,-0.0...
set states for children of V. state=False
handle state [('V', False)]
update switch state V False args=() kw={'refresh': False} ncanvase=2
refresh_canvas_needed fired
GetData ===>> H2,-0.163413994303182,H1,0.0138951780151555,AX,-0.0567456683239118,L1,0.0259154766736775,L2,0.010...
Get Checksum: -1401191061
GetData ===>> H2,-0.163847376928539,H1,0.0397513451373623,AX,-0.146640881375184,L1,-0.00806424252390607,L2,0.05...
set states for children of H. state=True
handle state [('H', True)]
update switch state H True args=() kw={'refresh': False} ncanvase=2
refresh_canvas_needed fired
GetData ===>> H2,-0.247704409984222,H1,0.035717963938864,AX,-0.0867347725591179,L1,-0.028609335528017,L2,-0.058...
GetData ===>> H2,-0.302282673386097,H1,-0.0952904463281666,AX,-0.0702517625612114,L1,-0.0278833653948809,L2,-0....
Get Checksum: -1722284511
GetData ===>> H2,-0.173439653973735,H1,0.0567935776216057,AX,-0.10845284381932,L1,-0.0147637503541233,L2,-0.014...
GetData ===>> H2,-0.277086372904082,H1,0.0243346816495517,AX,-0.107711218030318,L1,-0.0124811229532292,L2,-0.02...
GetData ===>> H2,-0.230228629520651,H1,-0.0426978059006487,AX,-0.052397814252345,L1,0.00564453609658824,L2,0.00...
Get Checksum: -1722284511
GetData ===>> H2,-0.0901180858395614,H1,0.0353719121738873,AX,-0.0721413069493828,L1,0.00957177794425705,L2,-0....
GetData ===>> H2,-0.203506778168007,H1,-0.025848488184743,AX,-0.109553684175616,L1,-0.0109455056681665,L2,0.060...
measurement finished
estimated time: 62.915 actual time: :63.107
flush and close file /Users/jan/PychronDev/data/isotopes/b2/9d7aeb-5fc4-4a88-bcd3-f56bb4caca84.h5
activate_detectors ('H1', 'AX', 'CDD') {'peak_center': True}
peak_center () {'detector': 'H1', 'integration_time': 0.262144, 'isotope': 'Ar40'}
peak center: mean=416.678230459 threshold=3
peak center started
setup peak center. detector=['H1', 'AX', 'CDD'], isotope=Ar40
VersionedUnpickler [<apptools.sweet_pickle.versioned_unpickler.VersionedUnpickler object at 0x152f18770>] using Updater [<apptools.sweet_pickle.updater.Updater object at 0x1356d5710>]
VersionedUnpickler [<apptools.sweet_pickle.versioned_unpickler.VersionedUnpickler object at 0x152f18770>] using Updater [<apptools.sweet_pickle.updater.Updater object at 0x1356d5710>]
VersionedUnpickler [<apptools.sweet_pickle.versioned_unpickler.VersionedUnpickler object at 0x14ad5cef0>] using Updater [<apptools.sweet_pickle.updater.Updater object at 0x1356d5710>]
setting integration time = 0.524288
SetIntegrationTime 0.524288 ===>> OK
Mapping mass to dac mass func: "parabolic"
H1 map mass coeffs = [-0.00063987  0.15840543  0.57060999]
H1 map mass to dac 39.9624 >> 5.879
GetDeflection H1 ===>> 0
GetHighVoltage ===>> 4500
do peak center. <pychron.spectrometer.jobs.peak_center.PeakCenter object at 0x1356efa10>
doing pc
starting peak center. center dac= 5.879 step_width=0.001
width = 0.001
get scan parameters. half-width=0.015,window=0.015, i=0, scalar=1
Scan parameters center=5.87900 width=0.03000 (5.86400 - 5.89400)
GetData ===>> H2,-0.157400281376691,H1,-0.0341363697859752,AX,-0.131509950170625,L1,-0.0406457437916535,L2,-0.0...
Moving to starting dac 5.864
setting magnet DAC
current  : 5.239656
requested: 5.864000
Delta Dac: 0.624344
Checking detector protection. dv=0.62434
Checking detector "CDD". Protection Threshold: 0.1 (V)
ProtectDetector CDD,On ===>> OK
GetDeflection CDD ===>> 2000
SetMagnetDAC 5.864 ===>> OK
Magnet settling time: 0.500
Get Checksum: -1722284511
GetMagnetMoving ===>> True
GetMagnetMoving ===>> True
GetMagnetMoving ===>> True
GetMagnetMoving ===>> True
GetMagnetMoving ===>> True
GetMagnetMoving ===>> True
GetMagnetMoving ===>> True
GetMagnetMoving ===>> True
GetMagnetMoving ===>> False
ProtectDetector CDD,Off ===>> OK
GetDeflection CDD ===>> 50
Wait until signal near baseline. tol= -0.0256022773395. timeout= 10
GetData ===>> H2,2.29031076664194,H1,1.08226907636746,AX,-0.00451219416037724,L1,0.0107379765630585,L2,0.042504...
GetData ===>> H2,23.3329786406309,H1,12.9758349079005,AX,1.34553215850721,L1,0.0224358808059406,L2,-0.042873024...
Get Checksum: -1722284511
GetData ===>> H2,23.1564065933503,H1,13.0956511016387,AX,1.81496668270764,L1,0.0225271178153127,L2,-0.004281335...
GetData ===>> H2,12.0647727595714,H1,6.35037648641188,AX,0.744619883197671,L1,-0.00955233866747427,L2,-0.016737...
GetData ===>> H2,4.75852599985243,H1,3.24978833506922,AX,0.318604611755188,L1,-0.0438657603056593,L2,-0.0379787...
GetData ===>> H2,1.50602862381432,H1,1.62554537820097,AX,0.0704860398798833,L1,-0.0231304900467127,L2,-0.105633...
GetData ===>> H2,0.378047859991666,H1,1.08020692215212,AX,-0.0252512183515481,L1,-0.012309711251727,L2,-0.02814...
GetData ===>> H2,0.167932569498229,H1,0.588485332820255,AX,-0.0780299583864739,L1,-0.0108591876713481,L2,-0.106...
Get Checksum: -1722284511
GetData ===>> H2,0.187236272105144,H1,0.518798010522503,AX,-0.0384253947098268,L1,-0.0163724617901479,L2,-0.021...
GetData ===>> H2,0.120946093140653,H1,0.328651281604686,AX,-0.125983694496112,L1,-0.0304176508463146,L2,-0.0210...
GetData ===>> H2,0.0295294462703523,H1,0.35197068643178,AX,-0.0481193362186293,L1,-0.0238513020055249,L2,0.0797...
GetData ===>> H2,-0.0157611487767945,H1,0.320337887252786,AX,-0.0270372587229311,L1,0.0070286781919702,L2,0.051...
GetData ===>> H2,-0.060346518594898,H1,0.40056223456062,AX,-0.0603165605080623,L1,0.0257953877975049,L2,0.04036...
GetData ===>> H2,-0.103460204719079,H1,0.238196575426719,AX,0.0512069252705285,L1,0.0299921413393497,L2,0.02475...
Get Checksum: -1722284511
GetData ===>> H2,-0.0656259513364548,H1,0.269134934950555,AX,0.0812395120017929,L1,0.00819862615643027,L2,-0.02...
GetData ===>> H2,-0.101412881512801,H1,0.301157598769941,AX,0.134584087916514,L1,0.00245222859536662,L2,0.00683...
GetData ===>> H2,-0.100831341995069,H1,0.208890334593082,AX,0.101915471339121,L1,0.0133307404765296,L2,0.068048...
GetData ===>> H2,-0.0977906228851309,H1,0.233613926897225,AX,-0.00810820294195027,L1,-0.0071971841978731,L2,0.0...
GetData ===>> H2,-0.150200654607532,H1,0.310281512527966,AX,0.0133074094448686,L1,0.00916489464232046,L2,-0.040...
GetData ===>> H2,-0.267565207618405,H1,0.233446855128716,AX,-0.115671811995864,L1,0.0365321792388357,L2,-0.0378...
Get Checksum: -1722284511
GetData ===>> H2,-0.267565207618405,H1,0.233446855128716,AX,-0.115671811995864,L1,0.0365321792388357,L2,-0.0378...
Peak center failed to move to a baseline position
_do_sweep sm= 5.864, em= 5.894, stm= 0.001
calculated step values: start=5.864, end=5.894, width=0.001, nsteps=31.0
setting magnet DAC
current  : 5.864000
requested: 5.864000
Delta Dac: 0.000000
Checking detector protection. dv=0.00000
Checking detector "CDD". Protection Threshold: 0.1 (V)
SetMagnetDAC 5.864 ===>> OK
GetData ===>> H2,-0.240396167328457,H1,0.202519509242438,AX,-0.15756137943972,L1,-0.0161711605661093,L2,-0.1087...
setting magnet DAC
current  : 5.864000
requested: 5.865034
Delta Dac: 0.001034
Checking detector protection. dv=0.00103
Checking detector "CDD". Protection Threshold: 0.1 (V)
SetMagnetDAC 5.86503448276 ===>> OK
Magnet settling time: 1.049
GetData ===>> H2,-0.164404944523045,H1,0.759706530189486,AX,0.122711754697629,L1,-0.00872258132850737,L2,-0.094...
setting magnet DAC
current  : 5.865034
requested: 5.866069
Delta Dac: 0.001034
Checking detector protection. dv=0.00103
Checking detector "CDD". Protection Threshold: 0.1 (V)
SetMagnetDAC 5.86606896552 ===>> OK
Magnet settling time: 1.049
GetData ===>> H2,-0.140763560141416,H1,2.99725931501464,AX,0.479673769693744,L1,-0.0223377767271237,L2,-0.00104...
setting magnet DAC
current  : 5.866069
requested: 5.867103
Delta Dac: 0.001034
Checking detector protection. dv=0.00103
Checking detector "CDD". Protection Threshold: 0.1 (V)
SetMagnetDAC 5.86710344828 ===>> OK
Magnet settling time: 1.049
Get Checksum: -1401191061
State checksums do not match. Local:-1722284511 Remote:-1401191061
State checksum failed
GetData ===>> H2,-0.0965838486867486,H1,11.4116911169916,AX,1.3877505442682,L1,-0.0059186466039457,L2,0.0143256...
setting magnet DAC
current  : 5.867103
requested: 5.868138
Delta Dac: 0.001034
Checking detector protection. dv=0.00103
Checking detector "CDD". Protection Threshold: 0.1 (V)
SetMagnetDAC 5.86813793103 ===>> OK
Magnet settling time: 1.049
set states for children of H. state=False
handle state [('H', False)]
update switch state H False args=() kw={'refresh': False} ncanvase=2
refresh_canvas_needed fired
GetData ===>> H2,-0.093698976750701,H1,38.2579938602304,AX,4.95022080063276,L1,0.036164324776825,L2,0.014006771...
setting magnet DAC
current  : 5.868138
requested: 5.869172
Delta Dac: 0.001034
Checking detector protection. dv=0.00103
Checking detector "CDD". Protection Threshold: 0.1 (V)
SetMagnetDAC 5.86917241379 ===>> OK
Magnet settling time: 1.049
GetData ===>> H2,-0.167231511577315,H1,101.902559432337,AX,14.6618651825594,L1,0.020395268743007,L2,-0.02923679...
setting magnet DAC
current  : 5.869172
requested: 5.870207
Delta Dac: 0.001034
Checking detector protection. dv=0.00103
Checking detector "CDD". Protection Threshold: 0.1 (V)
SetMagnetDAC 5.87020689655 ===>> OK
Magnet settling time: 1.049
set states for children of C. state=True
set states for children of B. state=True
handle state [('C', True), ('B', True)]
update switch state C True args=() kw={'refresh': True} ncanvase=2
update switch state B True args=() kw={'refresh': False} ncanvase=2
refresh_canvas_needed fired
Get Checksum: -110011688
GetData ===>> H2,-0.125614328639267,H1,200.269120970279,AX,32.1920643979254,L1,0.17363649510558,L2,0.1053629941...
setting magnet DAC
current  : 5.870207
requested: 5.871241
Delta Dac: 0.001034
Checking detector protection. dv=0.00103
Checking detector "CDD". Protection Threshold: 0.1 (V)
SetMagnetDAC 5.87124137931 ===>> OK
Magnet settling time: 1.049
GetData ===>> H2,-0.094857343521052,H1,296.30850746306,AX,52.4702252733306,L1,0.377216035775026,L2,0.3606124201...
setting magnet DAC
current  : 5.871241
requested: 5.872276
Delta Dac: 0.001034
Checking detector protection. dv=0.00103
Checking detector "CDD". Protection Threshold: 0.1 (V)
SetMagnetDAC 5.87227586207 ===>> OK
Magnet settling time: 1.049
GetData ===>> H2,-0.105855942771236,H1,358.505091307404,AX,68.1663899429936,L1,0.631012651123152,L2,1.031059514...
setting magnet DAC
current  : 5.872276
requested: 5.873310
Delta Dac: 0.001034
Checking detector protection. dv=0.00103
Checking detector "CDD". Protection Threshold: 0.1 (V)
SetMagnetDAC 5.87331034483 ===>> OK
Magnet settling time: 1.049
Get Checksum: -110011688
GetData ===>> H2,-0.0695141414559167,H1,386.289925245653,AX,76.7685332259676,L1,0.78712515190971,L2,1.258500785...
setting magnet DAC
current  : 5.873310
requested: 5.874345
Delta Dac: 0.001034
Checking detector protection. dv=0.00103
Checking detector "CDD". Protection Threshold: 0.1 (V)
SetMagnetDAC 5.87434482759 ===>> OK
Magnet settling time: 1.049
GetData ===>> H2,-0.210729307694433,H1,395.585826056857,AX,80.0163738746496,L1,0.814333197082108,L2,1.688172997...
setting magnet DAC
current  : 5.874345
requested: 5.875379
Delta Dac: 0.001034
Checking detector protection. dv=0.00103
Checking detector "CDD". Protection Threshold: 0.1 (V)
SetMagnetDAC 5.87537931034 ===>> OK
Magnet settling time: 1.049
GetData ===>> H2,-0.327402622256989,H1,397.728200711112,AX,80.741988581033,L1,0.926813288898609,L2,1.6838717121...
setting magnet DAC
current  : 5.875379
requested: 5.876414
Delta Dac: 0.001034
Checking detector protection. dv=0.00103
Checking detector "CDD". Protection Threshold: 0.1 (V)
Get Checksum: -110011688
SetMagnetDAC 5.8764137931 ===>> OK
Magnet settling time: 1.049
GetData ===>> H2,-0.178886684895335,H1,398.615242136378,AX,81.0369491709683,L1,1.01240352810071,L2,1.8274955501...
setting magnet DAC
current  : 5.876414
requested: 5.877448
Delta Dac: 0.001034
Checking detector protection. dv=0.00103
Checking detector "CDD". Protection Threshold: 0.1 (V)
SetMagnetDAC 5.87744827586 ===>> OK
Magnet settling time: 1.049
GetData ===>> H2,-0.356536498867151,H1,398.682768936389,AX,81.0020592411663,L1,1.0618927404303,L2,1.79722009867...
setting magnet DAC
current  : 5.877448
requested: 5.878483
Delta Dac: 0.001034
Checking detector protection. dv=0.00103
Checking detector "CDD". Protection Threshold: 0.1 (V)
SetMagnetDAC 5.87848275862 ===>> OK
Magnet settling time: 1.049
Get Checksum: -110011688
GetData ===>> H2,-0.278581955820583,H1,398.273492087105,AX,81.0799330874434,L1,1.0678818928347,L2,1.93230303030...
setting magnet DAC
current  : 5.878483
requested: 5.879517
Delta Dac: 0.001034
Checking detector protection. dv=0.00103
Checking detector "CDD". Protection Threshold: 0.1 (V)
SetMagnetDAC 5.87951724138 ===>> OK
Magnet settling time: 1.049
GetData ===>> H2,-0.224286036691115,H1,398.164223234856,AX,81.1979784731026,L1,1.04781009278104,L2,1.8738811456...
setting magnet DAC
current  : 5.879517
requested: 5.880552
Delta Dac: 0.001034
Checking detector protection. dv=0.00103
Checking detector "CDD". Protection Threshold: 0.1 (V)
SetMagnetDAC 5.88055172414 ===>> OK
Magnet settling time: 1.049
GetData ===>> H2,-0.178252973444367,H1,397.965402121719,AX,81.3321434870215,L1,1.07502722500645,L2,1.8800000959...
setting magnet DAC
current  : 5.880552
requested: 5.881586
Delta Dac: 0.001034
Checking detector protection. dv=0.00103
Checking detector "CDD". Protection Threshold: 0.1 (V)
SetMagnetDAC 5.8815862069 ===>> OK
Magnet settling time: 1.049
Get Checksum: -110011688
GetData ===>> H2,-0.112169552511916,H1,397.755848082319,AX,81.2609362998765,L1,1.02744163503359,L2,1.7901181215...
setting magnet DAC
current  : 5.881586
requested: 5.882621
Delta Dac: 0.001034
Checking detector protection. dv=0.00103
Checking detector "CDD". Protection Threshold: 0.1 (V)
SetMagnetDAC 5.88262068966 ===>> OK
Magnet settling time: 1.049
GetData ===>> H2,-0.0316066992873264,H1,397.266059509736,AX,80.7919865834423,L1,1.06051849244813,L2,1.783775049...
setting magnet DAC
current  : 5.882621
requested: 5.883655
Delta Dac: 0.001034
Checking detector protection. dv=0.00103
Checking detector "CDD". Protection Threshold: 0.1 (V)
SetMagnetDAC 5.88365517241 ===>> OK
Magnet settling time: 1.049
GetData ===>> H2,-0.129723860893788,H1,394.423973758737,AX,79.7742650540302,L1,1.06329243343598,L2,1.7615775795...
setting magnet DAC
current  : 5.883655
requested: 5.884690
Delta Dac: 0.001034
Checking detector protection. dv=0.00103
Checking detector "CDD". Protection Threshold: 0.1 (V)
SetMagnetDAC 5.88468965517 ===>> OK
Magnet settling time: 1.049
Get Checksum: -110011688
GetData ===>> H2,-0.128626328844833,H1,384.235682886457,AX,76.1321204506939,L1,0.971395371742103,L2,1.696592110...
setting magnet DAC
current  : 5.884690
requested: 5.885724
Delta Dac: 0.001034
Checking detector protection. dv=0.00103
Checking detector "CDD". Protection Threshold: 0.1 (V)
SetMagnetDAC 5.88572413793 ===>> OK
Magnet settling time: 1.049
GetData ===>> H2,-0.29693639672789,H1,354.647166775904,AX,66.0449266742909,L1,0.814203427343001,L2,1.2628600723...
setting magnet DAC
current  : 5.885724
requested: 5.886759
Delta Dac: 0.001034
Checking detector protection. dv=0.00103
Checking detector "CDD". Protection Threshold: 0.1 (V)
SetMagnetDAC 5.88675862069 ===>> OK
Magnet settling time: 1.049
GetData ===>> H2,-0.23218640134249,H1,288.344145121638,AX,48.1417429730271,L1,0.699925517442235,L2,0.7045253956...
setting magnet DAC
current  : 5.886759
requested: 5.887793
Delta Dac: 0.001034
Checking detector protection. dv=0.00103
Checking detector "CDD". Protection Threshold: 0.1 (V)
SetMagnetDAC 5.88779310345 ===>> OK
Magnet settling time: 1.049
Get Checksum: -110011688
GetData ===>> H2,-0.153775387135107,H1,191.241738142343,AX,27.3378259422072,L1,0.543753595907341,L2,0.306211578...
setting magnet DAC
current  : 5.887793
requested: 5.888828
Delta Dac: 0.001034
Checking detector protection. dv=0.00103
Checking detector "CDD". Protection Threshold: 0.1 (V)
SetMagnetDAC 5.88882758621 ===>> OK
Magnet settling time: 1.049
GetData ===>> H2,-0.121941527070112,H1,97.9898171704618,AX,11.9063588372021,L1,0.363611723307784,L2,0.119179982...
setting magnet DAC
current  : 5.888828
requested: 5.889862
Delta Dac: 0.001034
Checking detector protection. dv=0.00103
Checking detector "CDD". Protection Threshold: 0.1 (V)
SetMagnetDAC 5.88986206897 ===>> OK
Magnet settling time: 1.049
Get Checksum: -110011688
GetData ===>> H2,-0.13241317663557,H1,21.8803534239312,AX,1.78071852458507,L1,0.138085314114671,L2,-0.008448621...
setting magnet DAC
current  : 5.889862
requested: 5.890897
Delta Dac: 0.001034
Checking detector protection. dv=0.00103
Checking detector "CDD". Protection Threshold: 0.1 (V)
SetMagnetDAC 5.89089655172 ===>> OK
Magnet settling time: 1.049
GetData ===>> H2,-0.181679985827774,H1,6.20129629153612,AX,0.231936122609001,L1,0.0886013829122851,L2,0.0038260...
setting magnet DAC
current  : 5.890897
requested: 5.891931
Delta Dac: 0.001034
Checking detector protection. dv=0.00103
Checking detector "CDD". Protection Threshold: 0.1 (V)
SetMagnetDAC 5.89193103448 ===>> OK
Magnet settling time: 1.049
GetData ===>> H2,-0.276821716703385,H1,1.49859095756908,AX,0.0591776348027411,L1,0.0744156405027959,L2,-0.01040...
setting magnet DAC
current  : 5.891931
requested: 5.892966
Delta Dac: 0.001034
Checking detector protection. dv=0.00103
Checking detector "CDD". Protection Threshold: 0.1 (V)
SetMagnetDAC 5.89296551724 ===>> OK
Magnet settling time: 1.049
Get Checksum: -110011688
GetData ===>> H2,-0.269651806945643,H1,0.209176673333889,AX,-0.124037265536198,L1,0.0268978573836192,L2,-0.1209...
setting magnet DAC
current  : 5.892966
requested: 5.894000
Delta Dac: 0.001034
Checking detector protection. dv=0.00103
Checking detector "CDD". Protection Threshold: 0.1 (V)
SetMagnetDAC 5.894 ===>> OK
Magnet settling time: 1.049
GetData ===>> H2,-0.184461816831261,H1,0.00611696422698778,AX,0.0710885737224971,L1,0.0283031404102259,L2,0.040...
result of _do_sweep=True
result of _calculate_peak_center=([5.8712268675281596, 5.8789471356506109, 5.8866674037730622], [294.72388719309413, 398.68019777566712, 294.19050374447875], 5.8774088867389951, 398.68019777566712)
Failed to find a valid peak. No peak greater than 1.0. max = 0.0706347192234
new center pos Detector(H1) (Ar40) @ 5.87894713565
GetHighVoltage ===>> 4500
GetDeflection H1 ===>> 0
dac uncorrected for HV and deflection 5.87894713565
update mftable H1 Ar40 5.87894713565 message=automated run peakcenter
get initial guess parabolic
get initial guess parabolic
get initial guess parabolic
get initial guess parabolic
get initial guess parabolic
get initial guess parabolic
dump mftable to /Users/jan/PychronDev/setupfiles/spectrometer/mftables/mftable.csv
add to repo msg=modified - automated run peakcenter
locally archiving mftable
setting magnet DAC
current  : 5.894000
requested: 5.878947
Delta Dac: 0.015053
Checking detector protection. dv=0.01505
Checking detector "CDD". Protection Threshold: 0.1 (V)
SetMagnetDAC 5.87894713565 ===>> OK
Magnet settling time: 0.500
sweep finished
setting integration time = 1.048576
SetIntegrationTime 1.048576 ===>> OK
Failed to find a valid peak. No peak greater than 1.0. max = 0.0708047673444
flush and close file /Users/jan/PychronDev/data/isotopes/b2/9d7aeb-5fc4-4a88-bcd3-f56bb4caca84.h5
finished measure script
executed 226.132928
jan_unknown120_60.py completed successfully
Measurement Finished
02:37:43 -- ******* Measurement Finished *******
Post Measurement Started jan_pump_ms.py
02:37:43 -- ******* Post Measurement Started jan_pump_ms.py *******
testing...
no interpolation path defined
executed 0
Pumping spectrometer
open () {'name': 'O'}
opening name=O desc=---
checking ownership. requestor=129.138.12.150
check software interlocks O
interlocks []
actuate state mode=None-script, software_lock=False
doing actuation None-script open_channel True
Open O ===>> OK
GetIndicatorState O ===>> OK
change switch state (True, True)
update switch state O True args=() kw={} ncanvase=2
02:37:43 -- OPEN   VALVE-O (Jan Ion Pump)
---------------------------------------- open O () result=[(True, True)], time=0.10 sec
Get Checksum: 2035439760
action=open, ok=True, locked=[False]
executed 0
jan_pump_ms.py completed successfully
setting _ms_pumptime
Post Measurement Finished
02:37:44 -- ******* Post Measurement Finished *******
$$$$$$$$$$$$$$$$$$$$ state at run end measurement
state changed from measurement to success
post measurement save measured=True aborted=False
Set filtering
setting fod for Ar40= {'filter_outliers': True, 'std_devs': 2, 'iterations': 1}
setting fod for H1= {'filter_outliers': True, 'std_devs': 2, 'iterations': 1}
setting fod for PM41= {'filter_outliers': False, 'std_devs': 2, 'iterations': 1}
setting fod for H2= {'filter_outliers': True, 'std_devs': 2, 'iterations': 1}
setting fod for Ar36= {'filter_outliers': True, 'std_devs': 2, 'iterations': 1}
setting fod for CDD= {'filter_outliers': True, 'std_devs': 10, 'iterations': 1}
setting fod for Ar37= {'filter_outliers': True, 'std_devs': 2, 'iterations': 1}
setting fod for L2= {'filter_outliers': True, 'std_devs': 2, 'iterations': 1}
setting fod for Ar38= {'filter_outliers': True, 'std_devs': 2, 'iterations': 1}
setting fod for L1= {'filter_outliers': True, 'std_devs': 2, 'iterations': 1}
setting fod for Ar39= {'filter_outliers': True, 'std_devs': 2, 'iterations': 1}
setting fod for AX= {'filter_outliers': True, 'std_devs': 2, 'iterations': 1}
persistence save...
persistence save - db
post measurement save
5547224336 connecting to database sqlite:////Users/jan/PychronDev/.appdata/local_lab.db
connected to db sqlite:////Users/jan/PychronDev/.appdata/local_lab.db
create new session 5547224336
close session 5547224336
No database instance. Not saving post measurement to isotopedb database
$$$$$$$$$$$$$$$ auto_save_detector_ic=False
massspec enabled True
create new session 4979649712
MassSpec Database Version: 16.0
close session 4979649712
saving post measurement to secondary database
saving to massspec database 129.138.12.160/massspecdata
setting labnumber to 65571
setting aliquot to 4
setting step to B
setting uuid to b29d7aeb-5fc4-4a88-bcd3-f56bb4caca84
setting irradpos to 65571
setting extract_device to Fusions CO2
setting tray to 
setting position to 187
setting power_requested to 0.4
setting extract_value to 0.4
setting duration to 30.0
setting duration_at_request to 30.0
setting first_stage_delay to 30.0
setting cleanup to 30.0
setting comment to M:14 with inclusions
setting irradiation to NM-289
setting level to M
setting irradiation_level to M
setting sample to NM-2602 W
setting material to Sanidine
setting project to JoyitaHills
setting mass_spectrometer to Jan
no attribute chron_dosages
no attribute production_ratios
no attribute interference_corrections
no attribute production_name
no attribute j
Reference Isotope=Ar40
Reference Detector=H1
%%%%%%%%%%%%%%%%%%%% Comment: M:14 with inclusions %%%%%%%%%%%%%%%%%%%
adding isotope PM41 H2
add baseline dbdet= PM41. original det= H2
get baseline data PM41 H2
Get data baseline <pychron.processing.isotope.Baseline object at 0x154dfd610> len t=60
baseline PM41. v=-0.196871209967, e=0.0073070032256
get signal data PM41 H2
Get data signal PM41 0.06+/-0.08 len t=120
adding isotope Ar40 H1
add baseline dbdet= Ar40. original det= H1
get baseline data Ar40 H1
Get data baseline <pychron.processing.isotope.Baseline object at 0x154dfd510> len t=60
baseline Ar40. v=-0.0114315707486, e=0.00459132349401
get signal data Ar40 H1
Get data signal Ar40 436.893+/-0.034 len t=120
adding isotope Ar39 AX
add baseline dbdet= Ar39. original det= AX
get baseline data Ar39 AX
Get data baseline <pychron.processing.isotope.Baseline object at 0x154dfde10> len t=60
baseline Ar39. v=-0.0737628548346, e=0.00619640298283
get signal data Ar39 AX
Get data signal Ar39 89.290+/-0.019 len t=120
adding isotope Ar38 L1
add baseline dbdet= Ar38. original det= L1
get baseline data Ar38 L1
Get data baseline <pychron.processing.isotope.Baseline object at 0x154dfd390> len t=60
baseline Ar38. v=-0.0176809862111, e=0.00283294278782
get signal data Ar38 L1
Get data signal Ar38 1.180+/-0.004 len t=120
adding isotope Ar37 L2
add baseline dbdet= Ar37. original det= L2
get baseline data Ar37 L2
Get data baseline <pychron.processing.isotope.Baseline object at 0x154dfd4d0> len t=60
baseline Ar37. v=-0.0227219994471, e=0.0063444906107
get signal data Ar37 L2
Get data signal Ar37 2.042+/-0.010 len t=120
adding isotope Ar36 CDD
add baseline dbdet= Ar36. original det= CDD
get baseline data Ar36 CDD
Get data baseline <pychron.processing.isotope.Baseline object at 0x13856b6d0> len t=60
baseline Ar36. v=0.000116611239342, e=1.46284859493e-05
get signal data Ar36 CDD
Get data signal Ar36 0.0619+/-0.0005 len t=120
65571-04B added analysis time 0.58088517189s
analysis added to mass spec database
mass spec save time= 0.594
persistence save - dvc
================= post measurement started
create new session 4984345712
close session 4984345712
---------------- Experiment Queue saving disabled
DVC saving peakcenter
Failed to find a valid peak. No peak greater than 1.0. max = 0.0708047673444
Smart pull ahead: 0 behind: 0
Up-to-date with origin
add to repo msg=modified - ad8224ebc6dbfeb9f5997218dfa5fe690569839d.json
add to repo msg=modified - 71-04B.json
Get Checksum: 2035439760
add to repo msg=modified - 71-04B.dat.json
add to repo msg=modified - 71-04B.blan.json
add to repo msg=modified - 71-04B.inte.json
add to repo msg=modified - 71-04B.icfa.json
add to repo msg=modified - 71-04B.base.json
not at valid file /Users/jan/PychronDev/data/.dvc/repositories/Load1783/655/tags/71-04B.tags.json
add to repo msg=modified - 71-04B.peak.json
add to repo msg=modified - 71-04B.extr.json
not at valid file /Users/jan/PychronDev/data/.dvc/repositories/Load1783/655/monitor/71-04B.moni.json
commit message=<COLLECTION>
add to repo msg=modified - 71-04B.inte.json
add to repo msg=modified - 71-04B.base.json
commit message=<ISOEVO> default collection fits
Get Checksum: 2035439760
add to repo msg=modified - 71-04B.blan.json
commit message=<BLANKS> preceding bc-02-J-262
add to repo msg=modified - 71-04B.icfa.json
commit message=<ICFactor> default
push repository <pychron.git_archive.repo_manager.GitRepoManager object at 0x144089f50>
pushing to remote=origin, url=https://github.com
Get Checksum: 2035439760
no changes to meta repo
Get Checksum: 2035439760
create new session 4984345712
add association Load1783
get identifier "65571"
setting analysis irradiation position=<pychron.dvc.dvc_orm.IrradiationPositionTbl object at 0x152d6b310>
close session 4984345712
================= post measurement finished
02:37:57 -- ******* Post Run Check *******
loading queue conditionals post_run_actions
loading system conditionals post_run_actions
loading conditionals from /Users/jan/PychronDev/setupfiles/spectrometer/default_conditionals.yaml
loading queue conditionals post_run_terminations
loading system conditionals post_run_terminations
loading conditionals from /Users/jan/PychronDev/setupfiles/spectrometer/default_conditionals.yaml
Checking default post run terminations n=1
GetDeflection CDD ===>> 50
testing CDD==2000
evaluate ot="CDD.deflection==2000" t="CDD==2000", ctx="{'CDD': 50.0}"
02:37:57 -- ******* Post Run Check Passed *******
02:37:57 -- Automated run 65571-04B success duration: 362.567 s
----------------- finish -----------------
----------------- stop -----------------
retroactive repository identifiers disabled
finish run. runs completed=47
update duration runid=65571-04B, duration=362.567167997, md5=301e91d8
loading script "jan_unknown120_60.py"
loading script "jan_pump_ms.py"
loading script "jan_co2.py"
loading script "jan_pump_extraction_line.py"
testing...
no interpolation path defined
executed 213.652928
script duration name:unknown120_60 seconds:214.0
loading script "jan_unknown120_60.py"
loading script "jan_pump_ms.py"
loading script "jan_co2.py"
loading script "jan_pump_extraction_line.py"
testing...
no interpolation path defined
executed 0
loading script "jan_unknown120_60.py"
loading script "jan_pump_ms.py"
loading script "jan_co2.py"
loading script "jan_pump_extraction_line.py"
testing...
no interpolation path defined
calculate duration
testing...
no interpolation path defined
executed 0
calculate duration
testing...
no interpolation path defined
executed 0
executed 0.0
script duration name:co2 seconds:0.0
loading script "jan_unknown120_60.py"
loading script "jan_pump_ms.py"
loading script "jan_co2.py"
loading script "jan_pump_extraction_line.py"
testing...
no interpolation path defined
calculate duration
testing...
no interpolation path defined
executed 4.0
executed 4.0
Script duration 214.0
Run total estimated duration= 215.000
unknown120_60 in script context. using previous estimated duration
script duration name:unknown120_60 seconds:214.0
pump_ms in script context. using previous estimated duration
co2 in script context. using previous estimated duration
script duration name:co2 seconds:0.0
pump_extraction_line in script context. using previous estimated duration
Script duration 214.0
Run total estimated duration= 215.000
script duration name:unknown120_60 seconds:214.0
script duration name:co2 seconds:0.0
Script duration 214.0
Run total estimated duration= 215.000
script duration name:unknown120_60 seconds:214.0
script duration name:co2 seconds:0.0
Script duration 214.0
Run total estimated duration= 215.000
loading script "jan_unknown400_120.py"
loading script "jan_pump_ms.py"
loading script "jan_co2.py"
loading script "jan_pump_extraction_line.py"
testing...
no interpolation path defined
executed 556.052928
script duration name:unknown400_120 seconds:556.0
script duration name:co2 seconds:0.0
Script duration 556.0
Run total estimated duration= 557.000
script duration name:unknown120_60 seconds:214.0
script duration name:co2 seconds:0.0
Script duration 214.0
Run total estimated duration= 215.000
script duration name:unknown120_60 seconds:214.0
script duration name:co2 seconds:0.0
Script duration 214.0
Run total estimated duration= 215.000
script duration name:unknown120_60 seconds:214.0
script duration name:co2 seconds:0.0
Script duration 214.0
Run total estimated duration= 215.000
script duration name:unknown120_60 seconds:214.0
script duration name:co2 seconds:0.0
Script duration 214.0
Run total estimated duration= 215.000
script duration name:unknown120_60 seconds:214.0
script duration name:co2 seconds:0.0
Script duration 214.0
Run total estimated duration= 215.000
script duration name:unknown120_60 seconds:214.0
script duration name:co2 seconds:0.0
Script duration 214.0
Run total estimated duration= 215.000
script duration name:unknown120_60 seconds:214.0
script duration name:co2 seconds:0.0
Script duration 214.0
Run total estimated duration= 215.000
script duration name:unknown120_60 seconds:214.0
script duration name:co2 seconds:0.0
Script duration 214.0
Run total estimated duration= 215.000
script duration name:unknown120_60 seconds:214.0
script duration name:co2 seconds:0.0
Script duration 214.0
Run total estimated duration= 215.000
script duration name:unknown120_60 seconds:214.0
script duration name:co2 seconds:0.0
Script duration 214.0
Run total estimated duration= 215.000
script duration name:unknown120_60 seconds:214.0
script duration name:co2 seconds:0.0
Script duration 214.0
Run total estimated duration= 215.000
script duration name:unknown120_60 seconds:214.0
script duration name:co2 seconds:0.0
Script duration 214.0
Run total estimated duration= 215.000
script duration name:unknown120_60 seconds:214.0
script duration name:co2 seconds:0.0
Script duration 214.0
Run total estimated duration= 215.000
script duration name:unknown120_60 seconds:214.0
script duration name:co2 seconds:0.0
Script duration 214.0
Run total estimated duration= 215.000
script duration name:unknown120_60 seconds:214.0
script duration name:co2 seconds:0.0
Script duration 214.0
Run total estimated duration= 215.000
script duration name:unknown120_60 seconds:214.0
script duration name:co2 seconds:0.0
Script duration 214.0
Run total estimated duration= 215.000
script duration name:unknown120_60 seconds:214.0
script duration name:co2 seconds:0.0
Script duration 214.0
Run total estimated duration= 215.000
script duration name:unknown120_60 seconds:214.0
script duration name:co2 seconds:0.0
Script duration 214.0
Run total estimated duration= 215.000
script duration name:unknown120_60 seconds:214.0
script duration name:co2 seconds:0.0
Script duration 214.0
Run total estimated duration= 215.000
unknown400_120 in script context. using previous estimated duration
script duration name:unknown400_120 seconds:556.0
script duration name:co2 seconds:0.0
Script duration 556.0
Run total estimated duration= 557.000
script duration name:unknown400_120 seconds:556.0
loading script "jan_unknown400_120.py"
loading script "jan_pump_ms.py"
loading script "jan_cocktail_x1.py"
loading script "jan_pump_extraction_line.py"
testing...
no interpolation path defined
calculate duration
testing...
no interpolation path defined
executed 0
calculate duration
testing...
no interpolation path defined
executed 0
calculate duration
testing...
no interpolation path defined
executed 32.0
calculate duration
testing...
no interpolation path defined
executed 34.0
calculate duration
testing...
no interpolation path defined
executed 4.0
calculate duration
testing...
no interpolation path defined
executed 38.0
executed 108.0
script duration name:cocktail_x1 seconds:108.0
Script duration 664.0
Run total estimated duration= 665.000
script duration name:unknown120_60 seconds:214.0
cocktail_x1 in script context. using previous estimated duration
script duration name:cocktail_x1 seconds:108.0
Script duration 322.0
Run total estimated duration= 323.000
loading script "jan_ic_peak_hop3.py"
loading script "jan_pump_ms.py"
loading script "jan_air_x1.py"
loading script "jan_pump_extraction_line.py"
testing...
no interpolation path defined
executed 133.8
script duration name:ic_peak_hop3 seconds:134.0
loading script "jan_ic_peak_hop3.py"
loading script "jan_pump_ms.py"
loading script "jan_air_x1.py"
loading script "jan_pump_extraction_line.py"
testing...
no interpolation path defined
calculate duration
testing...
no interpolation path defined
executed 0
calculate duration
testing...
no interpolation path defined
executed 0
calculate duration
testing...
no interpolation path defined
executed 32.0
calculate duration
testing...
no interpolation path defined
executed 34.0
calculate duration
testing...
no interpolation path defined
executed 4.0
calculate duration
testing...
no interpolation path defined
executed 36.0
executed 106.0
script duration name:air_x1 seconds:106.0
Script duration 240.0
Run total estimated duration= 241.000
script duration name:unknown120_60 seconds:214.0
script duration name:co2 seconds:0.0
Script duration 214.0
Run total estimated duration= 215.000
script duration name:unknown120_60 seconds:214.0
script duration name:co2 seconds:0.0
Script duration 214.0
Run total estimated duration= 215.000
script duration name:unknown120_60 seconds:214.0
script duration name:co2 seconds:0.0
Script duration 214.0
Run total estimated duration= 215.000
script duration name:unknown400_120 seconds:556.0
loading script "jan_unknown400_120.py"
loading script "jan_pump_ms.py"
loading script "jan_sniffair_x2.py"
loading script "jan_pump_extraction_line.py"
testing...
no interpolation path defined
calculate duration
testing...
no interpolation path defined
executed 0
calculate duration
testing...
no interpolation path defined
executed 0
calculate duration
testing...
no interpolation path defined
executed 32.0
calculate duration
testing...
no interpolation path defined
executed 34.0
calculate duration
testing...
no interpolation path defined
executed 4.0
calculate duration
testing...
no interpolation path defined
executed 36.0
calculate duration
testing...
no interpolation path defined
executed 34.0
calculate duration
testing...
no interpolation path defined
executed 4.0
calculate duration
testing...
no interpolation path defined
executed 36.0
calculate duration
testing...
no interpolation path defined
executed 70.0
executed 250.0
script duration name:sniffair_x2 seconds:250.0
Script duration 806.0
Run total estimated duration= 807.000
script duration name:unknown400_120 seconds:556.0
sniffair_x2 in script context. using previous estimated duration
script duration name:sniffair_x2 seconds:250.0
Script duration 806.0
Run total estimated duration= 807.000
script duration name:unknown120_60 seconds:214.0
script duration name:co2 seconds:0.0
Script duration 214.0
Run total estimated duration= 215.000
script duration name:unknown120_60 seconds:214.0
script duration name:co2 seconds:0.0
Script duration 214.0
Run total estimated duration= 215.000
script duration name:unknown120_60 seconds:214.0
script duration name:co2 seconds:0.0
Script duration 214.0
Run total estimated duration= 215.000
script duration name:unknown120_60 seconds:214.0
script duration name:co2 seconds:0.0
Script duration 214.0
Run total estimated duration= 215.000
script duration name:unknown120_60 seconds:214.0
script duration name:co2 seconds:0.0
Script duration 214.0
Run total estimated duration= 215.000
script duration name:unknown120_60 seconds:214.0
script duration name:co2 seconds:0.0
Script duration 214.0
Run total estimated duration= 215.000
script duration name:unknown120_60 seconds:214.0
script duration name:co2 seconds:0.0
Script duration 214.0
Run total estimated duration= 215.000
script duration name:unknown120_60 seconds:214.0
script duration name:co2 seconds:0.0
Script duration 214.0
Run total estimated duration= 215.000
script duration name:unknown120_60 seconds:214.0
script duration name:co2 seconds:0.0
Script duration 214.0
Run total estimated duration= 215.000
script duration name:unknown120_60 seconds:214.0
script duration name:co2 seconds:0.0
Script duration 214.0
Run total estimated duration= 215.000
script duration name:unknown120_60 seconds:214.0
script duration name:co2 seconds:0.0
Script duration 214.0
Run total estimated duration= 215.000
script duration name:unknown120_60 seconds:214.0
script duration name:co2 seconds:0.0
Script duration 214.0
Run total estimated duration= 215.000
script duration name:unknown120_60 seconds:214.0
script duration name:co2 seconds:0.0
Script duration 214.0
Run total estimated duration= 215.000
script duration name:unknown120_60 seconds:214.0
script duration name:co2 seconds:0.0
Script duration 214.0
Run total estimated duration= 215.000
script duration name:unknown120_60 seconds:214.0
script duration name:co2 seconds:0.0
Script duration 214.0
Run total estimated duration= 215.000
script duration name:unknown120_60 seconds:214.0
script duration name:co2 seconds:0.0
Script duration 214.0
Run total estimated duration= 215.000
script duration name:unknown120_60 seconds:214.0
script duration name:co2 seconds:0.0
Script duration 214.0
Run total estimated duration= 215.000
script duration name:unknown120_60 seconds:214.0
script duration name:co2 seconds:0.0
Script duration 214.0
Run total estimated duration= 215.000
script duration name:unknown400_120 seconds:556.0
script duration name:co2 seconds:0.0
Script duration 556.0
Run total estimated duration= 557.000
script duration name:unknown400_120 seconds:556.0
script duration name:cocktail_x1 seconds:108.0
Script duration 664.0
Run total estimated duration= 665.000
script duration name:unknown120_60 seconds:214.0
script duration name:cocktail_x1 seconds:108.0
Script duration 322.0
Run total estimated duration= 323.000
script duration name:unknown400_120 seconds:556.0
script duration name:sniffair_x2 seconds:250.0
Script duration 806.0
Run total estimated duration= 807.000
script duration name:unknown400_120 seconds:556.0
script duration name:sniffair_x2 seconds:250.0
Script duration 806.0
Run total estimated duration= 807.000
ic_peak_hop3 in script context. using previous estimated duration
script duration name:ic_peak_hop3 seconds:134.0
air_x1 in script context. using previous estimated duration
script duration name:air_x1 seconds:106.0
Script duration 240.0
Run total estimated duration= 241.000
script duration name:unknown120_60 seconds:214.0
script duration name:co2 seconds:0.0
Script duration 214.0
Run total estimated duration= 215.000
script duration name:unknown120_60 seconds:214.0
script duration name:co2 seconds:0.0
Script duration 214.0
Run total estimated duration= 215.000
script duration name:unknown120_60 seconds:214.0
script duration name:co2 seconds:0.0
Script duration 214.0
Run total estimated duration= 215.000
script duration name:unknown120_60 seconds:214.0
script duration name:co2 seconds:0.0
Script duration 214.0
Run total estimated duration= 215.000
script duration name:unknown120_60 seconds:214.0
script duration name:co2 seconds:0.0
Script duration 214.0
Run total estimated duration= 215.000
script duration name:unknown120_60 seconds:214.0
script duration name:co2 seconds:0.0
Script duration 214.0
Run total estimated duration= 215.000
script duration name:unknown120_60 seconds:214.0
script duration name:co2 seconds:0.0
Script duration 214.0
Run total estimated duration= 215.000
script duration name:unknown120_60 seconds:214.0
script duration name:co2 seconds:0.0
Script duration 214.0
Run total estimated duration= 215.000
script duration name:unknown120_60 seconds:214.0
script duration name:co2 seconds:0.0
Script duration 214.0
Run total estimated duration= 215.000
script duration name:unknown120_60 seconds:214.0
script duration name:co2 seconds:0.0
Script duration 214.0
Run total estimated duration= 215.000
script duration name:unknown120_60 seconds:214.0
script duration name:co2 seconds:0.0
Script duration 214.0
Run total estimated duration= 215.000
script duration name:unknown120_60 seconds:214.0
script duration name:co2 seconds:0.0
Script duration 214.0
Run total estimated duration= 215.000
script duration name:unknown120_60 seconds:214.0
script duration name:co2 seconds:0.0
Script duration 214.0
Run total estimated duration= 215.000
script duration name:unknown120_60 seconds:214.0
script duration name:co2 seconds:0.0
Script duration 214.0
Run total estimated duration= 215.000
script duration name:unknown120_60 seconds:214.0
script duration name:co2 seconds:0.0
Script duration 214.0
Run total estimated duration= 215.000
script duration name:unknown400_120 seconds:556.0
script duration name:co2 seconds:0.0
Script duration 556.0
Run total estimated duration= 557.000
script duration name:unknown400_120 seconds:556.0
script duration name:cocktail_x1 seconds:108.0
Script duration 664.0
Run total estimated duration= 665.000
script duration name:unknown120_60 seconds:214.0
script duration name:cocktail_x1 seconds:108.0
Script duration 322.0
Run total estimated duration= 323.000
script duration name:ic_peak_hop3 seconds:134.0
script duration name:air_x1 seconds:106.0
Script duration 240.0
Run total estimated duration= 241.000
script duration name:unknown120_60 seconds:214.0
script duration name:co2 seconds:0.0
Script duration 214.0
Run total estimated duration= 215.000
script duration name:unknown120_60 seconds:214.0
script duration name:co2 seconds:0.0
Script duration 214.0
Run total estimated duration= 215.000
script duration name:unknown120_60 seconds:214.0
script duration name:co2 seconds:0.0
Script duration 214.0
Run total estimated duration= 215.000
script duration name:unknown120_60 seconds:214.0
script duration name:co2 seconds:0.0
Script duration 214.0
Run total estimated duration= 215.000
script duration name:unknown120_60 seconds:214.0
script duration name:co2 seconds:0.0
Script duration 214.0
Run total estimated duration= 215.000
script duration name:unknown120_60 seconds:214.0
script duration name:co2 seconds:0.0
Script duration 214.0
Run total estimated duration= 215.000
script duration name:unknown120_60 seconds:214.0
script duration name:co2 seconds:0.0
Script duration 214.0
Run total estimated duration= 215.000
script duration name:unknown120_60 seconds:214.0
script duration name:co2 seconds:0.0
Script duration 214.0
Run total estimated duration= 215.000
script duration name:unknown120_60 seconds:214.0
script duration name:co2 seconds:0.0
Script duration 214.0
Run total estimated duration= 215.000
script duration name:unknown120_60 seconds:214.0
script duration name:co2 seconds:0.0
Script duration 214.0
Run total estimated duration= 215.000
script duration name:unknown400_120 seconds:556.0
script duration name:sniffair_x2 seconds:250.0
Script duration 806.0
Run total estimated duration= 807.000
script duration name:unknown400_120 seconds:556.0
script duration name:sniffair_x2 seconds:250.0
Script duration 806.0
Run total estimated duration= 807.000
script duration name:unknown400_120 seconds:556.0
script duration name:co2 seconds:0.0
Script duration 556.0
Run total estimated duration= 557.000
nruns=89 before=5.0, run_dur=26149.0, btw=3960.0
write rem/ex queues
/Users/jan/PychronDev/experiments/rem/CurrentExperiment.rem.txt
/Users/jan/PychronDev/experiments/rem/CurrentExperiment.ex.txt
doing event level: 3
