do run
loading script "jan_unknown120_60.py"
loading script "jan_pump_ms.py"
loading script "jan_co2.py"
loading script "jan_pump_extraction_line.py"
testing...
no interpolation path defined
executed 213.652928
script duration name:unknown120_60 seconds:214.0
loading script "jan_unknown120_60.py"
loading script "jan_pump_ms.py"
loading script "jan_co2.py"
loading script "jan_pump_extraction_line.py"
testing...
no interpolation path defined
executed 0
loading script "jan_unknown120_60.py"
loading script "jan_pump_ms.py"
loading script "jan_co2.py"
loading script "jan_pump_extraction_line.py"
testing...
no interpolation path defined
calculate duration
testing...
no interpolation path defined
executed 0
calculate duration
testing...
no interpolation path defined
executed 0
executed 0.0
script duration name:co2 seconds:0.0
loading script "jan_unknown120_60.py"
loading script "jan_pump_ms.py"
loading script "jan_co2.py"
loading script "jan_pump_extraction_line.py"
testing...
no interpolation path defined
calculate duration
testing...
no interpolation path defined
executed 4.0
executed 4.0
Script duration 214.0
Run total estimated duration= 215.000
run duration: 0:03:35
doing event level: 2
04:34:40 -- Setting default integration. t=1.048576
setting integration time = 1.048576
SetIntegrationTime 1.048576 ===>> OK
----------------- start -----------------
**************** Experiment Type: Ar/Ar, Ar/Ar
create new session 5004766384
close session 5004766384
$$$$$ Clearing conditionals
adding conditionals 
Add queue conditionals
add default conditionals
adding default conditionals from /Users/jan/PychronDev/setupfiles/spectrometer/default_conditionals.yaml
Start automated run 65571-09C
loading script "jan_unknown120_60.py"
loading script "jan_pump_ms.py"
loading script "jan_co2.py"
loading script "jan_pump_extraction_line.py"
%%%%%%%%%%%%%%%%%% setting automated run 65571-09C
No value "sensitivity_multiplier" in metadata
$$$$$$$$$$$$$$$ auto_save_detector_ic=False
============================= Pre Extraction Check =============================
loading queue conditionals pre_run_terminations
loading system conditionals pre_run_terminations
loading conditionals from /Users/jan/PychronDev/setupfiles/spectrometer/default_conditionals.yaml
04:34:40 -- ******* Pre Extraction Check *******
Get a measurement from the spectrometer
GetData ===>> H2,-0.210729307694433,H1,0.0364697356878498,AX,-0.0146734762770886,L1,-0.0430527705753509,L2,0.01...
Pre Extraction Termination data. keys=H2,H1,AX,L1,L2,CDD, signals=-0.21073,0.03647,-0.01467,-0.04305,0.01869,0.00298
04:34:40 -- testing system defined conditionals
Checking default pre extraction terminations n=2
testing CDD
evaluate ot="CDD.inactive" t="CDD", ctx="{'CDD': False}"
GetDeflection CDD ===>> 50
testing CDD==2000
evaluate ot="CDD.deflection==2000" t="CDD==2000", ctx="{'CDD': 50.0}"
04:34:40 -- ******* Pre Extraction Check Passed *******
=================================================================================
04:34:40 -- stopping status monitor
stop 4976489392
Alive clients [4984697584]
04:34:40 -- starting status monitor
start 4976489392
Monitor already running
start extraction
do extraction
Analysis started at 04:34:40.661437
Extraction Started jan_co2.py
04:34:40 -- ******* Extraction Started jan_co2.py *******
state changed from not run to extraction
DO EXTRACTION <pychron.extraction_line.pyscript_runner.RemotePyScriptRunner object at 0x12988f3b0>
testing...
no interpolation path defined
calculate duration
testing...
no interpolation path defined
executed 0
calculate duration
testing...
no interpolation path defined
executed 0
executed 100.0
Jan CO2 laser analysis
doing GOSUB
testing...
no interpolation path defined
executed 0
Waiting for CO2 access
wait ('FelixCO2Flag', 0) {}
waiting for FelixCO2Flag = 0
Read FelixCO2Flag ===>> 0
finished waiting
CO2 free
wait ('CO2PumpTimeFlag', 0) {}
waiting for CO2PumpTimeFlag = 0
Read CO2PumpTimeFlag ===>> 0
finished waiting
acquire ('JanCO2Flag',) {'clear': True}
acquire JanCO2Flag
Set JanCO2Flag 1 ===>> OK
JanCO2Flag acquired
set extraction state False (0.75, 'red', 1.5)
CO2 acquired
executed 0
WaitForCO2Access.py completed successfully
gosub finished
doing GOSUB
testing...
no interpolation path defined
executed 0
Prepare for CO2 analysis
close () {'description': 'Jan Inlet'}
closing name=--- desc=Jan Inlet
checking ownership. requestor=129.138.12.150
check software interlocks R
interlocks []
actuate state mode=None-script, software_lock=False
doing actuation None-script close_channel False
Close R ===>> OK
GetIndicatorState R ===>> False
change switch state (True, True)
update switch state R False args=() kw={} ncanvase=2
04:34:41 -- CLOSE  VALVE-R (Jan Inlet)
---------------------------------------- close None (Jan Inlet) result=[(True, True)]
action=close, ok=True, locked=[False]
open () {'description': 'Jan Ion Pump'}
opening name=--- desc=Jan Ion Pump
checking ownership. requestor=129.138.12.150
check software interlocks O
interlocks []
actuate state mode=None-script, software_lock=False
doing actuation None-script open_channel False
Open O ===>> OK
GetIndicatorState O ===>> OK
change switch state (True, True)
update switch state O True args=() kw={} ncanvase=2
04:34:41 -- OPEN   VALVE-O (Jan Ion Pump)
---------------------------------------- open None (Jan Ion Pump) result=[(True, True)], time=0.10 sec
action=open, ok=True, locked=[False]
close () {'description': 'Microbone to Minibone'}
closing name=--- desc=Microbone to Minibone
checking ownership. requestor=129.138.12.150
check software interlocks L
interlocks []
actuate state mode=None-script, software_lock=False
doing actuation None-script close_channel False
Close L ===>> OK
GetIndicatorState L ===>> False
change switch state (True, True)
update switch state L False args=() kw={} ncanvase=2
04:34:42 -- CLOSE  VALVE-L (Microbone to Minibone)
---------------------------------------- close None (Microbone to Minibone) result=[(True, True)]
Get Checksum: 2035211824
action=close, ok=True, locked=[False]
open () {'description': 'Microbone to Turbo'}
opening name=--- desc=Microbone to Turbo
checking ownership. requestor=129.138.12.150
check software interlocks U
interlocks []
actuate state mode=None-script, software_lock=False
doing actuation None-script open_channel False
Open U ===>> OK
GetIndicatorState U ===>> OK
change switch state (True, True)
update switch state U True args=() kw={} ncanvase=2
04:34:42 -- OPEN   VALVE-U (Microbone to Turbo)
---------------------------------------- open None (Microbone to Turbo) result=[(True, True)], time=0.14 sec
action=open, ok=True, locked=[False]
open () {'description': 'Microbone to Inlet Pipette'}
opening name=--- desc=Microbone to Inlet Pipette
checking ownership. requestor=129.138.12.150
check software interlocks S
interlocks []
actuate state mode=None-script, software_lock=False
doing actuation None-script open_channel False
Open S ===>> OK
GetIndicatorState S ===>> OK
change switch state (True, True)
update switch state S True args=() kw={} ncanvase=2
04:34:43 -- OPEN   VALVE-S (Microbone to Inlet Pipette)
---------------------------------------- open None (Microbone to Inlet Pipette) result=[(True, True)], time=0.41 sec
action=open, ok=True, locked=[False]
open () {'description': 'Microbone to Getter D-50'}
opening name=--- desc=Microbone to Getter D-50
checking ownership. requestor=129.138.12.150
check software interlocks K
interlocks []
actuate state mode=None-script, software_lock=False
doing actuation None-script open_channel False
Open K ===>> OK
GetIndicatorState K ===>> OK
change switch state (True, True)
update switch state K True args=() kw={} ncanvase=2
04:34:43 -- OPEN   VALVE-K (Microbone to Getter D-50)
---------------------------------------- open None (Microbone to Getter D-50) result=[(True, True)], time=0.42 sec
action=open, ok=True, locked=[False]
open () {'description': 'Microbone to Getter NP-10'}
opening name=--- desc=Microbone to Getter NP-10
checking ownership. requestor=129.138.12.150
check software interlocks M
interlocks []
actuate state mode=None-script, software_lock=False
doing actuation None-script open_channel False
Open M ===>> OK
GetIndicatorState M ===>> OK
change switch state (True, True)
update switch state M True args=() kw={} ncanvase=2
04:34:44 -- OPEN   VALVE-M (Microbone to Getter NP-10)
---------------------------------------- open None (Microbone to Getter NP-10) result=[(True, True)], time=0.14 sec
action=open, ok=True, locked=[False]
close () {'description': 'CO2 Laser to Felix'}
closing name=--- desc=CO2 Laser to Felix
checking ownership. requestor=129.138.12.150
check software interlocks F
interlocks []
actuate state mode=None-script, software_lock=True
VALVE-F(CO2 Laser to Felix) software locked
change switch state (True, False)
---------------------------------------- close None (CO2 Laser to Felix) result=[(True, False)]
action=close, ok=True, locked=[True]
open () {'description': 'CO2 Laser to Jan'}
opening name=--- desc=CO2 Laser to Jan
checking ownership. requestor=129.138.12.150
check software interlocks A
interlocks []
actuate state mode=None-script, software_lock=False
doing actuation None-script open_channel False
Open A ===>> OK
GetIndicatorState A ===>> OK
change switch state (True, True)
update switch state A True args=() kw={} ncanvase=2
04:34:44 -- OPEN   VALVE-A (CO2 Laser to Jan)
---------------------------------------- open None (CO2 Laser to Jan) result=[(True, True)], time=0.13 sec
action=open, ok=True, locked=[False]
open () {'description': 'Microbone to CO2 Laser'}
opening name=--- desc=Microbone to CO2 Laser
checking ownership. requestor=129.138.12.150
check software interlocks T
interlocks []
actuate state mode=None-script, software_lock=False
doing actuation None-script open_channel False
Open T ===>> OK
GetIndicatorState T ===>> OK
change switch state (True, True)
update switch state T True args=() kw={} ncanvase=2
04:34:45 -- OPEN   VALVE-T (Microbone to CO2 Laser)
---------------------------------------- open None (Microbone to CO2 Laser) result=[(True, True)], time=0.41 sec
Get Checksum: 2035211824
action=open, ok=True, locked=[False]
executed 0
PrepareForCO2Analysis.py completed successfully
gosub finished
set_motor ('beam', '1.25') {}
setting motor "beam" to 1.25
set motor beam to 1.25
SetMotor beam,1.25 ===>> OK
GetMotorMoving beam ===>> False
GetMotorMoving beam ===>> False
Block completed
move_to_position ('192',) {'autocenter': True}
FusionsCO2 move to position 192
sending GoToHole 192,True
GoToHole 192,True ===>> OK
GetDriveMoving ===>> False
GetDriveMoving ===>> False
Block completed
GetAutoCorrecting ===>> False
Get Checksum: 2035211824
GetAutoCorrecting ===>> False
Block completed
update position
GetPosition ===>> 3.98780,-9.96950,1.00000
got position (3.9878, -9.9695, 1.0)
move to position succeeded
sleep (5,) {}
SLEEP 5.0
block started
WaitControl setup for 5.0  
Get Checksum: 2035211824
Join finished
block finished. duration 5.02457904816
close () {'description': 'Microbone to Turbo'}
closing name=--- desc=Microbone to Turbo
checking ownership. requestor=129.138.12.150
check software interlocks U
interlocks []
actuate state mode=None-script, software_lock=False
doing actuation None-script close_channel True
Close U ===>> OK
GetIndicatorState U ===>> False
change switch state (True, True)
update switch state U False args=() kw={} ncanvase=2
04:34:53 -- CLOSE  VALVE-U (Microbone to Turbo)
---------------------------------------- close None (Microbone to Turbo) result=[(True, True)]
action=close, ok=True, locked=[False]
enable laser
enable () {}
set extraction state FusionsCO2 Enabled (False, 'red', 1.5)
enabling laser
Enable ===>> OK
begin interval
BEGIN INTERVAL Interval 1 waiting for 30.0
block started
set extract to 5.0
WaitControl setup for 30.0  
extract (5.0,) {}
GetPosition ===>> 3.98780,-9.96950,1.00000
set extraction state FusionsCO2 ON! 5.0(watts) (0.75, 'red', 1.5)
extract sample to 5.0 (watts)
set laser output
Get Checksum: 1223320555
SetLaserOutput 5.0,watts ===>> OK
executing pattern triangle.lp
execute_pattern ('triangle.lp',) {}
executing pattern triangle.lp
IsPatterning ===>> OK
IsPatterning ===>> OK
Get Checksum: 1223320555
IsPatterning ===>> OK
IsPatterning ===>> OK
IsPatterning ===>> OK
Get Checksum: 1223320555
IsPatterning ===>> OK
IsPatterning ===>> OK
IsPatterning ===>> OK
Get Checksum: 1223320555
IsPatterning ===>> OK
IsPatterning ===>> OK
IsPatterning ===>> OK
Get Checksum: 1223320555
IsPatterning ===>> OK
IsPatterning ===>> OK
IsPatterning ===>> OK
Get Checksum: 1223320555
IsPatterning ===>> OK
IsPatterning ===>> OK
IsPatterning ===>> OK
Get Checksum: 1223320555
IsPatterning ===>> OK
IsPatterning ===>> OK
IsPatterning ===>> OK
Get Checksum: 1223320555
IsPatterning ===>> OK
IsPatterning ===>> OK
IsPatterning ===>> OK
Get Checksum: 1223320555
IsPatterning ===>> OK
IsPatterning ===>> OK
IsPatterning ===>> OK
Get Checksum: 1223320555
IsPatterning ===>> OK
IsPatterning ===>> OK
IsPatterning ===>> False
Join finished
block finished. duration 30.0775129795
Interval 1 finished
Get Checksum: 1223320555
IsPatterning ===>> False
Block completed
COMPLETE INTERVAL waiting for Interval 1 to complete
end_extract () {}
ending extraction. set laser power to 0
set laser power 0
SetLaserPower 0 ===>> OK
disable () {}
%%%%%%%%%%%%%%%%%%%%%%%%%%%%%%%%%%% disable
set extraction state False (0.75, 'red', 1.5)
disabling laser
Disable ===>> OK
sleep (30.0,) {}
SLEEP 30.0
block started
WaitControl setup for 30.0  
Get Checksum: 1223320555
Get Checksum: 1223320555
Get Checksum: 1223320555
Get Checksum: 1223320555
Get Checksum: 1223320555
Get Checksum: 1223320555
Get Checksum: 1223320555
Get Checksum: 1223320555
Get Checksum: 1223320555
Get Checksum: 1223320555
Join finished
block finished. duration 30.0806760788
executed 165.0
jan_co2.py completed successfully
GetAchievedOutput ===>> No Response
Requested Output= 0.000
Achieved Output=  0.000
GetResponseBlob ===>> No Response
GetOutputBlob ===>> No Response
persistence save...
persistence save - db
AutomatedRunPersister post_extraction_save deprecated
persistence save - dvc
no extraction position for 192
create new session 4984345712
close session 4984345712
Extraction Finished
04:35:55 -- ******* Extraction Finished *******
no overlap. not waiting for min ms pumptime
04:35:55 -- Sending spectrometer configuration
======== Sending configuration ========
SetDeflection CDD,50.0 ===>> OK
SetDeflection H2,0.0 ===>> OK
SetDeflection H1,0.0 ===>> OK
SetDeflection L2,825.0 ===>> OK
SetDeflection L1,400.0 ===>> OK
SetDeflection AX,190.0 ===>> OK
SetZFocus 74.64 ===>> OK
SetZSymmetry -50.72 ===>> OK
SetExtractionLens 26.13 ===>> OK
SetIonRepeller -3.81 ===>> OK
SetElectronEnergy 75.08 ===>> OK
SetYSymmetry -2.81 ===>> OK
SetIonCounterVoltage 1590.0 ===>> OK
send trap current 200.0
GetParameter Trap Current Readback ===>> 198.370811206739
SetParameter Trap Current Set,200.0 ===>> OK
updating mftable name mftable
Using mftable located at /Users/jan/PychronDev/setupfiles/spectrometer/mftables/mftable.csv
============ MFtable ===========
Isotope  H2     H1     AX     L1     L2     CDD    
Ar40     5.7807 5.8790 5.9924 6.1206 6.2309 6.3488
Ar39     5.6799 5.7713 5.8848 6.0067 6.1160 6.2353
Ar36     5.3574 5.4403 5.5482 5.6655 5.7710 5.8864
================================
get initial guess parabolic
get initial guess parabolic
get initial guess parabolic
get initial guess parabolic
get initial guess parabolic
get initial guess parabolic
======== Configuration Finished ========
GetYSymmetry ===>> -2.81
GetZSymmetry ===>> -50.72
GetParameter Trap Current Readback ===>> 198.035158395898
GetHighVoltage ===>> 4500
start measurement
do measurement
L#=65571 analysis type=unknown
Measurement Started jan_unknown120_60.py
04:35:55 -- ******* Measurement Started jan_unknown120_60.py *******
state changed from extraction to measurement
setting spec, defl, and gains
GetExtractionLens ===>> 26.13
GetYSymmetry ===>> -2.81
GetZSymmetry ===>> -50.72
GetZFocus ===>> 74.64
GetDeflection H2 ===>> 0
GetDeflection H1 ===>> 0
GetDeflection AX ===>> 190
GetDeflection L1 ===>> 400
GetDeflection L2 ===>> 825
GetDeflection CDD ===>> 50
GetGain H2 ===>> 0.0113
GetGain H1 ===>> 0.1
GetGain AX ===>> 0.097049
GetGain L1 ===>> 0.010355
GetGain L2 ===>> 0.095649
GetGain CDD ===>> 0
pre measurement save
New frame /Users/jan/PychronDev/data/isotopes/2a/3f2bf4-017a-4dec-ba4f-cc1b390bd66e.h5
flush and close file /Users/jan/PychronDev/data/isotopes/2a/3f2bf4-017a-4dec-ba4f-cc1b390bd66e.h5
testing...
no interpolation path defined
executed 226.132928
unknown measurement script
activate_detectors ('H2', 'H1', 'AX', 'L1', 'L2', 'CDD') {}
activate detectors
*************** Set Analysis View Ar/Ar
create graphs
clearing graphs
clear isotope group
setting isotope det=H2, iso=PM41
setting isotope det=H1, iso=Ar40
setting isotope det=AX, iso=Ar39
setting isotope det=L1, iso=Ar38
setting isotope det=L2, iso=Ar37
setting isotope det=CDD, iso=Ar36
setting previous blanks
 - setting Ar40 blank 0.852+/-0.008
 - setting Ar36 blank 0.00689+/-0.00021
 - setting Ar37 blank 0.047+/-0.005
 - setting Ar38 blank 0.0200+/-0.0022
 - setting PM41 blank 0.03+/-0.06
 - setting Ar39 blank 0.025+/-0.008
load analysis view
position_magnet ('Ar40',) {'detector': 'H1'}
detector Detector(H1)
POSITION Ar40 H1
setting detector H2 to PM41 (40.9624)
setting detector H1 to Ar40 (39.9624)
setting detector AX to Ar39 (38.9624)
setting detector L1 to Ar38 (37.9624)
setting detector L2 to Ar37 (36.9624)
setting detector CDD to Ar36 (35.9624)
Mapping mass to dac mass func: "parabolic"
H1 map mass coeffs = [-0.00063987  0.15840543  0.57064999]
H1 map mass to dac 39.9624 >> 5.87904
GetDeflection H1 ===>> 0
GetHighVoltage ===>> 4500
positioning Ar40 (5.87904) on H1
setting magnet DAC
current  : 5.879040
requested: 5.879040
Delta Dac: 0.000000
Checking detector protection. dv=0.00000
Checking detector "CDD". Protection Threshold: 0.1 (V)
SetMagnetDAC 5.87904 ===>> OK
Magnet settling time: 0.500
equilibrate () {'delay': 3, 'inlet': 'R', 'outlet': 'O', 'eqtime': 12.0}
Equilibration Started
04:35:57 -- ******* Equilibration Started *******
checking ownership. requestor=129.138.12.150
check software interlocks O
interlocks []
actuate state mode=None-script, software_lock=False
doing actuation None-script close_channel True
Close O ===>> OK
GetIndicatorState O ===>> False
change switch state (True, True)
update switch state O False args=() kw={} ncanvase=2
04:35:57 -- CLOSE  VALVE-O (Jan Ion Pump)
waiting 3s before opening inlet value ('R',)
Get Checksum: 1281862853
checking ownership. requestor=129.138.12.150
check software interlocks R
interlocks []
actuate state mode=None-script, software_lock=False
doing actuation None-script open_channel True
Open R ===>> OK
Get Checksum: 594863745
State checksums do not match. Local:1281862853 Remote:594863745
State checksum failed
GetIndicatorState R ===>> OK
change switch state (True, True)
update switch state R True args=() kw={} ncanvase=2
04:36:00 -- OPEN   VALVE-R (Jan Inlet)
set_time_zero () {}
equilibrating for 12.0sec
sniff (12.0,) {}
py_sniff
build tables- sniff [Detector(H2), Detector(H1), Detector(AX), Detector(L1), Detector(L2), Detector(CDD)]
add group /sniff/PM41 (Group) '' table H2
add group /sniff/Ar40 (Group) '' table H1
add group /sniff/Ar39 (Group) '' table AX
add group /sniff/Ar38 (Group) '' table L1
add group /sniff/Ar37 (Group) '' table L2
add group /sniff/Ar36 (Group) '' table CDD
flush and close file /Users/jan/PychronDev/data/isotopes/2a/3f2bf4-017a-4dec-ba4f-cc1b390bd66e.h5
measuring sniff. ncounts=12.0
starting measurement
GetData ===>> H2,-0.209582904376118,H1,0.0184645639238702,AX,-0.0626932180644075,L1,-0.031395328388423,L2,0.065...
GetData ===>> H2,0.361654025509891,H1,215.542331294194,AX,49.8302913822978,L1,0.118361114636141,L2,0.4353679186...
GetData ===>> H2,1.01035606698837,H1,893.990148557602,AX,198.933235514923,L1,1.21179135423434,L2,1.152433785394...
Get Checksum: 594863745
GetData ===>> H2,0.365376051825732,H1,1162.25954557545,AX,251.324523226026,L1,2.17922347980292,L2,1.18916877670...
GetData ===>> H2,0.0956681274864328,H1,1248.56399222596,AX,266.512185686037,L1,2.73873682979725,L2,1.1558174286...
GetData ===>> H2,0.0194675442564795,H1,1280.92035235254,AX,271.620929663411,L1,3.07558352305637,L2,1.0608682750...
Get Checksum: 594863745
GetData ===>> H2,0.0388557352432689,H1,1293.83044582882,AX,273.787338719409,L1,3.27294876994809,L2,1.1972851274...
GetData ===>> H2,0.0174184432879265,H1,1299.27991677715,AX,274.540290873062,L1,3.36740146875919,L2,1.1921836689...
GetData ===>> H2,-0.06579978994773,H1,1302.30939738881,AX,275.109273612824,L1,3.41848702478387,L2,1.25557558492...
GetData ===>> H2,-0.0159928520371668,H1,1303.41241738976,AX,275.168999316623,L1,3.44787629496246,L2,1.137742124...
Get Checksum: 594863745
GetData ===>> H2,-0.0415547471842596,H1,1303.11663749723,AX,275.514561583041,L1,3.49666487200694,L2,1.215652617...
Equilibration Finished
04:36:13 -- ******* Equilibration Finished *******
checking ownership. requestor=129.138.12.150
check software interlocks R
interlocks []
actuate state mode=None-script, software_lock=False
doing actuation None-script close_channel True
GetData ===>> H2,-0.0163366002406554,H1,1303.10937982349,AX,275.360858287896,L1,3.51122351104909,L2,1.138418740...
Close R ===>> OK
GetIndicatorState R ===>> False
change switch state (True, True)
update switch state R False args=() kw={} ncanvase=2
04:36:13 -- CLOSE  VALVE-R (Jan Inlet)
Post Equilibration Started jan_pump_extraction_line.py
04:36:13 -- ******* Post Equilibration Started jan_pump_extraction_line.py *******
testing...
no interpolation path defined
calculate duration
testing...
no interpolation path defined
executed 4.0
executed 4.0
Pump after analysis
doing GOSUB
testing...
no interpolation path defined
executed 4.0
Pump Microbone
close () {'description': 'Jan Inlet'}
closing name=--- desc=Jan Inlet
checking ownership. requestor=129.138.12.150
check software interlocks R
interlocks []
actuate state mode=None-script, software_lock=False
doing actuation None-script close_channel False
Close R ===>> OK
measurement finished
estimated time: 12.583 actual time: :12.683
flush and close file /Users/jan/PychronDev/data/isotopes/2a/3f2bf4-017a-4dec-ba4f-cc1b390bd66e.h5
set_fits () {}
using default fits file=/Users/jan/PychronDev/scripts/measurement/fits/nominal_linear.yaml
set "Ar40" to "('Linear', 'SEM')"
No fit for "PM41". defaulting to linear. check the measurement script "jan_unknown120_60.py"
set "PM41" to "linear"
set "Ar36" to "('Linear', 'SEM')"
set "Ar37" to "('linear', 'SEM')"
set "Ar38" to "('linear', 'SEM')"
set "Ar39" to "('Linear', 'SEM')"
set_baseline_fits () {}
GetIndicatorState R ===>> False
using default fits file=/Users/jan/PychronDev/scripts/measurement/fits/nominal_linear.yaml
change switch state (True, True)
update switch state R False args=() kw={} ncanvase=2
set "H1" to "('average', 'SEM')"
set "H2" to "('average', 'SEM')"
set "CDD" to "('average', 'SEM')"
set "L2" to "('average', 'SEM')"
set "L1" to "('average', 'SEM')"
set "AX" to "('average', 'SEM')"
04:36:14 -- CLOSE  VALVE-R (Jan Inlet)
multicollect () {'integration_time': 1, 'ncounts': 120}
---------------------------------------- close None (Jan Inlet) result=[(True, True)]
build tables- signal [Detector(H2), Detector(H1), Detector(AX), Detector(L1), Detector(L2), Detector(CDD)]
add group /signal/PM41 (Group) '' table H2
add group /signal/Ar40 (Group) '' table H1
add group /signal/Ar39 (Group) '' table AX
add group /signal/Ar38 (Group) '' table L1
add group /signal/Ar37 (Group) '' table L2
add group /signal/Ar36 (Group) '' table CDD
flush and close file /Users/jan/PychronDev/data/isotopes/2a/3f2bf4-017a-4dec-ba4f-cc1b390bd66e.h5
measuring signal. ncounts=120
action=close, ok=True, locked=[False]
is_closed ('F',) {}
is F () closed?
is closed True
open () {'description': 'CO2 Laser to Jan'}
opening name=--- desc=CO2 Laser to Jan
checking ownership. requestor=129.138.12.150
check software interlocks A
interlocks []
actuate state mode=None-script, software_lock=False
doing actuation None-script open_channel False
Open A ===>> OK
GetIndicatorState A ===>> OK
change switch state (True, True)
update switch state A True args=() kw={} ncanvase=2
04:36:14 -- OPEN   VALVE-A (CO2 Laser to Jan)
---------------------------------------- open None (CO2 Laser to Jan) result=[(True, True)], time=0.12 sec
starting measurement
GetData ===>> H2,-0.0222819403512119,H1,1302.48122224208,AX,275.429406211557,L1,3.54726375718245,L2,1.217923000...
action=open, ok=True, locked=[False]
sleep (1,) {}
SLEEP 1.0
Get Checksum: 1281862853
GetData ===>> H2,0.0606338073152606,H1,1302.22808985557,AX,275.483849802061,L1,3.57027912085269,L2,1.1707871763...
close () {'description': 'CO2 Laser to Roughing'}
closing name=--- desc=CO2 Laser to Roughing
checking ownership. requestor=129.138.12.150
check software interlocks G
interlocks []
actuate state mode=None-script, software_lock=True
VALVE-G(CO2 Laser to Roughing) software locked
change switch state (True, False)
---------------------------------------- close None (CO2 Laser to Roughing) result=[(True, False)]
action=close, ok=True, locked=[True]
open () {'description': 'Microbone to Turbo'}
opening name=--- desc=Microbone to Turbo
checking ownership. requestor=129.138.12.150
check software interlocks U
interlocks []
actuate state mode=None-script, software_lock=False
doing actuation None-script open_channel True
Open U ===>> OK
GetIndicatorState U ===>> OK
change switch state (True, True)
update switch state U True args=() kw={} ncanvase=2
04:36:16 -- OPEN   VALVE-U (Microbone to Turbo)
---------------------------------------- open None (Microbone to Turbo) result=[(True, True)], time=0.18 sec
action=open, ok=True, locked=[False]
open () {'description': 'Microbone to Getter NP-10'}
opening name=--- desc=Microbone to Getter NP-10
checking ownership. requestor=129.138.12.150
check software interlocks M
interlocks []
actuate state mode=None-script, software_lock=False
doing actuation None-script open_channel False
Open M ===>> OK
GetIndicatorState M ===>> OK
change switch state (True, True)
update switch state M True args=() kw={} ncanvase=2
04:36:16 -- OPEN   VALVE-M (Microbone to Getter NP-10)
---------------------------------------- open None (Microbone to Getter NP-10) result=[(True, True)], time=0.14 sec
action=open, ok=True, locked=[False]
open () {'description': 'Microbone to Getter D-50'}
opening name=--- desc=Microbone to Getter D-50
checking ownership. requestor=129.138.12.150
check software interlocks K
interlocks []
actuate state mode=None-script, software_lock=False
doing actuation None-script open_channel False
GetData ===>> H2,-0.0998618552856494,H1,1301.11683480473,AX,275.235809951985,L1,3.56585115688289,L2,1.145655386...
Open K ===>> OK
GetIndicatorState K ===>> OK
change switch state (True, True)
update switch state K True args=() kw={} ncanvase=2
04:36:17 -- OPEN   VALVE-K (Microbone to Getter D-50)
---------------------------------------- open None (Microbone to Getter D-50) result=[(True, True)], time=0.41 sec
action=open, ok=True, locked=[False]
open () {'description': 'Microbone to CO2 Laser'}
opening name=--- desc=Microbone to CO2 Laser
checking ownership. requestor=129.138.12.150
check software interlocks T
interlocks []
actuate state mode=None-script, software_lock=False
doing actuation None-script open_channel False
Open T ===>> OK
GetIndicatorState T ===>> OK
change switch state (True, True)
update switch state T True args=() kw={} ncanvase=2
04:36:17 -- OPEN   VALVE-T (Microbone to CO2 Laser)
---------------------------------------- open None (Microbone to CO2 Laser) result=[(True, True)], time=0.43 sec
GetData ===>> H2,-0.0442113392773462,H1,1300.53001818817,AX,275.072567124901,L1,3.54602767506081,L2,1.131113834...
action=open, ok=True, locked=[False]
open () {'description': 'Microbone to Inlet Pipette'}
opening name=--- desc=Microbone to Inlet Pipette
checking ownership. requestor=129.138.12.150
check software interlocks S
interlocks []
actuate state mode=None-script, software_lock=False
doing actuation None-script open_channel False
Open S ===>> OK
GetIndicatorState S ===>> OK
change switch state (True, True)
update switch state S True args=() kw={} ncanvase=2
04:36:18 -- OPEN   VALVE-S (Microbone to Inlet Pipette)
---------------------------------------- open None (Microbone to Inlet Pipette) result=[(True, True)], time=0.41 sec
action=open, ok=True, locked=[False]
sleep (1,) {}
SLEEP 1.0
Get Checksum: 799532470
GetData ===>> H2,-0.0185428637744059,H1,1300.55837145355,AX,274.926802415226,L1,3.55723756213221,L2,1.166588529...
set_resource () {'name': 'CO2PumpTimeFlag', 'value': 30}
Set CO2PumpTimeFlag 30 ===>> OK
release ('JanCO2Flag',) {}
release JanCO2Flag
Set JanCO2Flag 0 ===>> OK
executed 6.0
PumpMicrobone.py completed successfully
gosub finished
get_resource_value () {'name': 'JanMiniboneFlag'}
Read JanMiniboneFlag ===>> 0
Get Resource Value JanMiniboneFlag=0.0
get resource value 0.0
get_resource_value () {'name': 'JanMiniboneFlag'}
Read JanMiniboneFlag ===>> 0
Get Resource Value JanMiniboneFlag=0.0
executed 4.0
jan_pump_extraction_line.py completed successfully
Post Equilibration Finished
04:36:19 -- ******* Post Equilibration Finished *******
GetData ===>> H2,-0.082654736002107,H1,1300.14832153955,AX,274.502455512036,L1,3.56794275766706,L2,1.0915485458...
GetData ===>> H2,-0.164732992054981,H1,1299.63267181833,AX,274.174316736243,L1,3.57317549427551,L2,1.1214474419...
Get Checksum: 799532470
GetData ===>> H2,-0.119145560873179,H1,1298.77019112335,AX,274.259159341012,L1,3.58416117820887,L2,1.1490273223...
GetData ===>> H2,-0.157973024798097,H1,1298.68889186893,AX,274.522532940795,L1,3.53469856651167,L2,1.1075744826...
GetData ===>> H2,-0.0171993218371547,H1,1298.24734193426,AX,274.41425262979,L1,3.48464132738541,L2,1.1568268096...
Get Checksum: 799532470
GetData ===>> H2,-0.0374003756157003,H1,1296.89600920809,AX,274.295852457451,L1,3.51023994137237,L2,1.133716932...
GetData ===>> H2,-0.181058895130065,H1,1296.41199500804,AX,274.210570060063,L1,3.53651017911316,L2,1.2141046600...
GetData ===>> H2,-0.157377317003957,H1,1296.54455556009,AX,274.207552771482,L1,3.50721928754379,L2,1.1816950025...
Get Checksum: 799532470
GetData ===>> H2,-0.187301773279788,H1,1295.82876622625,AX,273.99676041651,L1,3.4583142586125,L2,1.079055211164...
GetData ===>> H2,-0.202277410885128,H1,1294.80306810331,AX,273.874969231909,L1,3.46890940517251,L2,1.1337054647...
GetData ===>> H2,-0.243413695188523,H1,1294.7590074773,AX,273.705043014061,L1,3.53677122091378,L2,1.21549208741...
Get Checksum: 799532470
GetData ===>> H2,-0.0847447171267202,H1,1293.90542130545,AX,273.657655149517,L1,3.55899037450605,L2,1.140265123...
GetData ===>> H2,-0.211088966099849,H1,1293.45285146246,AX,273.46639415061,L1,3.54733431370692,L2,1.12981804613...
GetData ===>> H2,-0.161853139470313,H1,1293.08095089385,AX,273.21460600205,L1,3.5351937695251,L2,1.087571133879...
Get Checksum: 799532470
GetData ===>> H2,-0.135971169438852,H1,1292.90456481939,AX,273.294405276091,L1,3.53278002680472,L2,1.0989536183...
GetData ===>> H2,-0.0973122705946402,H1,1292.2217576735,AX,273.170355891235,L1,3.51873684887806,L2,1.1265155837...
GetData ===>> H2,-0.131116041598654,H1,1291.82483473716,AX,272.996492074933,L1,3.4966690978849,L2,1.25302901224...
Get Checksum: 799532470
GetData ===>> H2,-0.220248894350506,H1,1290.66334829418,AX,272.71032645331,L1,3.50312488502485,L2,1.08690633754...
GetData ===>> H2,-0.17956106363924,H1,1290.13639792974,AX,272.919024815125,L1,3.47126551871448,L2,1.12465799854...
Get Checksum: 799532470
04:36:40 -- collecting point 25
GetData ===>> H2,-0.157724479320823,H1,1290.14901147736,AX,272.609027087941,L1,3.47256826454006,L2,1.0812557542...
GetData ===>> H2,-0.140417400878431,H1,1289.43573065822,AX,272.534828176294,L1,3.51882004387023,L2,1.0964660923...
GetData ===>> H2,-0.0913185619405759,H1,1289.4000383367,AX,272.547912201626,L1,3.46673516478787,L2,1.1110253376...
Get Checksum: 799532470
GetData ===>> H2,-0.143812072137931,H1,1288.64013612416,AX,272.712833730785,L1,3.41499856388248,L2,1.1537986983...
GetData ===>> H2,-0.0997034537849069,H1,1288.26710382679,AX,272.355552650701,L1,3.457715143837,L2,1.18294441209...
GetData ===>> H2,-0.156700522539644,H1,1287.93658416227,AX,272.20678983126,L1,3.46426185561639,L2,1.12782279491...
Get Checksum: 799532470
GetData ===>> H2,-0.214481584845421,H1,1286.680812263,AX,272.206734190203,L1,3.49434509311086,L2,1.152215859907...
GetData ===>> H2,-0.166885990113938,H1,1286.03379050645,AX,272.208153041292,L1,3.47230798525462,L2,1.1258161184...
GetData ===>> H2,-0.0537132158209741,H1,1285.68264869405,AX,271.939868096563,L1,3.44654708419641,L2,1.092041435...
Get Checksum: 799532470
GetData ===>> H2,0.00421090855895845,H1,1285.2746530398,AX,272.030497637841,L1,3.44478814761238,L2,1.1038256873...
GetData ===>> H2,-0.0164058921020261,H1,1284.63055336879,AX,271.656328902149,L1,3.44000395729092,L2,1.053649461...
GetData ===>> H2,-0.110286446107264,H1,1283.80501121086,AX,271.22690226698,L1,3.45894293992309,L2,1.09005842987...
Get Checksum: 799532470
GetData ===>> H2,-0.11426077491901,H1,1283.18943663134,AX,271.440638686863,L1,3.47955996517876,L2,1.15261730197...
GetData ===>> H2,-0.126001012524929,H1,1283.15699153919,AX,271.128534224862,L1,3.45503075188392,L2,1.2126025918...
GetData ===>> H2,-0.127297524238011,H1,1282.85767881614,AX,271.377838373923,L1,3.39614439711554,L2,1.2527078276...
Get Checksum: 799532470
GetData ===>> H2,-0.0622943369288209,H1,1281.98639898239,AX,271.345063964273,L1,3.44978606820414,L2,1.161495334...
GetData ===>> H2,0.00949780325938445,H1,1281.66794747164,AX,271.126507885678,L1,3.47872659837902,L2,1.072006935...
GetData ===>> H2,-0.0843465261068007,H1,1281.65885079891,AX,271.217599530607,L1,3.45608812410413,L2,1.193983478...
Get Checksum: 799532470
GetData ===>> H2,-0.199438032433075,H1,1281.20960405743,AX,271.056596103412,L1,3.42395113817683,L2,1.1277654607...
GetData ===>> H2,-0.122840905363809,H1,1280.65515141173,AX,270.736465798641,L1,3.42288593740815,L2,1.0723851226...
GetData ===>> H2,-0.186693554294197,H1,1279.8393755321,AX,270.818377298547,L1,3.40443139631717,L2,1.16026796094...
Get Checksum: 799532470
GetData ===>> H2,-0.164552094590616,H1,1279.06985606813,AX,270.575307449721,L1,3.41625765978579,L2,1.2081882521...
GetData ===>> H2,-0.067087672714756,H1,1278.7538104095,AX,270.642911654208,L1,3.43787777447904,L2,1.15534715247...
Get Checksum: 799532470
GetData ===>> H2,-0.0676099022493793,H1,1278.10397947425,AX,270.575889682622,L1,3.44841308003853,L2,1.173029819...
GetData ===>> H2,-0.0985336512617688,H1,1278.08715086602,AX,270.327671078281,L1,3.44245782022552,L2,1.209174294...
04:37:06 -- collecting point 50
GetData ===>> H2,-0.284895638832761,H1,1277.62405712193,AX,270.393317887132,L1,3.42874362757994,L2,1.0922477620...
Get Checksum: 799532470
GetData ===>> H2,-0.153987535504437,H1,1277.13847108652,AX,270.126899405747,L1,3.40425610508617,L2,1.0032474559...
GetData ===>> H2,-0.24361016993189,H1,1276.6997216271,AX,270.131912065901,L1,3.402400982689,L2,1.08825885905796...
GetData ===>> H2,-0.249153116591547,H1,1275.60749943081,AX,270.028611512875,L1,3.42406622492019,L2,1.1025646576...
Get Checksum: 799532470
GetData ===>> H2,-0.214426373713543,H1,1274.83854507302,AX,270.045975841767,L1,3.46038186012297,L2,1.1304831390...
GetData ===>> H2,-0.0985702094134889,H1,1274.62997997689,AX,269.815418801435,L1,3.47404704116665,L2,1.181821088...
GetData ===>> H2,-0.0529737459487725,H1,1274.08760993459,AX,269.7356054766,L1,3.46319338889792,L2,1.20568879375...
Get Checksum: 799532470
GetData ===>> H2,-0.130440173086467,H1,1273.62596509747,AX,269.580840558252,L1,3.41782575223279,L2,1.1871512590...
GetData ===>> H2,-0.110941710498843,H1,1273.2486674197,AX,269.547351189663,L1,3.39300595588632,L2,1.10285125383...
GetData ===>> H2,-0.156585693121642,H1,1272.28518587122,AX,269.389774416804,L1,3.41974368532766,L2,1.0149292052...
Get Checksum: 799532470
GetData ===>> H2,-0.105844295036604,H1,1271.12855995553,AX,269.307855607393,L1,3.40848345464616,L2,1.1888019521...
GetData ===>> H2,-0.103592452135214,H1,1270.65030314712,AX,269.367590496248,L1,3.42675283731742,L2,1.1264353170...
GetData ===>> H2,-0.217187628066179,H1,1270.86557487459,AX,269.239068921316,L1,3.42719083847454,L2,1.0743448429...
Get Checksum: 799532470
GetData ===>> H2,-0.10277902655186,H1,1270.52137836976,AX,268.885791648423,L1,3.41969173134134,L2,1.06656349895...
GetData ===>> H2,-0.0733203083117949,H1,1270.36737635147,AX,268.991087708856,L1,3.41594462783105,L2,1.147410154...
GetData ===>> H2,-0.10081357165804,H1,1269.76371402583,AX,268.780382621613,L1,3.39051318848782,L2,1.16768979607...
Get Checksum: 799532470
GetData ===>> H2,0.0130001716667007,H1,1268.71445193233,AX,268.595404934677,L1,3.38980106622416,L2,1.1133297981...
GetData ===>> H2,-0.0760829477679522,H1,1268.16662510324,AX,268.157205045814,L1,3.37596449984826,L2,1.121103460...
GetData ===>> H2,-0.103411094404338,H1,1267.82359194208,AX,268.424365409854,L1,3.36116985957245,L2,1.0111725663...
Get Checksum: 799532470
GetData ===>> H2,-0.0533997950049342,H1,1267.21441577556,AX,268.492439977187,L1,3.39253484126018,L2,1.148809404...
GetData ===>> H2,-0.132030425008304,H1,1267.1288860767,AX,268.384595314162,L1,3.3705147039496,L2,1.003190195939...
Get Checksum: 799532470
GetData ===>> H2,-0.169930535312435,H1,1266.74580338979,AX,268.042815455049,L1,3.37223623024729,L2,1.1451736914...
GetData ===>> H2,-0.114336566040091,H1,1266.88788383552,AX,268.130839577269,L1,3.39798185346587,L2,1.1554618537...
GetData ===>> H2,-0.10381440840348,H1,1265.55907062101,AX,267.873853396841,L1,3.3830436576922,L2,1.079066672195...
Get Checksum: 799532470
GetData ===>> H2,-0.126614812338938,H1,1264.79012619352,AX,268.122980160015,L1,3.38187246554524,L2,1.0919268097...
04:37:32 -- collecting point 75
GetData ===>> H2,-0.130355028910677,H1,1265.11158403498,AX,268.018024243535,L1,3.3783301331276,L2,1.22061771560...
GetData ===>> H2,-0.183305270904486,H1,1264.33115430525,AX,267.902872327412,L1,3.35788704453265,L2,1.1101769432...
Get Checksum: 799532470
GetData ===>> H2,-0.0883266205318741,H1,1263.58241136696,AX,267.450034730626,L1,3.38770279908454,L2,1.023668539...
GetData ===>> H2,-0.0610686647520142,H1,1263.29525959642,AX,267.60185683561,L1,3.32368086381695,L2,1.0439221086...
GetData ===>> H2,-0.19128608040042,H1,1262.95304283792,AX,267.426020798754,L1,3.38100045093136,L2,1.15038071748...
Get Checksum: 799532470
GetData ===>> H2,-0.220375530994841,H1,1262.66246136622,AX,267.093370642943,L1,3.38752620850356,L2,1.1849733044...
GetData ===>> H2,-0.126128101554971,H1,1261.84823474209,AX,267.254527135555,L1,3.39699716560875,L2,1.1803424489...
GetData ===>> H2,-0.104999906254312,H1,1260.7508553822,AX,267.100140635689,L1,3.41551229244362,L2,1.05096832634...
Get Checksum: 799532470
GetData ===>> H2,-0.102372968695503,H1,1260.56753115637,AX,267.224138144601,L1,3.38989638717812,L2,1.1072305503...
GetData ===>> H2,-0.155749429687676,H1,1260.13838268883,AX,267.157418314344,L1,3.33342215080074,L2,1.0603297099...
GetData ===>> H2,-0.0385975762986997,H1,1259.05459836078,AX,267.069126890768,L1,3.35611016935909,L2,0.948922785...
Get Checksum: 799532470
GetData ===>> H2,-0.154630712664679,H1,1258.80021652564,AX,266.828281608426,L1,3.40377932614249,L2,1.1796891036...
GetData ===>> H2,-0.218621352464776,H1,1258.7161863475,AX,266.750435852869,L1,3.37920615481496,L2,1.06526857939...
GetData ===>> H2,-0.127402969147233,H1,1258.14390063244,AX,266.591049932756,L1,3.38097661864221,L2,1.1651431358...
Get Checksum: 799532470
GetData ===>> H2,-0.104913298727899,H1,1257.73749479219,AX,266.647274879625,L1,3.37123606141931,L2,1.1158865527...
GetData ===>> H2,-0.0195113655922739,H1,1257.19058350161,AX,266.183161020386,L1,3.37675485992208,L2,1.072465344...
GetData ===>> H2,-0.0433525598564909,H1,1256.74086166375,AX,266.374346849493,L1,3.40471607483769,L2,1.073989569...
Get Checksum: 799532470
GetData ===>> H2,-0.210574395118669,H1,1255.81605260559,AX,265.925439439202,L1,3.40320721689795,L2,1.0385604547...
GetData ===>> H2,-0.174119974589755,H1,1255.3262426094,AX,266.142321876008,L1,3.36403847682263,L2,1.10877825521...
GetData ===>> H2,-0.105224541448761,H1,1255.13882494406,AX,265.821744529665,L1,3.36173576166258,L2,1.1451736914...
GetData ===>> H2,-0.160840359136086,H1,1254.99997377589,AX,265.78700110431,L1,3.35095749110876,L2,1.14817859277...
Get Checksum: 799532470
GetData ===>> H2,-0.0940591287404244,H1,1254.4528669024,AX,265.903812325435,L1,3.35262720964866,L2,1.1083769960...
GetData ===>> H2,-0.150139232174875,H1,1253.29301539962,AX,265.508626642434,L1,3.39179315437429,L2,1.1902577953...
GetData ===>> H2,-0.229523294777025,H1,1252.99774970354,AX,265.716789286037,L1,3.3501416127206,L2,1.05666296402...
Get Checksum: 799532470
GetData ===>> H2,-0.2275470461418,H1,1252.00911339179,AX,265.477756948858,L1,3.32653754448381,L2,1.084121120101...
04:37:58 -- collecting point 100
GetData ===>> H2,-0.234750340445467,H1,1251.88863791061,AX,265.32049176982,L1,3.3525656231901,L2,1.075135618549...
GetData ===>> H2,-0.0946456298594604,H1,1251.96851992268,AX,265.294055367621,L1,3.3623829405257,L2,1.1695711558...
Get Checksum: 799532470
GetData ===>> H2,-0.10607703219279,H1,1251.09759551946,AX,265.091745520855,L1,3.34984354435687,L2,1.13574670910...
GetData ===>> H2,-0.124542090775594,H1,1250.27301596289,AX,264.854696091643,L1,3.34589100557488,L2,1.0929011326...
GetData ===>> H2,-0.119448591930884,H1,1249.89484777539,AX,264.722571777286,L1,3.35642379840095,L2,1.0752731454...
Get Checksum: 799532470
GetData ===>> H2,-0.0398340086681755,H1,1249.42085958836,AX,264.705733262715,L1,3.34958326549354,L2,1.119119855...
GetData ===>> H2,-0.102616605150777,H1,1248.75463308882,AX,264.688841229094,L1,3.36925418550728,L2,1.0666551753...
GetData ===>> H2,-0.200824104870025,H1,1248.70480452742,AX,264.931525037836,L1,3.31781525408957,L2,1.2090711038...
Get Checksum: 799532470
GetData ===>> H2,-0.147633915296452,H1,1248.02659653697,AX,264.824738395144,L1,3.33424454682053,L2,1.1254835875...
GetData ===>> H2,-0.208298956349885,H1,1247.77450214552,AX,264.41918934794,L1,3.34432854565274,L2,1.08735335526...
GetData ===>> H2,-0.188474963702022,H1,1246.9721895673,AX,264.111617339796,L1,3.37537877080654,L2,1.08393773412...
Get Checksum: 799532470
GetData ===>> H2,-0.157878470095819,H1,1246.49694804283,AX,263.947864321524,L1,3.37671842371513,L2,1.0430972193...
GetData ===>> H2,-0.137162319318661,H1,1246.19112635993,AX,264.468981888799,L1,3.36020060544642,L2,0.9220727588...
GetData ===>> H2,-0.176817224176859,H1,1245.79280293413,AX,264.452675010295,L1,3.34974558926904,L2,1.0957783084...
Get Checksum: 799532470
GetData ===>> H2,-0.131352760348594,H1,1244.85680244231,AX,264.176944220164,L1,3.33358019182151,L2,0.9895060381...
GetData ===>> H2,-0.0730111979858868,H1,1243.92930006539,AX,264.228318889527,L1,3.35170904501758,L2,1.107184692...
GetData ===>> H2,-0.0881030063306323,H1,1243.55921905881,AX,264.029609088061,L1,3.31699471533298,L2,1.075777412...
Get Checksum: 799532470
GetData ===>> H2,-0.147690645577381,H1,1242.72117159869,AX,263.5480471877,L1,3.31672354478682,L2,1.042020291209...
GetData ===>> H2,-0.106374712303318,H1,1242.89429858782,AX,263.439993764844,L1,3.30619048735185,L2,1.0557348411...
Get Checksum: 799532470
GetData ===>> H2,-0.0630630263551577,H1,1242.10471214224,AX,263.381732221693,L1,3.34575531370374,L2,1.099400692...
GetData ===>> H2,-0.0714641644139499,H1,1242.19468413764,AX,263.210082285169,L1,3.36054235644666,L2,1.121734094...
measurement finished
estimated time: 125.829 actual time: :126.157
flush and close file /Users/jan/PychronDev/data/isotopes/2a/3f2bf4-017a-4dec-ba4f-cc1b390bd66e.h5
baselines () {'settling_time': 15.0, 'detector': 'H1', 'mass': 34.2, 'ncounts': 60}
%%%%%%%%%%%%%%%%%%%%%%%%%%%%%%%% Baseline
build tables- baseline [Detector(H2), Detector(H1), Detector(AX), Detector(L1), Detector(L2), Detector(CDD)]
add group baseline table H2
add group baseline table H1
add group baseline table AX
add group baseline table L1
add group baseline table L2
add group baseline table CDD
flush and close file /Users/jan/PychronDev/data/isotopes/2a/3f2bf4-017a-4dec-ba4f-cc1b390bd66e.h5
detector Detector(H1)
POSITION 34.2 H1
Mapping mass to dac mass func: "parabolic"
H1 map mass coeffs = [-0.00063987  0.15840543  0.57064999]
H1 map mass to dac 34.2 >> 5.23969599104
GetDeflection H1 ===>> 0
GetHighVoltage ===>> 4500
positioning 34.2 (5.23969599104) on H1
setting magnet DAC
current  : 5.879040
requested: 5.239696
Delta Dac: 0.639344
Checking detector protection. dv=0.63934
Checking detector "CDD". Protection Threshold: 0.1 (V)
ProtectDetector CDD,On ===>> OK
GetDeflection CDD ===>> 2000
SetMagnetDAC 5.23969599104 ===>> OK
Magnet settling time: 0.500
GetMagnetMoving ===>> True
Get Checksum: 799532470
GetMagnetMoving ===>> True
GetMagnetMoving ===>> True
GetMagnetMoving ===>> True
GetMagnetMoving ===>> True
GetMagnetMoving ===>> True
GetMagnetMoving ===>> True
GetMagnetMoving ===>> True
GetMagnetMoving ===>> False
ProtectDetector CDD,Off ===>> OK
GetDeflection CDD ===>> 50
Delaying 15.0s for detectors to settle
Get Checksum: 799532470
Get Checksum: 799532470
Get Checksum: 799532470
Get Checksum: 799532470
Get Checksum: 799532470
Join finished
measuring baseline. ncounts=60
starting measurement
GetData ===>> H2,-0.214189366767462,H1,-0.0724067469444421,AX,-0.109379868105403,L1,-0.0516905649445933,L2,-0.1...
Get Checksum: 799532470
GetData ===>> H2,-0.215071384502505,H1,-0.107290377875091,AX,-0.0890644242740453,L1,-0.0388359027001082,L2,-0.1...
GetData ===>> H2,-0.148074242886004,H1,-0.106372856965975,AX,-0.0746335946566895,L1,-0.102625177348435,L2,-0.04...
GetData ===>> H2,-0.0660160097894552,H1,-0.0508769897190174,AX,-0.106436535496257,L1,-0.089410746460483,L2,-0.0...
Get Checksum: 799532470
GetData ===>> H2,-0.112091039575362,H1,-0.11086505440876,AX,-0.118684385073956,L1,-0.0702886614889659,L2,-0.102...
GetData ===>> H2,-0.18930556293649,H1,-0.0882828693470781,AX,-0.141353722366627,L1,-0.0398097359278278,L2,0.026...
GetData ===>> H2,-0.31234498372718,H1,-0.0750291029951942,AX,-0.173350554143168,L1,-0.052277957246805,L2,-0.052...
Get Checksum: 799532470
GetData ===>> H2,-0.23566119232373,H1,0.0777162099538266,AX,-0.109947666118405,L1,-0.00626768189160236,L2,-0.07...
GetData ===>> H2,-0.263890390976041,H1,-0.00558500710658978,AX,-0.148403203848082,L1,-0.0315582000454499,L2,-0....
GetData ===>> H2,-0.199451516445961,H1,0.0017270735655607,AX,-0.171623457722788,L1,-0.0530088597816725,L2,-0.01...
Get Checksum: 799532470
GetData ===>> H2,-0.227338362110821,H1,-0.00879356556862092,AX,-0.0890876046078682,L1,-0.0533461814745431,L2,0....
GetData ===>> H2,-0.248399866163314,H1,0.001106778451976,AX,0.0472850668260748,L1,-0.0282511488935207,L2,0.0134...
GetData ===>> H2,-0.0962790046321185,H1,0.0310284676081409,AX,-0.109553684175616,L1,-0.0485197282487722,L2,-0.0...
Get Checksum: 799532470
GetData ===>> H2,-0.147451566042542,H1,-0.0578752649946999,AX,-0.0907102142503556,L1,-0.0672401494366687,L2,-0....
GetData ===>> H2,-0.213996794965328,H1,-0.0232963979512888,AX,-0.00737741191318857,L1,-0.0668156753000241,L2,-0...
GetData ===>> H2,-0.329909742570771,H1,-0.0130158240661203,AX,-0.104223183419041,L1,-0.100945342389373,L2,-0.12...
Get Checksum: 799532470
GetData ===>> H2,-0.264350225485273,H1,-0.0318945357145271,AX,-0.155428987879829,L1,-0.076954557706157,L2,0.120...
GetData ===>> H2,-0.150047402839325,H1,-0.0785930130945854,AX,0.0455673323568184,L1,-0.0443542409090866,L2,0.12...
Get Checksum: 799532470
GetData ===>> H2,-0.106381477669725,H1,0.00736954985340894,AX,-0.16224560016989,L1,-0.0196448455320185,L2,0.021...
GetData ===>> H2,-0.207292443958855,H1,-0.00200656780495729,AX,-0.0805452776377431,L1,-0.0357604617583093,L2,-0...
GetData ===>> H2,-0.219638593605673,H1,0.0172237700986734,AX,-0.0794788829458178,L1,-0.0240441966143465,L2,-0.0...
Get Checksum: 799532470
GetData ===>> H2,-0.154542886002152,H1,-0.019026867861238,AX,-0.0919735130219721,L1,-0.0205428530219846,L2,-0.0...
GetData ===>> H2,-0.23511764996658,H1,0.00900389942788418,AX,-0.0503687492046757,L1,-0.0287423045764843,L2,-0.0...
GetData ===>> H2,-0.237820303996068,H1,-0.0202075661884347,AX,-0.0541833564982958,L1,-0.0245643196519296,L2,-0....
Get Checksum: 799532470
04:39:04 -- collecting point 25
GetData ===>> H2,-0.239374439717798,H1,0.0714990113085402,AX,-0.0603281541003927,L1,-0.0166445116576407,L2,-0.0...
GetData ===>> H2,-0.177056138738444,H1,0.0559700417068989,AX,-0.0859698001292113,L1,0.0184926505347786,L2,-0.03...
GetData ===>> H2,-0.212511323212494,H1,-0.0397168875766905,AX,-0.0252860116588426,L1,0.0166417907674427,L2,-0.0...
Get Checksum: 799532470
GetData ===>> H2,-0.319480130315195,H1,-0.0213405464376979,AX,0.0188534985443905,L1,-0.0224249317374416,L2,-0.0...
GetData ===>> H2,-0.295219952062899,H1,0.0779189604508847,AX,-0.0857379891145506,L1,-0.000247226849284621,L2,-0...
GetData ===>> H2,-0.204064802120628,H1,-0.0612013605387539,AX,-0.00574181210987341,L1,-0.0159500622916747,L2,-0...
Get Checksum: 799532470
GetData ===>> H2,-0.222837927517501,H1,-0.0195039193673139,AX,-0.0870708949067345,L1,0.0100518391722395,L2,0.00...
GetData ===>> H2,-0.228020946529984,H1,0.0109245925216108,AX,-0.156565123105604,L1,-0.018309075960413,L2,-0.098...
GetData ===>> H2,-0.243326222456349,H1,0.0741025493681271,AX,-0.17710601365662,L1,-0.00277198505124108,L2,-0.04...
Get Checksum: 799532470
GetData ===>> H2,-0.233544727824147,H1,0.0647547740197265,AX,-0.0202988440706552,L1,-0.0402804480504558,L2,0.01...
GetData ===>> H2,-0.173416722086818,H1,-0.0105826798975748,AX,-0.0271068440480585,L1,-0.0492664606469594,L2,-0....
GetData ===>> H2,-0.165993794165124,H1,0.0556239199382748,AX,-0.00477899937459769,L1,-0.0393378039331465,L2,-0....
Get Checksum: 799532470
GetData ===>> H2,-0.214978472899676,H1,0.0195383402241013,AX,-0.100874088985589,L1,-0.0588729059407392,L2,-0.04...
GetData ===>> H2,-0.172239039831632,H1,0.000581916358100187,AX,-0.167079540780893,L1,-0.0263869348792572,L2,-0....
GetData ===>> H2,-0.182289397605593,H1,-0.0132901454338306,AX,-0.0630410167404223,L1,-0.00485707316428746,L2,-0...
Get Checksum: 799532470
GetData ===>> H2,-0.265916480153309,H1,-0.01277728313529,AX,-0.0336940295509366,L1,-0.0208737407784505,L2,0.035...
GetData ===>> H2,-0.132219785143698,H1,-0.0311074969505441,AX,-0.0587514128562456,L1,-0.0315150872165259,L2,0.0...
Get Checksum: 799532470
GetData ===>> H2,-0.190664593854264,H1,-0.0289609961368729,AX,-0.0944073451464423,L1,-0.0101854023101387,L2,-0....
GetData ===>> H2,-0.281093173993325,H1,-0.0127892101952963,AX,0.0133422165501203,L1,-0.00376059619294137,L2,-0....
GetData ===>> H2,-0.239225009354613,H1,-0.0513419669680769,AX,-0.0821332567684017,L1,-0.04892421518794,L2,0.050...
Get Checksum: 799532470
GetData ===>> H2,-0.152530793489052,H1,-0.0608914064853082,AX,-0.12340003330727,L1,-0.0199086210666572,L2,-0.05...
GetData ===>> H2,-0.175070430123868,H1,0.015207512932647,AX,0.0574230993936002,L1,-0.0165269743745795,L2,-0.050...
GetData ===>> H2,-0.112616253718155,H1,-0.0478843921379866,AX,-0.137770813098625,L1,-0.0100247422013561,L2,-0.0...
Get Checksum: 799532470
GetData ===>> H2,-0.200553106008217,H1,0.0132628773327649,AX,-0.195093117486547,L1,0.00741538505253082,L2,-0.06...
GetData ===>> H2,-0.244511756762374,H1,-0.0407542572262941,AX,-0.0225836944291043,L1,0.00484141205718097,L2,-0....
04:39:30 -- collecting point 50
GetData ===>> H2,-0.259287515898244,H1,0.0678105137501329,AX,-0.0113096989696807,L1,-0.00860266854201665,L2,-0....
Get Checksum: 799532470
GetData ===>> H2,-0.278418550593788,H1,0.105210538155265,AX,-0.0933411023760807,L1,-0.0320611693904897,L2,-0.02...
GetData ===>> H2,-0.245227592344732,H1,0.0562564882133244,AX,-0.132795889167606,L1,-0.00784478668730104,L2,-0.0...
GetData ===>> H2,-0.24639140106236,H1,0.0485107857960411,AX,-0.00120606887191583,L1,-0.0216877262937099,L2,0.11...
GetData ===>> H2,-0.236180493014227,H1,-0.056325433614801,AX,-0.0596209424373755,L1,-0.0271681257462289,L2,-0.0...
GetData ===>> H2,-0.221837138500657,H1,0.0324006893477115,AX,-0.0639916601122643,L1,-0.0134735752759007,L2,-0.0...
Get Checksum: 799532470
GetData ===>> H2,-0.118766760676799,H1,0.00524612821821715,AX,-0.0988112675666075,L1,-0.0128742800239371,L2,-0....
GetData ===>> H2,-0.12675946957616,H1,-0.028412438543257,AX,-0.120758371547741,L1,-0.0469207683770285,L2,0.0383...
GetData ===>> H2,-0.192413027514779,H1,0.0222705563020622,AX,-0.133444644732502,L1,-0.0160076350455653,L2,0.041...
Get Checksum: 799532470
GetData ===>> H2,-0.105351742540929,H1,0.0136804339393005,AX,0.0513473972985902,L1,0.0130839542360027,L2,0.0270...
GetData ===>> H2,-0.126436354141551,H1,-0.0167846953259108,AX,-0.172458031634685,L1,0.0160977674915867,L2,-0.02...
measurement finished
estimated time: 62.915 actual time: :63.125
flush and close file /Users/jan/PychronDev/data/isotopes/2a/3f2bf4-017a-4dec-ba4f-cc1b390bd66e.h5
activate_detectors ('H1', 'AX', 'CDD') {'peak_center': True}
peak_center () {'detector': 'H1', 'integration_time': 0.262144, 'isotope': 'Ar40'}
peak center: mean=1244.07410654 threshold=3
peak center started
setup peak center. detector=['H1', 'AX', 'CDD'], isotope=Ar40
VersionedUnpickler [<apptools.sweet_pickle.versioned_unpickler.VersionedUnpickler object at 0x153b578f0>] using Updater [<apptools.sweet_pickle.updater.Updater object at 0x1356d5710>]
VersionedUnpickler [<apptools.sweet_pickle.versioned_unpickler.VersionedUnpickler object at 0x153b578f0>] using Updater [<apptools.sweet_pickle.updater.Updater object at 0x1356d5710>]
VersionedUnpickler [<apptools.sweet_pickle.versioned_unpickler.VersionedUnpickler object at 0x15dcf5c50>] using Updater [<apptools.sweet_pickle.updater.Updater object at 0x1356d5710>]
setting integration time = 0.524288
SetIntegrationTime 0.524288 ===>> OK
Mapping mass to dac mass func: "parabolic"
H1 map mass coeffs = [-0.00063987  0.15840543  0.57064999]
H1 map mass to dac 39.9624 >> 5.87904
GetDeflection H1 ===>> 0
GetHighVoltage ===>> 4500
do peak center. <pychron.spectrometer.jobs.peak_center.PeakCenter object at 0x1356efa10>
doing pc
starting peak center. center dac= 5.87904 step_width=0.001
width = 0.001
get scan parameters. half-width=0.015,window=0.015, i=0, scalar=1
Scan parameters center=5.87904 width=0.03000 (5.86404 - 5.89404)
GetData ===>> H2,-0.19157591603548,H1,-0.0786049323133529,AX,-0.0453016991766769,L1,0.0153184122470084,L2,0.027...
Moving to starting dac 5.86404
setting magnet DAC
current  : 5.239696
requested: 5.864040
Delta Dac: 0.624344
Checking detector protection. dv=0.62434
Checking detector "CDD". Protection Threshold: 0.1 (V)
ProtectDetector CDD,On ===>> OK
GetDeflection CDD ===>> 2000
Get Checksum: 799532470
SetMagnetDAC 5.86404 ===>> OK
Magnet settling time: 0.500
GetMagnetMoving ===>> True
GetMagnetMoving ===>> True
GetMagnetMoving ===>> True
GetMagnetMoving ===>> True
GetMagnetMoving ===>> True
GetMagnetMoving ===>> True
GetMagnetMoving ===>> True
GetMagnetMoving ===>> True
GetMagnetMoving ===>> False
ProtectDetector CDD,Off ===>> OK
GetDeflection CDD ===>> 50
Wait until signal near baseline. tol= -0.058953699235. timeout= 10
GetData ===>> H2,8.97470126735294,H1,3.85127598793236,AX,-0.00177449840631862,L1,-0.0170530218188994,L2,0.01147...
Get Checksum: 799532470
GetData ===>> H2,92.8524997822985,H1,47.095532569529,AX,4.09254615156743,L1,0.025070081392245,L2,0.045352930438...
GetData ===>> H2,90.9640757114579,H1,42.0540770568415,AX,5.75945604837675,L1,0.0181582723187049,L2,-0.105470592...
GetData ===>> H2,47.3401615855398,H1,20.4135289865435,AX,2.69253802080591,L1,0.0282719097708498,L2,-0.153139316...
GetData ===>> H2,19.2447759038017,H1,10.3098822496099,AX,1.27673275059657,L1,0.058497408862452,L2,-0.0066951956...
GetData ===>> H2,6.37508440670468,H1,5.63565523814222,AX,0.591951423741918,L1,0.0367822317594948,L2,-0.15026892...
GetData ===>> H2,1.76996703218683,H1,3.30134738661301,AX,0.345187237860358,L1,0.0151947766657219,L2,-0.10315417...
Get Checksum: 799532470
GetData ===>> H2,0.550190142271206,H1,2.1038012088938,AX,0.183456756798739,L1,-0.00844438147651619,L2,-0.003302...
GetData ===>> H2,0.382584855804901,H1,1.60518065787778,AX,0.240618076387,L1,-0.0226922302835261,L2,0.0409556478...
GetData ===>> H2,0.420558357178448,H1,1.30828858777188,AX,0.240130566508875,L1,-0.0177598928293873,L2,0.0521429...
GetData ===>> H2,0.468527300268718,H1,1.24129053800701,AX,0.0582507745877082,L1,0.0125535608324042,L2,0.0014347...
GetData ===>> H2,0.42847347072159,H1,1.15101574055847,AX,-0.0159725591542679,L1,0.0190534913466141,L2,0.0175828...
GetData ===>> H2,0.308814882593133,H1,1.10430799082553,AX,0.23270214624387,L1,0.0120570607728873,L2,-0.02402310...
Get Checksum: 799532470
GetData ===>> H2,0.278045904452588,H1,1.04254407451119,AX,0.117633991503634,L1,-0.0378176489744299,L2,0.0268082...
GetData ===>> H2,0.320364105799037,H1,1.03053616218494,AX,0.14515910311891,L1,-0.0125949962458283,L2,-0.0281439...
GetData ===>> H2,0.305637284235959,H1,0.999360629967394,AX,0.0719692068144564,L1,-0.012894656648587,L2,-0.02406...
GetData ===>> H2,0.262451592928718,H1,1.09600985702338,AX,0.179559033081318,L1,-0.03396834752819,L2,-0.02443292...
GetData ===>> H2,0.155237316661001,H1,1.00650067527315,AX,0.0935240258518076,L1,-0.0226275673904969,L2,-0.06827...
GetData ===>> H2,0.0968808413241787,H1,1.08816802987299,AX,0.146550637957762,L1,-0.0340616440768287,L2,-0.15229...
Get Checksum: 799532470
GetData ===>> H2,0.118929991777186,H1,0.992676281745975,AX,0.0992727834375213,L1,0.00424826539019944,L2,-0.0801...
GetData ===>> H2,0.113195055784411,H1,1.02691729199733,AX,0.0157903475090539,L1,-0.0070676587004456,L2,-0.10313...
Peak center failed to move to a baseline position
_do_sweep sm= 5.86404, em= 5.89404, stm= 0.001
calculated step values: start=5.86404, end=5.89404, width=0.001, nsteps=31.0
setting magnet DAC
current  : 5.864040
requested: 5.864040
Delta Dac: 0.000000
Checking detector protection. dv=0.00000
Checking detector "CDD". Protection Threshold: 0.1 (V)
SetMagnetDAC 5.86404 ===>> OK
GetData ===>> H2,0.113195055784411,H1,1.02691729199733,AX,0.0157903475090539,L1,-0.0070676587004456,L2,-0.10313...
setting magnet DAC
current  : 5.864040
requested: 5.865074
Delta Dac: 0.001034
Checking detector protection. dv=0.00103
Checking detector "CDD". Protection Threshold: 0.1 (V)
SetMagnetDAC 5.86507448276 ===>> OK
Magnet settling time: 1.049
GetData ===>> H2,0.095108246602756,H1,2.62368600358112,AX,0.351020584296836,L1,0.00791092143621243,L2,0.0404316...
setting magnet DAC
current  : 5.865074
requested: 5.866109
Delta Dac: 0.001034
Checking detector protection. dv=0.00103
Checking detector "CDD". Protection Threshold: 0.1 (V)
SetMagnetDAC 5.86610896552 ===>> OK
Magnet settling time: 1.049
GetData ===>> H2,-0.0716946735503114,H1,9.31904545979971,AX,1.22560790630681,L1,-0.00842039837066842,L2,-0.0822...
setting magnet DAC
current  : 5.866109
requested: 5.867143
Delta Dac: 0.001034
Checking detector protection. dv=0.00103
Checking detector "CDD". Protection Threshold: 0.1 (V)
SetMagnetDAC 5.86714344828 ===>> OK
Magnet settling time: 1.049
Get Checksum: 799532470
GetData ===>> H2,-0.0958045183282927,H1,36.743721223522,AX,4.72480899929417,L1,0.0388526161835587,L2,-0.0536167...
setting magnet DAC
current  : 5.867143
requested: 5.868178
Delta Dac: 0.001034
Checking detector protection. dv=0.00103
Checking detector "CDD". Protection Threshold: 0.1 (V)
SetMagnetDAC 5.86817793103 ===>> OK
Magnet settling time: 1.049
GetData ===>> H2,-0.125200589334113,H1,122.034400023739,AX,16.6051123862959,L1,0.0766366549541293,L2,0.01368789...
setting magnet DAC
current  : 5.868178
requested: 5.869212
Delta Dac: 0.001034
Checking detector protection. dv=0.00103
Checking detector "CDD". Protection Threshold: 0.1 (V)
SetMagnetDAC 5.86921241379 ===>> OK
Magnet settling time: 1.049
Get Checksum: 799532470
GetData ===>> H2,-0.116541054260824,H1,318.031159601803,AX,48.371396163495,L1,0.205897663933697,L2,0.0665675317...
setting magnet DAC
current  : 5.869212
requested: 5.870247
Delta Dac: 0.001034
Checking detector protection. dv=0.00103
Checking detector "CDD". Protection Threshold: 0.1 (V)
SetMagnetDAC 5.87024689655 ===>> OK
Magnet settling time: 1.049
GetData ===>> H2,-0.132977987090343,H1,609.388841936168,AX,103.029780056502,L1,0.63341656478886,L2,0.0698948454...
setting magnet DAC
current  : 5.870247
requested: 5.871281
Delta Dac: 0.001034
Checking detector protection. dv=0.00103
Checking detector "CDD". Protection Threshold: 0.1 (V)
SetMagnetDAC 5.87128137931 ===>> OK
Magnet settling time: 1.049
GetData ===>> H2,-0.0982776255055477,H1,887.234724654286,AX,163.839711990235,L1,1.22678294038219,L2,0.180240291...
setting magnet DAC
current  : 5.871281
requested: 5.872316
Delta Dac: 0.001034
Checking detector protection. dv=0.00103
Checking detector "CDD". Protection Threshold: 0.1 (V)
SetMagnetDAC 5.87231586207 ===>> OK
Magnet settling time: 1.049
Get Checksum: 799532470
GetData ===>> H2,-0.140777062739135,H1,1068.5666468104,AX,210.954147135499,L1,1.85834429223566,L2,0.70345123731...
setting magnet DAC
current  : 5.872316
requested: 5.873350
Delta Dac: 0.001034
Checking detector protection. dv=0.00103
Checking detector "CDD". Protection Threshold: 0.1 (V)
SetMagnetDAC 5.87335034483 ===>> OK
Magnet settling time: 1.049
GetData ===>> H2,-0.14552357993216,H1,1149.02738064713,AX,236.992961478372,L1,2.37187295763309,L2,0.74482644130...
setting magnet DAC
current  : 5.873350
requested: 5.874385
Delta Dac: 0.001034
Checking detector protection. dv=0.00103
Checking detector "CDD". Protection Threshold: 0.1 (V)
SetMagnetDAC 5.87438482759 ===>> OK
Magnet settling time: 1.049
GetData ===>> H2,-0.169976413157585,H1,1182.04246097514,AX,249.246825212418,L1,2.81826613994222,L2,1.0272600270...
setting magnet DAC
current  : 5.874385
requested: 5.875419
Delta Dac: 0.001034
Checking detector protection. dv=0.00103
Checking detector "CDD". Protection Threshold: 0.1 (V)
SetMagnetDAC 5.87541931034 ===>> OK
Magnet settling time: 1.049
Get Checksum: 799532470
GetData ===>> H2,-0.0683938797739123,H1,1185.80753121938,AX,250.793179321777,L1,3.0366941889577,L2,0.9327477244...
setting magnet DAC
current  : 5.875419
requested: 5.876454
Delta Dac: 0.001034
Checking detector protection. dv=0.00103
Checking detector "CDD". Protection Threshold: 0.1 (V)
SetMagnetDAC 5.8764537931 ===>> OK
Magnet settling time: 1.049
GetData ===>> H2,-0.0513748079258926,H1,1186.73034618188,AX,251.105814500315,L1,3.06934165834794,L2,1.180434146...
setting magnet DAC
current  : 5.876454
requested: 5.877488
Delta Dac: 0.001034
Checking detector protection. dv=0.00103
Checking detector "CDD". Protection Threshold: 0.1 (V)
SetMagnetDAC 5.87748827586 ===>> OK
Magnet settling time: 1.049
GetData ===>> H2,-0.149299395012545,H1,1186.58983516614,AX,251.227242678668,L1,3.10081298704392,L2,1.1996467931...
setting magnet DAC
current  : 5.877488
requested: 5.878523
Delta Dac: 0.001034
Checking detector protection. dv=0.00103
Checking detector "CDD". Protection Threshold: 0.1 (V)
SetMagnetDAC 5.87852275862 ===>> OK
Magnet settling time: 1.049
Get Checksum: 799532470
GetData ===>> H2,-0.116938872109353,H1,1185.6674563975,AX,251.226339425326,L1,3.15911387158557,L2,1.03284486731...
setting magnet DAC
current  : 5.878523
requested: 5.879557
Delta Dac: 0.001034
Checking detector protection. dv=0.00103
Checking detector "CDD". Protection Threshold: 0.1 (V)
SetMagnetDAC 5.87955724138 ===>> OK
Magnet settling time: 1.049
GetData ===>> H2,-0.0989161084335074,H1,1186.1434916286,AX,251.207212566702,L1,3.20793196153815,L2,1.0255205528...
setting magnet DAC
current  : 5.879557
requested: 5.880592
Delta Dac: 0.001034
Checking detector protection. dv=0.00103
Checking detector "CDD". Protection Threshold: 0.1 (V)
SetMagnetDAC 5.88059172414 ===>> OK
Magnet settling time: 1.049
Get Checksum: 799532470
GetData ===>> H2,-0.118059182172755,H1,1185.38236805437,AX,250.990221489034,L1,3.24264908550304,L2,1.0883904782...
setting magnet DAC
current  : 5.880592
requested: 5.881626
Delta Dac: 0.001034
Checking detector protection. dv=0.00103
Checking detector "CDD". Protection Threshold: 0.1 (V)
SetMagnetDAC 5.8816262069 ===>> OK
Magnet settling time: 1.049
GetData ===>> H2,-0.0622646255200448,H1,1184.19316002994,AX,250.511761177147,L1,3.2136053332727,L2,0.9986313697...
setting magnet DAC
current  : 5.881626
requested: 5.882661
Delta Dac: 0.001034
Checking detector protection. dv=0.00103
Checking detector "CDD". Protection Threshold: 0.1 (V)
SetMagnetDAC 5.88266068966 ===>> OK
Magnet settling time: 1.049
GetData ===>> H2,-0.0965432598831119,H1,1181.82462029369,AX,249.618934423813,L1,3.25674281259124,L2,1.108065804...
setting magnet DAC
current  : 5.882661
requested: 5.883695
Delta Dac: 0.001034
Checking detector protection. dv=0.00103
Checking detector "CDD". Protection Threshold: 0.1 (V)
SetMagnetDAC 5.88369517241 ===>> OK
Magnet settling time: 1.049
Get Checksum: 799532470
GetData ===>> H2,-0.144308790281316,H1,1173.25128861774,AX,245.994117614061,L1,3.17915594650782,L2,0.9964576791...
setting magnet DAC
current  : 5.883695
requested: 5.884730
Delta Dac: 0.001034
Checking detector protection. dv=0.00103
Checking detector "CDD". Protection Threshold: 0.1 (V)
SetMagnetDAC 5.88472965517 ===>> OK
Magnet settling time: 1.049
GetData ===>> H2,-0.255045566243532,H1,1139.70428676164,AX,233.558994214136,L1,3.03278698736116,L2,0.9346033651...
setting magnet DAC
current  : 5.884730
requested: 5.885764
Delta Dac: 0.001034
Checking detector protection. dv=0.00103
Checking detector "CDD". Protection Threshold: 0.1 (V)
SetMagnetDAC 5.88576413793 ===>> OK
Magnet settling time: 1.049
GetData ===>> H2,-0.117875177478719,H1,1039.59938112521,AX,199.239799566193,L1,2.64181785563552,L2,0.4874166202...
setting magnet DAC
current  : 5.885764
requested: 5.886799
Delta Dac: 0.001034
Checking detector protection. dv=0.00103
Checking detector "CDD". Protection Threshold: 0.1 (V)
SetMagnetDAC 5.88679862069 ===>> OK
Magnet settling time: 1.049
Get Checksum: 799532470
GetData ===>> H2,-0.113190171296715,H1,819.982328988064,AX,139.069329772144,L1,2.07126074994741,L2,0.5606211038...
setting magnet DAC
current  : 5.886799
requested: 5.887833
Delta Dac: 0.001034
Checking detector protection. dv=0.00103
Checking detector "CDD". Protection Threshold: 0.1 (V)
SetMagnetDAC 5.88783310345 ===>> OK
Magnet settling time: 1.049
GetData ===>> H2,-0.123769962699678,H1,515.756713608017,AX,74.6362295261619,L1,1.421977402263,L2,0.181860276820...
setting magnet DAC
current  : 5.887833
requested: 5.888868
Delta Dac: 0.001034
Checking detector protection. dv=0.00103
Checking detector "CDD". Protection Threshold: 0.1 (V)
SetMagnetDAC 5.88886758621 ===>> OK
Magnet settling time: 1.049
GetData ===>> H2,-0.196290424142549,H1,246.2381451086,AX,29.9456482570127,L1,0.858647790716739,L2,-0.0527062922...
setting magnet DAC
current  : 5.888868
requested: 5.889902
Delta Dac: 0.001034
Checking detector protection. dv=0.00103
Checking detector "CDD". Protection Threshold: 0.1 (V)
SetMagnetDAC 5.88990206897 ===>> OK
Magnet settling time: 1.049
Get Checksum: 799532470
GetData ===>> H2,-0.211181909670336,H1,90.9693555686615,AX,9.00166290698543,L1,0.492535859098413,L2,0.047563039...
setting magnet DAC
current  : 5.889902
requested: 5.890937
Delta Dac: 0.001034
Checking detector protection. dv=0.00103
Checking detector "CDD". Protection Threshold: 0.1 (V)
SetMagnetDAC 5.89093655172 ===>> OK
Magnet settling time: 1.049
GetData ===>> H2,-0.240363861151278,H1,27.0459723177421,AX,1.97131212407263,L1,0.340551367428593,L2,-0.04708415...
setting magnet DAC
current  : 5.890937
requested: 5.891971
Delta Dac: 0.001034
Checking detector protection. dv=0.00103
Checking detector "CDD". Protection Threshold: 0.1 (V)
SetMagnetDAC 5.89197103448 ===>> OK
Magnet settling time: 1.049
Get Checksum: 799532470
GetData ===>> H2,-0.213883674335494,H1,6.81104571196089,AX,0.219425255500139,L1,0.185436802305632,L2,-0.0446940...
setting magnet DAC
current  : 5.891971
requested: 5.893006
Delta Dac: 0.001034
Checking detector protection. dv=0.00103
Checking detector "CDD". Protection Threshold: 0.1 (V)
SetMagnetDAC 5.89300551724 ===>> OK
Magnet settling time: 1.049
GetData ===>> H2,-0.102527190358217,H1,1.48381201467449,AX,-0.0225604982482962,L1,0.140311644612336,L2,0.011842...
setting magnet DAC
current  : 5.893006
requested: 5.894040
Delta Dac: 0.001034
Checking detector protection. dv=0.00103
Checking detector "CDD". Protection Threshold: 0.1 (V)
SetMagnetDAC 5.89404 ===>> OK
Magnet settling time: 1.049
GetData ===>> H2,-0.187310328714099,H1,0.229413349823049,AX,-0.08732588349929,L1,0.0682706476581321,L2,0.043165...
result of _do_sweep=True
result of _calculate_peak_center=([5.8712243687374741, 5.8788896993987967, 5.8865550300601193], [871.92257680903253, 1186.7261224038516, 871.69576310862158], 5.8764848897795581, 1186.7261224038516)
Failed to find a valid peak. No peak greater than 1.0. max = 0.0193358208889
new center pos Detector(H1) (Ar40) @ 5.8788896994
GetHighVoltage ===>> 4500
GetDeflection H1 ===>> 0
dac uncorrected for HV and deflection 5.8788896994
update mftable H1 Ar40 5.8788896994 message=automated run peakcenter
get initial guess parabolic
get initial guess parabolic
get initial guess parabolic
get initial guess parabolic
get initial guess parabolic
get initial guess parabolic
dump mftable to /Users/jan/PychronDev/setupfiles/spectrometer/mftables/mftable.csv
add to repo msg=modified - automated run peakcenter
sweep finished
Get Checksum: 799532470
locally archiving mftable
setting magnet DAC
current  : 5.894040
requested: 5.878890
Delta Dac: 0.015150
Checking detector protection. dv=0.01515
Checking detector "CDD". Protection Threshold: 0.1 (V)
SetMagnetDAC 5.8788896994 ===>> OK
Magnet settling time: 0.500
setting integration time = 1.048576
SetIntegrationTime 1.048576 ===>> OK
Failed to find a valid peak. No peak greater than 1.0. max = 0.0193358208889
flush and close file /Users/jan/PychronDev/data/isotopes/2a/3f2bf4-017a-4dec-ba4f-cc1b390bd66e.h5
finished measure script
executed 226.132928
jan_unknown120_60.py completed successfully
Measurement Finished
04:40:28 -- ******* Measurement Finished *******
Post Measurement Started jan_pump_ms.py
04:40:28 -- ******* Post Measurement Started jan_pump_ms.py *******
testing...
no interpolation path defined
executed 0
Pumping spectrometer
open () {'name': 'O'}
opening name=O desc=---
checking ownership. requestor=129.138.12.150
check software interlocks O
interlocks []
actuate state mode=None-script, software_lock=False
doing actuation None-script open_channel True
Open O ===>> OK
GetIndicatorState O ===>> OK
change switch state (True, True)
update switch state O True args=() kw={} ncanvase=2
04:40:28 -- OPEN   VALVE-O (Jan Ion Pump)
---------------------------------------- open O () result=[(True, True)], time=0.10 sec
action=open, ok=True, locked=[False]
executed 0
jan_pump_ms.py completed successfully
setting _ms_pumptime
Post Measurement Finished
04:40:29 -- ******* Post Measurement Finished *******
$$$$$$$$$$$$$$$$$$$$ state at run end measurement
state changed from measurement to success
post measurement save measured=True aborted=False
Set filtering
setting fod for Ar40= {'filter_outliers': True, 'std_devs': 2, 'iterations': 1}
setting fod for H1= {'filter_outliers': True, 'std_devs': 2, 'iterations': 1}
setting fod for PM41= {'filter_outliers': False, 'std_devs': 2, 'iterations': 1}
setting fod for H2= {'filter_outliers': True, 'std_devs': 2, 'iterations': 1}
setting fod for Ar36= {'filter_outliers': True, 'std_devs': 2, 'iterations': 1}
setting fod for CDD= {'filter_outliers': True, 'std_devs': 10, 'iterations': 1}
setting fod for Ar37= {'filter_outliers': True, 'std_devs': 2, 'iterations': 1}
setting fod for L2= {'filter_outliers': True, 'std_devs': 2, 'iterations': 1}
setting fod for Ar38= {'filter_outliers': True, 'std_devs': 2, 'iterations': 1}
setting fod for L1= {'filter_outliers': True, 'std_devs': 2, 'iterations': 1}
setting fod for Ar39= {'filter_outliers': True, 'std_devs': 2, 'iterations': 1}
setting fod for AX= {'filter_outliers': True, 'std_devs': 2, 'iterations': 1}
persistence save...
persistence save - db
post measurement save
5872807856 connecting to database sqlite:////Users/jan/PychronDev/.appdata/local_lab.db
connected to db sqlite:////Users/jan/PychronDev/.appdata/local_lab.db
create new session 5872807856
close session 5872807856
No database instance. Not saving post measurement to isotopedb database
$$$$$$$$$$$$$$$ auto_save_detector_ic=False
massspec enabled True
create new session 4979649712
MassSpec Database Version: 16.0
close session 4979649712
saving post measurement to secondary database
saving to massspec database 129.138.12.160/massspecdata
setting labnumber to 65571
setting aliquot to 9
setting step to C
setting uuid to 2a3f2bf4-017a-4dec-ba4f-cc1b390bd66e
setting irradpos to 65571
setting extract_device to Fusions CO2
setting tray to 
setting position to 192
setting power_requested to 5.0
setting extract_value to 5.0
setting duration to 30.0
setting duration_at_request to 30.0
setting first_stage_delay to 30.0
setting cleanup to 30.0
setting comment to M:14 with inclusions
setting irradiation to NM-289
setting level to M
setting irradiation_level to M
setting sample to NM-2602 W
setting material to Sanidine
setting project to JoyitaHills
setting mass_spectrometer to Jan
no attribute chron_dosages
no attribute production_ratios
no attribute interference_corrections
no attribute production_name
no attribute j
Reference Isotope=Ar40
Reference Detector=H1
%%%%%%%%%%%%%%%%%%%% Comment: M:14 with inclusions %%%%%%%%%%%%%%%%%%%
adding isotope PM41 H2
add baseline dbdet= PM41. original det= H2
get baseline data PM41 H2
Get data baseline <pychron.processing.isotope.Baseline object at 0x1573e9190> len t=60
baseline PM41. v=-0.20404416764, e=0.00717328476246
get signal data PM41 H2
Get data signal PM41 0.09+/-0.07 len t=120
adding isotope Ar40 H1
add baseline dbdet= Ar40. original det= H1
get baseline data Ar40 H1
Get data baseline <pychron.processing.isotope.Baseline object at 0x1573e9390> len t=60
baseline Ar40. v=-0.00799108326692, e=0.00609896282265
get signal data Ar40 H1
Get data signal Ar40 1308.96+/-0.07 len t=120
adding isotope Ar39 AX
add baseline dbdet= Ar39. original det= AX
get baseline data Ar39 AX
Get data baseline <pychron.processing.isotope.Baseline object at 0x1573e9550> len t=60
baseline Ar39. v=-0.0867166200512, e=0.00750021683845
get signal data Ar39 AX
Get data signal Ar39 276.601+/-0.032 len t=120
adding isotope Ar38 L1
add baseline dbdet= Ar38. original det= L1
get baseline data Ar38 L1
Get data baseline <pychron.processing.isotope.Baseline object at 0x1573e9710> len t=60
baseline Ar38. v=-0.0252561923283, e=0.00307429403868
get signal data Ar38 L1
Get data signal Ar38 3.580+/-0.006 len t=120
adding isotope Ar37 L2
add baseline dbdet= Ar37. original det= L2
get baseline data Ar37 L2
Get data baseline <pychron.processing.isotope.Baseline object at 0x1573e98d0> len t=60
baseline Ar37. v=-0.0410906436858, e=0.00618492269124
get signal data Ar37 L2
Get data signal Ar37 1.201+/-0.011 len t=120
adding isotope Ar36 CDD
add baseline dbdet= Ar36. original det= CDD
get baseline data Ar36 CDD
Get data baseline <pychron.processing.isotope.Baseline object at 0x1573e9a90> len t=60
baseline Ar36. v=0.000248109022408, e=2.3911500958e-05
get signal data Ar36 CDD
Get data signal Ar36 0.01007+/-0.00026 len t=120
65571-09C added analysis time 0.467215061188s
analysis added to mass spec database
mass spec save time= 0.476
persistence save - dvc
================= post measurement started
create new session 4984345712
close session 4984345712
---------------- Experiment Queue saving disabled
DVC saving peakcenter
Failed to find a valid peak. No peak greater than 1.0. max = 0.0193358208889
Get Checksum: 2035211824
Smart pull ahead: 0 behind: 0
Up-to-date with origin
add to repo msg=modified - ad8224ebc6dbfeb9f5997218dfa5fe690569839d.json
add to repo msg=modified - 71-09C.json
add to repo msg=modified - 71-09C.dat.json
add to repo msg=modified - 71-09C.blan.json
add to repo msg=modified - 71-09C.inte.json
add to repo msg=modified - 71-09C.icfa.json
add to repo msg=modified - 71-09C.base.json
not at valid file /Users/jan/PychronDev/data/.dvc/repositories/Load1783/655/tags/71-09C.tags.json
add to repo msg=modified - 71-09C.peak.json
add to repo msg=modified - 71-09C.extr.json
not at valid file /Users/jan/PychronDev/data/.dvc/repositories/Load1783/655/monitor/71-09C.moni.json
commit message=<COLLECTION>
add to repo msg=modified - 71-09C.inte.json
Get Checksum: 2035211824
add to repo msg=modified - 71-09C.base.json
commit message=<ISOEVO> default collection fits
add to repo msg=modified - 71-09C.blan.json
commit message=<BLANKS> preceding bu-FC-J-7492
add to repo msg=modified - 71-09C.icfa.json
commit message=<ICFactor> default
Get Checksum: 2035211824
push repository <pychron.git_archive.repo_manager.GitRepoManager object at 0x14243fe30>
pushing to remote=origin, url=https://github.com
Get Checksum: 2035211824
no changes to meta repo
create new session 4984345712
add association Load1783
get identifier "65571"
setting analysis irradiation position=<pychron.dvc.dvc_orm.IrradiationPositionTbl object at 0x15e654c90>
close session 4984345712
================= post measurement finished
04:40:42 -- ******* Post Run Check *******
loading queue conditionals post_run_actions
loading system conditionals post_run_actions
loading conditionals from /Users/jan/PychronDev/setupfiles/spectrometer/default_conditionals.yaml
loading queue conditionals post_run_terminations
loading system conditionals post_run_terminations
loading conditionals from /Users/jan/PychronDev/setupfiles/spectrometer/default_conditionals.yaml
Checking default post run terminations n=1
GetDeflection CDD ===>> 50
testing CDD==2000
evaluate ot="CDD.deflection==2000" t="CDD==2000", ctx="{'CDD': 50.0}"
04:40:42 -- ******* Post Run Check Passed *******
04:40:42 -- Automated run 65571-09C success duration: 362.047 s
----------------- finish -----------------
----------------- stop -----------------
retroactive repository identifiers disabled
finish run. runs completed=64
update duration runid=65571-09C, duration=362.047334909, md5=301e91d8
loading script "jan_unknown120_60.py"
loading script "jan_pump_ms.py"
loading script "jan_co2.py"
loading script "jan_pump_extraction_line.py"
testing...
no interpolation path defined
executed 213.652928
script duration name:unknown120_60 seconds:214.0
loading script "jan_unknown120_60.py"
loading script "jan_pump_ms.py"
loading script "jan_co2.py"
loading script "jan_pump_extraction_line.py"
testing...
no interpolation path defined
executed 0
loading script "jan_unknown120_60.py"
loading script "jan_pump_ms.py"
loading script "jan_co2.py"
loading script "jan_pump_extraction_line.py"
testing...
no interpolation path defined
calculate duration
testing...
no interpolation path defined
executed 0
calculate duration
testing...
no interpolation path defined
executed 0
executed 0.0
script duration name:co2 seconds:0.0
loading script "jan_unknown120_60.py"
loading script "jan_pump_ms.py"
loading script "jan_co2.py"
loading script "jan_pump_extraction_line.py"
testing...
no interpolation path defined
calculate duration
testing...
no interpolation path defined
executed 4.0
executed 4.0
Script duration 214.0
Run total estimated duration= 215.000
unknown120_60 in script context. using previous estimated duration
script duration name:unknown120_60 seconds:214.0
pump_ms in script context. using previous estimated duration
co2 in script context. using previous estimated duration
script duration name:co2 seconds:0.0
pump_extraction_line in script context. using previous estimated duration
Script duration 214.0
Run total estimated duration= 215.000
script duration name:unknown120_60 seconds:214.0
script duration name:co2 seconds:0.0
Script duration 214.0
Run total estimated duration= 215.000
script duration name:unknown120_60 seconds:214.0
script duration name:co2 seconds:0.0
Script duration 214.0
Run total estimated duration= 215.000
script duration name:unknown120_60 seconds:214.0
script duration name:co2 seconds:0.0
Script duration 214.0
Run total estimated duration= 215.000
script duration name:unknown120_60 seconds:214.0
script duration name:co2 seconds:0.0
Script duration 214.0
Run total estimated duration= 215.000
script duration name:unknown120_60 seconds:214.0
script duration name:co2 seconds:0.0
Script duration 214.0
Run total estimated duration= 215.000
loading script "jan_unknown400_120.py"
loading script "jan_pump_ms.py"
loading script "jan_co2.py"
loading script "jan_pump_extraction_line.py"
testing...
no interpolation path defined
executed 556.052928
script duration name:unknown400_120 seconds:556.0
script duration name:co2 seconds:0.0
Script duration 556.0
Run total estimated duration= 557.000
unknown400_120 in script context. using previous estimated duration
script duration name:unknown400_120 seconds:556.0
loading script "jan_unknown400_120.py"
loading script "jan_pump_ms.py"
loading script "jan_cocktail_x1.py"
loading script "jan_pump_extraction_line.py"
testing...
no interpolation path defined
calculate duration
testing...
no interpolation path defined
executed 0
calculate duration
testing...
no interpolation path defined
executed 0
calculate duration
testing...
no interpolation path defined
executed 32.0
calculate duration
testing...
no interpolation path defined
executed 34.0
calculate duration
testing...
no interpolation path defined
executed 4.0
calculate duration
testing...
no interpolation path defined
executed 38.0
executed 108.0
script duration name:cocktail_x1 seconds:108.0
Script duration 664.0
Run total estimated duration= 665.000
script duration name:unknown120_60 seconds:214.0
cocktail_x1 in script context. using previous estimated duration
script duration name:cocktail_x1 seconds:108.0
Script duration 322.0
Run total estimated duration= 323.000
loading script "jan_ic_peak_hop3.py"
loading script "jan_pump_ms.py"
loading script "jan_air_x1.py"
loading script "jan_pump_extraction_line.py"
testing...
no interpolation path defined
executed 133.8
script duration name:ic_peak_hop3 seconds:134.0
loading script "jan_ic_peak_hop3.py"
loading script "jan_pump_ms.py"
loading script "jan_air_x1.py"
loading script "jan_pump_extraction_line.py"
testing...
no interpolation path defined
calculate duration
testing...
no interpolation path defined
executed 0
calculate duration
testing...
no interpolation path defined
executed 0
calculate duration
testing...
no interpolation path defined
executed 32.0
calculate duration
testing...
no interpolation path defined
executed 34.0
calculate duration
testing...
no interpolation path defined
executed 4.0
calculate duration
testing...
no interpolation path defined
executed 36.0
executed 106.0
script duration name:air_x1 seconds:106.0
Script duration 240.0
Run total estimated duration= 241.000
script duration name:unknown120_60 seconds:214.0
script duration name:co2 seconds:0.0
Script duration 214.0
Run total estimated duration= 215.000
script duration name:unknown120_60 seconds:214.0
script duration name:co2 seconds:0.0
Script duration 214.0
Run total estimated duration= 215.000
script duration name:unknown120_60 seconds:214.0
script duration name:co2 seconds:0.0
Script duration 214.0
Run total estimated duration= 215.000
script duration name:unknown400_120 seconds:556.0
loading script "jan_unknown400_120.py"
loading script "jan_pump_ms.py"
loading script "jan_sniffair_x2.py"
loading script "jan_pump_extraction_line.py"
testing...
no interpolation path defined
calculate duration
testing...
no interpolation path defined
executed 0
calculate duration
testing...
no interpolation path defined
executed 0
calculate duration
testing...
no interpolation path defined
executed 32.0
calculate duration
testing...
no interpolation path defined
executed 34.0
calculate duration
testing...
no interpolation path defined
executed 4.0
calculate duration
testing...
no interpolation path defined
executed 36.0
calculate duration
testing...
no interpolation path defined
executed 34.0
calculate duration
testing...
no interpolation path defined
executed 4.0
calculate duration
testing...
no interpolation path defined
executed 36.0
calculate duration
testing...
no interpolation path defined
executed 70.0
executed 250.0
script duration name:sniffair_x2 seconds:250.0
Script duration 806.0
Run total estimated duration= 807.000
script duration name:unknown400_120 seconds:556.0
sniffair_x2 in script context. using previous estimated duration
script duration name:sniffair_x2 seconds:250.0
Script duration 806.0
Run total estimated duration= 807.000
script duration name:unknown120_60 seconds:214.0
script duration name:co2 seconds:0.0
Script duration 214.0
Run total estimated duration= 215.000
script duration name:unknown120_60 seconds:214.0
script duration name:co2 seconds:0.0
Script duration 214.0
Run total estimated duration= 215.000
script duration name:unknown120_60 seconds:214.0
script duration name:co2 seconds:0.0
Script duration 214.0
Run total estimated duration= 215.000
script duration name:unknown120_60 seconds:214.0
script duration name:co2 seconds:0.0
Script duration 214.0
Run total estimated duration= 215.000
script duration name:unknown120_60 seconds:214.0
script duration name:co2 seconds:0.0
Script duration 214.0
Run total estimated duration= 215.000
script duration name:unknown120_60 seconds:214.0
script duration name:co2 seconds:0.0
Script duration 214.0
Run total estimated duration= 215.000
script duration name:unknown120_60 seconds:214.0
script duration name:co2 seconds:0.0
Script duration 214.0
Run total estimated duration= 215.000
script duration name:unknown120_60 seconds:214.0
script duration name:co2 seconds:0.0
Script duration 214.0
Run total estimated duration= 215.000
script duration name:unknown120_60 seconds:214.0
script duration name:co2 seconds:0.0
Script duration 214.0
Run total estimated duration= 215.000
script duration name:unknown120_60 seconds:214.0
script duration name:co2 seconds:0.0
Script duration 214.0
Run total estimated duration= 215.000
script duration name:unknown120_60 seconds:214.0
script duration name:co2 seconds:0.0
Script duration 214.0
Run total estimated duration= 215.000
script duration name:unknown120_60 seconds:214.0
script duration name:co2 seconds:0.0
Script duration 214.0
Run total estimated duration= 215.000
script duration name:unknown120_60 seconds:214.0
script duration name:co2 seconds:0.0
Script duration 214.0
Run total estimated duration= 215.000
script duration name:unknown120_60 seconds:214.0
script duration name:co2 seconds:0.0
Script duration 214.0
Run total estimated duration= 215.000
script duration name:unknown120_60 seconds:214.0
script duration name:co2 seconds:0.0
Script duration 214.0
Run total estimated duration= 215.000
script duration name:unknown120_60 seconds:214.0
script duration name:co2 seconds:0.0
Script duration 214.0
Run total estimated duration= 215.000
script duration name:unknown120_60 seconds:214.0
script duration name:co2 seconds:0.0
Script duration 214.0
Run total estimated duration= 215.000
script duration name:unknown120_60 seconds:214.0
script duration name:co2 seconds:0.0
Script duration 214.0
Run total estimated duration= 215.000
script duration name:unknown400_120 seconds:556.0
script duration name:co2 seconds:0.0
Script duration 556.0
Run total estimated duration= 557.000
script duration name:unknown400_120 seconds:556.0
script duration name:cocktail_x1 seconds:108.0
Script duration 664.0
Run total estimated duration= 665.000
script duration name:unknown120_60 seconds:214.0
script duration name:cocktail_x1 seconds:108.0
Script duration 322.0
Run total estimated duration= 323.000
script duration name:unknown400_120 seconds:556.0
script duration name:sniffair_x2 seconds:250.0
Script duration 806.0
Run total estimated duration= 807.000
script duration name:unknown400_120 seconds:556.0
script duration name:sniffair_x2 seconds:250.0
Script duration 806.0
Run total estimated duration= 807.000
ic_peak_hop3 in script context. using previous estimated duration
script duration name:ic_peak_hop3 seconds:134.0
air_x1 in script context. using previous estimated duration
script duration name:air_x1 seconds:106.0
Script duration 240.0
Run total estimated duration= 241.000
script duration name:unknown120_60 seconds:214.0
script duration name:co2 seconds:0.0
Script duration 214.0
Run total estimated duration= 215.000
script duration name:unknown120_60 seconds:214.0
script duration name:co2 seconds:0.0
Script duration 214.0
Run total estimated duration= 215.000
script duration name:unknown120_60 seconds:214.0
script duration name:co2 seconds:0.0
Script duration 214.0
Run total estimated duration= 215.000
script duration name:unknown120_60 seconds:214.0
script duration name:co2 seconds:0.0
Script duration 214.0
Run total estimated duration= 215.000
script duration name:unknown120_60 seconds:214.0
script duration name:co2 seconds:0.0
Script duration 214.0
Run total estimated duration= 215.000
script duration name:unknown120_60 seconds:214.0
script duration name:co2 seconds:0.0
Script duration 214.0
Run total estimated duration= 215.000
script duration name:unknown120_60 seconds:214.0
script duration name:co2 seconds:0.0
Script duration 214.0
Run total estimated duration= 215.000
script duration name:unknown120_60 seconds:214.0
script duration name:co2 seconds:0.0
Script duration 214.0
Run total estimated duration= 215.000
script duration name:unknown120_60 seconds:214.0
script duration name:co2 seconds:0.0
Script duration 214.0
Run total estimated duration= 215.000
script duration name:unknown120_60 seconds:214.0
script duration name:co2 seconds:0.0
Script duration 214.0
Run total estimated duration= 215.000
script duration name:unknown120_60 seconds:214.0
script duration name:co2 seconds:0.0
Script duration 214.0
Run total estimated duration= 215.000
script duration name:unknown120_60 seconds:214.0
script duration name:co2 seconds:0.0
Script duration 214.0
Run total estimated duration= 215.000
script duration name:unknown120_60 seconds:214.0
script duration name:co2 seconds:0.0
Script duration 214.0
Run total estimated duration= 215.000
script duration name:unknown120_60 seconds:214.0
script duration name:co2 seconds:0.0
Script duration 214.0
Run total estimated duration= 215.000
script duration name:unknown120_60 seconds:214.0
script duration name:co2 seconds:0.0
Script duration 214.0
Run total estimated duration= 215.000
script duration name:unknown400_120 seconds:556.0
script duration name:co2 seconds:0.0
Script duration 556.0
Run total estimated duration= 557.000
script duration name:unknown400_120 seconds:556.0
script duration name:cocktail_x1 seconds:108.0
Script duration 664.0
Run total estimated duration= 665.000
script duration name:unknown120_60 seconds:214.0
script duration name:cocktail_x1 seconds:108.0
Script duration 322.0
Run total estimated duration= 323.000
script duration name:ic_peak_hop3 seconds:134.0
script duration name:air_x1 seconds:106.0
Script duration 240.0
Run total estimated duration= 241.000
script duration name:unknown120_60 seconds:214.0
script duration name:co2 seconds:0.0
Script duration 214.0
Run total estimated duration= 215.000
script duration name:unknown120_60 seconds:214.0
script duration name:co2 seconds:0.0
Script duration 214.0
Run total estimated duration= 215.000
script duration name:unknown120_60 seconds:214.0
script duration name:co2 seconds:0.0
Script duration 214.0
Run total estimated duration= 215.000
script duration name:unknown120_60 seconds:214.0
script duration name:co2 seconds:0.0
Script duration 214.0
Run total estimated duration= 215.000
script duration name:unknown120_60 seconds:214.0
script duration name:co2 seconds:0.0
Script duration 214.0
Run total estimated duration= 215.000
script duration name:unknown120_60 seconds:214.0
script duration name:co2 seconds:0.0
Script duration 214.0
Run total estimated duration= 215.000
script duration name:unknown120_60 seconds:214.0
script duration name:co2 seconds:0.0
Script duration 214.0
Run total estimated duration= 215.000
script duration name:unknown120_60 seconds:214.0
script duration name:co2 seconds:0.0
Script duration 214.0
Run total estimated duration= 215.000
script duration name:unknown120_60 seconds:214.0
script duration name:co2 seconds:0.0
Script duration 214.0
Run total estimated duration= 215.000
script duration name:unknown120_60 seconds:214.0
script duration name:co2 seconds:0.0
Script duration 214.0
Run total estimated duration= 215.000
script duration name:unknown400_120 seconds:556.0
script duration name:sniffair_x2 seconds:250.0
Script duration 806.0
Run total estimated duration= 807.000
script duration name:unknown400_120 seconds:556.0
script duration name:sniffair_x2 seconds:250.0
Script duration 806.0
Run total estimated duration= 807.000
script duration name:unknown400_120 seconds:556.0
script duration name:co2 seconds:0.0
Script duration 556.0
Run total estimated duration= 557.000
nruns=72 before=5.0, run_dur=22152.0, btw=3195.0
write rem/ex queues
/Users/jan/PychronDev/experiments/rem/CurrentExperiment.rem.txt
/Users/jan/PychronDev/experiments/rem/CurrentExperiment.ex.txt
doing event level: 3
