do run
loading script "jan_unknown120_60.py"
loading script "jan_pump_ms.py"
loading script "jan_co2.py"
loading script "jan_pump_extraction_line.py"
testing...
no interpolation path defined
executed 213.652928
script duration name:unknown120_60 seconds:214.0
loading script "jan_unknown120_60.py"
loading script "jan_pump_ms.py"
loading script "jan_co2.py"
loading script "jan_pump_extraction_line.py"
testing...
no interpolation path defined
executed 0
loading script "jan_unknown120_60.py"
loading script "jan_pump_ms.py"
loading script "jan_co2.py"
loading script "jan_pump_extraction_line.py"
testing...
no interpolation path defined
calculate duration
testing...
no interpolation path defined
executed 0
calculate duration
testing...
no interpolation path defined
executed 0
executed 0.0
script duration name:co2 seconds:0.0
loading script "jan_unknown120_60.py"
loading script "jan_pump_ms.py"
loading script "jan_co2.py"
loading script "jan_pump_extraction_line.py"
testing...
no interpolation path defined
calculate duration
testing...
no interpolation path defined
executed 4.0
executed 4.0
Script duration 214.0
Run total estimated duration= 215.000
run duration: 0:03:35
doing event level: 2
02:24:57 -- Setting default integration. t=1.048576
setting integration time = 1.048576
SetIntegrationTime 1.048576 ===>> OK
----------------- start -----------------
**************** Experiment Type: Ar/Ar, Ar/Ar
create new session 5004766384
close session 5004766384
$$$$$ Clearing conditionals
adding conditionals 
Add queue conditionals
add default conditionals
adding default conditionals from /Users/jan/PychronDev/setupfiles/spectrometer/default_conditionals.yaml
Start automated run 65571-04A
loading script "jan_unknown120_60.py"
loading script "jan_pump_ms.py"
loading script "jan_co2.py"
loading script "jan_pump_extraction_line.py"
%%%%%%%%%%%%%%%%%% setting automated run 65571-04A
No value "sensitivity_multiplier" in metadata
$$$$$$$$$$$$$$$ auto_save_detector_ic=False
============================= Pre Extraction Check =============================
loading queue conditionals pre_run_terminations
loading system conditionals pre_run_terminations
loading conditionals from /Users/jan/PychronDev/setupfiles/spectrometer/default_conditionals.yaml
02:24:57 -- ******* Pre Extraction Check *******
Get a measurement from the spectrometer
GetData ===>> H2,-0.212297172929784,H1,-0.0361038955468683,AX,-0.0864218300193083,L1,-0.0102021875466757,L2,-0....
Pre Extraction Termination data. keys=H2,H1,AX,L1,L2,CDD, signals=-0.21230,-0.03610,-0.08642,-0.01020,-0.04663,0.00357
02:24:57 -- testing system defined conditionals
Checking default pre extraction terminations n=2
testing CDD
evaluate ot="CDD.inactive" t="CDD", ctx="{'CDD': False}"
GetDeflection CDD ===>> 50
testing CDD==2000
evaluate ot="CDD.deflection==2000" t="CDD==2000", ctx="{'CDD': 50.0}"
02:24:57 -- ******* Pre Extraction Check Passed *******
=================================================================================
02:24:57 -- stopping status monitor
stop 4976489392
Alive clients [4984697584]
02:24:57 -- starting status monitor
start 4976489392
Monitor already running
start extraction
do extraction
Analysis started at 02:24:57.515225
Extraction Started jan_co2.py
02:24:57 -- ******* Extraction Started jan_co2.py *******
state changed from not run to extraction
DO EXTRACTION <pychron.extraction_line.pyscript_runner.RemotePyScriptRunner object at 0x12988f3b0>
testing...
no interpolation path defined
calculate duration
testing...
no interpolation path defined
executed 0
calculate duration
testing...
no interpolation path defined
executed 0
executed 100.0
Jan CO2 laser analysis
doing GOSUB
testing...
no interpolation path defined
executed 0
Waiting for CO2 access
wait ('FelixCO2Flag', 0) {}
waiting for FelixCO2Flag = 0
Read FelixCO2Flag ===>> 0
finished waiting
CO2 free
wait ('CO2PumpTimeFlag', 0) {}
waiting for CO2PumpTimeFlag = 0
Read CO2PumpTimeFlag ===>> 0
finished waiting
acquire ('JanCO2Flag',) {'clear': True}
acquire JanCO2Flag
Set JanCO2Flag 1 ===>> OK
JanCO2Flag acquired
set extraction state False (0.75, 'red', 1.5)
CO2 acquired
executed 0
WaitForCO2Access.py completed successfully
gosub finished
doing GOSUB
testing...
no interpolation path defined
executed 0
Prepare for CO2 analysis
close () {'description': 'Jan Inlet'}
closing name=--- desc=Jan Inlet
checking ownership. requestor=129.138.12.150
check software interlocks R
interlocks []
actuate state mode=None-script, software_lock=False
doing actuation None-script close_channel False
Close R ===>> OK
GetIndicatorState R ===>> False
change switch state (True, True)
update switch state R False args=() kw={} ncanvase=2
02:24:57 -- CLOSE  VALVE-R (Jan Inlet)
---------------------------------------- close None (Jan Inlet) result=[(True, True)]
action=close, ok=True, locked=[False]
open () {'description': 'Jan Ion Pump'}
opening name=--- desc=Jan Ion Pump
checking ownership. requestor=129.138.12.150
check software interlocks O
interlocks []
actuate state mode=None-script, software_lock=False
doing actuation None-script open_channel False
Open O ===>> OK
GetIndicatorState O ===>> OK
change switch state (True, True)
update switch state O True args=() kw={} ncanvase=2
02:24:58 -- OPEN   VALVE-O (Jan Ion Pump)
---------------------------------------- open None (Jan Ion Pump) result=[(True, True)], time=0.11 sec
action=open, ok=True, locked=[False]
close () {'description': 'Microbone to Minibone'}
closing name=--- desc=Microbone to Minibone
checking ownership. requestor=129.138.12.150
check software interlocks L
interlocks []
actuate state mode=None-script, software_lock=False
doing actuation None-script close_channel False
Close L ===>> OK
Get Checksum: -1965264452
GetIndicatorState L ===>> False
change switch state (True, True)
update switch state L False args=() kw={} ncanvase=2
02:24:59 -- CLOSE  VALVE-L (Microbone to Minibone)
---------------------------------------- close None (Microbone to Minibone) result=[(True, True)]
action=close, ok=True, locked=[False]
open () {'description': 'Microbone to Turbo'}
opening name=--- desc=Microbone to Turbo
checking ownership. requestor=129.138.12.150
check software interlocks U
interlocks []
actuate state mode=None-script, software_lock=False
doing actuation None-script open_channel False
Open U ===>> OK
GetIndicatorState U ===>> OK
change switch state (True, True)
update switch state U True args=() kw={} ncanvase=2
02:24:59 -- OPEN   VALVE-U (Microbone to Turbo)
---------------------------------------- open None (Microbone to Turbo) result=[(True, True)], time=0.15 sec
action=open, ok=True, locked=[False]
open () {'description': 'Microbone to Inlet Pipette'}
opening name=--- desc=Microbone to Inlet Pipette
checking ownership. requestor=129.138.12.150
check software interlocks S
interlocks []
actuate state mode=None-script, software_lock=False
doing actuation None-script open_channel False
Open S ===>> OK
GetIndicatorState S ===>> OK
change switch state (True, True)
update switch state S True args=() kw={} ncanvase=2
02:25:00 -- OPEN   VALVE-S (Microbone to Inlet Pipette)
---------------------------------------- open None (Microbone to Inlet Pipette) result=[(True, True)], time=0.42 sec
action=open, ok=True, locked=[False]
open () {'description': 'Microbone to Getter D-50'}
opening name=--- desc=Microbone to Getter D-50
checking ownership. requestor=129.138.12.150
check software interlocks K
interlocks []
actuate state mode=None-script, software_lock=False
doing actuation None-script open_channel False
Open K ===>> OK
GetIndicatorState K ===>> OK
change switch state (True, True)
update switch state K True args=() kw={} ncanvase=2
02:25:00 -- OPEN   VALVE-K (Microbone to Getter D-50)
---------------------------------------- open None (Microbone to Getter D-50) result=[(True, True)], time=0.44 sec
action=open, ok=True, locked=[False]
open () {'description': 'Microbone to Getter NP-10'}
opening name=--- desc=Microbone to Getter NP-10
checking ownership. requestor=129.138.12.150
check software interlocks M
interlocks []
actuate state mode=None-script, software_lock=False
doing actuation None-script open_channel False
Open M ===>> OK
GetIndicatorState M ===>> OK
change switch state (True, True)
update switch state M True args=() kw={} ncanvase=2
02:25:01 -- OPEN   VALVE-M (Microbone to Getter NP-10)
---------------------------------------- open None (Microbone to Getter NP-10) result=[(True, True)], time=0.15 sec
action=open, ok=True, locked=[False]
close () {'description': 'CO2 Laser to Felix'}
closing name=--- desc=CO2 Laser to Felix
checking ownership. requestor=129.138.12.150
check software interlocks F
interlocks []
actuate state mode=None-script, software_lock=True
VALVE-F(CO2 Laser to Felix) software locked
change switch state (True, False)
---------------------------------------- close None (CO2 Laser to Felix) result=[(True, False)]
action=close, ok=True, locked=[True]
open () {'description': 'CO2 Laser to Jan'}
opening name=--- desc=CO2 Laser to Jan
checking ownership. requestor=129.138.12.150
check software interlocks A
interlocks []
actuate state mode=None-script, software_lock=False
doing actuation None-script open_channel False
Open A ===>> OK
GetIndicatorState A ===>> OK
change switch state (True, True)
update switch state A True args=() kw={} ncanvase=2
02:25:01 -- OPEN   VALVE-A (CO2 Laser to Jan)
---------------------------------------- open None (CO2 Laser to Jan) result=[(True, True)], time=0.13 sec
action=open, ok=True, locked=[False]
open () {'description': 'Microbone to CO2 Laser'}
opening name=--- desc=Microbone to CO2 Laser
checking ownership. requestor=129.138.12.150
check software interlocks T
interlocks []
actuate state mode=None-script, software_lock=False
doing actuation None-script open_channel False
Open T ===>> OK
Get Checksum: -1965264452
GetIndicatorState T ===>> OK
change switch state (True, True)
update switch state T True args=() kw={} ncanvase=2
02:25:02 -- OPEN   VALVE-T (Microbone to CO2 Laser)
---------------------------------------- open None (Microbone to CO2 Laser) result=[(True, True)], time=0.43 sec
action=open, ok=True, locked=[False]
executed 0
PrepareForCO2Analysis.py completed successfully
gosub finished
set_motor ('beam', '1.25') {}
setting motor "beam" to 1.25
set motor beam to 1.25
SetMotor beam,1.25 ===>> OK
GetMotorMoving beam ===>> False
GetMotorMoving beam ===>> False
Block completed
move_to_position ('187',) {'autocenter': True}
FusionsCO2 move to position 187
sending GoToHole 187,True
GoToHole 187,True ===>> OK
GetDriveMoving ===>> OK
GetDriveMoving ===>> OK
GetDriveMoving ===>> OK
GetDriveMoving ===>> OK
Get Checksum: -1965264452
GetDriveMoving ===>> OK
GetDriveMoving ===>> OK
GetDriveMoving ===>> False
GetDriveMoving ===>> OK
GetDriveMoving ===>> OK
GetDriveMoving ===>> OK
GetDriveMoving ===>> OK
GetDriveMoving ===>> OK
GetDriveMoving ===>> OK
GetDriveMoving ===>> OK
GetDriveMoving ===>> OK
GetDriveMoving ===>> OK
Get Checksum: -1965264452
GetDriveMoving ===>> OK
GetDriveMoving ===>> OK
GetDriveMoving ===>> OK
GetDriveMoving ===>> OK
GetDriveMoving ===>> OK
GetDriveMoving ===>> OK
GetDriveMoving ===>> OK
GetDriveMoving ===>> OK
GetDriveMoving ===>> OK
GetDriveMoving ===>> OK
GetDriveMoving ===>> False
Block completed
Get Checksum: -1965264452
GetAutoCorrecting ===>> False
GetAutoCorrecting ===>> False
Block completed
update position
GetPosition ===>> -5.98170,-9.96950,1.00000
got position (-5.9817, -9.9695, 1.0)
move to position succeeded
sleep (5,) {}
SLEEP 5.0
block started
WaitControl setup for 5.0  
Get Checksum: -1965264452
Join finished
block finished. duration 5.01732420921
close () {'description': 'Microbone to Turbo'}
closing name=--- desc=Microbone to Turbo
checking ownership. requestor=129.138.12.150
check software interlocks U
interlocks []
actuate state mode=None-script, software_lock=False
doing actuation None-script close_channel True
Close U ===>> OK
GetIndicatorState U ===>> False
change switch state (True, True)
update switch state U False args=() kw={} ncanvase=2
02:25:17 -- CLOSE  VALVE-U (Microbone to Turbo)
---------------------------------------- close None (Microbone to Turbo) result=[(True, True)]
Get Checksum: 1551197106
action=close, ok=True, locked=[False]
enable laser
enable () {}
set extraction state FusionsCO2 Enabled (False, 'red', 1.5)
enabling laser
Enable ===>> OK
begin interval
BEGIN INTERVAL Interval 1 waiting for 30.0
block started
set extract to 0.3
WaitControl setup for 30.0  
extract (0.3,) {}
GetPosition ===>> -5.98170,-9.96950,1.00000
set extraction state FusionsCO2 ON! 0.3(watts) (0.75, 'red', 1.5)
extract sample to 0.3 (watts)
set laser output
SetLaserOutput 0.3,watts ===>> OK
executing pattern triangle.lp
execute_pattern ('triangle.lp',) {}
executing pattern triangle.lp
IsPatterning ===>> OK
Get Checksum: 1551197106
IsPatterning ===>> OK
IsPatterning ===>> OK
IsPatterning ===>> OK
Get Checksum: 1551197106
IsPatterning ===>> OK
IsPatterning ===>> OK
IsPatterning ===>> OK
IsPatterning ===>> OK
Get Checksum: 1551197106
IsPatterning ===>> OK
IsPatterning ===>> OK
Get Checksum: 1551197106
IsPatterning ===>> OK
IsPatterning ===>> OK
IsPatterning ===>> OK
IsPatterning ===>> OK
Get Checksum: 1551197106
IsPatterning ===>> OK
IsPatterning ===>> OK
IsPatterning ===>> OK
Get Checksum: 1551197106
IsPatterning ===>> OK
IsPatterning ===>> OK
IsPatterning ===>> OK
Get Checksum: 1551197106
IsPatterning ===>> OK
IsPatterning ===>> OK
IsPatterning ===>> OK
Get Checksum: 1551197106
IsPatterning ===>> OK
IsPatterning ===>> OK
IsPatterning ===>> OK
Get Checksum: 1551197106
IsPatterning ===>> False
IsPatterning ===>> False
Block completed
COMPLETE INTERVAL waiting for Interval 1 to complete
Get Checksum: 1551197106
Join finished
block finished. duration 30.0661242008
Interval 1 finished
end_extract () {}
ending extraction. set laser power to 0
set laser power 0
SetLaserPower 0 ===>> OK
disable () {}
%%%%%%%%%%%%%%%%%%%%%%%%%%%%%%%%%%% disable
set extraction state False (0.75, 'red', 1.5)
disabling laser
Disable ===>> OK
sleep (30.0,) {}
SLEEP 30.0
block started
WaitControl setup for 30.0  
Get Checksum: 1551197106
Get Checksum: 1551197106
Get Checksum: 1551197106
Get Checksum: 1551197106
Get Checksum: 1551197106
Get Checksum: 1551197106
Get Checksum: 1551197106
Get Checksum: 1551197106
Get Checksum: 1551197106
Get Checksum: 1551197106
Join finished
block finished. duration 30.0655870438
executed 166.5
jan_co2.py completed successfully
GetAchievedOutput ===>> No Response
Requested Output= 0.000
Achieved Output=  0.000
GetResponseBlob ===>> No Response
GetOutputBlob ===>> No Response
persistence save...
persistence save - db
AutomatedRunPersister post_extraction_save deprecated
persistence save - dvc
no extraction position for 187
create new session 4984345712
close session 4984345712
Extraction Finished
02:26:18 -- ******* Extraction Finished *******
no overlap. not waiting for min ms pumptime
02:26:18 -- Sending spectrometer configuration
======== Sending configuration ========
SetDeflection CDD,50.0 ===>> OK
SetDeflection H2,0.0 ===>> OK
SetDeflection H1,0.0 ===>> OK
SetDeflection L2,825.0 ===>> OK
SetDeflection L1,400.0 ===>> OK
SetDeflection AX,190.0 ===>> OK
SetZFocus 74.64 ===>> OK
SetZSymmetry -50.72 ===>> OK
SetExtractionLens 26.13 ===>> OK
SetIonRepeller -3.81 ===>> OK
SetElectronEnergy 75.08 ===>> OK
SetYSymmetry -2.81 ===>> OK
SetIonCounterVoltage 1590.0 ===>> OK
send trap current 200.0
GetParameter Trap Current Readback ===>> 198.258926936459
SetParameter Trap Current Set,200.0 ===>> OK
updating mftable name mftable
Using mftable located at /Users/jan/PychronDev/setupfiles/spectrometer/mftables/mftable.csv
============ MFtable ===========
Isotope  H2     H1     AX     L1     L2     CDD    
Ar40     5.7806 5.8790 5.9924 6.1205 6.2308 6.3488
Ar39     5.6799 5.7712 5.8848 6.0066 6.1159 6.2353
Ar36     5.3574 5.4402 5.5481 5.6655 5.7709 5.8864
================================
get initial guess parabolic
get initial guess parabolic
get initial guess parabolic
get initial guess parabolic
get initial guess parabolic
get initial guess parabolic
======== Configuration Finished ========
GetYSymmetry ===>> -2.81
GetZSymmetry ===>> -50.72
GetParameter Trap Current Readback ===>> 197.811389855338
GetHighVoltage ===>> 4500
start measurement
do measurement
L#=65571 analysis type=unknown
Measurement Started jan_unknown120_60.py
02:26:18 -- ******* Measurement Started jan_unknown120_60.py *******
state changed from extraction to measurement
setting spec, defl, and gains
GetExtractionLens ===>> 26.13
GetYSymmetry ===>> -2.81
GetZSymmetry ===>> -50.72
GetZFocus ===>> 74.64
GetDeflection H2 ===>> 0
GetDeflection H1 ===>> 0
GetDeflection AX ===>> 190
GetDeflection L1 ===>> 400
GetDeflection L2 ===>> 825
GetDeflection CDD ===>> 50
GetGain H2 ===>> 0.0113
GetGain H1 ===>> 0.1
GetGain AX ===>> 0.097049
GetGain L1 ===>> 0.010355
GetGain L2 ===>> 0.095649
GetGain CDD ===>> 0
pre measurement save
New frame /Users/jan/PychronDev/data/isotopes/94/a96c9b-d45e-4316-a5ec-cc5eb19cb090.h5
flush and close file /Users/jan/PychronDev/data/isotopes/94/a96c9b-d45e-4316-a5ec-cc5eb19cb090.h5
testing...
no interpolation path defined
executed 226.132928
unknown measurement script
activate_detectors ('H2', 'H1', 'AX', 'L1', 'L2', 'CDD') {}
activate detectors
*************** Set Analysis View Ar/Ar
create graphs
clearing graphs
clear isotope group
setting isotope det=H2, iso=PM41
setting isotope det=H1, iso=Ar40
setting isotope det=AX, iso=Ar39
setting isotope det=L1, iso=Ar38
setting isotope det=L2, iso=Ar37
setting isotope det=CDD, iso=Ar36
setting previous blanks
 - setting Ar40 blank 0.240+/-0.007
 - setting Ar36 blank 0.00461+/-0.00018
 - setting Ar37 blank 0.049+/-0.005
 - setting Ar38 blank 0.0100+/-0.0021
 - setting PM41 blank 0.03+/-0.07
 - setting Ar39 blank 0.028+/-0.009
load analysis view
position_magnet ('Ar40',) {'detector': 'H1'}
detector Detector(H1)
POSITION Ar40 H1
setting detector H2 to PM41 (40.9624)
setting detector H1 to Ar40 (39.9624)
setting detector AX to Ar39 (38.9624)
setting detector L1 to Ar38 (37.9624)
setting detector L2 to Ar37 (36.9624)
setting detector CDD to Ar36 (35.9624)
Mapping mass to dac mass func: "parabolic"
H1 map mass coeffs = [-0.00063987  0.15840543  0.57057999]
H1 map mass to dac 39.9624 >> 5.87897
GetDeflection H1 ===>> 0
GetHighVoltage ===>> 4500
positioning Ar40 (5.87897) on H1
setting magnet DAC
current  : 5.878970
requested: 5.878970
Delta Dac: 0.000000
Checking detector protection. dv=0.00000
Checking detector "CDD". Protection Threshold: 0.1 (V)
SetMagnetDAC 5.87897 ===>> OK
Magnet settling time: 0.500
equilibrate () {'delay': 3, 'inlet': 'R', 'outlet': 'O', 'eqtime': 12.0}
Equilibration Started
02:26:20 -- ******* Equilibration Started *******
checking ownership. requestor=129.138.12.150
check software interlocks O
interlocks []
actuate state mode=None-script, software_lock=False
doing actuation None-script close_channel True
Close O ===>> OK
GetIndicatorState O ===>> False
change switch state (True, True)
update switch state O False args=() kw={} ncanvase=2
02:26:20 -- CLOSE  VALVE-O (Jan Ion Pump)
waiting 3s before opening inlet value ('R',)
Get Checksum: -598318598
checking ownership. requestor=129.138.12.150
check software interlocks R
interlocks []
actuate state mode=None-script, software_lock=False
doing actuation None-script open_channel True
Open R ===>> OK
GetIndicatorState R ===>> OK
change switch state (True, True)
update switch state R True args=() kw={} ncanvase=2
Get Checksum: -1449001502
State checksums do not match. Local:-598318598 Remote:-1449001502
State checksum failed
02:26:23 -- OPEN   VALVE-R (Jan Inlet)
set_time_zero () {}
equilibrating for 12.0sec
sniff (12.0,) {}
py_sniff
build tables- sniff [Detector(H2), Detector(H1), Detector(AX), Detector(L1), Detector(L2), Detector(CDD)]
add group /sniff/PM41 (Group) '' table H2
add group /sniff/Ar40 (Group) '' table H1
add group /sniff/Ar39 (Group) '' table AX
add group /sniff/Ar38 (Group) '' table L1
add group /sniff/Ar37 (Group) '' table L2
add group /sniff/Ar36 (Group) '' table CDD
flush and close file /Users/jan/PychronDev/data/isotopes/94/a96c9b-d45e-4316-a5ec-cc5eb19cb090.h5
measuring sniff. ncounts=12.0
starting measurement
GetData ===>> H2,-0.204643015289612,H1,0.0667004100162628,AX,-0.0476439381588927,L1,0.0321632713608596,L2,0.032...
GetData ===>> H2,0.619511852110629,H1,91.3426531883008,AX,19.3860790822515,L1,0.155740351780609,L2,1.5931523853...
GetData ===>> H2,0.864301717219299,H1,206.215054712149,AX,40.847562433262,L1,0.452823880922289,L2,2.80452147660...
Get Checksum: -1449001502
GetData ===>> H2,0.29001714888983,H1,243.37441647366,AX,46.7459436176284,L1,0.616994627258915,L2,2.919184584255...
GetData ===>> H2,0.17692542321071,H1,255.489824901423,AX,48.4870597917974,L1,0.651327315305812,L2,3.11171811836...
GetData ===>> H2,0.0447611699620009,H1,260.644320372603,AX,49.1168555342578,L1,0.656222342983251,L2,3.099185333...
Get Checksum: -1449001502
GetData ===>> H2,-0.0250368798722216,H1,262.872451385021,AX,49.3382827130561,L1,0.669299378388222,L2,3.14010239...
GetData ===>> H2,0.0299854210714176,H1,263.703105647056,AX,49.3383117860654,L1,0.666394648762649,L2,3.055252269...
GetData ===>> H2,-0.00833531553298192,H1,264.08735287686,AX,49.4036854280934,L1,0.662955396785564,L2,3.05506703...
GetData ===>> H2,-0.125737365850054,H1,264.17155159277,AX,49.5301084040311,L1,0.668928648583908,L2,3.1277397334...
GetData ===>> H2,-0.123031591455409,H1,264.332387296727,AX,49.4590244747018,L1,0.690251896462136,L2,3.056595210...
Get Checksum: -1449001502
Equilibration Finished
02:26:35 -- ******* Equilibration Finished *******
checking ownership. requestor=129.138.12.150
check software interlocks R
interlocks []
actuate state mode=None-script, software_lock=False
doing actuation None-script close_channel True
GetData ===>> H2,-0.163879778701847,H1,264.388340294033,AX,49.5655824011585,L1,0.719425935465237,L2,3.094818929...
Close R ===>> OK
GetIndicatorState R ===>> False
change switch state (True, True)
update switch state R False args=() kw={} ncanvase=2
02:26:36 -- CLOSE  VALVE-R (Jan Inlet)
Post Equilibration Started jan_pump_extraction_line.py
02:26:36 -- ******* Post Equilibration Started jan_pump_extraction_line.py *******
testing...
no interpolation path defined
calculate duration
testing...
no interpolation path defined
executed 4.0
executed 4.0
Pump after analysis
doing GOSUB
testing...
no interpolation path defined
executed 4.0
Pump Microbone
close () {'description': 'Jan Inlet'}
closing name=--- desc=Jan Inlet
checking ownership. requestor=129.138.12.150
check software interlocks R
interlocks []
actuate state mode=None-script, software_lock=False
doing actuation None-script close_channel False
measurement finished
estimated time: 12.583 actual time: :12.658
flush and close file /Users/jan/PychronDev/data/isotopes/94/a96c9b-d45e-4316-a5ec-cc5eb19cb090.h5
set_fits () {}
Close R ===>> OK
using default fits file=/Users/jan/PychronDev/scripts/measurement/fits/nominal_linear.yaml
set "Ar40" to "('Linear', 'SEM')"
No fit for "PM41". defaulting to linear. check the measurement script "jan_unknown120_60.py"
set "PM41" to "linear"
set "Ar36" to "('Linear', 'SEM')"
set "Ar37" to "('linear', 'SEM')"
set "Ar38" to "('linear', 'SEM')"
set "Ar39" to "('Linear', 'SEM')"
set_baseline_fits () {}
using default fits file=/Users/jan/PychronDev/scripts/measurement/fits/nominal_linear.yaml
set "H1" to "('average', 'SEM')"
set "H2" to "('average', 'SEM')"
set "CDD" to "('average', 'SEM')"
set "L2" to "('average', 'SEM')"
set "L1" to "('average', 'SEM')"
set "AX" to "('average', 'SEM')"
multicollect () {'integration_time': 1, 'ncounts': 120}
build tables- signal [Detector(H2), Detector(H1), Detector(AX), Detector(L1), Detector(L2), Detector(CDD)]
add group /signal/PM41 (Group) '' table H2
add group /signal/Ar40 (Group) '' table H1
add group /signal/Ar39 (Group) '' table AX
add group /signal/Ar38 (Group) '' table L1
add group /signal/Ar37 (Group) '' table L2
add group /signal/Ar36 (Group) '' table CDD
flush and close file /Users/jan/PychronDev/data/isotopes/94/a96c9b-d45e-4316-a5ec-cc5eb19cb090.h5
measuring signal. ncounts=120
GetIndicatorState R ===>> False
change switch state (True, True)
update switch state R False args=() kw={} ncanvase=2
02:26:37 -- CLOSE  VALVE-R (Jan Inlet)
---------------------------------------- close None (Jan Inlet) result=[(True, True)]
action=close, ok=True, locked=[False]
is_closed ('F',) {}
is F () closed?
is closed True
open () {'description': 'CO2 Laser to Jan'}
opening name=--- desc=CO2 Laser to Jan
checking ownership. requestor=129.138.12.150
check software interlocks A
interlocks []
actuate state mode=None-script, software_lock=False
doing actuation None-script open_channel False
Open A ===>> OK
GetIndicatorState A ===>> OK
change switch state (True, True)
update switch state A True args=() kw={} ncanvase=2
02:26:37 -- OPEN   VALVE-A (CO2 Laser to Jan)
---------------------------------------- open None (CO2 Laser to Jan) result=[(True, True)], time=0.14 sec
starting measurement
GetData ===>> H2,0.0226363954981605,H1,264.507047864218,AX,49.5560362925456,L1,0.690754611426449,L2,3.069527757...
action=open, ok=True, locked=[False]
sleep (1,) {}
SLEEP 1.0
Get Checksum: -598318598
GetData ===>> H2,0.0596504134229094,H1,264.116955911341,AX,49.4412445796311,L1,0.708508350660011,L2,3.106459248...
close () {'description': 'CO2 Laser to Roughing'}
closing name=--- desc=CO2 Laser to Roughing
checking ownership. requestor=129.138.12.150
check software interlocks G
interlocks []
actuate state mode=None-script, software_lock=True
VALVE-G(CO2 Laser to Roughing) software locked
change switch state (True, False)
---------------------------------------- close None (CO2 Laser to Roughing) result=[(True, False)]
action=close, ok=True, locked=[True]
open () {'description': 'Microbone to Turbo'}
opening name=--- desc=Microbone to Turbo
checking ownership. requestor=129.138.12.150
check software interlocks U
interlocks []
actuate state mode=None-script, software_lock=False
doing actuation None-script open_channel True
Open U ===>> OK
GetIndicatorState U ===>> OK
change switch state (True, True)
update switch state U True args=() kw={} ncanvase=2
02:26:38 -- OPEN   VALVE-U (Microbone to Turbo)
---------------------------------------- open None (Microbone to Turbo) result=[(True, True)], time=0.20 sec
action=open, ok=True, locked=[False]
open () {'description': 'Microbone to Getter NP-10'}
opening name=--- desc=Microbone to Getter NP-10
checking ownership. requestor=129.138.12.150
check software interlocks M
interlocks []
actuate state mode=None-script, software_lock=False
doing actuation None-script open_channel False
Open M ===>> OK
GetIndicatorState M ===>> OK
change switch state (True, True)
update switch state M True args=() kw={} ncanvase=2
02:26:39 -- OPEN   VALVE-M (Microbone to Getter NP-10)
---------------------------------------- open None (Microbone to Getter NP-10) result=[(True, True)], time=0.15 sec
action=open, ok=True, locked=[False]
open () {'description': 'Microbone to Getter D-50'}
opening name=--- desc=Microbone to Getter D-50
checking ownership. requestor=129.138.12.150
check software interlocks K
interlocks []
actuate state mode=None-script, software_lock=False
doing actuation None-script open_channel False
GetData ===>> H2,-0.0604828986956453,H1,264.052083161419,AX,49.3760689345051,L1,0.666213672390254,L2,3.03391820...
Open K ===>> OK
GetIndicatorState K ===>> OK
change switch state (True, True)
update switch state K True args=() kw={} ncanvase=2
02:26:40 -- OPEN   VALVE-K (Microbone to Getter D-50)
---------------------------------------- open None (Microbone to Getter D-50) result=[(True, True)], time=0.42 sec
action=open, ok=True, locked=[False]
open () {'description': 'Microbone to CO2 Laser'}
opening name=--- desc=Microbone to CO2 Laser
checking ownership. requestor=129.138.12.150
check software interlocks T
interlocks []
actuate state mode=None-script, software_lock=False
doing actuation None-script open_channel False
Open T ===>> OK
GetIndicatorState T ===>> OK
change switch state (True, True)
update switch state T True args=() kw={} ncanvase=2
02:26:40 -- OPEN   VALVE-T (Microbone to CO2 Laser)
---------------------------------------- open None (Microbone to CO2 Laser) result=[(True, True)], time=0.43 sec
GetData ===>> H2,-0.0283018850317165,H1,264.057781277983,AX,49.5209142013867,L1,0.659896347739414,L2,3.07844376...
action=open, ok=True, locked=[False]
open () {'description': 'Microbone to Inlet Pipette'}
opening name=--- desc=Microbone to Inlet Pipette
checking ownership. requestor=129.138.12.150
check software interlocks S
interlocks []
actuate state mode=None-script, software_lock=False
doing actuation None-script open_channel False
Open S ===>> OK
Get Checksum: -860229079
GetIndicatorState S ===>> OK
change switch state (True, True)
update switch state S True args=() kw={} ncanvase=2
02:26:41 -- OPEN   VALVE-S (Microbone to Inlet Pipette)
---------------------------------------- open None (Microbone to Inlet Pipette) result=[(True, True)], time=0.43 sec
action=open, ok=True, locked=[False]
sleep (1,) {}
SLEEP 1.0
GetData ===>> H2,-0.0738436075251567,H1,263.628067975272,AX,49.3274825693944,L1,0.632635417503559,L2,2.99959442...
set_resource () {'name': 'CO2PumpTimeFlag', 'value': 30}
Set CO2PumpTimeFlag 30 ===>> OK
release ('JanCO2Flag',) {}
release JanCO2Flag
Set JanCO2Flag 0 ===>> OK
executed 6.0
PumpMicrobone.py completed successfully
gosub finished
get_resource_value () {'name': 'JanMiniboneFlag'}
Read JanMiniboneFlag ===>> 0
Get Resource Value JanMiniboneFlag=0.0
get resource value 0.0
get_resource_value () {'name': 'JanMiniboneFlag'}
Read JanMiniboneFlag ===>> 0
Get Resource Value JanMiniboneFlag=0.0
executed 4.0
jan_pump_extraction_line.py completed successfully
Post Equilibration Finished
02:26:42 -- ******* Post Equilibration Finished *******
GetData ===>> H2,-0.0813095222948789,H1,263.64518022755,AX,49.2887908649877,L1,0.625808141451584,L2,3.025087291...
GetData ===>> H2,0.00737295805830052,H1,263.705261698375,AX,49.4063179741063,L1,0.654966765511281,L2,2.97649272...
Get Checksum: -860229079
GetData ===>> H2,-0.103865836676143,H1,263.735918493724,AX,49.5682746551018,L1,0.677784884637053,L2,3.065463719...
GetData ===>> H2,-0.176016756172979,H1,263.697687965527,AX,49.368711407663,L1,0.672935462275448,L2,3.1193984329...
GetData ===>> H2,-0.146002122872505,H1,263.644267910832,AX,49.4869074875834,L1,0.665812064836399,L2,3.107420650...
Get Checksum: -860229079
GetData ===>> H2,-0.101777390921041,H1,263.421267576733,AX,49.398464137435,L1,0.67239840266122,L2,3.07554886848...
GetData ===>> H2,-0.168791625718458,H1,263.184187205305,AX,49.433155730049,L1,0.622483372674411,L2,2.9600642546...
GetData ===>> H2,-0.278567605039251,H1,262.974614827594,AX,49.1915170655068,L1,0.658591972276444,L2,3.000693614...
Get Checksum: -860229079
GetData ===>> H2,-0.190024197830114,H1,263.006357216438,AX,49.2631130462869,L1,0.670188439799262,L2,3.017055679...
GetData ===>> H2,-0.151507131126246,H1,262.758521607363,AX,49.2298678661254,L1,0.644788924277566,L2,3.097830221...
GetData ===>> H2,-0.162941439840396,H1,262.863012591552,AX,49.3274971046115,L1,0.650697944798371,L2,2.975971698...
Get Checksum: -860229079
GetData ===>> H2,-0.0903701150381537,H1,262.968487667412,AX,49.2897113901293,L1,0.629468102187388,L2,3.09591919...
GetData ===>> H2,-0.10754776661657,H1,262.659301654831,AX,49.1346161855724,L1,0.653960429854692,L2,3.0744488300...
Get Checksum: -860229079
GetData ===>> H2,-0.11581303856984,H1,262.67306714556,AX,49.0888359705703,L1,0.663464706160127,L2,2.98027896507...
GetData ===>> H2,-0.0597438684203725,H1,262.460785827247,AX,48.9992841243521,L1,0.683037817262638,L2,3.06708468...
GetData ===>> H2,-0.0778475409301844,H1,262.043857590896,AX,49.0825742063495,L1,0.669069995513109,L2,3.13851497...
Get Checksum: -860229079
GetData ===>> H2,-0.102140155645765,H1,262.571376317611,AX,49.0436451643745,L1,0.630494063004747,L2,2.970749972...
GetData ===>> H2,-0.204087715559242,H1,262.578049528525,AX,49.0898094059653,L1,0.613344240731578,L2,3.159118700...
GetData ===>> H2,-0.185980102792312,H1,262.230528900746,AX,48.9669564808718,L1,0.666834707186095,L2,3.168715178...
Get Checksum: -860229079
02:27:02 -- collecting point 25
GetData ===>> H2,-0.189794994658437,H1,261.922588363303,AX,49.0047430731912,L1,0.628624142855646,L2,3.084314882...
GetData ===>> H2,-0.110050866612137,H1,261.597082057821,AX,48.9118864747897,L1,0.64467996529742,L2,3.0642017018...
GetData ===>> H2,-0.13113092120838,H1,261.741886776079,AX,48.935827276724,L1,0.655845529872694,L2,3.06555634495...
Get Checksum: -860229079
GetData ===>> H2,-0.070661413794209,H1,261.371876349281,AX,48.9795990955328,L1,0.648084234886442,L2,2.940062084...
GetData ===>> H2,-0.0766332266214027,H1,261.402453824114,AX,48.8439575905776,L1,0.652506868165464,L2,2.95046779...
GetData ===>> H2,-0.141166153768058,H1,261.687102977868,AX,48.9684804923121,L1,0.671836566263422,L2,2.935177921...
Get Checksum: -860229079
GetData ===>> H2,-0.179099529681324,H1,261.795292219351,AX,48.797445264017,L1,0.667019413309805,L2,3.0400528579...
GetData ===>> H2,-0.173793068947457,H1,261.47535019409,AX,49.0044091411062,L1,0.644206997512071,L2,3.1967800954...
GetData ===>> H2,-0.125973972122179,H1,261.217478784866,AX,48.8606605187094,L1,0.592793157013829,L2,2.963155235...
Get Checksum: -860229079
GetData ===>> H2,-0.0957196746923471,H1,261.445528669998,AX,48.9486117820774,L1,0.593719830682185,L2,2.98628861...
GetData ===>> H2,-0.160225894952413,H1,261.286964155323,AX,49.0314170396163,L1,0.575929755974667,L2,3.082242002...
GetData ===>> H2,-0.195188128103763,H1,260.961468199938,AX,48.7768787288102,L1,0.573354540816564,L2,2.961395563...
Get Checksum: -860229079
GetData ===>> H2,-0.183413193654191,H1,261.01906070231,AX,48.8587738872876,L1,0.630906208490395,L2,3.0699098557...
GetData ===>> H2,-0.182130195387461,H1,260.930796696779,AX,48.8731565616757,L1,0.652759646905067,L2,2.936439447...
GetData ===>> H2,-0.152728099749635,H1,260.80426856908,AX,48.8465695394132,L1,0.629558442074049,L2,2.9749643810...
Get Checksum: -860229079
GetData ===>> H2,-0.201372823978098,H1,260.904965441859,AX,48.8014777566023,L1,0.632979560731943,L2,2.923894360...
GetData ===>> H2,-0.179930817038537,H1,260.749703953169,AX,48.7539376535517,L1,0.642939252874606,L2,3.108694812...
Get Checksum: -860229079
GetData ===>> H2,-0.227487807195723,H1,260.450001987101,AX,48.6306087520056,L1,0.632692361279255,L2,2.983717968...
GetData ===>> H2,-0.197369394514869,H1,260.430927096004,AX,48.6764401007946,L1,0.617211142565026,L2,3.015042094...
GetData ===>> H2,-0.0813799704656138,H1,260.203663775634,AX,48.8786865788213,L1,0.629049826379783,L2,3.01633819...
Get Checksum: -860229079
GetData ===>> H2,-0.0883970919747396,H1,259.965603836843,AX,48.7599842809417,L1,0.612227486407869,L2,3.05015852...
GetData ===>> H2,-0.20232459301606,H1,260.265206902188,AX,48.5663492554396,L1,0.618913647718508,L2,3.0489893144...
GetData ===>> H2,-0.199064518887689,H1,259.949945618805,AX,48.5647700064995,L1,0.619212829347731,L2,2.968156580...
Get Checksum: -860229079
GetData ===>> H2,-0.199462303644704,H1,259.917069571017,AX,48.6973243901382,L1,0.699419112736775,L2,2.975855914...
GetData ===>> H2,-0.115214894096772,H1,260.055094574891,AX,48.6896664011942,L1,0.670251681370983,L2,2.888825321...
02:27:29 -- collecting point 50
GetData ===>> H2,-0.225709147829833,H1,259.92079839444,AX,48.7705122194892,L1,0.641611010592298,L2,3.0645837787...
Get Checksum: -860229079
GetData ===>> H2,-0.1156723015284,H1,259.945530797201,AX,48.6159828922919,L1,0.641806584537677,L2,2.99306294633...
GetData ===>> H2,-0.0802812002818486,H1,260.012146022234,AX,48.6087503369533,L1,0.65318591517069,L2,2.982745308...
GetData ===>> H2,-0.309117194370849,H1,259.796804385799,AX,48.7018642967226,L1,0.656997957745494,L2,2.948268495...
Get Checksum: -860229079
GetData ===>> H2,-0.240030025241953,H1,259.825070603454,AX,48.6560233720629,L1,0.637126198200411,L2,2.970391061...
GetData ===>> H2,-0.134107803365393,H1,259.400096663817,AX,48.5845193376405,L1,0.640456209107441,L2,3.056004777...
GetData ===>> H2,-0.0423892389155271,H1,259.363752910114,AX,48.5916200276261,L1,0.646578243659368,L2,2.94589562...
Get Checksum: -860229079
GetData ===>> H2,-0.0999498551652728,H1,259.380540983268,AX,48.6019964751605,L1,0.62967477130479,L2,2.948638899...
GetData ===>> H2,-0.133055637122484,H1,259.495519642969,AX,48.3383635447898,L1,0.626056799762171,L2,2.963780389...
GetData ===>> H2,-0.115256846433393,H1,259.142323186008,AX,48.4098081496175,L1,0.663420094123524,L2,2.993097687...
Get Checksum: -860229079
GetData ===>> H2,-0.0851957125633142,H1,259.076383403515,AX,48.3643753073282,L1,0.686053622560127,L2,2.97890108...
GetData ===>> H2,-0.0502908988978802,H1,258.848060527308,AX,48.4999712380666,L1,0.612135974770267,L2,2.95799207...
GetData ===>> H2,-0.0969520600999975,H1,259.0135407923,AX,48.568232790163,L1,0.612302922283547,L2,2.92296858752...
Get Checksum: -860229079
GetData ===>> H2,-0.107781821780898,H1,259.014827032221,AX,48.4449875557859,L1,0.630878979154923,L2,3.040388538...
GetData ===>> H2,-0.11113530410719,H1,258.652451688842,AX,48.4075636174591,L1,0.647650744652179,L2,2.9712015071...
Get Checksum: -860229079
GetData ===>> H2,0.00345350673416658,H1,258.414045233909,AX,48.3178566421264,L1,0.62216802020993,L2,2.972486656...
GetData ===>> H2,-0.110670944672306,H1,258.508077547652,AX,48.4523897070773,L1,0.647887304224776,L2,3.021314434...
GetData ===>> H2,-0.191232156672626,H1,258.257257478268,AX,48.3752469496347,L1,0.659976870104503,L2,2.929437607...
Get Checksum: -860229079
GetData ===>> H2,-0.1724279089184,H1,258.566900687918,AX,48.4246955152569,L1,0.651435105021403,L2,2.96359515801...
GetData ===>> H2,-0.200760737558481,H1,258.09755118702,AX,48.2271811694543,L1,0.631966970435965,L2,3.0614924722...
GetData ===>> H2,-0.19338620971895,H1,258.104407198602,AX,48.2693692698927,L1,0.633109545853275,L2,3.0544881903...
Get Checksum: -860229079
GetData ===>> H2,-0.268667990650684,H1,258.018353177683,AX,48.2546777538797,L1,0.631604294011762,L2,2.863020469...
GetData ===>> H2,-0.227933438011381,H1,257.95444123104,AX,48.1512942697206,L1,0.619228901332209,L2,2.9070119714...
GetData ===>> H2,-0.264893397658128,H1,257.749411586385,AX,48.226660241624,L1,0.619877983040201,L2,3.0453312873...
Get Checksum: -860229079
GetData ===>> H2,-0.20407693277038,H1,257.499315983867,AX,48.2172839227321,L1,0.627407823604071,L2,3.0738582882...
02:27:55 -- collecting point 75
GetData ===>> H2,-0.22625179652729,H1,257.716113358316,AX,48.1221362260482,L1,0.613270034058767,L2,3.0501006411...
GetData ===>> H2,-0.254671832655323,H1,257.449431477843,AX,48.2079517315375,L1,0.581222891833698,L2,2.860649682...
Get Checksum: -860229079
GetData ===>> H2,-0.195535083657856,H1,257.316651489218,AX,48.1437110575506,L1,0.58573091910437,L2,2.9627037375...
GetData ===>> H2,-0.116703430576334,H1,257.362573326953,AX,48.0545425537881,L1,0.629708185260909,L2,2.969233292...
GetData ===>> H2,-0.189329832776799,H1,257.267821928648,AX,48.1790915857237,L1,0.606549110759981,L2,3.015053666...
Get Checksum: -860229079
GetData ===>> H2,-0.152176841800628,H1,257.25359215898,AX,48.295528908896,L1,0.5613535501582,L2,2.9259310905360...
GetData ===>> H2,-0.284656519394145,H1,257.227506546979,AX,48.1462869810861,L1,0.600836782880607,L2,3.003308582...
GetData ===>> H2,-0.262392437483976,H1,257.255718390145,AX,48.0866061623072,L1,0.625294761291543,L2,2.944796022...
Get Checksum: -860229079
GetData ===>> H2,-0.167871238344472,H1,256.786296013779,AX,48.0342125113169,L1,0.631473089960783,L2,3.074286720...
GetData ===>> H2,-0.0645636513371744,H1,256.922724018532,AX,48.1235252345311,L1,0.662532850027785,L2,2.93294425...
GetData ===>> H2,-0.159581684639363,H1,256.804984848126,AX,47.9857189453275,L1,0.62712077819165,L2,2.8518377993...
Get Checksum: -860229079
GetData ===>> H2,-0.298498281700978,H1,256.929235078518,AX,48.1155241848085,L1,0.622325076906598,L2,2.915528011...
GetData ===>> H2,-0.146853169742484,H1,256.942339489573,AX,47.9620589242089,L1,0.633739687260189,L2,3.083446352...
Get Checksum: -860229079
GetData ===>> H2,-0.169846875234136,H1,256.723113413261,AX,47.8726813163573,L1,0.630601739075799,L2,3.018814708...
GetData ===>> H2,-0.218085074588791,H1,256.849725668272,AX,47.9608876127148,L1,0.623393620182163,L2,2.873707079...
GetData ===>> H2,-0.238266872465295,H1,256.39479625691,AX,47.8854991918209,L1,0.620694029061943,L2,2.9355367023...
Get Checksum: -860229079
GetData ===>> H2,-0.217657920489846,H1,256.236902489818,AX,47.8174802247489,L1,0.607073176358893,L2,3.036441466...
GetData ===>> H2,-0.187992217309186,H1,256.226596266727,AX,48.0702334283914,L1,0.60610417018416,L2,2.9727182172...
GetData ===>> H2,-0.166948076778516,H1,256.229097688625,AX,47.8678839932279,L1,0.618316546528265,L2,3.056282627...
GetData ===>> H2,-0.188114928539425,H1,256.114892553026,AX,47.8038130548357,L1,0.62694880219831,L2,2.9800937023...
GetData ===>> H2,-0.118304066147685,H1,255.806532565352,AX,47.7910807413274,L1,0.603064253613616,L2,2.974153903...
Get Checksum: -860229079
GetData ===>> H2,-0.098398249675349,H1,255.876726043117,AX,47.827677748897,L1,0.567900063753639,L2,2.9027426616...
GetData ===>> H2,-0.207056634931754,H1,255.895721945591,AX,47.9011223576654,L1,0.593831037088953,L2,2.938788937...
GetData ===>> H2,-0.280887766078567,H1,255.716592147416,AX,47.7707638367861,L1,0.620370075841342,L2,2.930386587...
Get Checksum: -860229079
GetData ===>> H2,-0.273345496274294,H1,255.655888504135,AX,47.7517071899047,L1,0.653886073941418,L2,2.930201419...
02:28:21 -- collecting point 100
GetData ===>> H2,-0.206293927495401,H1,255.529089078114,AX,47.791066289972,L1,0.676852629677466,L2,2.9880371588...
GetData ===>> H2,-0.302161957377508,H1,255.441281667525,AX,47.8402452827136,L1,0.694496566119552,L2,2.973922339...
Get Checksum: -860229079
GetData ===>> H2,-0.08784415045968,H1,255.335312984484,AX,47.8428022852636,L1,0.627913884195455,L2,3.0445094077...
GetData ===>> H2,-0.144579516212046,H1,255.24010619307,AX,47.7402659724657,L1,0.586086509625312,L2,2.9249242922...
GetData ===>> H2,-0.12011009145234,H1,254.98682599318,AX,47.7238283358775,L1,0.59476892523827,L2,2.953234346971...
Get Checksum: -860229079
GetData ===>> H2,-0.194561465022768,H1,254.966916782826,AX,47.7444262902213,L1,0.661456114927262,L2,2.889843313...
GetData ===>> H2,-0.254909786767031,H1,254.970469933835,AX,47.797410600658,L1,0.652473412616359,L2,2.9170901381...
GetData ===>> H2,-0.137377280832995,H1,254.88190991593,AX,47.8290355576036,L1,0.609219155047202,L2,2.9641971608...
Get Checksum: -860229079
GetData ===>> H2,-0.162151554810931,H1,254.835504951026,AX,47.6448923038032,L1,0.59196786940613,L2,2.9503288877...
GetData ===>> H2,-0.0811293355649535,H1,254.917910657013,AX,47.638628137563,L1,0.621925638160036,L2,2.876714346...
Get Checksum: -860229079
GetData ===>> H2,-0.157151723339398,H1,254.637827846624,AX,47.7147438148845,L1,0.631021315106392,L2,2.954009922...
GetData ===>> H2,-0.189866452615817,H1,254.479907740888,AX,47.703912605088,L1,0.617146806116684,L2,2.9607009654...
GetData ===>> H2,-0.129037239973709,H1,254.341229620778,AX,47.5223641596407,L1,0.598813571896137,L2,2.895349910...
Get Checksum: -860229079
GetData ===>> H2,-0.234598300408544,H1,254.177206013967,AX,47.4824275135129,L1,0.583107581416902,L2,2.977291646...
GetData ===>> H2,-0.120062746141431,H1,254.082815249442,AX,47.5096228233877,L1,0.586482859272364,L2,2.867461515...
GetData ===>> H2,-0.0344054656771166,H1,254.291895095194,AX,47.6085584939367,L1,0.632821104879455,L2,3.08893559...
Get Checksum: -860229079
GetData ===>> H2,-0.123498150300164,H1,254.65116467704,AX,47.5597878608372,L1,0.644588341584684,L2,2.9951821927...
GetData ===>> H2,-0.213506597395057,H1,254.203334325096,AX,47.4529740209379,L1,0.600035109334837,L2,2.913838629...
GetData ===>> H2,-0.14537257726556,H1,253.993270367327,AX,47.4912130226778,L1,0.593661756699453,L2,2.8745398518...
Get Checksum: -860229079
GetData ===>> H2,-0.123583345931676,H1,253.984853664457,AX,47.4705702508617,L1,0.61936984133899,L2,2.9575869106...
GetData ===>> H2,-0.203485211472366,H1,254.027779403955,AX,47.4516760396876,L1,0.622102477566767,L2,3.058007634...
measurement finished
estimated time: 125.829 actual time: :126.237
flush and close file /Users/jan/PychronDev/data/isotopes/94/a96c9b-d45e-4316-a5ec-cc5eb19cb090.h5
baselines () {'settling_time': 15.0, 'detector': 'H1', 'mass': 34.2, 'ncounts': 60}
%%%%%%%%%%%%%%%%%%%%%%%%%%%%%%%% Baseline
build tables- baseline [Detector(H2), Detector(H1), Detector(AX), Detector(L1), Detector(L2), Detector(CDD)]
add group baseline table H2
add group baseline table H1
add group baseline table AX
add group baseline table L1
add group baseline table L2
add group baseline table CDD
flush and close file /Users/jan/PychronDev/data/isotopes/94/a96c9b-d45e-4316-a5ec-cc5eb19cb090.h5
detector Detector(H1)
POSITION 34.2 H1
Mapping mass to dac mass func: "parabolic"
H1 map mass coeffs = [-0.00063987  0.15840543  0.57057999]
H1 map mass to dac 34.2 >> 5.23962599104
GetDeflection H1 ===>> 0
GetHighVoltage ===>> 4500
positioning 34.2 (5.23962599104) on H1
setting magnet DAC
current  : 5.878970
requested: 5.239626
Delta Dac: 0.639344
Checking detector protection. dv=0.63934
Checking detector "CDD". Protection Threshold: 0.1 (V)
ProtectDetector CDD,On ===>> OK
GetDeflection CDD ===>> 2000
SetMagnetDAC 5.23962599104 ===>> OK
Magnet settling time: 0.500
Get Checksum: -860229079
GetMagnetMoving ===>> True
GetMagnetMoving ===>> True
GetMagnetMoving ===>> True
GetMagnetMoving ===>> True
GetMagnetMoving ===>> True
GetMagnetMoving ===>> True
GetMagnetMoving ===>> True
GetMagnetMoving ===>> True
GetMagnetMoving ===>> False
ProtectDetector CDD,Off ===>> OK
GetDeflection CDD ===>> 50
Delaying 15.0s for detectors to settle
Get Checksum: -860229079
Get Checksum: -860229079
Get Checksum: -860229079
Get Checksum: -860229079
Get Checksum: -860229079
Join finished
measuring baseline. ncounts=60
starting measurement
GetData ===>> H2,-0.0822944023146213,H1,-0.0437232212793902,AX,-0.120526643409693,L1,-0.0613437327104422,L2,-0....
Get Checksum: -860229079
GetData ===>> H2,-0.151588146617673,H1,-0.10172554389658,AX,-0.0643626403722577,L1,-0.0794245598849239,L2,-0.04...
GetData ===>> H2,-0.146304724632741,H1,0.0144559008295133,AX,-0.0762332619673792,L1,-0.0328514989567584,L2,-0.0...
GetData ===>> H2,-0.128050487558204,H1,0.0344411581893802,AX,-0.0579282510268477,L1,-0.00730272225987544,L2,-0....
Get Checksum: -860229079
GetData ===>> H2,-0.181941308496232,H1,0.0524969430204748,AX,-0.0815652964067355,L1,-0.0206639400215918,L2,0.00...
GetData ===>> H2,-0.219852808878679,H1,0.000343343588826883,AX,-0.115440071741084,L1,-0.0162451191734337,L2,-0....
GetData ===>> H2,-0.17546867968115,H1,-0.0160810244412389,AX,-0.0048021997934883,L1,0.0044727925099102,L2,0.018...
Get Checksum: -860229079
GetData ===>> H2,-0.203111831535752,H1,-0.0756727617031714,AX,-0.201605668422272,L1,-0.00317751932494127,L2,-0....
GetData ===>> H2,-0.239496944216298,H1,-0.0568976818424936,AX,-0.0391211643038048,L1,-0.0366279583736366,L2,0.0...
Get Checksum: -860229079
GetData ===>> H2,-0.258791628814645,H1,-0.0483255376440226,AX,-0.0664957494203615,L1,-0.00302634573596592,L2,-0...
GetData ===>> H2,-0.220107436846769,H1,-0.0525699734178929,AX,-0.0926920793166132,L1,-0.0188510792503557,L2,-0....
GetData ===>> H2,-0.20447588911235,H1,-0.101272717235301,AX,-0.111025314458104,L1,-0.020201164025451,L2,-0.1369...
Get Checksum: -860229079
GetData ===>> H2,-0.0712417864681987,H1,-0.0556101187284995,AX,-0.162906368818027,L1,-0.0210092097995246,L2,-0....
GetData ===>> H2,-0.0944532933356705,H1,-0.0962795715779173,AX,-0.0980116227812257,L1,-0.0460733122165827,L2,-0...
GetData ===>> H2,-0.125085659072801,H1,-0.0627749586159741,AX,-0.0447451192478447,L1,-0.0235504143737743,L2,0.0...
Get Checksum: -860229079
GetData ===>> H2,-0.159100866495111,H1,-0.0427574233614834,AX,-0.131730067060734,L1,-0.00240843008709901,L2,0.0...
GetData ===>> H2,-0.25214813482689,H1,-0.029366449817103,AX,-0.0293219508987376,L1,0.0199125539944617,L2,0.0435...
GetData ===>> H2,-0.223997546612949,H1,-0.0516161833073124,AX,-0.0811943817280037,L1,0.00944096522540579,L2,-0....
Get Checksum: -860229079
GetData ===>> H2,-0.163227675182529,H1,-0.0109882080330469,AX,0.0075760091925463,L1,-0.0288237622241739,L2,-0.0...
GetData ===>> H2,-0.175244581653261,H1,0.0236903836196902,AX,-0.0348884890284677,L1,-0.0598637027272915,L2,-0.0...
GetData ===>> H2,-0.278025091104261,H1,0.0510289684569234,AX,-0.0422868531516852,L1,-0.0357844267587039,L2,-0.0...
Get Checksum: -860229079
GetData ===>> H2,-0.167740326734834,H1,-0.00591898824768828,AX,-0.0797107088730468,L1,-0.0141303618821041,L2,-0...
GetData ===>> H2,-0.155565686643476,H1,-0.0253833924771961,AX,0.0275445539880993,L1,-0.036345191458124,L2,-0.04...
GetData ===>> H2,-0.282289231929737,H1,-0.0226524022830297,AX,0.0243534888846801,L1,-0.0121011364326627,L2,0.00...
Get Checksum: -860229079
02:29:27 -- collecting point 25
GetData ===>> H2,-0.222016290287574,H1,0.0183929792467065,AX,-0.0636786444178107,L1,-0.0233226910954905,L2,-0.0...
GetData ===>> H2,-0.318147578585565,H1,0.0362310773782017,AX,0.0354936618520336,L1,-0.0131943081288923,L2,0.010...
GetData ===>> H2,-0.218766870715902,H1,-0.0800948234817021,AX,-0.0144646934831579,L1,-0.0453383135422792,L2,0.0...
Get Checksum: -860229079
GetData ===>> H2,-0.198243285096385,H1,0.0140383409883651,AX,-0.167079540780893,L1,-0.0255337859638087,L2,-0.06...
GetData ===>> H2,-0.174639764842625,H1,-0.01744065525473,AX,-0.167717092951584,L1,-0.0154618800773206,L2,0.0218...
GetData ===>> H2,-0.306929928321595,H1,-0.00210199451327038,AX,-0.0476207479502319,L1,-0.0383783002589533,L2,-0...
Get Checksum: -860229079
GetData ===>> H2,-0.221124544259427,H1,-0.0450705534212002,AX,0.0123792245616462,L1,-0.0503338086582969,L2,-0.0...
GetData ===>> H2,-0.159785621005849,H1,-0.0595800517898979,AX,-0.0968179379023476,L1,-0.0711313220288978,L2,-0....
Get Checksum: -860229079
GetData ===>> H2,-0.176050503858531,H1,-0.103906233064754,AX,-0.153771134095815,L1,-0.0532720195207466,L2,-0.02...
GetData ===>> H2,-0.130406385791577,H1,0.0248119421229155,AX,-0.0819362096715808,L1,-0.0413954567385431,L2,-0.1...
GetData ===>> H2,-0.126142973582495,H1,0.033999649709693,AX,-0.0796875263051744,L1,-0.0248711077262651,L2,-0.07...
Get Checksum: -860229079
GetData ===>> H2,-0.238632653326401,H1,0.0555403734837202,AX,-0.0922400785569063,L1,-0.0203294486233976,L2,0.06...
GetData ===>> H2,-0.217442316076858,H1,0.0299903645276657,AX,-0.00528940731197659,L1,-0.0115005606563461,L2,0.0...
GetData ===>> H2,-0.181326055059261,H1,0.0371260489729021,AX,-0.0532789950396786,L1,-0.000554455591368495,L2,0....
Get Checksum: -860229079
GetData ===>> H2,-0.165159574639824,H1,-0.0229147713888487,AX,-0.0907449841608572,L1,-0.0433509143587414,L2,-0....
GetData ===>> H2,-0.145091567086503,H1,-0.105514907723969,AX,-0.045603178642358,L1,-0.00831127451756727,L2,-0.0...
GetData ===>> H2,-0.256721837670271,H1,-0.0546682796632723,AX,0.0105576874548812,L1,-0.0120687709871148,L2,0.02...
Get Checksum: -860229079
GetData ===>> H2,-0.292299113608199,H1,-0.0553359133330432,AX,-0.0706227189553719,L1,-0.0590141124230213,L2,-0....
GetData ===>> H2,-0.180902374263302,H1,-0.104990601787524,AX,-0.0581717221522752,L1,-0.0335052700980592,L2,-0.1...
GetData ===>> H2,-0.202166869122002,H1,-0.00292504609598048,AX,-0.0527804332059088,L1,0.0131019623952991,L2,-0....
Get Checksum: -860229079
GetData ===>> H2,-0.246445215904513,H1,-0.0863044509514353,AX,-0.123075622569103,L1,0.0170405196311125,L2,-0.00...
GetData ===>> H2,-0.241704489840675,H1,0.0106502055377213,AX,-0.0879054005425552,L1,-0.0613150195719168,L2,0.03...
GetData ===>> H2,-0.231336346920921,H1,-0.118776550957,AX,-0.0139775318890894,L1,-0.0588166621278412,L2,-0.0170...
Get Checksum: -860229079
GetData ===>> H2,-0.170529631366912,H1,-0.0221634398416491,AX,-0.0258543005835933,L1,-0.0409008440910542,L2,-0....
GetData ===>> H2,-0.180392317114872,H1,-0.00405822198474832,AX,-0.000440423844156291,L1,-0.00552161924605982,L2...
02:29:53 -- collecting point 50
GetData ===>> H2,-0.256182823256874,H1,-0.00590706036900353,AX,-0.0926804895797377,L1,-0.0155206551115099,L2,-0...
Get Checksum: -860229079
GetData ===>> H2,-0.172858248860175,H1,0.0342502353646747,AX,-0.0393762785752567,L1,-0.0345633372836916,L2,-0.0...
GetData ===>> H2,-0.25293340549596,H1,0.00918284443265378,AX,-0.0357234422878612,L1,-0.0265678602493917,L2,-0.0...
GetData ===>> H2,-0.273143977566473,H1,-0.033027383675832,AX,0.0301322944916217,L1,-0.0371623181975661,L2,0.017...
GetData ===>> H2,-0.309115852620091,H1,-0.0317395134171726,AX,-0.0395154315323629,L1,-0.0174564408964403,L2,-0....
GetData ===>> H2,-0.229725208076096,H1,-0.0254549458036156,AX,-0.00853739511574448,L1,-0.0390071987783024,L2,0....
Get Checksum: -860229079
GetData ===>> H2,-0.178915990481875,H1,-0.0267905985077864,AX,-0.0840457519756552,L1,-0.0316564007990142,L2,0.0...
GetData ===>> H2,-0.216674999230336,H1,-0.0483493832916569,AX,-0.103887120323469,L1,-0.0313498196597301,L2,-0.0...
Get Checksum: -860229079
GetData ===>> H2,-0.222389401810426,H1,0.0641698969694684,AX,-0.203506045916955,L1,0.0231134760477123,L2,-0.066...
GetData ===>> H2,-0.204911220686805,H1,-0.0180489051655684,AX,-0.0617309685835937,L1,0.0190067718348346,L2,-0.0...
GetData ===>> H2,-0.195396149471417,H1,-0.0336832371611749,AX,-0.109936078436979,L1,-0.0198390809151962,L2,-0.0...
Get Checksum: -860229079
measurement finished
estimated time: 62.915 actual time: :63.143
flush and close file /Users/jan/PychronDev/data/isotopes/94/a96c9b-d45e-4316-a5ec-cc5eb19cb090.h5
activate_detectors ('H1', 'AX', 'CDD') {'peak_center': True}
peak_center () {'detector': 'H1', 'integration_time': 0.262144, 'isotope': 'Ar40'}
peak center: mean=254.223345616 threshold=3
peak center started
setup peak center. detector=['H1', 'AX', 'CDD'], isotope=Ar40
VersionedUnpickler [<apptools.sweet_pickle.versioned_unpickler.VersionedUnpickler object at 0x14ad5cef0>] using Updater [<apptools.sweet_pickle.updater.Updater object at 0x1356d5710>]
VersionedUnpickler [<apptools.sweet_pickle.versioned_unpickler.VersionedUnpickler object at 0x14ad5cef0>] using Updater [<apptools.sweet_pickle.updater.Updater object at 0x1356d5710>]
VersionedUnpickler [<apptools.sweet_pickle.versioned_unpickler.VersionedUnpickler object at 0x153dbc230>] using Updater [<apptools.sweet_pickle.updater.Updater object at 0x1356d5710>]
setting integration time = 0.524288
SetIntegrationTime 0.524288 ===>> OK
Mapping mass to dac mass func: "parabolic"
H1 map mass coeffs = [-0.00063987  0.15840543  0.57057999]
H1 map mass to dac 39.9624 >> 5.87897
GetDeflection H1 ===>> 0
GetHighVoltage ===>> 4500
do peak center. <pychron.spectrometer.jobs.peak_center.PeakCenter object at 0x1356efa10>
doing pc
starting peak center. center dac= 5.87897 step_width=0.001
width = 0.001
get scan parameters. half-width=0.015,window=0.015, i=0, scalar=1
Scan parameters center=5.87897 width=0.03000 (5.86397 - 5.89397)
GetData ===>> H2,-0.0956329964028829,H1,0.0308972126011888,AX,-0.0502412065598431,L1,-0.0409188086568154,L2,0.0...
Moving to starting dac 5.86397
setting magnet DAC
current  : 5.239626
requested: 5.863970
Delta Dac: 0.624344
Checking detector protection. dv=0.62434
Checking detector "CDD". Protection Threshold: 0.1 (V)
ProtectDetector CDD,On ===>> OK
GetDeflection CDD ===>> 2000
SetMagnetDAC 5.86397 ===>> OK
Magnet settling time: 0.500
GetMagnetMoving ===>> True
GetMagnetMoving ===>> True
GetMagnetMoving ===>> True
GetMagnetMoving ===>> True
GetMagnetMoving ===>> True
GetMagnetMoving ===>> True
GetMagnetMoving ===>> True
GetMagnetMoving ===>> True
GetMagnetMoving ===>> False
ProtectDetector CDD,Off ===>> OK
GetDeflection CDD ===>> 50
Wait until signal near baseline. tol= 0.0231729094509. timeout= 10
GetData ===>> H2,0.593128690177975,H1,0.388585446483014,AX,0.144486535072441,L1,0.0264366789700842,L2,-0.080516...
Get Checksum: -860229079
GetData ===>> H2,12.4545661942464,H1,6.14523517361449,AX,0.517751424314225,L1,0.0907995091388337,L2,-0.09739849...
GetData ===>> H2,14.4324302106043,H1,8.35370436606897,AX,1.02846492774393,L1,0.100252318710611,L2,-0.1465099564...
GetData ===>> H2,7.68545850589521,H1,3.95552670864203,AX,0.522793936035611,L1,0.0727851195379481,L2,-0.02108600...
GetData ===>> H2,3.10117961740106,H1,2.01460215062468,AX,0.172483206965592,L1,-0.00648957088562869,L2,-0.038115...
GetData ===>> H2,0.959606935562058,H1,1.15370323495887,AX,-0.0681071431857921,L1,-0.0162766045666739,L2,0.00610...
GetData ===>> H2,0.184740643199241,H1,0.588270174047856,AX,-0.0123768409122037,L1,-0.0179204294946861,L2,0.0517...
Get Checksum: -860229079
GetData ===>> H2,-0.138168062388586,H1,0.415074949968442,AX,0.0622363361112354,L1,-0.00732191087954354,L2,-0.08...
GetData ===>> H2,-0.168465045209263,H1,0.262354415584754,AX,0.0791072636604732,L1,0.00408257478950283,L2,-0.099...
GetData ===>> H2,-0.124986953331237,H1,0.19297595951,AX,0.0679137257941915,L1,0.0025770764101411,L2,-0.09196099...
GetData ===>> H2,-0.0774829892029489,H1,0.176801718631103,AX,-0.0106369295580702,L1,0.0222942249802376,L2,0.030...
GetData ===>> H2,-0.0131898395575498,H1,0.208866473068281,AX,-0.0390283953120109,L1,0.00102619220749894,L2,-0.0...
GetData ===>> H2,-0.0551351134439908,H1,0.148681932541117,AX,0.00377073146051419,L1,-0.0328582913893164,L2,0.02...
Get Checksum: -860229079
GetData ===>> H2,-0.0553546747423105,H1,0.223088949414829,AX,-0.0684317372620254,L1,-0.0670137247463468,L2,-0.0...
GetData ===>> H2,-0.0166733219259733,H1,0.164517719915591,AX,-0.0307484066344192,L1,-0.0598822434424609,L2,-0.0...
GetData ===>> H2,-0.0168850659733617,H1,0.168190835464644,AX,0.0045596182797451,L1,-0.0298863740990787,L2,-0.05...
GetData ===>> H2,-0.085408337840563,H1,0.23432995191699,AX,-0.184312143589676,L1,-0.0233268625434865,L2,0.01633...
GetData ===>> H2,-0.100100994393774,H1,0.150637421409239,AX,0.0208956527824402,L1,-0.0205198084799407,L2,-0.014...
GetData ===>> H2,-0.133491426743697,H1,0.275414486969017,AX,-0.0380079305658052,L1,-0.0173094180606644,L2,0.007...
Get Checksum: -860229079
GetData ===>> H2,-0.171881529009112,H1,0.262879650695358,AX,-0.0514818415550105,L1,-0.0401750487782709,L2,-0.16...
GetData ===>> H2,-0.238149036982252,H1,0.0959219931157886,AX,-0.0178747563708192,L1,-0.0441004255201255,L2,-0.1...
Peak center failed to move to a baseline position
_do_sweep sm= 5.86397, em= 5.89397, stm= 0.001
calculated step values: start=5.86397, end=5.89397, width=0.001, nsteps=31.0
setting magnet DAC
current  : 5.863970
requested: 5.863970
Delta Dac: 0.000000
Checking detector protection. dv=0.00000
Checking detector "CDD". Protection Threshold: 0.1 (V)
SetMagnetDAC 5.86397 ===>> OK
GetData ===>> H2,-0.238149036982252,H1,0.0959219931157886,AX,-0.0178747563708192,L1,-0.0441004255201255,L2,-0.1...
setting magnet DAC
current  : 5.863970
requested: 5.865004
Delta Dac: 0.001034
Checking detector protection. dv=0.00103
Checking detector "CDD". Protection Threshold: 0.1 (V)
SetMagnetDAC 5.86500448276 ===>> OK
Magnet settling time: 1.049
GetData ===>> H2,-0.315420908172967,H1,0.498995184009599,AX,-0.0253903915059933,L1,-0.000442846233967017,L2,0.0...
setting magnet DAC
current  : 5.865004
requested: 5.866039
Delta Dac: 0.001034
Checking detector protection. dv=0.00103
Checking detector "CDD". Protection Threshold: 0.1 (V)
SetMagnetDAC 5.86603896552 ===>> OK
Magnet settling time: 1.049
Get Checksum: -860229079
GetData ===>> H2,-0.122003741998005,H1,1.55686271892399,AX,0.187540253655552,L1,-0.0198538564744123,L2,0.000159...
setting magnet DAC
current  : 5.866039
requested: 5.867073
Delta Dac: 0.001034
Checking detector protection. dv=0.00103
Checking detector "CDD". Protection Threshold: 0.1 (V)
SetMagnetDAC 5.86707344828 ===>> OK
Magnet settling time: 1.049
GetData ===>> H2,-0.167784863843976,H1,6.56673164222361,AX,0.65182673201604,L1,-0.0237052280078148,L2,0.0670461...
setting magnet DAC
current  : 5.867073
requested: 5.868108
Delta Dac: 0.001034
Checking detector protection. dv=0.00103
Checking detector "CDD". Protection Threshold: 0.1 (V)
SetMagnetDAC 5.86810793103 ===>> OK
Magnet settling time: 1.049
GetData ===>> H2,-0.109048573456053,H1,22.283288752546,AX,2.64102188571857,L1,-0.014167514587956,L2,0.024325267...
setting magnet DAC
current  : 5.868108
requested: 5.869142
Delta Dac: 0.001034
Checking detector protection. dv=0.00103
Checking detector "CDD". Protection Threshold: 0.1 (V)
SetMagnetDAC 5.86914241379 ===>> OK
Magnet settling time: 1.049
Get Checksum: -860229079
GetData ===>> H2,-0.150848222060447,H1,59.948025943281,AX,8.02263973226344,L1,0.0262325181789228,L2,0.161236028...
setting magnet DAC
current  : 5.869142
requested: 5.870177
Delta Dac: 0.001034
Checking detector protection. dv=0.00103
Checking detector "CDD". Protection Threshold: 0.1 (V)
SetMagnetDAC 5.87017689655 ===>> OK
Magnet settling time: 1.049
GetData ===>> H2,-0.239120003051658,H1,117.868174423591,AX,17.2902341364242,L1,0.0769088952877453,L2,0.31642791...
setting magnet DAC
current  : 5.870177
requested: 5.871211
Delta Dac: 0.001034
Checking detector protection. dv=0.00103
Checking detector "CDD". Protection Threshold: 0.1 (V)
SetMagnetDAC 5.87121137931 ===>> OK
Magnet settling time: 1.049
GetData ===>> H2,-0.328185654596845,H1,177.154580016145,AX,28.6671898740252,L1,0.189688947823858,L2,0.707199416...
setting magnet DAC
current  : 5.871211
requested: 5.872246
Delta Dac: 0.001034
Checking detector protection. dv=0.00103
Checking detector "CDD". Protection Threshold: 0.1 (V)
SetMagnetDAC 5.87224586207 ===>> OK
Magnet settling time: 1.049
Get Checksum: -860229079
GetData ===>> H2,-0.222792497221032,H1,217.258137431413,AX,37.5458784565934,L1,0.331006600694798,L2,1.374017363...
setting magnet DAC
current  : 5.872246
requested: 5.873280
Delta Dac: 0.001034
Checking detector protection. dv=0.00103
Checking detector "CDD". Protection Threshold: 0.1 (V)
SetMagnetDAC 5.87328034483 ===>> OK
Magnet settling time: 1.049
GetData ===>> H2,-0.205930073671318,H1,235.478619836456,AX,42.7660117622727,L1,0.378923953209033,L2,2.065638996...
setting magnet DAC
current  : 5.873280
requested: 5.874315
Delta Dac: 0.001034
Checking detector protection. dv=0.00103
Checking detector "CDD". Protection Threshold: 0.1 (V)
SetMagnetDAC 5.87431482759 ===>> OK
Magnet settling time: 1.049
GetData ===>> H2,-0.156226337073333,H1,241.931248900478,AX,44.6835272391795,L1,0.465621128787387,L2,2.513146772...
setting magnet DAC
current  : 5.874315
requested: 5.875349
Delta Dac: 0.001034
Checking detector protection. dv=0.00103
Checking detector "CDD". Protection Threshold: 0.1 (V)
SetMagnetDAC 5.87534931034 ===>> OK
Magnet settling time: 1.049
Get Checksum: -860229079
GetData ===>> H2,-0.150098119702377,H1,243.707145608408,AX,44.9815683333664,L1,0.548756801664742,L2,2.717863196...
setting magnet DAC
current  : 5.875349
requested: 5.876384
Delta Dac: 0.001034
Checking detector protection. dv=0.00103
Checking detector "CDD". Protection Threshold: 0.1 (V)
SetMagnetDAC 5.8763837931 ===>> OK
Magnet settling time: 1.049
GetData ===>> H2,-0.154899593139414,H1,244.077178429962,AX,45.4896806068591,L1,0.589628264427622,L2,2.787100347...
setting magnet DAC
current  : 5.876384
requested: 5.877418
Delta Dac: 0.001034
Checking detector protection. dv=0.00103
Checking detector "CDD". Protection Threshold: 0.1 (V)
SetMagnetDAC 5.87741827586 ===>> OK
Magnet settling time: 1.049
Get Checksum: -860229079
GetData ===>> H2,-0.16877543186546,H1,244.008888753317,AX,45.5755104837593,L1,0.555069714951009,L2,2.8194374141...
setting magnet DAC
current  : 5.877418
requested: 5.878453
Delta Dac: 0.001034
Checking detector protection. dv=0.00103
Checking detector "CDD". Protection Threshold: 0.1 (V)
SetMagnetDAC 5.87845275862 ===>> OK
Magnet settling time: 1.049
GetData ===>> H2,-0.196781368419271,H1,244.059601095872,AX,45.2590057557886,L1,0.554670111726817,L2,2.757586421...
setting magnet DAC
current  : 5.878453
requested: 5.879487
Delta Dac: 0.001034
Checking detector protection. dv=0.00103
Checking detector "CDD". Protection Threshold: 0.1 (V)
SetMagnetDAC 5.87948724138 ===>> OK
Magnet settling time: 1.049
GetData ===>> H2,-0.220916547304508,H1,243.928503245247,AX,45.2414973817057,L1,0.601132785152637,L2,2.754510643...
setting magnet DAC
current  : 5.879487
requested: 5.880522
Delta Dac: 0.001034
Checking detector protection. dv=0.00103
Checking detector "CDD". Protection Threshold: 0.1 (V)
SetMagnetDAC 5.88052172414 ===>> OK
Magnet settling time: 1.049
Get Checksum: -860229079
GetData ===>> H2,-0.0319326463088732,H1,244.046524885134,AX,45.4005660685277,L1,0.594698488003649,L2,2.89224602...
setting magnet DAC
current  : 5.880522
requested: 5.881556
Delta Dac: 0.001034
Checking detector protection. dv=0.00103
Checking detector "CDD". Protection Threshold: 0.1 (V)
SetMagnetDAC 5.8815562069 ===>> OK
Magnet settling time: 1.049
GetData ===>> H2,-0.115764322099053,H1,243.443421599889,AX,45.3770611563507,L1,0.572821866417906,L2,2.770977599...
setting magnet DAC
current  : 5.881556
requested: 5.882591
Delta Dac: 0.001034
Checking detector protection. dv=0.00103
Checking detector "CDD". Protection Threshold: 0.1 (V)
SetMagnetDAC 5.88259068966 ===>> OK
Magnet settling time: 1.049
GetData ===>> H2,-0.194489063075228,H1,243.191247264249,AX,45.0641968666579,L1,0.546543262393138,L2,2.701913742...
setting magnet DAC
current  : 5.882591
requested: 5.883625
Delta Dac: 0.001034
Checking detector protection. dv=0.00103
Checking detector "CDD". Protection Threshold: 0.1 (V)
SetMagnetDAC 5.88362517241 ===>> OK
Magnet settling time: 1.049
Get Checksum: -860229079
GetData ===>> H2,-0.163959432667377,H1,241.592250910553,AX,44.6429574285769,L1,0.551242051536525,L2,2.687723244...
setting magnet DAC
current  : 5.883625
requested: 5.884660
Delta Dac: 0.001034
Checking detector protection. dv=0.00103
Checking detector "CDD". Protection Threshold: 0.1 (V)
SetMagnetDAC 5.88465965517 ===>> OK
Magnet settling time: 1.049
GetData ===>> H2,-0.210036899378144,H1,235.269869295883,AX,42.4166011341797,L1,0.575841010154998,L2,2.406370978...
setting magnet DAC
current  : 5.884660
requested: 5.885694
Delta Dac: 0.001034
Checking detector protection. dv=0.00103
Checking detector "CDD". Protection Threshold: 0.1 (V)
SetMagnetDAC 5.88569413793 ===>> OK
Magnet settling time: 1.049
GetData ===>> H2,-0.301353126741156,H1,217.281066506855,AX,36.8649197637567,L1,0.50721920097171,L2,1.9372287424...
setting magnet DAC
current  : 5.885694
requested: 5.886729
Delta Dac: 0.001034
Checking detector protection. dv=0.00103
Checking detector "CDD". Protection Threshold: 0.1 (V)
SetMagnetDAC 5.88672862069 ===>> OK
Magnet settling time: 1.049
Get Checksum: -860229079
GetData ===>> H2,-0.22889996117165,H1,178.595547342179,AX,27.3913809150669,L1,0.393862626653913,L2,1.2310647513...
setting magnet DAC
current  : 5.886729
requested: 5.887763
Delta Dac: 0.001034
Checking detector protection. dv=0.00103
Checking detector "CDD". Protection Threshold: 0.1 (V)
SetMagnetDAC 5.88776310345 ===>> OK
Magnet settling time: 1.049
GetData ===>> H2,-0.347965941982904,H1,120.168652785455,AX,15.7886479621237,L1,0.26329577589133,L2,0.5937791960...
setting magnet DAC
current  : 5.887763
requested: 5.888798
Delta Dac: 0.001034
Checking detector protection. dv=0.00103
Checking detector "CDD". Protection Threshold: 0.1 (V)
SetMagnetDAC 5.88879758621 ===>> OK
Magnet settling time: 1.049
Get Checksum: -860229079
GetData ===>> H2,-0.17988167514619,H1,40.2879981696615,AX,3.90082735597533,L1,0.0997462106934719,L2,0.035419460...
setting magnet DAC
current  : 5.888798
requested: 5.889832
Delta Dac: 0.001034
Checking detector protection. dv=0.00103
Checking detector "CDD". Protection Threshold: 0.1 (V)
SetMagnetDAC 5.88983206897 ===>> OK
Magnet settling time: 1.049
GetData ===>> H2,-0.15856059705199,H1,14.028033972964,AX,0.969217723402045,L1,0.0621486353912975,L2,-0.06155992...
setting magnet DAC
current  : 5.889832
requested: 5.890867
Delta Dac: 0.001034
Checking detector protection. dv=0.00103
Checking detector "CDD". Protection Threshold: 0.1 (V)
SetMagnetDAC 5.89086655172 ===>> OK
Magnet settling time: 1.049
GetData ===>> H2,-0.226005380951098,H1,3.96864958960343,AX,0.198654728359983,L1,0.0495865521050786,L2,-0.031194...
setting magnet DAC
current  : 5.890867
requested: 5.891901
Delta Dac: 0.001034
Checking detector protection. dv=0.00103
Checking detector "CDD". Protection Threshold: 0.1 (V)
SetMagnetDAC 5.89190103448 ===>> OK
Magnet settling time: 1.049
Get Checksum: -860229079
GetData ===>> H2,-0.0888883265754078,H1,0.919488973662097,AX,-0.0570934882577881,L1,0.0247074477542149,L2,0.005...
setting magnet DAC
current  : 5.891901
requested: 5.892936
Delta Dac: 0.001034
Checking detector protection. dv=0.00103
Checking detector "CDD". Protection Threshold: 0.1 (V)
SetMagnetDAC 5.89293551724 ===>> OK
Magnet settling time: 1.049
GetData ===>> H2,-0.13874339043546,H1,0.189111080474969,AX,0.0663842739566133,L1,0.00220733930000755,L2,0.01380...
setting magnet DAC
current  : 5.892936
requested: 5.893970
Delta Dac: 0.001034
Checking detector protection. dv=0.00103
Checking detector "CDD". Protection Threshold: 0.1 (V)
SetMagnetDAC 5.89397 ===>> OK
Magnet settling time: 1.049
GetData ===>> H2,-0.0403470004956477,H1,0.0412907553602128,AX,-0.169907018665872,L1,-0.0220695333007951,L2,-0.0...
result of _do_sweep=True
result of _calculate_peak_center=([5.871312961785641, 5.8790042063437227, 5.8866954509018043], [181.09260469221326, 244.07663101772437, 179.8359647903431], 5.8763920855504113, 244.07663101772437)
Failed to find a valid peak. No peak greater than 1.0. max = 0.120506733735
new center pos Detector(H1) (Ar40) @ 5.87900420634
GetHighVoltage ===>> 4500
GetDeflection H1 ===>> 0
dac uncorrected for HV and deflection 5.87900420634
update mftable H1 Ar40 5.87900420634 message=automated run peakcenter
get initial guess parabolic
get initial guess parabolic
get initial guess parabolic
get initial guess parabolic
get initial guess parabolic
get initial guess parabolic
dump mftable to /Users/jan/PychronDev/setupfiles/spectrometer/mftables/mftable.csv
add to repo msg=modified - automated run peakcenter
Get Checksum: -860229079
locally archiving mftable
setting magnet DAC
current  : 5.893970
requested: 5.879004
Delta Dac: 0.014966
Checking detector protection. dv=0.01497
Checking detector "CDD". Protection Threshold: 0.1 (V)
SetMagnetDAC 5.87900420634 ===>> OK
Magnet settling time: 0.500
sweep finished
setting integration time = 1.048576
SetIntegrationTime 1.048576 ===>> OK
Failed to find a valid peak. No peak greater than 1.0. max = 0.12048167385
flush and close file /Users/jan/PychronDev/data/isotopes/94/a96c9b-d45e-4316-a5ec-cc5eb19cb090.h5
finished measure script
executed 226.132928
jan_unknown120_60.py completed successfully
Measurement Finished
02:30:51 -- ******* Measurement Finished *******
Post Measurement Started jan_pump_ms.py
02:30:51 -- ******* Post Measurement Started jan_pump_ms.py *******
testing...
no interpolation path defined
executed 0
Pumping spectrometer
open () {'name': 'O'}
opening name=O desc=---
checking ownership. requestor=129.138.12.150
check software interlocks O
interlocks []
actuate state mode=None-script, software_lock=False
doing actuation None-script open_channel True
Open O ===>> OK
GetIndicatorState O ===>> OK
change switch state (True, True)
update switch state O True args=() kw={} ncanvase=2
02:30:51 -- OPEN   VALVE-O (Jan Ion Pump)
---------------------------------------- open O () result=[(True, True)], time=0.10 sec
action=open, ok=True, locked=[False]
executed 0
jan_pump_ms.py completed successfully
setting _ms_pumptime
Post Measurement Finished
02:30:52 -- ******* Post Measurement Finished *******
$$$$$$$$$$$$$$$$$$$$ state at run end measurement
state changed from measurement to success
post measurement save measured=True aborted=False
Set filtering
setting fod for Ar40= {'filter_outliers': True, 'std_devs': 2, 'iterations': 1}
setting fod for H1= {'filter_outliers': True, 'std_devs': 2, 'iterations': 1}
setting fod for PM41= {'filter_outliers': False, 'std_devs': 2, 'iterations': 1}
setting fod for H2= {'filter_outliers': True, 'std_devs': 2, 'iterations': 1}
setting fod for Ar36= {'filter_outliers': True, 'std_devs': 2, 'iterations': 1}
setting fod for CDD= {'filter_outliers': True, 'std_devs': 10, 'iterations': 1}
setting fod for Ar37= {'filter_outliers': True, 'std_devs': 2, 'iterations': 1}
setting fod for L2= {'filter_outliers': True, 'std_devs': 2, 'iterations': 1}
setting fod for Ar38= {'filter_outliers': True, 'std_devs': 2, 'iterations': 1}
setting fod for L1= {'filter_outliers': True, 'std_devs': 2, 'iterations': 1}
setting fod for Ar39= {'filter_outliers': True, 'std_devs': 2, 'iterations': 1}
setting fod for AX= {'filter_outliers': True, 'std_devs': 2, 'iterations': 1}
persistence save...
persistence save - db
post measurement save
5731407152 connecting to database sqlite:////Users/jan/PychronDev/.appdata/local_lab.db
connected to db sqlite:////Users/jan/PychronDev/.appdata/local_lab.db
create new session 5731407152
close session 5731407152
No database instance. Not saving post measurement to isotopedb database
$$$$$$$$$$$$$$$ auto_save_detector_ic=False
massspec enabled True
create new session 4979649712
MassSpec Database Version: 16.0
close session 4979649712
saving post measurement to secondary database
saving to massspec database 129.138.12.160/massspecdata
setting labnumber to 65571
setting aliquot to 4
setting step to A
setting uuid to 94a96c9b-d45e-4316-a5ec-cc5eb19cb090
setting irradpos to 65571
setting extract_device to Fusions CO2
setting tray to 
setting position to 187
setting power_requested to 0.3
setting extract_value to 0.3
setting duration to 30.0
setting duration_at_request to 30.0
setting first_stage_delay to 30.0
setting cleanup to 30.0
setting comment to M:14 with inclusions
setting irradiation to NM-289
setting level to M
setting irradiation_level to M
setting sample to NM-2602 W
setting material to Sanidine
setting project to JoyitaHills
setting mass_spectrometer to Jan
no attribute chron_dosages
no attribute production_ratios
no attribute interference_corrections
no attribute production_name
no attribute j
Reference Isotope=Ar40
Reference Detector=H1
%%%%%%%%%%%%%%%%%%%% Comment: M:14 with inclusions %%%%%%%%%%%%%%%%%%%
adding isotope PM41 H2
add baseline dbdet= PM41. original det= H2
get baseline data PM41 H2
Get data baseline <pychron.processing.isotope.Baseline object at 0x13bf34d90> len t=60
baseline PM41. v=-0.203553891005, e=0.00644487213562
get signal data PM41 H2
Get data signal PM41 0.10+/-0.07 len t=120
adding isotope Ar40 H1
add baseline dbdet= Ar40. original det= H1
get baseline data Ar40 H1
Get data baseline <pychron.processing.isotope.Baseline object at 0x13bf34f90> len t=60
baseline Ar40. v=-0.0227940080196, e=0.00587309907201
get signal data Ar40 H1
Get data signal Ar40 265.390+/-0.032 len t=120
adding isotope Ar39 AX
add baseline dbdet= Ar39. original det= AX
get baseline data Ar39 AX
Get data baseline <pychron.processing.isotope.Baseline object at 0x13bf3b190> len t=60
baseline Ar39. v=-0.0612955619793, e=0.00662257491562
get signal data Ar39 AX
Get data signal Ar39 49.734+/-0.018 len t=120
adding isotope Ar38 L1
add baseline dbdet= Ar38. original det= L1
get baseline data Ar38 L1
Get data baseline <pychron.processing.isotope.Baseline object at 0x13bf3b350> len t=60
baseline Ar38. v=-0.0238038455806, e=0.00274002284591
get signal data Ar38 L1
Get data signal Ar38 0.687+/-0.005 len t=120
adding isotope Ar37 L2
add baseline dbdet= Ar37. original det= L2
get baseline data Ar37 L2
Get data baseline <pychron.processing.isotope.Baseline object at 0x13bf3b510> len t=60
baseline Ar37. v=-0.0253023712846, e=0.00534627462057
get signal data Ar37 L2
Get data signal Ar37 3.084+/-0.012 len t=120
adding isotope Ar36 CDD
add baseline dbdet= Ar36. original det= CDD
get baseline data Ar36 CDD
Get data baseline <pychron.processing.isotope.Baseline object at 0x13bf3b6d0> len t=60
baseline Ar36. v=8.43570664422e-05, e=1.08292829713e-05
get signal data Ar36 CDD
Get data signal Ar36 0.1246+/-0.0008 len t=120
65571-04A added analysis time 0.576987028122s
analysis added to mass spec database
mass spec save time= 0.595
persistence save - dvc
================= post measurement started
create new session 4984345712
close session 4984345712
---------------- Experiment Queue saving disabled
DVC saving peakcenter
Failed to find a valid peak. No peak greater than 1.0. max = 0.12048167385
Smart pull ahead: 0 behind: 0
Up-to-date with origin
add to repo msg=modified - ad8224ebc6dbfeb9f5997218dfa5fe690569839d.json
Get Checksum: -1965264452
add to repo msg=modified - 71-04A.json
add to repo msg=modified - 71-04A.dat.json
add to repo msg=modified - 71-04A.blan.json
add to repo msg=modified - 71-04A.inte.json
add to repo msg=modified - 71-04A.icfa.json
add to repo msg=modified - 71-04A.base.json
not at valid file /Users/jan/PychronDev/data/.dvc/repositories/Load1783/655/tags/71-04A.tags.json
add to repo msg=modified - 71-04A.peak.json
add to repo msg=modified - 71-04A.extr.json
not at valid file /Users/jan/PychronDev/data/.dvc/repositories/Load1783/655/monitor/71-04A.moni.json
commit message=<COLLECTION>
add to repo msg=modified - 71-04A.inte.json
Get Checksum: -1965264452
add to repo msg=modified - 71-04A.base.json
commit message=<ISOEVO> default collection fits
add to repo msg=modified - 71-04A.blan.json
commit message=<BLANKS> preceding bc-02-J-262
add to repo msg=modified - 71-04A.icfa.json
commit message=<ICFactor> default
push repository <pychron.git_archive.repo_manager.GitRepoManager object at 0x14da77ad0>
pushing to remote=origin, url=https://github.com
Get Checksum: -1965264452
Get Checksum: -1965264452
no changes to meta repo
create new session 4984345712
add association Load1783
get identifier "65571"
setting analysis irradiation position=<pychron.dvc.dvc_orm.IrradiationPositionTbl object at 0x15495de90>
close session 4984345712
================= post measurement finished
02:31:04 -- ******* Post Run Check *******
loading queue conditionals post_run_actions
loading system conditionals post_run_actions
loading conditionals from /Users/jan/PychronDev/setupfiles/spectrometer/default_conditionals.yaml
loading queue conditionals post_run_terminations
loading system conditionals post_run_terminations
loading conditionals from /Users/jan/PychronDev/setupfiles/spectrometer/default_conditionals.yaml
Checking default post run terminations n=1
GetDeflection CDD ===>> 50
testing CDD==2000
evaluate ot="CDD.deflection==2000" t="CDD==2000", ctx="{'CDD': 50.0}"
02:31:04 -- ******* Post Run Check Passed *******
02:31:04 -- Automated run 65571-04A success duration: 367.340 s
----------------- finish -----------------
----------------- stop -----------------
retroactive repository identifiers disabled
finish run. runs completed=46
update duration runid=65571-04A, duration=367.340160131, md5=301e91d8
loading script "jan_unknown120_60.py"
loading script "jan_pump_ms.py"
loading script "jan_co2.py"
loading script "jan_pump_extraction_line.py"
testing...
no interpolation path defined
executed 213.652928
script duration name:unknown120_60 seconds:214.0
loading script "jan_unknown120_60.py"
loading script "jan_pump_ms.py"
loading script "jan_co2.py"
loading script "jan_pump_extraction_line.py"
testing...
no interpolation path defined
executed 0
loading script "jan_unknown120_60.py"
loading script "jan_pump_ms.py"
loading script "jan_co2.py"
loading script "jan_pump_extraction_line.py"
testing...
no interpolation path defined
calculate duration
testing...
no interpolation path defined
executed 0
calculate duration
testing...
no interpolation path defined
executed 0
executed 0.0
script duration name:co2 seconds:0.0
loading script "jan_unknown120_60.py"
loading script "jan_pump_ms.py"
loading script "jan_co2.py"
loading script "jan_pump_extraction_line.py"
testing...
no interpolation path defined
calculate duration
testing...
no interpolation path defined
executed 4.0
executed 4.0
Script duration 214.0
Run total estimated duration= 215.000
unknown120_60 in script context. using previous estimated duration
script duration name:unknown120_60 seconds:214.0
pump_ms in script context. using previous estimated duration
co2 in script context. using previous estimated duration
script duration name:co2 seconds:0.0
pump_extraction_line in script context. using previous estimated duration
Script duration 214.0
Run total estimated duration= 215.000
script duration name:unknown120_60 seconds:214.0
script duration name:co2 seconds:0.0
Script duration 214.0
Run total estimated duration= 215.000
script duration name:unknown120_60 seconds:214.0
script duration name:co2 seconds:0.0
Script duration 214.0
Run total estimated duration= 215.000
script duration name:unknown120_60 seconds:214.0
script duration name:co2 seconds:0.0
Script duration 214.0
Run total estimated duration= 215.000
loading script "jan_unknown400_120.py"
loading script "jan_pump_ms.py"
loading script "jan_co2.py"
loading script "jan_pump_extraction_line.py"
testing...
no interpolation path defined
executed 556.052928
script duration name:unknown400_120 seconds:556.0
script duration name:co2 seconds:0.0
Script duration 556.0
Run total estimated duration= 557.000
script duration name:unknown120_60 seconds:214.0
script duration name:co2 seconds:0.0
Script duration 214.0
Run total estimated duration= 215.000
script duration name:unknown120_60 seconds:214.0
script duration name:co2 seconds:0.0
Script duration 214.0
Run total estimated duration= 215.000
script duration name:unknown120_60 seconds:214.0
script duration name:co2 seconds:0.0
Script duration 214.0
Run total estimated duration= 215.000
script duration name:unknown120_60 seconds:214.0
script duration name:co2 seconds:0.0
Script duration 214.0
Run total estimated duration= 215.000
script duration name:unknown120_60 seconds:214.0
script duration name:co2 seconds:0.0
Script duration 214.0
Run total estimated duration= 215.000
script duration name:unknown120_60 seconds:214.0
script duration name:co2 seconds:0.0
Script duration 214.0
Run total estimated duration= 215.000
script duration name:unknown120_60 seconds:214.0
script duration name:co2 seconds:0.0
Script duration 214.0
Run total estimated duration= 215.000
script duration name:unknown120_60 seconds:214.0
script duration name:co2 seconds:0.0
Script duration 214.0
Run total estimated duration= 215.000
script duration name:unknown120_60 seconds:214.0
script duration name:co2 seconds:0.0
Script duration 214.0
Run total estimated duration= 215.000
script duration name:unknown120_60 seconds:214.0
script duration name:co2 seconds:0.0
Script duration 214.0
Run total estimated duration= 215.000
script duration name:unknown120_60 seconds:214.0
script duration name:co2 seconds:0.0
Script duration 214.0
Run total estimated duration= 215.000
script duration name:unknown120_60 seconds:214.0
script duration name:co2 seconds:0.0
Script duration 214.0
Run total estimated duration= 215.000
script duration name:unknown120_60 seconds:214.0
script duration name:co2 seconds:0.0
Script duration 214.0
Run total estimated duration= 215.000
script duration name:unknown120_60 seconds:214.0
script duration name:co2 seconds:0.0
Script duration 214.0
Run total estimated duration= 215.000
script duration name:unknown120_60 seconds:214.0
script duration name:co2 seconds:0.0
Script duration 214.0
Run total estimated duration= 215.000
script duration name:unknown120_60 seconds:214.0
script duration name:co2 seconds:0.0
Script duration 214.0
Run total estimated duration= 215.000
script duration name:unknown120_60 seconds:214.0
script duration name:co2 seconds:0.0
Script duration 214.0
Run total estimated duration= 215.000
script duration name:unknown120_60 seconds:214.0
script duration name:co2 seconds:0.0
Script duration 214.0
Run total estimated duration= 215.000
script duration name:unknown120_60 seconds:214.0
script duration name:co2 seconds:0.0
Script duration 214.0
Run total estimated duration= 215.000
unknown400_120 in script context. using previous estimated duration
script duration name:unknown400_120 seconds:556.0
script duration name:co2 seconds:0.0
Script duration 556.0
Run total estimated duration= 557.000
script duration name:unknown400_120 seconds:556.0
loading script "jan_unknown400_120.py"
loading script "jan_pump_ms.py"
loading script "jan_cocktail_x1.py"
loading script "jan_pump_extraction_line.py"
testing...
no interpolation path defined
calculate duration
testing...
no interpolation path defined
executed 0
calculate duration
testing...
no interpolation path defined
executed 0
calculate duration
testing...
no interpolation path defined
executed 32.0
calculate duration
testing...
no interpolation path defined
executed 34.0
calculate duration
testing...
no interpolation path defined
executed 4.0
calculate duration
testing...
no interpolation path defined
executed 38.0
executed 108.0
script duration name:cocktail_x1 seconds:108.0
Script duration 664.0
Run total estimated duration= 665.000
script duration name:unknown120_60 seconds:214.0
cocktail_x1 in script context. using previous estimated duration
script duration name:cocktail_x1 seconds:108.0
Script duration 322.0
Run total estimated duration= 323.000
loading script "jan_ic_peak_hop3.py"
loading script "jan_pump_ms.py"
loading script "jan_air_x1.py"
loading script "jan_pump_extraction_line.py"
testing...
no interpolation path defined
executed 133.8
script duration name:ic_peak_hop3 seconds:134.0
loading script "jan_ic_peak_hop3.py"
loading script "jan_pump_ms.py"
loading script "jan_air_x1.py"
loading script "jan_pump_extraction_line.py"
testing...
no interpolation path defined
calculate duration
testing...
no interpolation path defined
executed 0
calculate duration
testing...
no interpolation path defined
executed 0
calculate duration
testing...
no interpolation path defined
executed 32.0
calculate duration
testing...
no interpolation path defined
executed 34.0
calculate duration
testing...
no interpolation path defined
executed 4.0
calculate duration
testing...
no interpolation path defined
executed 36.0
executed 106.0
script duration name:air_x1 seconds:106.0
Script duration 240.0
Run total estimated duration= 241.000
script duration name:unknown120_60 seconds:214.0
script duration name:co2 seconds:0.0
Script duration 214.0
Run total estimated duration= 215.000
script duration name:unknown120_60 seconds:214.0
script duration name:co2 seconds:0.0
Script duration 214.0
Run total estimated duration= 215.000
script duration name:unknown120_60 seconds:214.0
script duration name:co2 seconds:0.0
Script duration 214.0
Run total estimated duration= 215.000
script duration name:unknown400_120 seconds:556.0
loading script "jan_unknown400_120.py"
loading script "jan_pump_ms.py"
loading script "jan_sniffair_x2.py"
loading script "jan_pump_extraction_line.py"
testing...
no interpolation path defined
calculate duration
testing...
no interpolation path defined
executed 0
calculate duration
testing...
no interpolation path defined
executed 0
calculate duration
testing...
no interpolation path defined
executed 32.0
calculate duration
testing...
no interpolation path defined
executed 34.0
calculate duration
testing...
no interpolation path defined
executed 4.0
calculate duration
testing...
no interpolation path defined
executed 36.0
calculate duration
testing...
no interpolation path defined
executed 34.0
calculate duration
testing...
no interpolation path defined
executed 4.0
calculate duration
testing...
no interpolation path defined
executed 36.0
calculate duration
testing...
no interpolation path defined
executed 70.0
executed 250.0
script duration name:sniffair_x2 seconds:250.0
Script duration 806.0
Run total estimated duration= 807.000
script duration name:unknown400_120 seconds:556.0
sniffair_x2 in script context. using previous estimated duration
script duration name:sniffair_x2 seconds:250.0
Script duration 806.0
Run total estimated duration= 807.000
script duration name:unknown120_60 seconds:214.0
script duration name:co2 seconds:0.0
Script duration 214.0
Run total estimated duration= 215.000
script duration name:unknown120_60 seconds:214.0
script duration name:co2 seconds:0.0
Script duration 214.0
Run total estimated duration= 215.000
script duration name:unknown120_60 seconds:214.0
script duration name:co2 seconds:0.0
Script duration 214.0
Run total estimated duration= 215.000
script duration name:unknown120_60 seconds:214.0
script duration name:co2 seconds:0.0
Script duration 214.0
Run total estimated duration= 215.000
script duration name:unknown120_60 seconds:214.0
script duration name:co2 seconds:0.0
Script duration 214.0
Run total estimated duration= 215.000
script duration name:unknown120_60 seconds:214.0
script duration name:co2 seconds:0.0
Script duration 214.0
Run total estimated duration= 215.000
script duration name:unknown120_60 seconds:214.0
script duration name:co2 seconds:0.0
Script duration 214.0
Run total estimated duration= 215.000
script duration name:unknown120_60 seconds:214.0
script duration name:co2 seconds:0.0
Script duration 214.0
Run total estimated duration= 215.000
script duration name:unknown120_60 seconds:214.0
script duration name:co2 seconds:0.0
Script duration 214.0
Run total estimated duration= 215.000
script duration name:unknown120_60 seconds:214.0
script duration name:co2 seconds:0.0
Script duration 214.0
Run total estimated duration= 215.000
script duration name:unknown120_60 seconds:214.0
script duration name:co2 seconds:0.0
Script duration 214.0
Run total estimated duration= 215.000
script duration name:unknown120_60 seconds:214.0
script duration name:co2 seconds:0.0
Script duration 214.0
Run total estimated duration= 215.000
script duration name:unknown120_60 seconds:214.0
script duration name:co2 seconds:0.0
Script duration 214.0
Run total estimated duration= 215.000
script duration name:unknown120_60 seconds:214.0
script duration name:co2 seconds:0.0
Script duration 214.0
Run total estimated duration= 215.000
script duration name:unknown120_60 seconds:214.0
script duration name:co2 seconds:0.0
Script duration 214.0
Run total estimated duration= 215.000
script duration name:unknown120_60 seconds:214.0
script duration name:co2 seconds:0.0
Script duration 214.0
Run total estimated duration= 215.000
script duration name:unknown120_60 seconds:214.0
script duration name:co2 seconds:0.0
Script duration 214.0
Run total estimated duration= 215.000
script duration name:unknown120_60 seconds:214.0
script duration name:co2 seconds:0.0
Script duration 214.0
Run total estimated duration= 215.000
script duration name:unknown400_120 seconds:556.0
script duration name:co2 seconds:0.0
Script duration 556.0
Run total estimated duration= 557.000
script duration name:unknown400_120 seconds:556.0
script duration name:cocktail_x1 seconds:108.0
Script duration 664.0
Run total estimated duration= 665.000
script duration name:unknown120_60 seconds:214.0
script duration name:cocktail_x1 seconds:108.0
Script duration 322.0
Run total estimated duration= 323.000
script duration name:unknown400_120 seconds:556.0
script duration name:sniffair_x2 seconds:250.0
Script duration 806.0
Run total estimated duration= 807.000
script duration name:unknown400_120 seconds:556.0
script duration name:sniffair_x2 seconds:250.0
Script duration 806.0
Run total estimated duration= 807.000
ic_peak_hop3 in script context. using previous estimated duration
script duration name:ic_peak_hop3 seconds:134.0
air_x1 in script context. using previous estimated duration
script duration name:air_x1 seconds:106.0
Script duration 240.0
Run total estimated duration= 241.000
script duration name:unknown120_60 seconds:214.0
script duration name:co2 seconds:0.0
Script duration 214.0
Run total estimated duration= 215.000
script duration name:unknown120_60 seconds:214.0
script duration name:co2 seconds:0.0
Script duration 214.0
Run total estimated duration= 215.000
script duration name:unknown120_60 seconds:214.0
script duration name:co2 seconds:0.0
Script duration 214.0
Run total estimated duration= 215.000
script duration name:unknown120_60 seconds:214.0
script duration name:co2 seconds:0.0
Script duration 214.0
Run total estimated duration= 215.000
script duration name:unknown120_60 seconds:214.0
script duration name:co2 seconds:0.0
Script duration 214.0
Run total estimated duration= 215.000
script duration name:unknown120_60 seconds:214.0
script duration name:co2 seconds:0.0
Script duration 214.0
Run total estimated duration= 215.000
script duration name:unknown120_60 seconds:214.0
script duration name:co2 seconds:0.0
Script duration 214.0
Run total estimated duration= 215.000
script duration name:unknown120_60 seconds:214.0
script duration name:co2 seconds:0.0
Script duration 214.0
Run total estimated duration= 215.000
script duration name:unknown120_60 seconds:214.0
script duration name:co2 seconds:0.0
Script duration 214.0
Run total estimated duration= 215.000
script duration name:unknown120_60 seconds:214.0
script duration name:co2 seconds:0.0
Script duration 214.0
Run total estimated duration= 215.000
script duration name:unknown120_60 seconds:214.0
script duration name:co2 seconds:0.0
Script duration 214.0
Run total estimated duration= 215.000
script duration name:unknown120_60 seconds:214.0
script duration name:co2 seconds:0.0
Script duration 214.0
Run total estimated duration= 215.000
script duration name:unknown120_60 seconds:214.0
script duration name:co2 seconds:0.0
Script duration 214.0
Run total estimated duration= 215.000
script duration name:unknown120_60 seconds:214.0
script duration name:co2 seconds:0.0
Script duration 214.0
Run total estimated duration= 215.000
script duration name:unknown120_60 seconds:214.0
script duration name:co2 seconds:0.0
Script duration 214.0
Run total estimated duration= 215.000
script duration name:unknown400_120 seconds:556.0
script duration name:co2 seconds:0.0
Script duration 556.0
Run total estimated duration= 557.000
script duration name:unknown400_120 seconds:556.0
script duration name:cocktail_x1 seconds:108.0
Script duration 664.0
Run total estimated duration= 665.000
script duration name:unknown120_60 seconds:214.0
script duration name:cocktail_x1 seconds:108.0
Script duration 322.0
Run total estimated duration= 323.000
script duration name:ic_peak_hop3 seconds:134.0
script duration name:air_x1 seconds:106.0
Script duration 240.0
Run total estimated duration= 241.000
script duration name:unknown120_60 seconds:214.0
script duration name:co2 seconds:0.0
Script duration 214.0
Run total estimated duration= 215.000
script duration name:unknown120_60 seconds:214.0
script duration name:co2 seconds:0.0
Script duration 214.0
Run total estimated duration= 215.000
script duration name:unknown120_60 seconds:214.0
script duration name:co2 seconds:0.0
Script duration 214.0
Run total estimated duration= 215.000
script duration name:unknown120_60 seconds:214.0
script duration name:co2 seconds:0.0
Script duration 214.0
Run total estimated duration= 215.000
script duration name:unknown120_60 seconds:214.0
script duration name:co2 seconds:0.0
Script duration 214.0
Run total estimated duration= 215.000
script duration name:unknown120_60 seconds:214.0
script duration name:co2 seconds:0.0
Script duration 214.0
Run total estimated duration= 215.000
script duration name:unknown120_60 seconds:214.0
script duration name:co2 seconds:0.0
Script duration 214.0
Run total estimated duration= 215.000
script duration name:unknown120_60 seconds:214.0
script duration name:co2 seconds:0.0
Script duration 214.0
Run total estimated duration= 215.000
script duration name:unknown120_60 seconds:214.0
script duration name:co2 seconds:0.0
Script duration 214.0
Run total estimated duration= 215.000
script duration name:unknown120_60 seconds:214.0
script duration name:co2 seconds:0.0
Script duration 214.0
Run total estimated duration= 215.000
script duration name:unknown400_120 seconds:556.0
script duration name:sniffair_x2 seconds:250.0
Script duration 806.0
Run total estimated duration= 807.000
script duration name:unknown400_120 seconds:556.0
script duration name:sniffair_x2 seconds:250.0
Script duration 806.0
Run total estimated duration= 807.000
script duration name:unknown400_120 seconds:556.0
script duration name:co2 seconds:0.0
Script duration 556.0
Run total estimated duration= 557.000
nruns=90 before=5.0, run_dur=26364.0, btw=4005.0
write rem/ex queues
/Users/jan/PychronDev/experiments/rem/CurrentExperiment.rem.txt
/Users/jan/PychronDev/experiments/rem/CurrentExperiment.ex.txt
doing event level: 3
