do run
loading script "jan_unknown120_60.py"
loading script "jan_pump_ms.py"
loading script "jan_co2.py"
loading script "jan_pump_extraction_line.py"
testing...
no interpolation path defined
executed 213.652928
script duration name:unknown120_60 seconds:214.0
loading script "jan_unknown120_60.py"
loading script "jan_pump_ms.py"
loading script "jan_co2.py"
loading script "jan_pump_extraction_line.py"
testing...
no interpolation path defined
executed 0
loading script "jan_unknown120_60.py"
loading script "jan_pump_ms.py"
loading script "jan_co2.py"
loading script "jan_pump_extraction_line.py"
testing...
no interpolation path defined
calculate duration
testing...
no interpolation path defined
executed 0
calculate duration
testing...
no interpolation path defined
executed 0
executed 0.0
script duration name:co2 seconds:0.0
loading script "jan_unknown120_60.py"
loading script "jan_pump_ms.py"
loading script "jan_co2.py"
loading script "jan_pump_extraction_line.py"
testing...
no interpolation path defined
calculate duration
testing...
no interpolation path defined
executed 4.0
executed 4.0
Script duration 214.0
Run total estimated duration= 215.000
run duration: 0:03:35
doing event level: 2
01:43:25 -- Setting default integration. t=1.048576
setting integration time = 1.048576
SetIntegrationTime 1.048576 ===>> OK
----------------- start -----------------
**************** Experiment Type: Ar/Ar, Ar/Ar
create new session 5004766384
close session 5004766384
$$$$$ Clearing conditionals
adding conditionals 
Add queue conditionals
add default conditionals
adding default conditionals from /Users/jan/PychronDev/setupfiles/spectrometer/default_conditionals.yaml
Start automated run 65571-02A
loading script "jan_unknown120_60.py"
loading script "jan_pump_ms.py"
loading script "jan_co2.py"
loading script "jan_pump_extraction_line.py"
%%%%%%%%%%%%%%%%%% setting automated run 65571-02A
No value "sensitivity_multiplier" in metadata
$$$$$$$$$$$$$$$ auto_save_detector_ic=False
============================= Pre Extraction Check =============================
loading queue conditionals pre_run_terminations
loading system conditionals pre_run_terminations
loading conditionals from /Users/jan/PychronDev/setupfiles/spectrometer/default_conditionals.yaml
01:43:25 -- ******* Pre Extraction Check *******
Get a measurement from the spectrometer
GetData ===>> H2,-0.150779316000197,H1,0.0913133290558089,AX,-0.0706806807642508,L1,0.0147072189453586,L2,0.091...
Pre Extraction Termination data. keys=H2,H1,AX,L1,L2,CDD, signals=-0.15078,0.09131,-0.07068,0.01471,0.09125,0.00298
01:43:25 -- testing system defined conditionals
Checking default pre extraction terminations n=2
testing CDD
evaluate ot="CDD.inactive" t="CDD", ctx="{'CDD': False}"
GetDeflection CDD ===>> 50
testing CDD==2000
evaluate ot="CDD.deflection==2000" t="CDD==2000", ctx="{'CDD': 50.0}"
01:43:25 -- ******* Pre Extraction Check Passed *******
=================================================================================
01:43:25 -- stopping status monitor
stop 4976489392
Alive clients [4984697584]
01:43:25 -- starting status monitor
start 4976489392
Monitor already running
start extraction
do extraction
Analysis started at 01:43:25.534127
Extraction Started jan_co2.py
01:43:25 -- ******* Extraction Started jan_co2.py *******
state changed from not run to extraction
DO EXTRACTION <pychron.extraction_line.pyscript_runner.RemotePyScriptRunner object at 0x12988f3b0>
testing...
no interpolation path defined
calculate duration
testing...
no interpolation path defined
executed 0
calculate duration
testing...
no interpolation path defined
executed 0
executed 100.0
Jan CO2 laser analysis
doing GOSUB
testing...
no interpolation path defined
executed 0
Waiting for CO2 access
wait ('FelixCO2Flag', 0) {}
waiting for FelixCO2Flag = 0
Read FelixCO2Flag ===>> 0
finished waiting
CO2 free
wait ('CO2PumpTimeFlag', 0) {}
waiting for CO2PumpTimeFlag = 0
Read CO2PumpTimeFlag ===>> 0
finished waiting
acquire ('JanCO2Flag',) {'clear': True}
acquire JanCO2Flag
Set JanCO2Flag 1 ===>> OK
JanCO2Flag acquired
set extraction state False (0.75, 'red', 1.5)
CO2 acquired
executed 0
WaitForCO2Access.py completed successfully
gosub finished
doing GOSUB
testing...
no interpolation path defined
executed 0
Prepare for CO2 analysis
close () {'description': 'Jan Inlet'}
closing name=--- desc=Jan Inlet
checking ownership. requestor=129.138.12.150
check software interlocks R
interlocks []
actuate state mode=None-script, software_lock=False
doing actuation None-script close_channel False
Close R ===>> OK
Get Checksum: 2035439760
GetIndicatorState R ===>> False
change switch state (True, True)
update switch state R False args=() kw={} ncanvase=2
01:43:25 -- CLOSE  VALVE-R (Jan Inlet)
---------------------------------------- close None (Jan Inlet) result=[(True, True)]
action=close, ok=True, locked=[False]
open () {'description': 'Jan Ion Pump'}
opening name=--- desc=Jan Ion Pump
checking ownership. requestor=129.138.12.150
check software interlocks O
interlocks []
actuate state mode=None-script, software_lock=False
doing actuation None-script open_channel False
Open O ===>> OK
GetIndicatorState O ===>> OK
change switch state (True, True)
update switch state O True args=() kw={} ncanvase=2
01:43:26 -- OPEN   VALVE-O (Jan Ion Pump)
---------------------------------------- open None (Jan Ion Pump) result=[(True, True)], time=0.10 sec
action=open, ok=True, locked=[False]
close () {'description': 'Microbone to Minibone'}
closing name=--- desc=Microbone to Minibone
checking ownership. requestor=129.138.12.150
check software interlocks L
interlocks []
actuate state mode=None-script, software_lock=False
doing actuation None-script close_channel False
Close L ===>> OK
GetIndicatorState L ===>> False
change switch state (True, True)
update switch state L False args=() kw={} ncanvase=2
01:43:27 -- CLOSE  VALVE-L (Microbone to Minibone)
---------------------------------------- close None (Microbone to Minibone) result=[(True, True)]
action=close, ok=True, locked=[False]
open () {'description': 'Microbone to Turbo'}
opening name=--- desc=Microbone to Turbo
checking ownership. requestor=129.138.12.150
check software interlocks U
interlocks []
actuate state mode=None-script, software_lock=False
doing actuation None-script open_channel False
Open U ===>> OK
GetIndicatorState U ===>> OK
change switch state (True, True)
update switch state U True args=() kw={} ncanvase=2
01:43:27 -- OPEN   VALVE-U (Microbone to Turbo)
---------------------------------------- open None (Microbone to Turbo) result=[(True, True)], time=0.13 sec
action=open, ok=True, locked=[False]
open () {'description': 'Microbone to Inlet Pipette'}
opening name=--- desc=Microbone to Inlet Pipette
checking ownership. requestor=129.138.12.150
check software interlocks S
interlocks []
actuate state mode=None-script, software_lock=False
doing actuation None-script open_channel False
Open S ===>> OK
GetIndicatorState S ===>> OK
change switch state (True, True)
update switch state S True args=() kw={} ncanvase=2
01:43:28 -- OPEN   VALVE-S (Microbone to Inlet Pipette)
---------------------------------------- open None (Microbone to Inlet Pipette) result=[(True, True)], time=0.41 sec
action=open, ok=True, locked=[False]
open () {'description': 'Microbone to Getter D-50'}
opening name=--- desc=Microbone to Getter D-50
checking ownership. requestor=129.138.12.150
check software interlocks K
interlocks []
actuate state mode=None-script, software_lock=False
doing actuation None-script open_channel False
Open K ===>> OK
GetIndicatorState K ===>> OK
change switch state (True, True)
update switch state K True args=() kw={} ncanvase=2
01:43:28 -- OPEN   VALVE-K (Microbone to Getter D-50)
---------------------------------------- open None (Microbone to Getter D-50) result=[(True, True)], time=0.41 sec
action=open, ok=True, locked=[False]
open () {'description': 'Microbone to Getter NP-10'}
opening name=--- desc=Microbone to Getter NP-10
checking ownership. requestor=129.138.12.150
check software interlocks M
interlocks []
actuate state mode=None-script, software_lock=False
doing actuation None-script open_channel False
Open M ===>> OK
Get Checksum: 2035439760
GetIndicatorState M ===>> OK
change switch state (True, True)
update switch state M True args=() kw={} ncanvase=2
01:43:29 -- OPEN   VALVE-M (Microbone to Getter NP-10)
---------------------------------------- open None (Microbone to Getter NP-10) result=[(True, True)], time=0.15 sec
action=open, ok=True, locked=[False]
close () {'description': 'CO2 Laser to Felix'}
closing name=--- desc=CO2 Laser to Felix
checking ownership. requestor=129.138.12.150
check software interlocks F
interlocks []
actuate state mode=None-script, software_lock=True
VALVE-F(CO2 Laser to Felix) software locked
change switch state (True, False)
---------------------------------------- close None (CO2 Laser to Felix) result=[(True, False)]
action=close, ok=True, locked=[True]
open () {'description': 'CO2 Laser to Jan'}
opening name=--- desc=CO2 Laser to Jan
checking ownership. requestor=129.138.12.150
check software interlocks A
interlocks []
actuate state mode=None-script, software_lock=False
doing actuation None-script open_channel False
Open A ===>> OK
GetIndicatorState A ===>> OK
change switch state (True, True)
update switch state A True args=() kw={} ncanvase=2
01:43:29 -- OPEN   VALVE-A (CO2 Laser to Jan)
---------------------------------------- open None (CO2 Laser to Jan) result=[(True, True)], time=0.12 sec
action=open, ok=True, locked=[False]
open () {'description': 'Microbone to CO2 Laser'}
opening name=--- desc=Microbone to CO2 Laser
checking ownership. requestor=129.138.12.150
check software interlocks T
interlocks []
actuate state mode=None-script, software_lock=False
doing actuation None-script open_channel False
Open T ===>> OK
GetIndicatorState T ===>> OK
change switch state (True, True)
update switch state T True args=() kw={} ncanvase=2
01:43:30 -- OPEN   VALVE-T (Microbone to CO2 Laser)
---------------------------------------- open None (Microbone to CO2 Laser) result=[(True, True)], time=0.42 sec
action=open, ok=True, locked=[False]
executed 0
PrepareForCO2Analysis.py completed successfully
gosub finished
set_motor ('beam', '1.25') {}
setting motor "beam" to 1.25
set motor beam to 1.25
SetMotor beam,1.25 ===>> OK
GetMotorMoving beam ===>> False
GetMotorMoving beam ===>> False
Block completed
move_to_position ('185',) {'autocenter': True}
FusionsCO2 move to position 185
sending GoToHole 185,True
GoToHole 185,True ===>> OK
Get Checksum: 2035439760
GetDriveMoving ===>> OK
GetDriveMoving ===>> OK
GetDriveMoving ===>> OK
GetDriveMoving ===>> OK
GetDriveMoving ===>> OK
GetDriveMoving ===>> OK
GetDriveMoving ===>> False
GetDriveMoving ===>> OK
GetDriveMoving ===>> OK
GetDriveMoving ===>> OK
GetDriveMoving ===>> OK
GetDriveMoving ===>> OK
Get Checksum: 2035439760
GetDriveMoving ===>> OK
GetDriveMoving ===>> OK
GetDriveMoving ===>> OK
GetDriveMoving ===>> OK
GetDriveMoving ===>> OK
GetDriveMoving ===>> OK
GetDriveMoving ===>> OK
GetDriveMoving ===>> OK
GetDriveMoving ===>> OK
GetDriveMoving ===>> OK
GetDriveMoving ===>> OK
GetDriveMoving ===>> OK
Get Checksum: 2035439760
GetDriveMoving ===>> OK
GetDriveMoving ===>> OK
GetDriveMoving ===>> False
Block completed
GetAutoCorrecting ===>> False
GetAutoCorrecting ===>> False
Block completed
update position
GetPosition ===>> -9.96950,-9.96950,1.00000
got position (-9.9695, -9.9695, 1.0)
move to position succeeded
sleep (5,) {}
SLEEP 5.0
block started
WaitControl setup for 5.0  
Get Checksum: 2035439760
Get Checksum: 2035439760
Join finished
block finished. duration 5.01984596252
close () {'description': 'Microbone to Turbo'}
closing name=--- desc=Microbone to Turbo
checking ownership. requestor=129.138.12.150
check software interlocks U
interlocks []
actuate state mode=None-script, software_lock=False
doing actuation None-script close_channel True
Close U ===>> OK
GetIndicatorState U ===>> False
change switch state (True, True)
update switch state U False args=() kw={} ncanvase=2
01:43:45 -- CLOSE  VALVE-U (Microbone to Turbo)
---------------------------------------- close None (Microbone to Turbo) result=[(True, True)]
action=close, ok=True, locked=[False]
enable laser
enable () {}
set extraction state FusionsCO2 Enabled (False, 'red', 1.5)
enabling laser
Enable ===>> OK
begin interval
BEGIN INTERVAL Interval 1 waiting for 30.0
block started
set extract to 0.3
WaitControl setup for 30.0  
extract (0.3,) {}
GetPosition ===>> -9.96950,-9.96950,1.00000
set extraction state FusionsCO2 ON! 0.3(watts) (0.75, 'red', 1.5)
extract sample to 0.3 (watts)
set laser output
SetLaserOutput 0.3,watts ===>> OK
executing pattern triangle.lp
execute_pattern ('triangle.lp',) {}
executing pattern triangle.lp
Get Checksum: -1640178555
IsPatterning ===>> OK
IsPatterning ===>> OK
IsPatterning ===>> OK
IsPatterning ===>> OK
IsPatterning ===>> OK
Get Checksum: -1640178555
IsPatterning ===>> OK
IsPatterning ===>> OK
IsPatterning ===>> OK
Get Checksum: -1640178555
IsPatterning ===>> OK
IsPatterning ===>> OK
IsPatterning ===>> OK
Get Checksum: -1640178555
IsPatterning ===>> OK
IsPatterning ===>> OK
IsPatterning ===>> OK
Get Checksum: -1640178555
IsPatterning ===>> OK
IsPatterning ===>> OK
IsPatterning ===>> OK
Get Checksum: -1640178555
IsPatterning ===>> OK
IsPatterning ===>> OK
IsPatterning ===>> OK
Get Checksum: -1640178555
IsPatterning ===>> OK
IsPatterning ===>> OK
IsPatterning ===>> OK
Get Checksum: -1640178555
IsPatterning ===>> OK
IsPatterning ===>> OK
IsPatterning ===>> OK
Get Checksum: -1640178555
IsPatterning ===>> OK
IsPatterning ===>> OK
IsPatterning ===>> False
Join finished
block finished. duration 30.083796978
Interval 1 finished
Get Checksum: -1640178555
IsPatterning ===>> False
Block completed
COMPLETE INTERVAL waiting for Interval 1 to complete
end_extract () {}
ending extraction. set laser power to 0
set laser power 0
SetLaserPower 0 ===>> OK
disable () {}
%%%%%%%%%%%%%%%%%%%%%%%%%%%%%%%%%%% disable
set extraction state False (0.75, 'red', 1.5)
disabling laser
Disable ===>> OK
sleep (30.0,) {}
SLEEP 30.0
block started
WaitControl setup for 30.0  
Get Checksum: -1640178555
Get Checksum: -1640178555
Get Checksum: -1640178555
Get Checksum: -1640178555
Get Checksum: -1640178555
Get Checksum: -1640178555
set states for children of V. state=True
handle state [('V', True)]
update switch state V True args=() kw={'refresh': False} ncanvase=2
refresh_canvas_needed fired
Get Checksum: 1551197106
Get Checksum: 1551197106
Get Checksum: 1551197106
Get Checksum: 1551197106
Join finished
block finished. duration 30.0696201324
executed 165.0
jan_co2.py completed successfully
GetAchievedOutput ===>> No Response
Requested Output= 0.000
Achieved Output=  0.000
GetResponseBlob ===>> No Response
GetOutputBlob ===>> No Response
persistence save...
persistence save - db
AutomatedRunPersister post_extraction_save deprecated
persistence save - dvc
no extraction position for 185
create new session 4984345712
close session 4984345712
Extraction Finished
01:44:46 -- ******* Extraction Finished *******
no overlap. not waiting for min ms pumptime
01:44:46 -- Sending spectrometer configuration
======== Sending configuration ========
SetDeflection CDD,50.0 ===>> OK
SetDeflection H2,0.0 ===>> OK
SetDeflection H1,0.0 ===>> OK
SetDeflection L2,825.0 ===>> OK
SetDeflection L1,400.0 ===>> OK
SetDeflection AX,190.0 ===>> OK
SetZFocus 74.64 ===>> OK
SetZSymmetry -50.72 ===>> OK
SetExtractionLens 26.13 ===>> OK
SetIonRepeller -3.81 ===>> OK
SetElectronEnergy 75.08 ===>> OK
SetYSymmetry -2.81 ===>> OK
SetIonCounterVoltage 1590.0 ===>> OK
send trap current 200.0
GetParameter Trap Current Readback ===>> 198.258926936459
SetParameter Trap Current Set,200.0 ===>> OK
updating mftable name mftable
Using mftable located at /Users/jan/PychronDev/setupfiles/spectrometer/mftables/mftable.csv
============ MFtable ===========
Isotope  H2     H1     AX     L1     L2     CDD    
Ar40     5.7806 5.8790 5.9924 6.1206 6.2308 6.3488
Ar39     5.6799 5.7713 5.8848 6.0066 6.1160 6.2353
Ar36     5.3574 5.4403 5.5482 5.6655 5.7709 5.8864
================================
get initial guess parabolic
get initial guess parabolic
get initial guess parabolic
get initial guess parabolic
get initial guess parabolic
get initial guess parabolic
======== Configuration Finished ========
GetYSymmetry ===>> -2.81
GetZSymmetry ===>> -50.72
GetParameter Trap Current Readback ===>> 198.147042666178
GetHighVoltage ===>> 4500
start measurement
do measurement
L#=65571 analysis type=unknown
Measurement Started jan_unknown120_60.py
01:44:46 -- ******* Measurement Started jan_unknown120_60.py *******
state changed from extraction to measurement
setting spec, defl, and gains
GetExtractionLens ===>> 26.13
GetYSymmetry ===>> -2.81
GetZSymmetry ===>> -50.72
GetZFocus ===>> 74.64
GetDeflection H2 ===>> 0
GetDeflection H1 ===>> 0
GetDeflection AX ===>> 190
GetDeflection L1 ===>> 400
GetDeflection L2 ===>> 825
GetDeflection CDD ===>> 50
GetGain H2 ===>> 0.0113
GetGain H1 ===>> 0.1
GetGain AX ===>> 0.097049
GetGain L1 ===>> 0.010355
GetGain L2 ===>> 0.095649
GetGain CDD ===>> 0
pre measurement save
New frame /Users/jan/PychronDev/data/isotopes/93/a0f52d-3c3c-49e6-a36d-211ebd63ed6f.h5
flush and close file /Users/jan/PychronDev/data/isotopes/93/a0f52d-3c3c-49e6-a36d-211ebd63ed6f.h5
testing...
no interpolation path defined
executed 226.132928
unknown measurement script
activate_detectors ('H2', 'H1', 'AX', 'L1', 'L2', 'CDD') {}
activate detectors
*************** Set Analysis View Ar/Ar
create graphs
clearing graphs
clear isotope group
setting isotope det=H2, iso=PM41
setting isotope det=H1, iso=Ar40
setting isotope det=AX, iso=Ar39
setting isotope det=L1, iso=Ar38
setting isotope det=L2, iso=Ar37
setting isotope det=CDD, iso=Ar36
setting previous blanks
 - setting Ar40 blank 0.240+/-0.007
 - setting Ar36 blank 0.00461+/-0.00018
 - setting Ar37 blank 0.049+/-0.005
 - setting Ar38 blank 0.0100+/-0.0021
 - setting PM41 blank 0.03+/-0.07
 - setting Ar39 blank 0.028+/-0.009
load analysis view
position_magnet ('Ar40',) {'detector': 'H1'}
detector Detector(H1)
POSITION Ar40 H1
setting detector H2 to PM41 (40.9624)
setting detector H1 to Ar40 (39.9624)
setting detector AX to Ar39 (38.9624)
setting detector L1 to Ar38 (37.9624)
setting detector L2 to Ar37 (36.9624)
setting detector CDD to Ar36 (35.9624)
Mapping mass to dac mass func: "parabolic"
H1 map mass coeffs = [-0.00063987  0.15840543  0.57061999]
H1 map mass to dac 39.9624 >> 5.87901
GetDeflection H1 ===>> 0
GetHighVoltage ===>> 4500
positioning Ar40 (5.87901) on H1
setting magnet DAC
current  : 5.879006
requested: 5.879010
Delta Dac: 0.000004
Checking detector protection. dv=0.00000
Checking detector "CDD". Protection Threshold: 0.1 (V)
SetMagnetDAC 5.87901 ===>> OK
Magnet settling time: 0.500
equilibrate () {'delay': 3, 'inlet': 'R', 'outlet': 'O', 'eqtime': 12.0}
Equilibration Started
01:44:48 -- ******* Equilibration Started *******
checking ownership. requestor=129.138.12.150
check software interlocks O
interlocks []
actuate state mode=None-script, software_lock=False
doing actuation None-script close_channel True
Close O ===>> OK
GetIndicatorState O ===>> False
change switch state (True, True)
update switch state O False args=() kw={} ncanvase=2
01:44:48 -- CLOSE  VALVE-O (Jan Ion Pump)
waiting 3s before opening inlet value ('R',)
Get Checksum: -598318598
checking ownership. requestor=129.138.12.150
check software interlocks R
interlocks []
actuate state mode=None-script, software_lock=False
doing actuation None-script open_channel True
Open R ===>> OK
set states for children of R. state=True
handle state [('R', True)]
update switch state R True args=() kw={'refresh': False} ncanvase=2
refresh_canvas_needed fired
GetIndicatorState R ===>> OK
change switch state (True, True)
update switch state R True args=() kw={} ncanvase=2
01:44:52 -- OPEN   VALVE-R (Jan Inlet)
equilibrating for 12.0sec
set_time_zero () {}
sniff (12.0,) {}
py_sniff
build tables- sniff [Detector(H2), Detector(H1), Detector(AX), Detector(L1), Detector(L2), Detector(CDD)]
add group /sniff/PM41 (Group) '' table H2
add group /sniff/Ar40 (Group) '' table H1
add group /sniff/Ar39 (Group) '' table AX
add group /sniff/Ar38 (Group) '' table L1
add group /sniff/Ar37 (Group) '' table L2
add group /sniff/Ar36 (Group) '' table CDD
flush and close file /Users/jan/PychronDev/data/isotopes/93/a0f52d-3c3c-49e6-a36d-211ebd63ed6f.h5
measuring sniff. ncounts=12.0
starting measurement
GetData ===>> H2,-0.195989642812634,H1,-0.00381965970579474,AX,-0.054299299667218,L1,0.0124656936198519,L2,-0.0...
Get Checksum: -1449001502
GetData ===>> H2,0.377635190421188,H1,29.1889313881832,AX,7.26137444926037,L1,0.0715630034109588,L2,0.330438262...
GetData ===>> H2,0.838523705900001,H1,105.420871636732,AX,23.8614158217441,L1,0.341195319545845,L2,0.3584897257...
GetData ===>> H2,0.379234863481479,H1,134.004949564817,AX,28.5123526681422,L1,0.408197686567502,L2,0.1771829282...
Get Checksum: -1449001502
GetData ===>> H2,0.0818662056575978,H1,143.374471005899,AX,29.995551925375,L1,0.406697050117728,L2,0.1437636482...
GetData ===>> H2,-0.0178758672890152,H1,146.977165808912,AX,30.5084382822513,L1,0.40287667994214,L2,0.235198207...
GetData ===>> H2,-0.0635619010593052,H1,148.609489754079,AX,30.5962153348516,L1,0.380344375945627,L2,0.13673909...
Get Checksum: -1449001502
GetData ===>> H2,-0.10375350620057,H1,148.948940519005,AX,30.9490748084254,L1,0.395187835906594,L2,0.2021580537...
GetData ===>> H2,-0.132008783648753,H1,149.043978886419,AX,30.7884091518971,L1,0.418368865358093,L2,0.212610976...
Get Checksum: -1449001502
GetData ===>> H2,-0.113887225574772,H1,149.242816360401,AX,30.806163038275,L1,0.418410526038881,L2,0.2341822950...
GetData ===>> H2,-0.0916694672389148,H1,149.306572822182,AX,30.7818562301053,L1,0.419594250049219,L2,0.12929318...
Equilibration Finished
01:45:04 -- ******* Equilibration Finished *******
checking ownership. requestor=129.138.12.150
check software interlocks R
interlocks []
actuate state mode=None-script, software_lock=False
doing actuation None-script close_channel True
GetData ===>> H2,-0.115597872580168,H1,149.277960742238,AX,30.7155926632102,L1,0.42177698080372,L2,0.1128070476...
Close R ===>> OK
GetIndicatorState R ===>> False
change switch state (True, True)
update switch state R False args=() kw={} ncanvase=2
01:45:04 -- CLOSE  VALVE-R (Jan Inlet)
Post Equilibration Started jan_pump_extraction_line.py
01:45:04 -- ******* Post Equilibration Started jan_pump_extraction_line.py *******
testing...
no interpolation path defined
calculate duration
testing...
no interpolation path defined
executed 4.0
executed 4.0
Pump after analysis
doing GOSUB
testing...
no interpolation path defined
executed 4.0
Pump Microbone
close () {'description': 'Jan Inlet'}
closing name=--- desc=Jan Inlet
checking ownership. requestor=129.138.12.150
check software interlocks R
interlocks []
actuate state mode=None-script, software_lock=False
doing actuation None-script close_channel False
Close R ===>> OK
measurement finished
estimated time: 12.583 actual time: :12.670
flush and close file /Users/jan/PychronDev/data/isotopes/93/a0f52d-3c3c-49e6-a36d-211ebd63ed6f.h5
set_fits () {}
using default fits file=/Users/jan/PychronDev/scripts/measurement/fits/nominal_linear.yaml
set "Ar40" to "('Linear', 'SEM')"
No fit for "PM41". defaulting to linear. check the measurement script "jan_unknown120_60.py"
set "PM41" to "linear"
set "Ar36" to "('Linear', 'SEM')"
set "Ar37" to "('linear', 'SEM')"
set "Ar38" to "('linear', 'SEM')"
set "Ar39" to "('Linear', 'SEM')"
set_baseline_fits () {}
using default fits file=/Users/jan/PychronDev/scripts/measurement/fits/nominal_linear.yaml
set "H1" to "('average', 'SEM')"
set "H2" to "('average', 'SEM')"
set "CDD" to "('average', 'SEM')"
set "L2" to "('average', 'SEM')"
set "L1" to "('average', 'SEM')"
set "AX" to "('average', 'SEM')"
multicollect () {'integration_time': 1, 'ncounts': 120}
build tables- signal [Detector(H2), Detector(H1), Detector(AX), Detector(L1), Detector(L2), Detector(CDD)]
add group /signal/PM41 (Group) '' table H2
add group /signal/Ar40 (Group) '' table H1
add group /signal/Ar39 (Group) '' table AX
add group /signal/Ar38 (Group) '' table L1
add group /signal/Ar37 (Group) '' table L2
add group /signal/Ar36 (Group) '' table CDD
flush and close file /Users/jan/PychronDev/data/isotopes/93/a0f52d-3c3c-49e6-a36d-211ebd63ed6f.h5
measuring signal. ncounts=120
GetIndicatorState R ===>> False
change switch state (True, True)
update switch state R False args=() kw={} ncanvase=2
Get Checksum: -598318598
01:45:05 -- CLOSE  VALVE-R (Jan Inlet)
---------------------------------------- close None (Jan Inlet) result=[(True, True)]
action=close, ok=True, locked=[False]
is_closed ('F',) {}
is F () closed?
is closed True
open () {'description': 'CO2 Laser to Jan'}
opening name=--- desc=CO2 Laser to Jan
checking ownership. requestor=129.138.12.150
check software interlocks A
interlocks []
actuate state mode=None-script, software_lock=False
doing actuation None-script open_channel False
Open A ===>> OK
GetIndicatorState A ===>> OK
change switch state (True, True)
update switch state A True args=() kw={} ncanvase=2
01:45:05 -- OPEN   VALVE-A (CO2 Laser to Jan)
---------------------------------------- open None (CO2 Laser to Jan) result=[(True, True)], time=0.13 sec
starting measurement
GetData ===>> H2,-0.0984334542430233,H1,149.561895751431,AX,30.7772302742317,L1,0.381620793688073,L2,0.16393928...
action=open, ok=True, locked=[False]
sleep (1,) {}
SLEEP 1.0
GetData ===>> H2,-0.00820071221605392,H1,149.605341505154,AX,30.8267943636061,L1,0.425588460725301,L2,0.1340594...
close () {'description': 'CO2 Laser to Roughing'}
closing name=--- desc=CO2 Laser to Roughing
checking ownership. requestor=129.138.12.150
check software interlocks G
interlocks []
actuate state mode=None-script, software_lock=True
VALVE-G(CO2 Laser to Roughing) software locked
change switch state (True, False)
---------------------------------------- close None (CO2 Laser to Roughing) result=[(True, False)]
action=close, ok=True, locked=[True]
open () {'description': 'Microbone to Turbo'}
opening name=--- desc=Microbone to Turbo
checking ownership. requestor=129.138.12.150
check software interlocks U
interlocks []
actuate state mode=None-script, software_lock=False
doing actuation None-script open_channel True
Open U ===>> OK
GetIndicatorState U ===>> OK
change switch state (True, True)
update switch state U True args=() kw={} ncanvase=2
01:45:07 -- OPEN   VALVE-U (Microbone to Turbo)
---------------------------------------- open None (Microbone to Turbo) result=[(True, True)], time=0.19 sec
action=open, ok=True, locked=[False]
open () {'description': 'Microbone to Getter NP-10'}
opening name=--- desc=Microbone to Getter NP-10
checking ownership. requestor=129.138.12.150
check software interlocks M
interlocks []
actuate state mode=None-script, software_lock=False
doing actuation None-script open_channel False
Open M ===>> OK
GetIndicatorState M ===>> OK
change switch state (True, True)
update switch state M True args=() kw={} ncanvase=2
01:45:07 -- OPEN   VALVE-M (Microbone to Getter NP-10)
---------------------------------------- open None (Microbone to Getter NP-10) result=[(True, True)], time=0.11 sec
action=open, ok=True, locked=[False]
open () {'description': 'Microbone to Getter D-50'}
opening name=--- desc=Microbone to Getter D-50
checking ownership. requestor=129.138.12.150
check software interlocks K
interlocks []
actuate state mode=None-script, software_lock=False
doing actuation None-script open_channel False
GetData ===>> H2,-0.137404319728787,H1,149.506791043936,AX,30.8050885935093,L1,0.435569666980004,L2,0.301219586...
Open K ===>> OK
GetIndicatorState K ===>> OK
change switch state (True, True)
update switch state K True args=() kw={} ncanvase=2
01:45:08 -- OPEN   VALVE-K (Microbone to Getter D-50)
---------------------------------------- open None (Microbone to Getter D-50) result=[(True, True)], time=0.43 sec
Get Checksum: -860229079
action=open, ok=True, locked=[False]
open () {'description': 'Microbone to CO2 Laser'}
opening name=--- desc=Microbone to CO2 Laser
checking ownership. requestor=129.138.12.150
check software interlocks T
interlocks []
actuate state mode=None-script, software_lock=False
doing actuation None-script open_channel False
Open T ===>> OK
GetIndicatorState T ===>> OK
change switch state (True, True)
update switch state T True args=() kw={} ncanvase=2
01:45:08 -- OPEN   VALVE-T (Microbone to CO2 Laser)
---------------------------------------- open None (Microbone to CO2 Laser) result=[(True, True)], time=0.42 sec
GetData ===>> H2,-0.163871678267206,H1,149.050095870414,AX,30.7320869593618,L1,0.419827089654513,L2,0.172334698...
action=open, ok=True, locked=[False]
open () {'description': 'Microbone to Inlet Pipette'}
opening name=--- desc=Microbone to Inlet Pipette
checking ownership. requestor=129.138.12.150
check software interlocks S
interlocks []
actuate state mode=None-script, software_lock=False
doing actuation None-script open_channel False
Open S ===>> OK
GetIndicatorState S ===>> OK
change switch state (True, True)
update switch state S True args=() kw={} ncanvase=2
01:45:09 -- OPEN   VALVE-S (Microbone to Inlet Pipette)
---------------------------------------- open None (Microbone to Inlet Pipette) result=[(True, True)], time=0.42 sec
action=open, ok=True, locked=[False]
sleep (1,) {}
SLEEP 1.0
GetData ===>> H2,-0.161425082025828,H1,149.214544082384,AX,30.611323474842,L1,0.396007764764901,L2,0.2308150231...
set_resource () {'name': 'CO2PumpTimeFlag', 'value': 30}
Set CO2PumpTimeFlag 30 ===>> OK
release ('JanCO2Flag',) {}
release JanCO2Flag
Set JanCO2Flag 0 ===>> OK
executed 6.0
PumpMicrobone.py completed successfully
gosub finished
get_resource_value () {'name': 'JanMiniboneFlag'}
Read JanMiniboneFlag ===>> 0
Get Resource Value JanMiniboneFlag=0.0
get resource value 0.0
get_resource_value () {'name': 'JanMiniboneFlag'}
Read JanMiniboneFlag ===>> 0
Get Resource Value JanMiniboneFlag=0.0
executed 4.0
jan_pump_extraction_line.py completed successfully
Post Equilibration Finished
01:45:10 -- ******* Post Equilibration Finished *******
GetData ===>> H2,-0.214900372700814,H1,149.078353291742,AX,30.7246454226529,L1,0.376605938835886,L2,0.144847025...
Get Checksum: -860229079
GetData ===>> H2,-0.11384120777647,H1,149.023191180684,AX,30.6220721508044,L1,0.367620676200351,L2,0.0841967747...
GetData ===>> H2,-0.113746464663377,H1,149.052842341093,AX,30.6312784489549,L1,0.389703339386485,L2,0.166539959...
GetData ===>> H2,-0.103072732689791,H1,149.078998396715,AX,30.7557983809672,L1,0.422032913189382,L2,0.210180227...
Get Checksum: -860229079
GetData ===>> H2,-0.0762618590842154,H1,149.047932014849,AX,30.6622579329624,L1,0.388770177869302,L2,0.14268028...
GetData ===>> H2,-0.179890333678327,H1,148.918150741557,AX,30.6815640163426,L1,0.417001508496013,L2,0.201439171...
Get Checksum: -860229079
GetData ===>> H2,-0.201573699747977,H1,148.986124333193,AX,30.5336117514851,L1,0.382228199919106,L2,0.176635351...
GetData ===>> H2,-0.117668168633463,H1,148.787783460947,AX,30.5026019542432,L1,0.407170718373766,L2,0.128928315...
GetData ===>> H2,-0.138757534135893,H1,148.816424512682,AX,30.5886211381423,L1,0.385721789279462,L2,0.182681688...
Get Checksum: -860229079
GetData ===>> H2,-0.145025366559744,H1,148.840264440915,AX,30.5665228750647,L1,0.421925151408372,L2,0.108532060...
GetData ===>> H2,-0.0245816342555749,H1,148.812659516397,AX,30.4116748265169,L1,0.398546287990763,L2,0.21996065...
GetData ===>> H2,-0.101759793830153,H1,148.728997715754,AX,30.6327144845713,L1,0.378240802442294,L2,0.098706015...
Get Checksum: -860229079
GetData ===>> H2,-0.0771089388550134,H1,148.504417240373,AX,30.5062110501199,L1,0.37863090937046,L2,0.157084338...
GetData ===>> H2,-0.0565648131864858,H1,148.624291444698,AX,30.3908019361967,L1,0.412534362205972,L2,0.14549705...
GetData ===>> H2,-0.00572318374155453,H1,148.667031082587,AX,30.5160192519166,L1,0.410382936627993,L2,0.0991961...
Get Checksum: -860229079
GetData ===>> H2,-0.167269302348076,H1,148.568833147531,AX,30.6116186807091,L1,0.378831471683719,L2,0.167076072...
GetData ===>> H2,-0.234326506924935,H1,148.434861125961,AX,30.6028433457104,L1,0.364228807082626,L2,0.221866645...
GetData ===>> H2,-0.256817271454723,H1,148.350146746667,AX,30.6248769053897,L1,0.388768954908561,L2,0.193680156...
Get Checksum: -860229079
GetData ===>> H2,-0.263772067953329,H1,148.413689058831,AX,30.504963282699,L1,0.4149863364867,L2,0.146443603854...
01:45:31 -- collecting point 25
GetData ===>> H2,-0.356978186302411,H1,148.294018629441,AX,30.5084785338397,L1,0.39739322617625,L2,0.2111274136...
GetData ===>> H2,-0.192372588770086,H1,148.206474219923,AX,30.5620393094949,L1,0.422427232970671,L2,0.215772183...
GetData ===>> H2,-0.10460475404909,H1,148.23259565954,AX,30.5867548353063,L1,0.564976561016123,L2,0.14497246998...
GetData ===>> H2,-0.236815460376573,H1,148.372993554117,AX,30.5506029984837,L1,0.55326915565254,L2,0.2054102054...
Get Checksum: -860229079
GetData ===>> H2,-0.173640643231082,H1,148.323938916318,AX,30.4628827100594,L1,0.46723898667176,L2,0.1404109583...
GetData ===>> H2,-0.14910881036382,H1,148.116760921033,AX,30.4183242330252,L1,0.413158935488624,L2,0.1853627338...
GetData ===>> H2,-0.205481304499957,H1,148.137368888642,AX,30.4461058414128,L1,0.400812900690303,L2,0.265461664...
Get Checksum: -860229079
GetData ===>> H2,-0.122734065657037,H1,148.35749893787,AX,30.4028485340944,L1,0.417309025413182,L2,0.3052936876...
GetData ===>> H2,-0.17765002880495,H1,148.2872711831,AX,30.5761483777051,L1,0.439334743650846,L2,0.270264361543...
GetData ===>> H2,-0.265080275106074,H1,148.016730111892,AX,30.434077923085,L1,0.404785463738346,L2,0.1698365297...
Get Checksum: -860229079
GetData ===>> H2,-0.157720426903754,H1,148.110742941381,AX,30.384738880347,L1,0.380329698357326,L2,0.2003893860...
GetData ===>> H2,-0.219804307662969,H1,148.025404435392,AX,30.4086174061669,L1,0.365950861836468,L2,0.245095352...
GetData ===>> H2,-0.103841475944429,H1,147.722361363365,AX,30.4402995620645,L1,0.377915520859048,L2,0.132702497...
Get Checksum: -860229079
GetData ===>> H2,-0.0743262144779886,H1,147.9786968528,AX,30.2813550548398,L1,0.415705382923529,L2,0.0721172540...
GetData ===>> H2,-0.0698721679362898,H1,147.851833500108,AX,30.3045816609921,L1,0.38905513169447,L2,0.267959949...
GetData ===>> H2,-0.185298977645948,H1,147.685917164673,AX,30.2483528427252,L1,0.399611332705339,L2,0.115280927...
Get Checksum: -860229079
GetData ===>> H2,-0.162070537848531,H1,147.747091308288,AX,30.1618505537471,L1,0.362608385675447,L2,0.138278526...
GetData ===>> H2,-0.185563339994846,H1,147.530144536065,AX,30.2164604308342,L1,0.347641950210813,L2,0.268781317...
Get Checksum: -860229079
GetData ===>> H2,-0.205835739287593,H1,147.651293571998,AX,30.3549648962437,L1,0.365393910356291,L2,0.192767372...
GetData ===>> H2,-0.224932158794205,H1,147.569737681353,AX,30.2818374975938,L1,0.368864357645397,L2,0.104736032...
GetData ===>> H2,-0.210253786698986,H1,147.829577508183,AX,30.2720818351713,L1,0.402058214013068,L2,0.152259935...
Get Checksum: -860229079
GetData ===>> H2,-0.244553470231428,H1,147.497366205564,AX,30.3773751212986,L1,0.408662854926009,L2,0.211834956...
GetData ===>> H2,-0.218141667927233,H1,147.482176437023,AX,30.2439050512419,L1,0.41531951699695,L2,0.1595707682...
GetData ===>> H2,-0.231516694029301,H1,147.445461223193,AX,30.2748288798006,L1,0.373954272142229,L2,0.268005580...
Get Checksum: -860229079
GetData ===>> H2,-0.278797225598817,H1,147.230868384101,AX,30.2177740747766,L1,0.354520062634115,L2,0.251248764...
01:45:57 -- collecting point 50
GetData ===>> H2,-0.256068565024206,H1,147.168293742122,AX,30.2144631852641,L1,0.382789196565351,L2,0.188808272...
GetData ===>> H2,-0.208567075062793,H1,147.351491520538,AX,30.3322909888795,L1,0.361961265576264,L2,0.100313223...
Get Checksum: -860229079
GetData ===>> H2,-0.184710884156369,H1,147.335196457829,AX,30.2658911805633,L1,0.370302475995609,L2,0.105123608...
GetData ===>> H2,-0.161651940981912,H1,147.262526532427,AX,30.3281080114587,L1,0.407721522877166,L2,0.114904710...
GetData ===>> H2,-0.186078559076695,H1,147.167941914056,AX,30.0856287097825,L1,0.396084865920817,L2,0.166072289...
Get Checksum: -860229079
GetData ===>> H2,-0.161920654941102,H1,147.08790388936,AX,30.1596935056623,L1,0.3914965195443,L2,0.181700558708...
GetData ===>> H2,-0.150615922509237,H1,147.068966644194,AX,30.244883014403,L1,0.377657504081032,L2,0.2306894661...
GetData ===>> H2,-0.11936607088173,H1,147.090180637142,AX,30.1612744436861,L1,0.373932269477136,L2,0.0979309179...
Get Checksum: -860229079
GetData ===>> H2,-0.129585999396631,H1,146.787671570926,AX,30.1336514214164,L1,0.385313449788789,L2,0.217118866...
GetData ===>> H2,-0.15208502896759,H1,146.807622310803,AX,30.1262176740736,L1,0.407014050487045,L2,0.1949010187...
GetData ===>> H2,-0.109238486049115,H1,146.973546081193,AX,30.1466315210205,L1,0.382410306579504,L2,0.146580454...
Get Checksum: -860229079
GetData ===>> H2,-0.0811808177791071,H1,146.761149942681,AX,30.137361781939,L1,0.387383433985236,L2,0.175004046...
GetData ===>> H2,-0.131324354359338,H1,146.634358886448,AX,30.1751019000413,L1,0.395350592695414,L2,0.274017705...
GetData ===>> H2,-0.123527901228272,H1,146.693763844418,AX,30.1657092274725,L1,0.394659200075239,L2,0.136180350...
Get Checksum: -860229079
GetData ===>> H2,-0.12527225114331,H1,146.835122945713,AX,30.1054593615262,L1,0.377689297267126,L2,0.0638138746...
GetData ===>> H2,-0.070510891747345,H1,146.75321284692,AX,30.0170167850085,L1,0.365348720444746,L2,0.2299589559...
Get Checksum: -860229079
GetData ===>> H2,-0.178898446137919,H1,146.866909184437,AX,30.1646239621007,L1,0.338134730042212,L2,0.181883093...
GetData ===>> H2,-0.249153116591547,H1,146.492913367057,AX,30.2176668379611,L1,0.370959898872395,L2,0.118723944...
GetData ===>> H2,-0.160703964468931,H1,146.754701024714,AX,29.9228857340966,L1,0.37067517338227,L2,0.2508720137...
Get Checksum: -860229079
GetData ===>> H2,-0.194844478453626,H1,146.616834797083,AX,29.9502120222558,L1,0.322992753572247,L2,0.190736459...
GetData ===>> H2,-0.137365113308863,H1,146.541803593799,AX,29.9402148076707,L1,0.395671218878998,L2,0.159935754...
GetData ===>> H2,-0.10433815387212,H1,146.398292305162,AX,30.0351774107559,L1,0.41735435737027,L2,0.13079828425...
Get Checksum: -860229079
GetData ===>> H2,-0.142214865329381,H1,146.473617301073,AX,30.1800598325061,L1,0.395891502211768,L2,0.172665510...
GetData ===>> H2,-0.119581165475309,H1,146.437406821385,AX,30.1149943167864,L1,0.372261427189275,L2,0.155681472...
GetData ===>> H2,-0.123161418450867,H1,146.358099442577,AX,30.117471930536,L1,0.385362351865458,L2,0.0832736375...
Get Checksum: -860229079
01:46:23 -- collecting point 75
GetData ===>> H2,-0.0529493222713513,H1,146.179454808603,AX,29.8860419049757,L1,0.394387550581969,L2,0.14103815...
GetData ===>> H2,-0.119897712371205,H1,146.229831574234,AX,29.9340188549553,L1,0.387910472419665,L2,0.231876557...
GetData ===>> H2,-0.124762495983928,H1,146.382743949249,AX,29.8910313019225,L1,0.353105973469836,L2,0.119111576...
Get Checksum: -860229079
GetData ===>> H2,-0.0998320705566331,H1,146.422102783559,AX,29.9536784664029,L1,0.353176795400769,L2,0.08621403...
GetData ===>> H2,-0.106171749437734,H1,146.156757473265,AX,29.9044890650463,L1,0.358458071355129,L2,0.204679888...
GetData ===>> H2,-0.205070254049341,H1,146.069003918884,AX,29.9513228788084,L1,0.384161873238566,L2,0.161099156...
Get Checksum: -860229079
GetData ===>> H2,-0.0483540251634935,H1,146.006847987181,AX,30.0180881268762,L1,0.352770186494176,L2,0.17965847...
GetData ===>> H2,-0.0820749453766979,H1,146.095395478554,AX,29.9345006014421,L1,0.334154376602874,L2,0.18910491...
GetData ===>> H2,-0.171903114888293,H1,146.124515463325,AX,30.0548653196596,L1,0.381680677211771,L2,0.169973414...
Get Checksum: -860229079
GetData ===>> H2,-0.176926558584802,H1,146.079795290197,AX,29.8907771449763,L1,0.368466069959427,L2,0.184039314...
GetData ===>> H2,-0.110647929279386,H1,146.0428845693,AX,29.9560073345215,L1,0.363476567554588,L2,0.23209343107...
GetData ===>> H2,-0.062086903903128,H1,145.794871078784,AX,29.908395596539,L1,0.346077500830299,L2,0.2055471405...
Get Checksum: -860229079
GetData ===>> H2,-0.184841724111817,H1,145.837439368229,AX,29.7651251656244,L1,0.361468016559038,L2,0.124527190...
GetData ===>> H2,-0.143558047518863,H1,145.859933671846,AX,29.8587980904837,L1,0.382963979564373,L2,0.245494912...
Get Checksum: -860229079
GetData ===>> H2,-0.122723246390153,H1,145.875068973691,AX,29.7974516774501,L1,0.363881988494721,L2,0.133933985...
GetData ===>> H2,-0.130359083409721,H1,145.690659510188,AX,29.7084525325079,L1,0.334312975431949,L2,0.086328002...
GetData ===>> H2,-0.18521670034909,H1,145.709642904666,AX,29.7416183916355,L1,0.355417707520126,L2,0.1372294326...
Get Checksum: -860229079
GetData ===>> H2,-0.24415651323286,H1,145.621174564748,AX,29.7266851893657,L1,0.381353155271933,L2,0.1510396173...
GetData ===>> H2,-0.283639533427702,H1,145.670008932751,AX,29.8031903723417,L1,0.400123083128489,L2,0.125336708...
GetData ===>> H2,-0.153409185385553,H1,145.344902750838,AX,29.8551473599292,L1,0.367987167826818,L2,0.174730263...
Get Checksum: -860229079
GetData ===>> H2,-0.11325514127052,H1,145.480660091807,AX,29.83049666716,L1,0.326428709746434,L2,0.210842115700...
GetData ===>> H2,-0.130469905822753,H1,145.515905023231,AX,29.8607772907385,L1,0.358735401330207,L2,0.115759749...
GetData ===>> H2,-0.231005254436604,H1,145.383270107917,AX,29.8574875581643,L1,0.380151122714739,L2,0.121528612...
Get Checksum: -860229079
GetData ===>> H2,-0.287066288850285,H1,145.315520311193,AX,29.7845841555127,L1,0.377037556644951,L2,0.162559131...
GetData ===>> H2,-0.266247180799585,H1,145.348176927055,AX,29.8063340708551,L1,0.363960143772181,L2,0.081678112...
01:46:49 -- collecting point 100
GetData ===>> H2,-0.106078385301852,H1,145.292812570924,AX,29.8421784582463,L1,0.340492922418678,L2,0.154175981...
Get Checksum: -860229079
GetData ===>> H2,-0.166948076778516,H1,145.03551517429,AX,29.9299374745806,L1,0.390278199321457,L2,0.0979081210...
GetData ===>> H2,-0.183712673896073,H1,145.100435569997,AX,29.6596087362334,L1,0.396087313586044,L2,0.170019042...
GetData ===>> H2,-0.195177347096847,H1,145.244998143019,AX,29.7842364051232,L1,0.417833418109465,L2,0.129430010...
Get Checksum: -860229079
GetData ===>> H2,-0.14011869685447,H1,145.2026585491,AX,29.6198098266277,L1,0.388872907091845,L2,0.256192330206...
GetData ===>> H2,-0.1922297040482,H1,145.233226668274,AX,29.7250275526696,L1,0.342117412396333,L2,0.20995199165...
GetData ===>> H2,-0.208077989416372,H1,145.152331843354,AX,29.6780624458239,L1,0.340315917079878,L2,0.156639525...
Get Checksum: -860229079
GetData ===>> H2,-0.112146540155709,H1,144.983748067355,AX,29.7729618512969,L1,0.388919380173129,L2,0.187598897...
GetData ===>> H2,-0.211734167303874,H1,144.911083225754,AX,29.6876570192782,L1,0.4027788031542,L2,0.14337591617...
GetData ===>> H2,-0.233349611005952,H1,144.871236477461,AX,29.686133592089,L1,0.423480459320695,L2,0.2038582877...
Get Checksum: -860229079
GetData ===>> H2,-0.224642625820236,H1,144.863753388083,AX,29.6841558402849,L1,0.414208549025596,L2,0.232298891...
GetData ===>> H2,-0.248398521028305,H1,144.598096506637,AX,29.5501122146749,L1,0.382153647118021,L2,0.150207072...
GetData ===>> H2,-0.105072980841157,H1,144.54276812426,AX,29.5595568033902,L1,0.383164433661746,L2,0.2452665923...
Get Checksum: -860229079
GetData ===>> H2,-0.104826690541226,H1,144.774843796502,AX,29.5145451832668,L1,0.343849610192267,L2,0.078441558...
GetData ===>> H2,-0.178007697567504,H1,144.770814425034,AX,29.5303038725435,L1,0.367252976099071,L2,0.245289424...
Get Checksum: -860229079
GetData ===>> H2,-0.113713981128355,H1,144.509678199669,AX,29.6629114637021,L1,0.388002187208614,L2,0.247241581...
GetData ===>> H2,-0.138802142851397,H1,144.596719758862,AX,29.5653682257593,L1,0.387480035292193,L2,0.144801409...
GetData ===>> H2,-0.140156542143355,H1,144.64256931794,AX,29.5374494319355,L1,0.394407128683501,L2,0.0154222509...
Get Checksum: -860229079
GetData ===>> H2,-0.189219269749487,H1,144.487786061938,AX,29.6116566033709,L1,0.377911852328579,L2,0.064794730...
GetData ===>> H2,-0.168394869656135,H1,144.481522875603,AX,29.4561811972883,L1,0.319251299299958,L2,0.286316928...
GetData ===>> H2,-0.187746790857648,H1,144.573809823896,AX,29.478370952714,L1,0.298191824157226,L2,0.2277218031...
Get Checksum: -860229079
measurement finished
estimated time: 125.829 actual time: :126.142
flush and close file /Users/jan/PychronDev/data/isotopes/93/a0f52d-3c3c-49e6-a36d-211ebd63ed6f.h5
baselines () {'settling_time': 15.0, 'detector': 'H1', 'mass': 34.2, 'ncounts': 60}
%%%%%%%%%%%%%%%%%%%%%%%%%%%%%%%% Baseline
build tables- baseline [Detector(H2), Detector(H1), Detector(AX), Detector(L1), Detector(L2), Detector(CDD)]
add group baseline table H2
add group baseline table H1
add group baseline table AX
add group baseline table L1
add group baseline table L2
add group baseline table CDD
flush and close file /Users/jan/PychronDev/data/isotopes/93/a0f52d-3c3c-49e6-a36d-211ebd63ed6f.h5
detector Detector(H1)
POSITION 34.2 H1
Mapping mass to dac mass func: "parabolic"
H1 map mass coeffs = [-0.00063987  0.15840543  0.57061999]
H1 map mass to dac 34.2 >> 5.23966599104
GetDeflection H1 ===>> 0
GetHighVoltage ===>> 4500
positioning 34.2 (5.23966599104) on H1
setting magnet DAC
current  : 5.879010
requested: 5.239666
Delta Dac: 0.639344
Checking detector protection. dv=0.63934
Checking detector "CDD". Protection Threshold: 0.1 (V)
ProtectDetector CDD,On ===>> OK
GetDeflection CDD ===>> 2000
SetMagnetDAC 5.23966599104 ===>> OK
Magnet settling time: 0.500
GetMagnetMoving ===>> True
GetMagnetMoving ===>> True
GetMagnetMoving ===>> True
GetMagnetMoving ===>> True
GetMagnetMoving ===>> True
GetMagnetMoving ===>> True
GetMagnetMoving ===>> True
GetMagnetMoving ===>> True
GetMagnetMoving ===>> False
ProtectDetector CDD,Off ===>> OK
GetDeflection CDD ===>> 50
Delaying 15.0s for detectors to settle
Get Checksum: -860229079
Get Checksum: -860229079
Get Checksum: -860229079
Get Checksum: -860229079
Get Checksum: -860229079
Join finished
measuring baseline. ncounts=60
starting measurement
GetData ===>> H2,-0.240991122900885,H1,-0.0343629353289686,AX,-0.103272933045817,L1,-0.0297724556425649,L2,-0.1...
GetData ===>> H2,-0.253648707252012,H1,0.0134298997664263,AX,-0.0814957500121896,L1,-0.0141135831957926,L2,-0.0...
Get Checksum: -860229079
GetData ===>> H2,-0.287410115841161,H1,-0.0703922540311595,AX,-0.220943751631734,L1,-0.0253228840643788,L2,-0.0...
GetData ===>> H2,-0.200942749094621,H1,0.0136327130961568,AX,-0.139556486641479,L1,-0.0298491138285217,L2,-0.06...
GetData ===>> H2,-0.240190213865509,H1,0.0157682430977026,AX,-0.0927616177086455,L1,-0.0302874916022884,L2,0.06...
Get Checksum: -860229079
GetData ===>> H2,-0.209620625723404,H1,0.00648677359083045,AX,-0.0741467341682231,L1,-0.0214695510703155,L2,-0....
GetData ===>> H2,-0.154382093887478,H1,-0.0454640186777543,AX,-0.0880097132437565,L1,-0.0149796719368547,L2,-0....
GetData ===>> H2,-0.125383123239608,H1,-0.0783665476677296,AX,-0.121105962719849,L1,-0.0109143353658187,L2,-0.0...
Get Checksum: -860229079
GetData ===>> H2,-0.112934348411692,H1,-0.0619404778689379,AX,-0.0094189731043944,L1,0.0106483471163118,L2,0.01...
GetData ===>> H2,-0.254386818867109,H1,0.0181424332797111,AX,-0.131428854348762,L1,-0.02388479868625,L2,-0.1608...
GetData ===>> H2,-0.223986772534853,H1,0.0713080178081917,AX,-0.211779207812363,L1,-0.0157617491083167,L2,-0.09...
Get Checksum: -860229079
GetData ===>> H2,-0.22092786572583,H1,-0.0460005597163747,AX,-0.118383131964247,L1,-0.0356466272261964,L2,0.000...
GetData ===>> H2,-0.146789681148947,H1,-0.0434489833119443,AX,-0.0637945762739165,L1,-0.0468585282663839,L2,0.0...
GetData ===>> H2,-0.173785136027753,H1,-0.013325926426355,AX,0.0364916978957094,L1,-0.0190681122037002,L2,0.047...
Get Checksum: -860229079
GetData ===>> H2,-0.232742708875788,H1,-0.0457978667731894,AX,-0.140286980006349,L1,0.0020656903670319,L2,-0.04...
GetData ===>> H2,-0.264562657320494,H1,-0.079367759363058,AX,0.0175191595406189,L1,0.000760933301860378,L2,0.03...
Get Checksum: -860229079
GetData ===>> H2,-0.211179215664547,H1,-0.013230510417883,AX,0.0132842047148869,L1,-0.0139829481812525,L2,0.008...
GetData ===>> H2,-0.24103957944036,H1,-0.00863850748757926,AX,-0.0785515737134094,L1,-0.014548621521312,L2,0.01...
GetData ===>> H2,-0.21128293442393,H1,-0.0388583666314666,AX,-0.0909536033627772,L1,-0.038992824394442,L2,-0.01...
Get Checksum: -860229079
GetData ===>> H2,-0.0879457961379582,H1,-0.0423639474636193,AX,-0.0333345291682382,L1,-0.037303691156824,L2,-0....
GetData ===>> H2,-0.114312204663477,H1,-0.00309204124342417,AX,-0.0822491666389724,L1,-0.048803349495144,L2,-0....
GetData ===>> H2,-0.210577089268555,H1,-0.023928463744549,AX,-0.12520744475835,L1,-0.0195201492354284,L2,-0.055...
Get Checksum: -860229079
GetData ===>> H2,-0.239062114544085,H1,0.0295846719962746,AX,-0.0495687062137412,L1,-0.00670665754665798,L2,-0....
GetData ===>> H2,-0.158807773518274,H1,-0.0632518016327797,AX,-0.0309223632206314,L1,-0.00713841820649929,L2,-0...
01:47:55 -- collecting point 25
GetData ===>> H2,-0.150255368210596,H1,-0.098734466692618,AX,-0.0961341700636669,L1,0.0228214579209487,L2,-0.09...
Get Checksum: -860229079
GetData ===>> H2,-0.193050592623573,H1,0.000498415824190657,AX,-0.11315740073189,L1,-0.0162103364949503,L2,-0.0...
GetData ===>> H2,-0.268584662133479,H1,-0.138505883690043,AX,-0.0953808609491097,L1,-0.0448438949354744,L2,-0.0...
GetData ===>> H2,-0.217440968536351,H1,0.0199797849328,AX,-0.0565833519293278,L1,-0.033015544429006,L2,-0.05603...
Get Checksum: -860229079
GetData ===>> H2,-0.0500533883054584,H1,-0.0159379043337847,AX,-0.102148844401266,L1,-0.00790594699149789,L2,-0...
GetData ===>> H2,-0.0122082195551276,H1,0.00441108710578249,AX,-0.108800478961766,L1,0.00139708628294281,L2,0.0...
GetData ===>> H2,-0.098004221880354,H1,0.00895618081393508,AX,-0.170533864336943,L1,0.00657911203053231,L2,-0.0...
Get Checksum: -860229079
GetData ===>> H2,-0.0987990336912277,H1,0.0104473982503574,AX,-0.0893889484447377,L1,0.00365635424647905,L2,-0....
GetData ===>> H2,-0.130044179670682,H1,0.0306824320519318,AX,-0.132320904671197,L1,-0.0181939564580152,L2,-0.05...
GetData ===>> H2,-0.288966607576262,H1,-0.0534999100234355,AX,-0.158072220783195,L1,-0.0212561663296409,L2,-0.1...
Get Checksum: -860229079
GetData ===>> H2,-0.196693701360746,H1,-0.0022212777706752,AX,-0.0206467942879331,L1,-0.0216253909984424,L2,-0....
GetData ===>> H2,-0.295242768132399,H1,-0.0235826169182161,AX,-0.0711791508950691,L1,-0.0374965781736957,L2,-0....
GetData ===>> H2,-0.21580253177281,H1,-0.00952114258716534,AX,0.0203270941743651,L1,-0.0194050435898294,L2,0.09...
Get Checksum: -860229079
GetData ===>> H2,-0.264631226236072,H1,-0.0539410307760278,AX,-0.10635541876981,L1,-0.0249250343504376,L2,-0.13...
GetData ===>> H2,-0.239285589469888,H1,-0.0202075661884347,AX,-0.0142907074794339,L1,-0.00851752959643837,L2,-0...
Get Checksum: -860229079
GetData ===>> H2,-0.209022458108286,H1,-0.0916198719770332,AX,-0.147672771434498,L1,0.00607522206438088,L2,0.12...
GetData ===>> H2,-0.177911870440895,H1,-0.01744065525473,AX,0.0516597590056896,L1,-0.00155048432223552,L2,0.003...
GetData ===>> H2,-0.194884908365926,H1,0.0213876486286459,AX,-0.0567920443869577,L1,-0.0300096150125995,L2,-0.0...
Get Checksum: -860229079
GetData ===>> H2,-0.195225861547098,H1,0.0051984113955907,AX,0.0937156280270487,L1,-0.0365416913442952,L2,-0.06...
GetData ===>> H2,-0.212817052750869,H1,0.0278068035263647,AX,-0.0551920574409768,L1,-0.0179757054522889,L2,-0.0...
GetData ===>> H2,-0.118283772096334,H1,-0.0119662397180196,AX,-0.117015894587729,L1,-0.0163602609754234,L2,-0.0...
Get Checksum: -860229079
GetData ===>> H2,-0.124874725212411,H1,0.00443494532664808,AX,-0.165746463645837,L1,-0.00753658106855159,L2,-0....
GetData ===>> H2,-0.19208277353772,H1,0.00362376900839863,AX,-0.0416838727388667,L1,-0.00616932952992699,L2,-0....
GetData ===>> H2,-0.200961624197443,H1,0.0632985558632228,AX,-0.116784157534687,L1,-0.022725791930898,L2,-0.011...
Get Checksum: -860229079
GetData ===>> H2,-0.166705127021433,H1,-0.00469040927428817,AX,-0.110874676160591,L1,-0.052025538287304,L2,0.06...
01:48:21 -- collecting point 50
GetData ===>> H2,-0.178987517141319,H1,-0.0897011090636777,AX,-0.0784472508717117,L1,-0.0350163200668786,L2,-0....
GetData ===>> H2,-0.224522770464681,H1,-0.0628584063079749,AX,-0.0728368355218606,L1,-0.0150696378955913,L2,0.0...
Get Checksum: -860229079
GetData ===>> H2,-0.263605337951229,H1,-0.0671618286637308,AX,-0.0644090128052966,L1,-0.027231624791059,L2,0.02...
GetData ===>> H2,-0.247173036448882,H1,0.0341309087841025,AX,-0.0726977302051375,L1,-0.0139517872850811,L2,-0.0...
GetData ===>> H2,-0.126735134842814,H1,-0.0753151740432443,AX,-0.0186286657124591,L1,-0.0224716795292928,L2,-5....
Get Checksum: -860229079
GetData ===>> H2,-0.179565112099502,H1,-0.0301415772812728,AX,-0.107236111038175,L1,-0.0195980846019209,L2,0.10...
GetData ===>> H2,-0.262079106080736,H1,0.00723832586231334,AX,-0.0339955449770292,L1,-0.0396528269876815,L2,0.0...
GetData ===>> H2,-0.210370984948525,H1,-0.0351737972804188,AX,-0.0130727967453744,L1,-0.0080078800060707,L2,-0....
Get Checksum: -860229079
GetData ===>> H2,-0.164468394786531,H1,-0.0756489225656186,AX,-0.0305512554607043,L1,0.0298011234917954,L2,0.00...
GetData ===>> H2,-0.279008042696184,H1,-0.0357700151123684,AX,-0.0809046036513277,L1,0.0123132351819931,L2,-0.1...
GetData ===>> H2,-0.255891126416726,H1,-0.0742900823356372,AX,-0.0187446512466911,L1,0.00599724134566783,L2,-0....
Get Checksum: -860229079
measurement finished
estimated time: 62.915 actual time: :63.130
flush and close file /Users/jan/PychronDev/data/isotopes/93/a0f52d-3c3c-49e6-a36d-211ebd63ed6f.h5
activate_detectors ('H1', 'AX', 'CDD') {'peak_center': True}
peak_center () {'detector': 'H1', 'integration_time': 0.262144, 'isotope': 'Ar40'}
peak center: mean=144.597860889 threshold=3
peak center started
setup peak center. detector=['H1', 'AX', 'CDD'], isotope=Ar40
VersionedUnpickler [<apptools.sweet_pickle.versioned_unpickler.VersionedUnpickler object at 0x153025470>] using Updater [<apptools.sweet_pickle.updater.Updater object at 0x1356d5710>]
VersionedUnpickler [<apptools.sweet_pickle.versioned_unpickler.VersionedUnpickler object at 0x153025470>] using Updater [<apptools.sweet_pickle.updater.Updater object at 0x1356d5710>]
VersionedUnpickler [<apptools.sweet_pickle.versioned_unpickler.VersionedUnpickler object at 0x14d4eb350>] using Updater [<apptools.sweet_pickle.updater.Updater object at 0x1356d5710>]
setting integration time = 0.524288
SetIntegrationTime 0.524288 ===>> OK
Mapping mass to dac mass func: "parabolic"
H1 map mass coeffs = [-0.00063987  0.15840543  0.57061999]
H1 map mass to dac 39.9624 >> 5.87901
GetDeflection H1 ===>> 0
GetHighVoltage ===>> 4500
do peak center. <pychron.spectrometer.jobs.peak_center.PeakCenter object at 0x1356efa10>
doing pc
starting peak center. center dac= 5.87901 step_width=0.001
width = 0.001
get scan parameters. half-width=0.015,window=0.015, i=0, scalar=1
Scan parameters center=5.87901 width=0.03000 (5.86401 - 5.89401)
GetData ===>> H2,-0.121735944883515,H1,-0.0991277209921869,AX,-0.10513865975647,L1,-0.0316049054015023,L2,-0.05...
Moving to starting dac 5.86401
setting magnet DAC
current  : 5.239666
requested: 5.864010
Delta Dac: 0.624344
Checking detector protection. dv=0.62434
Checking detector "CDD". Protection Threshold: 0.1 (V)
ProtectDetector CDD,On ===>> OK
GetDeflection CDD ===>> 2000
SetMagnetDAC 5.86401 ===>> OK
Magnet settling time: 0.500
GetMagnetMoving ===>> True
GetMagnetMoving ===>> True
GetMagnetMoving ===>> True
GetMagnetMoving ===>> True
GetMagnetMoving ===>> True
GetMagnetMoving ===>> True
Get Checksum: -860229079
GetMagnetMoving ===>> False
ProtectDetector CDD,Off ===>> OK
GetDeflection CDD ===>> 50
Wait until signal near baseline. tol= -0.0743457907441. timeout= 10
GetData ===>> H2,0.337176249685966,H1,0.231012412385856,AX,0.0500706466007336,L1,0.022467093374125,L2,0.0308403...
GetData ===>> H2,7.122785612685,H1,3.2002891026581,AX,0.135233397873415,L1,0.0143022993294307,L2,-0.05099920021...
GetData ===>> H2,10.0274763021025,H1,5.6880650453776,AX,0.724708255855752,L1,-0.0224910554734533,L2,-0.20727326...
GetData ===>> H2,5.57422639671794,H1,2.67405708669088,AX,0.308730919255669,L1,-0.0547240588129801,L2,-0.1474667...
GetData ===>> H2,2.27245903865881,H1,1.25991794983114,AX,0.0049076586148148,L1,-0.0441818387018076,L2,0.0377204...
GetData ===>> H2,0.606240271756735,H1,0.599459041685058,AX,0.0564897644855132,L1,-0.0247109404231801,L2,-0.1115...
Get Checksum: -860229079
GetData ===>> H2,0.0291458525816795,H1,0.315918690985595,AX,-0.108116795334153,L1,-0.0188213041551933,L2,0.0315...
GetData ===>> H2,-0.14002629390676,H1,0.263500386647331,AX,-0.118939290822698,L1,0.00187362719927758,L2,-0.0230...
GetData ===>> H2,-0.0623431851559432,H1,0.15335609130982,AX,-0.191027630120175,L1,0.00193124576501777,L2,-0.078...
GetData ===>> H2,-0.0799573747590299,H1,0.0584526053207803,AX,-0.0414635520406697,L1,-0.0252712222930824,L2,-0....
GetData ===>> H2,-0.109486268279238,H1,0.0307420932694093,AX,-0.0210759311760735,L1,-0.0387400714528147,L2,0.23...
GetData ===>> H2,-0.111831130809535,H1,0.073901212328198,AX,0.00356190954912735,L1,-0.0554822891383596,L2,0.054...
Get Checksum: -860229079
GetData ===>> H2,-0.118132242033012,H1,0.0748543926134772,AX,-0.0352247905083915,L1,-0.0634964153974749,L2,-0.1...
GetData ===>> H2,-0.121389692785187,H1,0.0130362044757028,AX,0.0817030504279924,L1,-0.0341716850469833,L2,-0.16...
GetData ===>> H2,-0.153415941982512,H1,0.109198764395013,AX,-0.202049285554159,L1,0.00338142155035997,L2,-0.256...
GetData ===>> H2,-0.24933335120608,H1,0.129415254004317,AX,-0.0561659656714234,L1,-0.00819495438257504,L2,-0.08...
GetData ===>> H2,-0.211200767692859,H1,0.0492865225197871,AX,0.00177534039636761,L1,-0.0160153889979084,L2,0.07...
GetData ===>> H2,-0.126098357441449,H1,0.0579751844608236,AX,-0.149662127762257,L1,-0.0265473033818827,L2,0.009...
Get Checksum: -860229079
GetData ===>> H2,-0.0902123382488548,H1,0.0341547740888128,AX,-0.182227932783998,L1,-0.0321692293759186,L2,0.01...
GetData ===>> H2,-0.13394269399115,H1,0.0423647765098735,AX,-0.0967831701620667,L1,-0.0592104186249877,L2,0.036...
GetData ===>> H2,-0.176810136367936,H1,0.0832666019918495,AX,-0.106262713856737,L1,-0.0501997980933888,L2,-0.11...
Peak center failed to move to a baseline position
_do_sweep sm= 5.86401, em= 5.89401, stm= 0.001
calculated step values: start=5.86401, end=5.89401, width=0.001, nsteps=31.0
setting magnet DAC
current  : 5.864010
requested: 5.864010
Delta Dac: 0.000000
Checking detector protection. dv=0.00000
Checking detector "CDD". Protection Threshold: 0.1 (V)
SetMagnetDAC 5.86401 ===>> OK
GetData ===>> H2,-0.176810136367936,H1,0.0832666019918495,AX,-0.106262713856737,L1,-0.0501997980933888,L2,-0.11...
setting magnet DAC
current  : 5.864010
requested: 5.865044
Delta Dac: 0.001034
Checking detector protection. dv=0.00103
Checking detector "CDD". Protection Threshold: 0.1 (V)
SetMagnetDAC 5.86504448276 ===>> OK
Magnet settling time: 1.049
GetData ===>> H2,-0.126325492333208,H1,0.240344764061651,AX,-0.0340419318827308,L1,-0.0216887111506699,L2,0.023...
setting magnet DAC
current  : 5.865044
requested: 5.866079
Delta Dac: 0.001034
Checking detector protection. dv=0.00103
Checking detector "CDD". Protection Threshold: 0.1 (V)
SetMagnetDAC 5.86607896552 ===>> OK
Magnet settling time: 1.049
Get Checksum: -860229079
GetData ===>> H2,-0.182914642476784,H1,0.952962684553893,AX,0.13092020570807,L1,-0.00982810992154165,L2,0.00560...
setting magnet DAC
current  : 5.866079
requested: 5.867113
Delta Dac: 0.001034
Checking detector protection. dv=0.00103
Checking detector "CDD". Protection Threshold: 0.1 (V)
SetMagnetDAC 5.86711344828 ===>> OK
Magnet settling time: 1.049
GetData ===>> H2,-0.137449536622475,H1,3.50992420729532,AX,0.25545347167115,L1,0.0203616621195387,L2,-0.0406877...
setting magnet DAC
current  : 5.867113
requested: 5.868148
Delta Dac: 0.001034
Checking detector protection. dv=0.00103
Checking detector "CDD". Protection Threshold: 0.1 (V)
SetMagnetDAC 5.86814793103 ===>> OK
Magnet settling time: 1.049
GetData ===>> H2,-0.209718970072862,H1,12.1965767258205,AX,1.56081318549817,L1,0.0100209468724157,L2,0.10333393...
setting magnet DAC
current  : 5.868148
requested: 5.869182
Delta Dac: 0.001034
Checking detector protection. dv=0.00103
Checking detector "CDD". Protection Threshold: 0.1 (V)
SetMagnetDAC 5.86918241379 ===>> OK
Magnet settling time: 1.049
Get Checksum: -860229079
GetData ===>> H2,-0.236539059217489,H1,32.0486166143567,AX,4.49807076329039,L1,-0.0167271255769411,L2,-0.058441...
setting magnet DAC
current  : 5.869182
requested: 5.870217
Delta Dac: 0.001034
Checking detector protection. dv=0.00103
Checking detector "CDD". Protection Threshold: 0.1 (V)
SetMagnetDAC 5.87021689655 ===>> OK
Magnet settling time: 1.049
GetData ===>> H2,-0.209859075614081,H1,64.2243620470551,AX,10.2178296976409,L1,0.0426770911872212,L2,0.01592005...
setting magnet DAC
current  : 5.870217
requested: 5.871251
Delta Dac: 0.001034
Checking detector protection. dv=0.00103
Checking detector "CDD". Protection Threshold: 0.1 (V)
SetMagnetDAC 5.87125137931 ===>> OK
Magnet settling time: 1.049
GetData ===>> H2,-0.107445611955854,H1,97.56616991711,AX,17.1114912435261,L1,0.109028880979564,L2,0.01177466113...
setting magnet DAC
current  : 5.871251
requested: 5.872286
Delta Dac: 0.001034
Checking detector protection. dv=0.00103
Checking detector "CDD". Protection Threshold: 0.1 (V)
SetMagnetDAC 5.87228586207 ===>> OK
Magnet settling time: 1.049
Get Checksum: -860229079
GetData ===>> H2,-0.0246291980808723,H1,122.116021800197,AX,22.7265997337681,L1,0.245629429312521,L2,-0.0603309...
setting magnet DAC
current  : 5.872286
requested: 5.873320
Delta Dac: 0.001034
Checking detector protection. dv=0.00103
Checking detector "CDD". Protection Threshold: 0.1 (V)
SetMagnetDAC 5.87332034483 ===>> OK
Magnet settling time: 1.049
GetData ===>> H2,-0.175822968086623,H1,136.495361716346,AX,27.3118515601828,L1,0.288887478653517,L2,0.169311808...
setting magnet DAC
current  : 5.873320
requested: 5.874355
Delta Dac: 0.001034
Checking detector protection. dv=0.00103
Checking detector "CDD". Protection Threshold: 0.1 (V)
SetMagnetDAC 5.87435482759 ===>> OK
Magnet settling time: 1.049
GetData ===>> H2,-0.254588480311019,H1,138.836256547763,AX,28.1034489941852,L1,0.283425289608676,L2,0.177913035...
setting magnet DAC
current  : 5.874355
requested: 5.875389
Delta Dac: 0.001034
Checking detector protection. dv=0.00103
Checking detector "CDD". Protection Threshold: 0.1 (V)
SetMagnetDAC 5.87538931034 ===>> OK
Magnet settling time: 1.049
GetData ===>> H2,-0.324179251594767,H1,139.376731990803,AX,28.1309559691625,L1,0.302427916491543,L2,0.128004746...
setting magnet DAC
current  : 5.875389
requested: 5.876424
Delta Dac: 0.001034
Checking detector protection. dv=0.00103
Checking detector "CDD". Protection Threshold: 0.1 (V)
SetMagnetDAC 5.8764237931 ===>> OK
Magnet settling time: 1.049
Get Checksum: -860229079
GetData ===>> H2,-0.280905265302128,H1,139.557246116898,AX,28.3383303296011,L1,0.302362178314198,L2,0.258464400...
setting magnet DAC
current  : 5.876424
requested: 5.877458
Delta Dac: 0.001034
Checking detector protection. dv=0.00103
Checking detector "CDD". Protection Threshold: 0.1 (V)
SetMagnetDAC 5.87745827586 ===>> OK
Magnet settling time: 1.049
GetData ===>> H2,-0.09300335866461,H1,139.318462983533,AX,28.3148008777721,L1,0.351535806049709,L2,0.1925848167...
setting magnet DAC
current  : 5.877458
requested: 5.878493
Delta Dac: 0.001034
Checking detector protection. dv=0.00103
Checking detector "CDD". Protection Threshold: 0.1 (V)
SetMagnetDAC 5.87849275862 ===>> OK
Magnet settling time: 1.049
GetData ===>> H2,-0.103433161902787,H1,139.702147144621,AX,28.2581221953607,L1,0.37955930263321,L2,0.1940680923...
setting magnet DAC
current  : 5.878493
requested: 5.879527
Delta Dac: 0.001034
Checking detector protection. dv=0.00103
Checking detector "CDD". Protection Threshold: 0.1 (V)
SetMagnetDAC 5.87952724138 ===>> OK
Magnet settling time: 1.049
Get Checksum: -860229079
GetData ===>> H2,-0.174290798814973,H1,139.481391435626,AX,28.4335079397414,L1,0.305727542200462,L2,0.193976813...
setting magnet DAC
current  : 5.879527
requested: 5.880562
Delta Dac: 0.001034
Checking detector protection. dv=0.00103
Checking detector "CDD". Protection Threshold: 0.1 (V)
SetMagnetDAC 5.88056172414 ===>> OK
Magnet settling time: 1.049
GetData ===>> H2,-0.255174622449487,H1,139.507576496458,AX,28.530921858261,L1,0.330994416387119,L2,0.1815180240...
setting magnet DAC
current  : 5.880562
requested: 5.881596
Delta Dac: 0.001034
Checking detector protection. dv=0.00103
Checking detector "CDD". Protection Threshold: 0.1 (V)
SetMagnetDAC 5.8815962069 ===>> OK
Magnet settling time: 1.049
GetData ===>> H2,-0.19563220168779,H1,139.354408675501,AX,28.28530312904,L1,0.355306566269312,L2,0.261322788133...
setting magnet DAC
current  : 5.881596
requested: 5.882631
Delta Dac: 0.001034
Checking detector protection. dv=0.00103
Checking detector "CDD". Protection Threshold: 0.1 (V)
SetMagnetDAC 5.88263068966 ===>> OK
Magnet settling time: 1.049
Get Checksum: -860229079
GetData ===>> H2,-0.203212928403239,H1,139.348423937735,AX,28.4152473117343,L1,0.370365234373281,L2,0.163494440...
setting magnet DAC
current  : 5.882631
requested: 5.883665
Delta Dac: 0.001034
Checking detector protection. dv=0.00103
Checking detector "CDD". Protection Threshold: 0.1 (V)
SetMagnetDAC 5.88366517241 ===>> OK
Magnet settling time: 1.049
GetData ===>> H2,-0.0572573619804191,H1,138.317840805124,AX,27.7097109948336,L1,0.357786157596917,L2,0.19806164...
setting magnet DAC
current  : 5.883665
requested: 5.884700
Delta Dac: 0.001034
Checking detector protection. dv=0.00103
Checking detector "CDD". Protection Threshold: 0.1 (V)
SetMagnetDAC 5.88469965517 ===>> OK
Magnet settling time: 1.049
Get Checksum: -860229079
GetData ===>> H2,-0.257414050337851,H1,135.514406496893,AX,26.8577755994122,L1,0.319546394015349,L2,0.197194456...
setting magnet DAC
current  : 5.884700
requested: 5.885734
Delta Dac: 0.001034
Checking detector protection. dv=0.00103
Checking detector "CDD". Protection Threshold: 0.1 (V)
SetMagnetDAC 5.88573413793 ===>> OK
Magnet settling time: 1.049
GetData ===>> H2,-0.289255320540923,H1,126.394114279596,AX,23.7930308478184,L1,0.317007882322608,L2,-0.11253581...
setting magnet DAC
current  : 5.885734
requested: 5.886769
Delta Dac: 0.001034
Checking detector protection. dv=0.00103
Checking detector "CDD". Protection Threshold: 0.1 (V)
SetMagnetDAC 5.88676862069 ===>> OK
Magnet settling time: 1.049
GetData ===>> H2,-0.201487417975114,H1,92.9468699412122,AX,14.6856280102923,L1,0.193884720593568,L2,0.073017155...
setting magnet DAC
current  : 5.886769
requested: 5.887803
Delta Dac: 0.001034
Checking detector protection. dv=0.00103
Checking detector "CDD". Protection Threshold: 0.1 (V)
SetMagnetDAC 5.88780310345 ===>> OK
Magnet settling time: 1.049
Get Checksum: -860229079
GetData ===>> H2,-0.257376416565897,H1,55.6727271513949,AX,7.45094180847243,L1,0.0924731018214816,L2,0.07399717...
setting magnet DAC
current  : 5.887803
requested: 5.888838
Delta Dac: 0.001034
Checking detector protection. dv=0.00103
Checking detector "CDD". Protection Threshold: 0.1 (V)
SetMagnetDAC 5.88883758621 ===>> OK
Magnet settling time: 1.049
GetData ===>> H2,-0.26955782428731,H1,25.7426879988189,AX,2.82339639154809,L1,0.126881401662429,L2,-0.076807179...
setting magnet DAC
current  : 5.888838
requested: 5.889872
Delta Dac: 0.001034
Checking detector protection. dv=0.00103
Checking detector "CDD". Protection Threshold: 0.1 (V)
SetMagnetDAC 5.88987206897 ===>> OK
Magnet settling time: 1.049
GetData ===>> H2,-0.128734464794935,H1,9.2459654399877,AX,0.816813013258651,L1,0.0268546210113312,L2,-0.0401186...
setting magnet DAC
current  : 5.889872
requested: 5.890907
Delta Dac: 0.001034
Checking detector protection. dv=0.00103
Checking detector "CDD". Protection Threshold: 0.1 (V)
SetMagnetDAC 5.89090655172 ===>> OK
Magnet settling time: 1.049
Get Checksum: -860229079
GetData ===>> H2,-0.206296622665243,H1,2.65844034223306,AX,0.110307639915371,L1,-0.0252233361735774,L2,0.006855...
setting magnet DAC
current  : 5.890907
requested: 5.891941
Delta Dac: 0.001034
Checking detector protection. dv=0.00103
Checking detector "CDD". Protection Threshold: 0.1 (V)
SetMagnetDAC 5.89194103448 ===>> OK
Magnet settling time: 1.049
GetData ===>> H2,-0.230556747722539,H1,0.656067999497911,AX,-0.10264715334113,L1,0.00375360297941049,L2,0.07513...
setting magnet DAC
current  : 5.891941
requested: 5.892976
Delta Dac: 0.001034
Checking detector protection. dv=0.00103
Checking detector "CDD". Protection Threshold: 0.1 (V)
SetMagnetDAC 5.89297551724 ===>> OK
Magnet settling time: 1.049
GetData ===>> H2,-0.175067699280082,H1,0.0163289764035347,AX,-0.0295422990850599,L1,0.00271873253569899,L2,-0.1...
setting magnet DAC
current  : 5.892976
requested: 5.894010
Delta Dac: 0.001034
Checking detector protection. dv=0.00103
Checking detector "CDD". Protection Threshold: 0.1 (V)
SetMagnetDAC 5.89401 ===>> OK
Magnet settling time: 1.049
Get Checksum: -860229079
GetData ===>> H2,-0.167474450046947,H1,0.0418635652062573,AX,-0.00339856449992034,L1,0.0175511046648571,L2,0.07...
result of _do_sweep=True
result of _calculate_peak_center=([5.8714690560431215, 5.8789571356506123, 5.886445215258103], [102.7319704135592, 139.69595359767516, 103.4033230810663], 5.8785217821850599, 139.69595359767516)
Failed to find a valid peak. No peak greater than 1.0. max = 0.02588830452
new center pos Detector(H1) (Ar40) @ 5.87895713565
GetHighVoltage ===>> 4500
GetDeflection H1 ===>> 0
dac uncorrected for HV and deflection 5.87895713565
update mftable H1 Ar40 5.87895713565 message=automated run peakcenter
get initial guess parabolic
get initial guess parabolic
get initial guess parabolic
get initial guess parabolic
get initial guess parabolic
get initial guess parabolic
dump mftable to /Users/jan/PychronDev/setupfiles/spectrometer/mftables/mftable.csv
add to repo msg=modified - automated run peakcenter
locally archiving mftable
setting magnet DAC
current  : 5.894010
requested: 5.878957
Delta Dac: 0.015053
Checking detector protection. dv=0.01505
Checking detector "CDD". Protection Threshold: 0.1 (V)
SetMagnetDAC 5.87895713565 ===>> OK
Magnet settling time: 0.500
sweep finished
setting integration time = 1.048576
SetIntegrationTime 1.048576 ===>> OK
Failed to find a valid peak. No peak greater than 1.0. max = 0.0258489251672
flush and close file /Users/jan/PychronDev/data/isotopes/93/a0f52d-3c3c-49e6-a36d-211ebd63ed6f.h5
finished measure script
executed 226.132928
jan_unknown120_60.py completed successfully
Measurement Finished
01:49:19 -- ******* Measurement Finished *******
Post Measurement Started jan_pump_ms.py
01:49:19 -- ******* Post Measurement Started jan_pump_ms.py *******
testing...
no interpolation path defined
executed 0
Pumping spectrometer
open () {'name': 'O'}
opening name=O desc=---
checking ownership. requestor=129.138.12.150
check software interlocks O
interlocks []
actuate state mode=None-script, software_lock=False
doing actuation None-script open_channel True
Open O ===>> OK
GetIndicatorState O ===>> OK
change switch state (True, True)
update switch state O True args=() kw={} ncanvase=2
01:49:19 -- OPEN   VALVE-O (Jan Ion Pump)
---------------------------------------- open O () result=[(True, True)], time=0.11 sec
action=open, ok=True, locked=[False]
executed 0
jan_pump_ms.py completed successfully
setting _ms_pumptime
Post Measurement Finished
01:49:20 -- ******* Post Measurement Finished *******
$$$$$$$$$$$$$$$$$$$$ state at run end measurement
state changed from measurement to success
post measurement save measured=True aborted=False
Set filtering
setting fod for Ar40= {'filter_outliers': True, 'std_devs': 2, 'iterations': 1}
setting fod for H1= {'filter_outliers': True, 'std_devs': 2, 'iterations': 1}
setting fod for PM41= {'filter_outliers': False, 'std_devs': 2, 'iterations': 1}
setting fod for H2= {'filter_outliers': True, 'std_devs': 2, 'iterations': 1}
setting fod for Ar36= {'filter_outliers': True, 'std_devs': 2, 'iterations': 1}
setting fod for CDD= {'filter_outliers': True, 'std_devs': 10, 'iterations': 1}
setting fod for Ar37= {'filter_outliers': True, 'std_devs': 2, 'iterations': 1}
setting fod for L2= {'filter_outliers': True, 'std_devs': 2, 'iterations': 1}
setting fod for Ar38= {'filter_outliers': True, 'std_devs': 2, 'iterations': 1}
setting fod for L1= {'filter_outliers': True, 'std_devs': 2, 'iterations': 1}
setting fod for Ar39= {'filter_outliers': True, 'std_devs': 2, 'iterations': 1}
setting fod for AX= {'filter_outliers': True, 'std_devs': 2, 'iterations': 1}
persistence save...
persistence save - db
post measurement save
5488651824 connecting to database sqlite:////Users/jan/PychronDev/.appdata/local_lab.db
connected to db sqlite:////Users/jan/PychronDev/.appdata/local_lab.db
create new session 5488651824
close session 5488651824
No database instance. Not saving post measurement to isotopedb database
$$$$$$$$$$$$$$$ auto_save_detector_ic=False
massspec enabled True
create new session 4979649712
MassSpec Database Version: 16.0
close session 4979649712
saving post measurement to secondary database
saving to massspec database 129.138.12.160/massspecdata
setting labnumber to 65571
setting aliquot to 2
setting step to A
setting uuid to 93a0f52d-3c3c-49e6-a36d-211ebd63ed6f
setting irradpos to 65571
setting extract_device to Fusions CO2
setting tray to 
setting position to 185
setting power_requested to 0.3
setting extract_value to 0.3
setting duration to 30.0
setting duration_at_request to 30.0
setting first_stage_delay to 30.0
setting cleanup to 30.0
setting comment to M:14 with inclusions
setting irradiation to NM-289
setting level to M
setting irradiation_level to M
setting sample to NM-2602 W
setting material to Sanidine
setting project to JoyitaHills
setting mass_spectrometer to Jan
no attribute chron_dosages
no attribute production_ratios
no attribute interference_corrections
no attribute production_name
no attribute j
Reference Isotope=Ar40
Reference Detector=H1
%%%%%%%%%%%%%%%%%%%% Comment: M:14 with inclusions %%%%%%%%%%%%%%%%%%%
adding isotope PM41 H2
add baseline dbdet= PM41. original det= H2
get baseline data PM41 H2
Get data baseline <pychron.processing.isotope.Baseline object at 0x14d667dd0> len t=60
baseline PM41. v=-0.201014993738, e=0.00706419674276
Get Checksum: -1965264452
get signal data PM41 H2
Get data signal PM41 0.06+/-0.06 len t=120
adding isotope Ar40 H1
add baseline dbdet= Ar40. original det= H1
get baseline data Ar40 H1
Get data baseline <pychron.processing.isotope.Baseline object at 0x14d667fd0> len t=60
baseline Ar40. v=-0.0243055109757, e=0.0048046861261
get signal data Ar40 H1
Get data signal Ar40 149.929+/-0.022 len t=120
adding isotope Ar39 AX
add baseline dbdet= Ar39. original det= AX
get baseline data Ar39 AX
Get data baseline <pychron.processing.isotope.Baseline object at 0x14acf61d0> len t=60
baseline Ar39. v=-0.0768769010153, e=0.00657379286133
get signal data Ar39 AX
Get data signal Ar39 30.963+/-0.015 len t=120
adding isotope Ar38 L1
add baseline dbdet= Ar38. original det= L1
get baseline data Ar38 L1
Get data baseline <pychron.processing.isotope.Baseline object at 0x14acf6390> len t=60
baseline Ar38. v=-0.0180473168973, e=0.00197977342349
get signal data Ar38 L1
Get data signal Ar38 0.424+/-0.005 len t=120
adding isotope Ar37 L2
add baseline dbdet= Ar37. original det= L2
get baseline data Ar37 L2
Get data baseline <pychron.processing.isotope.Baseline object at 0x14acf6550> len t=60
baseline Ar37. v=-0.0286551957779, e=0.00702302724204
get signal data Ar37 L2
Get data signal Ar37 0.201+/-0.012 len t=120
adding isotope Ar36 CDD
add baseline dbdet= Ar36. original det= CDD
get baseline data Ar36 CDD
Get data baseline <pychron.processing.isotope.Baseline object at 0x14acf6710> len t=60
baseline Ar36. v=2.97730822877e-05, e=8.52160042208e-06
get signal data Ar36 CDD
Get data signal Ar36 0.02216+/-0.00033 len t=120
65571-02A added analysis time 0.484466075897s
analysis added to mass spec database
mass spec save time= 0.501
persistence save - dvc
================= post measurement started
create new session 4984345712
close session 4984345712
---------------- Experiment Queue saving disabled
DVC saving peakcenter
Failed to find a valid peak. No peak greater than 1.0. max = 0.0258489251672
Smart pull ahead: 0 behind: 0
Up-to-date with origin
add to repo msg=modified - ad8224ebc6dbfeb9f5997218dfa5fe690569839d.json
add to repo msg=modified - 71-02A.json
add to repo msg=modified - 71-02A.dat.json
add to repo msg=modified - 71-02A.blan.json
Get Checksum: -1965264452
add to repo msg=modified - 71-02A.inte.json
add to repo msg=modified - 71-02A.icfa.json
add to repo msg=modified - 71-02A.base.json
not at valid file /Users/jan/PychronDev/data/.dvc/repositories/Load1783/655/tags/71-02A.tags.json
add to repo msg=modified - 71-02A.peak.json
add to repo msg=modified - 71-02A.extr.json
not at valid file /Users/jan/PychronDev/data/.dvc/repositories/Load1783/655/monitor/71-02A.moni.json
commit message=<COLLECTION>
add to repo msg=modified - 71-02A.inte.json
add to repo msg=modified - 71-02A.base.json
commit message=<ISOEVO> default collection fits
add to repo msg=modified - 71-02A.blan.json
Get Checksum: -1965264452
commit message=<BLANKS> preceding bc-02-J-262
add to repo msg=modified - 71-02A.icfa.json
commit message=<ICFactor> default
push repository <pychron.git_archive.repo_manager.GitRepoManager object at 0x1457ca3b0>
pushing to remote=origin, url=https://github.com
Get Checksum: -1965264452
no changes to meta repo
Get Checksum: -1965264452
create new session 4984345712
add association Load1783
get identifier "65571"
setting analysis irradiation position=<pychron.dvc.dvc_orm.IrradiationPositionTbl object at 0x143d4ced0>
close session 4984345712
================= post measurement finished
01:49:33 -- ******* Post Run Check *******
loading queue conditionals post_run_actions
loading system conditionals post_run_actions
loading conditionals from /Users/jan/PychronDev/setupfiles/spectrometer/default_conditionals.yaml
loading queue conditionals post_run_terminations
loading system conditionals post_run_terminations
loading conditionals from /Users/jan/PychronDev/setupfiles/spectrometer/default_conditionals.yaml
Checking default post run terminations n=1
GetDeflection CDD ===>> 50
testing CDD==2000
evaluate ot="CDD.deflection==2000" t="CDD==2000", ctx="{'CDD': 50.0}"
01:49:33 -- ******* Post Run Check Passed *******
01:49:33 -- Automated run 65571-02A success duration: 368.488 s
----------------- finish -----------------
----------------- stop -----------------
retroactive repository identifiers disabled
finish run. runs completed=40
update duration runid=65571-02A, duration=368.487704039, md5=301e91d8
loading script "jan_unknown120_60.py"
loading script "jan_pump_ms.py"
loading script "jan_co2.py"
loading script "jan_pump_extraction_line.py"
testing...
no interpolation path defined
executed 213.652928
script duration name:unknown120_60 seconds:214.0
loading script "jan_unknown120_60.py"
loading script "jan_pump_ms.py"
loading script "jan_co2.py"
loading script "jan_pump_extraction_line.py"
testing...
no interpolation path defined
executed 0
loading script "jan_unknown120_60.py"
loading script "jan_pump_ms.py"
loading script "jan_co2.py"
loading script "jan_pump_extraction_line.py"
testing...
no interpolation path defined
calculate duration
testing...
no interpolation path defined
executed 0
calculate duration
testing...
no interpolation path defined
executed 0
executed 0.0
script duration name:co2 seconds:0.0
loading script "jan_unknown120_60.py"
loading script "jan_pump_ms.py"
loading script "jan_co2.py"
loading script "jan_pump_extraction_line.py"
testing...
no interpolation path defined
calculate duration
testing...
no interpolation path defined
executed 4.0
executed 4.0
Script duration 214.0
Run total estimated duration= 215.000
unknown120_60 in script context. using previous estimated duration
script duration name:unknown120_60 seconds:214.0
pump_ms in script context. using previous estimated duration
co2 in script context. using previous estimated duration
script duration name:co2 seconds:0.0
pump_extraction_line in script context. using previous estimated duration
Script duration 214.0
Run total estimated duration= 215.000
script duration name:unknown120_60 seconds:214.0
script duration name:co2 seconds:0.0
Script duration 214.0
Run total estimated duration= 215.000
script duration name:unknown120_60 seconds:214.0
script duration name:co2 seconds:0.0
Script duration 214.0
Run total estimated duration= 215.000
script duration name:unknown120_60 seconds:214.0
script duration name:co2 seconds:0.0
Script duration 214.0
Run total estimated duration= 215.000
script duration name:unknown120_60 seconds:214.0
script duration name:co2 seconds:0.0
Script duration 214.0
Run total estimated duration= 215.000
script duration name:unknown120_60 seconds:214.0
script duration name:co2 seconds:0.0
Script duration 214.0
Run total estimated duration= 215.000
script duration name:unknown120_60 seconds:214.0
script duration name:co2 seconds:0.0
Script duration 214.0
Run total estimated duration= 215.000
script duration name:unknown120_60 seconds:214.0
script duration name:co2 seconds:0.0
Script duration 214.0
Run total estimated duration= 215.000
script duration name:unknown120_60 seconds:214.0
script duration name:co2 seconds:0.0
Script duration 214.0
Run total estimated duration= 215.000
script duration name:unknown120_60 seconds:214.0
script duration name:co2 seconds:0.0
Script duration 214.0
Run total estimated duration= 215.000
loading script "jan_unknown400_120.py"
loading script "jan_pump_ms.py"
loading script "jan_co2.py"
loading script "jan_pump_extraction_line.py"
testing...
no interpolation path defined
executed 556.052928
script duration name:unknown400_120 seconds:556.0
script duration name:co2 seconds:0.0
Script duration 556.0
Run total estimated duration= 557.000
script duration name:unknown120_60 seconds:214.0
script duration name:co2 seconds:0.0
Script duration 214.0
Run total estimated duration= 215.000
script duration name:unknown120_60 seconds:214.0
script duration name:co2 seconds:0.0
Script duration 214.0
Run total estimated duration= 215.000
script duration name:unknown120_60 seconds:214.0
script duration name:co2 seconds:0.0
Script duration 214.0
Run total estimated duration= 215.000
script duration name:unknown120_60 seconds:214.0
script duration name:co2 seconds:0.0
Script duration 214.0
Run total estimated duration= 215.000
script duration name:unknown120_60 seconds:214.0
script duration name:co2 seconds:0.0
Script duration 214.0
Run total estimated duration= 215.000
script duration name:unknown120_60 seconds:214.0
script duration name:co2 seconds:0.0
Script duration 214.0
Run total estimated duration= 215.000
script duration name:unknown120_60 seconds:214.0
script duration name:co2 seconds:0.0
Script duration 214.0
Run total estimated duration= 215.000
script duration name:unknown120_60 seconds:214.0
script duration name:co2 seconds:0.0
Script duration 214.0
Run total estimated duration= 215.000
script duration name:unknown120_60 seconds:214.0
script duration name:co2 seconds:0.0
Script duration 214.0
Run total estimated duration= 215.000
script duration name:unknown120_60 seconds:214.0
script duration name:co2 seconds:0.0
Script duration 214.0
Run total estimated duration= 215.000
script duration name:unknown120_60 seconds:214.0
script duration name:co2 seconds:0.0
Script duration 214.0
Run total estimated duration= 215.000
script duration name:unknown120_60 seconds:214.0
script duration name:co2 seconds:0.0
Script duration 214.0
Run total estimated duration= 215.000
script duration name:unknown120_60 seconds:214.0
script duration name:co2 seconds:0.0
Script duration 214.0
Run total estimated duration= 215.000
script duration name:unknown120_60 seconds:214.0
script duration name:co2 seconds:0.0
Script duration 214.0
Run total estimated duration= 215.000
script duration name:unknown120_60 seconds:214.0
script duration name:co2 seconds:0.0
Script duration 214.0
Run total estimated duration= 215.000
script duration name:unknown120_60 seconds:214.0
script duration name:co2 seconds:0.0
Script duration 214.0
Run total estimated duration= 215.000
script duration name:unknown120_60 seconds:214.0
script duration name:co2 seconds:0.0
Script duration 214.0
Run total estimated duration= 215.000
script duration name:unknown120_60 seconds:214.0
script duration name:co2 seconds:0.0
Script duration 214.0
Run total estimated duration= 215.000
script duration name:unknown120_60 seconds:214.0
script duration name:co2 seconds:0.0
Script duration 214.0
Run total estimated duration= 215.000
unknown400_120 in script context. using previous estimated duration
script duration name:unknown400_120 seconds:556.0
script duration name:co2 seconds:0.0
Script duration 556.0
Run total estimated duration= 557.000
script duration name:unknown400_120 seconds:556.0
loading script "jan_unknown400_120.py"
loading script "jan_pump_ms.py"
loading script "jan_cocktail_x1.py"
loading script "jan_pump_extraction_line.py"
testing...
no interpolation path defined
calculate duration
testing...
no interpolation path defined
executed 0
calculate duration
testing...
no interpolation path defined
executed 0
calculate duration
testing...
no interpolation path defined
executed 32.0
calculate duration
testing...
no interpolation path defined
executed 34.0
calculate duration
testing...
no interpolation path defined
executed 4.0
calculate duration
testing...
no interpolation path defined
executed 38.0
executed 108.0
script duration name:cocktail_x1 seconds:108.0
Script duration 664.0
Run total estimated duration= 665.000
script duration name:unknown120_60 seconds:214.0
cocktail_x1 in script context. using previous estimated duration
script duration name:cocktail_x1 seconds:108.0
Script duration 322.0
Run total estimated duration= 323.000
loading script "jan_ic_peak_hop3.py"
loading script "jan_pump_ms.py"
loading script "jan_air_x1.py"
loading script "jan_pump_extraction_line.py"
testing...
no interpolation path defined
executed 133.8
script duration name:ic_peak_hop3 seconds:134.0
loading script "jan_ic_peak_hop3.py"
loading script "jan_pump_ms.py"
loading script "jan_air_x1.py"
loading script "jan_pump_extraction_line.py"
testing...
no interpolation path defined
calculate duration
testing...
no interpolation path defined
executed 0
calculate duration
testing...
no interpolation path defined
executed 0
calculate duration
testing...
no interpolation path defined
executed 32.0
calculate duration
testing...
no interpolation path defined
executed 34.0
calculate duration
testing...
no interpolation path defined
executed 4.0
calculate duration
testing...
no interpolation path defined
executed 36.0
executed 106.0
script duration name:air_x1 seconds:106.0
Script duration 240.0
Run total estimated duration= 241.000
script duration name:unknown120_60 seconds:214.0
script duration name:co2 seconds:0.0
Script duration 214.0
Run total estimated duration= 215.000
script duration name:unknown120_60 seconds:214.0
script duration name:co2 seconds:0.0
Script duration 214.0
Run total estimated duration= 215.000
script duration name:unknown120_60 seconds:214.0
script duration name:co2 seconds:0.0
Script duration 214.0
Run total estimated duration= 215.000
script duration name:unknown400_120 seconds:556.0
loading script "jan_unknown400_120.py"
loading script "jan_pump_ms.py"
loading script "jan_sniffair_x2.py"
loading script "jan_pump_extraction_line.py"
testing...
no interpolation path defined
calculate duration
testing...
no interpolation path defined
executed 0
calculate duration
testing...
no interpolation path defined
executed 0
calculate duration
testing...
no interpolation path defined
executed 32.0
calculate duration
testing...
no interpolation path defined
executed 34.0
calculate duration
testing...
no interpolation path defined
executed 4.0
calculate duration
testing...
no interpolation path defined
executed 36.0
calculate duration
testing...
no interpolation path defined
executed 34.0
calculate duration
testing...
no interpolation path defined
executed 4.0
calculate duration
testing...
no interpolation path defined
executed 36.0
calculate duration
testing...
no interpolation path defined
executed 70.0
executed 250.0
script duration name:sniffair_x2 seconds:250.0
Script duration 806.0
Run total estimated duration= 807.000
script duration name:unknown400_120 seconds:556.0
sniffair_x2 in script context. using previous estimated duration
script duration name:sniffair_x2 seconds:250.0
Script duration 806.0
Run total estimated duration= 807.000
script duration name:unknown120_60 seconds:214.0
script duration name:co2 seconds:0.0
Script duration 214.0
Run total estimated duration= 215.000
script duration name:unknown120_60 seconds:214.0
script duration name:co2 seconds:0.0
Script duration 214.0
Run total estimated duration= 215.000
script duration name:unknown120_60 seconds:214.0
script duration name:co2 seconds:0.0
Script duration 214.0
Run total estimated duration= 215.000
script duration name:unknown120_60 seconds:214.0
script duration name:co2 seconds:0.0
Script duration 214.0
Run total estimated duration= 215.000
script duration name:unknown120_60 seconds:214.0
script duration name:co2 seconds:0.0
Script duration 214.0
Run total estimated duration= 215.000
script duration name:unknown120_60 seconds:214.0
script duration name:co2 seconds:0.0
Script duration 214.0
Run total estimated duration= 215.000
script duration name:unknown120_60 seconds:214.0
script duration name:co2 seconds:0.0
Script duration 214.0
Run total estimated duration= 215.000
script duration name:unknown120_60 seconds:214.0
script duration name:co2 seconds:0.0
Script duration 214.0
Run total estimated duration= 215.000
script duration name:unknown120_60 seconds:214.0
script duration name:co2 seconds:0.0
Script duration 214.0
Run total estimated duration= 215.000
script duration name:unknown120_60 seconds:214.0
script duration name:co2 seconds:0.0
Script duration 214.0
Run total estimated duration= 215.000
script duration name:unknown120_60 seconds:214.0
script duration name:co2 seconds:0.0
Script duration 214.0
Run total estimated duration= 215.000
script duration name:unknown120_60 seconds:214.0
script duration name:co2 seconds:0.0
Script duration 214.0
Run total estimated duration= 215.000
script duration name:unknown120_60 seconds:214.0
script duration name:co2 seconds:0.0
Script duration 214.0
Run total estimated duration= 215.000
script duration name:unknown120_60 seconds:214.0
script duration name:co2 seconds:0.0
Script duration 214.0
Run total estimated duration= 215.000
script duration name:unknown120_60 seconds:214.0
script duration name:co2 seconds:0.0
Script duration 214.0
Run total estimated duration= 215.000
script duration name:unknown120_60 seconds:214.0
script duration name:co2 seconds:0.0
Script duration 214.0
Run total estimated duration= 215.000
script duration name:unknown120_60 seconds:214.0
script duration name:co2 seconds:0.0
Script duration 214.0
Run total estimated duration= 215.000
script duration name:unknown120_60 seconds:214.0
script duration name:co2 seconds:0.0
Script duration 214.0
Run total estimated duration= 215.000
script duration name:unknown400_120 seconds:556.0
script duration name:co2 seconds:0.0
Script duration 556.0
Run total estimated duration= 557.000
script duration name:unknown400_120 seconds:556.0
script duration name:cocktail_x1 seconds:108.0
Script duration 664.0
Run total estimated duration= 665.000
script duration name:unknown120_60 seconds:214.0
script duration name:cocktail_x1 seconds:108.0
Script duration 322.0
Run total estimated duration= 323.000
script duration name:unknown400_120 seconds:556.0
script duration name:sniffair_x2 seconds:250.0
Script duration 806.0
Run total estimated duration= 807.000
script duration name:unknown400_120 seconds:556.0
script duration name:sniffair_x2 seconds:250.0
Script duration 806.0
Run total estimated duration= 807.000
ic_peak_hop3 in script context. using previous estimated duration
script duration name:ic_peak_hop3 seconds:134.0
air_x1 in script context. using previous estimated duration
script duration name:air_x1 seconds:106.0
Script duration 240.0
Run total estimated duration= 241.000
script duration name:unknown120_60 seconds:214.0
script duration name:co2 seconds:0.0
Script duration 214.0
Run total estimated duration= 215.000
script duration name:unknown120_60 seconds:214.0
script duration name:co2 seconds:0.0
Script duration 214.0
Run total estimated duration= 215.000
script duration name:unknown120_60 seconds:214.0
script duration name:co2 seconds:0.0
Script duration 214.0
Run total estimated duration= 215.000
script duration name:unknown120_60 seconds:214.0
script duration name:co2 seconds:0.0
Script duration 214.0
Run total estimated duration= 215.000
script duration name:unknown120_60 seconds:214.0
script duration name:co2 seconds:0.0
Script duration 214.0
Run total estimated duration= 215.000
script duration name:unknown120_60 seconds:214.0
script duration name:co2 seconds:0.0
Script duration 214.0
Run total estimated duration= 215.000
script duration name:unknown120_60 seconds:214.0
script duration name:co2 seconds:0.0
Script duration 214.0
Run total estimated duration= 215.000
script duration name:unknown120_60 seconds:214.0
script duration name:co2 seconds:0.0
Script duration 214.0
Run total estimated duration= 215.000
script duration name:unknown120_60 seconds:214.0
script duration name:co2 seconds:0.0
Script duration 214.0
Run total estimated duration= 215.000
script duration name:unknown120_60 seconds:214.0
script duration name:co2 seconds:0.0
Script duration 214.0
Run total estimated duration= 215.000
script duration name:unknown120_60 seconds:214.0
script duration name:co2 seconds:0.0
Script duration 214.0
Run total estimated duration= 215.000
script duration name:unknown120_60 seconds:214.0
script duration name:co2 seconds:0.0
Script duration 214.0
Run total estimated duration= 215.000
script duration name:unknown120_60 seconds:214.0
script duration name:co2 seconds:0.0
Script duration 214.0
Run total estimated duration= 215.000
script duration name:unknown120_60 seconds:214.0
script duration name:co2 seconds:0.0
Script duration 214.0
Run total estimated duration= 215.000
script duration name:unknown120_60 seconds:214.0
script duration name:co2 seconds:0.0
Script duration 214.0
Run total estimated duration= 215.000
script duration name:unknown400_120 seconds:556.0
script duration name:co2 seconds:0.0
Script duration 556.0
Run total estimated duration= 557.000
script duration name:unknown400_120 seconds:556.0
script duration name:cocktail_x1 seconds:108.0
Script duration 664.0
Run total estimated duration= 665.000
script duration name:unknown120_60 seconds:214.0
script duration name:cocktail_x1 seconds:108.0
Script duration 322.0
Run total estimated duration= 323.000
script duration name:ic_peak_hop3 seconds:134.0
script duration name:air_x1 seconds:106.0
Script duration 240.0
Run total estimated duration= 241.000
script duration name:unknown120_60 seconds:214.0
script duration name:co2 seconds:0.0
Script duration 214.0
Run total estimated duration= 215.000
script duration name:unknown120_60 seconds:214.0
script duration name:co2 seconds:0.0
Script duration 214.0
Run total estimated duration= 215.000
script duration name:unknown120_60 seconds:214.0
script duration name:co2 seconds:0.0
Script duration 214.0
Run total estimated duration= 215.000
script duration name:unknown120_60 seconds:214.0
script duration name:co2 seconds:0.0
Script duration 214.0
Run total estimated duration= 215.000
script duration name:unknown120_60 seconds:214.0
script duration name:co2 seconds:0.0
Script duration 214.0
Run total estimated duration= 215.000
script duration name:unknown120_60 seconds:214.0
script duration name:co2 seconds:0.0
Script duration 214.0
Run total estimated duration= 215.000
script duration name:unknown120_60 seconds:214.0
script duration name:co2 seconds:0.0
Script duration 214.0
Run total estimated duration= 215.000
script duration name:unknown120_60 seconds:214.0
script duration name:co2 seconds:0.0
Script duration 214.0
Run total estimated duration= 215.000
script duration name:unknown120_60 seconds:214.0
script duration name:co2 seconds:0.0
Script duration 214.0
Run total estimated duration= 215.000
script duration name:unknown120_60 seconds:214.0
script duration name:co2 seconds:0.0
Script duration 214.0
Run total estimated duration= 215.000
script duration name:unknown400_120 seconds:556.0
script duration name:sniffair_x2 seconds:250.0
Script duration 806.0
Run total estimated duration= 807.000
script duration name:unknown400_120 seconds:556.0
script duration name:sniffair_x2 seconds:250.0
Script duration 806.0
Run total estimated duration= 807.000
script duration name:unknown400_120 seconds:556.0
script duration name:co2 seconds:0.0
Script duration 556.0
Run total estimated duration= 557.000
nruns=96 before=5.0, run_dur=27654.0, btw=4275.0
write rem/ex queues
/Users/jan/PychronDev/experiments/rem/CurrentExperiment.rem.txt
/Users/jan/PychronDev/experiments/rem/CurrentExperiment.ex.txt
doing event level: 3
