do run
loading script "jan_unknown120_60.py"
loading script "jan_pump_ms.py"
loading script "jan_co2.py"
loading script "jan_pump_extraction_line.py"
testing...
no interpolation path defined
executed 213.652928
script duration name:unknown120_60 seconds:214.0
loading script "jan_unknown120_60.py"
loading script "jan_pump_ms.py"
loading script "jan_co2.py"
loading script "jan_pump_extraction_line.py"
testing...
no interpolation path defined
executed 0
loading script "jan_unknown120_60.py"
loading script "jan_pump_ms.py"
loading script "jan_co2.py"
loading script "jan_pump_extraction_line.py"
testing...
no interpolation path defined
calculate duration
testing...
no interpolation path defined
executed 0
calculate duration
testing...
no interpolation path defined
executed 0
executed 0.0
script duration name:co2 seconds:0.0
loading script "jan_unknown120_60.py"
loading script "jan_pump_ms.py"
loading script "jan_co2.py"
loading script "jan_pump_extraction_line.py"
testing...
no interpolation path defined
calculate duration
testing...
no interpolation path defined
executed 4.0
executed 4.0
Script duration 214.0
Run total estimated duration= 215.000
run duration: 0:03:35
doing event level: 2
04:55:25 -- Setting default integration. t=1.048576
setting integration time = 1.048576
SetIntegrationTime 1.048576 ===>> OK
----------------- start -----------------
**************** Experiment Type: Ar/Ar, Ar/Ar
create new session 5004766384
close session 5004766384
$$$$$ Clearing conditionals
adding conditionals 
Add queue conditionals
add default conditionals
adding default conditionals from /Users/jan/PychronDev/setupfiles/spectrometer/default_conditionals.yaml
Start automated run 65571-10C
loading script "jan_unknown120_60.py"
loading script "jan_pump_ms.py"
loading script "jan_co2.py"
loading script "jan_pump_extraction_line.py"
%%%%%%%%%%%%%%%%%% setting automated run 65571-10C
No value "sensitivity_multiplier" in metadata
$$$$$$$$$$$$$$$ auto_save_detector_ic=False
============================= Pre Extraction Check =============================
loading queue conditionals pre_run_terminations
loading system conditionals pre_run_terminations
loading conditionals from /Users/jan/PychronDev/setupfiles/spectrometer/default_conditionals.yaml
04:55:25 -- ******* Pre Extraction Check *******
Get a measurement from the spectrometer
GetData ===>> H2,-0.244788946601681,H1,-0.0607602717890508,AX,-0.0236739086923349,L1,0.00732059595613005,L2,0.0...
Pre Extraction Termination data. keys=H2,H1,AX,L1,L2,CDD, signals=-0.24479,-0.06076,-0.02367,0.00732,0.08193,0.00208
04:55:25 -- testing system defined conditionals
Checking default pre extraction terminations n=2
testing CDD
evaluate ot="CDD.inactive" t="CDD", ctx="{'CDD': False}"
GetDeflection CDD ===>> 50
testing CDD==2000
evaluate ot="CDD.deflection==2000" t="CDD==2000", ctx="{'CDD': 50.0}"
04:55:25 -- ******* Pre Extraction Check Passed *******
=================================================================================
04:55:25 -- stopping status monitor
stop 4976489392
Alive clients [4984697584]
04:55:25 -- starting status monitor
start 4976489392
Monitor already running
start extraction
do extraction
Analysis started at 04:55:25.821060
Extraction Started jan_co2.py
04:55:25 -- ******* Extraction Started jan_co2.py *******
state changed from not run to extraction
DO EXTRACTION <pychron.extraction_line.pyscript_runner.RemotePyScriptRunner object at 0x12988f3b0>
testing...
no interpolation path defined
calculate duration
testing...
no interpolation path defined
executed 0
calculate duration
testing...
no interpolation path defined
executed 0
executed 100.0
Jan CO2 laser analysis
doing GOSUB
testing...
no interpolation path defined
executed 0
Waiting for CO2 access
wait ('FelixCO2Flag', 0) {}
waiting for FelixCO2Flag = 0
Read FelixCO2Flag ===>> 0
finished waiting
CO2 free
wait ('CO2PumpTimeFlag', 0) {}
waiting for CO2PumpTimeFlag = 0
Read CO2PumpTimeFlag ===>> 0
finished waiting
acquire ('JanCO2Flag',) {'clear': True}
acquire JanCO2Flag
Set JanCO2Flag 1 ===>> OK
JanCO2Flag acquired
set extraction state False (0.75, 'red', 1.5)
CO2 acquired
executed 0
WaitForCO2Access.py completed successfully
gosub finished
doing GOSUB
testing...
no interpolation path defined
executed 0
Prepare for CO2 analysis
close () {'description': 'Jan Inlet'}
closing name=--- desc=Jan Inlet
checking ownership. requestor=129.138.12.150
check software interlocks R
interlocks []
actuate state mode=None-script, software_lock=False
doing actuation None-script close_channel False
Close R ===>> OK
GetIndicatorState R ===>> False
change switch state (True, True)
update switch state R False args=() kw={} ncanvase=2
04:55:26 -- CLOSE  VALVE-R (Jan Inlet)
---------------------------------------- close None (Jan Inlet) result=[(True, True)]
action=close, ok=True, locked=[False]
open () {'description': 'Jan Ion Pump'}
opening name=--- desc=Jan Ion Pump
checking ownership. requestor=129.138.12.150
check software interlocks O
interlocks []
actuate state mode=None-script, software_lock=False
doing actuation None-script open_channel False
Open O ===>> OK
GetIndicatorState O ===>> OK
change switch state (True, True)
update switch state O True args=() kw={} ncanvase=2
04:55:26 -- OPEN   VALVE-O (Jan Ion Pump)
---------------------------------------- open None (Jan Ion Pump) result=[(True, True)], time=0.10 sec
action=open, ok=True, locked=[False]
close () {'description': 'Microbone to Minibone'}
closing name=--- desc=Microbone to Minibone
checking ownership. requestor=129.138.12.150
check software interlocks L
interlocks []
actuate state mode=None-script, software_lock=False
doing actuation None-script close_channel False
Close L ===>> OK
GetIndicatorState L ===>> False
change switch state (True, True)
update switch state L False args=() kw={} ncanvase=2
04:55:27 -- CLOSE  VALVE-L (Microbone to Minibone)
---------------------------------------- close None (Microbone to Minibone) result=[(True, True)]
action=close, ok=True, locked=[False]
open () {'description': 'Microbone to Turbo'}
opening name=--- desc=Microbone to Turbo
checking ownership. requestor=129.138.12.150
check software interlocks U
interlocks []
actuate state mode=None-script, software_lock=False
doing actuation None-script open_channel False
Open U ===>> OK
GetIndicatorState U ===>> OK
change switch state (True, True)
update switch state U True args=() kw={} ncanvase=2
04:55:27 -- OPEN   VALVE-U (Microbone to Turbo)
---------------------------------------- open None (Microbone to Turbo) result=[(True, True)], time=0.13 sec
action=open, ok=True, locked=[False]
open () {'description': 'Microbone to Inlet Pipette'}
opening name=--- desc=Microbone to Inlet Pipette
checking ownership. requestor=129.138.12.150
check software interlocks S
interlocks []
actuate state mode=None-script, software_lock=False
doing actuation None-script open_channel False
Open S ===>> OK
GetIndicatorState S ===>> OK
change switch state (True, True)
update switch state S True args=() kw={} ncanvase=2
04:55:28 -- OPEN   VALVE-S (Microbone to Inlet Pipette)
---------------------------------------- open None (Microbone to Inlet Pipette) result=[(True, True)], time=0.42 sec
Get Checksum: -1772432964
action=open, ok=True, locked=[False]
open () {'description': 'Microbone to Getter D-50'}
opening name=--- desc=Microbone to Getter D-50
checking ownership. requestor=129.138.12.150
check software interlocks K
interlocks []
actuate state mode=None-script, software_lock=False
doing actuation None-script open_channel False
Open K ===>> OK
GetIndicatorState K ===>> OK
change switch state (True, True)
update switch state K True args=() kw={} ncanvase=2
04:55:29 -- OPEN   VALVE-K (Microbone to Getter D-50)
---------------------------------------- open None (Microbone to Getter D-50) result=[(True, True)], time=0.40 sec
action=open, ok=True, locked=[False]
open () {'description': 'Microbone to Getter NP-10'}
opening name=--- desc=Microbone to Getter NP-10
checking ownership. requestor=129.138.12.150
check software interlocks M
interlocks []
actuate state mode=None-script, software_lock=False
doing actuation None-script open_channel False
Open M ===>> OK
GetIndicatorState M ===>> OK
change switch state (True, True)
update switch state M True args=() kw={} ncanvase=2
04:55:29 -- OPEN   VALVE-M (Microbone to Getter NP-10)
---------------------------------------- open None (Microbone to Getter NP-10) result=[(True, True)], time=0.14 sec
action=open, ok=True, locked=[False]
close () {'description': 'CO2 Laser to Felix'}
closing name=--- desc=CO2 Laser to Felix
checking ownership. requestor=129.138.12.150
check software interlocks F
interlocks []
actuate state mode=None-script, software_lock=True
VALVE-F(CO2 Laser to Felix) software locked
change switch state (True, False)
---------------------------------------- close None (CO2 Laser to Felix) result=[(True, False)]
action=close, ok=True, locked=[True]
open () {'description': 'CO2 Laser to Jan'}
opening name=--- desc=CO2 Laser to Jan
checking ownership. requestor=129.138.12.150
check software interlocks A
interlocks []
actuate state mode=None-script, software_lock=False
doing actuation None-script open_channel False
Open A ===>> OK
GetIndicatorState A ===>> OK
change switch state (True, True)
update switch state A True args=() kw={} ncanvase=2
04:55:29 -- OPEN   VALVE-A (CO2 Laser to Jan)
---------------------------------------- open None (CO2 Laser to Jan) result=[(True, True)], time=0.14 sec
action=open, ok=True, locked=[False]
open () {'description': 'Microbone to CO2 Laser'}
opening name=--- desc=Microbone to CO2 Laser
checking ownership. requestor=129.138.12.150
check software interlocks T
interlocks []
actuate state mode=None-script, software_lock=False
doing actuation None-script open_channel False
Open T ===>> OK
GetIndicatorState T ===>> OK
change switch state (True, True)
update switch state T True args=() kw={} ncanvase=2
04:55:30 -- OPEN   VALVE-T (Microbone to CO2 Laser)
---------------------------------------- open None (Microbone to CO2 Laser) result=[(True, True)], time=0.44 sec
action=open, ok=True, locked=[False]
executed 0
PrepareForCO2Analysis.py completed successfully
gosub finished
set_motor ('beam', '1.25') {}
setting motor "beam" to 1.25
set motor beam to 1.25
SetMotor beam,1.25 ===>> OK
Get Checksum: -1772432964
GetMotorMoving beam ===>> False
GetMotorMoving beam ===>> False
Block completed
move_to_position ('193',) {'autocenter': True}
FusionsCO2 move to position 193
sending GoToHole 193,True
GoToHole 193,True ===>> OK
GetDriveMoving ===>> False
GetDriveMoving ===>> False
Block completed
GetAutoCorrecting ===>> False
GetAutoCorrecting ===>> False
Block completed
update position
GetPosition ===>> 5.98170,-9.96950,1.00000
got position (5.9817, -9.9695, 1.0)
move to position succeeded
sleep (5,) {}
SLEEP 5.0
block started
WaitControl setup for 5.0  
Get Checksum: -1772432964
Get Checksum: -1772432964
Join finished
block finished. duration 5.01606297493
close () {'description': 'Microbone to Turbo'}
closing name=--- desc=Microbone to Turbo
checking ownership. requestor=129.138.12.150
check software interlocks U
interlocks []
actuate state mode=None-script, software_lock=False
doing actuation None-script close_channel True
Close U ===>> OK
GetIndicatorState U ===>> False
change switch state (True, True)
update switch state U False args=() kw={} ncanvase=2
04:55:39 -- CLOSE  VALVE-U (Microbone to Turbo)
---------------------------------------- close None (Microbone to Turbo) result=[(True, True)]
action=close, ok=True, locked=[False]
enable laser
enable () {}
set extraction state FusionsCO2 Enabled (False, 'red', 1.5)
enabling laser
Enable ===>> OK
begin interval
BEGIN INTERVAL Interval 1 waiting for 30.0
block started
set extract to 5.0
WaitControl setup for 30.0  
extract (5.0,) {}
GetPosition ===>> 5.98170,-9.96950,1.00000
set extraction state FusionsCO2 ON! 5.0(watts) (0.75, 'red', 1.5)
extract sample to 5.0 (watts)
set laser output
SetLaserOutput 5.0,watts ===>> OK
executing pattern triangle.lp
execute_pattern ('triangle.lp',) {}
executing pattern triangle.lp
Get Checksum: 1550443794
IsPatterning ===>> OK
IsPatterning ===>> OK
IsPatterning ===>> OK
Get Checksum: 1550443794
IsPatterning ===>> OK
IsPatterning ===>> OK
IsPatterning ===>> OK
Get Checksum: 1550443794
IsPatterning ===>> OK
IsPatterning ===>> OK
IsPatterning ===>> OK
Get Checksum: 1550443794
IsPatterning ===>> OK
IsPatterning ===>> OK
IsPatterning ===>> OK
Get Checksum: 1550443794
IsPatterning ===>> OK
IsPatterning ===>> OK
IsPatterning ===>> OK
Get Checksum: 1550443794
IsPatterning ===>> OK
IsPatterning ===>> OK
IsPatterning ===>> OK
Get Checksum: 1550443794
IsPatterning ===>> OK
IsPatterning ===>> OK
IsPatterning ===>> OK
Get Checksum: 1550443794
IsPatterning ===>> OK
IsPatterning ===>> OK
IsPatterning ===>> OK
Get Checksum: 1550443794
IsPatterning ===>> OK
IsPatterning ===>> OK
IsPatterning ===>> False
Get Checksum: 1550443794
IsPatterning ===>> False
Block completed
COMPLETE INTERVAL waiting for Interval 1 to complete
Join finished
block finished. duration 30.078111887
Interval 1 finished
end_extract () {}
ending extraction. set laser power to 0
set laser power 0
SetLaserPower 0 ===>> OK
disable () {}
%%%%%%%%%%%%%%%%%%%%%%%%%%%%%%%%%%% disable
set extraction state False (0.75, 'red', 1.5)
disabling laser
Disable ===>> OK
sleep (30.0,) {}
SLEEP 30.0
block started
WaitControl setup for 30.0  
Get Checksum: 1550443794
Get Checksum: 1550443794
Get Checksum: 1550443794
Get Checksum: 1550443794
Get Checksum: 1550443794
Get Checksum: 1550443794
Get Checksum: 1550443794
Get Checksum: 1550443794
Get Checksum: 1550443794
Get Checksum: 1550443794
Join finished
block finished. duration 30.0779988766
executed 166.5
jan_co2.py completed successfully
GetAchievedOutput ===>> No Response
Requested Output= 0.000
Achieved Output=  0.000
GetResponseBlob ===>> No Response
GetOutputBlob ===>> No Response
persistence save...
persistence save - db
AutomatedRunPersister post_extraction_save deprecated
persistence save - dvc
no extraction position for 193
create new session 4984345712
close session 4984345712
Extraction Finished
04:56:40 -- ******* Extraction Finished *******
no overlap. not waiting for min ms pumptime
04:56:40 -- Sending spectrometer configuration
======== Sending configuration ========
SetDeflection CDD,50.0 ===>> OK
SetDeflection H2,0.0 ===>> OK
SetDeflection H1,0.0 ===>> OK
SetDeflection L2,825.0 ===>> OK
SetDeflection L1,400.0 ===>> OK
SetDeflection AX,190.0 ===>> OK
SetZFocus 74.64 ===>> OK
SetZSymmetry -50.72 ===>> OK
SetExtractionLens 26.13 ===>> OK
SetIonRepeller -3.81 ===>> OK
SetElectronEnergy 75.08 ===>> OK
SetYSymmetry -2.81 ===>> OK
SetIonCounterVoltage 1590.0 ===>> OK
send trap current 200.0
GetParameter Trap Current Readback ===>> 198.147042666178
SetParameter Trap Current Set,200.0 ===>> OK
updating mftable name mftable
Using mftable located at /Users/jan/PychronDev/setupfiles/spectrometer/mftables/mftable.csv
============ MFtable ===========
Isotope  H2     H1     AX     L1     L2     CDD    
Ar40     5.7806 5.8790 5.9924 6.1205 6.2308 6.3488
Ar39     5.6799 5.7713 5.8848 6.0066 6.1159 6.2353
Ar36     5.3574 5.4403 5.5482 5.6655 5.7709 5.8864
================================
get initial guess parabolic
get initial guess parabolic
get initial guess parabolic
get initial guess parabolic
get initial guess parabolic
get initial guess parabolic
======== Configuration Finished ========
GetYSymmetry ===>> -2.81
GetZSymmetry ===>> -50.72
GetParameter Trap Current Readback ===>> 197.475737044497
GetHighVoltage ===>> 4500
start measurement
do measurement
L#=65571 analysis type=unknown
Measurement Started jan_unknown120_60.py
04:56:40 -- ******* Measurement Started jan_unknown120_60.py *******
state changed from extraction to measurement
setting spec, defl, and gains
GetExtractionLens ===>> 26.13
GetYSymmetry ===>> -2.81
GetZSymmetry ===>> -50.72
GetZFocus ===>> 74.64
GetDeflection H2 ===>> 0
GetDeflection H1 ===>> 0
GetDeflection AX ===>> 190
GetDeflection L1 ===>> 400
GetDeflection L2 ===>> 825
GetDeflection CDD ===>> 50
GetGain H2 ===>> 0.0113
GetGain H1 ===>> 0.1
GetGain AX ===>> 0.097049
GetGain L1 ===>> 0.010355
GetGain L2 ===>> 0.095649
GetGain CDD ===>> 0
pre measurement save
New frame /Users/jan/PychronDev/data/isotopes/44/1b7fc5-fedf-4a43-9506-ca644bf618cf.h5
flush and close file /Users/jan/PychronDev/data/isotopes/44/1b7fc5-fedf-4a43-9506-ca644bf618cf.h5
testing...
no interpolation path defined
executed 226.132928
unknown measurement script
activate_detectors ('H2', 'H1', 'AX', 'L1', 'L2', 'CDD') {}
activate detectors
*************** Set Analysis View Ar/Ar
create graphs
clearing graphs
clear isotope group
setting isotope det=H2, iso=PM41
setting isotope det=H1, iso=Ar40
setting isotope det=AX, iso=Ar39
setting isotope det=L1, iso=Ar38
setting isotope det=L2, iso=Ar37
setting isotope det=CDD, iso=Ar36
setting previous blanks
 - setting Ar40 blank 0.852+/-0.008
 - setting Ar36 blank 0.00689+/-0.00021
 - setting Ar37 blank 0.047+/-0.005
 - setting Ar38 blank 0.0200+/-0.0022
 - setting PM41 blank 0.03+/-0.06
 - setting Ar39 blank 0.025+/-0.008
load analysis view
position_magnet ('Ar40',) {'detector': 'H1'}
detector Detector(H1)
POSITION Ar40 H1
setting detector H2 to PM41 (40.9624)
setting detector H1 to Ar40 (39.9624)
setting detector AX to Ar39 (38.9624)
setting detector L1 to Ar38 (37.9624)
setting detector L2 to Ar37 (36.9624)
setting detector CDD to Ar36 (35.9624)
Mapping mass to dac mass func: "parabolic"
H1 map mass coeffs = [-0.00063987  0.15840543  0.57059999]
H1 map mass to dac 39.9624 >> 5.87899
GetDeflection H1 ===>> 0
GetHighVoltage ===>> 4500
positioning Ar40 (5.87899) on H1
setting magnet DAC
current  : 5.878987
requested: 5.878990
Delta Dac: 0.000003
Checking detector protection. dv=0.00000
Checking detector "CDD". Protection Threshold: 0.1 (V)
SetMagnetDAC 5.87899 ===>> OK
Magnet settling time: 0.500
equilibrate () {'delay': 3, 'inlet': 'R', 'outlet': 'O', 'eqtime': 12.0}
Equilibration Started
04:56:41 -- ******* Equilibration Started *******
checking ownership. requestor=129.138.12.150
check software interlocks O
interlocks []
actuate state mode=None-script, software_lock=False
doing actuation None-script close_channel True
Close O ===>> OK
GetIndicatorState O ===>> False
change switch state (True, True)
update switch state O False args=() kw={} ncanvase=2
04:56:42 -- CLOSE  VALVE-O (Jan Ion Pump)
waiting 3s before opening inlet value ('R',)
Get Checksum: 176217748
checking ownership. requestor=129.138.12.150
check software interlocks R
interlocks []
actuate state mode=None-script, software_lock=False
doing actuation None-script open_channel True
Open R ===>> OK
set states for children of R. state=True
handle state [('R', True)]
update switch state R True args=() kw={'refresh': False} ncanvase=2
refresh_canvas_needed fired
GetIndicatorState R ===>> OK
change switch state (True, True)
update switch state R True args=() kw={} ncanvase=2
04:56:45 -- OPEN   VALVE-R (Jan Inlet)
set_time_zero () {}
equilibrating for 12.0sec
sniff (12.0,) {}
py_sniff
build tables- sniff [Detector(H2), Detector(H1), Detector(AX), Detector(L1), Detector(L2), Detector(CDD)]
add group /sniff/PM41 (Group) '' table H2
add group /sniff/Ar40 (Group) '' table H1
add group /sniff/Ar39 (Group) '' table AX
add group /sniff/Ar38 (Group) '' table L1
add group /sniff/Ar37 (Group) '' table L2
add group /sniff/Ar36 (Group) '' table CDD
flush and close file /Users/jan/PychronDev/data/isotopes/44/1b7fc5-fedf-4a43-9506-ca644bf618cf.h5
measuring sniff. ncounts=12.0
starting measurement
GetData ===>> H2,-0.0583253382735298,H1,50.912649978496,AX,11.8257148372158,L1,-0.0131535560517705,L2,0.0999598...
Get Checksum: -1447199934
GetData ===>> H2,0.920634361142121,H1,933.497619204006,AX,209.924744679254,L1,1.00367853631934,L2,1.25292577423...
GetData ===>> H2,0.570119759314599,H1,1536.64878972647,AX,333.828120779045,L1,2.57551220479951,L2,1.54332296014...
GetData ===>> H2,0.267195638260669,H1,1725.67339892732,AX,367.442138252715,L1,3.53196474158294,L2,1.63563914742...
Get Checksum: -1447199934
GetData ===>> H2,0.134151022776895,H1,1791.78017699351,AX,378.698674048337,L1,4.08759445513011,L2,1.60065544865...
GetData ===>> H2,0.0596299553627379,H1,1817.83002835262,AX,383.182411101353,L1,4.43945332707222,L2,1.5591833376...
GetData ===>> H2,0.0844290394775851,H1,1828.6562026353,AX,384.982908165984,L1,4.6230000200107,L2,1.613548752142...
Get Checksum: -1447199934
GetData ===>> H2,0.0294843556966135,H1,1833.34069030381,AX,385.756045961554,L1,4.69649004784733,L2,1.6298804455...
GetData ===>> H2,-0.058401287004754,H1,1835.56487382976,AX,386.025578145787,L1,4.76810913186882,L2,1.6347080765...
Get Checksum: -1447199934
GetData ===>> H2,-0.117047119451776,H1,1836.49129210292,AX,386.121929924616,L1,4.85962690702003,L2,1.6722339019...
GetData ===>> H2,-0.129471113536298,H1,1836.14055898163,AX,386.106042139247,L1,4.88884281360613,L2,1.6474564824...
Equilibration Finished
04:56:57 -- ******* Equilibration Finished *******
checking ownership. requestor=129.138.12.150
check software interlocks R
interlocks []
actuate state mode=None-script, software_lock=False
doing actuation None-script close_channel True
GetData ===>> H2,-0.0147536420849168,H1,1835.83932655258,AX,385.591085426258,L1,4.92058041402823,L2,1.642455779...
Close R ===>> OK
GetIndicatorState R ===>> False
change switch state (True, True)
update switch state R False args=() kw={} ncanvase=2
04:56:58 -- CLOSE  VALVE-R (Jan Inlet)
Post Equilibration Started jan_pump_extraction_line.py
04:56:58 -- ******* Post Equilibration Started jan_pump_extraction_line.py *******
testing...
no interpolation path defined
calculate duration
testing...
no interpolation path defined
executed 4.0
executed 4.0
Pump after analysis
doing GOSUB
testing...
no interpolation path defined
executed 4.0
Pump Microbone
close () {'description': 'Jan Inlet'}
closing name=--- desc=Jan Inlet
checking ownership. requestor=129.138.12.150
check software interlocks R
interlocks []
actuate state mode=None-script, software_lock=False
doing actuation None-script close_channel False
Close R ===>> OK
Get Checksum: 176217748
measurement finished
estimated time: 12.583 actual time: :12.669
flush and close file /Users/jan/PychronDev/data/isotopes/44/1b7fc5-fedf-4a43-9506-ca644bf618cf.h5
set_fits () {}
using default fits file=/Users/jan/PychronDev/scripts/measurement/fits/nominal_linear.yaml
set "Ar40" to "('Linear', 'SEM')"
No fit for "PM41". defaulting to linear. check the measurement script "jan_unknown120_60.py"
set "PM41" to "linear"
set "Ar36" to "('Linear', 'SEM')"
set "Ar37" to "('linear', 'SEM')"
set "Ar38" to "('linear', 'SEM')"
set "Ar39" to "('Linear', 'SEM')"
set_baseline_fits () {}
GetIndicatorState R ===>> False
change switch state (True, True)
using default fits file=/Users/jan/PychronDev/scripts/measurement/fits/nominal_linear.yaml
update switch state R False args=() kw={} ncanvase=2
set "H1" to "('average', 'SEM')"
set "H2" to "('average', 'SEM')"
set "CDD" to "('average', 'SEM')"
set "L2" to "('average', 'SEM')"
set "L1" to "('average', 'SEM')"
set "AX" to "('average', 'SEM')"
multicollect () {'integration_time': 1, 'ncounts': 120}
build tables- signal [Detector(H2), Detector(H1), Detector(AX), Detector(L1), Detector(L2), Detector(CDD)]
04:56:58 -- CLOSE  VALVE-R (Jan Inlet)
---------------------------------------- close None (Jan Inlet) result=[(True, True)]
add group /signal/PM41 (Group) '' table H2
add group /signal/Ar40 (Group) '' table H1
add group /signal/Ar39 (Group) '' table AX
add group /signal/Ar38 (Group) '' table L1
add group /signal/Ar37 (Group) '' table L2
add group /signal/Ar36 (Group) '' table CDD
flush and close file /Users/jan/PychronDev/data/isotopes/44/1b7fc5-fedf-4a43-9506-ca644bf618cf.h5
measuring signal. ncounts=120
action=close, ok=True, locked=[False]
is_closed ('F',) {}
is F () closed?
is closed True
open () {'description': 'CO2 Laser to Jan'}
opening name=--- desc=CO2 Laser to Jan
checking ownership. requestor=129.138.12.150
check software interlocks A
interlocks []
actuate state mode=None-script, software_lock=False
doing actuation None-script open_channel False
Open A ===>> OK
GetIndicatorState A ===>> OK
change switch state (True, True)
update switch state A True args=() kw={} ncanvase=2
04:56:59 -- OPEN   VALVE-A (CO2 Laser to Jan)
---------------------------------------- open None (CO2 Laser to Jan) result=[(True, True)], time=0.12 sec
starting measurement
GetData ===>> H2,0.0948883984175306,H1,1836.13497610228,AX,386.238569357246,L1,4.93890163898598,L2,1.6722224028...
action=open, ok=True, locked=[False]
sleep (1,) {}
SLEEP 1.0
close () {'description': 'CO2 Laser to Roughing'}
closing name=--- desc=CO2 Laser to Roughing
checking ownership. requestor=129.138.12.150
check software interlocks G
interlocks []
actuate state mode=None-script, software_lock=True
VALVE-G(CO2 Laser to Roughing) software locked
change switch state (True, False)
---------------------------------------- close None (CO2 Laser to Roughing) result=[(True, False)]
action=close, ok=True, locked=[True]
open () {'description': 'Microbone to Turbo'}
opening name=--- desc=Microbone to Turbo
checking ownership. requestor=129.138.12.150
check software interlocks U
interlocks []
actuate state mode=None-script, software_lock=False
doing actuation None-script open_channel True
GetData ===>> H2,0.0400931134878389,H1,1835.61243738068,AX,386.110576473012,L1,4.93236439775215,L2,1.5213712905...
Open U ===>> OK
GetIndicatorState U ===>> OK
change switch state (True, True)
update switch state U True args=() kw={} ncanvase=2
04:57:00 -- OPEN   VALVE-U (Microbone to Turbo)
---------------------------------------- open None (Microbone to Turbo) result=[(True, True)], time=0.13 sec
action=open, ok=True, locked=[False]
open () {'description': 'Microbone to Getter NP-10'}
opening name=--- desc=Microbone to Getter NP-10
checking ownership. requestor=129.138.12.150
check software interlocks M
interlocks []
actuate state mode=None-script, software_lock=False
doing actuation None-script open_channel False
Open M ===>> OK
GetIndicatorState M ===>> OK
change switch state (True, True)
update switch state M True args=() kw={} ncanvase=2
04:57:00 -- OPEN   VALVE-M (Microbone to Getter NP-10)
---------------------------------------- open None (Microbone to Getter NP-10) result=[(True, True)], time=0.14 sec
action=open, ok=True, locked=[False]
open () {'description': 'Microbone to Getter D-50'}
opening name=--- desc=Microbone to Getter D-50
checking ownership. requestor=129.138.12.150
check software interlocks K
interlocks []
actuate state mode=None-script, software_lock=False
doing actuation None-script open_channel False
GetData ===>> H2,0.0459775880120596,H1,1834.31458048716,AX,385.936116494375,L1,4.8888398315993,L2,1.50375565156...
Open K ===>> OK
GetIndicatorState K ===>> OK
change switch state (True, True)
update switch state K True args=() kw={} ncanvase=2
04:57:01 -- OPEN   VALVE-K (Microbone to Getter D-50)
---------------------------------------- open None (Microbone to Getter D-50) result=[(True, True)], time=0.40 sec
Get Checksum: -861571959
action=open, ok=True, locked=[False]
open () {'description': 'Microbone to CO2 Laser'}
opening name=--- desc=Microbone to CO2 Laser
checking ownership. requestor=129.138.12.150
check software interlocks T
interlocks []
actuate state mode=None-script, software_lock=False
doing actuation None-script open_channel False
Open T ===>> OK
GetIndicatorState T ===>> OK
change switch state (True, True)
update switch state T True args=() kw={} ncanvase=2
04:57:02 -- OPEN   VALVE-T (Microbone to CO2 Laser)
---------------------------------------- open None (Microbone to CO2 Laser) result=[(True, True)], time=0.41 sec
action=open, ok=True, locked=[False]
open () {'description': 'Microbone to Inlet Pipette'}
opening name=--- desc=Microbone to Inlet Pipette
checking ownership. requestor=129.138.12.150
check software interlocks S
interlocks []
actuate state mode=None-script, software_lock=False
doing actuation None-script open_channel False
GetData ===>> H2,-0.0293940874890614,H1,1833.46535793842,AX,385.513384065057,L1,4.91851492261076,L2,1.605320740...
Open S ===>> OK
GetIndicatorState S ===>> OK
change switch state (True, True)
update switch state S True args=() kw={} ncanvase=2
04:57:02 -- OPEN   VALVE-S (Microbone to Inlet Pipette)
---------------------------------------- open None (Microbone to Inlet Pipette) result=[(True, True)], time=0.40 sec
action=open, ok=True, locked=[False]
sleep (1,) {}
SLEEP 1.0
GetData ===>> H2,-0.10588353593783,H1,1832.58819846101,AX,385.448631541043,L1,4.93035982866908,L2,1.58105449436...
set_resource () {'name': 'CO2PumpTimeFlag', 'value': 30}
Set CO2PumpTimeFlag 30 ===>> OK
release ('JanCO2Flag',) {}
release JanCO2Flag
Set JanCO2Flag 0 ===>> OK
executed 6.0
PumpMicrobone.py completed successfully
gosub finished
get_resource_value () {'name': 'JanMiniboneFlag'}
Read JanMiniboneFlag ===>> 0
Get Resource Value JanMiniboneFlag=0.0
get resource value 0.0
get_resource_value () {'name': 'JanMiniboneFlag'}
Read JanMiniboneFlag ===>> 0
Get Resource Value JanMiniboneFlag=0.0
executed 4.0
jan_pump_extraction_line.py completed successfully
Post Equilibration Finished
04:57:04 -- ******* Post Equilibration Finished *******
GetData ===>> H2,-0.167058752162823,H1,1831.35664308723,AX,385.195459381486,L1,4.95825878374062,L2,1.5687283847...
Get Checksum: -861571959
GetData ===>> H2,-0.132127810615481,H1,1830.0103452639,AX,385.087757176808,L1,4.99391121117766,L2,1.62722535151...
GetData ===>> H2,0.0186424135446747,H1,1829.71758645221,AX,384.929678784076,L1,4.9738153312377,L2,1.55228070937...
GetData ===>> H2,-0.0430540747539793,H1,1829.80801077417,AX,384.947466879866,L1,4.90745995454544,L2,1.640650992...
Get Checksum: -861571959
GetData ===>> H2,-0.0973312287254565,H1,1828.87134857541,AX,384.78021858495,L1,4.8900058504506,L2,1.58499504624...
GetData ===>> H2,-0.135005718980977,H1,1827.90179248682,AX,384.669307413694,L1,4.92016669108142,L2,1.5978977465...
GetData ===>> H2,-0.122406778271728,H1,1826.73794231085,AX,384.312677894971,L1,4.94848041280158,L2,1.6001153924...
Get Checksum: 620669736
State checksums do not match. Local:-861571959 Remote:620669736
State checksum failed
set states for children of B. state=False
handle state [('B', False)]
update switch state B False args=() kw={'refresh': False} ncanvase=2
refresh_canvas_needed fired
GetData ===>> H2,0.00764364298888991,H1,1826.17892403809,AX,383.951927499429,L1,4.96157080346312,L2,1.677753636...
GetData ===>> H2,-0.111587460939403,H1,1825.63502280066,AX,384.25153350052,L1,4.90713320078123,L2,1.51082220426...
set states for children of C. state=False
handle state [('C', False)]
update switch state C False args=() kw={'refresh': False} ncanvase=2
refresh_canvas_needed fired
Get Checksum: -1716540614
GetData ===>> H2,-0.184198300692393,H1,1824.93079943245,AX,384.042103236085,L1,4.90008704782603,L2,1.4704521605...
GetData ===>> H2,-0.17129194877864,H1,1825.03087416216,AX,383.533506721799,L1,4.90092577298766,L2,1.65026158775...
GetData ===>> H2,-0.0706926027981077,H1,1824.1339907913,AX,383.455980410194,L1,4.91742182849699,L2,1.5795380566...
Get Checksum: -1716540614
GetData ===>> H2,-0.101061302673776,H1,1823.0522377865,AX,383.834069571398,L1,4.89309140390123,L2,1.63955893954...
GetData ===>> H2,-0.200752648088912,H1,1822.34790921089,AX,383.522031516808,L1,4.91616309645369,L2,1.5761146713...
GetData ===>> H2,-0.251427358866477,H1,1822.09341027953,AX,383.169186071054,L1,4.87310592163664,L2,1.6372254370...
Get Checksum: -1716540614
GetData ===>> H2,-0.223942329354101,H1,1821.21085857514,AX,382.914938249536,L1,4.84446620135908,L2,1.5490650113...
GetData ===>> H2,-0.0857563846494308,H1,1819.69872494608,AX,382.800383728512,L1,4.88934081871544,L2,1.571496740...
GetData ===>> H2,-0.122458171130314,H1,1819.87173295514,AX,382.654278925435,L1,4.89375066860201,L2,1.5972083333...
Get Checksum: -1716540614
GetData ===>> H2,-0.18560650060842,H1,1818.50626801001,AX,382.509100547015,L1,4.85104221762355,L2,1.57187581564...
04:57:24 -- collecting point 25
GetData ===>> H2,-0.243113593604844,H1,1816.84035302497,AX,382.319746817769,L1,4.83113952709495,L2,1.5539000836...
GetData ===>> H2,-0.188605760157325,H1,1816.80410755972,AX,382.224518324046,L1,4.80376833786355,L2,1.6094691337...
Get Checksum: -1716540614
GetData ===>> H2,-0.13504087688164,H1,1815.97760329415,AX,382.258317758955,L1,4.79190230591216,L2,1.63621388704...
GetData ===>> H2,-0.239360977603958,H1,1815.12340480135,AX,381.706333063725,L1,4.82255270679521,L2,1.5547844342...
GetData ===>> H2,-0.153252431205566,H1,1814.79552902007,AX,381.723853766336,L1,4.88319189749248,L2,1.5583334033...
Get Checksum: -1716540614
GetData ===>> H2,-0.236218161565618,H1,1813.57484555274,AX,381.625511143187,L1,4.88814653429723,L2,1.5507187855...
GetData ===>> H2,-0.0663320930190392,H1,1813.03545924431,AX,381.685000469771,L1,4.83439940778794,L2,1.659056811...
GetData ===>> H2,-0.0843045391661723,H1,1812.13043506144,AX,381.632414297739,L1,4.81656719641066,L2,1.562399373...
Get Checksum: -1716540614
GetData ===>> H2,-0.165047530769249,H1,1811.6427980789,AX,381.098370640415,L1,4.84212474941732,L2,1.59863312605...
GetData ===>> H2,-0.0744848195964127,H1,1810.98597033286,AX,381.202933935295,L1,4.84684733760751,L2,1.500435125...
GetData ===>> H2,-0.0823242047820446,H1,1809.88080125723,AX,381.171022332882,L1,4.80690778518238,L2,1.583604920...
Get Checksum: -1716540614
GetData ===>> H2,-0.127469209678921,H1,1809.51815166773,AX,380.989111645881,L1,4.80464489575007,L2,1.5483759471...
GetData ===>> H2,-0.0606876490542261,H1,1808.22554064502,AX,380.706988127109,L1,4.81499394778591,L2,1.628294276...
Get Checksum: -1716540614
GetData ===>> H2,-0.215544009965083,H1,1807.91152418971,AX,380.690872602576,L1,4.87637309601231,L2,1.5192912595...
GetData ===>> H2,-0.227498577936291,H1,1807.40899735835,AX,380.567167521806,L1,4.84494090417791,L2,1.5371104458...
GetData ===>> H2,-0.0853501032873806,H1,1806.82987341567,AX,380.450283944507,L1,4.81299272911186,L2,1.478802800...
Get Checksum: -1716540614
GetData ===>> H2,-0.0694029339681943,H1,1805.98935831836,AX,380.290142662914,L1,4.80768793086668,L2,1.456842283...
GetData ===>> H2,-0.0932870141474595,H1,1804.61572012395,AX,380.061576991195,L1,4.82304071789017,L2,1.643019064...
GetData ===>> H2,-0.199753554122782,H1,1804.33069711799,AX,379.685587325812,L1,4.82230126950229,L2,1.6207545842...
Get Checksum: -1716540614
GetData ===>> H2,-0.0558743634664445,H1,1803.92595234515,AX,379.668779047448,L1,4.78334539791088,L2,1.495345405...
GetData ===>> H2,-0.130104998670257,H1,1802.91323618863,AX,380.025301644181,L1,4.76200633855804,L2,1.5801009739...
GetData ===>> H2,-0.142135134222195,H1,1802.2557452381,AX,379.814017991539,L1,4.74618228524361,L2,1.65231948327...
Get Checksum: -1716540614
GetData ===>> H2,-0.174287390158666,H1,1801.22730909324,AX,379.523159904463,L1,4.76444053922162,L2,1.5464695618...
GetData ===>> H2,-0.0808908885862568,H1,1800.56113321232,AX,379.522167688911,L1,4.77687628215136,L2,1.607710928...
GetData ===>> H2,-0.118761349153858,H1,1799.89095006883,AX,379.260482452136,L1,4.72211431052664,L2,1.6119628518...
Get Checksum: -1716540614
04:57:50 -- collecting point 50
GetData ===>> H2,-0.232085979819184,H1,1799.26868549489,AX,379.045994544384,L1,4.73930594111157,L2,1.6073202210...
GetData ===>> H2,-0.128288397359551,H1,1798.52659850597,AX,378.681828109471,L1,4.76068702255536,L2,1.5449996037...
GetData ===>> H2,-0.197502909944385,H1,1797.94586958329,AX,378.852376781884,L1,4.73861507111136,L2,1.5095007769...
Get Checksum: -1716540614
GetData ===>> H2,-0.147839223539481,H1,1797.67278997988,AX,378.996080606543,L1,4.77937383009225,L2,1.5842942366...
GetData ===>> H2,-0.0145878603673831,H1,1796.33948096983,AX,378.371920247766,L1,4.76044513838607,L2,1.412442656...
GetData ===>> H2,-0.0484748349094946,H1,1795.20653106075,AX,378.069669859498,L1,4.76933767498764,L2,1.505789386...
Get Checksum: -1716540614
GetData ===>> H2,0.0271073177100985,H1,1794.09425090705,AX,378.206151649852,L1,4.70315557977766,L2,1.7191847261...
GetData ===>> H2,0.0417772030021776,H1,1793.76910170369,AX,378.01002575168,L1,4.7002375816141,L2,1.584133395787...
GetData ===>> H2,-0.0578872669516318,H1,1792.85779349072,AX,378.140360536699,L1,4.76868332715583,L2,1.608446383...
Get Checksum: -1716540614
GetData ===>> H2,-0.170831866000687,H1,1792.19310568281,AX,377.688165176049,L1,4.80004905009038,L2,1.6269609955...
GetData ===>> H2,-0.162115097249528,H1,1792.08397627869,AX,377.66603025286,L1,4.78671660045894,L2,1.50123939444...
GetData ===>> H2,-0.147989150236889,H1,1791.27539060796,AX,377.257604264936,L1,4.72882100324416,L2,1.6294436718...
Get Checksum: -1716540614
GetData ===>> H2,-0.0586548978468934,H1,1790.14899587658,AX,377.395201788179,L1,4.73005206227288,L2,1.654630356...
GetData ===>> H2,-0.208602105178882,H1,1789.34907380933,AX,377.032133044548,L1,4.7598886742427,L2,1.55479591937...
GetData ===>> H2,-0.13461356578104,H1,1788.11768000042,AX,376.964883031484,L1,4.74940212288016,L2,1.49231238195...
Get Checksum: -1716540614
GetData ===>> H2,-0.108320265641448,H1,1787.77260362806,AX,376.929288491589,L1,4.75652519257646,L2,1.5319675043...
GetData ===>> H2,-0.0811970752720009,H1,1786.64326674502,AX,377.202626023263,L1,4.7120841332307,L2,1.4916920025...
GetData ===>> H2,-0.157065267092213,H1,1785.93588373982,AX,377.129906015481,L1,4.6631160328117,L2,1.56818850734...
Get Checksum: -1716540614
GetData ===>> H2,-0.0682460403939948,H1,1785.92641399491,AX,376.810746367614,L1,4.68441462083949,L2,1.576367400...
GetData ===>> H2,-0.0179043954321892,H1,1784.86338976085,AX,376.325468101725,L1,4.7399479212324,L2,1.5354615221...
Get Checksum: -1716540614
GetData ===>> H2,-0.0620570766212328,H1,1784.52050351364,AX,376.570291349478,L1,4.74903592072108,L2,1.555381662...
GetData ===>> H2,-0.165634736332125,H1,1783.9030253554,AX,376.532585664164,L1,4.75781736233211,L2,1.57552880214...
GetData ===>> H2,-0.0868180647372689,H1,1782.99774901906,AX,376.157796252,L1,4.750402932733,L2,1.5350132693583,...
Get Checksum: -1716540614
GetData ===>> H2,-0.0501714656191593,H1,1782.83444132387,AX,375.971883312918,L1,4.73883300235496,L2,1.564777011...
GetData ===>> H2,-0.100415566258059,H1,1782.19241592811,AX,375.525597879139,L1,4.73993754253741,L2,1.6143302198...
04:58:17 -- collecting point 75
GetData ===>> H2,-0.100614570700687,H1,1780.95712059402,AX,375.447759020496,L1,4.75089817804091,L2,1.5483070409...
Get Checksum: -1716540614
GetData ===>> H2,-0.0121823954870676,H1,1780.42997288196,AX,375.564304375657,L1,4.77811608433591,L2,1.543598570...
set states for children of V. state=False
handle state [('V', False)]
update switch state V False args=() kw={'refresh': False} ncanvase=2
refresh_canvas_needed fired
GetData ===>> H2,-0.1615236582016,H1,1779.40741155936,AX,375.278130968187,L1,4.74906705489847,L2,1.620248894245...
GetData ===>> H2,0.0408590468597701,H1,1778.98583881756,AX,375.131786389735,L1,4.69838291428637,L2,1.5757126038...
GetData ===>> H2,0.107663266572513,H1,1778.11586159513,AX,375.27269708325,L1,4.71675903712728,L2,1.624110594077...
set states for children of H. state=True
handle state [('H', True)]
update switch state H True args=() kw={'refresh': False} ncanvase=2
refresh_canvas_needed fired
GetData ===>> H2,-0.0374343116077235,H1,1778.15595054015,AX,374.754871727841,L1,4.74774614468257,L2,1.573231310...
Get Checksum: -341408174
GetData ===>> H2,-0.111227361448592,H1,1777.16297963312,AX,374.791589412834,L1,4.72752637469408,L2,1.4546947398...
GetData ===>> H2,-0.041557461077583,H1,1776.39633839057,AX,374.452645585009,L1,4.67699672996425,L2,1.5037671414...
GetData ===>> H2,-0.119566284848477,H1,1774.89767254689,AX,374.278344597174,L1,4.70551298192234,L2,1.5495243902...
Get Checksum: -341408174
GetData ===>> H2,-0.130007688114467,H1,1775.11923770357,AX,374.202872914504,L1,4.7372882932009,L2,1.54996080216...
GetData ===>> H2,-0.0566055063623167,H1,1773.88065478443,AX,374.242606632432,L1,4.73894271068426,L2,1.536771811...
GetData ===>> H2,-0.0146530862486926,H1,1772.84796454331,AX,374.1426849116,L1,4.70289795113378,L2,1.56654592006...
Get Checksum: -341408174
GetData ===>> H2,-0.114609951237953,H1,1772.58727901219,AX,373.928468886936,L1,4.69964695916968,L2,1.6136636734...
GetData ===>> H2,-0.0954975602521749,H1,1771.81147852764,AX,373.623673682253,L1,4.69056024379307,L2,1.470027181...
GetData ===>> H2,-0.000986549298936551,H1,1771.02354558338,AX,373.197705135179,L1,4.69019638097973,L2,1.5699574...
Get Checksum: -341408174
GetData ===>> H2,-0.0316678150639278,H1,1769.85049756399,AX,373.272448173508,L1,4.73271310684507,L2,1.626075982...
GetData ===>> H2,-0.090169576129999,H1,1769.51212367397,AX,373.223531184556,L1,4.73865213397858,L2,1.6931185620...
GetData ===>> H2,-0.0815330582551411,H1,1769.46046745105,AX,373.041106756602,L1,4.69811946445816,L2,1.539774543...
Get Checksum: -341408174
GetData ===>> H2,-0.17198675978158,H1,1768.34026235601,AX,373.028883327531,L1,4.64674076973939,L2,1.53569804470...
GetData ===>> H2,-0.110555867241328,H1,1767.7725250589,AX,373.042561356997,L1,4.66828138371159,L2,1.59678319763...
Get Checksum: -341408174
GetData ===>> H2,-0.126747302216008,H1,1767.00584506561,AX,372.875100166764,L1,4.67395689767472,L2,1.5058813080...
GetData ===>> H2,-0.205087774537282,H1,1766.11458518254,AX,372.484630236333,L1,4.68291441447974,L2,1.6922559452...
GetData ===>> H2,-0.151862244737537,H1,1765.06350503263,AX,372.506550240375,L1,4.73375634426394,L2,1.5485137595...
Get Checksum: -341408174
GetData ===>> H2,-0.107761528171474,H1,1764.78072215497,AX,372.496715424482,L1,4.71430808422979,L2,1.5266002960...
GetData ===>> H2,-0.107472002061942,H1,1764.11782529857,AX,372.412430620878,L1,4.70653635560333,L2,1.5553472070...
04:58:43 -- collecting point 100
GetData ===>> H2,-0.00250376878686553,H1,1763.36602758982,AX,372.095195953812,L1,4.69726107120458,L2,1.49999852...
set states for children of H. state=False
handle state [('H', False)]
update switch state H False args=() kw={'refresh': False} ncanvase=2
refresh_canvas_needed fired
Get Checksum: 2107247967
GetData ===>> H2,-0.0581530955233336,H1,1762.94653930277,AX,371.882102047116,L1,4.69266079857114,L2,1.533128331...
GetData ===>> H2,-0.0507577624236452,H1,1762.01197058017,AX,371.674159627181,L1,4.674746354508,L2,1.44640360396...
set states for children of C. state=True
handle state [('C', True)]
update switch state C True args=() kw={'refresh': False} ncanvase=2
refresh_canvas_needed fired
GetData ===>> H2,-0.0812499119633961,H1,1761.21351847622,AX,371.320454562593,L1,4.70545374523348,L2,1.449986389...
Get Checksum: 799532470
State checksums do not match. Local:-1902236393 Remote:799532470
State checksum failed
GetData ===>> H2,-0.111110935862501,H1,1760.73858405586,AX,371.512022036254,L1,4.68518254810051,L2,1.5012623736...
set states for children of B. state=True
handle state [('B', True)]
update switch state B True args=() kw={'refresh': False} ncanvase=2
refresh_canvas_needed fired
GetData ===>> H2,-0.1618801457069,H1,1759.90695046925,AX,371.259876506215,L1,4.69413879620801,L2,1.597817314737...
GetData ===>> H2,-0.147779792588262,H1,1759.48753473633,AX,371.21060737272,L1,4.6718356660712,L2,1.541060685876...
Get Checksum: 799532470
GetData ===>> H2,-0.113972493355209,H1,1758.13274229403,AX,371.057613757106,L1,4.69692217020508,L2,1.5756896286...
GetData ===>> H2,-0.129790087880234,H1,1757.26231547093,AX,370.981529290488,L1,4.67258064268015,L2,1.4563140061...
GetData ===>> H2,-0.128108613708708,H1,1756.89345348926,AX,370.774456586597,L1,4.64060618592801,L2,1.6018504774...
Get Checksum: 799532470
GetData ===>> H2,-0.131882992429188,H1,1756.62119546326,AX,370.736612838227,L1,4.7091959601483,L2,1.51036257532...
GetData ===>> H2,-0.134059119162596,H1,1755.24499133866,AX,370.571442492601,L1,4.71939268409748,L2,1.5493291539...
GetData ===>> H2,-0.124385235382641,H1,1754.69497058569,AX,370.49996584192,L1,4.7053071356432,L2,1.572737356598...
Get Checksum: 799532470
GetData ===>> H2,-0.0614049242390614,H1,1754.26002754807,AX,370.096791701296,L1,4.67648363209853,L2,1.574874011...
GetData ===>> H2,-0.127823387186201,H1,1753.50511311128,AX,369.808458338086,L1,4.68506121539236,L2,1.5649378197...
GetData ===>> H2,-0.0441123048268947,H1,1752.51815701972,AX,369.859866562863,L1,4.70054696648468,L2,1.584524009...
Get Checksum: 799532470
GetData ===>> H2,-0.0923197650211037,H1,1752.18277725949,AX,369.798399839644,L1,4.677909120649,L2,1.55176389353...
GetData ===>> H2,-0.138389843495833,H1,1751.43211744122,AX,369.423980447592,L1,4.65647616327345,L2,1.5593096798...
Get Checksum: 799532470
GetData ===>> H2,-0.139694280323921,H1,1750.02945295885,AX,369.459852383185,L1,4.65178916462198,L2,1.5439086337...
GetData ===>> H2,-0.14176079593771,H1,1748.82639870812,AX,369.402264510529,L1,4.68014971627453,L2,1.45244389004...
GetData ===>> H2,-0.0206590627900468,H1,1749.0290907422,AX,369.058973404039,L1,4.73014984113848,L2,1.5663047033...
Get Checksum: 799532470
measurement finished
estimated time: 125.829 actual time: :126.244
flush and close file /Users/jan/PychronDev/data/isotopes/44/1b7fc5-fedf-4a43-9506-ca644bf618cf.h5
baselines () {'settling_time': 15.0, 'detector': 'H1', 'mass': 34.2, 'ncounts': 60}
%%%%%%%%%%%%%%%%%%%%%%%%%%%%%%%% Baseline
build tables- baseline [Detector(H2), Detector(H1), Detector(AX), Detector(L1), Detector(L2), Detector(CDD)]
add group baseline table H2
add group baseline table H1
add group baseline table AX
add group baseline table L1
add group baseline table L2
add group baseline table CDD
flush and close file /Users/jan/PychronDev/data/isotopes/44/1b7fc5-fedf-4a43-9506-ca644bf618cf.h5
detector Detector(H1)
POSITION 34.2 H1
Mapping mass to dac mass func: "parabolic"
H1 map mass coeffs = [-0.00063987  0.15840543  0.57059999]
H1 map mass to dac 34.2 >> 5.23964599104
GetDeflection H1 ===>> 0
GetHighVoltage ===>> 4500
positioning 34.2 (5.23964599104) on H1
setting magnet DAC
current  : 5.878990
requested: 5.239646
Delta Dac: 0.639344
Checking detector protection. dv=0.63934
Checking detector "CDD". Protection Threshold: 0.1 (V)
ProtectDetector CDD,On ===>> OK
GetDeflection CDD ===>> 2000
SetMagnetDAC 5.23964599104 ===>> OK
Magnet settling time: 0.500
GetMagnetMoving ===>> True
GetMagnetMoving ===>> True
GetMagnetMoving ===>> True
GetMagnetMoving ===>> True
GetMagnetMoving ===>> True
GetMagnetMoving ===>> True
GetMagnetMoving ===>> True
GetMagnetMoving ===>> True
GetMagnetMoving ===>> False
ProtectDetector CDD,Off ===>> OK
GetDeflection CDD ===>> 50
Delaying 15.0s for detectors to settle
Get Checksum: 799532470
Get Checksum: 799532470
Get Checksum: 799532470
Get Checksum: 799532470
Get Checksum: 799532470
Join finished
measuring baseline. ncounts=60
Get Checksum: 799532470
starting measurement
GetData ===>> H2,-0.184764838960395,H1,-0.0732292205574357,AX,-0.115092460323711,L1,-0.077245107433602,L2,-0.01...
GetData ===>> H2,-0.22424265411485,H1,-0.0722875473092131,AX,-0.0554819120997412,L1,-0.103737748793063,L2,-0.08...
GetData ===>> H2,-0.305367718730492,H1,-0.133796014243503,AX,-0.217386945283566,L1,-0.122761656142245,L2,-0.036...
Get Checksum: 799532470
GetData ===>> H2,-0.238563991868311,H1,-0.0558843233726013,AX,-0.110469110354033,L1,-0.0850294233595088,L2,-0.0...
GetData ===>> H2,-0.0679055956184224,H1,-0.0299030771624629,AX,-0.0161117455770337,L1,-0.10615943259345,L2,0.00...
GetData ===>> H2,-0.108436609453921,H1,0.0203615765208333,AX,-0.172249388828108,L1,-0.10610453643954,L2,0.04899...
Get Checksum: 799532470
GetData ===>> H2,-0.27945383402149,H1,-0.0106303891752589,AX,-0.0432956774112973,L1,-0.052850960628493,L2,0.042...
GetData ===>> H2,-0.229391376139385,H1,-0.10775509304739,AX,-0.05659494596652,L1,-0.0788734649671624,L2,-0.1193...
GetData ===>> H2,-0.203301892899207,H1,-0.0361515926608601,AX,-0.0435275895559115,L1,-0.105543623713304,L2,-0.0...
Get Checksum: 799532470
GetData ===>> H2,-0.312803721559937,H1,0.00837162963953659,AX,-0.132575774689371,L1,-0.0765623620121551,L2,-0.0...
GetData ===>> H2,-0.231664738011347,H1,-0.0790697807389272,AX,-0.103157048219002,L1,-0.047782514895982,L2,-0.05...
GetData ===>> H2,-0.233753297247843,H1,-0.0311074969505441,AX,-0.119379580997361,L1,-0.0400061680945214,L2,-0.0...
Get Checksum: 799532470
GetData ===>> H2,-0.21688981099808,H1,-0.0122644182088514,AX,-0.0451625544929146,L1,-0.0549302894693026,L2,-0.0...
GetData ===>> H2,-0.237923877171607,H1,0.0285943118393696,AX,-0.109785438452852,L1,-0.0669794885728831,L2,0.033...
GetData ===>> H2,-0.245079584949929,H1,0.00983897885358256,AX,-0.148530739103778,L1,-0.0626979424684265,L2,0.05...
Get Checksum: 799532470
GetData ===>> H2,-0.121589871067421,H1,-0.0042848556231377,AX,-0.0764535039577448,L1,-0.0462313179389884,L2,0.0...
GetData ===>> H2,-0.255970436442161,H1,0.0216501338803578,AX,-0.0361409162313848,L1,-0.0567378134028335,L2,-0.1...
Get Checksum: 799532470
GetData ===>> H2,-0.228862340006263,H1,0.0407895494331846,AX,-0.110642924478137,L1,-0.0944979885057474,L2,-0.02...
GetData ===>> H2,-0.29199436854804,H1,0.0824392104803231,AX,-0.0497194394540428,L1,-0.0464587460557972,L2,-0.04...
GetData ===>> H2,-0.2378445159923,H1,0.00123799440545653,AX,-0.142049417603299,L1,-0.0765217067033786,L2,-0.013...
Get Checksum: 799532470
GetData ===>> H2,-0.181125011053063,H1,0.0454914370021654,AX,-0.111627865315713,L1,-0.06973402076131,L2,-0.0070...
GetData ===>> H2,-0.124360895558428,H1,-0.000766012319019915,AX,-0.0551340864055896,L1,-0.0546872664085461,L2,-...
GetData ===>> H2,-0.239527906681368,H1,0.00923056315460538,AX,-0.0642467091929264,L1,-0.0644430723809937,L2,0.0...
Get Checksum: 799532470
GetData ===>> H2,-0.290509457511326,H1,0.0624869024757448,AX,-0.129158143886447,L1,-0.0566432556460547,L2,-0.01...
04:59:48 -- collecting point 25
GetData ===>> H2,-0.37531616933753,H1,0.0127618117038654,AX,-0.125995280266209,L1,-0.025537380844212,L2,-0.1151...
GetData ===>> H2,-0.313464968638587,H1,0.103218287626672,AX,-0.128277650057874,L1,-0.0147913405923206,L2,-0.000...
Get Checksum: 799532470
GetData ===>> H2,-0.235462075882182,H1,0.0324842164956653,AX,-0.0358973899819656,L1,-0.0230781824676811,L2,-0.1...
GetData ===>> H2,-0.10367500954636,H1,0.00813303830440333,AX,0.000650050683154329,L1,-0.034674787321937,L2,-0.0...
GetData ===>> H2,-0.0584433298345055,H1,0.0479140693290471,AX,-0.20148979054443,L1,-0.000957679091033379,L2,0.0...
Get Checksum: 799532470
GetData ===>> H2,-0.136839193404423,H1,0.025193752139674,AX,-0.146037974251476,L1,0.00859612398669836,L2,0.0853...
GetData ===>> H2,-0.141517537000032,H1,-0.0217221790024923,AX,-0.0409069501604361,L1,0.014217330449242,L2,-0.07...
GetData ===>> H2,-0.101581114133183,H1,0.0465416349510807,AX,-0.0691736625132012,L1,-0.0126956831364941,L2,-0.0...
Get Checksum: 799532470
GetData ===>> H2,-0.189559045368526,H1,0.138619444604804,AX,-0.115498006856486,L1,-0.0318695649877815,L2,-0.052...
GetData ===>> H2,-0.23733739834106,H1,-0.0428289642676603,AX,-0.0884153726854104,L1,-0.0410972549328978,L2,-0.0...
GetData ===>> H2,-0.354864314781602,H1,-0.0999976416785174,AX,-0.116274334074895,L1,-0.0166193252125691,L2,-0.0...
Get Checksum: 799532470
GetData ===>> H2,-0.232067138668138,H1,-0.0762329798011717,AX,-0.0220385827180238,L1,-0.0254127575736374,L2,0.0...
GetData ===>> H2,-0.232394162757799,H1,-0.016951667351983,AX,-0.124825110521139,L1,-0.0450234686715089,L2,-0.04...
GetData ===>> H2,-0.148415957728122,H1,-0.0302369771696618,AX,-0.034343446230975,L1,0.00239460704898596,L2,-0.0...
GetData ===>> H2,-0.183530558476739,H1,-0.00489318548366742,AX,-0.0415215312201487,L1,-0.0383986652084524,L2,-0...
Get Checksum: 799532470
GetData ===>> H2,-0.0839835371093957,H1,0.00122606567531949,AX,-0.158848946620858,L1,-0.00715880644645683,L2,-0...
GetData ===>> H2,-0.167745725181628,H1,0.0243824075945255,AX,-0.0655799094160609,L1,0.0246830681658207,L2,0.045...
GetData ===>> H2,-0.350463937540516,H1,0.0479498722167683,AX,-0.106564004501243,L1,0.0199726220021542,L2,0.0321...
Get Checksum: 799532470
GetData ===>> H2,-0.27481513047628,H1,-0.0280189062435763,AX,-0.0666000850764244,L1,-0.0326323683472708,L2,-0.0...
GetData ===>> H2,-0.192116473364677,H1,0.0582138946062961,AX,0.0350526724406894,L1,-0.0292933287393775,L2,-0.07...
GetData ===>> H2,-0.143744512954205,H1,-0.00760080491641875,AX,-0.147765525060888,L1,-0.0271896915045317,L2,0.0...
Get Checksum: 799532470
GetData ===>> H2,-0.216727506697685,H1,0.0197769587438447,AX,-0.184964191191607,L1,0.044018406049583,L2,-0.1100...
GetData ===>> H2,-0.230651270844802,H1,-0.01200202118381,AX,-0.0861784295701938,L1,0.0567573973633483,L2,-0.163...
GetData ===>> H2,-0.135120657867495,H1,-0.020243344708226,AX,-0.0245321538832049,L1,0.0103422873210739,L2,-0.06...
Get Checksum: 799532470
GetData ===>> H2,-0.132735099224863,H1,0.0161619491329425,AX,0.00502367233635757,L1,-1.3198666602952E-05,L2,-0....
05:00:15 -- collecting point 50
GetData ===>> H2,-0.148927835397833,H1,-0.00766044328661657,AX,-0.0695330305230868,L1,0.00398532288024685,L2,-0...
GetData ===>> H2,-0.266628953228337,H1,0.00523419901046225,AX,-0.186204288042568,L1,0.0169792680874181,L2,-0.04...
Get Checksum: 799532470
GetData ===>> H2,-0.367592400548508,H1,0.00406514354278649,AX,-0.0329054463279653,L1,0.0138919519875206,L2,0.02...
GetData ===>> H2,-0.294845493496268,H1,0.0109603821836447,AX,-0.194641162714054,L1,-0.0418756747825011,L2,-0.07...
GetData ===>> H2,-0.269714920689163,H1,0.0600281103094293,AX,-0.153469703099041,L1,-0.0557598756146686,L2,-0.02...
Get Checksum: 799532470
GetData ===>> H2,-0.261153853553602,H1,0.0585003475319425,AX,-0.119588138805634,L1,-0.0476029904666742,L2,-0.00...
GetData ===>> H2,-0.195837225902521,H1,0.0496445568809235,AX,-0.0479570054349503,L1,-0.0236546859435281,L2,-0.0...
GetData ===>> H2,-0.181462331181106,H1,0.0703888666830245,AX,-0.0406286480265148,L1,-0.0274868150220809,L2,-0.0...
Get Checksum: 799532470
GetData ===>> H2,-0.270916284190509,H1,0.00325397022120661,AX,0.0195728888999239,L1,-0.0172669566249703,L2,-0.0...
GetData ===>> H2,-0.342171829605507,H1,0.0343218313812567,AX,0.0346581046605162,L1,-0.0280594718755091,L2,0.119...
GetData ===>> H2,-0.270679784266886,H1,0.0701740014028786,AX,-0.00975536260063156,L1,0.0362436648007841,L2,-0.0...
Get Checksum: 799532470
measurement finished
estimated time: 62.915 actual time: :63.120
flush and close file /Users/jan/PychronDev/data/isotopes/44/1b7fc5-fedf-4a43-9506-ca644bf618cf.h5
activate_detectors ('H1', 'AX', 'CDD') {'peak_center': True}
peak_center () {'detector': 'H1', 'integration_time': 0.262144, 'isotope': 'Ar40'}
peak center: mean=1752.17230967 threshold=3
peak center started
setup peak center. detector=['H1', 'AX', 'CDD'], isotope=Ar40
VersionedUnpickler [<apptools.sweet_pickle.versioned_unpickler.VersionedUnpickler object at 0x162fa1050>] using Updater [<apptools.sweet_pickle.updater.Updater object at 0x1356d5710>]
VersionedUnpickler [<apptools.sweet_pickle.versioned_unpickler.VersionedUnpickler object at 0x162fa1050>] using Updater [<apptools.sweet_pickle.updater.Updater object at 0x1356d5710>]
VersionedUnpickler [<apptools.sweet_pickle.versioned_unpickler.VersionedUnpickler object at 0x159adba70>] using Updater [<apptools.sweet_pickle.updater.Updater object at 0x1356d5710>]
setting integration time = 0.524288
SetIntegrationTime 0.524288 ===>> OK
Mapping mass to dac mass func: "parabolic"
H1 map mass coeffs = [-0.00063987  0.15840543  0.57059999]
H1 map mass to dac 39.9624 >> 5.87899
GetDeflection H1 ===>> 0
GetHighVoltage ===>> 4500
do peak center. <pychron.spectrometer.jobs.peak_center.PeakCenter object at 0x1356efa10>
doing pc
starting peak center. center dac= 5.87899 step_width=0.001
width = 0.001
get scan parameters. half-width=0.015,window=0.015, i=0, scalar=1
Scan parameters center=5.87899 width=0.03000 (5.86399 - 5.89399)
GetData ===>> H2,-0.226258528977743,H1,0.0274846428201194,AX,-0.0911969918663474,L1,0.0217183546601063,L2,-0.04...
Moving to starting dac 5.86399
setting magnet DAC
current  : 5.239646
requested: 5.863990
Delta Dac: 0.624344
Checking detector protection. dv=0.62434
Checking detector "CDD". Protection Threshold: 0.1 (V)
ProtectDetector CDD,On ===>> OK
GetDeflection CDD ===>> 2000
SetMagnetDAC 5.86399 ===>> OK
Magnet settling time: 0.500
GetMagnetMoving ===>> True
GetMagnetMoving ===>> True
GetMagnetMoving ===>> True
GetMagnetMoving ===>> True
GetMagnetMoving ===>> True
GetMagnetMoving ===>> True
GetMagnetMoving ===>> True
Get Checksum: 799532470
GetMagnetMoving ===>> True
GetMagnetMoving ===>> True
GetMagnetMoving ===>> False
ProtectDetector CDD,Off ===>> OK
GetDeflection CDD ===>> 50
Wait until signal near baseline. tol= 0.0206134821151. timeout= 10
GetData ===>> H2,76.6547427088585,H1,35.1297345746627,AX,2.21133733015367,L1,0.0378161685500539,L2,0.0178105909...
GetData ===>> H2,105.093644018195,H1,65.8967633908228,AX,10.1827456516214,L1,0.0454522979123665,L2,-0.105861266...
GetData ===>> H2,59.4003045401207,H1,31.3726779471063,AX,4.48261687591146,L1,0.0481450161312582,L2,0.0659294299...
GetData ===>> H2,25.3219073040165,H1,15.8404818712459,AX,2.00600714383523,L1,0.0503939021741545,L2,-0.059784708...
GetData ===>> H2,8.75197921177049,H1,8.45906510630121,AX,0.91731850837589,L1,0.0229328924116279,L2,-0.054732001...
Get Checksum: 799532470
GetData ===>> H2,2.48828129892182,H1,4.84838753668828,AX,0.509851238551266,L1,0.0143718713349765,L2,-0.11773183...
GetData ===>> H2,0.723713783072347,H1,3.13152903572569,AX,0.262187025190634,L1,0.0289926414718893,L2,0.05136819...
GetData ===>> H2,0.391224419168544,H1,2.30101625907262,AX,0.0155582945398986,L1,0.0397713200315521,L2,0.0135512...
GetData ===>> H2,0.473390864975547,H1,1.81288689755854,AX,0.172900782434799,L1,0.0110017795903394,L2,-0.1705192...
GetData ===>> H2,0.473390864975547,H1,1.81288689755854,AX,0.172900782434799,L1,0.0110017795903394,L2,-0.1705192...
GetData ===>> H2,0.52336045975511,H1,1.62004553802773,AX,0.246096926525278,L1,-0.0174124539622822,L2,-0.0890032...
Get Checksum: 799532470
GetData ===>> H2,0.465440420410253,H1,1.40805288876662,AX,0.0910438199063574,L1,-0.0186679694839427,L2,0.048064...
GetData ===>> H2,0.431104729625919,H1,1.41756168999538,AX,0.181484674715327,L1,-0.0102789197001078,L2,0.0408645...
GetData ===>> H2,0.432581265135604,H1,1.43631778827069,AX,0.231355805681933,L1,0.00124944719897686,L2,-0.086523...
GetData ===>> H2,0.404504554624624,H1,1.36093032847835,AX,0.173341558482791,L1,0.000488480070774098,L2,-0.04637...
GetData ===>> H2,0.328742769052568,H1,1.27236211705466,AX,-0.0222125548724174,L1,-0.0302740653043377,L2,-0.0340...
GetData ===>> H2,0.285244836904259,H1,1.33647753096866,AX,0.0723631768287681,L1,-0.0480697473103254,L2,-0.04280...
Get Checksum: 799532470
GetData ===>> H2,0.244126458758395,H1,1.35574651173893,AX,0.180394246465627,L1,-0.0557573427715331,L2,0.0469022...
GetData ===>> H2,0.133928103696887,H1,1.34549965853468,AX,0.129297010808002,L1,-0.0172279470658762,L2,0.0138473...
GetData ===>> H2,0.15112442527262,H1,1.32153041126319,AX,0.152696821280141,L1,-0.0161495923389585,L2,0.01423454...
GetData ===>> H2,0.141156716124443,H1,1.35169084104254,AX,0.0625839218850513,L1,0.00054609071215887,L2,-0.11761...
Peak center failed to move to a baseline position
_do_sweep sm= 5.86399, em= 5.89399, stm= 0.001
calculated step values: start=5.86399, end=5.89399, width=0.001, nsteps=31.0
setting magnet DAC
current  : 5.863990
requested: 5.863990
Delta Dac: 0.000000
Checking detector protection. dv=0.00000
Checking detector "CDD". Protection Threshold: 0.1 (V)
SetMagnetDAC 5.86399 ===>> OK
GetData ===>> H2,0.141156716124443,H1,1.35169084104254,AX,0.0625839218850513,L1,0.00054609071215887,L2,-0.11761...
setting magnet DAC
current  : 5.863990
requested: 5.865024
Delta Dac: 0.001034
Checking detector protection. dv=0.00103
Checking detector "CDD". Protection Threshold: 0.1 (V)
SetMagnetDAC 5.86502448276 ===>> OK
Magnet settling time: 1.049
GetData ===>> H2,0.103061119386992,H1,2.65440358732001,AX,0.343374555851813,L1,-0.00591624769411709,L2,-0.09837...
setting magnet DAC
current  : 5.865024
requested: 5.866059
Delta Dac: 0.001034
Checking detector protection. dv=0.00103
Checking detector "CDD". Protection Threshold: 0.1 (V)
SetMagnetDAC 5.86605896552 ===>> OK
Magnet settling time: 1.049
Get Checksum: 799532470
GetData ===>> H2,-0.0293954458846603,H1,9.52364619811548,AX,1.49073408594787,L1,-0.00532369945825629,L2,-0.0494...
setting magnet DAC
current  : 5.866059
requested: 5.867093
Delta Dac: 0.001034
Checking detector protection. dv=0.00103
Checking detector "CDD". Protection Threshold: 0.1 (V)
SetMagnetDAC 5.86709344828 ===>> OK
Magnet settling time: 1.049
GetData ===>> H2,0.0365452241995113,H1,35.3891366437244,AX,4.69858767093661,L1,-0.0191135918990479,L2,0.0352827...
setting magnet DAC
current  : 5.867093
requested: 5.868128
Delta Dac: 0.001034
Checking detector protection. dv=0.00103
Checking detector "CDD". Protection Threshold: 0.1 (V)
SetMagnetDAC 5.86812793103 ===>> OK
Magnet settling time: 1.049
Get Checksum: 799532470
GetData ===>> H2,-0.059173279771349,H1,170.419139146968,AX,22.897126525203,L1,0.104494981083876,L2,0.0145078651...
setting magnet DAC
current  : 5.868128
requested: 5.869162
Delta Dac: 0.001034
Checking detector protection. dv=0.00103
Checking detector "CDD". Protection Threshold: 0.1 (V)
SetMagnetDAC 5.86916241379 ===>> OK
Magnet settling time: 1.049
GetData ===>> H2,-0.108556626194651,H1,449.488131110039,AX,67.0266005911869,L1,0.393020846639429,L2,-0.07553287...
setting magnet DAC
current  : 5.869162
requested: 5.870197
Delta Dac: 0.001034
Checking detector protection. dv=0.00103
Checking detector "CDD". Protection Threshold: 0.1 (V)
SetMagnetDAC 5.87019689655 ===>> OK
Magnet settling time: 1.049
GetData ===>> H2,-0.00280910955519202,H1,871.337093305432,AX,146.080044660168,L1,1.01714837065631,L2,0.20479399...
setting magnet DAC
current  : 5.870197
requested: 5.871231
Delta Dac: 0.001034
Checking detector protection. dv=0.00103
Checking detector "CDD". Protection Threshold: 0.1 (V)
SetMagnetDAC 5.87123137931 ===>> OK
Magnet settling time: 1.049
Get Checksum: 799532470
GetData ===>> H2,-0.0460236533224587,H1,1270.5619434149,AX,234.591410981813,L1,1.77572032385666,L2,0.4324642827...
setting magnet DAC
current  : 5.871231
requested: 5.872266
Delta Dac: 0.001034
Checking detector protection. dv=0.00103
Checking detector "CDD". Protection Threshold: 0.1 (V)
SetMagnetDAC 5.87226586207 ===>> OK
Magnet settling time: 1.049
GetData ===>> H2,-0.10024436262595,H1,1517.72748297782,AX,300.390973387215,L1,2.64033845001118,L2,0.94653988589...
setting magnet DAC
current  : 5.872266
requested: 5.873300
Delta Dac: 0.001034
Checking detector protection. dv=0.00103
Checking detector "CDD". Protection Threshold: 0.1 (V)
SetMagnetDAC 5.87330034483 ===>> OK
Magnet settling time: 1.049
GetData ===>> H2,-0.102086348224863,H1,1623.72949150862,AX,334.923789847775,L1,3.32525449364711,L2,1.0402613041...
setting magnet DAC
current  : 5.873300
requested: 5.874335
Delta Dac: 0.001034
Checking detector protection. dv=0.00103
Checking detector "CDD". Protection Threshold: 0.1 (V)
SetMagnetDAC 5.87433482759 ===>> OK
Magnet settling time: 1.049
Get Checksum: 799532470
GetData ===>> H2,-0.096545965807862,H1,1658.41017827931,AX,347.445018832859,L1,3.8009777145777,L2,1.47703851878...
setting magnet DAC
current  : 5.874335
requested: 5.875369
Delta Dac: 0.001034
Checking detector protection. dv=0.00103
Checking detector "CDD". Protection Threshold: 0.1 (V)
SetMagnetDAC 5.87536931034 ===>> OK
Magnet settling time: 1.049
GetData ===>> H2,-0.20208328804736,H1,1667.97503938119,AX,351.149500332833,L1,4.13014017252879,L2,1.32721693028...
setting magnet DAC
current  : 5.875369
requested: 5.876404
Delta Dac: 0.001034
Checking detector protection. dv=0.00103
Checking detector "CDD". Protection Threshold: 0.1 (V)
SetMagnetDAC 5.8764037931 ===>> OK
Magnet settling time: 1.049
GetData ===>> H2,-0.131018595971686,H1,1669.97328926335,AX,352.080435984763,L1,4.30740723356594,L2,1.4329353771...
setting magnet DAC
current  : 5.876404
requested: 5.877438
Delta Dac: 0.001034
Checking detector protection. dv=0.00103
Checking detector "CDD". Protection Threshold: 0.1 (V)
SetMagnetDAC 5.87743827586 ===>> OK
Magnet settling time: 1.049
Get Checksum: 799532470
GetData ===>> H2,-0.110948479561803,H1,1670.54238056259,AX,352.062383436258,L1,4.39953156286419,L2,1.4690057464...
setting magnet DAC
current  : 5.877438
requested: 5.878473
Delta Dac: 0.001034
Checking detector protection. dv=0.00103
Checking detector "CDD". Protection Threshold: 0.1 (V)
SetMagnetDAC 5.87847275862 ===>> OK
Magnet settling time: 1.049
GetData ===>> H2,-0.0740483112892088,H1,1670.20401026977,AX,352.195866272526,L1,4.44861415663339,L2,1.543759344...
setting magnet DAC
current  : 5.878473
requested: 5.879507
Delta Dac: 0.001034
Checking detector protection. dv=0.00103
Checking detector "CDD". Protection Threshold: 0.1 (V)
SetMagnetDAC 5.87950724138 ===>> OK
Magnet settling time: 1.049
Get Checksum: 799532470
GetData ===>> H2,-0.0894813079242964,H1,1669.59274628074,AX,351.706344934618,L1,4.40659572295061,L2,1.484452214...
setting magnet DAC
current  : 5.879507
requested: 5.880542
Delta Dac: 0.001034
Checking detector protection. dv=0.00103
Checking detector "CDD". Protection Threshold: 0.1 (V)
SetMagnetDAC 5.88054172414 ===>> OK
Magnet settling time: 1.049
GetData ===>> H2,-0.022361898286737,H1,1669.9211271027,AX,351.947904593663,L1,4.43290799974205,L2,1.53902812939...
setting magnet DAC
current  : 5.880542
requested: 5.881576
Delta Dac: 0.001034
Checking detector protection. dv=0.00103
Checking detector "CDD". Protection Threshold: 0.1 (V)
SetMagnetDAC 5.8815762069 ===>> OK
Magnet settling time: 1.049
GetData ===>> H2,0.0942753037093284,H1,1668.27939807426,AX,351.407502384098,L1,4.47811590293208,L2,1.5320465668...
setting magnet DAC
current  : 5.881576
requested: 5.882611
Delta Dac: 0.001034
Checking detector protection. dv=0.00103
Checking detector "CDD". Protection Threshold: 0.1 (V)
SetMagnetDAC 5.88261068966 ===>> OK
Magnet settling time: 1.049
Get Checksum: 799532470
GetData ===>> H2,-0.151603670677533,H1,1664.75080257685,AX,350.051411166364,L1,4.45369089724498,L2,1.3797493368...
setting magnet DAC
current  : 5.882611
requested: 5.883645
Delta Dac: 0.001034
Checking detector protection. dv=0.00103
Checking detector "CDD". Protection Threshold: 0.1 (V)
SetMagnetDAC 5.88364517241 ===>> OK
Magnet settling time: 1.049
GetData ===>> H2,-0.12789638422994,H1,1652.03946565027,AX,345.23661237692,L1,4.39864335063762,L2,1.415203434865...
setting magnet DAC
current  : 5.883645
requested: 5.884680
Delta Dac: 0.001034
Checking detector protection. dv=0.00103
Checking detector "CDD". Protection Threshold: 0.1 (V)
SetMagnetDAC 5.88467965517 ===>> OK
Magnet settling time: 1.049
GetData ===>> H2,-0.105991127376527,H1,1606.15100101276,AX,327.582474003496,L1,4.1523602214783,L2,1.36317340402...
setting magnet DAC
current  : 5.884680
requested: 5.885714
Delta Dac: 0.001034
Checking detector protection. dv=0.00103
Checking detector "CDD". Protection Threshold: 0.1 (V)
SetMagnetDAC 5.88571413793 ===>> OK
Magnet settling time: 1.049
Get Checksum: 799532470
GetData ===>> H2,-0.21528952178657,H1,1461.08699436157,AX,278.264340753051,L1,3.64008364831364,L2,0.93167101105...
setting magnet DAC
current  : 5.885714
requested: 5.886749
Delta Dac: 0.001034
Checking detector protection. dv=0.00103
Checking detector "CDD". Protection Threshold: 0.1 (V)
SetMagnetDAC 5.88674862069 ===>> OK
Magnet settling time: 1.049
GetData ===>> H2,-0.368605532478857,H1,1154.76297376809,AX,194.804092980961,L1,2.83872603788673,L2,0.5998174889...
setting magnet DAC
current  : 5.886749
requested: 5.887783
Delta Dac: 0.001034
Checking detector protection. dv=0.00103
Checking detector "CDD". Protection Threshold: 0.1 (V)
SetMagnetDAC 5.88778310345 ===>> OK
Magnet settling time: 1.049
GetData ===>> H2,-0.342343232540238,H1,740.957403379901,AX,107.432652525423,L1,2.00450014582107,L2,0.2960875359...
setting magnet DAC
current  : 5.887783
requested: 5.888818
Delta Dac: 0.001034
Checking detector protection. dv=0.00103
Checking detector "CDD". Protection Threshold: 0.1 (V)
SetMagnetDAC 5.88881758621 ===>> OK
Magnet settling time: 1.049
Get Checksum: 799532470
GetData ===>> H2,-0.179633609877826,H1,375.409203691728,AX,45.9179133184496,L1,1.25315152680697,L2,0.1387232541...
setting magnet DAC
current  : 5.888818
requested: 5.889852
Delta Dac: 0.001034
Checking detector protection. dv=0.00103
Checking detector "CDD". Protection Threshold: 0.1 (V)
SetMagnetDAC 5.88985206897 ===>> OK
Magnet settling time: 1.049
GetData ===>> H2,-0.109537719649282,H1,146.252877799252,AX,14.9151297117257,L1,0.717713260237818,L2,0.037834383...
setting magnet DAC
current  : 5.889852
requested: 5.890887
Delta Dac: 0.001034
Checking detector protection. dv=0.00103
Checking detector "CDD". Protection Threshold: 0.1 (V)
SetMagnetDAC 5.89088655172 ===>> OK
Magnet settling time: 1.049
Get Checksum: 799532470
GetData ===>> H2,-0.2645111482535,H1,45.8469953093721,AX,3.8393191100152,L1,0.47792715593942,L2,0.0333691018731...
setting magnet DAC
current  : 5.890887
requested: 5.891921
Delta Dac: 0.001034
Checking detector protection. dv=0.00103
Checking detector "CDD". Protection Threshold: 0.1 (V)
SetMagnetDAC 5.89192103448 ===>> OK
Magnet settling time: 1.049
GetData ===>> H2,-0.183566961277719,H1,5.68104936427078,AX,0.0652256143153506,L1,0.18930870066242,L2,-0.0339721...
setting magnet DAC
current  : 5.891921
requested: 5.892956
Delta Dac: 0.001034
Checking detector protection. dv=0.00103
Checking detector "CDD". Protection Threshold: 0.1 (V)
SetMagnetDAC 5.89295551724 ===>> OK
Magnet settling time: 1.049
GetData ===>> H2,-0.162895533499526,H1,1.10318074752394,AX,-0.269749481542929,L1,0.143023985223882,L2,-0.023453...
setting magnet DAC
current  : 5.892956
requested: 5.893990
Delta Dac: 0.001034
Checking detector protection. dv=0.00103
Checking detector "CDD". Protection Threshold: 0.1 (V)
SetMagnetDAC 5.89399 ===>> OK
Magnet settling time: 1.049
Get Checksum: 799532470
GetData ===>> H2,-0.313928363928459,H1,0.150494335563534,AX,-0.320486711968512,L1,0.069686168988893,L2,-0.05691...
result of _do_sweep=True
result of _calculate_peak_center=([5.8711007732706797, 5.8787920178287614, 5.8864832623868431], [1220.15880602632, 1670.5362776915772, 1233.3390752429841], 5.8774569338677356, 1670.5362776915772)
Failed to find a valid peak. No peak greater than 1.0. max = 0.0633948458111
new center pos Detector(H1) (Ar40) @ 5.87879201783
GetHighVoltage ===>> 4500
GetDeflection H1 ===>> 0
dac uncorrected for HV and deflection 5.87879201783
update mftable H1 Ar40 5.87879201783 message=automated run peakcenter
get initial guess parabolic
get initial guess parabolic
get initial guess parabolic
get initial guess parabolic
get initial guess parabolic
get initial guess parabolic
dump mftable to /Users/jan/PychronDev/setupfiles/spectrometer/mftables/mftable.csv
add to repo msg=modified - automated run peakcenter
locally archiving mftable
setting magnet DAC
current  : 5.893990
requested: 5.878792
Delta Dac: 0.015198
Checking detector protection. dv=0.01520
Checking detector "CDD". Protection Threshold: 0.1 (V)
SetMagnetDAC 5.87879201783 ===>> OK
Magnet settling time: 0.500
sweep finished
setting integration time = 1.048576
SetIntegrationTime 1.048576 ===>> OK
Failed to find a valid peak. No peak greater than 1.0. max = 0.0631078526513
flush and close file /Users/jan/PychronDev/data/isotopes/44/1b7fc5-fedf-4a43-9506-ca644bf618cf.h5
finished measure script
executed 226.132928
jan_unknown120_60.py completed successfully
Measurement Finished
05:01:13 -- ******* Measurement Finished *******
Post Measurement Started jan_pump_ms.py
05:01:13 -- ******* Post Measurement Started jan_pump_ms.py *******
testing...
no interpolation path defined
executed 0
Pumping spectrometer
open () {'name': 'O'}
opening name=O desc=---
checking ownership. requestor=129.138.12.150
check software interlocks O
interlocks []
actuate state mode=None-script, software_lock=False
doing actuation None-script open_channel True
Open O ===>> OK
GetIndicatorState O ===>> OK
change switch state (True, True)
update switch state O True args=() kw={} ncanvase=2
05:01:13 -- OPEN   VALVE-O (Jan Ion Pump)
---------------------------------------- open O () result=[(True, True)], time=0.10 sec
action=open, ok=True, locked=[False]
executed 0
jan_pump_ms.py completed successfully
setting _ms_pumptime
Post Measurement Finished
05:01:13 -- ******* Post Measurement Finished *******
$$$$$$$$$$$$$$$$$$$$ state at run end measurement
state changed from measurement to success
post measurement save measured=True aborted=False
Set filtering
setting fod for Ar40= {'filter_outliers': True, 'std_devs': 2, 'iterations': 1}
setting fod for H1= {'filter_outliers': True, 'std_devs': 2, 'iterations': 1}
setting fod for PM41= {'filter_outliers': False, 'std_devs': 2, 'iterations': 1}
setting fod for H2= {'filter_outliers': True, 'std_devs': 2, 'iterations': 1}
setting fod for Ar36= {'filter_outliers': True, 'std_devs': 2, 'iterations': 1}
setting fod for CDD= {'filter_outliers': True, 'std_devs': 10, 'iterations': 1}
setting fod for Ar37= {'filter_outliers': True, 'std_devs': 2, 'iterations': 1}
setting fod for L2= {'filter_outliers': True, 'std_devs': 2, 'iterations': 1}
setting fod for Ar38= {'filter_outliers': True, 'std_devs': 2, 'iterations': 1}
setting fod for L1= {'filter_outliers': True, 'std_devs': 2, 'iterations': 1}
setting fod for Ar39= {'filter_outliers': True, 'std_devs': 2, 'iterations': 1}
setting fod for AX= {'filter_outliers': True, 'std_devs': 2, 'iterations': 1}
persistence save...
persistence save - db
post measurement save
5682902704 connecting to database sqlite:////Users/jan/PychronDev/.appdata/local_lab.db
connected to db sqlite:////Users/jan/PychronDev/.appdata/local_lab.db
create new session 5682902704
close session 5682902704
No database instance. Not saving post measurement to isotopedb database
$$$$$$$$$$$$$$$ auto_save_detector_ic=False
massspec enabled True
create new session 4979649712
MassSpec Database Version: 16.0
close session 4979649712
saving post measurement to secondary database
saving to massspec database 129.138.12.160/massspecdata
setting labnumber to 65571
setting aliquot to 10
setting step to C
setting uuid to 441b7fc5-fedf-4a43-9506-ca644bf618cf
setting irradpos to 65571
setting extract_device to Fusions CO2
setting tray to 
setting position to 193
setting power_requested to 5.0
setting extract_value to 5.0
setting duration to 30.0
setting duration_at_request to 30.0
setting first_stage_delay to 30.0
setting cleanup to 30.0
setting comment to M:14 with inclusions
setting irradiation to NM-289
setting level to M
setting irradiation_level to M
setting sample to NM-2602 W
setting material to Sanidine
setting project to JoyitaHills
setting mass_spectrometer to Jan
no attribute chron_dosages
no attribute production_ratios
no attribute interference_corrections
no attribute production_name
no attribute j
Reference Isotope=Ar40
Reference Detector=H1
%%%%%%%%%%%%%%%%%%%% Comment: M:14 with inclusions %%%%%%%%%%%%%%%%%%%
adding isotope PM41 H2
add baseline dbdet= PM41. original det= H2
get baseline data PM41 H2
Get data baseline <pychron.processing.isotope.Baseline object at 0x160909ed0> len t=60
baseline PM41. v=-0.218966751425, e=0.00937032020236
get signal data PM41 H2
Get data signal PM41 0.11+/-0.07 len t=120
adding isotope Ar40 H1
add baseline dbdet= Ar40. original det= H1
get baseline data Ar40 H1
Get data baseline <pychron.processing.isotope.Baseline object at 0x1609170d0> len t=60
baseline Ar40. v=0.0083402047832, e=0.00544748604861
get signal data Ar40 H1
Get data signal Ar40 1844.52+/-0.09 len t=120
adding isotope Ar39 AX
add baseline dbdet= Ar39. original det= AX
get baseline data Ar39 AX
Get data baseline <pychron.processing.isotope.Baseline object at 0x160917290> len t=60
baseline Ar39. v=-0.0857429891206, e=0.00744067776928
get signal data Ar39 AX
Get data signal Ar39 387.850+/-0.034 len t=120
adding isotope Ar38 L1
add baseline dbdet= Ar38. original det= L1
get baseline data Ar38 L1
Get data baseline <pychron.processing.isotope.Baseline object at 0x160917450> len t=60
baseline Ar38. v=-0.0373210869928, e=0.00472584395574
get signal data Ar38 L1
Get data signal Ar38 4.976+/-0.007 len t=120
adding isotope Ar37 L2
add baseline dbdet= Ar37. original det= L2
get baseline data Ar37 L2
Get data baseline <pychron.processing.isotope.Baseline object at 0x160917610> len t=60
baseline Ar37. v=-0.0299951511296, e=0.00652003866012
get signal data Ar37 L2
Get data signal Ar37 1.633+/-0.010 len t=120
adding isotope Ar36 CDD
add baseline dbdet= Ar36. original det= CDD
get baseline data Ar36 CDD
Get data baseline <pychron.processing.isotope.Baseline object at 0x1609177d0> len t=60
baseline Ar36. v=0.000369682446856, e=3.1745534804e-05
get signal data Ar36 CDD
Get data signal Ar36 0.0522+/-0.0005 len t=120
65571-10C added analysis time 0.506927967072s
analysis added to mass spec database
mass spec save time= 0.515
persistence save - dvc
================= post measurement started
create new session 4984345712
close session 4984345712
Get Checksum: 2035211824
---------------- Experiment Queue saving disabled
DVC saving peakcenter
Failed to find a valid peak. No peak greater than 1.0. max = 0.0631078526513
Smart pull ahead: 0 behind: 0
Up-to-date with origin
add to repo msg=modified - ad8224ebc6dbfeb9f5997218dfa5fe690569839d.json
add to repo msg=modified - 71-10C.json
add to repo msg=modified - 71-10C.dat.json
add to repo msg=modified - 71-10C.blan.json
add to repo msg=modified - 71-10C.inte.json
add to repo msg=modified - 71-10C.icfa.json
add to repo msg=modified - 71-10C.base.json
not at valid file /Users/jan/PychronDev/data/.dvc/repositories/Load1783/655/tags/71-10C.tags.json
add to repo msg=modified - 71-10C.peak.json
add to repo msg=modified - 71-10C.extr.json
not at valid file /Users/jan/PychronDev/data/.dvc/repositories/Load1783/655/monitor/71-10C.moni.json
commit message=<COLLECTION>
Get Checksum: 2035211824
add to repo msg=modified - 71-10C.inte.json
add to repo msg=modified - 71-10C.base.json
commit message=<ISOEVO> default collection fits
add to repo msg=modified - 71-10C.blan.json
commit message=<BLANKS> preceding bu-FC-J-7492
add to repo msg=modified - 71-10C.icfa.json
Get Checksum: 2035211824
commit message=<ICFactor> default
push repository <pychron.git_archive.repo_manager.GitRepoManager object at 0x15be208f0>
pushing to remote=origin, url=https://github.com
Get Checksum: 2035211824
no changes to meta repo
create new session 4984345712
add association Load1783
get identifier "65571"
setting analysis irradiation position=<pychron.dvc.dvc_orm.IrradiationPositionTbl object at 0x1456aa050>
close session 4984345712
================= post measurement finished
05:01:26 -- ******* Post Run Check *******
loading queue conditionals post_run_actions
loading system conditionals post_run_actions
loading conditionals from /Users/jan/PychronDev/setupfiles/spectrometer/default_conditionals.yaml
loading queue conditionals post_run_terminations
loading system conditionals post_run_terminations
loading conditionals from /Users/jan/PychronDev/setupfiles/spectrometer/default_conditionals.yaml
Checking default post run terminations n=1
GetDeflection CDD ===>> 50
testing CDD==2000
evaluate ot="CDD.deflection==2000" t="CDD==2000", ctx="{'CDD': 50.0}"
05:01:26 -- ******* Post Run Check Passed *******
05:01:26 -- Automated run 65571-10C success duration: 360.814 s
----------------- finish -----------------
----------------- stop -----------------
retroactive repository identifiers disabled
finish run. runs completed=67
update duration runid=65571-10C, duration=360.813611984, md5=301e91d8
loading script "jan_unknown120_60.py"
loading script "jan_pump_ms.py"
loading script "jan_co2.py"
loading script "jan_pump_extraction_line.py"
testing...
no interpolation path defined
executed 213.652928
script duration name:unknown120_60 seconds:214.0
loading script "jan_unknown120_60.py"
loading script "jan_pump_ms.py"
loading script "jan_co2.py"
loading script "jan_pump_extraction_line.py"
testing...
no interpolation path defined
executed 0
loading script "jan_unknown120_60.py"
loading script "jan_pump_ms.py"
loading script "jan_co2.py"
loading script "jan_pump_extraction_line.py"
testing...
no interpolation path defined
calculate duration
testing...
no interpolation path defined
executed 0
calculate duration
testing...
no interpolation path defined
executed 0
executed 0.0
script duration name:co2 seconds:0.0
loading script "jan_unknown120_60.py"
loading script "jan_pump_ms.py"
loading script "jan_co2.py"
loading script "jan_pump_extraction_line.py"
testing...
no interpolation path defined
calculate duration
testing...
no interpolation path defined
executed 4.0
executed 4.0
Script duration 214.0
Run total estimated duration= 215.000
unknown120_60 in script context. using previous estimated duration
script duration name:unknown120_60 seconds:214.0
pump_ms in script context. using previous estimated duration
co2 in script context. using previous estimated duration
script duration name:co2 seconds:0.0
pump_extraction_line in script context. using previous estimated duration
Script duration 214.0
Run total estimated duration= 215.000
script duration name:unknown120_60 seconds:214.0
script duration name:co2 seconds:0.0
Script duration 214.0
Run total estimated duration= 215.000
script duration name:unknown120_60 seconds:214.0
script duration name:co2 seconds:0.0
Script duration 214.0
Run total estimated duration= 215.000
loading script "jan_unknown400_120.py"
loading script "jan_pump_ms.py"
loading script "jan_co2.py"
loading script "jan_pump_extraction_line.py"
testing...
no interpolation path defined
executed 556.052928
script duration name:unknown400_120 seconds:556.0
script duration name:co2 seconds:0.0
Script duration 556.0
Run total estimated duration= 557.000
unknown400_120 in script context. using previous estimated duration
script duration name:unknown400_120 seconds:556.0
loading script "jan_unknown400_120.py"
loading script "jan_pump_ms.py"
loading script "jan_cocktail_x1.py"
loading script "jan_pump_extraction_line.py"
testing...
no interpolation path defined
calculate duration
testing...
no interpolation path defined
executed 0
calculate duration
testing...
no interpolation path defined
executed 0
calculate duration
testing...
no interpolation path defined
executed 32.0
calculate duration
testing...
no interpolation path defined
executed 34.0
calculate duration
testing...
no interpolation path defined
executed 4.0
calculate duration
testing...
no interpolation path defined
executed 38.0
executed 108.0
script duration name:cocktail_x1 seconds:108.0
Script duration 664.0
Run total estimated duration= 665.000
script duration name:unknown120_60 seconds:214.0
cocktail_x1 in script context. using previous estimated duration
script duration name:cocktail_x1 seconds:108.0
Script duration 322.0
Run total estimated duration= 323.000
loading script "jan_ic_peak_hop3.py"
loading script "jan_pump_ms.py"
loading script "jan_air_x1.py"
loading script "jan_pump_extraction_line.py"
testing...
no interpolation path defined
executed 133.8
script duration name:ic_peak_hop3 seconds:134.0
loading script "jan_ic_peak_hop3.py"
loading script "jan_pump_ms.py"
loading script "jan_air_x1.py"
loading script "jan_pump_extraction_line.py"
testing...
no interpolation path defined
calculate duration
testing...
no interpolation path defined
executed 0
calculate duration
testing...
no interpolation path defined
executed 0
calculate duration
testing...
no interpolation path defined
executed 32.0
calculate duration
testing...
no interpolation path defined
executed 34.0
calculate duration
testing...
no interpolation path defined
executed 4.0
calculate duration
testing...
no interpolation path defined
executed 36.0
executed 106.0
script duration name:air_x1 seconds:106.0
Script duration 240.0
Run total estimated duration= 241.000
script duration name:unknown120_60 seconds:214.0
script duration name:co2 seconds:0.0
Script duration 214.0
Run total estimated duration= 215.000
script duration name:unknown120_60 seconds:214.0
script duration name:co2 seconds:0.0
Script duration 214.0
Run total estimated duration= 215.000
script duration name:unknown120_60 seconds:214.0
script duration name:co2 seconds:0.0
Script duration 214.0
Run total estimated duration= 215.000
script duration name:unknown400_120 seconds:556.0
loading script "jan_unknown400_120.py"
loading script "jan_pump_ms.py"
loading script "jan_sniffair_x2.py"
loading script "jan_pump_extraction_line.py"
testing...
no interpolation path defined
calculate duration
testing...
no interpolation path defined
executed 0
calculate duration
testing...
no interpolation path defined
executed 0
calculate duration
testing...
no interpolation path defined
executed 32.0
calculate duration
testing...
no interpolation path defined
executed 34.0
calculate duration
testing...
no interpolation path defined
executed 4.0
calculate duration
testing...
no interpolation path defined
executed 36.0
calculate duration
testing...
no interpolation path defined
executed 34.0
calculate duration
testing...
no interpolation path defined
executed 4.0
calculate duration
testing...
no interpolation path defined
executed 36.0
calculate duration
testing...
no interpolation path defined
executed 70.0
executed 250.0
script duration name:sniffair_x2 seconds:250.0
Script duration 806.0
Run total estimated duration= 807.000
script duration name:unknown400_120 seconds:556.0
sniffair_x2 in script context. using previous estimated duration
script duration name:sniffair_x2 seconds:250.0
Script duration 806.0
Run total estimated duration= 807.000
script duration name:unknown120_60 seconds:214.0
script duration name:co2 seconds:0.0
Script duration 214.0
Run total estimated duration= 215.000
script duration name:unknown120_60 seconds:214.0
script duration name:co2 seconds:0.0
Script duration 214.0
Run total estimated duration= 215.000
script duration name:unknown120_60 seconds:214.0
script duration name:co2 seconds:0.0
Script duration 214.0
Run total estimated duration= 215.000
script duration name:unknown120_60 seconds:214.0
script duration name:co2 seconds:0.0
Script duration 214.0
Run total estimated duration= 215.000
script duration name:unknown120_60 seconds:214.0
script duration name:co2 seconds:0.0
Script duration 214.0
Run total estimated duration= 215.000
script duration name:unknown120_60 seconds:214.0
script duration name:co2 seconds:0.0
Script duration 214.0
Run total estimated duration= 215.000
script duration name:unknown120_60 seconds:214.0
script duration name:co2 seconds:0.0
Script duration 214.0
Run total estimated duration= 215.000
script duration name:unknown120_60 seconds:214.0
script duration name:co2 seconds:0.0
Script duration 214.0
Run total estimated duration= 215.000
script duration name:unknown120_60 seconds:214.0
script duration name:co2 seconds:0.0
Script duration 214.0
Run total estimated duration= 215.000
script duration name:unknown120_60 seconds:214.0
script duration name:co2 seconds:0.0
Script duration 214.0
Run total estimated duration= 215.000
script duration name:unknown120_60 seconds:214.0
script duration name:co2 seconds:0.0
Script duration 214.0
Run total estimated duration= 215.000
script duration name:unknown120_60 seconds:214.0
script duration name:co2 seconds:0.0
Script duration 214.0
Run total estimated duration= 215.000
script duration name:unknown120_60 seconds:214.0
script duration name:co2 seconds:0.0
Script duration 214.0
Run total estimated duration= 215.000
script duration name:unknown120_60 seconds:214.0
script duration name:co2 seconds:0.0
Script duration 214.0
Run total estimated duration= 215.000
script duration name:unknown120_60 seconds:214.0
script duration name:co2 seconds:0.0
Script duration 214.0
Run total estimated duration= 215.000
script duration name:unknown120_60 seconds:214.0
script duration name:co2 seconds:0.0
Script duration 214.0
Run total estimated duration= 215.000
script duration name:unknown120_60 seconds:214.0
script duration name:co2 seconds:0.0
Script duration 214.0
Run total estimated duration= 215.000
script duration name:unknown120_60 seconds:214.0
script duration name:co2 seconds:0.0
Script duration 214.0
Run total estimated duration= 215.000
script duration name:unknown400_120 seconds:556.0
script duration name:co2 seconds:0.0
Script duration 556.0
Run total estimated duration= 557.000
script duration name:unknown400_120 seconds:556.0
script duration name:cocktail_x1 seconds:108.0
Script duration 664.0
Run total estimated duration= 665.000
script duration name:unknown120_60 seconds:214.0
script duration name:cocktail_x1 seconds:108.0
Script duration 322.0
Run total estimated duration= 323.000
script duration name:unknown400_120 seconds:556.0
script duration name:sniffair_x2 seconds:250.0
Script duration 806.0
Run total estimated duration= 807.000
script duration name:unknown400_120 seconds:556.0
script duration name:sniffair_x2 seconds:250.0
Script duration 806.0
Run total estimated duration= 807.000
ic_peak_hop3 in script context. using previous estimated duration
script duration name:ic_peak_hop3 seconds:134.0
air_x1 in script context. using previous estimated duration
script duration name:air_x1 seconds:106.0
Script duration 240.0
Run total estimated duration= 241.000
script duration name:unknown120_60 seconds:214.0
script duration name:co2 seconds:0.0
Script duration 214.0
Run total estimated duration= 215.000
script duration name:unknown120_60 seconds:214.0
script duration name:co2 seconds:0.0
Script duration 214.0
Run total estimated duration= 215.000
script duration name:unknown120_60 seconds:214.0
script duration name:co2 seconds:0.0
Script duration 214.0
Run total estimated duration= 215.000
script duration name:unknown120_60 seconds:214.0
script duration name:co2 seconds:0.0
Script duration 214.0
Run total estimated duration= 215.000
script duration name:unknown120_60 seconds:214.0
script duration name:co2 seconds:0.0
Script duration 214.0
Run total estimated duration= 215.000
script duration name:unknown120_60 seconds:214.0
script duration name:co2 seconds:0.0
Script duration 214.0
Run total estimated duration= 215.000
script duration name:unknown120_60 seconds:214.0
script duration name:co2 seconds:0.0
Script duration 214.0
Run total estimated duration= 215.000
script duration name:unknown120_60 seconds:214.0
script duration name:co2 seconds:0.0
Script duration 214.0
Run total estimated duration= 215.000
script duration name:unknown120_60 seconds:214.0
script duration name:co2 seconds:0.0
Script duration 214.0
Run total estimated duration= 215.000
script duration name:unknown120_60 seconds:214.0
script duration name:co2 seconds:0.0
Script duration 214.0
Run total estimated duration= 215.000
script duration name:unknown120_60 seconds:214.0
script duration name:co2 seconds:0.0
Script duration 214.0
Run total estimated duration= 215.000
script duration name:unknown120_60 seconds:214.0
script duration name:co2 seconds:0.0
Script duration 214.0
Run total estimated duration= 215.000
script duration name:unknown120_60 seconds:214.0
script duration name:co2 seconds:0.0
Script duration 214.0
Run total estimated duration= 215.000
script duration name:unknown120_60 seconds:214.0
script duration name:co2 seconds:0.0
Script duration 214.0
Run total estimated duration= 215.000
script duration name:unknown120_60 seconds:214.0
script duration name:co2 seconds:0.0
Script duration 214.0
Run total estimated duration= 215.000
script duration name:unknown400_120 seconds:556.0
script duration name:co2 seconds:0.0
Script duration 556.0
Run total estimated duration= 557.000
script duration name:unknown400_120 seconds:556.0
script duration name:cocktail_x1 seconds:108.0
Script duration 664.0
Run total estimated duration= 665.000
script duration name:unknown120_60 seconds:214.0
script duration name:cocktail_x1 seconds:108.0
Script duration 322.0
Run total estimated duration= 323.000
script duration name:ic_peak_hop3 seconds:134.0
script duration name:air_x1 seconds:106.0
Script duration 240.0
Run total estimated duration= 241.000
script duration name:unknown120_60 seconds:214.0
script duration name:co2 seconds:0.0
Script duration 214.0
Run total estimated duration= 215.000
script duration name:unknown120_60 seconds:214.0
script duration name:co2 seconds:0.0
Script duration 214.0
Run total estimated duration= 215.000
script duration name:unknown120_60 seconds:214.0
script duration name:co2 seconds:0.0
Script duration 214.0
Run total estimated duration= 215.000
script duration name:unknown120_60 seconds:214.0
script duration name:co2 seconds:0.0
Script duration 214.0
Run total estimated duration= 215.000
script duration name:unknown120_60 seconds:214.0
script duration name:co2 seconds:0.0
Script duration 214.0
Run total estimated duration= 215.000
script duration name:unknown120_60 seconds:214.0
script duration name:co2 seconds:0.0
Script duration 214.0
Run total estimated duration= 215.000
script duration name:unknown120_60 seconds:214.0
script duration name:co2 seconds:0.0
Script duration 214.0
Run total estimated duration= 215.000
script duration name:unknown120_60 seconds:214.0
script duration name:co2 seconds:0.0
Script duration 214.0
Run total estimated duration= 215.000
script duration name:unknown120_60 seconds:214.0
script duration name:co2 seconds:0.0
Script duration 214.0
Run total estimated duration= 215.000
script duration name:unknown120_60 seconds:214.0
script duration name:co2 seconds:0.0
Script duration 214.0
Run total estimated duration= 215.000
script duration name:unknown400_120 seconds:556.0
script duration name:sniffair_x2 seconds:250.0
Script duration 806.0
Run total estimated duration= 807.000
script duration name:unknown400_120 seconds:556.0
script duration name:sniffair_x2 seconds:250.0
Script duration 806.0
Run total estimated duration= 807.000
script duration name:unknown400_120 seconds:556.0
script duration name:co2 seconds:0.0
Script duration 556.0
Run total estimated duration= 557.000
nruns=69 before=5.0, run_dur=21507.0, btw=3060.0
write rem/ex queues
/Users/jan/PychronDev/experiments/rem/CurrentExperiment.rem.txt
/Users/jan/PychronDev/experiments/rem/CurrentExperiment.ex.txt
doing event level: 3
