do run
loading script "jan_unknown120_60.py"
loading script "jan_pump_ms.py"
loading script "jan_co2.py"
loading script "jan_pump_extraction_line.py"
testing...
no interpolation path defined
executed 213.652928
script duration name:unknown120_60 seconds:214.0
loading script "jan_unknown120_60.py"
loading script "jan_pump_ms.py"
loading script "jan_co2.py"
loading script "jan_pump_extraction_line.py"
testing...
no interpolation path defined
executed 0
loading script "jan_unknown120_60.py"
loading script "jan_pump_ms.py"
loading script "jan_co2.py"
loading script "jan_pump_extraction_line.py"
testing...
no interpolation path defined
calculate duration
testing...
no interpolation path defined
executed 0
calculate duration
testing...
no interpolation path defined
executed 0
executed 0.0
script duration name:co2 seconds:0.0
loading script "jan_unknown120_60.py"
loading script "jan_pump_ms.py"
loading script "jan_co2.py"
loading script "jan_pump_extraction_line.py"
testing...
no interpolation path defined
calculate duration
testing...
no interpolation path defined
executed 4.0
executed 4.0
Script duration 214.0
Run total estimated duration= 215.000
run duration: 0:03:35
doing event level: 2
06:14:02 -- Setting default integration. t=1.048576
setting integration time = 1.048576
SetIntegrationTime 1.048576 ===>> OK
----------------- start -----------------
**************** Experiment Type: Ar/Ar, Ar/Ar
create new session 5004766384
close session 5004766384
$$$$$ Clearing conditionals
adding conditionals 
Add queue conditionals
add default conditionals
adding default conditionals from /Users/jan/PychronDev/setupfiles/spectrometer/default_conditionals.yaml
Start automated run 65571-13
loading script "jan_unknown120_60.py"
loading script "jan_pump_ms.py"
loading script "jan_co2.py"
loading script "jan_pump_extraction_line.py"
%%%%%%%%%%%%%%%%%% setting automated run 65571-13
No value "sensitivity_multiplier" in metadata
$$$$$$$$$$$$$$$ auto_save_detector_ic=False
============================= Pre Extraction Check =============================
loading queue conditionals pre_run_terminations
loading system conditionals pre_run_terminations
loading conditionals from /Users/jan/PychronDev/setupfiles/spectrometer/default_conditionals.yaml
06:14:02 -- ******* Pre Extraction Check *******
Get a measurement from the spectrometer
GetData ===>> H2,-0.201641106925123,H1,-0.0404442398368452,AX,-0.063933694318894,L1,-0.00255001410899437,L2,-0....
Pre Extraction Termination data. keys=H2,H1,AX,L1,L2,CDD, signals=-0.20164,-0.04044,-0.06393,-0.00255,-0.02215,0.00000
06:14:02 -- testing system defined conditionals
Checking default pre extraction terminations n=2
testing CDD
evaluate ot="CDD.inactive" t="CDD", ctx="{'CDD': False}"
GetDeflection CDD ===>> 50
testing CDD==2000
evaluate ot="CDD.deflection==2000" t="CDD==2000", ctx="{'CDD': 50.0}"
06:14:02 -- ******* Pre Extraction Check Passed *******
=================================================================================
06:14:02 -- stopping status monitor
stop 4976489392
Alive clients [4984697584]
06:14:02 -- starting status monitor
start 4976489392
Monitor already running
start extraction
do extraction
Analysis started at 06:14:02.976049
Extraction Started jan_co2.py
06:14:02 -- ******* Extraction Started jan_co2.py *******
state changed from not run to extraction
DO EXTRACTION <pychron.extraction_line.pyscript_runner.RemotePyScriptRunner object at 0x12988f3b0>
testing...
no interpolation path defined
calculate duration
testing...
no interpolation path defined
executed 0
calculate duration
testing...
no interpolation path defined
executed 0
executed 100.0
Jan CO2 laser analysis
doing GOSUB
testing...
no interpolation path defined
executed 0
Waiting for CO2 access
wait ('FelixCO2Flag', 0) {}
waiting for FelixCO2Flag = 0
Read FelixCO2Flag ===>> 0
finished waiting
CO2 free
wait ('CO2PumpTimeFlag', 0) {}
waiting for CO2PumpTimeFlag = 0
Read CO2PumpTimeFlag ===>> 0
finished waiting
acquire ('JanCO2Flag',) {'clear': True}
acquire JanCO2Flag
Set JanCO2Flag 1 ===>> OK
JanCO2Flag acquired
set extraction state False (0.75, 'red', 1.5)
CO2 acquired
executed 0
WaitForCO2Access.py completed successfully
gosub finished
doing GOSUB
testing...
no interpolation path defined
executed 0
Prepare for CO2 analysis
close () {'description': 'Jan Inlet'}
closing name=--- desc=Jan Inlet
checking ownership. requestor=129.138.12.150
check software interlocks R
interlocks []
actuate state mode=None-script, software_lock=False
doing actuation None-script close_channel False
Close R ===>> OK
Get Checksum: -1965264452
GetIndicatorState R ===>> False
change switch state (True, True)
update switch state R False args=() kw={} ncanvase=2
06:14:03 -- CLOSE  VALVE-R (Jan Inlet)
---------------------------------------- close None (Jan Inlet) result=[(True, True)]
action=close, ok=True, locked=[False]
open () {'description': 'Jan Ion Pump'}
opening name=--- desc=Jan Ion Pump
checking ownership. requestor=129.138.12.150
check software interlocks O
interlocks []
actuate state mode=None-script, software_lock=False
doing actuation None-script open_channel False
Open O ===>> OK
GetIndicatorState O ===>> OK
change switch state (True, True)
update switch state O True args=() kw={} ncanvase=2
06:14:03 -- OPEN   VALVE-O (Jan Ion Pump)
---------------------------------------- open None (Jan Ion Pump) result=[(True, True)], time=0.09 sec
action=open, ok=True, locked=[False]
close () {'description': 'Microbone to Minibone'}
closing name=--- desc=Microbone to Minibone
checking ownership. requestor=129.138.12.150
check software interlocks L
interlocks []
actuate state mode=None-script, software_lock=False
doing actuation None-script close_channel False
Close L ===>> OK
GetIndicatorState L ===>> False
change switch state (True, True)
update switch state L False args=() kw={} ncanvase=2
06:14:04 -- CLOSE  VALVE-L (Microbone to Minibone)
---------------------------------------- close None (Microbone to Minibone) result=[(True, True)]
action=close, ok=True, locked=[False]
open () {'description': 'Microbone to Turbo'}
opening name=--- desc=Microbone to Turbo
checking ownership. requestor=129.138.12.150
check software interlocks U
interlocks []
actuate state mode=None-script, software_lock=False
doing actuation None-script open_channel False
Open U ===>> OK
GetIndicatorState U ===>> OK
change switch state (True, True)
update switch state U True args=() kw={} ncanvase=2
06:14:04 -- OPEN   VALVE-U (Microbone to Turbo)
---------------------------------------- open None (Microbone to Turbo) result=[(True, True)], time=0.12 sec
action=open, ok=True, locked=[False]
open () {'description': 'Microbone to Inlet Pipette'}
opening name=--- desc=Microbone to Inlet Pipette
checking ownership. requestor=129.138.12.150
check software interlocks S
interlocks []
actuate state mode=None-script, software_lock=False
doing actuation None-script open_channel False
Open S ===>> OK
GetIndicatorState S ===>> OK
change switch state (True, True)
update switch state S True args=() kw={} ncanvase=2
06:14:05 -- OPEN   VALVE-S (Microbone to Inlet Pipette)
---------------------------------------- open None (Microbone to Inlet Pipette) result=[(True, True)], time=0.40 sec
action=open, ok=True, locked=[False]
open () {'description': 'Microbone to Getter D-50'}
opening name=--- desc=Microbone to Getter D-50
checking ownership. requestor=129.138.12.150
check software interlocks K
interlocks []
actuate state mode=None-script, software_lock=False
doing actuation None-script open_channel False
Open K ===>> OK
GetIndicatorState K ===>> OK
change switch state (True, True)
update switch state K True args=() kw={} ncanvase=2
06:14:06 -- OPEN   VALVE-K (Microbone to Getter D-50)
---------------------------------------- open None (Microbone to Getter D-50) result=[(True, True)], time=0.41 sec
action=open, ok=True, locked=[False]
open () {'description': 'Microbone to Getter NP-10'}
opening name=--- desc=Microbone to Getter NP-10
checking ownership. requestor=129.138.12.150
check software interlocks M
interlocks []
actuate state mode=None-script, software_lock=False
doing actuation None-script open_channel False
Open M ===>> OK
Get Checksum: -1965264452
GetIndicatorState M ===>> OK
change switch state (True, True)
update switch state M True args=() kw={} ncanvase=2
06:14:06 -- OPEN   VALVE-M (Microbone to Getter NP-10)
---------------------------------------- open None (Microbone to Getter NP-10) result=[(True, True)], time=0.16 sec
action=open, ok=True, locked=[False]
close () {'description': 'CO2 Laser to Felix'}
closing name=--- desc=CO2 Laser to Felix
checking ownership. requestor=129.138.12.150
check software interlocks F
interlocks []
actuate state mode=None-script, software_lock=True
VALVE-F(CO2 Laser to Felix) software locked
change switch state (True, False)
---------------------------------------- close None (CO2 Laser to Felix) result=[(True, False)]
action=close, ok=True, locked=[True]
open () {'description': 'CO2 Laser to Jan'}
opening name=--- desc=CO2 Laser to Jan
checking ownership. requestor=129.138.12.150
check software interlocks A
interlocks []
actuate state mode=None-script, software_lock=False
doing actuation None-script open_channel False
Open A ===>> OK
GetIndicatorState A ===>> OK
change switch state (True, True)
update switch state A True args=() kw={} ncanvase=2
06:14:06 -- OPEN   VALVE-A (CO2 Laser to Jan)
---------------------------------------- open None (CO2 Laser to Jan) result=[(True, True)], time=0.13 sec
action=open, ok=True, locked=[False]
open () {'description': 'Microbone to CO2 Laser'}
opening name=--- desc=Microbone to CO2 Laser
checking ownership. requestor=129.138.12.150
check software interlocks T
interlocks []
actuate state mode=None-script, software_lock=False
doing actuation None-script open_channel False
Open T ===>> OK
GetIndicatorState T ===>> OK
change switch state (True, True)
update switch state T True args=() kw={} ncanvase=2
06:14:07 -- OPEN   VALVE-T (Microbone to CO2 Laser)
---------------------------------------- open None (Microbone to CO2 Laser) result=[(True, True)], time=0.41 sec
action=open, ok=True, locked=[False]
executed 0
PrepareForCO2Analysis.py completed successfully
gosub finished
set_motor ('beam', '1.25') {}
setting motor "beam" to 1.25
set motor beam to 1.25
SetMotor beam,1.25 ===>> OK
GetMotorMoving beam ===>> False
GetMotorMoving beam ===>> False
Block completed
move_to_position ('196',) {'autocenter': True}
FusionsCO2 move to position 196
sending GoToHole 196,True
GoToHole 196,True ===>> OK
Get Checksum: -1965264452
GetDriveMoving ===>> OK
GetDriveMoving ===>> OK
GetDriveMoving ===>> OK
GetDriveMoving ===>> OK
GetDriveMoving ===>> OK
GetDriveMoving ===>> OK
GetDriveMoving ===>> False
GetDriveMoving ===>> OK
GetDriveMoving ===>> OK
GetDriveMoving ===>> OK
GetDriveMoving ===>> OK
GetDriveMoving ===>> OK
Get Checksum: -1965264452
GetDriveMoving ===>> OK
GetDriveMoving ===>> OK
GetDriveMoving ===>> OK
GetDriveMoving ===>> OK
GetDriveMoving ===>> OK
GetDriveMoving ===>> OK
GetDriveMoving ===>> OK
GetDriveMoving ===>> OK
GetDriveMoving ===>> OK
GetDriveMoving ===>> OK
GetDriveMoving ===>> OK
GetDriveMoving ===>> OK
Get Checksum: -1965264452
GetDriveMoving ===>> OK
GetDriveMoving ===>> OK
GetDriveMoving ===>> False
Block completed
GetAutoCorrecting ===>> False
GetAutoCorrecting ===>> False
Block completed
update position
GetPosition ===>> 11.96340,-9.96950,1.00000
got position (11.9634, -9.9695, 1.0)
move to position succeeded
sleep (5,) {}
SLEEP 5.0
block started
WaitControl setup for 5.0  
Get Checksum: -1965264452
Get Checksum: -1965264452
Join finished
block finished. duration 5.01870799065
close () {'description': 'Microbone to Turbo'}
closing name=--- desc=Microbone to Turbo
checking ownership. requestor=129.138.12.150
check software interlocks U
interlocks []
actuate state mode=None-script, software_lock=False
doing actuation None-script close_channel True
Close U ===>> OK
GetIndicatorState U ===>> False
change switch state (True, True)
update switch state U False args=() kw={} ncanvase=2
06:14:22 -- CLOSE  VALVE-U (Microbone to Turbo)
---------------------------------------- close None (Microbone to Turbo) result=[(True, True)]
action=close, ok=True, locked=[False]
enable laser
enable () {}
set extraction state FusionsCO2 Enabled (False, 'red', 1.5)
enabling laser
Enable ===>> OK
begin interval
BEGIN INTERVAL Interval 1 waiting for 30.0
block started
WaitControl setup for 30.0  
set extract to 5.0
extract (5.0,) {}
GetPosition ===>> 11.96340,-9.96950,1.00000
set extraction state FusionsCO2 ON! 5.0(watts) (0.75, 'red', 1.5)
extract sample to 5.0 (watts)
set laser output
SetLaserOutput 5.0,watts ===>> OK
executing pattern triangle.lp
execute_pattern ('triangle.lp',) {}
executing pattern triangle.lp
Get Checksum: 1551197106
IsPatterning ===>> OK
IsPatterning ===>> OK
IsPatterning ===>> OK
Get Checksum: 1551197106
IsPatterning ===>> OK
IsPatterning ===>> OK
IsPatterning ===>> OK
Get Checksum: 1551197106
IsPatterning ===>> OK
IsPatterning ===>> OK
IsPatterning ===>> OK
Get Checksum: 1551197106
IsPatterning ===>> OK
IsPatterning ===>> OK
IsPatterning ===>> OK
Get Checksum: 1551197106
IsPatterning ===>> OK
IsPatterning ===>> OK
IsPatterning ===>> OK
Get Checksum: 1551197106
IsPatterning ===>> OK
IsPatterning ===>> OK
IsPatterning ===>> OK
IsPatterning ===>> OK
Get Checksum: 1551197106
IsPatterning ===>> OK
IsPatterning ===>> OK
IsPatterning ===>> OK
Get Checksum: 1551197106
IsPatterning ===>> OK
IsPatterning ===>> OK
IsPatterning ===>> OK
Get Checksum: 1551197106
IsPatterning ===>> OK
IsPatterning ===>> False
IsPatterning ===>> False
Block completed
COMPLETE INTERVAL waiting for Interval 1 to complete
Get Checksum: 1551197106
Join finished
block finished. duration 30.0892019272
Interval 1 finished
end_extract () {}
ending extraction. set laser power to 0
set laser power 0
SetLaserPower 0 ===>> OK
disable () {}
%%%%%%%%%%%%%%%%%%%%%%%%%%%%%%%%%%% disable
set extraction state False (0.75, 'red', 1.5)
disabling laser
Disable ===>> OK
sleep (30.0,) {}
SLEEP 30.0
block started
WaitControl setup for 30.0  
Get Checksum: 1551197106
Get Checksum: 1551197106
Get Checksum: 1551197106
Get Checksum: 1551197106
Get Checksum: 1551197106
Get Checksum: 1551197106
Get Checksum: 1551197106
Get Checksum: 1551197106
Get Checksum: 1551197106
Join finished
block finished. duration 30.0704410076
executed 166.5
jan_co2.py completed successfully
GetAchievedOutput ===>> No Response
Requested Output= 0.000
Achieved Output=  0.000
GetResponseBlob ===>> No Response
GetOutputBlob ===>> No Response
persistence save...
persistence save - db
AutomatedRunPersister post_extraction_save deprecated
persistence save - dvc
no extraction position for 196
create new session 4984345712
close session 4984345712
Extraction Finished
06:15:23 -- ******* Extraction Finished *******
no overlap. not waiting for min ms pumptime
06:15:23 -- Sending spectrometer configuration
======== Sending configuration ========
SetDeflection CDD,50.0 ===>> OK
SetDeflection H2,0.0 ===>> OK
SetDeflection H1,0.0 ===>> OK
SetDeflection L2,825.0 ===>> OK
SetDeflection L1,400.0 ===>> OK
SetDeflection AX,190.0 ===>> OK
SetZFocus 74.64 ===>> OK
SetZSymmetry -50.72 ===>> OK
SetExtractionLens 26.13 ===>> OK
SetIonRepeller -3.81 ===>> OK
SetElectronEnergy 75.08 ===>> OK
SetYSymmetry -2.81 ===>> OK
SetIonCounterVoltage 1590.0 ===>> OK
send trap current 200.0
GetParameter Trap Current Readback ===>> 198.258926936459
SetParameter Trap Current Set,200.0 ===>> OK
updating mftable name mftable
Using mftable located at /Users/jan/PychronDev/setupfiles/spectrometer/mftables/mftable.csv
============ MFtable ===========
Isotope  H2     H1     AX     L1     L2     CDD    
Ar40     5.7807 5.8785 5.9920 6.1207 6.2304 6.3489
Ar39     5.6800 5.7708 5.8844 6.0067 6.1155 6.2354
Ar36     5.3575 5.4398 5.5478 5.6656 5.7705 5.8865
================================
get initial guess parabolic
get initial guess parabolic
get initial guess parabolic
get initial guess parabolic
get initial guess parabolic
get initial guess parabolic
======== Configuration Finished ========
GetYSymmetry ===>> -2.81
GetZSymmetry ===>> -50.72
GetParameter Trap Current Readback ===>> 197.923274125618
GetHighVoltage ===>> 4500
start measurement
do measurement
L#=65571 analysis type=unknown
Measurement Started jan_unknown120_60.py
06:15:23 -- ******* Measurement Started jan_unknown120_60.py *******
state changed from extraction to measurement
setting spec, defl, and gains
GetExtractionLens ===>> 26.13
GetYSymmetry ===>> -2.81
GetZSymmetry ===>> -50.72
GetZFocus ===>> 74.64
GetDeflection H2 ===>> 0
GetDeflection H1 ===>> 0
GetDeflection AX ===>> 190
GetDeflection L1 ===>> 400
GetDeflection L2 ===>> 825
GetDeflection CDD ===>> 50
GetGain H2 ===>> 0.0113
GetGain H1 ===>> 0.1
GetGain AX ===>> 0.097049
GetGain L1 ===>> 0.010355
GetGain L2 ===>> 0.095649
GetGain CDD ===>> 0
pre measurement save
New frame /Users/jan/PychronDev/data/isotopes/af/2c9ec6-fb1b-4122-8733-997e6dff3476.h5
flush and close file /Users/jan/PychronDev/data/isotopes/af/2c9ec6-fb1b-4122-8733-997e6dff3476.h5
testing...
no interpolation path defined
executed 226.132928
unknown measurement script
activate_detectors ('H2', 'H1', 'AX', 'L1', 'L2', 'CDD') {}
activate detectors
*************** Set Analysis View Ar/Ar
create graphs
clearing graphs
clear isotope group
Get Checksum: 1551197106
setting isotope det=H2, iso=PM41
setting isotope det=H1, iso=Ar40
setting isotope det=AX, iso=Ar39
setting isotope det=L1, iso=Ar38
setting isotope det=L2, iso=Ar37
setting isotope det=CDD, iso=Ar36
setting previous blanks
 - setting Ar40 blank 0.212+/-0.007
 - setting Ar36 blank 0.00452+/-0.00017
 - setting Ar37 blank 0.031+/-0.005
 - setting Ar38 blank 0.0098+/-0.0022
 - setting PM41 blank 0.04+/-0.06
 - setting Ar39 blank 0.020+/-0.008
load analysis view
position_magnet ('Ar40',) {'detector': 'H1'}
detector Detector(H1)
POSITION Ar40 H1
setting detector H2 to PM41 (40.9624)
setting detector H1 to Ar40 (39.9624)
setting detector AX to Ar39 (38.9624)
setting detector L1 to Ar38 (37.9624)
setting detector L2 to Ar37 (36.9624)
setting detector CDD to Ar36 (35.9624)
Mapping mass to dac mass func: "parabolic"
H1 map mass coeffs = [-0.00063987  0.15840543  0.57015999]
H1 map mass to dac 39.9624 >> 5.87855
GetDeflection H1 ===>> 0
GetHighVoltage ===>> 4500
positioning Ar40 (5.87855) on H1
setting magnet DAC
current  : 5.301530
requested: 5.878550
Delta Dac: 0.577020
Checking detector protection. dv=0.57702
Checking detector "CDD". Protection Threshold: 0.1 (V)
ProtectDetector CDD,On ===>> OK
GetDeflection CDD ===>> 2000
SetMagnetDAC 5.87855 ===>> OK
Magnet settling time: 0.500
GetMagnetMoving ===>> True
GetMagnetMoving ===>> True
GetMagnetMoving ===>> True
GetMagnetMoving ===>> True
GetMagnetMoving ===>> True
GetMagnetMoving ===>> True
GetMagnetMoving ===>> True
GetMagnetMoving ===>> True
GetMagnetMoving ===>> False
ProtectDetector CDD,Off ===>> OK
GetDeflection CDD ===>> 50
equilibrate () {'delay': 3, 'inlet': 'R', 'outlet': 'O', 'eqtime': 12.0}
Equilibration Started
06:15:27 -- ******* Equilibration Started *******
checking ownership. requestor=129.138.12.150
check software interlocks O
interlocks []
actuate state mode=None-script, software_lock=False
doing actuation None-script close_channel True
Close O ===>> OK
GetIndicatorState O ===>> False
change switch state (True, True)
update switch state O False args=() kw={} ncanvase=2
06:15:27 -- CLOSE  VALVE-O (Jan Ion Pump)
waiting 3s before opening inlet value ('R',)
Get Checksum: -598318598
checking ownership. requestor=129.138.12.150
check software interlocks R
interlocks []
actuate state mode=None-script, software_lock=False
doing actuation None-script open_channel True
Open R ===>> OK
set states for children of R. state=True
handle state [('R', True)]
update switch state R True args=() kw={'refresh': False} ncanvase=2
refresh_canvas_needed fired
Get Checksum: -1449001502
GetIndicatorState R ===>> OK
change switch state (True, True)
update switch state R True args=() kw={} ncanvase=2
06:15:30 -- OPEN   VALVE-R (Jan Inlet)
equilibrating for 12.0sec
set_time_zero () {}
sniff (12.0,) {}
py_sniff
build tables- sniff [Detector(H2), Detector(H1), Detector(AX), Detector(L1), Detector(L2), Detector(CDD)]
add group /sniff/PM41 (Group) '' table H2
add group /sniff/Ar40 (Group) '' table H1
add group /sniff/Ar39 (Group) '' table AX
add group /sniff/Ar38 (Group) '' table L1
add group /sniff/Ar37 (Group) '' table L2
add group /sniff/Ar36 (Group) '' table CDD
flush and close file /Users/jan/PychronDev/data/isotopes/af/2c9ec6-fb1b-4122-8733-997e6dff3476.h5
measuring sniff. ncounts=12.0
starting measurement
GetData ===>> H2,0.0791606283764296,H1,89.7009914208618,AX,19.4406260792664,L1,0.0344766938920875,L2,0.18348028...
GetData ===>> H2,1.17811694193591,H1,961.666204679267,AX,200.55114008354,L1,1.07656791797537,L2,1.2855774463195...
GetData ===>> H2,0.654210346331077,H1,1460.35999558494,AX,294.948272980137,L1,2.37573957076016,L2,1.51278714266...
Get Checksum: -1449001502
GetData ===>> H2,0.205932217132354,H1,1617.44355173129,AX,320.60598023448,L1,3.22117189592255,L2,1.458369709663...
GetData ===>> H2,0.148224196109032,H1,1673.07623380312,AX,329.533403565107,L1,3.6846090993381,L2,1.610273551865...
GetData ===>> H2,0.0339225441442777,H1,1694.89246556625,AX,332.734433942389,L1,3.94193745892307,L2,1.5668675433...
Get Checksum: -1449001502
GetData ===>> H2,-0.0542057168159538,H1,1704.55225507793,AX,333.952576210247,L1,4.07726159051341,L2,1.700077285...
GetData ===>> H2,-0.03681937575484,H1,1708.82394201213,AX,334.873572114574,L1,4.1988317167456,L2,1.556840293634...
GetData ===>> H2,-0.0433213549618593,H1,1710.40580035643,AX,335.349025835732,L1,4.23585012854127,L2,1.566775650...
Get Checksum: -1449001502
GetData ===>> H2,-0.0182317847283014,H1,1710.58216863954,AX,335.322305974353,L1,4.30218352133193,L2,1.551821317...
GetData ===>> H2,-0.0700647381261991,H1,1710.1461906441,AX,335.212399174052,L1,4.35478830198567,L2,1.5673959267...
Get Checksum: -1449001502
Equilibration Finished
GetData ===>> H2,-0.0306342352820637,H1,1709.84480452079,AX,335.177410736088,L1,4.35247143137935,L2,1.587936204...
06:15:43 -- ******* Equilibration Finished *******
checking ownership. requestor=129.138.12.150
check software interlocks R
interlocks []
actuate state mode=None-script, software_lock=False
doing actuation None-script close_channel True
Close R ===>> OK
GetIndicatorState R ===>> False
change switch state (True, True)
update switch state R False args=() kw={} ncanvase=2
06:15:43 -- CLOSE  VALVE-R (Jan Inlet)
Post Equilibration Started jan_pump_extraction_line.py
06:15:43 -- ******* Post Equilibration Started jan_pump_extraction_line.py *******
testing...
no interpolation path defined
calculate duration
testing...
no interpolation path defined
executed 4.0
executed 4.0
Pump after analysis
doing GOSUB
testing...
no interpolation path defined
executed 4.0
Pump Microbone
close () {'description': 'Jan Inlet'}
closing name=--- desc=Jan Inlet
checking ownership. requestor=129.138.12.150
check software interlocks R
interlocks []
actuate state mode=None-script, software_lock=False
doing actuation None-script close_channel False
Close R ===>> OK
measurement finished
estimated time: 12.583 actual time: :12.664
flush and close file /Users/jan/PychronDev/data/isotopes/af/2c9ec6-fb1b-4122-8733-997e6dff3476.h5
set_fits () {}
using default fits file=/Users/jan/PychronDev/scripts/measurement/fits/nominal_linear.yaml
set "Ar40" to "('Linear', 'SEM')"
No fit for "PM41". defaulting to linear. check the measurement script "jan_unknown120_60.py"
set "PM41" to "linear"
set "Ar36" to "('Linear', 'SEM')"
set "Ar37" to "('linear', 'SEM')"
set "Ar38" to "('linear', 'SEM')"
set "Ar39" to "('Linear', 'SEM')"
set_baseline_fits () {}
using default fits file=/Users/jan/PychronDev/scripts/measurement/fits/nominal_linear.yaml
set "H1" to "('average', 'SEM')"
set "H2" to "('average', 'SEM')"
set "CDD" to "('average', 'SEM')"
set "L2" to "('average', 'SEM')"
set "L1" to "('average', 'SEM')"
set "AX" to "('average', 'SEM')"
multicollect () {'integration_time': 1, 'ncounts': 120}
build tables- signal [Detector(H2), Detector(H1), Detector(AX), Detector(L1), Detector(L2), Detector(CDD)]
add group /signal/PM41 (Group) '' table H2
add group /signal/Ar40 (Group) '' table H1
add group /signal/Ar39 (Group) '' table AX
add group /signal/Ar38 (Group) '' table L1
add group /signal/Ar37 (Group) '' table L2
GetIndicatorState R ===>> False
add group /signal/Ar36 (Group) '' table CDD
change switch state (True, True)
flush and close file /Users/jan/PychronDev/data/isotopes/af/2c9ec6-fb1b-4122-8733-997e6dff3476.h5
update switch state R False args=() kw={} ncanvase=2
measuring signal. ncounts=120
06:15:44 -- CLOSE  VALVE-R (Jan Inlet)
---------------------------------------- close None (Jan Inlet) result=[(True, True)]
action=close, ok=True, locked=[False]
is_closed ('F',) {}
is F () closed?
is closed True
open () {'description': 'CO2 Laser to Jan'}
opening name=--- desc=CO2 Laser to Jan
checking ownership. requestor=129.138.12.150
check software interlocks A
interlocks []
actuate state mode=None-script, software_lock=False
doing actuation None-script open_channel False
Open A ===>> OK
GetIndicatorState A ===>> OK
change switch state (True, True)
update switch state A True args=() kw={} ncanvase=2
06:15:44 -- OPEN   VALVE-A (CO2 Laser to Jan)
---------------------------------------- open None (CO2 Laser to Jan) result=[(True, True)], time=0.13 sec
starting measurement
GetData ===>> H2,-0.142556756773181,H1,1709.86586473065,AX,335.340782186874,L1,4.33050210985901,L2,1.6164448113...
action=open, ok=True, locked=[False]
sleep (1,) {}
SLEEP 1.0
GetData ===>> H2,0.0436225128742424,H1,1710.36379465397,AX,335.400641328118,L1,4.38489914758425,L2,1.4378605757...
close () {'description': 'CO2 Laser to Roughing'}
closing name=--- desc=CO2 Laser to Roughing
checking ownership. requestor=129.138.12.150
check software interlocks G
interlocks []
actuate state mode=None-script, software_lock=True
VALVE-G(CO2 Laser to Roughing) software locked
change switch state (True, False)
---------------------------------------- close None (CO2 Laser to Roughing) result=[(True, False)]
action=close, ok=True, locked=[True]
open () {'description': 'Microbone to Turbo'}
opening name=--- desc=Microbone to Turbo
checking ownership. requestor=129.138.12.150
check software interlocks U
interlocks []
actuate state mode=None-script, software_lock=False
doing actuation None-script open_channel True
Open U ===>> OK
GetIndicatorState U ===>> OK
change switch state (True, True)
update switch state U True args=() kw={} ncanvase=2
06:15:46 -- OPEN   VALVE-U (Microbone to Turbo)
---------------------------------------- open None (Microbone to Turbo) result=[(True, True)], time=0.18 sec
Get Checksum: -860229079
action=open, ok=True, locked=[False]
open () {'description': 'Microbone to Getter NP-10'}
opening name=--- desc=Microbone to Getter NP-10
checking ownership. requestor=129.138.12.150
check software interlocks M
interlocks []
actuate state mode=None-script, software_lock=False
doing actuation None-script open_channel False
Open M ===>> OK
GetIndicatorState M ===>> OK
change switch state (True, True)
update switch state M True args=() kw={} ncanvase=2
06:15:46 -- OPEN   VALVE-M (Microbone to Getter NP-10)
---------------------------------------- open None (Microbone to Getter NP-10) result=[(True, True)], time=0.14 sec
action=open, ok=True, locked=[False]
open () {'description': 'Microbone to Getter D-50'}
opening name=--- desc=Microbone to Getter D-50
checking ownership. requestor=129.138.12.150
check software interlocks K
interlocks []
actuate state mode=None-script, software_lock=False
doing actuation None-script open_channel False
GetData ===>> H2,-0.0738937670663322,H1,1710.37518240657,AX,335.042217170609,L1,4.41174515501882,L2,1.442499437...
Open K ===>> OK
GetIndicatorState K ===>> OK
change switch state (True, True)
update switch state K True args=() kw={} ncanvase=2
06:15:47 -- OPEN   VALVE-K (Microbone to Getter D-50)
---------------------------------------- open None (Microbone to Getter D-50) result=[(True, True)], time=0.41 sec
action=open, ok=True, locked=[False]
open () {'description': 'Microbone to CO2 Laser'}
opening name=--- desc=Microbone to CO2 Laser
checking ownership. requestor=129.138.12.150
check software interlocks T
interlocks []
actuate state mode=None-script, software_lock=False
doing actuation None-script open_channel False
Open T ===>> OK
GetIndicatorState T ===>> OK
change switch state (True, True)
update switch state T True args=() kw={} ncanvase=2
06:15:47 -- OPEN   VALVE-T (Microbone to CO2 Laser)
---------------------------------------- open None (Microbone to CO2 Laser) result=[(True, True)], time=0.41 sec
GetData ===>> H2,-0.0674891811880317,H1,1708.98485876699,AX,334.736566353533,L1,4.39587122252524,L2,1.534806384...
action=open, ok=True, locked=[False]
open () {'description': 'Microbone to Inlet Pipette'}
opening name=--- desc=Microbone to Inlet Pipette
checking ownership. requestor=129.138.12.150
check software interlocks S
interlocks []
actuate state mode=None-script, software_lock=False
doing actuation None-script open_channel False
Open S ===>> OK
GetIndicatorState S ===>> OK
change switch state (True, True)
update switch state S True args=() kw={} ncanvase=2
06:15:48 -- OPEN   VALVE-S (Microbone to Inlet Pipette)
---------------------------------------- open None (Microbone to Inlet Pipette) result=[(True, True)], time=0.40 sec
action=open, ok=True, locked=[False]
sleep (1,) {}
SLEEP 1.0
GetData ===>> H2,-0.0353395927711614,H1,1708.41722582119,AX,334.837026104325,L1,4.44246179497934,L2,1.581123423...
Get Checksum: -860229079
set_resource () {'name': 'CO2PumpTimeFlag', 'value': 30}
Set CO2PumpTimeFlag 30 ===>> OK
release ('JanCO2Flag',) {}
release JanCO2Flag
Set JanCO2Flag 0 ===>> OK
executed 6.0
PumpMicrobone.py completed successfully
gosub finished
get_resource_value () {'name': 'JanMiniboneFlag'}
Read JanMiniboneFlag ===>> 0
Get Resource Value JanMiniboneFlag=0.0
get resource value 0.0
get_resource_value () {'name': 'JanMiniboneFlag'}
Read JanMiniboneFlag ===>> 0
Get Resource Value JanMiniboneFlag=0.0
executed 4.0
jan_pump_extraction_line.py completed successfully
Post Equilibration Finished
06:15:49 -- ******* Post Equilibration Finished *******
GetData ===>> H2,-0.0257530055883636,H1,1707.05052611804,AX,334.319425220576,L1,4.40969360335649,L2,1.605780387...
GetData ===>> H2,-0.138556116842318,H1,1706.63986779142,AX,333.882954585448,L1,4.37506987232947,L2,1.5754483890...
GetData ===>> H2,-0.0293438267378602,H1,1706.12473774624,AX,334.242663702079,L1,4.35878403666068,L2,1.535633927...
Get Checksum: -860229079
GetData ===>> H2,-0.0592136354877417,H1,1705.05129524368,AX,334.29540135642,L1,4.38389219042039,L2,1.5120976860...
GetData ===>> H2,-0.146574897952507,H1,1704.46597029026,AX,334.20247918473,L1,4.39316451305178,L2,1.58420232754...
Get Checksum: -860229079
GetData ===>> H2,-0.0662520556064393,H1,1703.93786785883,AX,333.804534088895,L1,4.35383553072268,L2,1.626259880...
GetData ===>> H2,-0.0810223060054201,H1,1703.05879904351,AX,333.747733341143,L1,4.35941751970512,L2,1.431430838...
GetData ===>> H2,-0.185338092872431,H1,1702.70921646552,AX,333.616027771812,L1,4.38117133519622,L2,1.5503627622...
Get Checksum: -860229079
GetData ===>> H2,-0.242283226132871,H1,1701.77155267954,AX,333.656228318747,L1,4.39557743088804,L2,1.5854316187...
GetData ===>> H2,-0.140345766693772,H1,1701.44832129198,AX,333.369656810733,L1,4.36361772777707,L2,1.5652020058...
GetData ===>> H2,-0.162190712801785,H1,1700.97055355166,AX,333.335198579869,L1,4.38064097026072,L2,1.4784467059...
Get Checksum: -860229079
GetData ===>> H2,-0.17441295021136,H1,1700.0589360288,AX,333.250472487585,L1,4.35243787790912,L2,1.592819184767...
GetData ===>> H2,-0.221105684822372,H1,1698.85217851844,AX,332.938261589072,L1,4.34525695573043,L2,1.4614935441...
GetData ===>> H2,-0.0427596522408561,H1,1697.59605320409,AX,332.812858797799,L1,4.32469686728676,L2,1.514729138...
Get Checksum: -860229079
GetData ===>> H2,-0.133134079617007,H1,1697.97378615946,AX,332.432101380231,L1,4.31887689202724,L2,1.5839266008...
GetData ===>> H2,-0.131381166266741,H1,1697.81631000488,AX,332.703699018002,L1,4.3050762439636,L2,1.56150346678...
GetData ===>> H2,-0.133534398384588,H1,1696.62418441299,AX,332.551575349781,L1,4.30709398098438,L2,1.5122355769...
Get Checksum: -860229079
GetData ===>> H2,-0.0946131225065428,H1,1695.79379286611,AX,332.433954822097,L1,4.33241720313948,L2,1.550144555...
GetData ===>> H2,-0.024750145199933,H1,1695.13723415433,AX,332.13273718561,L1,4.31246690205995,L2,1.43321045532...
06:16:10 -- collecting point 25
GetData ===>> H2,-0.0166504482477407,H1,1694.39074222366,AX,332.073019824937,L1,4.32147826671359,L2,1.570887924...
Get Checksum: -860229079
GetData ===>> H2,-0.0992404213524848,H1,1693.40093702538,AX,331.803623356358,L1,4.34730433545632,L2,1.460701091...
GetData ===>> H2,-0.143614798193293,H1,1692.93788773083,AX,331.818086402121,L1,4.32028608346942,L2,1.4888773683...
GetData ===>> H2,-0.173099717716511,H1,1692.3342415991,AX,331.940630634364,L1,4.29420950371119,L2,1.55911442379...
Get Checksum: -860229079
GetData ===>> H2,-0.183013874341368,H1,1691.80819647704,AX,331.608249828442,L1,4.30631452684188,L2,1.5532454397...
GetData ===>> H2,-0.125975324143841,H1,1691.20185894316,AX,331.495968820851,L1,4.29767101789339,L2,1.5577591276...
GetData ===>> H2,-0.0993771668118647,H1,1689.74489806428,AX,331.553014713757,L1,4.28065881006377,L2,1.524336274...
Get Checksum: -860229079
GetData ===>> H2,-0.121249024853515,H1,1689.17586082017,AX,331.370550528025,L1,4.29584115503477,L2,1.5911072411...
GetData ===>> H2,-0.0526711600269839,H1,1688.32851715967,AX,330.839043912638,L1,4.27065088276,L2,1.478262915829...
Get Checksum: -860229079
GetData ===>> H2,-0.0441204446772109,H1,1687.91668942578,AX,330.795334851351,L1,4.29527638397727,L2,1.518188056...
GetData ===>> H2,-0.101501248814519,H1,1687.1409907229,AX,330.590394965277,L1,4.30414979905259,L2,1.65007764391...
GetData ===>> H2,-0.20453384443738,H1,1686.78114842609,AX,330.8465590249,L1,4.29811505934624,L2,1.5653972742609...
Get Checksum: -860229079
GetData ===>> H2,-0.229888082174607,H1,1687.15111434485,AX,330.774039243857,L1,4.28296374160268,L2,1.4872001151...
GetData ===>> H2,-0.103492299716385,H1,1686.39363713301,AX,330.595967304022,L1,4.26682633923995,L2,1.5328869704...
GetData ===>> H2,-0.0941024739696636,H1,1684.99361160355,AX,330.540092741513,L1,4.28679315963635,L2,1.527726580...
Get Checksum: -860229079
GetData ===>> H2,-0.123437295886171,H1,1684.31392197534,AX,330.015002238824,L1,4.30965706004491,L2,1.5466073715...
GetData ===>> H2,-0.0998645629844114,H1,1683.44900729828,AX,330.291487585909,L1,4.28524581956593,L2,1.521486210...
GetData ===>> H2,-0.109000724763553,H1,1683.29700783255,AX,330.344575700162,L1,4.24456965888464,L2,1.5324387296...
Get Checksum: -860229079
GetData ===>> H2,-0.157167933812335,H1,1683.03578157521,AX,329.822266331908,L1,4.24168134087722,L2,1.4861547187...
GetData ===>> H2,-0.164009384868555,H1,1681.64035146473,AX,329.905737157068,L1,4.21664177926645,L2,1.4866831594...
GetData ===>> H2,-0.204846528509694,H1,1680.3110231489,AX,329.805044011116,L1,4.25363511917206,L2,1.45905878210...
Get Checksum: -860229079
GetData ===>> H2,-0.211292363354883,H1,1680.00129959998,AX,329.891573381689,L1,4.25855290154196,L2,1.5401305275...
GetData ===>> H2,-0.0351169298914808,H1,1679.33915769158,AX,329.483541069278,L1,4.23251241600281,L2,1.664380323...
GetData ===>> H2,-0.0797568421974381,H1,1678.80753947722,AX,329.352516496364,L1,4.21307164567016,L2,1.626340336...
Get Checksum: -860229079
GetData ===>> H2,-0.00859771945386726,H1,1678.05584024049,AX,329.167255182322,L1,4.21448013492995,L2,1.46902791...
06:16:36 -- collecting point 50
GetData ===>> H2,-0.116132396924542,H1,1676.9168628384,AX,328.958679276487,L1,4.22128263122385,L2,1.56241085919...
GetData ===>> H2,-0.120534837696061,H1,1676.27791827099,AX,328.871150632569,L1,4.20151007046879,L2,1.4503997964...
Get Checksum: -860229079
GetData ===>> H2,-0.163883828916996,H1,1676.04453548786,AX,328.907469127281,L1,4.23666618514374,L2,1.5588961968...
GetData ===>> H2,-0.154310479858603,H1,1675.95149584794,AX,328.776546324483,L1,4.19431305933452,L2,1.5388673640...
GetData ===>> H2,-0.182992289112411,H1,1675.33684595981,AX,328.595315774124,L1,4.21594681954036,L2,1.5934970768...
Get Checksum: -860229079
GetData ===>> H2,-0.220992527539164,H1,1673.76265974429,AX,328.069144742793,L1,4.23044327082912,L2,1.5957261116...
GetData ===>> H2,-0.0723577002642945,H1,1673.80807326817,AX,328.199343902364,L1,4.22985500572696,L2,1.546412141...
Get Checksum: -860229079
GetData ===>> H2,-0.0253032241023239,H1,1673.29699333104,AX,328.401237564285,L1,4.21442646139568,L2,1.586327747...
GetData ===>> H2,-0.103656061996846,H1,1672.45406433958,AX,328.233438816731,L1,4.20397432842663,L2,1.5902225574...
GetData ===>> H2,-0.0921639678996437,H1,1671.01207876838,AX,328.171329562881,L1,4.21841055087121,L2,1.499125329...
Get Checksum: -860229079
GetData ===>> H2,-0.107474707947595,H1,1670.49642994976,AX,327.960428123128,L1,4.21668530624749,L2,1.5153381750...
GetData ===>> H2,-0.0844332083325022,H1,1670.22821663123,AX,327.679720052125,L1,4.19967416728614,L2,1.589797452...
GetData ===>> H2,-0.0831952151256575,H1,1669.15183739252,AX,327.93137062273,L1,4.19789073509372,L2,1.5657418665...
GetData ===>> H2,-0.212857456917222,H1,1668.33723830978,AX,327.641676472662,L1,4.20947030353928,L2,1.4819158097...
GetData ===>> H2,-0.208956442176065,H1,1668.03774112033,AX,327.228945764855,L1,4.21350969593541,L2,1.4222921656...
Get Checksum: -860229079
GetData ===>> H2,-0.120299470721565,H1,1667.03298756026,AX,327.05994651934,L1,4.18942886233119,L2,1.45423537848...
GetData ===>> H2,-0.0961842048848434,H1,1666.144261703,AX,327.428768346354,L1,4.20269644904376,L2,1.47551759294...
GetData ===>> H2,-0.152460519197038,H1,1665.8939547265,AX,327.250998598699,L1,4.24654596482546,L2,1.51524624480...
Get Checksum: -860229079
GetData ===>> H2,-0.241525479353498,H1,1665.65162410018,AX,326.924603649643,L1,4.22596300413164,L2,1.5706696712...
GetData ===>> H2,-0.138638576703598,H1,1664.74102085876,AX,326.917235753411,L1,4.18256791612796,L2,1.4953339165...
GetData ===>> H2,-0.153878083656801,H1,1664.38045747642,AX,326.928800645614,L1,4.18833705631493,L2,1.5925319437...
Get Checksum: -860229079
GetData ===>> H2,-0.140099774162671,H1,1663.3933714982,AX,326.467498850224,L1,4.18088552409938,L2,1.50561703470...
GetData ===>> H2,-0.106543845254612,H1,1662.39155626989,AX,326.492779811541,L1,4.15957772801501,L2,1.5053182917...
GetData ===>> H2,-0.0841081465788373,H1,1661.59770901329,AX,326.251606145622,L1,4.20215690802006,L2,1.537236759...
Get Checksum: -860229079
GetData ===>> H2,-0.0850033983785443,H1,1661.34619077713,AX,326.219169815517,L1,4.19849388291162,L2,1.464008763...
06:17:02 -- collecting point 75
GetData ===>> H2,-0.137704447144223,H1,1660.89916759059,AX,325.972956014155,L1,4.19049176364433,L2,1.6033672659...
GetData ===>> H2,-0.0894121033376133,H1,1659.78042295267,AX,325.7215879632,L1,4.24484283503835,L2,1.48597091393...
Get Checksum: -860229079
GetData ===>> H2,-0.0805928228321794,H1,1659.02637572387,AX,325.807938023418,L1,4.23415284773726,L2,1.494885850...
GetData ===>> H2,-0.0752927224590721,H1,1658.98282639942,AX,325.451604449352,L1,4.21374178193228,L2,1.444152947...
GetData ===>> H2,-0.102038636833939,H1,1658.70235935132,AX,325.569168721367,L1,4.17840366006894,L2,1.4680171721...
Get Checksum: -860229079
GetData ===>> H2,-0.102054879904789,H1,1657.21958808588,AX,325.58988039261,L1,4.1447174920618,L2,1.542978447947...
GetData ===>> H2,-0.0898281098489049,H1,1656.39390405778,AX,325.460470966351,L1,4.15570015749467,L2,1.609285267...
Get Checksum: -860229079
GetData ===>> H2,-0.0445607618672041,H1,1656.2123550937,AX,325.150781319827,L1,4.18712646965974,L2,1.5150279107...
GetData ===>> H2,-0.131364934322222,H1,1655.77800901609,AX,324.984859535218,L1,4.21677526250128,L2,1.4344504655...
GetData ===>> H2,-0.170705036377402,H1,1654.64193015614,AX,324.758531622806,L1,4.22177177959978,L2,1.5321743834...
Get Checksum: -860229079
GetData ===>> H2,-0.153171350606779,H1,1654.41328558206,AX,324.753115121149,L1,4.16150322281368,L2,1.4834666085...
GetData ===>> H2,-0.117638402345348,H1,1654.15602555747,AX,324.540121820111,L1,4.18712067073218,L2,1.5467796340...
GetData ===>> H2,-0.0547212597736545,H1,1652.94624252296,AX,324.525700551481,L1,4.19599304430025,L2,1.436103837...
Get Checksum: -860229079
GetData ===>> H2,-0.113443281389681,H1,1652.43735068472,AX,324.523905685692,L1,4.14805046237242,L2,1.6126293864...
GetData ===>> H2,-0.178283027334593,H1,1652.1779069317,AX,324.405379179611,L1,4.18577104554131,L2,1.52173903554...
GetData ===>> H2,-0.136766184601011,H1,1650.44357033737,AX,324.007787374061,L1,4.201024239758,L2,1.390715307423...
Get Checksum: -860229079
GetData ===>> H2,-0.130938837473916,H1,1649.27329133937,AX,323.942054376982,L1,4.21115238203076,L2,1.5082712913...
GetData ===>> H2,-0.110802266904332,H1,1649.61174556077,AX,323.781251723839,L1,4.13965683156614,L2,1.4826510001...
GetData ===>> H2,-0.169586445551298,H1,1648.99747838008,AX,323.775874926183,L1,4.16945599721193,L2,1.5296573845...
Get Checksum: -860229079
GetData ===>> H2,-0.239282897027216,H1,1648.60249022863,AX,323.775782223753,L1,4.1686519381772,L2,1.51335020257...
GetData ===>> H2,-0.252429171189835,H1,1647.71113471833,AX,323.660022761754,L1,4.17368473477596,L2,1.4718534553...
GetData ===>> H2,-0.122343213098463,H1,1647.21152761858,AX,323.085696831491,L1,4.15534271329906,L2,1.5317261459...
Get Checksum: -860229079
GetData ===>> H2,-0.10367500954636,H1,1645.97449531629,AX,323.265498833834,L1,4.13798632190748,L2,1.50449100850...
GetData ===>> H2,-0.0986907150808307,H1,1645.61703670005,AX,323.258894440757,L1,4.16349563485864,L2,1.448459096...
GetData ===>> H2,-0.0390305464782376,H1,1645.3135767125,AX,323.122875730008,L1,4.09014294766294,L2,1.6166171985...
Get Checksum: -860229079
06:17:28 -- collecting point 100
GetData ===>> H2,0.0132192754773467,H1,1643.87909762376,AX,322.944969988909,L1,4.13732541315521,L2,1.4521912469...
GetData ===>> H2,-0.0896397569951926,H1,1643.40945295679,AX,322.830126066929,L1,4.1714598568379,L2,1.5047208087...
GetData ===>> H2,-0.0181665793110036,H1,1642.90967541988,AX,322.96249105212,L1,4.15597367452877,L2,1.5724042265...
Get Checksum: -860229079
GetData ===>> H2,-0.11076300577759,H1,1641.74000166043,AX,322.591640630171,L1,4.14745413648922,L2,1.46103415040...
GetData ===>> H2,-0.160447375992791,H1,1641.69330973191,AX,322.341251014853,L1,4.12383270732239,L2,1.4127066746...
Get Checksum: -860229079
GetData ===>> H2,-0.23772345549209,H1,1641.53419320506,AX,322.344701425286,L1,4.13710704639961,L2,1.50412332933...
GetData ===>> H2,-0.221737458833245,H1,1639.84643504413,AX,321.949016894113,L1,4.17983360393975,L2,1.5815599789...
GetData ===>> H2,-0.149661171314971,H1,1639.44581192001,AX,322.060972244513,L1,4.19211602142333,L2,1.4608044543...
Get Checksum: -860229079
GetData ===>> H2,-0.0314179173744302,H1,1638.9430476446,AX,322.232774142574,L1,4.17712453160825,L2,1.5136604614...
GetData ===>> H2,-0.0499665260517229,H1,1637.87145068852,AX,321.698968883103,L1,4.17747218627649,L2,1.490313395...
GetData ===>> H2,-0.0458520251625625,H1,1637.97968144401,AX,321.536745050441,L1,4.18126081791432,L2,1.420845671...
Get Checksum: -860229079
GetData ===>> H2,-0.197710597480885,H1,1637.59440354556,AX,321.754984721051,L1,4.17182791902608,L2,1.4478160323...
GetData ===>> H2,-0.263891735548715,H1,1636.76681131119,AX,321.536129725397,L1,4.15727332638233,L2,1.4969653548...
GetData ===>> H2,-0.192050421609436,H1,1636.01117429762,AX,321.585220269177,L1,4.15840376025633,L2,1.5151313320...
Get Checksum: -860229079
GetData ===>> H2,-0.171824865880548,H1,1635.28386385421,AX,321.383057710375,L1,4.15154505739283,L2,1.4385380194...
GetData ===>> H2,-0.105039150072346,H1,1634.15332244993,AX,320.991400956621,L1,4.13249854854849,L2,1.4702109561...
GetData ===>> H2,-0.134931346139794,H1,1633.79035347966,AX,321.050377312476,L1,4.14500111349725,L2,1.4566240815...
Get Checksum: -860229079
GetData ===>> H2,-0.146496548352458,H1,1633.48355238042,AX,321.013161814699,L1,4.13868631702152,L2,1.5274277691...
GetData ===>> H2,-0.101321211376063,H1,1632.71003315593,AX,320.705400587293,L1,4.12401053204481,L2,1.4531558878...
GetData ===>> H2,-0.212524791648165,H1,1631.62263789731,AX,320.600882342066,L1,4.08695922035451,L2,1.4367008950...
Get Checksum: -860229079
GetData ===>> H2,-0.141887829087055,H1,1630.90135473083,AX,320.56369534745,L1,4.10371833481731,L2,1.49464458472...
measurement finished
estimated time: 125.829 actual time: :126.236
flush and close file /Users/jan/PychronDev/data/isotopes/af/2c9ec6-fb1b-4122-8733-997e6dff3476.h5
baselines () {'settling_time': 15.0, 'detector': 'H1', 'mass': 34.2, 'ncounts': 60}
%%%%%%%%%%%%%%%%%%%%%%%%%%%%%%%% Baseline
build tables- baseline [Detector(H2), Detector(H1), Detector(AX), Detector(L1), Detector(L2), Detector(CDD)]
add group baseline table H2
add group baseline table H1
add group baseline table AX
add group baseline table L1
add group baseline table L2
add group baseline table CDD
flush and close file /Users/jan/PychronDev/data/isotopes/af/2c9ec6-fb1b-4122-8733-997e6dff3476.h5
detector Detector(H1)
POSITION 34.2 H1
Mapping mass to dac mass func: "parabolic"
H1 map mass coeffs = [-0.00063987  0.15840543  0.57015999]
H1 map mass to dac 34.2 >> 5.23920599104
GetDeflection H1 ===>> 0
GetHighVoltage ===>> 4500
positioning 34.2 (5.23920599104) on H1
setting magnet DAC
current  : 5.878550
requested: 5.239206
Delta Dac: 0.639344
Checking detector protection. dv=0.63934
Checking detector "CDD". Protection Threshold: 0.1 (V)
ProtectDetector CDD,On ===>> OK
GetDeflection CDD ===>> 2000
SetMagnetDAC 5.23920599104 ===>> OK
Magnet settling time: 0.500
GetMagnetMoving ===>> True
GetMagnetMoving ===>> True
GetMagnetMoving ===>> True
Get Checksum: -860229079
GetMagnetMoving ===>> True
GetMagnetMoving ===>> True
GetMagnetMoving ===>> True
GetMagnetMoving ===>> True
GetMagnetMoving ===>> True
GetMagnetMoving ===>> True
GetMagnetMoving ===>> False
ProtectDetector CDD,Off ===>> OK
GetDeflection CDD ===>> 50
Delaying 15.0s for detectors to settle
Get Checksum: -860229079
Get Checksum: -860229079
Get Checksum: -860229079
Get Checksum: -860229079
Get Checksum: -860229079
Join finished
measuring baseline. ncounts=60
starting measurement
GetData ===>> H2,-0.222098456698579,H1,-0.176153019673042,AX,-0.200168772976538,L1,-0.105036388354821,L2,-0.072...
GetData ===>> H2,-0.105190711131293,H1,-0.117668502521328,AX,-0.0264457814505521,L1,-0.0761653678288537,L2,-0.0...
Get Checksum: -860229079
GetData ===>> H2,-0.141281030253119,H1,-0.0533091545011242,AX,-0.107502634758511,L1,-0.0540602612976663,L2,-0.0...
GetData ===>> H2,-0.11200305029458,H1,-0.0328485137976341,AX,-0.0929934119897867,L1,-0.0540076340320107,L2,-0.0...
Get Checksum: -860229079
GetData ===>> H2,-0.222063435022674,H1,-0.10315550937181,AX,-0.0201132701128646,L1,-0.0657275046737268,L2,-0.11...
GetData ===>> H2,-0.108596242048059,H1,-0.0902731664529142,AX,-0.138930345105223,L1,-0.0658411104191752,L2,-0.0...
GetData ===>> H2,-0.269272775955054,H1,-0.0230936590211116,AX,-0.16764754200882,L1,-0.0202994757329483,L2,-0.07...
Get Checksum: -860229079
GetData ===>> H2,-0.292736750685872,H1,0.0266494161873744,AX,-0.110932613994899,L1,-0.0368232546075888,L2,0.040...
GetData ===>> H2,-0.185653707341098,H1,0.022246693830197,AX,-0.0649538872382326,L1,-0.0453323279903477,L2,-0.08...
GetData ===>> H2,-0.17843148668588,H1,-0.0530349428008446,AX,-0.0791427343702307,L1,-0.0303162370181098,L2,-0.0...
Get Checksum: -860229079
GetData ===>> H2,-0.156605957221111,H1,-0.0304635515401717,AX,-0.125902594067028,L1,-0.048398857689328,L2,0.015...
GetData ===>> H2,-0.205880211309378,H1,0.000379129467975714,AX,-0.0803598185308466,L1,-0.0368436227079687,L2,-0...
GetData ===>> H2,-0.233978009672108,H1,-0.0138149320424439,AX,-0.123724442963624,L1,-0.0390551132426884,L2,-0.1...
Get Checksum: -860229079
GetData ===>> H2,-0.270861190901402,H1,0.0384864211190774,AX,-0.119646071450808,L1,-0.0773228250699664,L2,-0.05...
GetData ===>> H2,-0.244692065489678,H1,0.0288329519450905,AX,-0.0770099025549575,L1,-0.0922346577155691,L2,0.08...
GetData ===>> H2,-0.230740104271499,H1,0.024621037660544,AX,-0.149006096311045,L1,-0.0961072294074651,L2,-0.049...
Get Checksum: -860229079
GetData ===>> H2,-0.160932188284352,H1,-0.00922295592407068,AX,-0.185787060960725,L1,-0.0654512579701538,L2,-0....
GetData ===>> H2,-0.114760174955604,H1,-0.0600926743075767,AX,-0.00975536260063156,L1,-0.0281409350545731,L2,0....
GetData ===>> H2,-0.235487638324444,H1,-0.0313936935808055,AX,-0.0780415498685335,L1,-0.0588513657942995,L2,-0....
Get Checksum: -860229079
GetData ===>> H2,-0.201436187861106,H1,-0.000276942950239012,AX,-0.0854482245695269,L1,-0.094462145009629,L2,-0...
GetData ===>> H2,-0.214003528300463,H1,-0.0202075661884347,AX,-0.0651277826916723,L1,-0.074816426845273,L2,-0.0...
GetData ===>> H2,-0.132406437041656,H1,0.0170567413351421,AX,-0.0827939411809909,L1,-0.0426432574657022,L2,-0.0...
GetData ===>> H2,-0.210195860678825,H1,0.0600997247615755,AX,-0.0371729969055014,L1,-0.0695523214431602,L2,-0.1...
GetData ===>> H2,-0.204957044088388,H1,-0.0290444720288495,AX,-0.100329415669547,L1,-0.0253947829360306,L2,-0.0...
Get Checksum: -860229079
06:18:34 -- collecting point 25
GetData ===>> H2,-0.229162534032859,H1,0.0660080934885122,AX,-0.0711327816882914,L1,0.0225691033900371,L2,-0.08...
GetData ===>> H2,-0.274173028673705,H1,0.109517275028215,AX,0.021243751528316,L1,-0.0262431508070105,L2,-0.0717...
Get Checksum: -860229079
GetData ===>> H2,-0.180195304763374,H1,0.0145752039611537,AX,-0.14253640130832,L1,0.00806573429689986,L2,0.0068...
GetData ===>> H2,-0.265721550433974,H1,0.026458508221139,AX,-0.132807474126376,L1,0.0147252300056991,L2,-0.0199...
GetData ===>> H2,-0.213567199894368,H1,-0.00680164732786965,AX,-0.0529311614715328,L1,-0.0118506011942076,L2,-0...
Get Checksum: -860229079
GetData ===>> H2,-0.259701410381752,H1,0.0288090879089655,AX,-0.129783753079414,L1,-0.0351097901642121,L2,-0.04...
GetData ===>> H2,-0.22593267377465,H1,0.00995827648304655,AX,-0.083477802777728,L1,-0.0104060060424633,L2,-0.02...
GetData ===>> H2,-0.112421331716134,H1,-0.010201004857424,AX,0.0455673323568184,L1,-0.0439998553849892,L2,0.036...
Get Checksum: -860229079
GetData ===>> H2,-0.185062934617452,H1,0.0308017545224139,AX,-0.03512042120794,L1,-0.0137684154414922,L2,-0.042...
GetData ===>> H2,-0.13522072136174,H1,0.0239170806018098,AX,-0.17816076169444,L1,-0.0129737655062042,L2,-0.0252...
GetData ===>> H2,-0.166242158339263,H1,-0.0019349977140813,AX,-0.0445827828356853,L1,-0.00511617938096675,L2,-0...
Get Checksum: -860229079
GetData ===>> H2,-0.139732127028864,H1,-0.0938126988220265,AX,0.132702536135546,L1,-0.00845757216037671,L2,-0.0...
GetData ===>> H2,-0.111355969720277,H1,-0.0545252147259976,AX,-0.0464612304712898,L1,0.0136326172688197,L2,-0.0...
GetData ===>> H2,-0.122536612413255,H1,0.0108410833599361,AX,-0.0110081132567557,L1,0.0129903123264308,L2,-0.07...
Get Checksum: -860229079
GetData ===>> H2,-0.188640818744157,H1,-0.0119185310770707,AX,-0.0844282465061674,L1,-0.00325070572323602,L2,-0...
GetData ===>> H2,-0.217374938854476,H1,0.00815689741233707,AX,-0.113690414999239,L1,-0.0466969415638114,L2,-0.0...
GetData ===>> H2,-0.194297312767575,H1,0.0126544408239006,AX,-0.0031201550940043,L1,-0.0696097005306217,L2,-0.1...
Get Checksum: -860229079
GetData ===>> H2,-0.17513388099119,H1,0.0227597382301827,AX,-0.134210963481948,L1,-0.00255601338799295,L2,-0.05...
GetData ===>> H2,-0.258866886793753,H1,0.00834777048044368,AX,-0.145435063390619,L1,-0.0203438355790949,L2,0.05...
GetData ===>> H2,-0.316766598945326,H1,0.0375437051216344,AX,-0.138768011456405,L1,-0.00408331352285934,L2,0.00...
Get Checksum: -860229079
GetData ===>> H2,-0.264280310335441,H1,-0.0187764149103707,AX,-0.131231907071229,L1,0.0317246822483174,L2,-0.05...
GetData ===>> H2,-0.157045003813883,H1,0.0179515415352107,AX,-0.109553684175616,L1,0.0195749784496558,L2,-0.109...
GetData ===>> H2,-0.135043581331032,H1,-0.0480751580008707,AX,-0.0488150365102287,L1,-0.0308827444860369,L2,0.0...
Get Checksum: -860229079
GetData ===>> H2,-0.110061697960458,H1,0.0808887059492005,AX,-0.0784124765662924,L1,-0.0252473896959626,L2,0.05...
GetData ===>> H2,-0.0144247940321854,H1,0.0530101424573771,AX,-0.0163205248379287,L1,-0.022127658644409,L2,-0.0...
Get Checksum: -860229079
06:19:00 -- collecting point 50
GetData ===>> H2,-0.193061375656897,H1,0.00536542037437044,AX,0.0356445271092413,L1,-0.000811272425362028,L2,-0...
GetData ===>> H2,-0.233190823797617,H1,0.0120579380327392,AX,-0.0414635520406697,L1,-0.0459320625733092,L2,-0.0...
GetData ===>> H2,-0.215767523957417,H1,-0.0557651040544503,AX,-0.0191853950162991,L1,-0.0114693920729661,L2,-0....
Get Checksum: -860229079
GetData ===>> H2,-0.338944145836481,H1,-0.0536310542340377,AX,-0.0971540254174383,L1,-0.00462555132018131,L2,-0...
GetData ===>> H2,-0.388189623565549,H1,0.0149927660416661,AX,-0.0891571455761513,L1,0.0276593283226577,L2,-0.08...
GetData ===>> H2,-0.191044769720793,H1,-0.0113340983797226,AX,-0.0170744462183778,L1,0.0335043909035468,L2,-0.0...
Get Checksum: -860229079
GetData ===>> H2,-0.241678917087675,H1,0.0172714926536923,AX,-0.00893178625556063,L1,-0.0309977188495917,L2,0.0...
GetData ===>> H2,-0.211642575220675,H1,0.0397394118172524,AX,-0.0447103328966343,L1,-0.0301605316994138,L2,0.02...
GetData ===>> H2,-0.216215885088368,H1,-0.0119423854003873,AX,-0.105868716990606,L1,3.00071310849198E-05,L2,-0....
Get Checksum: -860229079
GetData ===>> H2,-0.167863140763029,H1,-0.0176911115480348,AX,-0.122392039257703,L1,0.00310049370912839,L2,-0.0...
GetData ===>> H2,-0.149919110610485,H1,0.0418993659304646,AX,-0.0154274104153576,L1,-0.0157821398779331,L2,-0.0...
measurement finished
estimated time: 62.915 actual time: :63.107
flush and close file /Users/jan/PychronDev/data/isotopes/af/2c9ec6-fb1b-4122-8733-997e6dff3476.h5
activate_detectors ('H1', 'AX', 'CDD') {'peak_center': True}
peak_center () {'detector': 'H1', 'integration_time': 0.262144, 'isotope': 'Ar40'}
peak center: mean=1634.23175071 threshold=3
peak center started
setup peak center. detector=['H1', 'AX', 'CDD'], isotope=Ar40
VersionedUnpickler [<apptools.sweet_pickle.versioned_unpickler.VersionedUnpickler object at 0x1690d3710>] using Updater [<apptools.sweet_pickle.updater.Updater object at 0x1356d5710>]
VersionedUnpickler [<apptools.sweet_pickle.versioned_unpickler.VersionedUnpickler object at 0x1690d3710>] using Updater [<apptools.sweet_pickle.updater.Updater object at 0x1356d5710>]
VersionedUnpickler [<apptools.sweet_pickle.versioned_unpickler.VersionedUnpickler object at 0x1572ecd10>] using Updater [<apptools.sweet_pickle.updater.Updater object at 0x1356d5710>]
setting integration time = 0.524288
SetIntegrationTime 0.524288 ===>> OK
Mapping mass to dac mass func: "parabolic"
H1 map mass coeffs = [-0.00063987  0.15840543  0.57015999]
H1 map mass to dac 39.9624 >> 5.87855
GetDeflection H1 ===>> 0
GetHighVoltage ===>> 4500
do peak center. <pychron.spectrometer.jobs.peak_center.PeakCenter object at 0x1356efa10>
doing pc
starting peak center. center dac= 5.87855 step_width=0.001
width = 0.001
get scan parameters. half-width=0.015,window=0.015, i=0, scalar=1
Scan parameters center=5.87855 width=0.03000 (5.86355 - 5.89355)
GetData ===>> H2,-0.165895256870142,H1,-0.0491482092038307,AX,-0.111894377004609,L1,-0.0330694273942867,L2,-0.0...
Moving to starting dac 5.86355
setting magnet DAC
current  : 5.239206
requested: 5.863550
Delta Dac: 0.624344
Checking detector protection. dv=0.62434
Checking detector "CDD". Protection Threshold: 0.1 (V)
ProtectDetector CDD,On ===>> OK
GetDeflection CDD ===>> 2000
SetMagnetDAC 5.86355 ===>> OK
Magnet settling time: 0.500
Get Checksum: -860229079
GetMagnetMoving ===>> True
GetMagnetMoving ===>> True
GetMagnetMoving ===>> True
GetMagnetMoving ===>> True
GetMagnetMoving ===>> True
GetMagnetMoving ===>> True
GetMagnetMoving ===>> True
GetMagnetMoving ===>> True
GetMagnetMoving ===>> False
ProtectDetector CDD,Off ===>> OK
GetDeflection CDD ===>> 50
Wait until signal near baseline. tol= -0.0368611569029. timeout= 10
GetData ===>> H2,5.55899293157758,H1,2.34139868948853,AX,0.160374296852567,L1,0.0686100658221078,L2,-0.08404308...
GetData ===>> H2,89.1083714226184,H1,36.0097104097525,AX,1.99696934024258,L1,0.078899122548799,L2,0.02468973758...
Get Checksum: -860229079
GetData ===>> H2,108.012705802123,H1,59.9976006485892,AX,8.59092011079116,L1,0.0647832449031433,L2,-0.062697859...
GetData ===>> H2,59.2040666731039,H1,28.3892258754432,AX,3.85361720456057,L1,0.0599332080732427,L2,-0.067067419...
GetData ===>> H2,24.8676406763376,H1,14.0488851528763,AX,1.75308056426405,L1,0.0550903071563786,L2,-0.015120456...
GetData ===>> H2,8.37635469707555,H1,7.35811448686608,AX,0.732253237155306,L1,0.0434349422512948,L2,-0.00223178...
GetData ===>> H2,2.31626388766523,H1,4.07033616475776,AX,0.387771717703369,L1,0.0301771557854904,L2,0.013938441...
GetData ===>> H2,0.71390718053619,H1,2.4629029270409,AX,0.263231928636425,L1,-0.00952596015159783,L2,0.04728962...
Get Checksum: -860229079
GetData ===>> H2,0.492573590689334,H1,1.71370379735867,AX,0.112139176147448,L1,-0.0150136003700119,L2,-0.070025...
GetData ===>> H2,0.446383328800362,H1,1.29545623461078,AX,0.0045828209300129,L1,-0.00734349803295294,L2,-0.0851...
GetData ===>> H2,0.490394608133808,H1,1.18478260014501,AX,0.162392344023843,L1,0.0183022700133892,L2,-0.0549368...
GetData ===>> H2,0.424760254278997,H1,1.18891123762281,AX,0.0664074472900902,L1,0.0162384996146043,L2,-0.037910...
GetData ===>> H2,0.35786826983557,H1,1.053306874368,AX,0.025745940794206,L1,0.0141727527369056,L2,-0.0671584503...
GetData ===>> H2,0.327042481028605,H1,0.914844718057118,AX,-0.0558181424223308,L1,-0.00167168109485609,L2,0.104...
Get Checksum: -860229079
GetData ===>> H2,0.256295081654836,H1,0.88578708138074,AX,0.00397955381986611,L1,0.00111741407915247,L2,-0.0877...
GetData ===>> H2,0.223343724696549,H1,0.92264910525659,AX,0.057439779136877,L1,0.0142735110538385,L2,-0.0299653...
GetData ===>> H2,0.212547910297621,H1,0.861642600792334,AX,-0.0435507807399326,L1,-0.00936528951656924,L2,-0.02...
GetData ===>> H2,0.219535350421248,H1,0.913384455206656,AX,0.0314552018568166,L1,-0.0153275687805925,L2,-0.0207...
GetData ===>> H2,0.221564313159806,H1,0.85104383284016,AX,0.0428747284985745,L1,-0.00379058894585316,L2,0.07737...
GetData ===>> H2,0.141843698425738,H1,0.975548169434704,AX,0.0821202368980712,L1,0.0156194508916737,L2,-0.00352...
Get Checksum: -860229079
GetData ===>> H2,0.039918575676932,H1,1.03187829282574,AX,0.151096456962079,L1,0.00506475163542708,L2,-0.047994...
Peak center failed to move to a baseline position
_do_sweep sm= 5.86355, em= 5.89355, stm= 0.001
calculated step values: start=5.86355, end=5.89355, width=0.001, nsteps=31.0
setting magnet DAC
current  : 5.863550
requested: 5.863550
Delta Dac: 0.000000
Checking detector protection. dv=0.00000
Checking detector "CDD". Protection Threshold: 0.1 (V)
SetMagnetDAC 5.86355 ===>> OK
GetData ===>> H2,0.039918575676932,H1,1.03187829282574,AX,0.151096456962079,L1,0.00506475163542708,L2,-0.047994...
setting magnet DAC
current  : 5.863550
requested: 5.864584
Delta Dac: 0.001034
Checking detector protection. dv=0.00103
Checking detector "CDD". Protection Threshold: 0.1 (V)
SetMagnetDAC 5.86458448276 ===>> OK
Magnet settling time: 1.049
GetData ===>> H2,-0.0870983642384611,H1,2.02574472260666,AX,0.222210467265546,L1,-0.0235184417725936,L2,-0.0295...
setting magnet DAC
current  : 5.864584
requested: 5.865619
Delta Dac: 0.001034
Checking detector protection. dv=0.00103
Checking detector "CDD". Protection Threshold: 0.1 (V)
SetMagnetDAC 5.86561896552 ===>> OK
Magnet settling time: 1.049
GetData ===>> H2,-0.125909074892725,H1,6.75872509804514,AX,0.96779641768903,L1,0.0116229430871082,L2,-0.2465848...
setting magnet DAC
current  : 5.865619
requested: 5.866653
Delta Dac: 0.001034
Checking detector protection. dv=0.00103
Checking detector "CDD". Protection Threshold: 0.1 (V)
SetMagnetDAC 5.86665344828 ===>> OK
Magnet settling time: 1.049
Get Checksum: -860229079
GetData ===>> H2,-0.203797924534506,H1,26.3129823112999,AX,3.35745415523973,L1,0.00525723284605095,L2,-0.004622...
setting magnet DAC
current  : 5.866653
requested: 5.867688
Delta Dac: 0.001034
Checking detector protection. dv=0.00103
Checking detector "CDD". Protection Threshold: 0.1 (V)
SetMagnetDAC 5.86768793103 ===>> OK
Magnet settling time: 1.049
GetData ===>> H2,-0.132488846652864,H1,95.6918669654342,AX,11.8707587338971,L1,0.108170178120589,L2,-0.07027618...
setting magnet DAC
current  : 5.867688
requested: 5.868722
Delta Dac: 0.001034
Checking detector protection. dv=0.00103
Checking detector "CDD". Protection Threshold: 0.1 (V)
SetMagnetDAC 5.86872241379 ===>> OK
Magnet settling time: 1.049
GetData ===>> H2,-0.070037615761433,H1,280.311859537994,AX,37.8307259192224,L1,0.190219380044537,L2,0.006467912...
setting magnet DAC
current  : 5.868722
requested: 5.869757
Delta Dac: 0.001034
Checking detector protection. dv=0.00103
Checking detector "CDD". Protection Threshold: 0.1 (V)
SetMagnetDAC 5.86975689655 ===>> OK
Magnet settling time: 1.049
Get Checksum: -860229079
GetData ===>> H2,-0.106034386110466,H1,611.680279596276,AX,91.6031811246895,L1,0.525016795640047,L2,0.228714818...
setting magnet DAC
current  : 5.869757
requested: 5.870791
Delta Dac: 0.001034
Checking detector protection. dv=0.00103
Checking detector "CDD". Protection Threshold: 0.1 (V)
SetMagnetDAC 5.87079137931 ===>> OK
Magnet settling time: 1.049
GetData ===>> H2,-0.0853189544504588,H1,1000.27349466961,AX,164.762760354633,L1,1.14087901442199,L2,0.189253235...
setting magnet DAC
current  : 5.870791
requested: 5.871826
Delta Dac: 0.001034
Checking detector protection. dv=0.00103
Checking detector "CDD". Protection Threshold: 0.1 (V)
SetMagnetDAC 5.87182586207 ===>> OK
Magnet settling time: 1.049
GetData ===>> H2,-0.0507538449503862,H1,1309.13590483689,AX,233.184989639015,L1,1.95044150441285,L2,0.488193396...
setting magnet DAC
current  : 5.871826
requested: 5.872860
Delta Dac: 0.001034
Checking detector protection. dv=0.00103
Checking detector "CDD". Protection Threshold: 0.1 (V)
SetMagnetDAC 5.87286034483 ===>> OK
Magnet settling time: 1.049
Get Checksum: -860229079
GetData ===>> H2,0.0113958066457355,H1,1473.06633307183,AX,277.259137169606,L1,2.68574352168696,L2,0.9317397370...
setting magnet DAC
current  : 5.872860
requested: 5.873895
Delta Dac: 0.001034
Checking detector protection. dv=0.00103
Checking detector "CDD". Protection Threshold: 0.1 (V)
SetMagnetDAC 5.87389482759 ===>> OK
Magnet settling time: 1.049
GetData ===>> H2,-0.125949635704616,H1,1545.87595959625,AX,301.730892136135,L1,3.39043889025348,L2,1.2725888773...
setting magnet DAC
current  : 5.873895
requested: 5.874929
Delta Dac: 0.001034
Checking detector protection. dv=0.00103
Checking detector "CDD". Protection Threshold: 0.1 (V)
SetMagnetDAC 5.87492931034 ===>> OK
Magnet settling time: 1.049
Get Checksum: -860229079
GetData ===>> H2,-0.182982032523528,H1,1555.27785167104,AX,304.897798054268,L1,3.62629084640933,L2,1.4012816738...
setting magnet DAC
current  : 5.874929
requested: 5.875964
Delta Dac: 0.001034
Checking detector protection. dv=0.00103
Checking detector "CDD". Protection Threshold: 0.1 (V)
SetMagnetDAC 5.8759637931 ===>> OK
Magnet settling time: 1.049
GetData ===>> H2,-0.0468564614246497,H1,1557.80870898977,AX,305.482896273501,L1,3.81964410519577,L2,1.439611507...
setting magnet DAC
current  : 5.875964
requested: 5.876998
Delta Dac: 0.001034
Checking detector protection. dv=0.00103
Checking detector "CDD". Protection Threshold: 0.1 (V)
SetMagnetDAC 5.87699827586 ===>> OK
Magnet settling time: 1.049
GetData ===>> H2,-0.0619341273197965,H1,1557.23413852999,AX,305.719782179198,L1,3.85577263243759,L2,1.439382079...
setting magnet DAC
current  : 5.876998
requested: 5.878033
Delta Dac: 0.001034
Checking detector protection. dv=0.00103
Checking detector "CDD". Protection Threshold: 0.1 (V)
SetMagnetDAC 5.87803275862 ===>> OK
Magnet settling time: 1.049
Get Checksum: -860229079
GetData ===>> H2,-0.0570893311796745,H1,1557.80242254565,AX,305.769643818135,L1,3.94663104997134,L2,1.272084056...
setting magnet DAC
current  : 5.878033
requested: 5.879067
Delta Dac: 0.001034
Checking detector protection. dv=0.00103
Checking detector "CDD". Protection Threshold: 0.1 (V)
SetMagnetDAC 5.87906724138 ===>> OK
Magnet settling time: 1.049
GetData ===>> H2,-0.137354990370347,H1,1557.16399215728,AX,305.312837983373,L1,3.97352606145885,L2,1.4687073991...
setting magnet DAC
current  : 5.879067
requested: 5.880102
Delta Dac: 0.001034
Checking detector protection. dv=0.00103
Checking detector "CDD". Protection Threshold: 0.1 (V)
SetMagnetDAC 5.88010172414 ===>> OK
Magnet settling time: 1.049
GetData ===>> H2,-0.117071474961608,H1,1556.82903403695,AX,305.509232336643,L1,3.98961471926706,L2,1.3743383453...
setting magnet DAC
current  : 5.880102
requested: 5.881136
Delta Dac: 0.001034
Checking detector protection. dv=0.00103
Checking detector "CDD". Protection Threshold: 0.1 (V)
SetMagnetDAC 5.8811362069 ===>> OK
Magnet settling time: 1.049
Get Checksum: -860229079
GetData ===>> H2,-0.0879811948021125,H1,1556.14628483775,AX,305.446282789153,L1,4.01361103634899,L2,1.416396166...
setting magnet DAC
current  : 5.881136
requested: 5.882171
Delta Dac: 0.001034
Checking detector protection. dv=0.00103
Checking detector "CDD". Protection Threshold: 0.1 (V)
SetMagnetDAC 5.88217068966 ===>> OK
Magnet settling time: 1.049
GetData ===>> H2,-0.0699616727961349,H1,1554.21607502798,AX,304.466537270856,L1,4.00282448063748,L2,1.374200781...
setting magnet DAC
current  : 5.882171
requested: 5.883205
Delta Dac: 0.001034
Checking detector protection. dv=0.00103
Checking detector "CDD". Protection Threshold: 0.1 (V)
SetMagnetDAC 5.88320517241 ===>> OK
Magnet settling time: 1.049
GetData ===>> H2,-0.168181641269945,H1,1547.64678112673,AX,302.048079572926,L1,3.97273339210945,L2,1.4080473526...
setting magnet DAC
current  : 5.883205
requested: 5.884240
Delta Dac: 0.001034
Checking detector protection. dv=0.00103
Checking detector "CDD". Protection Threshold: 0.1 (V)
SetMagnetDAC 5.88423965517 ===>> OK
Magnet settling time: 1.049
Get Checksum: -860229079
GetData ===>> H2,-0.148649040447379,H1,1527.04900525472,AX,294.589115752375,L1,3.86864972889957,L2,1.2934494635...
setting magnet DAC
current  : 5.884240
requested: 5.885274
Delta Dac: 0.001034
Checking detector protection. dv=0.00103
Checking detector "CDD". Protection Threshold: 0.1 (V)
SetMagnetDAC 5.88527413793 ===>> OK
Magnet settling time: 1.049
GetData ===>> H2,-0.132310480804943,H1,1460.11822050732,AX,271.9145008649,L1,3.61041575341695,L2,1.092467223386...
setting magnet DAC
current  : 5.885274
requested: 5.886309
Delta Dac: 0.001034
Checking detector protection. dv=0.00103
Checking detector "CDD". Protection Threshold: 0.1 (V)
SetMagnetDAC 5.88630862069 ===>> OK
Magnet settling time: 1.049
Get Checksum: -860229079
GetData ===>> H2,-0.185550642045368,H1,1165.25392045945,AX,188.668161176601,L1,2.69277034415038,L2,0.7155190681...
setting magnet DAC
current  : 5.886309
requested: 5.887343
Delta Dac: 0.001034
Checking detector protection. dv=0.00103
Checking detector "CDD". Protection Threshold: 0.1 (V)
SetMagnetDAC 5.88734310345 ===>> OK
Magnet settling time: 1.049
GetData ===>> H2,-0.3274053039676,H1,769.008626233309,AX,106.503654133974,L1,1.89436743323814,L2,0.442077526654...
setting magnet DAC
current  : 5.887343
requested: 5.888378
Delta Dac: 0.001034
Checking detector protection. dv=0.00103
Checking detector "CDD". Protection Threshold: 0.1 (V)
SetMagnetDAC 5.88837758621 ===>> OK
Magnet settling time: 1.049
GetData ===>> H2,-0.36054259029883,H1,389.031648604365,AX,45.0787926888133,L1,1.146514985035,L2,0.1218934535813...
setting magnet DAC
current  : 5.888378
requested: 5.889412
Delta Dac: 0.001034
Checking detector protection. dv=0.00103
Checking detector "CDD". Protection Threshold: 0.1 (V)
SetMagnetDAC 5.88941206897 ===>> OK
Magnet settling time: 1.049
Get Checksum: -860229079
GetData ===>> H2,-0.288511366060434,H1,152.729546296396,AX,14.6270161446473,L1,0.694232364178151,L2,-0.07234703...
setting magnet DAC
current  : 5.889412
requested: 5.890447
Delta Dac: 0.001034
Checking detector protection. dv=0.00103
Checking detector "CDD". Protection Threshold: 0.1 (V)
SetMagnetDAC 5.89044655172 ===>> OK
Magnet settling time: 1.049
GetData ===>> H2,-0.261558373422034,H1,48.1198596287122,AX,3.63741474783944,L1,0.417304703167191,L2,-0.01867250...
setting magnet DAC
current  : 5.890447
requested: 5.891481
Delta Dac: 0.001034
Checking detector protection. dv=0.00103
Checking detector "CDD". Protection Threshold: 0.1 (V)
SetMagnetDAC 5.89148103448 ===>> OK
Magnet settling time: 1.049
GetData ===>> H2,-0.271606468694681,H1,12.8219427605943,AX,0.489267288023498,L1,0.268344413412301,L2,-0.0240686...
setting magnet DAC
current  : 5.891481
requested: 5.892516
Delta Dac: 0.001034
Checking detector protection. dv=0.00103
Checking detector "CDD". Protection Threshold: 0.1 (V)
SetMagnetDAC 5.89251551724 ===>> OK
Magnet settling time: 1.049
Get Checksum: -860229079
GetData ===>> H2,-0.153999696755603,H1,3.0175234127295,AX,0.0275329499255265,L1,0.176516954061442,L2,-0.0735986...
setting magnet DAC
current  : 5.892516
requested: 5.893550
Delta Dac: 0.001034
Checking detector protection. dv=0.00103
Checking detector "CDD". Protection Threshold: 0.1 (V)
SetMagnetDAC 5.89355 ===>> OK
Magnet settling time: 1.049
GetData ===>> H2,-0.0914116676518239,H1,0.48325603822883,AX,-0.095740132177456,L1,0.109663306555946,L2,0.078282...
result of _do_sweep=True
result of _calculate_peak_center=([5.8712754509018037, 5.878820541082165, 5.8863656312625263], [1144.8012958200454, 1557.7985842868015, 1143.4167549458905], 5.8780389779559128, 1557.7985842868015)
Failed to find a valid peak. No peak greater than 1.0. max = 0.414721410348
new center pos Detector(H1) (Ar40) @ 5.87882054108
GetHighVoltage ===>> 4500
GetDeflection H1 ===>> 0
dac uncorrected for HV and deflection 5.87882054108
update mftable H1 Ar40 5.87882054108 message=automated run peakcenter
get initial guess parabolic
get initial guess parabolic
get initial guess parabolic
get initial guess parabolic
get initial guess parabolic
get initial guess parabolic
dump mftable to /Users/jan/PychronDev/setupfiles/spectrometer/mftables/mftable.csv
add to repo msg=modified - automated run peakcenter
sweep finished
Get Checksum: -860229079
locally archiving mftable
setting magnet DAC
current  : 5.893550
requested: 5.878821
Delta Dac: 0.014729
Checking detector protection. dv=0.01473
Checking detector "CDD". Protection Threshold: 0.1 (V)
SetMagnetDAC 5.87882054108 ===>> OK
Magnet settling time: 0.500
setting integration time = 1.048576
SetIntegrationTime 1.048576 ===>> OK
Failed to find a valid peak. No peak greater than 1.0. max = 0.414721410348
flush and close file /Users/jan/PychronDev/data/isotopes/af/2c9ec6-fb1b-4122-8733-997e6dff3476.h5
finished measure script
executed 226.132928
jan_unknown120_60.py completed successfully
Measurement Finished
06:19:59 -- ******* Measurement Finished *******
Post Measurement Started jan_pump_ms.py
06:19:59 -- ******* Post Measurement Started jan_pump_ms.py *******
testing...
no interpolation path defined
executed 0
Pumping spectrometer
open () {'name': 'O'}
opening name=O desc=---
checking ownership. requestor=129.138.12.150
check software interlocks O
interlocks []
actuate state mode=None-script, software_lock=False
doing actuation None-script open_channel True
Open O ===>> OK
GetIndicatorState O ===>> OK
change switch state (True, True)
update switch state O True args=() kw={} ncanvase=2
06:19:59 -- OPEN   VALVE-O (Jan Ion Pump)
---------------------------------------- open O () result=[(True, True)], time=0.10 sec
action=open, ok=True, locked=[False]
executed 0
jan_pump_ms.py completed successfully
setting _ms_pumptime
Post Measurement Finished
06:20:00 -- ******* Post Measurement Finished *******
$$$$$$$$$$$$$$$$$$$$ state at run end measurement
state changed from measurement to success
post measurement save measured=True aborted=False
Set filtering
setting fod for Ar40= {'filter_outliers': True, 'std_devs': 2, 'iterations': 1}
setting fod for H1= {'filter_outliers': True, 'std_devs': 2, 'iterations': 1}
setting fod for PM41= {'filter_outliers': False, 'std_devs': 2, 'iterations': 1}
setting fod for H2= {'filter_outliers': True, 'std_devs': 2, 'iterations': 1}
setting fod for Ar36= {'filter_outliers': True, 'std_devs': 2, 'iterations': 1}
setting fod for CDD= {'filter_outliers': True, 'std_devs': 10, 'iterations': 1}
setting fod for Ar37= {'filter_outliers': True, 'std_devs': 2, 'iterations': 1}
setting fod for L2= {'filter_outliers': True, 'std_devs': 2, 'iterations': 1}
setting fod for Ar38= {'filter_outliers': True, 'std_devs': 2, 'iterations': 1}
setting fod for L1= {'filter_outliers': True, 'std_devs': 2, 'iterations': 1}
setting fod for Ar39= {'filter_outliers': True, 'std_devs': 2, 'iterations': 1}
setting fod for AX= {'filter_outliers': True, 'std_devs': 2, 'iterations': 1}
persistence save...
persistence save - db
post measurement save
5916490928 connecting to database sqlite:////Users/jan/PychronDev/.appdata/local_lab.db
connected to db sqlite:////Users/jan/PychronDev/.appdata/local_lab.db
create new session 5916490928
close session 5916490928
No database instance. Not saving post measurement to isotopedb database
$$$$$$$$$$$$$$$ auto_save_detector_ic=False
massspec enabled True
create new session 4979649712
MassSpec Database Version: 16.0
close session 4979649712
saving post measurement to secondary database
saving to massspec database 129.138.12.160/massspecdata
setting labnumber to 65571
setting aliquot to 13
setting step to 
setting uuid to af2c9ec6-fb1b-4122-8733-997e6dff3476
setting irradpos to 65571
setting extract_device to Fusions CO2
setting tray to 
setting position to 196
setting power_requested to 5.0
setting extract_value to 5.0
setting duration to 30.0
setting duration_at_request to 30.0
setting first_stage_delay to 30.0
setting cleanup to 30.0
setting comment to M:14 with inclusions
setting irradiation to NM-289
setting level to M
setting irradiation_level to M
setting sample to NM-2602 W
setting material to Sanidine
setting project to JoyitaHills
setting mass_spectrometer to Jan
no attribute chron_dosages
no attribute production_ratios
no attribute interference_corrections
no attribute production_name
no attribute j
Reference Isotope=Ar40
Reference Detector=H1
%%%%%%%%%%%%%%%%%%%% Comment: M:14 with inclusions %%%%%%%%%%%%%%%%%%%
adding isotope PM41 H2
add baseline dbdet= PM41. original det= H2
get baseline data PM41 H2
Get data baseline <pychron.processing.isotope.Baseline object at 0x14ace1b10> len t=60
baseline PM41. v=-0.19496815709, e=0.00703432074073
get signal data PM41 H2
Get data signal PM41 0.09+/-0.06 len t=120
adding isotope Ar40 H1
add baseline dbdet= Ar40. original det= H1
get baseline data Ar40 H1
Get data baseline <pychron.processing.isotope.Baseline object at 0x14ace1190> len t=60
baseline Ar40. v=-0.00253088796221, e=0.0051858838076
get signal data Ar40 H1
Get data signal Ar40 1719.17+/-0.09 len t=120
adding isotope Ar39 AX
add baseline dbdet= Ar39. original det= AX
get baseline data Ar39 AX
Get data baseline <pychron.processing.isotope.Baseline object at 0x14ace1b50> len t=60
baseline Ar39. v=-0.0779252739388, e=0.00707251456435
get signal data Ar39 AX
Get data signal Ar39 336.835+/-0.031 len t=120
adding isotope Ar38 L1
add baseline dbdet= Ar38. original det= L1
get baseline data Ar38 L1
Get data baseline <pychron.processing.isotope.Baseline object at 0x14ace18d0> len t=60
baseline Ar38. v=-0.0278436169819, e=0.00424062542021
get signal data Ar38 L1
Get data signal Ar38 4.420+/-0.006 len t=120
adding isotope Ar37 L2
add baseline dbdet= Ar37. original det= L2
get baseline data Ar37 L2
Get data baseline <pychron.processing.isotope.Baseline object at 0x1457e0650> len t=60
baseline Ar37. v=-0.0423678415455, e=0.00612274187403
get signal data Ar37 L2
Get data signal Ar37 1.607+/-0.011 len t=120
adding isotope Ar36 CDD
add baseline dbdet= Ar36. original det= CDD
get baseline data Ar36 CDD
Get data baseline <pychron.processing.isotope.Baseline object at 0x1457e0490> len t=60
baseline Ar36. v=0.000297730827514, e=2.45147688965e-05
get signal data Ar36 CDD
Get data signal Ar36 0.4419+/-0.0014 len t=120
65571-13 added analysis time 0.530657052994s
analysis added to mass spec database
mass spec save time= 0.539
persistence save - dvc
================= post measurement started
create new session 4984345712
close session 4984345712
---------------- Experiment Queue saving disabled
DVC saving peakcenter
Failed to find a valid peak. No peak greater than 1.0. max = 0.414721410348
Get Checksum: -1965264452
Smart pull ahead: 0 behind: 0
Up-to-date with origin
add to repo msg=modified - ad8224ebc6dbfeb9f5997218dfa5fe690569839d.json
add to repo msg=modified - 71-13.json
add to repo msg=modified - 71-13.dat.json
add to repo msg=modified - 71-13.blan.json
add to repo msg=modified - 71-13.inte.json
add to repo msg=modified - 71-13.icfa.json
add to repo msg=modified - 71-13.base.json
not at valid file /Users/jan/PychronDev/data/.dvc/repositories/Load1783/655/tags/71-13.tags.json
add to repo msg=modified - 71-13.peak.json
add to repo msg=modified - 71-13.extr.json
Get Checksum: -1965264452
not at valid file /Users/jan/PychronDev/data/.dvc/repositories/Load1783/655/monitor/71-13.moni.json
commit message=<COLLECTION>
add to repo msg=modified - 71-13.inte.json
add to repo msg=modified - 71-13.base.json
commit message=<ISOEVO> default collection fits
add to repo msg=modified - 71-13.blan.json
commit message=<BLANKS> preceding bc-02-J-263
add to repo msg=modified - 71-13.icfa.json
Get Checksum: -1965264452
commit message=<ICFactor> default
push repository <pychron.git_archive.repo_manager.GitRepoManager object at 0x1572e7cb0>
pushing to remote=origin, url=https://github.com
Get Checksum: -1965264452
no changes to meta repo
create new session 4984345712
add association Load1783
get identifier "65571"
setting analysis irradiation position=<pychron.dvc.dvc_orm.IrradiationPositionTbl object at 0x166392a90>
close session 4984345712
================= post measurement finished
06:20:13 -- ******* Post Run Check *******
loading queue conditionals post_run_actions
loading system conditionals post_run_actions
loading conditionals from /Users/jan/PychronDev/setupfiles/spectrometer/default_conditionals.yaml
loading queue conditionals post_run_terminations
loading system conditionals post_run_terminations
loading conditionals from /Users/jan/PychronDev/setupfiles/spectrometer/default_conditionals.yaml
Checking default post run terminations n=1
GetDeflection CDD ===>> 50
testing CDD==2000
evaluate ot="CDD.deflection==2000" t="CDD==2000", ctx="{'CDD': 50.0}"
06:20:13 -- ******* Post Run Check Passed *******
06:20:13 -- Automated run 65571-13 success duration: 370.851 s
----------------- finish -----------------
----------------- stop -----------------
retroactive repository identifiers disabled
finish run. runs completed=76
update duration runid=65571-13, duration=370.851456881, md5=301e91d8
loading script "jan_unknown120_60.py"
loading script "jan_pump_ms.py"
loading script "jan_co2.py"
loading script "jan_pump_extraction_line.py"
testing...
no interpolation path defined
executed 213.652928
script duration name:unknown120_60 seconds:214.0
loading script "jan_unknown120_60.py"
loading script "jan_pump_ms.py"
loading script "jan_co2.py"
loading script "jan_pump_extraction_line.py"
testing...
no interpolation path defined
executed 0
loading script "jan_unknown120_60.py"
loading script "jan_pump_ms.py"
loading script "jan_co2.py"
loading script "jan_pump_extraction_line.py"
testing...
no interpolation path defined
calculate duration
testing...
no interpolation path defined
executed 0
calculate duration
testing...
no interpolation path defined
executed 0
executed 0.0
script duration name:co2 seconds:0.0
loading script "jan_unknown120_60.py"
loading script "jan_pump_ms.py"
loading script "jan_co2.py"
loading script "jan_pump_extraction_line.py"
testing...
no interpolation path defined
calculate duration
testing...
no interpolation path defined
executed 4.0
executed 4.0
Script duration 214.0
Run total estimated duration= 215.000
unknown120_60 in script context. using previous estimated duration
script duration name:unknown120_60 seconds:214.0
pump_ms in script context. using previous estimated duration
co2 in script context. using previous estimated duration
script duration name:co2 seconds:0.0
pump_extraction_line in script context. using previous estimated duration
Script duration 214.0
Run total estimated duration= 215.000
loading script "jan_unknown400_120.py"
loading script "jan_pump_ms.py"
loading script "jan_sniffair_x2.py"
loading script "jan_pump_extraction_line.py"
testing...
no interpolation path defined
executed 556.052928
script duration name:unknown400_120 seconds:556.0
loading script "jan_unknown400_120.py"
loading script "jan_pump_ms.py"
loading script "jan_sniffair_x2.py"
loading script "jan_pump_extraction_line.py"
testing...
no interpolation path defined
calculate duration
testing...
no interpolation path defined
executed 0
calculate duration
testing...
no interpolation path defined
executed 0
calculate duration
testing...
no interpolation path defined
executed 32.0
calculate duration
testing...
no interpolation path defined
executed 34.0
calculate duration
testing...
no interpolation path defined
executed 4.0
calculate duration
testing...
no interpolation path defined
executed 36.0
calculate duration
testing...
no interpolation path defined
executed 34.0
calculate duration
testing...
no interpolation path defined
executed 4.0
calculate duration
testing...
no interpolation path defined
executed 36.0
calculate duration
testing...
no interpolation path defined
executed 70.0
executed 250.0
script duration name:sniffair_x2 seconds:250.0
Script duration 806.0
Run total estimated duration= 807.000
unknown400_120 in script context. using previous estimated duration
script duration name:unknown400_120 seconds:556.0
sniffair_x2 in script context. using previous estimated duration
script duration name:sniffair_x2 seconds:250.0
Script duration 806.0
Run total estimated duration= 807.000
script duration name:unknown120_60 seconds:214.0
script duration name:co2 seconds:0.0
Script duration 214.0
Run total estimated duration= 215.000
script duration name:unknown120_60 seconds:214.0
script duration name:co2 seconds:0.0
Script duration 214.0
Run total estimated duration= 215.000
script duration name:unknown120_60 seconds:214.0
script duration name:co2 seconds:0.0
Script duration 214.0
Run total estimated duration= 215.000
script duration name:unknown120_60 seconds:214.0
script duration name:co2 seconds:0.0
Script duration 214.0
Run total estimated duration= 215.000
script duration name:unknown120_60 seconds:214.0
script duration name:co2 seconds:0.0
Script duration 214.0
Run total estimated duration= 215.000
script duration name:unknown120_60 seconds:214.0
script duration name:co2 seconds:0.0
Script duration 214.0
Run total estimated duration= 215.000
script duration name:unknown120_60 seconds:214.0
script duration name:co2 seconds:0.0
Script duration 214.0
Run total estimated duration= 215.000
script duration name:unknown120_60 seconds:214.0
script duration name:co2 seconds:0.0
Script duration 214.0
Run total estimated duration= 215.000
script duration name:unknown120_60 seconds:214.0
script duration name:co2 seconds:0.0
Script duration 214.0
Run total estimated duration= 215.000
script duration name:unknown120_60 seconds:214.0
script duration name:co2 seconds:0.0
Script duration 214.0
Run total estimated duration= 215.000
script duration name:unknown120_60 seconds:214.0
script duration name:co2 seconds:0.0
Script duration 214.0
Run total estimated duration= 215.000
script duration name:unknown120_60 seconds:214.0
script duration name:co2 seconds:0.0
Script duration 214.0
Run total estimated duration= 215.000
script duration name:unknown120_60 seconds:214.0
script duration name:co2 seconds:0.0
Script duration 214.0
Run total estimated duration= 215.000
script duration name:unknown120_60 seconds:214.0
script duration name:co2 seconds:0.0
Script duration 214.0
Run total estimated duration= 215.000
script duration name:unknown120_60 seconds:214.0
script duration name:co2 seconds:0.0
Script duration 214.0
Run total estimated duration= 215.000
script duration name:unknown120_60 seconds:214.0
script duration name:co2 seconds:0.0
Script duration 214.0
Run total estimated duration= 215.000
script duration name:unknown120_60 seconds:214.0
script duration name:co2 seconds:0.0
Script duration 214.0
Run total estimated duration= 215.000
script duration name:unknown120_60 seconds:214.0
script duration name:co2 seconds:0.0
Script duration 214.0
Run total estimated duration= 215.000
script duration name:unknown400_120 seconds:556.0
script duration name:co2 seconds:0.0
Script duration 556.0
Run total estimated duration= 557.000
script duration name:unknown400_120 seconds:556.0
loading script "jan_unknown400_120.py"
loading script "jan_pump_ms.py"
loading script "jan_cocktail_x1.py"
loading script "jan_pump_extraction_line.py"
testing...
no interpolation path defined
calculate duration
testing...
no interpolation path defined
executed 0
calculate duration
testing...
no interpolation path defined
executed 0
calculate duration
testing...
no interpolation path defined
executed 32.0
calculate duration
testing...
no interpolation path defined
executed 34.0
calculate duration
testing...
no interpolation path defined
executed 4.0
calculate duration
testing...
no interpolation path defined
executed 38.0
executed 108.0
script duration name:cocktail_x1 seconds:108.0
Script duration 664.0
Run total estimated duration= 665.000
script duration name:unknown120_60 seconds:214.0
cocktail_x1 in script context. using previous estimated duration
script duration name:cocktail_x1 seconds:108.0
Script duration 322.0
Run total estimated duration= 323.000
script duration name:unknown400_120 seconds:556.0
script duration name:sniffair_x2 seconds:250.0
Script duration 806.0
Run total estimated duration= 807.000
script duration name:unknown400_120 seconds:556.0
script duration name:sniffair_x2 seconds:250.0
Script duration 806.0
Run total estimated duration= 807.000
loading script "jan_ic_peak_hop3.py"
loading script "jan_pump_ms.py"
loading script "jan_air_x1.py"
loading script "jan_pump_extraction_line.py"
testing...
no interpolation path defined
executed 133.8
script duration name:ic_peak_hop3 seconds:134.0
loading script "jan_ic_peak_hop3.py"
loading script "jan_pump_ms.py"
loading script "jan_air_x1.py"
loading script "jan_pump_extraction_line.py"
testing...
no interpolation path defined
calculate duration
testing...
no interpolation path defined
executed 0
calculate duration
testing...
no interpolation path defined
executed 0
calculate duration
testing...
no interpolation path defined
executed 32.0
calculate duration
testing...
no interpolation path defined
executed 34.0
calculate duration
testing...
no interpolation path defined
executed 4.0
calculate duration
testing...
no interpolation path defined
executed 36.0
executed 106.0
script duration name:air_x1 seconds:106.0
Script duration 240.0
Run total estimated duration= 241.000
script duration name:unknown120_60 seconds:214.0
script duration name:co2 seconds:0.0
Script duration 214.0
Run total estimated duration= 215.000
script duration name:unknown120_60 seconds:214.0
script duration name:co2 seconds:0.0
Script duration 214.0
Run total estimated duration= 215.000
script duration name:unknown120_60 seconds:214.0
script duration name:co2 seconds:0.0
Script duration 214.0
Run total estimated duration= 215.000
script duration name:unknown120_60 seconds:214.0
script duration name:co2 seconds:0.0
Script duration 214.0
Run total estimated duration= 215.000
script duration name:unknown120_60 seconds:214.0
script duration name:co2 seconds:0.0
Script duration 214.0
Run total estimated duration= 215.000
script duration name:unknown120_60 seconds:214.0
script duration name:co2 seconds:0.0
Script duration 214.0
Run total estimated duration= 215.000
script duration name:unknown120_60 seconds:214.0
script duration name:co2 seconds:0.0
Script duration 214.0
Run total estimated duration= 215.000
script duration name:unknown120_60 seconds:214.0
script duration name:co2 seconds:0.0
Script duration 214.0
Run total estimated duration= 215.000
script duration name:unknown120_60 seconds:214.0
script duration name:co2 seconds:0.0
Script duration 214.0
Run total estimated duration= 215.000
script duration name:unknown120_60 seconds:214.0
script duration name:co2 seconds:0.0
Script duration 214.0
Run total estimated duration= 215.000
script duration name:unknown120_60 seconds:214.0
script duration name:co2 seconds:0.0
Script duration 214.0
Run total estimated duration= 215.000
script duration name:unknown120_60 seconds:214.0
script duration name:co2 seconds:0.0
Script duration 214.0
Run total estimated duration= 215.000
script duration name:unknown120_60 seconds:214.0
script duration name:co2 seconds:0.0
Script duration 214.0
Run total estimated duration= 215.000
script duration name:unknown120_60 seconds:214.0
script duration name:co2 seconds:0.0
Script duration 214.0
Run total estimated duration= 215.000
script duration name:unknown120_60 seconds:214.0
script duration name:co2 seconds:0.0
Script duration 214.0
Run total estimated duration= 215.000
script duration name:unknown400_120 seconds:556.0
script duration name:co2 seconds:0.0
Script duration 556.0
Run total estimated duration= 557.000
script duration name:unknown400_120 seconds:556.0
script duration name:cocktail_x1 seconds:108.0
Script duration 664.0
Run total estimated duration= 665.000
script duration name:unknown120_60 seconds:214.0
script duration name:cocktail_x1 seconds:108.0
Script duration 322.0
Run total estimated duration= 323.000
ic_peak_hop3 in script context. using previous estimated duration
script duration name:ic_peak_hop3 seconds:134.0
air_x1 in script context. using previous estimated duration
script duration name:air_x1 seconds:106.0
Script duration 240.0
Run total estimated duration= 241.000
script duration name:unknown120_60 seconds:214.0
script duration name:co2 seconds:0.0
Script duration 214.0
Run total estimated duration= 215.000
script duration name:unknown120_60 seconds:214.0
script duration name:co2 seconds:0.0
Script duration 214.0
Run total estimated duration= 215.000
script duration name:unknown120_60 seconds:214.0
script duration name:co2 seconds:0.0
Script duration 214.0
Run total estimated duration= 215.000
script duration name:unknown120_60 seconds:214.0
script duration name:co2 seconds:0.0
Script duration 214.0
Run total estimated duration= 215.000
script duration name:unknown120_60 seconds:214.0
script duration name:co2 seconds:0.0
Script duration 214.0
Run total estimated duration= 215.000
script duration name:unknown120_60 seconds:214.0
script duration name:co2 seconds:0.0
Script duration 214.0
Run total estimated duration= 215.000
script duration name:unknown120_60 seconds:214.0
script duration name:co2 seconds:0.0
Script duration 214.0
Run total estimated duration= 215.000
script duration name:unknown120_60 seconds:214.0
script duration name:co2 seconds:0.0
Script duration 214.0
Run total estimated duration= 215.000
script duration name:unknown120_60 seconds:214.0
script duration name:co2 seconds:0.0
Script duration 214.0
Run total estimated duration= 215.000
script duration name:unknown120_60 seconds:214.0
script duration name:co2 seconds:0.0
Script duration 214.0
Run total estimated duration= 215.000
script duration name:unknown400_120 seconds:556.0
script duration name:sniffair_x2 seconds:250.0
Script duration 806.0
Run total estimated duration= 807.000
script duration name:unknown400_120 seconds:556.0
script duration name:sniffair_x2 seconds:250.0
Script duration 806.0
Run total estimated duration= 807.000
script duration name:unknown400_120 seconds:556.0
script duration name:co2 seconds:0.0
Script duration 556.0
Run total estimated duration= 557.000
nruns=60 before=5.0, run_dur=18646.0, btw=2655.0
write rem/ex queues
/Users/jan/PychronDev/experiments/rem/CurrentExperiment.rem.txt
/Users/jan/PychronDev/experiments/rem/CurrentExperiment.ex.txt
doing event level: 3
