do run
loading script "jan_unknown120_60.py"
loading script "jan_pump_ms.py"
loading script "jan_co2.py"
loading script "jan_pump_extraction_line.py"
testing...
no interpolation path defined
executed 213.652928
script duration name:unknown120_60 seconds:214.0
loading script "jan_unknown120_60.py"
loading script "jan_pump_ms.py"
loading script "jan_co2.py"
loading script "jan_pump_extraction_line.py"
testing...
no interpolation path defined
executed 0
loading script "jan_unknown120_60.py"
loading script "jan_pump_ms.py"
loading script "jan_co2.py"
loading script "jan_pump_extraction_line.py"
testing...
no interpolation path defined
calculate duration
testing...
no interpolation path defined
executed 0
calculate duration
testing...
no interpolation path defined
executed 0
executed 0.0
script duration name:co2 seconds:0.0
loading script "jan_unknown120_60.py"
loading script "jan_pump_ms.py"
loading script "jan_co2.py"
loading script "jan_pump_extraction_line.py"
testing...
no interpolation path defined
calculate duration
testing...
no interpolation path defined
executed 4.0
executed 4.0
Script duration 214.0
Run total estimated duration= 215.000
run duration: 0:03:35
doing event level: 2
07:16:48 -- Setting default integration. t=1.048576
setting integration time = 1.048576
SetIntegrationTime 1.048576 ===>> OK
----------------- start -----------------
**************** Experiment Type: Ar/Ar, Ar/Ar
create new session 5004766384
close session 5004766384
$$$$$ Clearing conditionals
adding conditionals 
Add queue conditionals
add default conditionals
adding default conditionals from /Users/jan/PychronDev/setupfiles/spectrometer/default_conditionals.yaml
Start automated run 65571-18
loading script "jan_unknown120_60.py"
loading script "jan_pump_ms.py"
loading script "jan_co2.py"
loading script "jan_pump_extraction_line.py"
%%%%%%%%%%%%%%%%%% setting automated run 65571-18
No value "sensitivity_multiplier" in metadata
$$$$$$$$$$$$$$$ auto_save_detector_ic=False
============================= Pre Extraction Check =============================
loading queue conditionals pre_run_terminations
loading system conditionals pre_run_terminations
loading conditionals from /Users/jan/PychronDev/setupfiles/spectrometer/default_conditionals.yaml
07:16:48 -- ******* Pre Extraction Check *******
Get a measurement from the spectrometer
GetData ===>> H2,-0.0858972254663401,H1,0.0105189772460214,AX,-0.115289440279367,L1,0.0079169422049855,L2,-0.01...
Pre Extraction Termination data. keys=H2,H1,AX,L1,L2,CDD, signals=-0.08590,0.01052,-0.11529,0.00792,-0.01394,0.00283
07:16:48 -- testing system defined conditionals
Checking default pre extraction terminations n=2
testing CDD
evaluate ot="CDD.inactive" t="CDD", ctx="{'CDD': False}"
GetDeflection CDD ===>> 50
testing CDD==2000
evaluate ot="CDD.deflection==2000" t="CDD==2000", ctx="{'CDD': 50.0}"
07:16:48 -- ******* Pre Extraction Check Passed *******
=================================================================================
07:16:48 -- stopping status monitor
stop 4976489392
Alive clients [4984697584]
07:16:48 -- starting status monitor
start 4976489392
Monitor already running
start extraction
do extraction
Analysis started at 07:16:48.410131
Extraction Started jan_co2.py
07:16:48 -- ******* Extraction Started jan_co2.py *******
state changed from not run to extraction
DO EXTRACTION <pychron.extraction_line.pyscript_runner.RemotePyScriptRunner object at 0x12988f3b0>
testing...
no interpolation path defined
calculate duration
testing...
no interpolation path defined
executed 0
calculate duration
testing...
no interpolation path defined
executed 0
executed 100.0
Jan CO2 laser analysis
doing GOSUB
testing...
no interpolation path defined
executed 0
Waiting for CO2 access
wait ('FelixCO2Flag', 0) {}
waiting for FelixCO2Flag = 0
Read FelixCO2Flag ===>> 0
finished waiting
CO2 free
wait ('CO2PumpTimeFlag', 0) {}
waiting for CO2PumpTimeFlag = 0
Read CO2PumpTimeFlag ===>> 0
finished waiting
acquire ('JanCO2Flag',) {'clear': True}
acquire JanCO2Flag
Set JanCO2Flag 1 ===>> OK
JanCO2Flag acquired
set extraction state False (0.75, 'red', 1.5)
CO2 acquired
executed 0
WaitForCO2Access.py completed successfully
gosub finished
doing GOSUB
testing...
no interpolation path defined
executed 0
Prepare for CO2 analysis
close () {'description': 'Jan Inlet'}
closing name=--- desc=Jan Inlet
checking ownership. requestor=129.138.12.150
check software interlocks R
interlocks []
actuate state mode=None-script, software_lock=False
doing actuation None-script close_channel False
Close R ===>> OK
GetIndicatorState R ===>> False
change switch state (True, True)
update switch state R False args=() kw={} ncanvase=2
07:16:48 -- CLOSE  VALVE-R (Jan Inlet)
---------------------------------------- close None (Jan Inlet) result=[(True, True)]
action=close, ok=True, locked=[False]
open () {'description': 'Jan Ion Pump'}
opening name=--- desc=Jan Ion Pump
checking ownership. requestor=129.138.12.150
check software interlocks O
interlocks []
actuate state mode=None-script, software_lock=False
doing actuation None-script open_channel False
Open O ===>> OK
GetIndicatorState O ===>> OK
change switch state (True, True)
update switch state O True args=() kw={} ncanvase=2
07:16:49 -- OPEN   VALVE-O (Jan Ion Pump)
---------------------------------------- open None (Jan Ion Pump) result=[(True, True)], time=0.09 sec
Get Checksum: -1965264452
action=open, ok=True, locked=[False]
close () {'description': 'Microbone to Minibone'}
closing name=--- desc=Microbone to Minibone
checking ownership. requestor=129.138.12.150
check software interlocks L
interlocks []
actuate state mode=None-script, software_lock=False
doing actuation None-script close_channel False
Close L ===>> OK
GetIndicatorState L ===>> False
change switch state (True, True)
update switch state L False args=() kw={} ncanvase=2
07:16:49 -- CLOSE  VALVE-L (Microbone to Minibone)
---------------------------------------- close None (Microbone to Minibone) result=[(True, True)]
action=close, ok=True, locked=[False]
open () {'description': 'Microbone to Turbo'}
opening name=--- desc=Microbone to Turbo
checking ownership. requestor=129.138.12.150
check software interlocks U
interlocks []
actuate state mode=None-script, software_lock=False
doing actuation None-script open_channel False
Open U ===>> OK
GetIndicatorState U ===>> OK
change switch state (True, True)
update switch state U True args=() kw={} ncanvase=2
07:16:50 -- OPEN   VALVE-U (Microbone to Turbo)
---------------------------------------- open None (Microbone to Turbo) result=[(True, True)], time=0.13 sec
action=open, ok=True, locked=[False]
open () {'description': 'Microbone to Inlet Pipette'}
opening name=--- desc=Microbone to Inlet Pipette
checking ownership. requestor=129.138.12.150
check software interlocks S
interlocks []
actuate state mode=None-script, software_lock=False
doing actuation None-script open_channel False
Open S ===>> OK
GetIndicatorState S ===>> OK
change switch state (True, True)
update switch state S True args=() kw={} ncanvase=2
07:16:50 -- OPEN   VALVE-S (Microbone to Inlet Pipette)
---------------------------------------- open None (Microbone to Inlet Pipette) result=[(True, True)], time=0.43 sec
action=open, ok=True, locked=[False]
open () {'description': 'Microbone to Getter D-50'}
opening name=--- desc=Microbone to Getter D-50
checking ownership. requestor=129.138.12.150
check software interlocks K
interlocks []
actuate state mode=None-script, software_lock=False
doing actuation None-script open_channel False
Open K ===>> OK
GetIndicatorState K ===>> OK
change switch state (True, True)
update switch state K True args=() kw={} ncanvase=2
07:16:51 -- OPEN   VALVE-K (Microbone to Getter D-50)
---------------------------------------- open None (Microbone to Getter D-50) result=[(True, True)], time=0.41 sec
action=open, ok=True, locked=[False]
open () {'description': 'Microbone to Getter NP-10'}
opening name=--- desc=Microbone to Getter NP-10
checking ownership. requestor=129.138.12.150
check software interlocks M
interlocks []
actuate state mode=None-script, software_lock=False
doing actuation None-script open_channel False
Open M ===>> OK
GetIndicatorState M ===>> OK
change switch state (True, True)
update switch state M True args=() kw={} ncanvase=2
07:16:52 -- OPEN   VALVE-M (Microbone to Getter NP-10)
---------------------------------------- open None (Microbone to Getter NP-10) result=[(True, True)], time=0.14 sec
action=open, ok=True, locked=[False]
close () {'description': 'CO2 Laser to Felix'}
closing name=--- desc=CO2 Laser to Felix
checking ownership. requestor=129.138.12.150
check software interlocks F
interlocks []
actuate state mode=None-script, software_lock=True
VALVE-F(CO2 Laser to Felix) software locked
change switch state (True, False)
---------------------------------------- close None (CO2 Laser to Felix) result=[(True, False)]
action=close, ok=True, locked=[True]
open () {'description': 'CO2 Laser to Jan'}
opening name=--- desc=CO2 Laser to Jan
checking ownership. requestor=129.138.12.150
check software interlocks A
interlocks []
actuate state mode=None-script, software_lock=False
doing actuation None-script open_channel False
Open A ===>> OK
GetIndicatorState A ===>> OK
change switch state (True, True)
update switch state A True args=() kw={} ncanvase=2
07:16:52 -- OPEN   VALVE-A (CO2 Laser to Jan)
---------------------------------------- open None (CO2 Laser to Jan) result=[(True, True)], time=0.13 sec
Get Checksum: -1965264452
action=open, ok=True, locked=[False]
open () {'description': 'Microbone to CO2 Laser'}
opening name=--- desc=Microbone to CO2 Laser
checking ownership. requestor=129.138.12.150
check software interlocks T
interlocks []
actuate state mode=None-script, software_lock=False
doing actuation None-script open_channel False
Open T ===>> OK
GetIndicatorState T ===>> OK
change switch state (True, True)
update switch state T True args=() kw={} ncanvase=2
07:16:53 -- OPEN   VALVE-T (Microbone to CO2 Laser)
---------------------------------------- open None (Microbone to CO2 Laser) result=[(True, True)], time=0.42 sec
action=open, ok=True, locked=[False]
executed 0
PrepareForCO2Analysis.py completed successfully
gosub finished
set_motor ('beam', '1.25') {}
setting motor "beam" to 1.25
set motor beam to 1.25
SetMotor beam,1.25 ===>> OK
GetMotorMoving beam ===>> False
GetMotorMoving beam ===>> False
Block completed
move_to_position ('201',) {'autocenter': True}
FusionsCO2 move to position 201
sending GoToHole 201,True
GoToHole 201,True ===>> OK
GetDriveMoving ===>> OK
GetDriveMoving ===>> OK
Get Checksum: -1965264452
GetDriveMoving ===>> OK
GetDriveMoving ===>> OK
GetDriveMoving ===>> OK
GetDriveMoving ===>> OK
GetDriveMoving ===>> False
GetDriveMoving ===>> OK
GetDriveMoving ===>> OK
GetDriveMoving ===>> OK
GetDriveMoving ===>> OK
GetDriveMoving ===>> OK
GetDriveMoving ===>> OK
GetDriveMoving ===>> OK
Get Checksum: -1965264452
GetDriveMoving ===>> OK
GetDriveMoving ===>> OK
GetDriveMoving ===>> OK
GetDriveMoving ===>> OK
GetDriveMoving ===>> OK
GetDriveMoving ===>> OK
GetDriveMoving ===>> OK
GetDriveMoving ===>> OK
GetDriveMoving ===>> OK
GetDriveMoving ===>> OK
GetDriveMoving ===>> OK
GetDriveMoving ===>> OK
Get Checksum: -1965264452
GetDriveMoving ===>> False
Block completed
GetAutoCorrecting ===>> False
GetAutoCorrecting ===>> False
Block completed
update position
GetPosition ===>> -1.99390,-11.96340,1.00000
got position (-1.9939, -11.9634, 1.0)
move to position succeeded
sleep (5,) {}
SLEEP 5.0
block started
WaitControl setup for 5.0  
Get Checksum: -1965264452
Get Checksum: -1965264452
Join finished
block finished. duration 5.01948404312
close () {'description': 'Microbone to Turbo'}
closing name=--- desc=Microbone to Turbo
checking ownership. requestor=129.138.12.150
check software interlocks U
interlocks []
actuate state mode=None-script, software_lock=False
doing actuation None-script close_channel True
Close U ===>> OK
GetIndicatorState U ===>> False
change switch state (True, True)
update switch state U False args=() kw={} ncanvase=2
07:17:08 -- CLOSE  VALVE-U (Microbone to Turbo)
---------------------------------------- close None (Microbone to Turbo) result=[(True, True)]
action=close, ok=True, locked=[False]
enable laser
enable () {}
set extraction state FusionsCO2 Enabled (False, 'red', 1.5)
enabling laser
Enable ===>> OK
begin interval
BEGIN INTERVAL Interval 1 waiting for 30.0
block started
WaitControl setup for 30.0  
set extract to 5.0
extract (5.0,) {}
GetPosition ===>> -1.99390,-11.96340,1.00000
set extraction state FusionsCO2 ON! 5.0(watts) (0.75, 'red', 1.5)
extract sample to 5.0 (watts)
set laser output
SetLaserOutput 5.0,watts ===>> OK
executing pattern triangle.lp
execute_pattern ('triangle.lp',) {}
executing pattern triangle.lp
IsPatterning ===>> OK
Get Checksum: 1551197106
IsPatterning ===>> OK
IsPatterning ===>> OK
IsPatterning ===>> OK
Get Checksum: 1551197106
IsPatterning ===>> OK
IsPatterning ===>> OK
IsPatterning ===>> OK
Get Checksum: 1551197106
IsPatterning ===>> OK
IsPatterning ===>> OK
IsPatterning ===>> OK
Get Checksum: 1551197106
IsPatterning ===>> OK
IsPatterning ===>> OK
IsPatterning ===>> OK
Get Checksum: 1551197106
IsPatterning ===>> OK
IsPatterning ===>> OK
IsPatterning ===>> OK
Get Checksum: 1551197106
IsPatterning ===>> OK
IsPatterning ===>> OK
IsPatterning ===>> OK
Get Checksum: 1551197106
IsPatterning ===>> OK
IsPatterning ===>> OK
IsPatterning ===>> OK
Get Checksum: 1551197106
IsPatterning ===>> OK
IsPatterning ===>> OK
IsPatterning ===>> OK
Get Checksum: 1551197106
IsPatterning ===>> OK
IsPatterning ===>> False
IsPatterning ===>> False
Block completed
COMPLETE INTERVAL waiting for Interval 1 to complete
Get Checksum: 1551197106
Join finished
block finished. duration 30.0743410587
Interval 1 finished
end_extract () {}
ending extraction. set laser power to 0
set laser power 0
SetLaserPower 0 ===>> OK
disable () {}
%%%%%%%%%%%%%%%%%%%%%%%%%%%%%%%%%%% disable
set extraction state False (0.75, 'red', 1.5)
disabling laser
Disable ===>> OK
sleep (30.0,) {}
SLEEP 30.0
block started
WaitControl setup for 30.0  
Get Checksum: 1551197106
Get Checksum: 1551197106
Get Checksum: 1551197106
Get Checksum: 1551197106
Get Checksum: 1551197106
Get Checksum: 1551197106
Get Checksum: 1551197106
Get Checksum: 1551197106
Get Checksum: 1551197106
Join finished
block finished. duration 30.0836529732
executed 166.5
jan_co2.py completed successfully
GetAchievedOutput ===>> No Response
Requested Output= 0.000
Achieved Output=  0.000
GetResponseBlob ===>> No Response
GetOutputBlob ===>> No Response
persistence save...
persistence save - db
AutomatedRunPersister post_extraction_save deprecated
persistence save - dvc
no extraction position for 201
create new session 4984345712
close session 4984345712
Extraction Finished
07:18:09 -- ******* Extraction Finished *******
no overlap. not waiting for min ms pumptime
07:18:09 -- Sending spectrometer configuration
======== Sending configuration ========
SetDeflection CDD,50.0 ===>> OK
SetDeflection H2,0.0 ===>> OK
SetDeflection H1,0.0 ===>> OK
SetDeflection L2,825.0 ===>> OK
SetDeflection L1,400.0 ===>> OK
SetDeflection AX,190.0 ===>> OK
SetZFocus 74.64 ===>> OK
SetZSymmetry -50.72 ===>> OK
SetExtractionLens 26.13 ===>> OK
SetIonRepeller -3.81 ===>> OK
SetElectronEnergy 75.08 ===>> OK
SetYSymmetry -2.81 ===>> OK
SetIonCounterVoltage 1590.0 ===>> OK
send trap current 200.0
GetParameter Trap Current Readback ===>> 198.147042666178
SetParameter Trap Current Set,200.0 ===>> OK
updating mftable name mftable
Using mftable located at /Users/jan/PychronDev/setupfiles/spectrometer/mftables/mftable.csv
============ MFtable ===========
Isotope  H2     H1     AX     L1     L2     CDD    
Ar40     5.7810 5.8788 5.9922 6.1209 6.2306 6.3491
Ar39     5.6802 5.7711 5.8846 6.0070 6.1158 6.2356
Ar36     5.3577 5.4401 5.5480 5.6658 5.7707 5.8867
================================
get initial guess parabolic
get initial guess parabolic
get initial guess parabolic
get initial guess parabolic
get initial guess parabolic
get initial guess parabolic
======== Configuration Finished ========
GetYSymmetry ===>> -2.81
GetZSymmetry ===>> -50.72
GetParameter Trap Current Readback ===>> 198.035158395898
GetHighVoltage ===>> 4500
start measurement
do measurement
L#=65571 analysis type=unknown
Measurement Started jan_unknown120_60.py
07:18:09 -- ******* Measurement Started jan_unknown120_60.py *******
state changed from extraction to measurement
setting spec, defl, and gains
GetExtractionLens ===>> 26.13
GetYSymmetry ===>> -2.81
GetZSymmetry ===>> -50.72
GetZFocus ===>> 74.64
GetDeflection H2 ===>> 0
GetDeflection H1 ===>> 0
GetDeflection AX ===>> 190
GetDeflection L1 ===>> 400
GetDeflection L2 ===>> 825
GetDeflection CDD ===>> 50
GetGain H2 ===>> 0.0113
GetGain H1 ===>> 0.1
GetGain AX ===>> 0.097049
GetGain L1 ===>> 0.010355
GetGain L2 ===>> 0.095649
GetGain CDD ===>> 0
pre measurement save
New frame /Users/jan/PychronDev/data/isotopes/d8/8853ba-caee-4dca-b104-e531b7f9af2b.h5
flush and close file /Users/jan/PychronDev/data/isotopes/d8/8853ba-caee-4dca-b104-e531b7f9af2b.h5
testing...
no interpolation path defined
executed 226.132928
unknown measurement script
activate_detectors ('H2', 'H1', 'AX', 'L1', 'L2', 'CDD') {}
activate detectors
*************** Set Analysis View Ar/Ar
create graphs
Get Checksum: 1551197106
clearing graphs
clear isotope group
setting isotope det=H2, iso=PM41
setting isotope det=H1, iso=Ar40
setting isotope det=AX, iso=Ar39
setting isotope det=L1, iso=Ar38
setting isotope det=L2, iso=Ar37
setting isotope det=CDD, iso=Ar36
setting previous blanks
 - setting Ar40 blank 0.121+/-0.007
 - setting Ar36 blank 0.00422+/-0.00018
 - setting Ar37 blank 0.041+/-0.005
 - setting Ar38 blank 0.0075+/-0.0022
 - setting PM41 blank 0.04+/-0.07
 - setting Ar39 blank 0.042+/-0.008
load analysis view
position_magnet ('Ar40',) {'detector': 'H1'}
detector Detector(H1)
POSITION Ar40 H1
setting detector H2 to PM41 (40.9624)
setting detector H1 to Ar40 (39.9624)
setting detector AX to Ar39 (38.9624)
setting detector L1 to Ar38 (37.9624)
setting detector L2 to Ar37 (36.9624)
setting detector CDD to Ar36 (35.9624)
Mapping mass to dac mass func: "parabolic"
H1 map mass coeffs = [-0.00063987  0.15840543  0.57040999]
H1 map mass to dac 39.9624 >> 5.8788
GetDeflection H1 ===>> 0
GetHighVoltage ===>> 4500
positioning Ar40 (5.8788) on H1
setting magnet DAC
current  : 5.878795
requested: 5.878800
Delta Dac: 0.000005
Checking detector protection. dv=0.00000
Checking detector "CDD". Protection Threshold: 0.1 (V)
SetMagnetDAC 5.8788 ===>> OK
Magnet settling time: 0.500
equilibrate () {'delay': 3, 'inlet': 'R', 'outlet': 'O', 'eqtime': 12.0}
Equilibration Started
07:18:11 -- ******* Equilibration Started *******
checking ownership. requestor=129.138.12.150
check software interlocks O
interlocks []
actuate state mode=None-script, software_lock=False
doing actuation None-script close_channel True
Close O ===>> OK
set states for children of O. state=False
handle state [('O', False)]
update switch state O False args=() kw={'refresh': False} ncanvase=2
refresh_canvas_needed fired
GetIndicatorState O ===>> False
change switch state (True, True)
update switch state O False args=() kw={} ncanvase=2
07:18:11 -- CLOSE  VALVE-O (Jan Ion Pump)
waiting 3s before opening inlet value ('R',)
Get Checksum: -598318598
checking ownership. requestor=129.138.12.150
check software interlocks R
interlocks []
actuate state mode=None-script, software_lock=False
doing actuation None-script open_channel True
Open R ===>> OK
GetIndicatorState R ===>> OK
change switch state (True, True)
update switch state R True args=() kw={} ncanvase=2
07:18:14 -- OPEN   VALVE-R (Jan Inlet)
set_time_zero () {}
equilibrating for 12.0sec
sniff (12.0,) {}
py_sniff
build tables- sniff [Detector(H2), Detector(H1), Detector(AX), Detector(L1), Detector(L2), Detector(CDD)]
add group /sniff/PM41 (Group) '' table H2
add group /sniff/Ar40 (Group) '' table H1
add group /sniff/Ar39 (Group) '' table AX
add group /sniff/Ar38 (Group) '' table L1
add group /sniff/Ar37 (Group) '' table L2
add group /sniff/Ar36 (Group) '' table CDD
flush and close file /Users/jan/PychronDev/data/isotopes/d8/8853ba-caee-4dca-b104-e531b7f9af2b.h5
measuring sniff. ncounts=12.0
starting measurement
GetData ===>> H2,-0.223962530821561,H1,4.34567252402249,AX,1.01388287164454,L1,-0.0232124232344418,L2,0.0750829...
Get Checksum: -1449001502
GetData ===>> H2,0.777926014743397,H1,530.870172389417,AX,119.376696139008,L1,0.513165588430149,L2,0.7950517977...
GetData ===>> H2,0.721414495213464,H1,1083.6797120854,AX,234.439003679871,L1,1.71061007968816,L2,1.180594618530...
GetData ===>> H2,0.128903316097454,H1,1260.11175019219,AX,266.404190226182,L1,2.54223608975096,L2,1.34794008539...
Get Checksum: -1449001502
GetData ===>> H2,0.00871964504001926,H1,1320.26546612771,AX,275.874806810729,L1,2.98907555987718,L2,1.198603525...
GetData ===>> H2,-0.0387821674781794,H1,1343.05128235263,AX,279.97717846378,L1,3.25213274922102,L2,1.3758659394...
GetData ===>> H2,-0.0169534188666196,H1,1352.82782196275,AX,281.57581729048,L1,3.40583522264171,L2,1.2856807193...
Get Checksum: -1449001502
GetData ===>> H2,-0.0996208675113473,H1,1357.40053801777,AX,282.248866807639,L1,3.44375566726886,L2,1.258684330...
GetData ===>> H2,-0.0670537608773354,H1,1358.42212997387,AX,282.501618114394,L1,3.52214200856403,L2,1.262676519...
GetData ===>> H2,-0.0786917924456779,H1,1359.40922986546,AX,282.55564512743,L1,3.57468612777285,L2,1.3614663042...
Get Checksum: -1449001502
GetData ===>> H2,-0.0801199661322199,H1,1359.68451533548,AX,282.820870198677,L1,3.57916546058723,L2,1.226087646...
Equilibration Finished
07:18:26 -- ******* Equilibration Finished *******
checking ownership. requestor=129.138.12.150
check software interlocks R
interlocks []
actuate state mode=None-script, software_lock=False
doing actuation None-script close_channel True
GetData ===>> H2,-0.108428492482418,H1,1359.40625520934,AX,282.673742082479,L1,3.60919672069831,L2,1.2541416956...
Close R ===>> OK
set states for children of R. state=False
handle state [('R', False)]
update switch state R False args=() kw={'refresh': False} ncanvase=2
refresh_canvas_needed fired
GetIndicatorState R ===>> False
change switch state (True, True)
update switch state R False args=() kw={} ncanvase=2
07:18:27 -- CLOSE  VALVE-R (Jan Inlet)
Post Equilibration Started jan_pump_extraction_line.py
07:18:27 -- ******* Post Equilibration Started jan_pump_extraction_line.py *******
testing...
no interpolation path defined
calculate duration
testing...
no interpolation path defined
executed 4.0
executed 4.0
Pump after analysis
doing GOSUB
testing...
no interpolation path defined
executed 4.0
Pump Microbone
close () {'description': 'Jan Inlet'}
closing name=--- desc=Jan Inlet
checking ownership. requestor=129.138.12.150
check software interlocks R
interlocks []
actuate state mode=None-script, software_lock=False
doing actuation None-script close_channel False
Close R ===>> OK
measurement finished
estimated time: 12.583 actual time: :12.656
flush and close file /Users/jan/PychronDev/data/isotopes/d8/8853ba-caee-4dca-b104-e531b7f9af2b.h5
set_fits () {}
using default fits file=/Users/jan/PychronDev/scripts/measurement/fits/nominal_linear.yaml
set "Ar40" to "('Linear', 'SEM')"
No fit for "PM41". defaulting to linear. check the measurement script "jan_unknown120_60.py"
set "PM41" to "linear"
set "Ar36" to "('Linear', 'SEM')"
set "Ar37" to "('linear', 'SEM')"
set "Ar38" to "('linear', 'SEM')"
set "Ar39" to "('Linear', 'SEM')"
set_baseline_fits () {}
using default fits file=/Users/jan/PychronDev/scripts/measurement/fits/nominal_linear.yaml
set "H1" to "('average', 'SEM')"
set "H2" to "('average', 'SEM')"
set "CDD" to "('average', 'SEM')"
set "L2" to "('average', 'SEM')"
set "L1" to "('average', 'SEM')"
set "AX" to "('average', 'SEM')"
multicollect () {'integration_time': 1, 'ncounts': 120}
build tables- signal [Detector(H2), Detector(H1), Detector(AX), Detector(L1), Detector(L2), Detector(CDD)]
add group /signal/PM41 (Group) '' table H2
add group /signal/Ar40 (Group) '' table H1
add group /signal/Ar39 (Group) '' table AX
add group /signal/Ar38 (Group) '' table L1
add group /signal/Ar37 (Group) '' table L2
add group /signal/Ar36 (Group) '' table CDD
flush and close file /Users/jan/PychronDev/data/isotopes/d8/8853ba-caee-4dca-b104-e531b7f9af2b.h5
GetIndicatorState R ===>> False
measuring signal. ncounts=120
change switch state (True, True)
update switch state R False args=() kw={} ncanvase=2
07:18:27 -- CLOSE  VALVE-R (Jan Inlet)
---------------------------------------- close None (Jan Inlet) result=[(True, True)]
action=close, ok=True, locked=[False]
is_closed ('F',) {}
is F () closed?
is closed True
open () {'description': 'CO2 Laser to Jan'}
opening name=--- desc=CO2 Laser to Jan
checking ownership. requestor=129.138.12.150
check software interlocks A
interlocks []
actuate state mode=None-script, software_lock=False
doing actuation None-script open_channel False
Open A ===>> OK
GetIndicatorState A ===>> OK
change switch state (True, True)
update switch state A True args=() kw={} ncanvase=2
07:18:28 -- OPEN   VALVE-A (CO2 Laser to Jan)
---------------------------------------- open None (CO2 Laser to Jan) result=[(True, True)], time=0.12 sec
starting measurement
GetData ===>> H2,0.056205791554243,H1,1359.03826919069,AX,282.744390209178,L1,3.6510635668202,L2,1.266462369044...
Get Checksum: -598318598
action=open, ok=True, locked=[False]
sleep (1,) {}
SLEEP 1.0
GetData ===>> H2,-0.0890055676098222,H1,1358.81705776895,AX,282.567958386,L1,3.6239223852562,L2,1.2893986221315...
close () {'description': 'CO2 Laser to Roughing'}
closing name=--- desc=CO2 Laser to Roughing
checking ownership. requestor=129.138.12.150
check software interlocks G
interlocks []
actuate state mode=None-script, software_lock=True
VALVE-G(CO2 Laser to Roughing) software locked
change switch state (True, False)
---------------------------------------- close None (CO2 Laser to Roughing) result=[(True, False)]
action=close, ok=True, locked=[True]
open () {'description': 'Microbone to Turbo'}
opening name=--- desc=Microbone to Turbo
checking ownership. requestor=129.138.12.150
check software interlocks U
interlocks []
actuate state mode=None-script, software_lock=False
doing actuation None-script open_channel True
Open U ===>> OK
GetIndicatorState U ===>> OK
change switch state (True, True)
update switch state U True args=() kw={} ncanvase=2
07:18:29 -- OPEN   VALVE-U (Microbone to Turbo)
---------------------------------------- open None (Microbone to Turbo) result=[(True, True)], time=0.19 sec
action=open, ok=True, locked=[False]
open () {'description': 'Microbone to Getter NP-10'}
opening name=--- desc=Microbone to Getter NP-10
checking ownership. requestor=129.138.12.150
check software interlocks M
interlocks []
actuate state mode=None-script, software_lock=False
doing actuation None-script open_channel False
Open M ===>> OK
GetIndicatorState M ===>> OK
change switch state (True, True)
update switch state M True args=() kw={} ncanvase=2
07:18:30 -- OPEN   VALVE-M (Microbone to Getter NP-10)
---------------------------------------- open None (Microbone to Getter NP-10) result=[(True, True)], time=0.15 sec
action=open, ok=True, locked=[False]
open () {'description': 'Microbone to Getter D-50'}
opening name=--- desc=Microbone to Getter D-50
checking ownership. requestor=129.138.12.150
check software interlocks K
interlocks []
actuate state mode=None-script, software_lock=False
doing actuation None-script open_channel False
GetData ===>> H2,-0.164670893250962,H1,1358.24412832489,AX,282.249918418286,L1,3.59718362291267,L2,1.2290119512...
Open K ===>> OK
GetIndicatorState K ===>> OK
change switch state (True, True)
update switch state K True args=() kw={} ncanvase=2
07:18:30 -- OPEN   VALVE-K (Microbone to Getter D-50)
---------------------------------------- open None (Microbone to Getter D-50) result=[(True, True)], time=0.43 sec
action=open, ok=True, locked=[False]
open () {'description': 'Microbone to CO2 Laser'}
opening name=--- desc=Microbone to CO2 Laser
checking ownership. requestor=129.138.12.150
check software interlocks T
interlocks []
actuate state mode=None-script, software_lock=False
doing actuation None-script open_channel False
Open T ===>> OK
GetIndicatorState T ===>> OK
change switch state (True, True)
update switch state T True args=() kw={} ncanvase=2
07:18:31 -- OPEN   VALVE-T (Microbone to CO2 Laser)
---------------------------------------- open None (Microbone to CO2 Laser) result=[(True, True)], time=0.40 sec
Get Checksum: -860229079
GetData ===>> H2,-0.0706058157926081,H1,1357.71762746578,AX,282.21865629835,L1,3.59828574278095,L2,1.2363058978...
action=open, ok=True, locked=[False]
open () {'description': 'Microbone to Inlet Pipette'}
opening name=--- desc=Microbone to Inlet Pipette
checking ownership. requestor=129.138.12.150
check software interlocks S
interlocks []
actuate state mode=None-script, software_lock=False
doing actuation None-script open_channel False
Open S ===>> OK
GetIndicatorState S ===>> OK
change switch state (True, True)
update switch state S True args=() kw={} ncanvase=2
07:18:32 -- OPEN   VALVE-S (Microbone to Inlet Pipette)
---------------------------------------- open None (Microbone to Inlet Pipette) result=[(True, True)], time=0.41 sec
action=open, ok=True, locked=[False]
sleep (1,) {}
SLEEP 1.0
GetData ===>> H2,-0.166487817546953,H1,1356.54742639641,AX,281.954250887018,L1,3.64538029347225,L2,1.3547548591...
set_resource () {'name': 'CO2PumpTimeFlag', 'value': 30}
Set CO2PumpTimeFlag 30 ===>> OK
release ('JanCO2Flag',) {}
release JanCO2Flag
Set JanCO2Flag 0 ===>> OK
executed 6.0
PumpMicrobone.py completed successfully
gosub finished
get_resource_value () {'name': 'JanMiniboneFlag'}
Read JanMiniboneFlag ===>> 0
Get Resource Value JanMiniboneFlag=0.0
get resource value 0.0
get_resource_value () {'name': 'JanMiniboneFlag'}
Read JanMiniboneFlag ===>> 0
Get Resource Value JanMiniboneFlag=0.0
executed 4.0
jan_pump_extraction_line.py completed successfully
Post Equilibration Finished
07:18:33 -- ******* Post Equilibration Finished *******
GetData ===>> H2,-0.210505694079694,H1,1356.30464957129,AX,281.825167899108,L1,3.62630783647913,L2,1.2165011380...
Get Checksum: -860229079
GetData ===>> H2,-0.148695534939352,H1,1355.12563140404,AX,281.900422307556,L1,3.65973340212176,L2,1.1571020972...
GetData ===>> H2,-0.146709982198563,H1,1355.19376716001,AX,281.6492281523,L1,3.6426147548236,L2,1.1612200345294...
GetData ===>> H2,-0.165953299490088,H1,1355.00563375816,AX,281.849615875799,L1,3.62052836685859,L2,1.3310167983...
Get Checksum: -860229079
GetData ===>> H2,-0.168197835971757,H1,1354.76003798714,AX,281.509006620958,L1,3.62927155946857,L2,1.2020773056...
GetData ===>> H2,-0.294245528555924,H1,1353.71591232568,AX,281.363708501944,L1,3.62396202088926,L2,1.2101603477...
GetData ===>> H2,-0.142129728703114,H1,1353.16111909227,AX,281.254560028853,L1,3.55752285316755,L2,1.1906246254...
Get Checksum: -860229079
GetData ===>> H2,-0.102983403515805,H1,1352.36475973631,AX,281.441051533796,L1,3.57214260872819,L2,1.2338630522...
GetData ===>> H2,-0.0880149146801023,H1,1351.64641736268,AX,281.199467261922,L1,3.61559980445131,L2,1.215744349...
GetData ===>> H2,-0.0400810076166079,H1,1351.44737974155,AX,281.081223161739,L1,3.62099113046186,L2,1.200770324...
Get Checksum: -860229079
GetData ===>> H2,-0.111994928172755,H1,1351.04322199826,AX,281.04972967027,L1,3.57753975765854,L2,1.16961704316...
GetData ===>> H2,-0.169327359304229,H1,1350.74488353699,AX,281.104498709192,L1,3.54134556139623,L2,1.1961501728...
GetData ===>> H2,-0.111165087446353,H1,1350.15876720826,AX,280.895437170053,L1,3.55393461810737,L2,1.2514804536...
Get Checksum: -860229079
GetData ===>> H2,-0.105012085384766,H1,1349.09247550457,AX,280.775350276267,L1,3.57911456563824,L2,1.2581451679...
GetData ===>> H2,-0.118456946835259,H1,1348.16605467775,AX,280.562152569108,L1,3.59668989508666,L2,1.1515506167...
GetData ===>> H2,-0.114328445587026,H1,1347.97181569612,AX,280.360670631942,L1,3.57332669027043,L2,1.2255945374...
Get Checksum: -860229079
GetData ===>> H2,-0.151670511773815,H1,1347.87732996235,AX,280.249364759802,L1,3.57054612274514,L2,1.2374183879...
GetData ===>> H2,-0.116723727452505,H1,1347.42864707827,AX,280.023963884815,L1,3.56015576393515,L2,1.2366729034...
Get Checksum: -860229079
GetData ===>> H2,-0.062686144551977,H1,1346.49730182613,AX,279.82761135009,L1,3.55303808207479,L2,1.26247002286...
07:18:53 -- collecting point 25
GetData ===>> H2,-0.0797852963572456,H1,1345.45941004384,AX,279.881088507194,L1,3.57424662521105,L2,1.189111460...
GetData ===>> H2,-0.0972824791823092,H1,1345.0575076536,AX,279.817347150909,L1,3.58049315469921,L2,1.2617931759...
Get Checksum: -860229079
GetData ===>> H2,-0.126268709036405,H1,1344.77405455326,AX,279.659901586491,L1,3.62625828217679,L2,1.2090481725...
GetData ===>> H2,-0.2790335553259,H1,1344.2520778875,AX,279.670558742292,L1,3.60486909345213,L2,1.2880675046378...
GetData ===>> H2,-0.2586115451842,H1,1344.07424313701,AX,279.486951743427,L1,3.58165447856424,L2,1.239563121667...
Get Checksum: -860229079
GetData ===>> H2,-0.223804958417669,H1,1342.9626549774,AX,279.306959281363,L1,3.55274442833029,L2,1.23558335959...
GetData ===>> H2,-0.170390654699314,H1,1342.81368190852,AX,279.232340673618,L1,3.5670388470883,L2,1.23389745812...
GetData ===>> H2,-0.071876365695763,H1,1342.47886690628,AX,279.188951831693,L1,3.55351104932195,L2,1.3236812360...
Get Checksum: -860229079
GetData ===>> H2,-0.0496964344985899,H1,1341.54312664753,AX,279.741156823267,L1,3.51093463181379,L2,1.236237084...
GetData ===>> H2,-0.0819706341126607,H1,1341.2401508254,AX,279.410186919868,L1,3.53603467451735,L2,1.2145518451...
GetData ===>> H2,-0.102034576062602,H1,1341.22480830681,AX,278.739985382009,L1,3.56486127060358,L2,1.2024556456...
Get Checksum: -860229079
GetData ===>> H2,-0.0368913236064284,H1,1340.69626224418,AX,278.857190257422,L1,3.53727074397229,L2,1.225789487...
GetData ===>> H2,-0.0931068465285364,H1,1339.55831487729,AX,278.720378029859,L1,3.54136671773398,L2,1.303319082...
GetData ===>> H2,-0.010742951037633,H1,1338.96493507631,AX,278.683170844521,L1,3.60265425286762,L2,1.1948661999...
Get Checksum: -860229079
GetData ===>> H2,-0.0566394172310626,H1,1338.46261102182,AX,278.54735293876,L1,3.5670247240324,L2,1.16555610323...
GetData ===>> H2,-0.147488036127922,H1,1337.70764627624,AX,278.198119967695,L1,3.52336958055055,L2,1.1772591564...
GetData ===>> H2,-0.0956885247581641,H1,1336.80363915507,AX,278.294719186141,L1,3.51501341458778,L2,1.242350199...
Get Checksum: -860229079
GetData ===>> H2,-0.10756670767626,H1,1337.05968322509,AX,278.368708967614,L1,3.55684494510722,L2,1.27154481935...
GetData ===>> H2,-0.124950445510744,H1,1336.6421391415,AX,278.298298349418,L1,3.54734419165389,L2,1.33487421947...
GetData ===>> H2,-0.0527892101996915,H1,1336.07766287681,AX,278.242989475109,L1,3.54501322459565,L2,1.280654893...
Get Checksum: -860229079
GetData ===>> H2,-0.063631036861034,H1,1335.49579033614,AX,277.858318770885,L1,3.52905104963277,L2,1.2877003030...
GetData ===>> H2,-0.188073125962045,H1,1334.95070633752,AX,277.835789246347,L1,3.54141044095178,L2,1.1771445377...
Get Checksum: -860229079
GetData ===>> H2,-0.0561917856302638,H1,1334.29127810563,AX,277.572970352763,L1,3.50423602229595,L2,1.189409506...
GetData ===>> H2,-0.0539520068426166,H1,1334.36545022491,AX,277.499195505466,L1,3.47377969390343,L2,1.191828296...
GetData ===>> H2,-0.134867790780101,H1,1333.55675582411,AX,277.511662963876,L1,3.4514192468814,L2,1.22479180684...
Get Checksum: -860229079
07:19:19 -- collecting point 50
GetData ===>> H2,-0.104482957790135,H1,1333.26698718797,AX,277.788681321417,L1,3.45350391614866,L2,1.2537287394...
GetData ===>> H2,-0.0340049080742853,H1,1332.24264276743,AX,277.274718890086,L1,3.51370816380652,L2,1.176697526...
set states for children of V. state=False
handle state [('V', False)]
update switch state V False args=() kw={'refresh': False} ncanvase=2
refresh_canvas_needed fired
GetData ===>> H2,-0.0945128909164135,H1,1331.50477253536,AX,277.230451494226,L1,3.55599055373754,L2,1.151963525...
Get Checksum: -110011688
GetData ===>> H2,-0.215479378589428,H1,1331.54211168488,AX,277.281553796088,L1,3.50875206021708,L2,1.2151595616...
GetData ===>> H2,-0.123634733463745,H1,1330.6747222107,AX,276.941715459872,L1,3.53345571230232,L2,1.25230634848...
GetData ===>> H2,-0.0792798856830929,H1,1330.67599954467,AX,277.009803281665,L1,3.5454407223343,L2,1.2098049089...
Get Checksum: -110011688
GetData ===>> H2,-0.126233557329345,H1,1329.86905409351,AX,277.0529784068,L1,3.52247742890614,L2,1.168917264461...
GetData ===>> H2,-0.00922855185266919,H1,1328.49336829715,AX,276.787980447767,L1,3.52139932593099,L2,1.17545965...
GetData ===>> H2,0.0572611593224642,H1,1328.30983642046,AX,276.702004072536,L1,3.51805298001325,L2,1.1990964969...
Get Checksum: -110011688
GetData ===>> H2,0.0761459322082904,H1,1327.23901803064,AX,276.38376330962,L1,3.52737593102432,L2,1.23460851500...
GetData ===>> H2,0.119936931086994,H1,1326.74559028541,AX,276.305866033514,L1,3.53140479447146,L2,1.23865705185...
GetData ===>> H2,0.0510189970441903,H1,1326.53839484223,AX,276.113929231676,L1,3.50696572298382,L2,1.2558508941...
Get Checksum: -110011688
GetData ===>> H2,-0.0995545272831052,H1,1326.01425446111,AX,276.121335762928,L1,3.45066025448298,L2,1.180353911...
GetData ===>> H2,-0.151115548089459,H1,1325.5174880182,AX,275.972508456096,L1,3.45065463249927,L2,1.14289140536...
GetData ===>> H2,-0.106581730690491,H1,1325.50112075263,AX,276.256333961538,L1,3.49340998620147,L2,1.1842053005...
Get Checksum: -110011688
GetData ===>> H2,0.0247784090181553,H1,1325.26697667616,AX,275.929653830705,L1,3.50996940360074,L2,1.1592241320...
GetData ===>> H2,-0.114559876223775,H1,1323.96733515066,AX,275.595262237847,L1,3.51608478636176,L2,1.2852102542...
GetData ===>> H2,-0.158212109597714,H1,1323.66256247312,AX,275.509742837048,L1,3.53190973301072,L2,1.1845147939...
Get Checksum: -110011688
GetData ===>> H2,-0.0614089918333396,H1,1323.3236156412,AX,275.549080139688,L1,3.51990727288969,L2,1.2019855870...
GetData ===>> H2,-0.0889066417168608,H1,1322.5423762453,AX,275.570544719704,L1,3.46924978177005,L2,1.2106763096...
Get Checksum: -110011688
GetData ===>> H2,-0.223876337642065,H1,1322.31961930096,AX,275.324057394111,L1,3.48087770566106,L2,1.1762734406...
GetData ===>> H2,-0.112388844390533,H1,1321.81268057808,AX,275.05828926281,L1,3.46294737407786,L2,1.20038052629...
GetData ===>> H2,-0.124703000521185,H1,1321.11373269567,AX,275.022290506974,L1,3.46818086345785,L2,1.3379855258...
Get Checksum: -110011688
GetData ===>> H2,-0.126240317281468,H1,1320.03170135343,AX,274.973004115585,L1,3.5432441406051,L2,1.27535396476...
GetData ===>> H2,-0.118294595594902,H1,1319.28140807121,AX,274.905110922799,L1,3.54585553687158,L2,1.1569644533...
07:19:46 -- collecting point 75
GetData ===>> H2,-0.0613561129943761,H1,1319.24436911775,AX,274.824044467246,L1,3.51964779540773,L2,1.267299864...
Get Checksum: -110011688
GetData ===>> H2,-0.103419214961656,H1,1319.00300493205,AX,274.777129936863,L1,3.46358561741673,L2,1.2158590136...
GetData ===>> H2,-0.181072388206924,H1,1318.16739267402,AX,274.509837542365,L1,3.45880088595949,L2,1.2210534639...
GetData ===>> H2,-0.259084594549868,H1,1317.58200801077,AX,274.571143431447,L1,3.46739189505694,L2,1.1179388847...
GetData ===>> H2,-0.179486841611292,H1,1317.18979774215,AX,274.558134054833,L1,3.47673492104247,L2,1.2537975653...
GetData ===>> H2,-0.0609439208032728,H1,1316.82869598579,AX,274.277351478451,L1,3.45626951795715,L2,1.099526790...
Get Checksum: -110011688
GetData ===>> H2,-0.0443049463910283,H1,1315.9233237771,AX,274.153247345438,L1,3.49337055560832,L2,1.2487504629...
GetData ===>> H2,-0.075097529708772,H1,1315.64612769545,AX,274.160484495605,L1,3.51347983020152,L2,1.2738279938...
GetData ===>> H2,-0.0689513119033617,H1,1315.21672738239,AX,273.50131936445,L1,3.4962098946525,L2,1.21020621088...
Get Checksum: -110011688
GetData ===>> H2,-0.0765329314743133,H1,1314.83448591527,AX,273.742390737566,L1,3.49732412723715,L2,1.246525233...
GetData ===>> H2,-0.138823771256373,H1,1314.60283107627,AX,273.963744031498,L1,3.5037853583425,L2,1.20811945885...
GetData ===>> H2,-0.177667575083219,H1,1313.0519814167,AX,273.784099942916,L1,3.47321687734621,L2,1.20310914557...
Get Checksum: -110011688
GetData ===>> H2,-0.177753956364468,H1,1312.99425910233,AX,273.706382739713,L1,3.45980655230442,L2,1.2904658244...
GetData ===>> H2,-0.153371348368146,H1,1312.76972099734,AX,273.314203744606,L1,3.42640609794725,L2,1.2114674565...
GetData ===>> H2,-0.0498620190246087,H1,1312.10031434733,AX,273.233903567213,L1,3.39835639312443,L2,1.248498114...
Get Checksum: -110011688
GetData ===>> H2,-0.111439902754323,H1,1311.71164462352,AX,273.124162910423,L1,3.4193617586693,L2,1.23116796596...
GetData ===>> H2,-0.0537335675237182,H1,1311.07343059987,AX,273.029047128558,L1,3.45074177354773,L2,1.198443024...
GetData ===>> H2,-0.0766250946153937,H1,1310.48884233347,AX,272.642779380343,L1,3.49039110998241,L2,1.187048091...
Get Checksum: -110011688
GetData ===>> H2,-0.0791836789619875,H1,1309.83180171892,AX,272.763228156608,L1,3.47441852320276,L2,1.262917432...
GetData ===>> H2,-0.104745494766564,H1,1309.34497541685,AX,272.609500477471,L1,3.48113817390667,L2,1.2105845828...
Get Checksum: -110011688
GetData ===>> H2,-0.106673737651593,H1,1308.99870605712,AX,272.821059726044,L1,3.45921439433266,L2,1.2447015016...
GetData ===>> H2,-0.0535870344520057,H1,1308.59081994907,AX,272.761166987111,L1,3.4006221212034,L2,1.2472937348...
GetData ===>> H2,-0.171062584333693,H1,1308.2753692915,AX,272.913842669826,L1,3.44383151989083,L2,1.13481782287...
Get Checksum: -110011688
GetData ===>> H2,-0.198900007205056,H1,1307.1288393283,AX,272.491444734872,L1,3.44110725016202,L2,1.25415316665...
GetData ===>> H2,-0.143583720478185,H1,1306.6166180599,AX,272.258263489144,L1,3.43309280674581,L2,1.22286528070...
07:20:12 -- collecting point 100
GetData ===>> H2,-0.0364026122809947,H1,1306.35793281713,AX,272.348456813887,L1,3.45007979881001,L2,1.163984542...
Get Checksum: -110011688
GetData ===>> H2,-0.0978268372105815,H1,1305.69177654428,AX,272.248468708047,L1,3.47390773841626,L2,1.166473814...
GetData ===>> H2,-0.184183462404368,H1,1304.98345525977,AX,271.957751111052,L1,3.43430642563121,L2,1.2687454230...
GetData ===>> H2,-0.208037568168721,H1,1304.62828876921,AX,271.825982958902,L1,3.41937579987132,L2,1.2351360767...
Get Checksum: -110011688
GetData ===>> H2,-0.157524558351313,H1,1304.33201770219,AX,272.003662001265,L1,3.4318849305467,L2,1.25153780726...
GetData ===>> H2,-0.147259758477678,H1,1303.1794092518,AX,271.85917518045,L1,3.43217003434933,L2,1.175069964070...
GetData ===>> H2,-0.160030069695485,H1,1302.95404146095,AX,271.507665376486,L1,3.42509082718777,L2,1.1403798064...
Get Checksum: -110011688
GetData ===>> H2,-0.127266431321341,H1,1302.67480831135,AX,271.721528690542,L1,3.4875151651192,L2,1.21067630961...
GetData ===>> H2,-0.227766496803867,H1,1302.08098013488,AX,271.40508908331,L1,3.46886439743148,L2,1.16848133931...
GetData ===>> H2,-0.176576954732215,H1,1301.47070162793,AX,271.315043317467,L1,3.46414797495283,L2,1.1907277966...
Get Checksum: -110011688
GetData ===>> H2,-0.151405860947817,H1,1300.81197912935,AX,271.369588787548,L1,3.46028480133591,L2,1.1476739462...
GetData ===>> H2,-0.119739440026497,H1,1300.39314243429,AX,271.247129283465,L1,3.460023168582,L2,1.160222078120...
GetData ===>> H2,-0.0945007005275942,H1,1300.10979294387,AX,271.0051592528,L1,3.4558954840735,L2,1.151424450445...
Get Checksum: -110011688
GetData ===>> H2,-0.0768582098155196,H1,1300.35960474425,AX,270.937892023116,L1,3.45893309454372,L2,1.199658257...
GetData ===>> H2,-0.0912047524904455,H1,1299.78682862805,AX,270.761288623427,L1,3.46721329455712,L2,1.181603303...
GetData ===>> H2,-0.0615744061023527,H1,1299.03539900562,AX,270.785032260624,L1,3.46495219278757,L2,1.218840341...
Get Checksum: -110011688
GetData ===>> H2,-0.0310865228570389,H1,1298.22180111225,AX,270.666513974208,L1,3.41819078132265,L2,1.230869790...
GetData ===>> H2,-0.129969844895196,H1,1298.0368040412,AX,270.646322887342,L1,3.44825007465763,L2,1.26517745795...
Get Checksum: -110011688
GetData ===>> H2,-0.178546203942426,H1,1296.96043140869,AX,270.393401031186,L1,3.45289520524837,L2,1.3115483634...
GetData ===>> H2,0.0127905980423324,H1,1295.73041196082,AX,270.225233749893,L1,3.4670487594803,L2,1.24135234785...
GetData ===>> H2,-0.167369177349709,H1,1295.54154970755,AX,270.508803862765,L1,3.4911077416569,L2,1.19086535842...
Get Checksum: -110011688
measurement finished
estimated time: 125.829 actual time: :126.205
flush and close file /Users/jan/PychronDev/data/isotopes/d8/8853ba-caee-4dca-b104-e531b7f9af2b.h5
baselines () {'settling_time': 15.0, 'detector': 'H1', 'mass': 34.2, 'ncounts': 60}
%%%%%%%%%%%%%%%%%%%%%%%%%%%%%%%% Baseline
build tables- baseline [Detector(H2), Detector(H1), Detector(AX), Detector(L1), Detector(L2), Detector(CDD)]
add group baseline table H2
add group baseline table H1
add group baseline table AX
add group baseline table L1
add group baseline table L2
add group baseline table CDD
flush and close file /Users/jan/PychronDev/data/isotopes/d8/8853ba-caee-4dca-b104-e531b7f9af2b.h5
detector Detector(H1)
POSITION 34.2 H1
Mapping mass to dac mass func: "parabolic"
H1 map mass coeffs = [-0.00063987  0.15840543  0.57040999]
H1 map mass to dac 34.2 >> 5.23945599104
GetDeflection H1 ===>> 0
GetHighVoltage ===>> 4500
positioning 34.2 (5.23945599104) on H1
setting magnet DAC
current  : 5.878800
requested: 5.239456
Delta Dac: 0.639344
Checking detector protection. dv=0.63934
Checking detector "CDD". Protection Threshold: 0.1 (V)
ProtectDetector CDD,On ===>> OK
GetDeflection CDD ===>> 2000
SetMagnetDAC 5.23945599104 ===>> OK
Magnet settling time: 0.500
GetMagnetMoving ===>> True
GetMagnetMoving ===>> True
GetMagnetMoving ===>> True
GetMagnetMoving ===>> True
GetMagnetMoving ===>> True
GetMagnetMoving ===>> True
GetMagnetMoving ===>> True
GetMagnetMoving ===>> True
GetMagnetMoving ===>> False
ProtectDetector CDD,Off ===>> OK
GetDeflection CDD ===>> 50
Delaying 15.0s for detectors to settle
Get Checksum: -110011688
Get Checksum: -110011688
Get Checksum: -110011688
Get Checksum: -110011688
Get Checksum: -110011688
Join finished
measuring baseline. ncounts=60
Get Checksum: -110011688
starting measurement
GetData ===>> H2,-0.157812281334871,H1,-0.162993630554253,AX,-0.0419505760745142,L1,-0.104197305015731,L2,-0.07...
GetData ===>> H2,-0.125992900410871,H1,-0.109768833850299,AX,-0.213436072999533,L1,-0.0624491261054436,L2,0.033...
GetData ===>> H2,-0.128200533525114,H1,-0.0294857005869396,AX,-0.116146877792474,L1,-0.0750771405720784,L2,-0.1...
Get Checksum: -110011688
GetData ===>> H2,-0.201545388613799,H1,-0.00525102485113822,AX,-0.139544891464507,L1,-0.062593870989948,L2,-0.0...
GetData ===>> H2,-0.0930756894326227,H1,-0.054310616936548,AX,-0.228195989457696,L1,-0.0671600387908328,L2,-0.0...
GetData ===>> H2,-0.197105056289732,H1,-0.0287582686807617,AX,-0.0940248898445373,L1,-0.069198476487535,L2,-0.2...
Get Checksum: -110011688
GetData ===>> H2,-0.230489753733987,H1,-0.112044669635991,AX,-0.0276519273737478,L1,-0.0627828735651492,L2,-0.0...
GetData ===>> H2,-0.17730314679922,H1,-0.069963126040684,AX,-0.0522934633675438,L1,-0.050276375777965,L2,-0.029...
GetData ===>> H2,-0.0921775155601941,H1,-0.131005759135738,AX,-0.154049377263693,L1,-0.0651905506447215,L2,0.06...
Get Checksum: -110011688
GetData ===>> H2,-0.0956370594624724,H1,-0.0770435025615022,AX,-0.0298670218186778,L1,-0.0404529172025003,L2,-0...
GetData ===>> H2,-0.155488675805353,H1,9.3426671067931E-06,AX,-0.0412084432407338,L1,-0.0498504049995025,L2,-0....
GetData ===>> H2,-0.103202664780011,H1,-0.00736225108040041,AX,-0.0955778808192834,L1,-0.0491444024153323,L2,0....
Get Checksum: -110011688
GetData ===>> H2,-0.1026653318149,H1,-0.0218056609320837,AX,-0.111929139345004,L1,-0.0126777034084717,L2,0.0623...
GetData ===>> H2,-0.167765969334207,H1,-0.0415412201326014,AX,-0.0703792789812625,L1,-0.0114394221902312,L2,-0....
GetData ===>> H2,-0.16866747225393,H1,-0.0778301801385382,AX,-0.185717522939727,L1,-0.0319066886260084,L2,-0.16...
Get Checksum: -110011688
GetData ===>> H2,-0.156179052534599,H1,-0.0126699395308847,AX,-0.0707850119331225,L1,-0.0270567019249506,L2,-0....
GetData ===>> H2,-0.265384112405495,H1,0.0678343870838428,AX,-0.0399560812506299,L1,-0.00232443862481538,L2,-0....
Get Checksum: -110011688
GetData ===>> H2,-0.276778821617318,H1,0.0459687983406678,AX,0.0402286213939332,L1,0.0126829808918312,L2,-0.049...
GetData ===>> H2,-0.282367164175901,H1,-0.0219129947392148,AX,-0.0137223510333467,L1,-0.00849714410824949,L2,-0...
GetData ===>> H2,-0.239365016239793,H1,-0.0365570172120354,AX,-0.086954990780105,L1,-0.0233598462981286,L2,-0.0...
Get Checksum: -110011688
GetData ===>> H2,-0.238035519920477,H1,-0.0172498309915391,AX,-0.1201095313701,L1,-0.0178413947878606,L2,-0.031...
GetData ===>> H2,-0.284116466938607,H1,0.00463774043326666,AX,-0.0811364261816689,L1,-0.0209840342787512,L2,-0....
GetData ===>> H2,-0.279797564693409,H1,0.0576171203097832,AX,-0.0680607725150905,L1,-0.0363104441273497,L2,0.00...
Get Checksum: -110011688
GetData ===>> H2,-0.207784258393809,H1,0.00241894572694541,AX,-0.0371034187771626,L1,-0.0545879006061444,L2,0.0...
07:21:18 -- collecting point 25
GetData ===>> H2,-0.145559012868823,H1,-0.0989608860235467,AX,-0.136530098543829,L1,-0.0189038390730592,L2,-0.0...
GetData ===>> H2,-0.0321906810900274,H1,-0.049911260837132,AX,-0.145493035751154,L1,-0.0129330125360015,L2,-0.0...
Get Checksum: -110011688
GetData ===>> H2,-0.0553222448585119,H1,0.0628688561915115,AX,0.00049923964827663,L1,-0.0144024123916985,L2,-0....
GetData ===>> H2,0.0539808389741024,H1,0.0234159616438802,AX,0.0260012258046786,L1,-0.033705224576197,L2,-0.056...
GetData ===>> H2,-0.0780033866163818,H1,-0.0522123031917453,AX,-0.0871520277131994,L1,-0.0542395139425159,L2,0....
Get Checksum: -110011688
GetData ===>> H2,-0.240571157515383,H1,0.0639431088283573,AX,-0.0717471718846963,L1,-0.0475263924004462,L2,0.03...
GetData ===>> H2,-0.237260723398909,H1,0.045169219385355,AX,0.0184705993939458,L1,0.00965458687353635,L2,-0.060...
GetData ===>> H2,-0.200493782008179,H1,0.0271505513308458,AX,-0.0734512149588327,L1,-0.0204481403925723,L2,-0.0...
Get Checksum: -110011688
GetData ===>> H2,-0.23858014754306,H1,-0.000109943106285493,AX,-0.115138808584488,L1,-0.0448271345563657,L2,-0....
GetData ===>> H2,-0.186742105125202,H1,0.0103161702245338,AX,-0.0591108193584882,L1,-0.033276574771636,L2,0.033...
GetData ===>> H2,-0.184616462630553,H1,0.0129884839396023,AX,-0.00956976853954283,L1,-0.03773378818767,L2,-0.01...
Get Checksum: -110011688
GetData ===>> H2,-0.201734128169968,H1,0.0438564916644737,AX,-0.0226184886899942,L1,-0.00863024860940545,L2,-0....
GetData ===>> H2,-0.249517617948908,H1,0.0603026326541524,AX,-0.130907522450787,L1,-0.0470979111969329,L2,0.046...
GetData ===>> H2,-0.229217725788572,H1,0.0163528374649726,AX,-0.102206787432382,L1,-0.0263461962674924,L2,-0.07...
GetData ===>> H2,-0.267571230571933,H1,-0.0527368857526465,AX,-0.1331781920777,L1,0.0113829285586461,L2,-0.0720...
Get Checksum: -110011688
GetData ===>> H2,-0.344410574571906,H1,0.038140359785044,AX,-0.126470295650863,L1,-0.0132230742016252,L2,0.0605...
GetData ===>> H2,-0.282428972125935,H1,-0.0711074632590456,AX,-0.0467279207148026,L1,-0.00556000323927952,L2,-0...
GetData ===>> H2,-0.225122034530893,H1,-0.0112983166751899,AX,-0.0831764406325231,L1,0.00771895613544597,L2,-0....
Get Checksum: -110011688
GetData ===>> H2,-0.210810130804523,H1,-0.0490766728149293,AX,-0.0124000395201419,L1,0.0413371573143615,L2,-0.0...
GetData ===>> H2,-0.201963307683264,H1,-0.0238330578428812,AX,-0.014754669464862,L1,0.0192698487169584,L2,-0.01...
GetData ===>> H2,-0.201208345859459,H1,0.00402935634584725,AX,-0.0516789503318245,L1,-0.0207874232825425,L2,0.0...
Get Checksum: -110011688
GetData ===>> H2,-0.240227904976128,H1,0.0610665248786503,AX,-0.0762100785709829,L1,0.0145379165515665,L2,-0.12...
GetData ===>> H2,-0.256375043320452,H1,-0.0319422348346475,AX,-0.134697986431437,L1,-0.052002808306637,L2,0.026...
GetData ===>> H2,-0.263515248940783,H1,-0.0455713271155787,AX,-0.114072793000777,L1,-0.0524609869323628,L2,-0.0...
Get Checksum: -110011688
GetData ===>> H2,-0.306211929351637,H1,0.0252772732749708,AX,-0.0994718387364769,L1,-0.0196880092745889,L2,-0.0...
07:21:44 -- collecting point 50
GetData ===>> H2,-0.263396921983297,H1,0.0341070434849879,AX,-0.0590876318822668,L1,0.00467331026467883,L2,0.00...
GetData ===>> H2,-0.329150961914927,H1,0.0256113585128894,AX,-0.0216094500743014,L1,-0.00134768645992443,L2,-0....
Get Checksum: -110011688
GetData ===>> H2,-0.219680359166181,H1,0.0379494299058926,AX,-0.0510876228036774,L1,-0.0149976651929512,L2,-0.0...
GetData ===>> H2,-0.169008891007384,H1,0.0379255636966171,AX,-0.0542645167310396,L1,-0.0197587494522228,L2,-0.0...
GetData ===>> H2,-0.223516743379098,H1,-0.0234156559536512,AX,0.00049923964827663,L1,-0.00707485460513434,L2,-0...
Get Checksum: -110011688
GetData ===>> H2,-0.208103589465165,H1,0.00178671752906214,AX,-0.089006473415439,L1,0.0212641707513862,L2,-0.00...
GetData ===>> H2,-0.280847489577943,H1,0.0312909781382099,AX,-0.0940944272840086,L1,-0.00418408558831384,L2,0.0...
GetData ===>> H2,-0.212068202732039,H1,0.065077054670515,AX,-0.0547746652155799,L1,-0.0294957626411244,L2,0.036...
Get Checksum: -110011688
GetData ===>> H2,-0.255075141754421,H1,0.0615797682401499,AX,-0.110295295919362,L1,0.00900053488771027,L2,0.089...
GetData ===>> H2,-0.258907203361795,H1,-0.0449632444464275,AX,-0.046716325502015,L1,0.025887856105509,L2,-0.050...
GetData ===>> H2,-0.0911817194869018,H1,-0.0752198171180883,AX,-0.141446482019037,L1,-0.00641400923681987,L2,-0...
Get Checksum: -110011688
measurement finished
estimated time: 62.915 actual time: :63.165
flush and close file /Users/jan/PychronDev/data/isotopes/d8/8853ba-caee-4dca-b104-e531b7f9af2b.h5
activate_detectors ('H1', 'AX', 'CDD') {'peak_center': True}
peak_center () {'detector': 'H1', 'integration_time': 0.262144, 'isotope': 'Ar40'}
peak center: mean=1298.4175766 threshold=3
peak center started
setup peak center. detector=['H1', 'AX', 'CDD'], isotope=Ar40
VersionedUnpickler [<apptools.sweet_pickle.versioned_unpickler.VersionedUnpickler object at 0x16a7803b0>] using Updater [<apptools.sweet_pickle.updater.Updater object at 0x1356d5710>]
VersionedUnpickler [<apptools.sweet_pickle.versioned_unpickler.VersionedUnpickler object at 0x16a7803b0>] using Updater [<apptools.sweet_pickle.updater.Updater object at 0x1356d5710>]
VersionedUnpickler [<apptools.sweet_pickle.versioned_unpickler.VersionedUnpickler object at 0x153477950>] using Updater [<apptools.sweet_pickle.updater.Updater object at 0x1356d5710>]
setting integration time = 0.524288
SetIntegrationTime 0.524288 ===>> OK
Mapping mass to dac mass func: "parabolic"
H1 map mass coeffs = [-0.00063987  0.15840543  0.57040999]
H1 map mass to dac 39.9624 >> 5.8788
GetDeflection H1 ===>> 0
GetHighVoltage ===>> 4500
do peak center. <pychron.spectrometer.jobs.peak_center.PeakCenter object at 0x1356efa10>
doing pc
starting peak center. center dac= 5.8788 step_width=0.001
width = 0.001
get scan parameters. half-width=0.015,window=0.015, i=0, scalar=1
Scan parameters center=5.87880 width=0.03000 (5.86380 - 5.89380)
GetData ===>> H2,-0.198417245998856,H1,0.00992248717930369,AX,-0.137596882105414,L1,0.00909533979197776,L2,-0.0...
Moving to starting dac 5.8638
setting magnet DAC
current  : 5.239456
requested: 5.863800
Delta Dac: 0.624344
Checking detector protection. dv=0.62434
Checking detector "CDD". Protection Threshold: 0.1 (V)
ProtectDetector CDD,On ===>> OK
GetDeflection CDD ===>> 2000
SetMagnetDAC 5.8638 ===>> OK
Magnet settling time: 0.500
GetMagnetMoving ===>> True
GetMagnetMoving ===>> True
GetMagnetMoving ===>> True
GetMagnetMoving ===>> True
GetMagnetMoving ===>> True
GetMagnetMoving ===>> True
Get Checksum: -110011688
GetMagnetMoving ===>> True
GetMagnetMoving ===>> True
GetMagnetMoving ===>> False
ProtectDetector CDD,Off ===>> OK
GetDeflection CDD ===>> 50
Wait until signal near baseline. tol= 0.00744186538448. timeout= 10
GetData ===>> H2,9.8346601725734,H1,4.81596030673799,AX,0.194547561838016,L1,0.059180410168701,L2,0.10638893951...
GetData ===>> H2,79.4637380031612,H1,44.5228945629563,AX,4.96162815948603,L1,0.056703547954936,L2,-0.0646778414...
GetData ===>> H2,70.2304069861344,H1,37.3721782196506,AX,5.51470291327095,L1,0.0326403337753377,L2,-0.108433491...
GetData ===>> H2,35.5706243116495,H1,18.1900215198021,AX,2.4789453528601,L1,0.0300041551613829,L2,-0.1077269620...
GetData ===>> H2,14.2884484167974,H1,9.22575339427387,AX,1.23479535053171,L1,0.00667388475852,L2,-0.12926235373...
Get Checksum: -110011688
GetData ===>> H2,4.80587400998973,H1,4.99578223502259,AX,0.510385642715823,L1,-0.0204551316208673,L2,-0.0248655...
GetData ===>> H2,1.47786408300827,H1,2.85562040599461,AX,0.252620874370016,L1,-0.0125398577597831,L2,0.05291764...
GetData ===>> H2,0.50469298350246,H1,1.93032972748399,AX,0.184732831182064,L1,0.000306048547317792,L2,0.0152595...
GetData ===>> H2,0.366991875769921,H1,1.45152215450739,AX,0.0897921511687194,L1,-0.00450798896745511,L2,-0.0078...
GetData ===>> H2,0.428407004523123,H1,1.18941532705044,AX,0.0482600106819668,L1,-0.0379254689579072,L2,-0.05637...
GetData ===>> H2,0.305681373297058,H1,1.06953714796447,AX,0.0571385539755841,L1,-0.0395282563136984,L2,-0.08706...
Get Checksum: -110011688
GetData ===>> H2,0.267375865133589,H1,0.941827488264058,AX,-0.00425698848848162,L1,-0.0317911822372638,L2,-0.12...
GetData ===>> H2,0.276481670179203,H1,0.914150492090493,AX,0.0540336720050976,L1,-0.046841771247638,L2,-0.09030...
GetData ===>> H2,0.209604354778983,H1,0.944916483668812,AX,0.0587837181332754,L1,-0.0398947771541945,L2,-0.2521...
GetData ===>> H2,0.145917170713329,H1,0.976314679953361,AX,0.113460685705583,L1,-0.011691166431564,L2,-0.001161...
GetData ===>> H2,0.112632640272888,H1,0.962183081160295,AX,0.0344027969489885,L1,-0.0301783404705774,L2,-0.1039...
GetData ===>> H2,0.1095971647525,H1,0.936511764807446,AX,0.0775312840238242,L1,-0.0542169453876808,L2,0.0096337...
Get Checksum: -110011688
GetData ===>> H2,0.0105168353893586,H1,0.920901444449451,AX,0.0991336965870463,L1,-0.0269327294330932,L2,-0.012...
GetData ===>> H2,-0.0423091846360524,H1,0.919105934156339,AX,-0.0852627748078749,L1,-0.00947799903653485,L2,0.0...
GetData ===>> H2,-0.0359165952316099,H1,0.993898118677517,AX,0.00627662933967039,L1,0.0174191165364079,L2,0.018...
GetData ===>> H2,-0.0237621463330676,H1,0.967500161626966,AX,0.0509752283575391,L1,0.0180766745382161,L2,0.0214...
Peak center failed to move to a baseline position
_do_sweep sm= 5.8638, em= 5.8938, stm= 0.001
calculated step values: start=5.8638, end=5.8938, width=0.001, nsteps=31.0
setting magnet DAC
current  : 5.863800
requested: 5.863800
Delta Dac: 0.000000
Checking detector protection. dv=0.00000
Checking detector "CDD". Protection Threshold: 0.1 (V)
SetMagnetDAC 5.8638 ===>> OK
GetData ===>> H2,-0.0237621463330676,H1,0.967500161626966,AX,0.0509752283575391,L1,0.0180766745382161,L2,0.0214...
setting magnet DAC
current  : 5.863800
requested: 5.864834
Delta Dac: 0.001034
Checking detector protection. dv=0.00103
Checking detector "CDD". Protection Threshold: 0.1 (V)
SetMagnetDAC 5.86483448276 ===>> OK
Magnet settling time: 1.049
GetData ===>> H2,-0.145115965022323,H1,2.17143304271021,AX,0.240432358050644,L1,0.0290863403765139,L2,-0.059238...
setting magnet DAC
current  : 5.864834
requested: 5.865869
Delta Dac: 0.001034
Checking detector protection. dv=0.00103
Checking detector "CDD". Protection Threshold: 0.1 (V)
SetMagnetDAC 5.86586896552 ===>> OK
Magnet settling time: 1.049
Get Checksum: -110011688
GetData ===>> H2,-0.0995437346513641,H1,7.77759289028983,AX,1.05329788960016,L1,-0.0172662864397177,L2,0.047175...
setting magnet DAC
current  : 5.865869
requested: 5.866903
Delta Dac: 0.001034
Checking detector protection. dv=0.00103
Checking detector "CDD". Protection Threshold: 0.1 (V)
SetMagnetDAC 5.86690344828 ===>> OK
Magnet settling time: 1.049
GetData ===>> H2,-0.0290531250722489,H1,29.9827623503508,AX,3.91291127803575,L1,0.0551335799986549,L2,-0.054595...
setting magnet DAC
current  : 5.866903
requested: 5.867938
Delta Dac: 0.001034
Checking detector protection. dv=0.00103
Checking detector "CDD". Protection Threshold: 0.1 (V)
SetMagnetDAC 5.86793793103 ===>> OK
Magnet settling time: 1.049
GetData ===>> H2,-0.0956340326884224,H1,103.139063812193,AX,13.7435107578427,L1,0.0562923995246791,L2,0.0024595...
setting magnet DAC
current  : 5.867938
requested: 5.868972
Delta Dac: 0.001034
Checking detector protection. dv=0.00103
Checking detector "CDD". Protection Threshold: 0.1 (V)
Get Checksum: -110011688
SetMagnetDAC 5.86897241379 ===>> OK
Magnet settling time: 1.049
GetData ===>> H2,-0.101845635791378,H1,281.55146983308,AX,41.1420673721098,L1,0.250147507904481,L2,0.0250542094...
setting magnet DAC
current  : 5.868972
requested: 5.870007
Delta Dac: 0.001034
Checking detector protection. dv=0.00103
Checking detector "CDD". Protection Threshold: 0.1 (V)
SetMagnetDAC 5.87000689655 ===>> OK
Magnet settling time: 1.049
GetData ===>> H2,-0.163378890934965,H1,564.234621993588,AX,91.5589988035107,L1,0.598501904636601,L2,0.031501035...
setting magnet DAC
current  : 5.870007
requested: 5.871041
Delta Dac: 0.001034
Checking detector protection. dv=0.00103
Checking detector "CDD". Protection Threshold: 0.1 (V)
SetMagnetDAC 5.87104137931 ===>> OK
Magnet settling time: 1.049
Get Checksum: -110011688
GetData ===>> H2,-0.107788929660274,H1,862.111887236642,AX,153.359711897652,L1,1.12895743973863,L2,0.2027628315...
setting magnet DAC
current  : 5.871041
requested: 5.872076
Delta Dac: 0.001034
Checking detector protection. dv=0.00103
Checking detector "CDD". Protection Threshold: 0.1 (V)
SetMagnetDAC 5.87207586207 ===>> OK
Magnet settling time: 1.049
GetData ===>> H2,-0.102748957234658,H1,1076.47416272494,AX,205.467101868222,L1,1.7796909548063,L2,0.43920030268...
setting magnet DAC
current  : 5.872076
requested: 5.873110
Delta Dac: 0.001034
Checking detector protection. dv=0.00103
Checking detector "CDD". Protection Threshold: 0.1 (V)
SetMagnetDAC 5.87311034483 ===>> OK
Magnet settling time: 1.049
GetData ===>> H2,0.0116407332907551,H1,1210.76770871279,AX,247.470708310384,L1,2.55606426973493,L2,0.8520963475...
setting magnet DAC
current  : 5.873110
requested: 5.874145
Delta Dac: 0.001034
Checking detector protection. dv=0.00103
Checking detector "CDD". Protection Threshold: 0.1 (V)
SetMagnetDAC 5.87414482759 ===>> OK
Magnet settling time: 1.049
Get Checksum: -110011688
GetData ===>> H2,-0.064206785781301,H1,1231.32806585773,AX,254.948454097732,L1,2.8599265902163,L2,1.01956995806...
setting magnet DAC
current  : 5.874145
requested: 5.875179
Delta Dac: 0.001034
Checking detector protection. dv=0.00103
Checking detector "CDD". Protection Threshold: 0.1 (V)
SetMagnetDAC 5.87517931034 ===>> OK
Magnet settling time: 1.049
GetData ===>> H2,-0.17741156556753,H1,1236.85295450036,AX,257.040302187076,L1,3.05907491560918,L2,1.05207384733...
setting magnet DAC
current  : 5.875179
requested: 5.876214
Delta Dac: 0.001034
Checking detector protection. dv=0.00103
Checking detector "CDD". Protection Threshold: 0.1 (V)
SetMagnetDAC 5.8762137931 ===>> OK
Magnet settling time: 1.049
GetData ===>> H2,-0.0753198322983808,H1,1237.75162456113,AX,257.612044569352,L1,3.18228590073696,L2,1.095513443...
setting magnet DAC
current  : 5.876214
requested: 5.877248
Delta Dac: 0.001034
Checking detector protection. dv=0.00103
Checking detector "CDD". Protection Threshold: 0.1 (V)
SetMagnetDAC 5.87724827586 ===>> OK
Magnet settling time: 1.049
Get Checksum: -110011688
GetData ===>> H2,-0.0788950539157893,H1,1238.0646427443,AX,257.646168785849,L1,3.25207727317181,L2,1.1358563264...
setting magnet DAC
current  : 5.877248
requested: 5.878283
Delta Dac: 0.001034
Checking detector protection. dv=0.00103
Checking detector "CDD". Protection Threshold: 0.1 (V)
SetMagnetDAC 5.87828275862 ===>> OK
Magnet settling time: 1.049
GetData ===>> H2,0.0339212872254371,H1,1237.68049930591,AX,257.71346194772,L1,3.22157383250565,L2,1.12467500279...
setting magnet DAC
current  : 5.878283
requested: 5.879317
Delta Dac: 0.001034
Checking detector protection. dv=0.00103
Checking detector "CDD". Protection Threshold: 0.1 (V)
SetMagnetDAC 5.87931724138 ===>> OK
Magnet settling time: 1.049
Get Checksum: -110011688
GetData ===>> H2,-0.214497744150083,H1,1237.39368025198,AX,257.877802451191,L1,3.28000075049369,L2,1.1602397838...
setting magnet DAC
current  : 5.879317
requested: 5.880352
Delta Dac: 0.001034
Checking detector protection. dv=0.00103
Checking detector "CDD". Protection Threshold: 0.1 (V)
SetMagnetDAC 5.88035172414 ===>> OK
Magnet settling time: 1.049
GetData ===>> H2,-0.16664573851063,H1,1237.15257051224,AX,257.651937527105,L1,3.27751100282499,L2,1.21443718214...
setting magnet DAC
current  : 5.880352
requested: 5.881386
Delta Dac: 0.001034
Checking detector protection. dv=0.00103
Checking detector "CDD". Protection Threshold: 0.1 (V)
SetMagnetDAC 5.8813862069 ===>> OK
Magnet settling time: 1.049
GetData ===>> H2,-0.0720336490905086,H1,1236.21156471504,AX,257.520425230723,L1,3.27311337006572,L2,1.090291410...
setting magnet DAC
current  : 5.881386
requested: 5.882421
Delta Dac: 0.001034
Checking detector protection. dv=0.00103
Checking detector "CDD". Protection Threshold: 0.1 (V)
SetMagnetDAC 5.88242068966 ===>> OK
Magnet settling time: 1.049
Get Checksum: -110011688
GetData ===>> H2,-0.160767435458851,H1,1234.26242581384,AX,256.403073709535,L1,3.24627788697676,L2,1.1044465248...
setting magnet DAC
current  : 5.882421
requested: 5.883455
Delta Dac: 0.001034
Checking detector protection. dv=0.00103
Checking detector "CDD". Protection Threshold: 0.1 (V)
SetMagnetDAC 5.88345517241 ===>> OK
Magnet settling time: 1.049
GetData ===>> H2,-0.171139489400426,H1,1228.65273633786,AX,254.228919196288,L1,3.21706463510036,L2,1.0716043537...
setting magnet DAC
current  : 5.883455
requested: 5.884490
Delta Dac: 0.001034
Checking detector protection. dv=0.00103
Checking detector "CDD". Protection Threshold: 0.1 (V)
SetMagnetDAC 5.88448965517 ===>> OK
Magnet settling time: 1.049
GetData ===>> H2,-0.211394734099106,H1,1190.36825437273,AX,239.644856780506,L1,3.01786063815392,L2,0.9666359954...
setting magnet DAC
current  : 5.884490
requested: 5.885524
Delta Dac: 0.001034
Checking detector protection. dv=0.00103
Checking detector "CDD". Protection Threshold: 0.1 (V)
SetMagnetDAC 5.88552413793 ===>> OK
Magnet settling time: 1.049
Get Checksum: -110011688
GetData ===>> H2,-0.295323295067147,H1,1083.27625634482,AX,203.721990141973,L1,2.62849113773009,L2,0.6511748275...
setting magnet DAC
current  : 5.885524
requested: 5.886559
Delta Dac: 0.001034
Checking detector protection. dv=0.00103
Checking detector "CDD". Protection Threshold: 0.1 (V)
SetMagnetDAC 5.88655862069 ===>> OK
Magnet settling time: 1.049
GetData ===>> H2,-0.356683610266721,H1,842.682536485631,AX,139.032472281889,L1,2.04237548853075,L2,0.4767023256...
setting magnet DAC
current  : 5.886559
requested: 5.887593
Delta Dac: 0.001034
Checking detector protection. dv=0.00103
Checking detector "CDD". Protection Threshold: 0.1 (V)
SetMagnetDAC 5.88759310345 ===>> OK
Magnet settling time: 1.049
GetData ===>> H2,-0.286566646556585,H1,520.169089053913,AX,72.8390454982137,L1,1.41287378690864,L2,0.1570387162...
setting magnet DAC
current  : 5.887593
requested: 5.888628
Delta Dac: 0.001034
Checking detector protection. dv=0.00103
Checking detector "CDD". Protection Threshold: 0.1 (V)
SetMagnetDAC 5.88862758621 ===>> OK
Magnet settling time: 1.049
Get Checksum: -110011688
GetData ===>> H2,-0.279609529345475,H1,245.982192730448,AX,28.9202501525322,L1,0.935877092499224,L2,0.080037029...
setting magnet DAC
current  : 5.888628
requested: 5.889662
Delta Dac: 0.001034
Checking detector protection. dv=0.00103
Checking detector "CDD". Protection Threshold: 0.1 (V)
SetMagnetDAC 5.88966206897 ===>> OK
Magnet settling time: 1.049
GetData ===>> H2,-0.335943309937564,H1,91.0513216088634,AX,8.89591348282088,L1,0.513888050010723,L2,0.002618996...
setting magnet DAC
current  : 5.889662
requested: 5.890697
Delta Dac: 0.001034
Checking detector protection. dv=0.00103
Checking detector "CDD". Protection Threshold: 0.1 (V)
SetMagnetDAC 5.89069655172 ===>> OK
Magnet settling time: 1.049
Get Checksum: -110011688
GetData ===>> H2,-0.185663830736461,H1,27.3460827270083,AX,2.0565030058932,L1,0.298477072599016,L2,0.0197239463...
setting magnet DAC
current  : 5.890697
requested: 5.891731
Delta Dac: 0.001034
Checking detector protection. dv=0.00103
Checking detector "CDD". Protection Threshold: 0.1 (V)
SetMagnetDAC 5.89173103448 ===>> OK
Magnet settling time: 1.049
GetData ===>> H2,-0.226890512528611,H1,6.85228964012869,AX,0.264183961528192,L1,0.216369742974563,L2,0.07830480...
setting magnet DAC
current  : 5.891731
requested: 5.892766
Delta Dac: 0.001034
Checking detector protection. dv=0.00103
Checking detector "CDD". Protection Threshold: 0.1 (V)
SetMagnetDAC 5.89276551724 ===>> OK
Magnet settling time: 1.049
GetData ===>> H2,-0.162347343412097,H1,1.50123457407949,AX,-0.1229713474592,L1,0.133141807675356,L2,0.027446090...
setting magnet DAC
current  : 5.892766
requested: 5.893800
Delta Dac: 0.001034
Checking detector protection. dv=0.00103
Checking detector "CDD". Protection Threshold: 0.1 (V)
SetMagnetDAC 5.8938 ===>> OK
Magnet settling time: 1.049
Get Checksum: -110011688
GetData ===>> H2,-0.11581845149814,H1,0.231656817945036,AX,-0.22876466892885,L1,0.0474507497544891,L2,0.0163300...
result of _do_sweep=True
result of _calculate_peak_center=([5.8713171031718616, 5.8787761592149819, 5.8862352152581021], [919.24652178567942, 1238.0577143055314, 917.8982084255681], 5.8772669338677357, 1238.0577143055314)
Failed to find a valid peak. No peak greater than 1.0. max = 0.0934820706301
new center pos Detector(H1) (Ar40) @ 5.87877615921
GetHighVoltage ===>> 4500
GetDeflection H1 ===>> 0
dac uncorrected for HV and deflection 5.87877615921
update mftable H1 Ar40 5.87877615921 message=automated run peakcenter
get initial guess parabolic
get initial guess parabolic
get initial guess parabolic
get initial guess parabolic
get initial guess parabolic
get initial guess parabolic
dump mftable to /Users/jan/PychronDev/setupfiles/spectrometer/mftables/mftable.csv
add to repo msg=modified - automated run peakcenter
locally archiving mftable
setting magnet DAC
current  : 5.893800
requested: 5.878776
Delta Dac: 0.015024
Checking detector protection. dv=0.01502
Checking detector "CDD". Protection Threshold: 0.1 (V)
SetMagnetDAC 5.87877615921 ===>> OK
Magnet settling time: 0.500
sweep finished
setting integration time = 1.048576
SetIntegrationTime 1.048576 ===>> OK
Failed to find a valid peak. No peak greater than 1.0. max = 0.0934045045724
flush and close file /Users/jan/PychronDev/data/isotopes/d8/8853ba-caee-4dca-b104-e531b7f9af2b.h5
finished measure script
executed 226.132928
jan_unknown120_60.py completed successfully
Measurement Finished
07:22:42 -- ******* Measurement Finished *******
Post Measurement Started jan_pump_ms.py
07:22:42 -- ******* Post Measurement Started jan_pump_ms.py *******
testing...
no interpolation path defined
executed 0
Pumping spectrometer
open () {'name': 'O'}
opening name=O desc=---
checking ownership. requestor=129.138.12.150
check software interlocks O
interlocks []
actuate state mode=None-script, software_lock=False
doing actuation None-script open_channel True
Open O ===>> OK
GetIndicatorState O ===>> OK
change switch state (True, True)
update switch state O True args=() kw={} ncanvase=2
07:22:42 -- OPEN   VALVE-O (Jan Ion Pump)
---------------------------------------- open O () result=[(True, True)], time=0.10 sec
action=open, ok=True, locked=[False]
executed 0
jan_pump_ms.py completed successfully
setting _ms_pumptime
Post Measurement Finished
07:22:42 -- ******* Post Measurement Finished *******
$$$$$$$$$$$$$$$$$$$$ state at run end measurement
state changed from measurement to success
post measurement save measured=True aborted=False
Set filtering
setting fod for Ar40= {'filter_outliers': True, 'std_devs': 2, 'iterations': 1}
setting fod for H1= {'filter_outliers': True, 'std_devs': 2, 'iterations': 1}
setting fod for PM41= {'filter_outliers': False, 'std_devs': 2, 'iterations': 1}
setting fod for H2= {'filter_outliers': True, 'std_devs': 2, 'iterations': 1}
setting fod for Ar36= {'filter_outliers': True, 'std_devs': 2, 'iterations': 1}
setting fod for CDD= {'filter_outliers': True, 'std_devs': 10, 'iterations': 1}
setting fod for Ar37= {'filter_outliers': True, 'std_devs': 2, 'iterations': 1}
setting fod for L2= {'filter_outliers': True, 'std_devs': 2, 'iterations': 1}
setting fod for Ar38= {'filter_outliers': True, 'std_devs': 2, 'iterations': 1}
setting fod for L1= {'filter_outliers': True, 'std_devs': 2, 'iterations': 1}
setting fod for Ar39= {'filter_outliers': True, 'std_devs': 2, 'iterations': 1}
setting fod for AX= {'filter_outliers': True, 'std_devs': 2, 'iterations': 1}
persistence save...
persistence save - db
post measurement save
6147528176 connecting to database sqlite:////Users/jan/PychronDev/.appdata/local_lab.db
connected to db sqlite:////Users/jan/PychronDev/.appdata/local_lab.db
create new session 6147528176
close session 6147528176
No database instance. Not saving post measurement to isotopedb database
$$$$$$$$$$$$$$$ auto_save_detector_ic=False
massspec enabled True
create new session 4979649712
MassSpec Database Version: 16.0
close session 4979649712
saving post measurement to secondary database
saving to massspec database 129.138.12.160/massspecdata
setting labnumber to 65571
setting aliquot to 18
setting step to 
setting uuid to d88853ba-caee-4dca-b104-e531b7f9af2b
setting irradpos to 65571
setting extract_device to Fusions CO2
setting tray to 
setting position to 201
setting power_requested to 5.0
setting extract_value to 5.0
setting duration to 30.0
setting duration_at_request to 30.0
setting first_stage_delay to 30.0
setting cleanup to 30.0
setting comment to M:14 with inclusions
setting irradiation to NM-289
setting level to M
setting irradiation_level to M
setting sample to NM-2602 W
setting material to Sanidine
setting project to JoyitaHills
setting mass_spectrometer to Jan
no attribute chron_dosages
no attribute production_ratios
no attribute interference_corrections
no attribute production_name
no attribute j
Reference Isotope=Ar40
Reference Detector=H1
%%%%%%%%%%%%%%%%%%%% Comment: M:14 with inclusions %%%%%%%%%%%%%%%%%%%
adding isotope PM41 H2
add baseline dbdet= PM41. original det= H2
get baseline data PM41 H2
Get data baseline <pychron.processing.isotope.Baseline object at 0x169962050> len t=60
baseline PM41. v=-0.206643756157, e=0.00871809305708
get signal data PM41 H2
Get data signal PM41 0.09+/-0.07 len t=120
adding isotope Ar40 H1
add baseline dbdet= Ar40. original det= H1
get baseline data Ar40 H1
Get data baseline <pychron.processing.isotope.Baseline object at 0x169962210> len t=60
baseline Ar40. v=-0.00664175569863, e=0.00633054964606
get signal data Ar40 H1
Get data signal Ar40 1365.86+/-0.06 len t=120
adding isotope Ar39 AX
add baseline dbdet= Ar39. original det= AX
get baseline data Ar39 AX
Get data baseline <pychron.processing.isotope.Baseline object at 0x1699623d0> len t=60
baseline Ar39. v=-0.0737166212203, e=0.00629276845573
get signal data Ar39 AX
Get data signal Ar39 283.905+/-0.028 len t=120
adding isotope Ar38 L1
add baseline dbdet= Ar38. original det= L1
get baseline data Ar38 L1
Get data baseline <pychron.processing.isotope.Baseline object at 0x169962590> len t=60
baseline Ar38. v=-0.0243474881743, e=0.00342104774848
get signal data Ar38 L1
Get data signal Ar38 3.659+/-0.006 len t=120
adding isotope Ar37 L2
add baseline dbdet= Ar37. original det= L2
get baseline data Ar37 L2
Get data baseline <pychron.processing.isotope.Baseline object at 0x169962750> len t=60
baseline Ar37. v=-0.0278324180169, e=0.00621209672656
get signal data Ar37 L2
Get data signal Ar37 1.255+/-0.009 len t=120
adding isotope Ar36 CDD
add baseline dbdet= Ar36. original det= CDD
get baseline data Ar36 CDD
Get data baseline <pychron.processing.isotope.Baseline object at 0x169962910> len t=60
baseline Ar36. v=0.000312617369865, e=2.84616010683e-05
get signal data Ar36 CDD
Get data signal Ar36 0.0916+/-0.0007 len t=120
65571-18 added analysis time 0.625092029572s
analysis added to mass spec database
mass spec save time= 0.635
persistence save - dvc
================= post measurement started
create new session 4984345712
close session 4984345712
Get Checksum: 2035439760
---------------- Experiment Queue saving disabled
DVC saving peakcenter
Failed to find a valid peak. No peak greater than 1.0. max = 0.0934045045724
Smart pull ahead: 0 behind: 0
Up-to-date with origin
add to repo msg=modified - ad8224ebc6dbfeb9f5997218dfa5fe690569839d.json
add to repo msg=modified - 71-18.json
add to repo msg=modified - 71-18.dat.json
add to repo msg=modified - 71-18.blan.json
add to repo msg=modified - 71-18.inte.json
add to repo msg=modified - 71-18.icfa.json
add to repo msg=modified - 71-18.base.json
Get Checksum: 2035439760
not at valid file /Users/jan/PychronDev/data/.dvc/repositories/Load1783/655/tags/71-18.tags.json
add to repo msg=modified - 71-18.peak.json
add to repo msg=modified - 71-18.extr.json
not at valid file /Users/jan/PychronDev/data/.dvc/repositories/Load1783/655/monitor/71-18.moni.json
commit message=<COLLECTION>
add to repo msg=modified - 71-18.inte.json
add to repo msg=modified - 71-18.base.json
commit message=<ISOEVO> default collection fits
add to repo msg=modified - 71-18.blan.json
commit message=<BLANKS> preceding ba-01-J-2237
Get Checksum: 2035439760
add to repo msg=modified - 71-18.icfa.json
commit message=<ICFactor> default
push repository <pychron.git_archive.repo_manager.GitRepoManager object at 0x151f08110>
pushing to remote=origin, url=https://github.com
Get Checksum: 2035439760
no changes to meta repo
Get Checksum: 2035439760
create new session 4984345712
add association Load1783
get identifier "65571"
setting analysis irradiation position=<pychron.dvc.dvc_orm.IrradiationPositionTbl object at 0x16e9e9f50>
close session 4984345712
================= post measurement finished
07:22:56 -- ******* Post Run Check *******
loading queue conditionals post_run_actions
loading system conditionals post_run_actions
loading conditionals from /Users/jan/PychronDev/setupfiles/spectrometer/default_conditionals.yaml
loading queue conditionals post_run_terminations
loading system conditionals post_run_terminations
loading conditionals from /Users/jan/PychronDev/setupfiles/spectrometer/default_conditionals.yaml
Checking default post run terminations n=1
GetDeflection CDD ===>> 50
testing CDD==2000
evaluate ot="CDD.deflection==2000" t="CDD==2000", ctx="{'CDD': 50.0}"
07:22:56 -- ******* Post Run Check Passed *******
07:22:56 -- Automated run 65571-18 success duration: 368.369 s
----------------- finish -----------------
----------------- stop -----------------
retroactive repository identifiers disabled
finish run. runs completed=83
update duration runid=65571-18, duration=368.368824959, md5=301e91d8
loading script "jan_unknown120_60.py"
loading script "jan_pump_ms.py"
loading script "jan_co2.py"
loading script "jan_pump_extraction_line.py"
testing...
no interpolation path defined
executed 213.652928
script duration name:unknown120_60 seconds:214.0
loading script "jan_unknown120_60.py"
loading script "jan_pump_ms.py"
loading script "jan_co2.py"
loading script "jan_pump_extraction_line.py"
testing...
no interpolation path defined
executed 0
loading script "jan_unknown120_60.py"
loading script "jan_pump_ms.py"
loading script "jan_co2.py"
loading script "jan_pump_extraction_line.py"
testing...
no interpolation path defined
calculate duration
testing...
no interpolation path defined
executed 0
calculate duration
testing...
no interpolation path defined
executed 0
executed 0.0
script duration name:co2 seconds:0.0
loading script "jan_unknown120_60.py"
loading script "jan_pump_ms.py"
loading script "jan_co2.py"
loading script "jan_pump_extraction_line.py"
testing...
no interpolation path defined
calculate duration
testing...
no interpolation path defined
executed 4.0
executed 4.0
Script duration 214.0
Run total estimated duration= 215.000
unknown120_60 in script context. using previous estimated duration
script duration name:unknown120_60 seconds:214.0
pump_ms in script context. using previous estimated duration
co2 in script context. using previous estimated duration
script duration name:co2 seconds:0.0
pump_extraction_line in script context. using previous estimated duration
Script duration 214.0
Run total estimated duration= 215.000
script duration name:unknown120_60 seconds:214.0
script duration name:co2 seconds:0.0
Script duration 214.0
Run total estimated duration= 215.000
script duration name:unknown120_60 seconds:214.0
script duration name:co2 seconds:0.0
Script duration 214.0
Run total estimated duration= 215.000
script duration name:unknown120_60 seconds:214.0
script duration name:co2 seconds:0.0
Script duration 214.0
Run total estimated duration= 215.000
script duration name:unknown120_60 seconds:214.0
script duration name:co2 seconds:0.0
Script duration 214.0
Run total estimated duration= 215.000
script duration name:unknown120_60 seconds:214.0
script duration name:co2 seconds:0.0
Script duration 214.0
Run total estimated duration= 215.000
script duration name:unknown120_60 seconds:214.0
script duration name:co2 seconds:0.0
Script duration 214.0
Run total estimated duration= 215.000
script duration name:unknown120_60 seconds:214.0
script duration name:co2 seconds:0.0
Script duration 214.0
Run total estimated duration= 215.000
script duration name:unknown120_60 seconds:214.0
script duration name:co2 seconds:0.0
Script duration 214.0
Run total estimated duration= 215.000
script duration name:unknown120_60 seconds:214.0
script duration name:co2 seconds:0.0
Script duration 214.0
Run total estimated duration= 215.000
script duration name:unknown120_60 seconds:214.0
script duration name:co2 seconds:0.0
Script duration 214.0
Run total estimated duration= 215.000
script duration name:unknown120_60 seconds:214.0
script duration name:co2 seconds:0.0
Script duration 214.0
Run total estimated duration= 215.000
script duration name:unknown120_60 seconds:214.0
script duration name:co2 seconds:0.0
Script duration 214.0
Run total estimated duration= 215.000
script duration name:unknown120_60 seconds:214.0
script duration name:co2 seconds:0.0
Script duration 214.0
Run total estimated duration= 215.000
loading script "jan_unknown400_120.py"
loading script "jan_pump_ms.py"
loading script "jan_co2.py"
loading script "jan_pump_extraction_line.py"
testing...
no interpolation path defined
executed 556.052928
script duration name:unknown400_120 seconds:556.0
script duration name:co2 seconds:0.0
Script duration 556.0
Run total estimated duration= 557.000
unknown400_120 in script context. using previous estimated duration
script duration name:unknown400_120 seconds:556.0
loading script "jan_unknown400_120.py"
loading script "jan_pump_ms.py"
loading script "jan_cocktail_x1.py"
loading script "jan_pump_extraction_line.py"
testing...
no interpolation path defined
calculate duration
testing...
no interpolation path defined
executed 0
calculate duration
testing...
no interpolation path defined
executed 0
calculate duration
testing...
no interpolation path defined
executed 32.0
calculate duration
testing...
no interpolation path defined
executed 34.0
calculate duration
testing...
no interpolation path defined
executed 4.0
calculate duration
testing...
no interpolation path defined
executed 38.0
executed 108.0
script duration name:cocktail_x1 seconds:108.0
Script duration 664.0
Run total estimated duration= 665.000
script duration name:unknown120_60 seconds:214.0
cocktail_x1 in script context. using previous estimated duration
script duration name:cocktail_x1 seconds:108.0
Script duration 322.0
Run total estimated duration= 323.000
script duration name:unknown400_120 seconds:556.0
loading script "jan_unknown400_120.py"
loading script "jan_pump_ms.py"
loading script "jan_sniffair_x2.py"
loading script "jan_pump_extraction_line.py"
testing...
no interpolation path defined
calculate duration
testing...
no interpolation path defined
executed 0
calculate duration
testing...
no interpolation path defined
executed 0
calculate duration
testing...
no interpolation path defined
executed 32.0
calculate duration
testing...
no interpolation path defined
executed 34.0
calculate duration
testing...
no interpolation path defined
executed 4.0
calculate duration
testing...
no interpolation path defined
executed 36.0
calculate duration
testing...
no interpolation path defined
executed 34.0
calculate duration
testing...
no interpolation path defined
executed 4.0
calculate duration
testing...
no interpolation path defined
executed 36.0
calculate duration
testing...
no interpolation path defined
executed 70.0
executed 250.0
script duration name:sniffair_x2 seconds:250.0
Script duration 806.0
Run total estimated duration= 807.000
script duration name:unknown400_120 seconds:556.0
sniffair_x2 in script context. using previous estimated duration
script duration name:sniffair_x2 seconds:250.0
Script duration 806.0
Run total estimated duration= 807.000
loading script "jan_ic_peak_hop3.py"
loading script "jan_pump_ms.py"
loading script "jan_air_x1.py"
loading script "jan_pump_extraction_line.py"
testing...
no interpolation path defined
executed 133.8
script duration name:ic_peak_hop3 seconds:134.0
loading script "jan_ic_peak_hop3.py"
loading script "jan_pump_ms.py"
loading script "jan_air_x1.py"
loading script "jan_pump_extraction_line.py"
testing...
no interpolation path defined
calculate duration
testing...
no interpolation path defined
executed 0
calculate duration
testing...
no interpolation path defined
executed 0
calculate duration
testing...
no interpolation path defined
executed 32.0
calculate duration
testing...
no interpolation path defined
executed 34.0
calculate duration
testing...
no interpolation path defined
executed 4.0
calculate duration
testing...
no interpolation path defined
executed 36.0
executed 106.0
script duration name:air_x1 seconds:106.0
Script duration 240.0
Run total estimated duration= 241.000
script duration name:unknown120_60 seconds:214.0
script duration name:co2 seconds:0.0
Script duration 214.0
Run total estimated duration= 215.000
script duration name:unknown120_60 seconds:214.0
script duration name:co2 seconds:0.0
Script duration 214.0
Run total estimated duration= 215.000
script duration name:unknown120_60 seconds:214.0
script duration name:co2 seconds:0.0
Script duration 214.0
Run total estimated duration= 215.000
script duration name:unknown120_60 seconds:214.0
script duration name:co2 seconds:0.0
Script duration 214.0
Run total estimated duration= 215.000
script duration name:unknown120_60 seconds:214.0
script duration name:co2 seconds:0.0
Script duration 214.0
Run total estimated duration= 215.000
script duration name:unknown120_60 seconds:214.0
script duration name:co2 seconds:0.0
Script duration 214.0
Run total estimated duration= 215.000
script duration name:unknown120_60 seconds:214.0
script duration name:co2 seconds:0.0
Script duration 214.0
Run total estimated duration= 215.000
script duration name:unknown120_60 seconds:214.0
script duration name:co2 seconds:0.0
Script duration 214.0
Run total estimated duration= 215.000
script duration name:unknown120_60 seconds:214.0
script duration name:co2 seconds:0.0
Script duration 214.0
Run total estimated duration= 215.000
script duration name:unknown120_60 seconds:214.0
script duration name:co2 seconds:0.0
Script duration 214.0
Run total estimated duration= 215.000
script duration name:unknown120_60 seconds:214.0
script duration name:co2 seconds:0.0
Script duration 214.0
Run total estimated duration= 215.000
script duration name:unknown120_60 seconds:214.0
script duration name:co2 seconds:0.0
Script duration 214.0
Run total estimated duration= 215.000
script duration name:unknown120_60 seconds:214.0
script duration name:co2 seconds:0.0
Script duration 214.0
Run total estimated duration= 215.000
script duration name:unknown120_60 seconds:214.0
script duration name:co2 seconds:0.0
Script duration 214.0
Run total estimated duration= 215.000
script duration name:unknown120_60 seconds:214.0
script duration name:co2 seconds:0.0
Script duration 214.0
Run total estimated duration= 215.000
script duration name:unknown400_120 seconds:556.0
script duration name:co2 seconds:0.0
Script duration 556.0
Run total estimated duration= 557.000
script duration name:unknown400_120 seconds:556.0
script duration name:cocktail_x1 seconds:108.0
Script duration 664.0
Run total estimated duration= 665.000
script duration name:unknown120_60 seconds:214.0
script duration name:cocktail_x1 seconds:108.0
Script duration 322.0
Run total estimated duration= 323.000
ic_peak_hop3 in script context. using previous estimated duration
script duration name:ic_peak_hop3 seconds:134.0
air_x1 in script context. using previous estimated duration
script duration name:air_x1 seconds:106.0
Script duration 240.0
Run total estimated duration= 241.000
script duration name:unknown120_60 seconds:214.0
script duration name:co2 seconds:0.0
Script duration 214.0
Run total estimated duration= 215.000
script duration name:unknown120_60 seconds:214.0
script duration name:co2 seconds:0.0
Script duration 214.0
Run total estimated duration= 215.000
script duration name:unknown120_60 seconds:214.0
script duration name:co2 seconds:0.0
Script duration 214.0
Run total estimated duration= 215.000
script duration name:unknown120_60 seconds:214.0
script duration name:co2 seconds:0.0
Script duration 214.0
Run total estimated duration= 215.000
script duration name:unknown120_60 seconds:214.0
script duration name:co2 seconds:0.0
Script duration 214.0
Run total estimated duration= 215.000
script duration name:unknown120_60 seconds:214.0
script duration name:co2 seconds:0.0
Script duration 214.0
Run total estimated duration= 215.000
script duration name:unknown120_60 seconds:214.0
script duration name:co2 seconds:0.0
Script duration 214.0
Run total estimated duration= 215.000
script duration name:unknown120_60 seconds:214.0
script duration name:co2 seconds:0.0
Script duration 214.0
Run total estimated duration= 215.000
script duration name:unknown120_60 seconds:214.0
script duration name:co2 seconds:0.0
Script duration 214.0
Run total estimated duration= 215.000
script duration name:unknown120_60 seconds:214.0
script duration name:co2 seconds:0.0
Script duration 214.0
Run total estimated duration= 215.000
script duration name:unknown400_120 seconds:556.0
script duration name:sniffair_x2 seconds:250.0
Script duration 806.0
Run total estimated duration= 807.000
script duration name:unknown400_120 seconds:556.0
script duration name:sniffair_x2 seconds:250.0
Script duration 806.0
Run total estimated duration= 807.000
script duration name:unknown400_120 seconds:556.0
script duration name:co2 seconds:0.0
Script duration 556.0
Run total estimated duration= 557.000
nruns=53 before=5.0, run_dur=15957.0, btw=2340.0
write rem/ex queues
/Users/jan/PychronDev/experiments/rem/CurrentExperiment.rem.txt
/Users/jan/PychronDev/experiments/rem/CurrentExperiment.ex.txt
doing event level: 3
