do run
loading script "jan_unknown120_60.py"
loading script "jan_pump_ms.py"
loading script "jan_co2.py"
loading script "jan_pump_extraction_line.py"
testing...
no interpolation path defined
executed 213.652928
script duration name:unknown120_60 seconds:214.0
loading script "jan_unknown120_60.py"
loading script "jan_pump_ms.py"
loading script "jan_co2.py"
loading script "jan_pump_extraction_line.py"
testing...
no interpolation path defined
executed 0
loading script "jan_unknown120_60.py"
loading script "jan_pump_ms.py"
loading script "jan_co2.py"
loading script "jan_pump_extraction_line.py"
testing...
no interpolation path defined
calculate duration
testing...
no interpolation path defined
executed 0
calculate duration
testing...
no interpolation path defined
executed 0
executed 0.0
script duration name:co2 seconds:0.0
loading script "jan_unknown120_60.py"
loading script "jan_pump_ms.py"
loading script "jan_co2.py"
loading script "jan_pump_extraction_line.py"
testing...
no interpolation path defined
calculate duration
testing...
no interpolation path defined
executed 4.0
executed 4.0
Script duration 214.0
Run total estimated duration= 215.000
run duration: 0:03:35
doing event level: 2
05:23:00 -- Setting default integration. t=1.048576
setting integration time = 1.048576
SetIntegrationTime 1.048576 ===>> OK
----------------- start -----------------
**************** Experiment Type: Ar/Ar, Ar/Ar
create new session 5004766384
close session 5004766384
$$$$$ Clearing conditionals
adding conditionals 
Add queue conditionals
add default conditionals
adding default conditionals from /Users/jan/PychronDev/setupfiles/spectrometer/default_conditionals.yaml
Start automated run 65571-12
loading script "jan_unknown120_60.py"
loading script "jan_pump_ms.py"
loading script "jan_co2.py"
loading script "jan_pump_extraction_line.py"
%%%%%%%%%%%%%%%%%% setting automated run 65571-12
No value "sensitivity_multiplier" in metadata
$$$$$$$$$$$$$$$ auto_save_detector_ic=False
============================= Pre Extraction Check =============================
loading queue conditionals pre_run_terminations
loading system conditionals pre_run_terminations
loading conditionals from /Users/jan/PychronDev/setupfiles/spectrometer/default_conditionals.yaml
05:23:01 -- ******* Pre Extraction Check *******
Get a measurement from the spectrometer
GetData ===>> H2,-0.21111051830017,H1,-0.0206369075815392,AX,-0.114965002492808,L1,-0.0302623392960333,L2,-0.14...
Pre Extraction Termination data. keys=H2,H1,AX,L1,L2,CDD, signals=-0.21111,-0.02064,-0.11497,-0.03026,-0.14294,0.00402
05:23:01 -- testing system defined conditionals
Checking default pre extraction terminations n=2
testing CDD
evaluate ot="CDD.inactive" t="CDD", ctx="{'CDD': False}"
GetDeflection CDD ===>> 50
testing CDD==2000
evaluate ot="CDD.deflection==2000" t="CDD==2000", ctx="{'CDD': 50.0}"
05:23:01 -- ******* Pre Extraction Check Passed *******
=================================================================================
05:23:01 -- stopping status monitor
stop 4976489392
Alive clients [4984697584]
05:23:01 -- starting status monitor
start 4976489392
Monitor already running
start extraction
do extraction
Analysis started at 05:23:01.039893
Extraction Started jan_co2.py
05:23:01 -- ******* Extraction Started jan_co2.py *******
state changed from not run to extraction
DO EXTRACTION <pychron.extraction_line.pyscript_runner.RemotePyScriptRunner object at 0x12988f3b0>
testing...
no interpolation path defined
calculate duration
testing...
no interpolation path defined
executed 0
calculate duration
testing...
no interpolation path defined
executed 0
executed 100.0
Jan CO2 laser analysis
doing GOSUB
testing...
no interpolation path defined
executed 0
Waiting for CO2 access
wait ('FelixCO2Flag', 0) {}
waiting for FelixCO2Flag = 0
Read FelixCO2Flag ===>> 0
finished waiting
CO2 free
wait ('CO2PumpTimeFlag', 0) {}
waiting for CO2PumpTimeFlag = 0
Read CO2PumpTimeFlag ===>> 0
finished waiting
acquire ('JanCO2Flag',) {'clear': True}
acquire JanCO2Flag
Set JanCO2Flag 1 ===>> OK
JanCO2Flag acquired
set extraction state False (0.75, 'red', 1.5)
CO2 acquired
executed 0
WaitForCO2Access.py completed successfully
gosub finished
doing GOSUB
testing...
no interpolation path defined
executed 0
Prepare for CO2 analysis
close () {'description': 'Jan Inlet'}
closing name=--- desc=Jan Inlet
checking ownership. requestor=129.138.12.150
check software interlocks R
interlocks []
actuate state mode=None-script, software_lock=False
doing actuation None-script close_channel False
Close R ===>> OK
GetIndicatorState R ===>> False
change switch state (True, True)
update switch state R False args=() kw={} ncanvase=2
05:23:01 -- CLOSE  VALVE-R (Jan Inlet)
---------------------------------------- close None (Jan Inlet) result=[(True, True)]
action=close, ok=True, locked=[False]
open () {'description': 'Jan Ion Pump'}
opening name=--- desc=Jan Ion Pump
checking ownership. requestor=129.138.12.150
check software interlocks O
interlocks []
actuate state mode=None-script, software_lock=False
doing actuation None-script open_channel False
Open O ===>> OK
GetIndicatorState O ===>> OK
change switch state (True, True)
update switch state O True args=() kw={} ncanvase=2
05:23:01 -- OPEN   VALVE-O (Jan Ion Pump)
---------------------------------------- open None (Jan Ion Pump) result=[(True, True)], time=0.10 sec
action=open, ok=True, locked=[False]
close () {'description': 'Microbone to Minibone'}
closing name=--- desc=Microbone to Minibone
checking ownership. requestor=129.138.12.150
check software interlocks L
interlocks []
actuate state mode=None-script, software_lock=False
doing actuation None-script close_channel False
Close L ===>> OK
GetIndicatorState L ===>> False
change switch state (True, True)
update switch state L False args=() kw={} ncanvase=2
05:23:02 -- CLOSE  VALVE-L (Microbone to Minibone)
---------------------------------------- close None (Microbone to Minibone) result=[(True, True)]
action=close, ok=True, locked=[False]
open () {'description': 'Microbone to Turbo'}
opening name=--- desc=Microbone to Turbo
checking ownership. requestor=129.138.12.150
check software interlocks U
interlocks []
actuate state mode=None-script, software_lock=False
doing actuation None-script open_channel False
Open U ===>> OK
GetIndicatorState U ===>> OK
change switch state (True, True)
update switch state U True args=() kw={} ncanvase=2
05:23:02 -- OPEN   VALVE-U (Microbone to Turbo)
---------------------------------------- open None (Microbone to Turbo) result=[(True, True)], time=0.14 sec
action=open, ok=True, locked=[False]
open () {'description': 'Microbone to Inlet Pipette'}
opening name=--- desc=Microbone to Inlet Pipette
checking ownership. requestor=129.138.12.150
check software interlocks S
interlocks []
actuate state mode=None-script, software_lock=False
doing actuation None-script open_channel False
Open S ===>> OK
Get Checksum: -1772432964
GetIndicatorState S ===>> OK
change switch state (True, True)
update switch state S True args=() kw={} ncanvase=2
05:23:03 -- OPEN   VALVE-S (Microbone to Inlet Pipette)
---------------------------------------- open None (Microbone to Inlet Pipette) result=[(True, True)], time=0.45 sec
action=open, ok=True, locked=[False]
open () {'description': 'Microbone to Getter D-50'}
opening name=--- desc=Microbone to Getter D-50
checking ownership. requestor=129.138.12.150
check software interlocks K
interlocks []
actuate state mode=None-script, software_lock=False
doing actuation None-script open_channel False
Open K ===>> OK
GetIndicatorState K ===>> OK
change switch state (True, True)
update switch state K True args=() kw={} ncanvase=2
05:23:04 -- OPEN   VALVE-K (Microbone to Getter D-50)
---------------------------------------- open None (Microbone to Getter D-50) result=[(True, True)], time=0.40 sec
action=open, ok=True, locked=[False]
open () {'description': 'Microbone to Getter NP-10'}
opening name=--- desc=Microbone to Getter NP-10
checking ownership. requestor=129.138.12.150
check software interlocks M
interlocks []
actuate state mode=None-script, software_lock=False
doing actuation None-script open_channel False
Open M ===>> OK
GetIndicatorState M ===>> OK
change switch state (True, True)
update switch state M True args=() kw={} ncanvase=2
05:23:04 -- OPEN   VALVE-M (Microbone to Getter NP-10)
---------------------------------------- open None (Microbone to Getter NP-10) result=[(True, True)], time=0.16 sec
action=open, ok=True, locked=[False]
close () {'description': 'CO2 Laser to Felix'}
closing name=--- desc=CO2 Laser to Felix
checking ownership. requestor=129.138.12.150
check software interlocks F
interlocks []
actuate state mode=None-script, software_lock=True
VALVE-F(CO2 Laser to Felix) software locked
change switch state (True, False)
---------------------------------------- close None (CO2 Laser to Felix) result=[(True, False)]
action=close, ok=True, locked=[True]
open () {'description': 'CO2 Laser to Jan'}
opening name=--- desc=CO2 Laser to Jan
checking ownership. requestor=129.138.12.150
check software interlocks A
interlocks []
actuate state mode=None-script, software_lock=False
doing actuation None-script open_channel False
Open A ===>> OK
GetIndicatorState A ===>> OK
change switch state (True, True)
update switch state A True args=() kw={} ncanvase=2
05:23:05 -- OPEN   VALVE-A (CO2 Laser to Jan)
---------------------------------------- open None (CO2 Laser to Jan) result=[(True, True)], time=0.14 sec
action=open, ok=True, locked=[False]
open () {'description': 'Microbone to CO2 Laser'}
opening name=--- desc=Microbone to CO2 Laser
checking ownership. requestor=129.138.12.150
check software interlocks T
interlocks []
actuate state mode=None-script, software_lock=False
doing actuation None-script open_channel False
Open T ===>> OK
GetIndicatorState T ===>> OK
change switch state (True, True)
update switch state T True args=() kw={} ncanvase=2
05:23:05 -- OPEN   VALVE-T (Microbone to CO2 Laser)
---------------------------------------- open None (Microbone to CO2 Laser) result=[(True, True)], time=0.43 sec
action=open, ok=True, locked=[False]
executed 0
PrepareForCO2Analysis.py completed successfully
gosub finished
set_motor ('beam', '1.25') {}
setting motor "beam" to 1.25
set motor beam to 1.25
SetMotor beam,1.25 ===>> OK
Get Checksum: -1772432964
GetMotorMoving beam ===>> False
GetMotorMoving beam ===>> False
Block completed
move_to_position ('195',) {'autocenter': True}
FusionsCO2 move to position 195
sending GoToHole 195,True
GoToHole 195,True ===>> OK
GetDriveMoving ===>> OK
GetDriveMoving ===>> OK
GetDriveMoving ===>> OK
GetDriveMoving ===>> OK
GetDriveMoving ===>> OK
GetDriveMoving ===>> OK
GetDriveMoving ===>> False
GetDriveMoving ===>> OK
Get Checksum: -1772432964
GetDriveMoving ===>> OK
GetDriveMoving ===>> OK
GetDriveMoving ===>> OK
GetDriveMoving ===>> OK
GetDriveMoving ===>> OK
GetDriveMoving ===>> OK
GetDriveMoving ===>> OK
GetDriveMoving ===>> OK
GetDriveMoving ===>> OK
GetDriveMoving ===>> OK
GetDriveMoving ===>> OK
GetDriveMoving ===>> OK
Get Checksum: -1772432964
GetDriveMoving ===>> OK
GetDriveMoving ===>> OK
GetDriveMoving ===>> OK
GetDriveMoving ===>> OK
GetDriveMoving ===>> OK
GetDriveMoving ===>> OK
GetDriveMoving ===>> False
Block completed
GetAutoCorrecting ===>> False
GetAutoCorrecting ===>> False
Block completed
update position
GetPosition ===>> 9.96950,-9.96950,1.00000
got position (9.9695, -9.9695, 1.0)
move to position succeeded
sleep (5,) {}
SLEEP 5.0
block started
WaitControl setup for 5.0  
Get Checksum: -1772432964
Get Checksum: -1772432964
Join finished
block finished. duration 5.00687408447
close () {'description': 'Microbone to Turbo'}
closing name=--- desc=Microbone to Turbo
checking ownership. requestor=129.138.12.150
check software interlocks U
interlocks []
actuate state mode=None-script, software_lock=False
doing actuation None-script close_channel True
Close U ===>> OK
GetIndicatorState U ===>> False
change switch state (True, True)
update switch state U False args=() kw={} ncanvase=2
05:23:20 -- CLOSE  VALVE-U (Microbone to Turbo)
---------------------------------------- close None (Microbone to Turbo) result=[(True, True)]
action=close, ok=True, locked=[False]
enable laser
enable () {}
set extraction state FusionsCO2 Enabled (False, 'red', 1.5)
enabling laser
Enable ===>> OK
begin interval
BEGIN INTERVAL Interval 1 waiting for 30.0
block started
WaitControl setup for 30.0  
set extract to 5.0
extract (5.0,) {}
GetPosition ===>> 9.96950,-9.96950,1.00000
set extraction state FusionsCO2 ON! 5.0(watts) (0.75, 'red', 1.5)
extract sample to 5.0 (watts)
set laser output
SetLaserOutput 5.0,watts ===>> OK
executing pattern triangle.lp
execute_pattern ('triangle.lp',) {}
executing pattern triangle.lp
Get Checksum: 1550443794
IsPatterning ===>> OK
IsPatterning ===>> OK
Get Checksum: 1550443794
IsPatterning ===>> OK
IsPatterning ===>> OK
IsPatterning ===>> OK
Get Checksum: 1550443794
IsPatterning ===>> OK
IsPatterning ===>> OK
IsPatterning ===>> OK
Get Checksum: 1550443794
IsPatterning ===>> OK
IsPatterning ===>> OK
IsPatterning ===>> OK
Get Checksum: 1550443794
IsPatterning ===>> OK
IsPatterning ===>> OK
IsPatterning ===>> OK
Get Checksum: 1550443794
IsPatterning ===>> OK
IsPatterning ===>> OK
IsPatterning ===>> OK
Get Checksum: 1550443794
IsPatterning ===>> OK
IsPatterning ===>> OK
IsPatterning ===>> OK
Get Checksum: 1550443794
IsPatterning ===>> OK
IsPatterning ===>> OK
IsPatterning ===>> OK
Get Checksum: 1550443794
IsPatterning ===>> OK
IsPatterning ===>> OK
IsPatterning ===>> OK
Get Checksum: 1550443794
IsPatterning ===>> False
IsPatterning ===>> False
Block completed
COMPLETE INTERVAL waiting for Interval 1 to complete
Join finished
block finished. duration 30.0789852142
Interval 1 finished
end_extract () {}
ending extraction. set laser power to 0
set laser power 0
SetLaserPower 0 ===>> OK
disable () {}
%%%%%%%%%%%%%%%%%%%%%%%%%%%%%%%%%%% disable
set extraction state False (0.75, 'red', 1.5)
disabling laser
Disable ===>> OK
sleep (30.0,) {}
SLEEP 30.0
block started
WaitControl setup for 30.0  
Get Checksum: 1550443794
Get Checksum: 1550443794
Get Checksum: 1550443794
Get Checksum: 1550443794
Get Checksum: 1550443794
Get Checksum: 1550443794
Get Checksum: 1550443794
Get Checksum: 1550443794
Get Checksum: 1550443794
Get Checksum: 1550443794
Join finished
block finished. duration 30.088807106
executed 166.5
jan_co2.py completed successfully
GetAchievedOutput ===>> No Response
Requested Output= 0.000
Achieved Output=  0.000
GetResponseBlob ===>> No Response
GetOutputBlob ===>> No Response
persistence save...
persistence save - db
AutomatedRunPersister post_extraction_save deprecated
persistence save - dvc
no extraction position for 195
create new session 4984345712
close session 4984345712
Extraction Finished
05:24:21 -- ******* Extraction Finished *******
no overlap. not waiting for min ms pumptime
05:24:21 -- Sending spectrometer configuration
======== Sending configuration ========
SetDeflection CDD,50.0 ===>> OK
SetDeflection H2,0.0 ===>> OK
SetDeflection H1,0.0 ===>> OK
SetDeflection L2,825.0 ===>> OK
SetDeflection L1,400.0 ===>> OK
SetDeflection AX,190.0 ===>> OK
SetZFocus 74.64 ===>> OK
SetZSymmetry -50.72 ===>> OK
SetExtractionLens 26.13 ===>> OK
SetIonRepeller -3.81 ===>> OK
SetElectronEnergy 75.08 ===>> OK
SetYSymmetry -2.81 ===>> OK
SetIonCounterVoltage 1590.0 ===>> OK
send trap current 200.0
GetParameter Trap Current Readback ===>> 198.370811206739
SetParameter Trap Current Set,200.0 ===>> OK
updating mftable name mftable
Using mftable located at /Users/jan/PychronDev/setupfiles/spectrometer/mftables/mftable.csv
============ MFtable ===========
Isotope  H2     H1     AX     L1     L2     CDD    
Ar40     5.7806 5.8790 5.9924 6.1205 6.2308 6.3488
Ar39     5.6799 5.7713 5.8848 6.0066 6.1159 6.2353
Ar36     5.3574 5.4403 5.5481 5.6655 5.7709 5.8864
================================
get initial guess parabolic
get initial guess parabolic
get initial guess parabolic
get initial guess parabolic
get initial guess parabolic
get initial guess parabolic
======== Configuration Finished ========
GetYSymmetry ===>> -2.81
GetZSymmetry ===>> -50.72
GetParameter Trap Current Readback ===>> 198.147042666178
GetHighVoltage ===>> 4500
start measurement
do measurement
L#=65571 analysis type=unknown
Measurement Started jan_unknown120_60.py
05:24:22 -- ******* Measurement Started jan_unknown120_60.py *******
state changed from extraction to measurement
setting spec, defl, and gains
GetExtractionLens ===>> 26.13
GetYSymmetry ===>> -2.81
GetZSymmetry ===>> -50.72
GetZFocus ===>> 74.64
GetDeflection H2 ===>> 0
GetDeflection H1 ===>> 0
GetDeflection AX ===>> 190
GetDeflection L1 ===>> 400
GetDeflection L2 ===>> 825
GetDeflection CDD ===>> 50
GetGain H2 ===>> 0.0113
GetGain H1 ===>> 0.1
GetGain AX ===>> 0.097049
GetGain L1 ===>> 0.010355
GetGain L2 ===>> 0.095649
GetGain CDD ===>> 0
pre measurement save
New frame /Users/jan/PychronDev/data/isotopes/39/ecb179-649e-4a50-a974-b972bebff33c.h5
flush and close file /Users/jan/PychronDev/data/isotopes/39/ecb179-649e-4a50-a974-b972bebff33c.h5
testing...
no interpolation path defined
executed 226.132928
unknown measurement script
activate_detectors ('H2', 'H1', 'AX', 'L1', 'L2', 'CDD') {}
activate detectors
*************** Set Analysis View Ar/Ar
create graphs
clearing graphs
clear isotope group
setting isotope det=H2, iso=PM41
setting isotope det=H1, iso=Ar40
setting isotope det=AX, iso=Ar39
setting isotope det=L1, iso=Ar38
setting isotope det=L2, iso=Ar37
setting isotope det=CDD, iso=Ar36
setting previous blanks
 - setting Ar40 blank 0.852+/-0.008
 - setting Ar36 blank 0.00689+/-0.00021
 - setting Ar37 blank 0.047+/-0.005
 - setting Ar38 blank 0.0200+/-0.0022
 - setting PM41 blank 0.03+/-0.06
 - setting Ar39 blank 0.025+/-0.008
load analysis view
position_magnet ('Ar40',) {'detector': 'H1'}
detector Detector(H1)
POSITION Ar40 H1
setting detector H2 to PM41 (40.9624)
setting detector H1 to Ar40 (39.9624)
setting detector AX to Ar39 (38.9624)
setting detector L1 to Ar38 (37.9624)
setting detector L2 to Ar37 (36.9624)
setting detector CDD to Ar36 (35.9624)
Mapping mass to dac mass func: "parabolic"
H1 map mass coeffs = [-0.00063987  0.15840543  0.57058999]
H1 map mass to dac 39.9624 >> 5.87898
GetDeflection H1 ===>> 0
GetHighVoltage ===>> 4500
positioning Ar40 (5.87898) on H1
setting magnet DAC
current  : 5.878980
requested: 5.878980
Delta Dac: 0.000000
Checking detector protection. dv=0.00000
Checking detector "CDD". Protection Threshold: 0.1 (V)
SetMagnetDAC 5.87898 ===>> OK
Magnet settling time: 0.500
equilibrate () {'delay': 3, 'inlet': 'R', 'outlet': 'O', 'eqtime': 12.0}
Equilibration Started
05:24:23 -- ******* Equilibration Started *******
checking ownership. requestor=129.138.12.150
check software interlocks O
interlocks []
actuate state mode=None-script, software_lock=False
doing actuation None-script close_channel True
Close O ===>> OK
GetIndicatorState O ===>> False
change switch state (True, True)
update switch state O False args=() kw={} ncanvase=2
05:24:23 -- CLOSE  VALVE-O (Jan Ion Pump)
waiting 3s before opening inlet value ('R',)
Get Checksum: 176217748
checking ownership. requestor=129.138.12.150
check software interlocks R
interlocks []
actuate state mode=None-script, software_lock=False
doing actuation None-script open_channel True
Open R ===>> OK
GetIndicatorState R ===>> OK
change switch state (True, True)
update switch state R True args=() kw={} ncanvase=2
05:24:27 -- OPEN   VALVE-R (Jan Inlet)
set_time_zero () {}
equilibrating for 12.0sec
sniff (12.0,) {}
py_sniff
build tables- sniff [Detector(H2), Detector(H1), Detector(AX), Detector(L1), Detector(L2), Detector(CDD)]
add group /sniff/PM41 (Group) '' table H2
add group /sniff/Ar40 (Group) '' table H1
add group /sniff/Ar39 (Group) '' table AX
add group /sniff/Ar38 (Group) '' table L1
add group /sniff/Ar37 (Group) '' table L2
add group /sniff/Ar36 (Group) '' table CDD
flush and close file /Users/jan/PychronDev/data/isotopes/39/ecb179-649e-4a50-a974-b972bebff33c.h5
measuring sniff. ncounts=12.0
Get Checksum: -1447199934
starting measurement
GetData ===>> H2,-0.0668055231500013,H1,10.6656711438087,AX,2.50777577613128,L1,0.00483300690092538,L2,0.007009...
GetData ===>> H2,0.978128047392835,H1,600.410088535785,AX,134.042199640096,L1,0.619861910050678,L2,0.9598757177...
GetData ===>> H2,0.727688693581273,H1,1136.71632311537,AX,244.448989380039,L1,1.84560712389098,L2,1.36735211015...
Get Checksum: -1447199934
GetData ===>> H2,0.312758467866598,H1,1306.73911872265,AX,275.372342242631,L1,2.62618168542247,L2,1.27567522487...
GetData ===>> H2,0.12437163303935,H1,1365.0122191495,AX,284.89705519558,L1,3.07746337738829,L2,1.47751627215667...
GetData ===>> H2,0.10790090823498,H1,1387.63158351988,AX,288.303207461726,L1,3.3499778840915,L2,1.4092400611734...
Get Checksum: -1447199934
GetData ===>> H2,-0.0496149986025864,H1,1397.41701985638,AX,289.897266581604,L1,3.51039916701669,L2,1.413280629...
GetData ===>> H2,-0.0609751069186207,H1,1401.30480801897,AX,290.384148580392,L1,3.58294732682983,L2,1.435701973...
GetData ===>> H2,0.0784399769418714,H1,1403.43621842344,AX,290.787323811303,L1,3.61790768567069,L2,1.4629636189...
Get Checksum: -1447199934
GetData ===>> H2,0.0952748424462602,H1,1403.7624165477,AX,290.820366612837,L1,3.65576955764085,L2,1.41609305654...
GetData ===>> H2,0.00100215384809402,H1,1403.61318074952,AX,290.80537816473,L1,3.69506368589475,L2,1.3571755144...
Equilibration Finished
GetData ===>> H2,-0.0615364423843043,H1,1403.55162304399,AX,290.696262384123,L1,3.71361160089101,L2,1.376680644...
05:24:39 -- ******* Equilibration Finished *******
checking ownership. requestor=129.138.12.150
check software interlocks R
interlocks []
actuate state mode=None-script, software_lock=False
doing actuation None-script close_channel True
Close R ===>> OK
set states for children of R. state=False
handle state [('R', False)]
update switch state R False args=() kw={'refresh': False} ncanvase=2
refresh_canvas_needed fired
Get Checksum: 176217748
GetIndicatorState R ===>> False
change switch state (True, True)
update switch state R False args=() kw={} ncanvase=2
05:24:39 -- CLOSE  VALVE-R (Jan Inlet)
Post Equilibration Started jan_pump_extraction_line.py
05:24:39 -- ******* Post Equilibration Started jan_pump_extraction_line.py *******
testing...
no interpolation path defined
calculate duration
testing...
no interpolation path defined
executed 4.0
executed 4.0
Pump after analysis
doing GOSUB
testing...
no interpolation path defined
executed 4.0
Pump Microbone
close () {'description': 'Jan Inlet'}
closing name=--- desc=Jan Inlet
checking ownership. requestor=129.138.12.150
check software interlocks R
interlocks []
actuate state mode=None-script, software_lock=False
doing actuation None-script close_channel False
measurement finished
estimated time: 12.583 actual time: :12.663
flush and close file /Users/jan/PychronDev/data/isotopes/39/ecb179-649e-4a50-a974-b972bebff33c.h5
set_fits () {}
using default fits file=/Users/jan/PychronDev/scripts/measurement/fits/nominal_linear.yaml
Close R ===>> OK
set "Ar40" to "('Linear', 'SEM')"
No fit for "PM41". defaulting to linear. check the measurement script "jan_unknown120_60.py"
set "PM41" to "linear"
set "Ar36" to "('Linear', 'SEM')"
set "Ar37" to "('linear', 'SEM')"
set "Ar38" to "('linear', 'SEM')"
set "Ar39" to "('Linear', 'SEM')"
set_baseline_fits () {}
using default fits file=/Users/jan/PychronDev/scripts/measurement/fits/nominal_linear.yaml
set "H1" to "('average', 'SEM')"
set "H2" to "('average', 'SEM')"
set "CDD" to "('average', 'SEM')"
set "L2" to "('average', 'SEM')"
set "L1" to "('average', 'SEM')"
set "AX" to "('average', 'SEM')"
multicollect () {'integration_time': 1, 'ncounts': 120}
build tables- signal [Detector(H2), Detector(H1), Detector(AX), Detector(L1), Detector(L2), Detector(CDD)]
add group /signal/PM41 (Group) '' table H2
add group /signal/Ar40 (Group) '' table H1
add group /signal/Ar39 (Group) '' table AX
add group /signal/Ar38 (Group) '' table L1
add group /signal/Ar37 (Group) '' table L2
add group /signal/Ar36 (Group) '' table CDD
flush and close file /Users/jan/PychronDev/data/isotopes/39/ecb179-649e-4a50-a974-b972bebff33c.h5
measuring signal. ncounts=120
GetIndicatorState R ===>> False
change switch state (True, True)
update switch state R False args=() kw={} ncanvase=2
05:24:40 -- CLOSE  VALVE-R (Jan Inlet)
---------------------------------------- close None (Jan Inlet) result=[(True, True)]
action=close, ok=True, locked=[False]
is_closed ('F',) {}
is F () closed?
is closed True
open () {'description': 'CO2 Laser to Jan'}
opening name=--- desc=CO2 Laser to Jan
checking ownership. requestor=129.138.12.150
check software interlocks A
interlocks []
actuate state mode=None-script, software_lock=False
doing actuation None-script open_channel False
Open A ===>> OK
GetIndicatorState A ===>> OK
change switch state (True, True)
update switch state A True args=() kw={} ncanvase=2
05:24:40 -- OPEN   VALVE-A (CO2 Laser to Jan)
---------------------------------------- open None (CO2 Laser to Jan) result=[(True, True)], time=0.14 sec
starting measurement
GetData ===>> H2,0.123623507321574,H1,1403.27301536062,AX,290.919155197806,L1,3.8122026616819,L2,1.374339820357...
action=open, ok=True, locked=[False]
sleep (1,) {}
SLEEP 1.0
GetData ===>> H2,0.128285453288746,H1,1402.45039047379,AX,290.542990546226,L1,3.80830790643981,L2,1.36533276779...
close () {'description': 'CO2 Laser to Roughing'}
closing name=--- desc=CO2 Laser to Roughing
checking ownership. requestor=129.138.12.150
check software interlocks G
interlocks []
actuate state mode=None-script, software_lock=True
VALVE-G(CO2 Laser to Roughing) software locked
change switch state (True, False)
---------------------------------------- close None (CO2 Laser to Roughing) result=[(True, False)]
action=close, ok=True, locked=[True]
open () {'description': 'Microbone to Turbo'}
opening name=--- desc=Microbone to Turbo
checking ownership. requestor=129.138.12.150
check software interlocks U
interlocks []
actuate state mode=None-script, software_lock=False
doing actuation None-script open_channel True
Open U ===>> OK
GetIndicatorState U ===>> OK
change switch state (True, True)
update switch state U True args=() kw={} ncanvase=2
05:24:42 -- OPEN   VALVE-U (Microbone to Turbo)
---------------------------------------- open None (Microbone to Turbo) result=[(True, True)], time=0.16 sec
action=open, ok=True, locked=[False]
open () {'description': 'Microbone to Getter NP-10'}
opening name=--- desc=Microbone to Getter NP-10
checking ownership. requestor=129.138.12.150
check software interlocks M
interlocks []
actuate state mode=None-script, software_lock=False
doing actuation None-script open_channel False
Open M ===>> OK
GetIndicatorState M ===>> OK
change switch state (True, True)
update switch state M True args=() kw={} ncanvase=2
05:24:42 -- OPEN   VALVE-M (Microbone to Getter NP-10)
---------------------------------------- open None (Microbone to Getter NP-10) result=[(True, True)], time=0.14 sec
action=open, ok=True, locked=[False]
open () {'description': 'Microbone to Getter D-50'}
opening name=--- desc=Microbone to Getter D-50
checking ownership. requestor=129.138.12.150
check software interlocks K
interlocks []
actuate state mode=None-script, software_lock=False
doing actuation None-script open_channel False
GetData ===>> H2,-0.0340239179058727,H1,1402.20685247301,AX,290.528389369904,L1,3.78676101822817,L2,1.390118534...
Open K ===>> OK
Get Checksum: -861571959
GetIndicatorState K ===>> OK
change switch state (True, True)
update switch state K True args=() kw={} ncanvase=2
05:24:43 -- OPEN   VALVE-K (Microbone to Getter D-50)
---------------------------------------- open None (Microbone to Getter D-50) result=[(True, True)], time=0.41 sec
action=open, ok=True, locked=[False]
open () {'description': 'Microbone to CO2 Laser'}
opening name=--- desc=Microbone to CO2 Laser
checking ownership. requestor=129.138.12.150
check software interlocks T
interlocks []
actuate state mode=None-script, software_lock=False
doing actuation None-script open_channel False
Open T ===>> OK
GetIndicatorState T ===>> OK
change switch state (True, True)
update switch state T True args=() kw={} ncanvase=2
05:24:43 -- OPEN   VALVE-T (Microbone to CO2 Laser)
---------------------------------------- open None (Microbone to CO2 Laser) result=[(True, True)], time=0.40 sec
GetData ===>> H2,-0.259857288783916,H1,1401.47615275881,AX,290.446044625085,L1,3.75603727484837,L2,1.3725039196...
action=open, ok=True, locked=[False]
open () {'description': 'Microbone to Inlet Pipette'}
opening name=--- desc=Microbone to Inlet Pipette
checking ownership. requestor=129.138.12.150
check software interlocks S
interlocks []
actuate state mode=None-script, software_lock=False
doing actuation None-script open_channel False
Open S ===>> OK
GetIndicatorState S ===>> OK
change switch state (True, True)
update switch state S True args=() kw={} ncanvase=2
05:24:44 -- OPEN   VALVE-S (Microbone to Inlet Pipette)
---------------------------------------- open None (Microbone to Inlet Pipette) result=[(True, True)], time=0.41 sec
action=open, ok=True, locked=[False]
sleep (1,) {}
SLEEP 1.0
GetData ===>> H2,-0.258332006691512,H1,1401.251834237,AX,290.343827800694,L1,3.7346132619792,L2,1.4035238650142...
set_resource () {'name': 'CO2PumpTimeFlag', 'value': 30}
Set CO2PumpTimeFlag 30 ===>> OK
release ('JanCO2Flag',) {}
release JanCO2Flag
Set JanCO2Flag 0 ===>> OK
executed 6.0
PumpMicrobone.py completed successfully
gosub finished
get_resource_value () {'name': 'JanMiniboneFlag'}
Read JanMiniboneFlag ===>> 0
Get Resource Value JanMiniboneFlag=0.0
get resource value 0.0
get_resource_value () {'name': 'JanMiniboneFlag'}
Read JanMiniboneFlag ===>> 0
Get Resource Value JanMiniboneFlag=0.0
executed 4.0
jan_pump_extraction_line.py completed successfully
Post Equilibration Finished
05:24:45 -- ******* Post Equilibration Finished *******
GetData ===>> H2,-0.222571238701964,H1,1400.57988668613,AX,290.230693481786,L1,3.69664339150514,L2,1.4656281867...
Get Checksum: -861571959
GetData ===>> H2,-0.260684474061449,H1,1399.97727828131,AX,289.925716278297,L1,3.75016229979865,L2,1.2936445508...
GetData ===>> H2,-0.151482826365924,H1,1398.99220291289,AX,289.904631411057,L1,3.73206518336868,L2,1.3756134970...
GetData ===>> H2,-0.117764232030988,H1,1398.34850803649,AX,290.014935947513,L1,3.71570144527649,L2,1.3627971762...
Get Checksum: -861571959
GetData ===>> H2,-0.0534825606474764,H1,1397.7004907374,AX,289.851465256213,L1,3.72319028104275,L2,1.3573361288...
GetData ===>> H2,-0.10136046790283,H1,1397.27019539079,AX,289.731948924238,L1,3.74307516800873,L2,1.39101369530...
GetData ===>> H2,-0.140945857959485,H1,1395.83518386894,AX,289.681889060143,L1,3.73751768200705,L2,1.3500069049...
Get Checksum: -861571959
GetData ===>> H2,-0.278164750652082,H1,1395.72969269819,AX,289.414495115598,L1,3.70333262400681,L2,1.3367226218...
GetData ===>> H2,-0.347823687692594,H1,1395.536026269,AX,289.490688766571,L1,3.7108129203582,L2,1.4294675584275...
Get Checksum: -861571959
GetData ===>> H2,-0.109170785046031,H1,1394.55544399282,AX,289.125717421533,L1,3.6647934310707,L2,1.26242413478...
GetData ===>> H2,-0.142631079636349,H1,1394.28662382358,AX,289.077080361527,L1,3.67215834714786,L2,1.4574509540...
GetData ===>> H2,-0.144545738956286,H1,1393.74550566482,AX,289.144632873072,L1,3.68472547911138,L2,1.4372290647...
Get Checksum: -861571959
GetData ===>> H2,-0.0992106349945532,H1,1393.60434070667,AX,288.870606562509,L1,3.66670231121268,L2,1.269502628...
GetData ===>> H2,-0.122331041003401,H1,1393.13180910821,AX,288.610418846583,L1,3.66054422305862,L2,1.3335998757...
GetData ===>> H2,-0.203700876578337,H1,1392.41940115603,AX,288.54601928527,L1,3.63691721315208,L2,1.42839982614...
Get Checksum: -861571959
GetData ===>> H2,-0.17956106363924,H1,1391.99798194199,AX,288.415847856079,L1,3.70119524386432,L2,1.41722953003...
GetData ===>> H2,-0.0369483385623981,H1,1391.22017776882,AX,288.669738397155,L1,3.66594638075759,L2,1.356120055...
GetData ===>> H2,-0.0833266059182238,H1,1390.83009578997,AX,288.536199572409,L1,3.68999782350318,L2,1.439456594...
Get Checksum: -861571959
GetData ===>> H2,-0.0718058586405567,H1,1389.87466885365,AX,288.318806447202,L1,3.70355419496541,L2,1.334116499...
05:25:06 -- collecting point 25
GetData ===>> H2,-0.185692821341893,H1,1389.25721080441,AX,287.968997107556,L1,3.67196537134808,L2,1.4167588676...
GetData ===>> H2,-0.136090154844941,H1,1388.66147268992,AX,287.997961888468,L1,3.62901947973542,L2,1.3198816574...
Get Checksum: -861571959
GetData ===>> H2,-0.0433444194574337,H1,1387.98303704602,AX,287.899835105172,L1,3.66371007213359,L2,1.386492070...
GetData ===>> H2,-0.149888050168385,H1,1387.41549293575,AX,287.877447537375,L1,3.67489014157091,L2,1.3262755964...
GetData ===>> H2,-0.226095602550776,H1,1387.16752592057,AX,287.985305548616,L1,3.65318450610176,L2,1.3215346279...
Get Checksum: -861571959
GetData ===>> H2,-0.0525992438046341,H1,1386.49183442707,AX,287.864706383534,L1,3.66155215617112,L2,1.432751196...
GetData ===>> H2,-0.120069509769365,H1,1386.00987242568,AX,287.553635309866,L1,3.68285644391415,L2,1.2610704464...
GetData ===>> H2,-0.120567301723396,H1,1385.79571127001,AX,287.404896661306,L1,3.6893063519368,L2,1.39299914590...
Get Checksum: -861571959
GetData ===>> H2,-0.0666101847377763,H1,1385.46446038816,AX,287.296434345002,L1,3.68077204215925,L2,1.361833439...
GetData ===>> H2,-0.16056486722659,H1,1384.33769287817,AX,287.023435265101,L1,3.65830126871807,L2,1.27426398306...
GetData ===>> H2,-0.0687939858932003,H1,1383.83377873356,AX,287.12940561819,L1,3.68354896034249,L2,1.3638182887...
Get Checksum: -861571959
GetData ===>> H2,-0.0692212023196245,H1,1383.5824416193,AX,287.106146142585,L1,3.65134851060378,L2,1.3705762615...
GetData ===>> H2,-0.0776293533820212,H1,1382.62334373577,AX,286.704007602679,L1,3.62359256529443,L2,1.318492725...
Get Checksum: -861571959
GetData ===>> H2,-0.113498775361926,H1,1382.22567241052,AX,286.574112072722,L1,3.60554663999097,L2,1.3429684178...
GetData ===>> H2,-0.108137630508991,H1,1381.81056592816,AX,286.960928976074,L1,3.635544118197,L2,1.411765396392...
GetData ===>> H2,-0.209386212455231,H1,1381.00000679414,AX,286.38606095843,L1,3.67133538389245,L2,1.36785695236...
Get Checksum: -861571959
GetData ===>> H2,-0.222478300211812,H1,1381.05598494412,AX,286.390935300092,L1,3.64606044248516,L2,1.3467689073...
GetData ===>> H2,-0.0932639853628739,H1,1380.15315485937,AX,286.281401138297,L1,3.62479581538586,L2,1.387100296...
GetData ===>> H2,-0.171429565216354,H1,1379.67669252176,AX,286.175858279769,L1,3.64240226565361,L2,1.3389843798...
Get Checksum: -861571959
GetData ===>> H2,-0.0944018224462727,H1,1378.78259541926,AX,286.212543680349,L1,3.63017512513693,L2,1.360387852...
GetData ===>> H2,-0.0400267225925561,H1,1377.38370275172,AX,285.670324237036,L1,3.6326468273053,L2,1.3363322730...
GetData ===>> H2,-0.149443741486945,H1,1376.8804569819,AX,285.613898932878,L1,3.63400258652941,L2,1.35356176225...
Get Checksum: -861571959
GetData ===>> H2,-0.127715242554659,H1,1377.04777177396,AX,285.927440502421,L1,3.6138585712584,L2,1.32030637634...
GetData ===>> H2,-0.188566656220831,H1,1376.72131408441,AX,285.894020292461,L1,3.638174251289,L2,1.350626959427...
GetData ===>> H2,-0.092406468581215,H1,1376.35602447443,AX,285.580353488896,L1,3.65409481125127,L2,1.3048455207...
Get Checksum: -861571959
05:25:32 -- collecting point 50
GetData ===>> H2,-0.149056138843371,H1,1375.55131947359,AX,285.259490399715,L1,3.62079300316517,L2,1.2927609232...
GetData ===>> H2,-0.183387562094288,H1,1374.8546100906,AX,285.278970656772,L1,3.60955754542522,L2,1.32977694573...
GetData ===>> H2,-0.148885967643531,H1,1374.34598421401,AX,285.483443587085,L1,3.5957392792951,L2,1.33323250050...
Get Checksum: -861571959
GetData ===>> H2,-0.146911254740084,H1,1374.03257443421,AX,285.274479473401,L1,3.63221477352459,L2,1.3542440235...
GetData ===>> H2,-0.222777316975659,H1,1372.958741895,AX,284.862186385845,L1,3.60360746055514,L2,1.310239895172...
GetData ===>> H2,-0.191788906793766,H1,1372.78526083294,AX,284.985062812545,L1,3.63699798838254,L2,1.3062916425...
Get Checksum: -861571959
GetData ===>> H2,-0.0385907898012805,H1,1372.35983225393,AX,284.663708345641,L1,3.57447697339676,L2,1.383083777...
GetData ===>> H2,-0.114240473639973,H1,1371.17237605941,AX,284.64485533805,L1,3.58133658664156,L2,1.31316675669...
GetData ===>> H2,-0.0873664703386898,H1,1370.65226030544,AX,284.565232024714,L1,3.56919846033197,L2,1.379044475...
GetData ===>> H2,-0.116501812969518,H1,1370.12825288645,AX,284.293016197169,L1,3.62994851914275,L2,1.3276876006...
Get Checksum: -861571959
GetData ===>> H2,-0.0705339448025742,H1,1369.48748461514,AX,284.447281820453,L1,3.5750507435472,L2,1.3879380491...
GetData ===>> H2,-0.0423580313819654,H1,1369.17497005214,AX,284.405086389588,L1,3.59954078436938,L2,1.308529730...
GetData ===>> H2,-0.112459233478547,H1,1368.24309280233,AX,284.039100950404,L1,3.59220908715248,L2,1.2869544291...
Get Checksum: -861571959
GetData ===>> H2,-0.154553695474262,H1,1367.85044766534,AX,283.859983831075,L1,3.59355541476171,L2,1.2980628106...
GetData ===>> H2,-0.140956670123553,H1,1366.89510317943,AX,283.915337090497,L1,3.59064374910144,L2,1.3150147425...
GetData ===>> H2,-0.240948050246798,H1,1366.81916730411,AX,283.568820485676,L1,3.56256973986373,L2,1.2721070030...
Get Checksum: -861571959
GetData ===>> H2,-0.0918496576421234,H1,1366.55522775226,AX,283.360036276861,L1,3.59521024931858,L2,1.414692572...
GetData ===>> H2,-0.203824882152339,H1,1365.92538681719,AX,283.167845362869,L1,3.62417577247524,L2,1.3712417582...
GetData ===>> H2,-0.086142338497117,H1,1364.59031088705,AX,283.443150539685,L1,3.56902754135053,L2,1.2937363568...
Get Checksum: -861571959
GetData ===>> H2,-0.0742597894551728,H1,1364.30912107816,AX,283.351831842206,L1,3.60924907497868,L2,1.357680303...
GetData ===>> H2,-0.192648917312207,H1,1363.9497674356,AX,283.258274508235,L1,3.59569259923092,L2,1.33524160097...
GetData ===>> H2,-0.0989290146608209,H1,1363.68074384223,AX,283.146175933272,L1,3.58582883665317,L2,1.279507481...
Get Checksum: -861571959
GetData ===>> H2,-0.157990584870241,H1,1362.98951884861,AX,283.120010082712,L1,3.56312034451881,L2,1.3450810581...
GetData ===>> H2,-0.230433222199667,H1,1362.39638606673,AX,283.032396372816,L1,3.56716313070581,L2,1.3064982331...
GetData ===>> H2,-0.0935443915063119,H1,1362.05292903053,AX,283.096523049483,L1,3.59125741619468,L2,1.278038814...
Get Checksum: -861571959
05:25:58 -- collecting point 75
GetData ===>> H2,-0.169160029620413,H1,1361.45468308958,AX,283.032168603987,L1,3.56701625020694,L2,1.3122026042...
GetData ===>> H2,-0.178856609515706,H1,1361.13362801455,AX,282.723538867898,L1,3.59206201860088,L2,1.4505950170...
GetData ===>> H2,-0.110704790753632,H1,1360.86027175513,AX,282.752867810045,L1,3.62026939692847,L2,1.3760151102...
Get Checksum: -861571959
GetData ===>> H2,-0.0330910409098599,H1,1360.12965325471,AX,282.71608630645,L1,3.62247011359394,L2,1.2801041343...
GetData ===>> H2,-0.0703468068871653,H1,1360.03340565377,AX,282.45145356534,L1,3.62119775244795,L2,1.2989809160...
GetData ===>> H2,-0.122095711266849,H1,1359.38859342232,AX,282.240397247727,L1,3.61471358395324,L2,1.3813165621...
Get Checksum: -861571959
GetData ===>> H2,-0.0866799436009464,H1,1359.14999984802,AX,282.016155164223,L1,3.56307940124104,L2,1.301310647...
GetData ===>> H2,-0.103186423349994,H1,1358.042347453,AX,281.983519892918,L1,3.55618543427906,L2,1.291613367014...
Get Checksum: -861571959
GetData ===>> H2,-0.0645406080049642,H1,1357.42142559098,AX,282.127245143644,L1,3.56018966788868,L2,1.351155157...
GetData ===>> H2,-0.0678621915683527,H1,1356.9122757771,AX,281.973806863108,L1,3.59024078221361,L2,1.4129247770...
GetData ===>> H2,-0.0927627590806481,H1,1355.98682729526,AX,281.826928296772,L1,3.58601116268234,L2,1.424680077...
Get Checksum: -861571959
GetData ===>> H2,-0.0763513136870931,H1,1355.68286321878,AX,281.549533541436,L1,3.57488821962717,L2,1.364850885...
GetData ===>> H2,-0.08365575350644,H1,1355.29558535629,AX,281.362885730072,L1,3.57462959919929,L2,1.34310619732...
GetData ===>> H2,-0.215154869639256,H1,1355.02037235693,AX,281.497400391305,L1,3.58477592331943,L2,1.2888592878...
Get Checksum: -861571959
GetData ===>> H2,-0.265822376571439,H1,1354.28992822451,AX,281.399147134563,L1,3.54671625283839,L2,1.3263674334...
GetData ===>> H2,-0.18647777030358,H1,1353.69507298248,AX,281.349154371069,L1,3.58795614803282,L2,1.33194669820...
GetData ===>> H2,-0.0816861439838961,H1,1352.69855741908,AX,281.268172490605,L1,3.56594577231074,L2,1.311950089...
Get Checksum: -861571959
GetData ===>> H2,-0.113496068345184,H1,1352.55160539968,AX,281.037111383832,L1,3.56297633775418,L2,1.3425321174...
GetData ===>> H2,-0.0476169222097462,H1,1351.94425328866,AX,281.058998698747,L1,3.57308364718258,L2,1.316862763...
GetData ===>> H2,-0.159100866495111,H1,1351.58832470494,AX,280.831374094913,L1,3.57679766301673,L2,1.3287552273...
Get Checksum: -861571959
GetData ===>> H2,-0.169288225970566,H1,1350.90500497415,AX,280.996000729776,L1,3.566012144778,L2,1.313855442915...
GetData ===>> H2,-0.144410628927239,H1,1350.47782259307,AX,280.928452928343,L1,3.47936287988316,L2,1.3461029497...
GetData ===>> H2,-0.0838115196199157,H1,1349.83839275066,AX,280.465911392199,L1,3.53438819341748,L2,1.353359839...
Get Checksum: -861571959
GetData ===>> H2,-0.19194392919222,H1,1349.24414001404,AX,280.50376375116,L1,3.56380087074477,L2,1.240354506070...
GetData ===>> H2,-0.173613665014518,H1,1348.56459737753,AX,280.43351594108,L1,3.51922192622449,L2,1.31175496532...
05:26:25 -- collecting point 100
GetData ===>> H2,-0.0638411528963618,H1,1348.64279619908,AX,280.396283619726,L1,3.5680642259045,L2,1.3360567336...
Get Checksum: -861571959
GetData ===>> H2,-0.0914391445195339,H1,1348.04212095153,AX,280.20020432109,L1,3.56237632840209,L2,1.4078855904...
GetData ===>> H2,-0.162664648788876,H1,1347.43621037244,AX,280.031941521402,L1,3.54122144497614,L2,1.3813739387...
GetData ===>> H2,-0.116110745794494,H1,1347.07276606594,AX,279.91483254497,L1,3.57552560880645,L2,1.22370239744...
Get Checksum: -861571959
GetData ===>> H2,-0.104585808050123,H1,1345.92091859455,AX,279.76953823468,L1,3.54685453762908,L2,1.25992326782...
GetData ===>> H2,-0.148906226253627,H1,1345.19536299144,AX,279.901792578424,L1,3.53651017911316,L2,1.4450830595...
GetData ===>> H2,-0.218819418512873,H1,1345.34094618493,AX,279.81508512816,L1,3.56515215585449,L2,1.19793859228...
Get Checksum: -861571959
GetData ===>> H2,-0.199408367548146,H1,1344.60506848636,AX,279.633331453185,L1,3.53622092330026,L2,1.2497483917...
GetData ===>> H2,-0.107354295412188,H1,1343.4895651537,AX,279.484238981501,L1,3.53366025935888,L2,1.31135323985...
Get Checksum: -861571959
GetData ===>> H2,-0.144861890134154,H1,1342.79271328128,AX,279.402814058709,L1,3.58266896398799,L2,1.3148081336...
GetData ===>> H2,-0.117973945074927,H1,1342.51389698263,AX,279.309106114365,L1,3.53881883488854,L2,1.4332793443...
GetData ===>> H2,-0.0243777870423778,H1,1342.56060622586,AX,279.092741881708,L1,3.50204201395368,L2,1.289811731...
Get Checksum: -861571959
GetData ===>> H2,-0.161805878401422,H1,1342.15470737225,AX,278.822966569391,L1,3.50721083530418,L2,1.2706040295...
GetData ===>> H2,-0.173404581657301,H1,1341.60956284542,AX,279.014718246263,L1,3.51784007221023,L2,1.3004154732...
GetData ===>> H2,-0.125247913221114,H1,1340.3521762332,AX,278.615891915498,L1,3.53943699884182,L2,1.34952464306...
Get Checksum: -861571959
GetData ===>> H2,-0.0217957803446712,H1,1340.14317266635,AX,278.612309345605,L1,3.54149365655428,L2,1.491611583...
GetData ===>> H2,-0.208761086649678,H1,1339.66891970717,AX,278.536862304186,L1,3.51489077690382,L2,1.4179068286...
GetData ===>> H2,-0.122928810697612,H1,1339.38621355572,AX,278.601731207697,L1,3.53955273175322,L2,1.2906035288...
Get Checksum: -861571959
GetData ===>> H2,-0.159890964181591,H1,1338.86054490396,AX,278.416751297946,L1,3.50505007760294,L2,1.2241037573...
GetData ===>> H2,-0.0997643777003541,H1,1337.77611621694,AX,278.448023526491,L1,3.46813585849448,L2,1.325127640...
GetData ===>> H2,-0.117143188103837,H1,1336.85155000594,AX,278.171968805755,L1,3.51197322081395,L2,1.2891920682...
Get Checksum: -861571959
measurement finished
estimated time: 125.829 actual time: :126.213
flush and close file /Users/jan/PychronDev/data/isotopes/39/ecb179-649e-4a50-a974-b972bebff33c.h5
baselines () {'settling_time': 15.0, 'detector': 'H1', 'mass': 34.2, 'ncounts': 60}
%%%%%%%%%%%%%%%%%%%%%%%%%%%%%%%% Baseline
build tables- baseline [Detector(H2), Detector(H1), Detector(AX), Detector(L1), Detector(L2), Detector(CDD)]
add group baseline table H2
add group baseline table H1
add group baseline table AX
add group baseline table L1
add group baseline table L2
add group baseline table CDD
flush and close file /Users/jan/PychronDev/data/isotopes/39/ecb179-649e-4a50-a974-b972bebff33c.h5
detector Detector(H1)
POSITION 34.2 H1
Mapping mass to dac mass func: "parabolic"
H1 map mass coeffs = [-0.00063987  0.15840543  0.57058999]
H1 map mass to dac 34.2 >> 5.23963599104
GetDeflection H1 ===>> 0
GetHighVoltage ===>> 4500
positioning 34.2 (5.23963599104) on H1
setting magnet DAC
current  : 5.878980
requested: 5.239636
Delta Dac: 0.639344
Checking detector protection. dv=0.63934
Checking detector "CDD". Protection Threshold: 0.1 (V)
ProtectDetector CDD,On ===>> OK
GetDeflection CDD ===>> 2000
SetMagnetDAC 5.23963599104 ===>> OK
Magnet settling time: 0.500
GetMagnetMoving ===>> True
GetMagnetMoving ===>> True
GetMagnetMoving ===>> True
GetMagnetMoving ===>> True
GetMagnetMoving ===>> True
GetMagnetMoving ===>> True
GetMagnetMoving ===>> True
GetMagnetMoving ===>> True
Get Checksum: -861571959
GetMagnetMoving ===>> False
ProtectDetector CDD,Off ===>> OK
GetDeflection CDD ===>> 50
Delaying 15.0s for detectors to settle
Get Checksum: -861571959
Get Checksum: -861571959
Get Checksum: -861571959
Get Checksum: -861571959
Get Checksum: -861571959
Join finished
measuring baseline. ncounts=60
starting measurement
GetData ===>> H2,-0.198259467618755,H1,-0.122801481315116,AX,-0.134106601104093,L1,-0.0479787912676342,L2,0.049...
GetData ===>> H2,-0.245648730044127,H1,-0.10470461557317,AX,-0.11269390769069,L1,-0.0424468768378753,L2,-0.0744...
GetData ===>> H2,-0.257700331708449,H1,-0.153194482526975,AX,-0.0260978519641284,L1,-0.0607084353291065,L2,-0.0...
Get Checksum: -861571959
GetData ===>> H2,-0.173606920450335,H1,-0.0484209202004536,AX,-0.0282781895537558,L1,-0.0695439536321614,L2,-0....
GetData ===>> H2,-0.208277398790339,H1,-0.0434489833119443,AX,-0.0914287898751135,L1,-0.0964835179561956,L2,-0....
GetData ===>> H2,-0.127993712891239,H1,-0.0573387876179109,AX,-0.135277772477675,L1,-0.0751441118118705,L2,-0.0...
Get Checksum: -861571959
GetData ===>> H2,-0.195462244588382,H1,0.00742919717893216,AX,-0.123759201076926,L1,-0.050810010308528,L2,-0.05...
GetData ===>> H2,-0.180725611027757,H1,0.0317444070387253,AX,-0.0547050996705988,L1,-0.0222595147295046,L2,-0.0...
Get Checksum: -861571959
GetData ===>> H2,-0.0473725681607495,H1,-0.0476220884827903,AX,-0.0620092103752104,L1,-0.0328287479134916,L2,0....
GetData ===>> H2,-0.124197276496546,H1,-0.104621202773303,AX,-0.145469846811095,L1,-0.0382513178783715,L2,-0.06...
GetData ===>> H2,-0.152682152023076,H1,-0.0757681181966728,AX,-0.0746335946566895,L1,-0.0271860972146918,L2,-0....
Get Checksum: -861571959
GetData ===>> H2,-0.177911870440895,H1,0.0399184117684694,AX,-0.0789456812170483,L1,-0.0289926649498658,L2,0.03...
GetData ===>> H2,-0.266682722954843,H1,0.0143008069709129,AX,-0.0189650233809918,L1,-0.0585270613378388,L2,0.02...
GetData ===>> H2,-0.213942928139899,H1,-0.0432343617697615,AX,-0.138814392526581,L1,-0.0446248106313567,L2,0.01...
Get Checksum: -861571959
GetData ===>> H2,-0.159181904690286,H1,0.00528191585014177,AX,-0.0141863157279842,L1,-0.0116048548296187,L2,-0....
GetData ===>> H2,-0.134260616311693,H1,-0.0564327304067412,AX,-0.0428434471398664,L1,-0.00518695260473857,L2,-0...
GetData ===>> H2,-0.226945217853734,H1,-0.0198140016269164,AX,-0.0617773422707963,L1,-0.0418912425644947,L2,-0....
GetData ===>> H2,-0.254721574890063,H1,0.0135492016753116,AX,-0.192868089090976,L1,-0.034601685823376,L2,0.0371...
GetData ===>> H2,-0.241987132200666,H1,-0.0820972022683496,AX,-0.104060946207492,L1,-0.00318111866844055,L2,0.0...
Get Checksum: -861571959
GetData ===>> H2,-0.192902324873391,H1,-0.0417916161232544,AX,-0.16505093788691,L1,-0.0100834913445255,L2,-0.04...
GetData ===>> H2,-0.227528197419919,H1,0.0633104919915308,AX,-0.139521701106337,L1,-0.0383363722918213,L2,-0.01...
GetData ===>> H2,-0.30607906097069,H1,0.026458508221139,AX,-0.0448146919130717,L1,-0.0176303315497895,L2,0.0125...
Get Checksum: -861571959
GetData ===>> H2,-0.218055430346056,H1,-0.00464269716531334,AX,0.0101284129722106,L1,-0.0381435013902565,L2,-0....
GetData ===>> H2,-0.217709125933636,H1,0.0615200886443514,AX,-0.0452553176375467,L1,-0.047309760332979,L2,-0.08...
05:27:30 -- collecting point 25
GetData ===>> H2,-0.263949552022006,H1,-0.0143158621475735,AX,-0.16430903826162,L1,-0.0482337054650077,L2,-0.05...
Get Checksum: -861571959
GetData ===>> H2,-0.217148548445649,H1,4.51284268400354E-05,AX,-0.0758623269620993,L1,-0.0261820419538206,L2,-0...
GetData ===>> H2,-0.178978070249929,H1,-0.0314413929396239,AX,-0.0398749090840214,L1,-0.0291531798046739,L2,0.0...
GetData ===>> H2,-0.257725868191493,H1,0.000713131623553265,AX,-0.123793959177773,L1,-0.0789750791050367,L2,-0....
Get Checksum: -861571959
GetData ===>> H2,-0.24615461270942,H1,-0.0458694055059048,AX,0.0316524790567581,L1,-0.0463941091146751,L2,-0.04...
GetData ===>> H2,-0.126380923372743,H1,0.0470786722498452,AX,-0.128451432365824,L1,-0.0662656257723446,L2,-0.04...
Get Checksum: -861571959
GetData ===>> H2,-0.118212066157722,H1,-0.0427216528892547,AX,-0.0796875263051744,L1,-0.0384609577390126,L2,-0....
GetData ===>> H2,-0.212008939101963,H1,-0.0334566700794124,AX,0.0515785876336435,L1,-0.0273718005082702,L2,-0.0...
GetData ===>> H2,-0.184343984669224,H1,0.00604538837889486,AX,-0.036454020513766,L1,-0.0550464117126063,L2,0.00...
Get Checksum: -861571959
GetData ===>> H2,-0.26125606540974,H1,0.0714393258005376,AX,-0.0281042282413286,L1,0.00874372608416527,L2,-0.03...
GetData ===>> H2,-0.274272435947456,H1,0.0495252119516067,AX,-0.0688722560621805,L1,-0.00830048198429518,L2,-0....
GetData ===>> H2,-0.192433246832944,H1,0.028200556908531,AX,-0.116749396929133,L1,-0.0373851594167202,L2,0.0273...
Get Checksum: -861571959
GetData ===>> H2,-0.111105520689923,H1,0.00463774043326666,AX,-0.0383790098933639,L1,-0.0325916550303179,L2,0.0...
GetData ===>> H2,-0.134289014951031,H1,0.0406344147737993,AX,-0.120990099133829,L1,-0.0508794046442978,L2,-0.09...
GetData ===>> H2,-0.245997199522133,H1,0.0141099225517085,AX,-0.180733835287918,L1,-0.00232203885845281,L2,-0.0...
Get Checksum: -861571959
GetData ===>> H2,-0.291320409672918,H1,0.0935796950715996,AX,-0.15242628089664,L1,0.0118522725193339,L2,-0.0361...
GetData ===>> H2,-0.322160842848198,H1,-0.00588320460732632,AX,-0.040257577276661,L1,0.0209818180542353,L2,0.00...
GetData ===>> H2,-0.288072221861717,H1,-0.0629180117595716,AX,-0.0106485290700969,L1,-0.0239579063202526,L2,0.0...
Get Checksum: -861571959
GetData ===>> H2,-0.186914728615672,H1,0.00497175679867747,AX,-0.114466756642514,L1,-0.00493024735487178,L2,-0....
GetData ===>> H2,-0.257899245942979,H1,-0.0512823546209738,AX,-0.128706312522555,L1,0.0231170812626277,L2,0.030...
GetData ===>> H2,-0.176699789748102,H1,-0.0641577971047578,AX,-0.0382050666347759,L1,-0.0513400273065532,L2,0.0...
Get Checksum: -861571959
GetData ===>> H2,-0.121756232764865,H1,-0.0449632444464275,AX,-0.124883040047625,L1,-0.0109503010907293,L2,0.02...
GetData ===>> H2,-0.283456815524626,H1,0.0319711222591003,AX,-0.112809781158013,L1,0.0158083542719586,L2,-0.153...
GetData ===>> H2,-0.282294606584703,H1,-0.0016129316718015,AX,-0.0229316364782415,L1,0.00161674843791598,L2,0.0...
Get Checksum: -861571959
GetData ===>> H2,-0.202312460486899,H1,0.0182140177777292,AX,-0.0998426837432613,L1,0.0418399123652889,L2,-0.00...
05:27:56 -- collecting point 50
GetData ===>> H2,-0.240148484274877,H1,0.0782171236923147,AX,-0.159289474936237,L1,-0.0047958943344409,L2,-0.03...
GetData ===>> H2,-0.176826672871066,H1,-0.0299865522687124,AX,-0.10170847623692,L1,-0.00999956389217074,L2,-0.1...
Get Checksum: -861571959
GetData ===>> H2,-0.192096253480549,H1,-0.0150076186475665,AX,-0.0310383341054108,L1,0.0226099603617172,L2,-0.0...
GetData ===>> H2,-0.168197835971757,H1,0.0698397674390396,AX,-0.0813218838082643,L1,-0.0270626924843791,L2,-0.0...
Get Checksum: -861571959
GetData ===>> H2,-0.159199462889529,H1,0.01008950403969,AX,-0.0254715757542077,L1,-0.00981731901451234,L2,-0.03...
GetData ===>> H2,-0.140278186859573,H1,-0.00191114100573915,AX,-0.0603281541003927,L1,-0.0309977188495917,L2,-0...
GetData ===>> H2,-0.215262591485408,H1,0.0433672066444181,AX,-0.128532530669983,L1,-0.0509308518596246,L2,-0.03...
Get Checksum: -861571959
GetData ===>> H2,-0.222001473330211,H1,0.016913574045341,AX,-0.194142851171176,L1,-0.034070400634545,L2,0.06687...
GetData ===>> H2,-0.2347315037378,H1,0.00336133101870324,AX,-0.137666454540022,L1,-0.0170067097524337,L2,0.0623...
GetData ===>> H2,-0.229213687376559,H1,-0.0117634778368235,AX,-0.0871520277131994,L1,-0.00962547873627985,L2,0....
Get Checksum: -861571959
GetData ===>> H2,-0.243606132814033,H1,-0.0237615033569003,AX,-0.0421477041572626,L1,-0.0392491644876036,L2,-0....
measurement finished
estimated time: 62.915 actual time: :63.174
flush and close file /Users/jan/PychronDev/data/isotopes/39/ecb179-649e-4a50-a974-b972bebff33c.h5
activate_detectors ('H1', 'AX', 'CDD') {'peak_center': True}
peak_center () {'detector': 'H1', 'integration_time': 0.262144, 'isotope': 'Ar40'}
peak center: mean=1339.93635697 threshold=3
peak center started
setup peak center. detector=['H1', 'AX', 'CDD'], isotope=Ar40
VersionedUnpickler [<apptools.sweet_pickle.versioned_unpickler.VersionedUnpickler object at 0x152e90b30>] using Updater [<apptools.sweet_pickle.updater.Updater object at 0x1356d5710>]
VersionedUnpickler [<apptools.sweet_pickle.versioned_unpickler.VersionedUnpickler object at 0x152e90b30>] using Updater [<apptools.sweet_pickle.updater.Updater object at 0x1356d5710>]
VersionedUnpickler [<apptools.sweet_pickle.versioned_unpickler.VersionedUnpickler object at 0x160925170>] using Updater [<apptools.sweet_pickle.updater.Updater object at 0x1356d5710>]
setting integration time = 0.524288
SetIntegrationTime 0.524288 ===>> OK
Mapping mass to dac mass func: "parabolic"
H1 map mass coeffs = [-0.00063987  0.15840543  0.57058999]
H1 map mass to dac 39.9624 >> 5.87898
GetDeflection H1 ===>> 0
GetHighVoltage ===>> 4500
do peak center. <pychron.spectrometer.jobs.peak_center.PeakCenter object at 0x1356efa10>
doing pc
starting peak center. center dac= 5.87898 step_width=0.001
width = 0.001
get scan parameters. half-width=0.015,window=0.015, i=0, scalar=1
Scan parameters center=5.87898 width=0.03000 (5.86398 - 5.89398)
GetData ===>> H2,-0.247888703318156,H1,-0.0437828381293357,AX,-0.040095233378695,L1,-0.0163938437528142,L2,-0.1...
Moving to starting dac 5.86398
setting magnet DAC
current  : 5.239636
requested: 5.863980
Delta Dac: 0.624344
Checking detector protection. dv=0.62434
Checking detector "CDD". Protection Threshold: 0.1 (V)
ProtectDetector CDD,On ===>> OK
GetDeflection CDD ===>> 2000
SetMagnetDAC 5.86398 ===>> OK
Magnet settling time: 0.500
GetMagnetMoving ===>> True
GetMagnetMoving ===>> True
GetMagnetMoving ===>> True
GetMagnetMoving ===>> True
GetMagnetMoving ===>> True
Get Checksum: -861571959
GetMagnetMoving ===>> True
GetMagnetMoving ===>> True
GetMagnetMoving ===>> True
GetMagnetMoving ===>> False
ProtectDetector CDD,Off ===>> OK
GetDeflection CDD ===>> 50
Wait until signal near baseline. tol= -0.032837128597. timeout= 10
GetData ===>> H2,4.88672255453717,H1,2.01354330918562,AX,0.12006850246678,L1,-0.0238896161455405,L2,0.022821840...
GetData ===>> H2,66.3918845795348,H1,35.2273382377521,AX,2.99181390229138,L1,-0.0016380821357209,L2,-0.08276887...
GetData ===>> H2,75.0041923334773,H1,44.6653252630121,AX,6.76783675424687,L1,0.0116757077741697,L2,-0.116159386...
GetData ===>> H2,40.3076677936109,H1,21.5058397775323,AX,2.9892692605228,L1,0.0105988832024108,L2,0.07472649320...
GetData ===>> H2,16.6819944820119,H1,10.7786491225607,AX,1.36853051774249,L1,0.0266264321176333,L2,-0.091278446...
Get Checksum: -861571959
GetData ===>> H2,5.74358996924019,H1,5.80920472735908,AX,0.710597910248972,L1,0.00984109793157215,L2,0.02377856...
GetData ===>> H2,1.83988342547271,H1,3.31363528255684,AX,0.379657847446917,L1,0.0219220878025714,L2,0.011638002...
GetData ===>> H2,0.768881628368421,H1,2.12463769220366,AX,0.240107351813592,L1,0.00467090883082226,L2,-0.002710...
GetData ===>> H2,0.555342681958209,H1,1.54327738914073,AX,0.081865289398431,L1,-0.00116528489383557,L2,-0.04203...
GetData ===>> H2,0.418972660396079,H1,1.33714936369598,AX,0.088215998605245,L1,-0.00081247248865444,L2,-0.18245...
GetData ===>> H2,0.29346686656472,H1,1.16311003035225,AX,0.108800705551634,L1,0.0185350706378116,L2,-0.06074059...
Get Checksum: -861571959
GetData ===>> H2,0.24682338452821,H1,1.08819201006443,AX,0.123384172411789,L1,0.0473258349215839,L2,-0.13842197...
GetData ===>> H2,0.268980145840254,H1,1.05488903108444,AX,-0.0517833018756004,L1,0.0452385446386922,L2,-0.03977...
GetData ===>> H2,0.272833531407507,H1,1.03475434734246,AX,0.0774617560978538,L1,0.00469732463470373,L2,0.062784...
GetData ===>> H2,0.324408492240348,H1,1.01534257459888,AX,0.121366933195398,L1,-0.0212072738371737,L2,0.0288356...
GetData ===>> H2,0.233701617073262,H1,0.913887166253447,AX,0.0351223022149779,L1,-0.0411403689941442,L2,0.16972...
Get Checksum: -861571959
GetData ===>> H2,0.163483940766612,H1,0.960458682991905,AX,0.0730815968406696,L1,-0.0438777331533545,L2,0.04170...
GetData ===>> H2,0.107528479082818,H1,0.976218865819045,AX,0.00938588860632233,L1,-0.0356897646742637,L2,-0.038...
GetData ===>> H2,0.0215528043611893,H1,1.00027107735385,AX,-0.0207511791105371,L1,-0.0243038784643255,L2,-0.041...
GetData ===>> H2,-0.051803225522248,H1,0.990663876797382,AX,0.0880305705690292,L1,-0.00384817478097983,L2,-0.05...
GetData ===>> H2,-0.0048338351700367,H1,0.941851433599994,AX,0.150957296089906,L1,0.0194807284529249,L2,-0.0601...
Peak center failed to move to a baseline position
_do_sweep sm= 5.86398, em= 5.89398, stm= 0.001
calculated step values: start=5.86398, end=5.89398, width=0.001, nsteps=31.0
setting magnet DAC
current  : 5.863980
requested: 5.863980
Delta Dac: 0.000000
Checking detector protection. dv=0.00000
Checking detector "CDD". Protection Threshold: 0.1 (V)
SetMagnetDAC 5.86398 ===>> OK
GetData ===>> H2,-0.0048338351700367,H1,0.941851433599994,AX,0.150957296089906,L1,0.0194807284529249,L2,-0.0601...
setting magnet DAC
current  : 5.863980
requested: 5.865014
Delta Dac: 0.001034
Checking detector protection. dv=0.00103
Checking detector "CDD". Protection Threshold: 0.1 (V)
SetMagnetDAC 5.86501448276 ===>> OK
Magnet settling time: 1.049
Get Checksum: -861571959
GetData ===>> H2,-0.0792798856830929,H1,2.35663378339959,AX,0.3185813783639,L1,-0.00233163792046337,L2,-0.07696...
setting magnet DAC
current  : 5.865014
requested: 5.866049
Delta Dac: 0.001034
Checking detector protection. dv=0.00103
Checking detector "CDD". Protection Threshold: 0.1 (V)
SetMagnetDAC 5.86604896552 ===>> OK
Magnet settling time: 1.049
GetData ===>> H2,-0.140690645835955,H1,8.62368176776103,AX,1.31285341849937,L1,0.0332339895474401,L2,-0.0279390...
setting magnet DAC
current  : 5.866049
requested: 5.867083
Delta Dac: 0.001034
Checking detector protection. dv=0.00103
Checking detector "CDD". Protection Threshold: 0.1 (V)
SetMagnetDAC 5.86708344828 ===>> OK
Magnet settling time: 1.049
GetData ===>> H2,-0.00874909727155099,H1,33.8961912783203,AX,4.33911282578337,L1,0.0475084032756758,L2,-0.05762...
setting magnet DAC
current  : 5.867083
requested: 5.868118
Delta Dac: 0.001034
Checking detector protection. dv=0.00103
Checking detector "CDD". Protection Threshold: 0.1 (V)
SetMagnetDAC 5.86811793103 ===>> OK
Magnet settling time: 1.049
Get Checksum: -861571959
GetData ===>> H2,-0.118692352010267,H1,114.127420024903,AX,15.1371542911716,L1,0.0725467049861833,L2,-0.0439201...
setting magnet DAC
current  : 5.868118
requested: 5.869152
Delta Dac: 0.001034
Checking detector protection. dv=0.00103
Checking detector "CDD". Protection Threshold: 0.1 (V)
SetMagnetDAC 5.86915241379 ===>> OK
Magnet settling time: 1.049
GetData ===>> H2,-0.0662371333147107,H1,304.096004970482,AX,44.5740231520234,L1,0.21592137631777,L2,0.031455473...
setting magnet DAC
current  : 5.869152
requested: 5.870187
Delta Dac: 0.001034
Checking detector protection. dv=0.00103
Checking detector "CDD". Protection Threshold: 0.1 (V)
SetMagnetDAC 5.87018689655 ===>> OK
Magnet settling time: 1.049
GetData ===>> H2,0.0236137418322652,H1,611.537773986532,AX,100.226255730512,L1,0.585207433041001,L2,0.078646688...
setting magnet DAC
current  : 5.870187
requested: 5.871221
Delta Dac: 0.001034
Checking detector protection. dv=0.00103
Checking detector "CDD". Protection Threshold: 0.1 (V)
SetMagnetDAC 5.87122137931 ===>> OK
Magnet settling time: 1.049
Get Checksum: -861571959
GetData ===>> H2,-0.139370005626321,H1,923.456307443579,AX,165.865731167941,L1,1.24899078118893,L2,0.2022151080...
setting magnet DAC
current  : 5.871221
requested: 5.872256
Delta Dac: 0.001034
Checking detector protection. dv=0.00103
Checking detector "CDD". Protection Threshold: 0.1 (V)
SetMagnetDAC 5.87225586207 ===>> OK
Magnet settling time: 1.049
GetData ===>> H2,-0.21409106129228,H1,1136.94084124313,AX,219.668909807847,L1,1.88293475189151,L2,0.68688329688...
setting magnet DAC
current  : 5.872256
requested: 5.873290
Delta Dac: 0.001034
Checking detector protection. dv=0.00103
Checking detector "CDD". Protection Threshold: 0.1 (V)
SetMagnetDAC 5.87329034483 ===>> OK
Magnet settling time: 1.049
GetData ===>> H2,-0.133880544477877,H1,1233.87828646715,AX,249.329070668037,L1,2.45725905292796,L2,0.9500684311...
setting magnet DAC
current  : 5.873290
requested: 5.874325
Delta Dac: 0.001034
Checking detector protection. dv=0.00103
Checking detector "CDD". Protection Threshold: 0.1 (V)
SetMagnetDAC 5.87432482759 ===>> OK
Magnet settling time: 1.049
Get Checksum: -861571959
GetData ===>> H2,-0.167280099687995,H1,1266.08607693377,AX,260.978030868849,L1,2.844269256958,L2,1.152378652285...
setting magnet DAC
current  : 5.874325
requested: 5.875359
Delta Dac: 0.001034
Checking detector protection. dv=0.00103
Checking detector "CDD". Protection Threshold: 0.1 (V)
SetMagnetDAC 5.87535931034 ===>> OK
Magnet settling time: 1.049
GetData ===>> H2,0.0227653953709811,H1,1275.86314031718,AX,264.250823983265,L1,3.0994707733519,L2,1.16489259280...
setting magnet DAC
current  : 5.875359
requested: 5.876394
Delta Dac: 0.001034
Checking detector protection. dv=0.00103
Checking detector "CDD". Protection Threshold: 0.1 (V)
SetMagnetDAC 5.8763937931 ===>> OK
Magnet settling time: 1.049
Get Checksum: -861571959
GetData ===>> H2,-0.0791010218333523,H1,1277.97633570815,AX,265.131537472175,L1,3.20852668840204,L2,1.254990555...
setting magnet DAC
current  : 5.876394
requested: 5.877428
Delta Dac: 0.001034
Checking detector protection. dv=0.00103
Checking detector "CDD". Protection Threshold: 0.1 (V)
SetMagnetDAC 5.87742827586 ===>> OK
Magnet settling time: 1.049
GetData ===>> H2,-0.0085752348885775,H1,1277.60473613244,AX,265.504528141035,L1,3.3657754024522,L2,1.2825252046...
setting magnet DAC
current  : 5.877428
requested: 5.878463
Delta Dac: 0.001034
Checking detector protection. dv=0.00103
Checking detector "CDD". Protection Threshold: 0.1 (V)
SetMagnetDAC 5.87846275862 ===>> OK
Magnet settling time: 1.049
GetData ===>> H2,-0.0462623797860637,H1,1276.74355742616,AX,265.113120577363,L1,3.37693282194221,L2,1.416006233...
setting magnet DAC
current  : 5.878463
requested: 5.879497
Delta Dac: 0.001034
Checking detector protection. dv=0.00103
Checking detector "CDD". Protection Threshold: 0.1 (V)
SetMagnetDAC 5.87949724138 ===>> OK
Magnet settling time: 1.049
Get Checksum: -861571959
GetData ===>> H2,-0.166089630986103,H1,1277.0186438781,AX,265.359825398602,L1,3.34122102942632,L2,1.27476881515...
setting magnet DAC
current  : 5.879497
requested: 5.880532
Delta Dac: 0.001034
Checking detector protection. dv=0.00103
Checking detector "CDD". Protection Threshold: 0.1 (V)
SetMagnetDAC 5.88053172414 ===>> OK
Magnet settling time: 1.049
GetData ===>> H2,-0.0775263565634693,H1,1276.9128317503,AX,265.149776831218,L1,3.42562702443503,L2,1.2644661752...
setting magnet DAC
current  : 5.880532
requested: 5.881566
Delta Dac: 0.001034
Checking detector protection. dv=0.00103
Checking detector "CDD". Protection Threshold: 0.1 (V)
SetMagnetDAC 5.8815662069 ===>> OK
Magnet settling time: 1.049
GetData ===>> H2,-0.0376976514704812,H1,1276.34873897002,AX,264.686623728597,L1,3.41947766141394,L2,1.342003967...
setting magnet DAC
current  : 5.881566
requested: 5.882601
Delta Dac: 0.001034
Checking detector protection. dv=0.00103
Checking detector "CDD". Protection Threshold: 0.1 (V)
SetMagnetDAC 5.88260068966 ===>> OK
Magnet settling time: 1.049
Get Checksum: -861571959
GetData ===>> H2,-0.0631016640945007,H1,1274.0572958035,AX,263.948492969493,L1,3.4341448835009,L2,1.28835438185...
setting magnet DAC
current  : 5.882601
requested: 5.883635
Delta Dac: 0.001034
Checking detector protection. dv=0.00103
Checking detector "CDD". Protection Threshold: 0.1 (V)
SetMagnetDAC 5.88363517241 ===>> OK
Magnet settling time: 1.049
GetData ===>> H2,-0.116543760551773,H1,1264.43580355143,AX,260.272375221423,L1,3.30925763580247,L2,1.1954508640...
setting magnet DAC
current  : 5.883635
requested: 5.884670
Delta Dac: 0.001034
Checking detector protection. dv=0.00103
Checking detector "CDD". Protection Threshold: 0.1 (V)
SetMagnetDAC 5.88466965517 ===>> OK
Magnet settling time: 1.049
GetData ===>> H2,-0.138060016308468,H1,1230.94390074205,AX,247.626005975651,L1,3.20106380994169,L2,1.0413600841...
setting magnet DAC
current  : 5.884670
requested: 5.885704
Delta Dac: 0.001034
Checking detector protection. dv=0.00103
Checking detector "CDD". Protection Threshold: 0.1 (V)
SetMagnetDAC 5.88570413793 ===>> OK
Magnet settling time: 1.049
Get Checksum: -861571959
GetData ===>> H2,-0.273045398738244,H1,1129.56906777767,AX,213.745305243318,L1,2.87517333452374,L2,0.7190391379...
setting magnet DAC
current  : 5.885704
requested: 5.886739
Delta Dac: 0.001034
Checking detector protection. dv=0.00103
Checking detector "CDD". Protection Threshold: 0.1 (V)
SetMagnetDAC 5.88673862069 ===>> OK
Magnet settling time: 1.049
GetData ===>> H2,-0.420424916383634,H1,914.072384446853,AX,155.226565353601,L1,2.25581077671484,L2,0.5297829323...
setting magnet DAC
current  : 5.886739
requested: 5.887773
Delta Dac: 0.001034
Checking detector protection. dv=0.00103
Checking detector "CDD". Protection Threshold: 0.1 (V)
SetMagnetDAC 5.88777310345 ===>> OK
Magnet settling time: 1.049
Get Checksum: -861571959
GetData ===>> H2,-0.422525860170828,H1,602.391638589628,AX,87.9168478389574,L1,1.54708176311716,L2,0.2238069115...
setting magnet DAC
current  : 5.887773
requested: 5.888808
Delta Dac: 0.001034
Checking detector protection. dv=0.00103
Checking detector "CDD". Protection Threshold: 0.1 (V)
SetMagnetDAC 5.88880758621 ===>> OK
Magnet settling time: 1.049
GetData ===>> H2,-0.360523873567422,H1,307.003094320231,AX,37.5183406416232,L1,1.01669470898805,L2,0.0771879924...
setting magnet DAC
current  : 5.888808
requested: 5.889842
Delta Dac: 0.001034
Checking detector protection. dv=0.00103
Checking detector "CDD". Protection Threshold: 0.1 (V)
SetMagnetDAC 5.88984206897 ===>> OK
Magnet settling time: 1.049
GetData ===>> H2,-0.128880446693154,H1,66.1405043323198,AX,5.68694554201717,L1,0.480770842463888,L2,-0.02003864...
setting magnet DAC
current  : 5.889842
requested: 5.890877
Delta Dac: 0.001034
Checking detector protection. dv=0.00103
Checking detector "CDD". Protection Threshold: 0.1 (V)
SetMagnetDAC 5.89087655172 ===>> OK
Magnet settling time: 1.049
Get Checksum: -861571959
GetData ===>> H2,-0.207358469605368,H1,18.6902213343843,AX,1.15661465667444,L1,0.309681189888874,L2,-0.07603349...
setting magnet DAC
current  : 5.890877
requested: 5.891911
Delta Dac: 0.001034
Checking detector protection. dv=0.00103
Checking detector "CDD". Protection Threshold: 0.1 (V)
SetMagnetDAC 5.89191103448 ===>> OK
Magnet settling time: 1.049
GetData ===>> H2,-0.205482652181782,H1,4.53958314096308,AX,-0.0232331852478958,L1,0.169891427191763,L2,0.003712...
setting magnet DAC
current  : 5.891911
requested: 5.892946
Delta Dac: 0.001034
Checking detector protection. dv=0.00103
Checking detector "CDD". Protection Threshold: 0.1 (V)
SetMagnetDAC 5.89294551724 ===>> OK
Magnet settling time: 1.049
GetData ===>> H2,-0.259870726476383,H1,0.870280346427355,AX,-0.226658263158079,L1,0.106952199268183,L2,-0.11893...
setting magnet DAC
current  : 5.892946
requested: 5.893980
Delta Dac: 0.001034
Checking detector protection. dv=0.00103
Checking detector "CDD". Protection Threshold: 0.1 (V)
SetMagnetDAC 5.89398 ===>> OK
Magnet settling time: 1.049
Get Checksum: -861571959
GetData ===>> H2,-0.274494881414948,H1,0.124932944346878,AX,-0.128578872527671,L1,0.0654474192942522,L2,-0.0523...
result of _do_sweep=True
result of _calculate_peak_center=([5.8713229617856406, 5.8789561592149813, 5.8865893566443219], [944.41971857831027, 1277.973356954036, 945.16609426617504], 5.8764020855504109, 1277.973356954036)
Failed to find a valid peak. No peak greater than 1.0. max = 0.0990304335308
new center pos Detector(H1) (Ar40) @ 5.87895615921
GetHighVoltage ===>> 4500
GetDeflection H1 ===>> 0
dac uncorrected for HV and deflection 5.87895615921
update mftable H1 Ar40 5.87895615921 message=automated run peakcenter
get initial guess parabolic
get initial guess parabolic
get initial guess parabolic
get initial guess parabolic
get initial guess parabolic
get initial guess parabolic
dump mftable to /Users/jan/PychronDev/setupfiles/spectrometer/mftables/mftable.csv
add to repo msg=modified - automated run peakcenter
locally archiving mftable
setting magnet DAC
current  : 5.893980
requested: 5.878956
Delta Dac: 0.015024
Checking detector protection. dv=0.01502
Checking detector "CDD". Protection Threshold: 0.1 (V)
SetMagnetDAC 5.87895615921 ===>> OK
Magnet settling time: 0.500
sweep finished
setting integration time = 1.048576
SetIntegrationTime 1.048576 ===>> OK
Failed to find a valid peak. No peak greater than 1.0. max = 0.0987153960042
flush and close file /Users/jan/PychronDev/data/isotopes/39/ecb179-649e-4a50-a974-b972bebff33c.h5
finished measure script
executed 226.132928
jan_unknown120_60.py completed successfully
Measurement Finished
05:28:54 -- ******* Measurement Finished *******
Post Measurement Started jan_pump_ms.py
05:28:54 -- ******* Post Measurement Started jan_pump_ms.py *******
testing...
no interpolation path defined
executed 0
Pumping spectrometer
open () {'name': 'O'}
opening name=O desc=---
checking ownership. requestor=129.138.12.150
check software interlocks O
interlocks []
actuate state mode=None-script, software_lock=False
doing actuation None-script open_channel True
Open O ===>> OK
GetIndicatorState O ===>> OK
change switch state (True, True)
update switch state O True args=() kw={} ncanvase=2
05:28:54 -- OPEN   VALVE-O (Jan Ion Pump)
---------------------------------------- open O () result=[(True, True)], time=0.10 sec
action=open, ok=True, locked=[False]
executed 0
jan_pump_ms.py completed successfully
setting _ms_pumptime
Post Measurement Finished
05:28:55 -- ******* Post Measurement Finished *******
$$$$$$$$$$$$$$$$$$$$ state at run end measurement
state changed from measurement to success
post measurement save measured=True aborted=False
Set filtering
setting fod for Ar40= {'filter_outliers': True, 'std_devs': 2, 'iterations': 1}
setting fod for H1= {'filter_outliers': True, 'std_devs': 2, 'iterations': 1}
setting fod for PM41= {'filter_outliers': False, 'std_devs': 2, 'iterations': 1}
setting fod for H2= {'filter_outliers': True, 'std_devs': 2, 'iterations': 1}
setting fod for Ar36= {'filter_outliers': True, 'std_devs': 2, 'iterations': 1}
setting fod for CDD= {'filter_outliers': True, 'std_devs': 10, 'iterations': 1}
setting fod for Ar37= {'filter_outliers': True, 'std_devs': 2, 'iterations': 1}
setting fod for L2= {'filter_outliers': True, 'std_devs': 2, 'iterations': 1}
setting fod for Ar38= {'filter_outliers': True, 'std_devs': 2, 'iterations': 1}
setting fod for L1= {'filter_outliers': True, 'std_devs': 2, 'iterations': 1}
setting fod for Ar39= {'filter_outliers': True, 'std_devs': 2, 'iterations': 1}
setting fod for AX= {'filter_outliers': True, 'std_devs': 2, 'iterations': 1}
persistence save...
persistence save - db
post measurement save
5702218096 connecting to database sqlite:////Users/jan/PychronDev/.appdata/local_lab.db
connected to db sqlite:////Users/jan/PychronDev/.appdata/local_lab.db
create new session 5702218096
close session 5702218096
No database instance. Not saving post measurement to isotopedb database
$$$$$$$$$$$$$$$ auto_save_detector_ic=False
massspec enabled True
create new session 4979649712
MassSpec Database Version: 16.0
close session 4979649712
saving post measurement to secondary database
saving to massspec database 129.138.12.160/massspecdata
setting labnumber to 65571
setting aliquot to 12
setting step to 
setting uuid to 39ecb179-649e-4a50-a974-b972bebff33c
setting irradpos to 65571
setting extract_device to Fusions CO2
setting tray to 
setting position to 195
setting power_requested to 5.0
setting extract_value to 5.0
setting duration to 30.0
setting duration_at_request to 30.0
setting first_stage_delay to 30.0
setting cleanup to 30.0
setting comment to M:14 with inclusions
setting irradiation to NM-289
setting level to M
setting irradiation_level to M
setting sample to NM-2602 W
setting material to Sanidine
setting project to JoyitaHills
setting mass_spectrometer to Jan
no attribute chron_dosages
no attribute production_ratios
no attribute interference_corrections
no attribute production_name
no attribute j
Reference Isotope=Ar40
Reference Detector=H1
%%%%%%%%%%%%%%%%%%%% Comment: M:14 with inclusions %%%%%%%%%%%%%%%%%%%
adding isotope PM41 H2
add baseline dbdet= PM41. original det= H2
get baseline data PM41 H2
Get data baseline <pychron.processing.isotope.Baseline object at 0x15e0bc390> len t=60
baseline PM41. v=-0.207569082711, e=0.00663017428688
get signal data PM41 H2
Get data signal PM41 0.08+/-0.07 len t=120
adding isotope Ar40 H1
add baseline dbdet= Ar40. original det= H1
get baseline data Ar40 H1
Get data baseline <pychron.processing.isotope.Baseline object at 0x15e0bcc90> len t=60
baseline Ar40. v=-0.00715968807459, e=0.00581683152538
get signal data Ar40 H1
Get data signal Ar40 1409.85+/-0.08 len t=120
adding isotope Ar39 AX
add baseline dbdet= Ar39. original det= AX
get baseline data Ar39 AX
Get data baseline <pychron.processing.isotope.Baseline object at 0x15e0bc7d0> len t=60
baseline Ar39. v=-0.0883047363495, e=0.00679995460499
get signal data Ar39 AX
Get data signal Ar39 292.146+/-0.030 len t=120
adding isotope Ar38 L1
add baseline dbdet= Ar38. original det= L1
get baseline data Ar38 L1
Get data baseline <pychron.processing.isotope.Baseline object at 0x15e0bc990> len t=60
baseline Ar38. v=-0.0278420288186, e=0.00323268273825
get signal data Ar38 L1
Get data signal Ar38 3.766+/-0.005 len t=120
adding isotope Ar37 L2
add baseline dbdet= Ar37. original det= L2
get baseline data Ar37 L2
Get data baseline <pychron.processing.isotope.Baseline object at 0x15e0bc290> len t=60
baseline Ar37. v=-0.0185885788481, e=0.00551131276115
get signal data Ar37 L2
Get data signal Ar37 1.403+/-0.010 len t=120
Get Checksum: -1772432964
adding isotope Ar36 CDD
add baseline dbdet= Ar36. original det= CDD
get baseline data Ar36 CDD
Get data baseline <pychron.processing.isotope.Baseline object at 0x15e0e5fd0> len t=60
baseline Ar36. v=0.000305174099305, e=2.94825556433e-05
get signal data Ar36 CDD
Get data signal Ar36 0.0977+/-0.0008 len t=120
65571-12 added analysis time 0.498402118683s
analysis added to mass spec database
mass spec save time= 0.519
persistence save - dvc
================= post measurement started
create new session 4984345712
close session 4984345712
---------------- Experiment Queue saving disabled
DVC saving peakcenter
Failed to find a valid peak. No peak greater than 1.0. max = 0.0987153960042
Smart pull ahead: 0 behind: 0
Up-to-date with origin
add to repo msg=modified - ad8224ebc6dbfeb9f5997218dfa5fe690569839d.json
add to repo msg=modified - 71-12.json
add to repo msg=modified - 71-12.dat.json
add to repo msg=modified - 71-12.blan.json
add to repo msg=modified - 71-12.inte.json
Get Checksum: -1772432964
add to repo msg=modified - 71-12.icfa.json
add to repo msg=modified - 71-12.base.json
not at valid file /Users/jan/PychronDev/data/.dvc/repositories/Load1783/655/tags/71-12.tags.json
add to repo msg=modified - 71-12.peak.json
add to repo msg=modified - 71-12.extr.json
not at valid file /Users/jan/PychronDev/data/.dvc/repositories/Load1783/655/monitor/71-12.moni.json
commit message=<COLLECTION>
add to repo msg=modified - 71-12.inte.json
add to repo msg=modified - 71-12.base.json
commit message=<ISOEVO> default collection fits
Get Checksum: -1772432964
add to repo msg=modified - 71-12.blan.json
commit message=<BLANKS> preceding bu-FC-J-7492
add to repo msg=modified - 71-12.icfa.json
commit message=<ICFactor> default
push repository <pychron.git_archive.repo_manager.GitRepoManager object at 0x163c78890>
pushing to remote=origin, url=https://github.com
Get Checksum: -1772432964
no changes to meta repo
create new session 4984345712
add association Load1783
get identifier "65571"
setting analysis irradiation position=<pychron.dvc.dvc_orm.IrradiationPositionTbl object at 0x14a003c50>
close session 4984345712
================= post measurement finished
05:29:08 -- ******* Post Run Check *******
loading queue conditionals post_run_actions
loading system conditionals post_run_actions
loading conditionals from /Users/jan/PychronDev/setupfiles/spectrometer/default_conditionals.yaml
loading queue conditionals post_run_terminations
loading system conditionals post_run_terminations
loading conditionals from /Users/jan/PychronDev/setupfiles/spectrometer/default_conditionals.yaml
Checking default post run terminations n=1
GetDeflection CDD ===>> 50
testing CDD==2000
evaluate ot="CDD.deflection==2000" t="CDD==2000", ctx="{'CDD': 50.0}"
05:29:08 -- ******* Post Run Check Passed *******
05:29:08 -- Automated run 65571-12 success duration: 367.246 s
----------------- finish -----------------
----------------- stop -----------------
retroactive repository identifiers disabled
finish run. runs completed=71
update duration runid=65571-12, duration=367.245774031, md5=301e91d8
loading script "jan_unknown400_120.py"
loading script "jan_pump_ms.py"
loading script "jan_co2.py"
loading script "jan_pump_extraction_line.py"
testing...
no interpolation path defined
executed 556.052928
script duration name:unknown400_120 seconds:556.0
loading script "jan_unknown400_120.py"
loading script "jan_pump_ms.py"
loading script "jan_co2.py"
loading script "jan_pump_extraction_line.py"
testing...
no interpolation path defined
executed 0
loading script "jan_unknown400_120.py"
loading script "jan_pump_ms.py"
loading script "jan_co2.py"
loading script "jan_pump_extraction_line.py"
testing...
no interpolation path defined
calculate duration
testing...
no interpolation path defined
executed 0
calculate duration
testing...
no interpolation path defined
executed 0
executed 0.0
script duration name:co2 seconds:0.0
loading script "jan_unknown400_120.py"
loading script "jan_pump_ms.py"
loading script "jan_co2.py"
loading script "jan_pump_extraction_line.py"
testing...
no interpolation path defined
calculate duration
testing...
no interpolation path defined
executed 4.0
executed 4.0
Script duration 556.0
Run total estimated duration= 557.000
unknown400_120 in script context. using previous estimated duration
script duration name:unknown400_120 seconds:556.0
pump_ms in script context. using previous estimated duration
loading script "jan_unknown400_120.py"
loading script "jan_pump_ms.py"
loading script "jan_cocktail_x1.py"
loading script "jan_pump_extraction_line.py"
testing...
no interpolation path defined
calculate duration
testing...
no interpolation path defined
executed 0
calculate duration
testing...
no interpolation path defined
executed 0
calculate duration
testing...
no interpolation path defined
executed 32.0
calculate duration
testing...
no interpolation path defined
executed 34.0
calculate duration
testing...
no interpolation path defined
executed 4.0
calculate duration
testing...
no interpolation path defined
executed 38.0
executed 108.0
script duration name:cocktail_x1 seconds:108.0
pump_extraction_line in script context. using previous estimated duration
Script duration 664.0
Run total estimated duration= 665.000
loading script "jan_unknown120_60.py"
loading script "jan_pump_ms.py"
loading script "jan_cocktail_x1.py"
loading script "jan_pump_extraction_line.py"
testing...
no interpolation path defined
executed 213.652928
script duration name:unknown120_60 seconds:214.0
cocktail_x1 in script context. using previous estimated duration
script duration name:cocktail_x1 seconds:108.0
Script duration 322.0
Run total estimated duration= 323.000
loading script "jan_ic_peak_hop3.py"
loading script "jan_pump_ms.py"
loading script "jan_air_x1.py"
loading script "jan_pump_extraction_line.py"
testing...
no interpolation path defined
executed 133.8
script duration name:ic_peak_hop3 seconds:134.0
loading script "jan_ic_peak_hop3.py"
loading script "jan_pump_ms.py"
loading script "jan_air_x1.py"
loading script "jan_pump_extraction_line.py"
testing...
no interpolation path defined
calculate duration
testing...
no interpolation path defined
executed 0
calculate duration
testing...
no interpolation path defined
executed 0
calculate duration
testing...
no interpolation path defined
executed 32.0
calculate duration
testing...
no interpolation path defined
executed 34.0
calculate duration
testing...
no interpolation path defined
executed 4.0
calculate duration
testing...
no interpolation path defined
executed 36.0
executed 106.0
script duration name:air_x1 seconds:106.0
Script duration 240.0
Run total estimated duration= 241.000
unknown120_60 in script context. using previous estimated duration
script duration name:unknown120_60 seconds:214.0
co2 in script context. using previous estimated duration
script duration name:co2 seconds:0.0
Script duration 214.0
Run total estimated duration= 215.000
script duration name:unknown120_60 seconds:214.0
script duration name:co2 seconds:0.0
Script duration 214.0
Run total estimated duration= 215.000
script duration name:unknown120_60 seconds:214.0
script duration name:co2 seconds:0.0
Script duration 214.0
Run total estimated duration= 215.000
script duration name:unknown400_120 seconds:556.0
loading script "jan_unknown400_120.py"
loading script "jan_pump_ms.py"
loading script "jan_sniffair_x2.py"
loading script "jan_pump_extraction_line.py"
testing...
no interpolation path defined
calculate duration
testing...
no interpolation path defined
executed 0
calculate duration
testing...
no interpolation path defined
executed 0
calculate duration
testing...
no interpolation path defined
executed 32.0
calculate duration
testing...
no interpolation path defined
executed 34.0
calculate duration
testing...
no interpolation path defined
executed 4.0
calculate duration
testing...
no interpolation path defined
executed 36.0
calculate duration
testing...
no interpolation path defined
executed 34.0
calculate duration
testing...
no interpolation path defined
executed 4.0
calculate duration
testing...
no interpolation path defined
executed 36.0
calculate duration
testing...
no interpolation path defined
executed 70.0
executed 250.0
script duration name:sniffair_x2 seconds:250.0
Script duration 806.0
Run total estimated duration= 807.000
script duration name:unknown400_120 seconds:556.0
sniffair_x2 in script context. using previous estimated duration
script duration name:sniffair_x2 seconds:250.0
Script duration 806.0
Run total estimated duration= 807.000
script duration name:unknown120_60 seconds:214.0
script duration name:co2 seconds:0.0
Script duration 214.0
Run total estimated duration= 215.000
script duration name:unknown120_60 seconds:214.0
script duration name:co2 seconds:0.0
Script duration 214.0
Run total estimated duration= 215.000
script duration name:unknown120_60 seconds:214.0
script duration name:co2 seconds:0.0
Script duration 214.0
Run total estimated duration= 215.000
script duration name:unknown120_60 seconds:214.0
script duration name:co2 seconds:0.0
Script duration 214.0
Run total estimated duration= 215.000
script duration name:unknown120_60 seconds:214.0
script duration name:co2 seconds:0.0
Script duration 214.0
Run total estimated duration= 215.000
script duration name:unknown120_60 seconds:214.0
script duration name:co2 seconds:0.0
Script duration 214.0
Run total estimated duration= 215.000
script duration name:unknown120_60 seconds:214.0
script duration name:co2 seconds:0.0
Script duration 214.0
Run total estimated duration= 215.000
script duration name:unknown120_60 seconds:214.0
script duration name:co2 seconds:0.0
Script duration 214.0
Run total estimated duration= 215.000
script duration name:unknown120_60 seconds:214.0
script duration name:co2 seconds:0.0
Script duration 214.0
Run total estimated duration= 215.000
script duration name:unknown120_60 seconds:214.0
script duration name:co2 seconds:0.0
Script duration 214.0
Run total estimated duration= 215.000
script duration name:unknown120_60 seconds:214.0
script duration name:co2 seconds:0.0
Script duration 214.0
Run total estimated duration= 215.000
script duration name:unknown120_60 seconds:214.0
script duration name:co2 seconds:0.0
Script duration 214.0
Run total estimated duration= 215.000
script duration name:unknown120_60 seconds:214.0
script duration name:co2 seconds:0.0
Script duration 214.0
Run total estimated duration= 215.000
script duration name:unknown120_60 seconds:214.0
script duration name:co2 seconds:0.0
Script duration 214.0
Run total estimated duration= 215.000
script duration name:unknown120_60 seconds:214.0
script duration name:co2 seconds:0.0
Script duration 214.0
Run total estimated duration= 215.000
script duration name:unknown120_60 seconds:214.0
script duration name:co2 seconds:0.0
Script duration 214.0
Run total estimated duration= 215.000
script duration name:unknown120_60 seconds:214.0
script duration name:co2 seconds:0.0
Script duration 214.0
Run total estimated duration= 215.000
script duration name:unknown120_60 seconds:214.0
script duration name:co2 seconds:0.0
Script duration 214.0
Run total estimated duration= 215.000
script duration name:unknown400_120 seconds:556.0
script duration name:co2 seconds:0.0
Script duration 556.0
Run total estimated duration= 557.000
script duration name:unknown400_120 seconds:556.0
script duration name:cocktail_x1 seconds:108.0
Script duration 664.0
Run total estimated duration= 665.000
script duration name:unknown120_60 seconds:214.0
script duration name:cocktail_x1 seconds:108.0
Script duration 322.0
Run total estimated duration= 323.000
script duration name:unknown400_120 seconds:556.0
script duration name:sniffair_x2 seconds:250.0
Script duration 806.0
Run total estimated duration= 807.000
script duration name:unknown400_120 seconds:556.0
script duration name:sniffair_x2 seconds:250.0
Script duration 806.0
Run total estimated duration= 807.000
ic_peak_hop3 in script context. using previous estimated duration
script duration name:ic_peak_hop3 seconds:134.0
air_x1 in script context. using previous estimated duration
script duration name:air_x1 seconds:106.0
Script duration 240.0
Run total estimated duration= 241.000
script duration name:unknown120_60 seconds:214.0
script duration name:co2 seconds:0.0
Script duration 214.0
Run total estimated duration= 215.000
script duration name:unknown120_60 seconds:214.0
script duration name:co2 seconds:0.0
Script duration 214.0
Run total estimated duration= 215.000
script duration name:unknown120_60 seconds:214.0
script duration name:co2 seconds:0.0
Script duration 214.0
Run total estimated duration= 215.000
script duration name:unknown120_60 seconds:214.0
script duration name:co2 seconds:0.0
Script duration 214.0
Run total estimated duration= 215.000
script duration name:unknown120_60 seconds:214.0
script duration name:co2 seconds:0.0
Script duration 214.0
Run total estimated duration= 215.000
script duration name:unknown120_60 seconds:214.0
script duration name:co2 seconds:0.0
Script duration 214.0
Run total estimated duration= 215.000
script duration name:unknown120_60 seconds:214.0
script duration name:co2 seconds:0.0
Script duration 214.0
Run total estimated duration= 215.000
script duration name:unknown120_60 seconds:214.0
script duration name:co2 seconds:0.0
Script duration 214.0
Run total estimated duration= 215.000
script duration name:unknown120_60 seconds:214.0
script duration name:co2 seconds:0.0
Script duration 214.0
Run total estimated duration= 215.000
script duration name:unknown120_60 seconds:214.0
script duration name:co2 seconds:0.0
Script duration 214.0
Run total estimated duration= 215.000
script duration name:unknown120_60 seconds:214.0
script duration name:co2 seconds:0.0
Script duration 214.0
Run total estimated duration= 215.000
script duration name:unknown120_60 seconds:214.0
script duration name:co2 seconds:0.0
Script duration 214.0
Run total estimated duration= 215.000
script duration name:unknown120_60 seconds:214.0
script duration name:co2 seconds:0.0
Script duration 214.0
Run total estimated duration= 215.000
script duration name:unknown120_60 seconds:214.0
script duration name:co2 seconds:0.0
Script duration 214.0
Run total estimated duration= 215.000
script duration name:unknown120_60 seconds:214.0
script duration name:co2 seconds:0.0
Script duration 214.0
Run total estimated duration= 215.000
script duration name:unknown400_120 seconds:556.0
script duration name:co2 seconds:0.0
Script duration 556.0
Run total estimated duration= 557.000
script duration name:unknown400_120 seconds:556.0
script duration name:cocktail_x1 seconds:108.0
Script duration 664.0
Run total estimated duration= 665.000
script duration name:unknown120_60 seconds:214.0
script duration name:cocktail_x1 seconds:108.0
Script duration 322.0
Run total estimated duration= 323.000
script duration name:ic_peak_hop3 seconds:134.0
script duration name:air_x1 seconds:106.0
Script duration 240.0
Run total estimated duration= 241.000
script duration name:unknown120_60 seconds:214.0
script duration name:co2 seconds:0.0
Script duration 214.0
Run total estimated duration= 215.000
script duration name:unknown120_60 seconds:214.0
script duration name:co2 seconds:0.0
Script duration 214.0
Run total estimated duration= 215.000
script duration name:unknown120_60 seconds:214.0
script duration name:co2 seconds:0.0
Script duration 214.0
Run total estimated duration= 215.000
script duration name:unknown120_60 seconds:214.0
script duration name:co2 seconds:0.0
Script duration 214.0
Run total estimated duration= 215.000
script duration name:unknown120_60 seconds:214.0
script duration name:co2 seconds:0.0
Script duration 214.0
Run total estimated duration= 215.000
script duration name:unknown120_60 seconds:214.0
script duration name:co2 seconds:0.0
Script duration 214.0
Run total estimated duration= 215.000
script duration name:unknown120_60 seconds:214.0
script duration name:co2 seconds:0.0
Script duration 214.0
Run total estimated duration= 215.000
script duration name:unknown120_60 seconds:214.0
script duration name:co2 seconds:0.0
Script duration 214.0
Run total estimated duration= 215.000
script duration name:unknown120_60 seconds:214.0
script duration name:co2 seconds:0.0
Script duration 214.0
Run total estimated duration= 215.000
script duration name:unknown120_60 seconds:214.0
script duration name:co2 seconds:0.0
Script duration 214.0
Run total estimated duration= 215.000
script duration name:unknown400_120 seconds:556.0
script duration name:sniffair_x2 seconds:250.0
Script duration 806.0
Run total estimated duration= 807.000
script duration name:unknown400_120 seconds:556.0
script duration name:sniffair_x2 seconds:250.0
Script duration 806.0
Run total estimated duration= 807.000
script duration name:unknown400_120 seconds:556.0
script duration name:co2 seconds:0.0
Script duration 556.0
Run total estimated duration= 557.000
nruns=65 before=5.0, run_dur=20647.0, btw=2880.0
write rem/ex queues
/Users/jan/PychronDev/experiments/rem/CurrentExperiment.rem.txt
/Users/jan/PychronDev/experiments/rem/CurrentExperiment.ex.txt
doing event level: 3
