do run
loading script "jan_unknown120_60.py"
loading script "jan_pump_ms.py"
loading script "jan_co2.py"
loading script "jan_pump_extraction_line.py"
testing...
no interpolation path defined
executed 213.652928
script duration name:unknown120_60 seconds:214.0
loading script "jan_unknown120_60.py"
loading script "jan_pump_ms.py"
loading script "jan_co2.py"
loading script "jan_pump_extraction_line.py"
testing...
no interpolation path defined
executed 0
loading script "jan_unknown120_60.py"
loading script "jan_pump_ms.py"
loading script "jan_co2.py"
loading script "jan_pump_extraction_line.py"
testing...
no interpolation path defined
calculate duration
testing...
no interpolation path defined
executed 0
calculate duration
testing...
no interpolation path defined
executed 0
executed 0.0
script duration name:co2 seconds:0.0
loading script "jan_unknown120_60.py"
loading script "jan_pump_ms.py"
loading script "jan_co2.py"
loading script "jan_pump_extraction_line.py"
testing...
no interpolation path defined
calculate duration
testing...
no interpolation path defined
executed 4.0
executed 4.0
Script duration 214.0
Run total estimated duration= 215.000
run duration: 0:03:35
doing event level: 2
06:21:04 -- Setting default integration. t=1.048576
setting integration time = 1.048576
SetIntegrationTime 1.048576 ===>> OK
----------------- start -----------------
**************** Experiment Type: Ar/Ar, Ar/Ar
create new session 5004766384
close session 5004766384
$$$$$ Clearing conditionals
adding conditionals 
Add queue conditionals
add default conditionals
adding default conditionals from /Users/jan/PychronDev/setupfiles/spectrometer/default_conditionals.yaml
Start automated run 65571-14
loading script "jan_unknown120_60.py"
loading script "jan_pump_ms.py"
loading script "jan_co2.py"
loading script "jan_pump_extraction_line.py"
%%%%%%%%%%%%%%%%%% setting automated run 65571-14
No value "sensitivity_multiplier" in metadata
$$$$$$$$$$$$$$$ auto_save_detector_ic=False
============================= Pre Extraction Check =============================
loading queue conditionals pre_run_terminations
loading system conditionals pre_run_terminations
loading conditionals from /Users/jan/PychronDev/setupfiles/spectrometer/default_conditionals.yaml
06:21:04 -- ******* Pre Extraction Check *******
Get a measurement from the spectrometer
GetData ===>> H2,-0.155181978329286,H1,0.00920670379078743,AX,-0.0654755726661172,L1,-0.00232563850777593,L2,0....
Pre Extraction Termination data. keys=H2,H1,AX,L1,L2,CDD, signals=-0.15518,0.00921,-0.06548,-0.00233,0.09026,0.00357
06:21:04 -- testing system defined conditionals
Checking default pre extraction terminations n=2
testing CDD
evaluate ot="CDD.inactive" t="CDD", ctx="{'CDD': False}"
GetDeflection CDD ===>> 50
testing CDD==2000
evaluate ot="CDD.deflection==2000" t="CDD==2000", ctx="{'CDD': 50.0}"
06:21:04 -- ******* Pre Extraction Check Passed *******
=================================================================================
06:21:04 -- stopping status monitor
stop 4976489392
Alive clients [4984697584]
06:21:04 -- starting status monitor
start 4976489392
Monitor already running
start extraction
do extraction
Analysis started at 06:21:04.341976
Extraction Started jan_co2.py
06:21:04 -- ******* Extraction Started jan_co2.py *******
state changed from not run to extraction
DO EXTRACTION <pychron.extraction_line.pyscript_runner.RemotePyScriptRunner object at 0x12988f3b0>
testing...
no interpolation path defined
calculate duration
testing...
no interpolation path defined
executed 0
calculate duration
testing...
no interpolation path defined
executed 0
executed 100.0
Jan CO2 laser analysis
doing GOSUB
testing...
no interpolation path defined
executed 0
Waiting for CO2 access
wait ('FelixCO2Flag', 0) {}
waiting for FelixCO2Flag = 0
Read FelixCO2Flag ===>> 0
finished waiting
CO2 free
wait ('CO2PumpTimeFlag', 0) {}
waiting for CO2PumpTimeFlag = 0
Read CO2PumpTimeFlag ===>> 0
finished waiting
acquire ('JanCO2Flag',) {'clear': True}
acquire JanCO2Flag
Set JanCO2Flag 1 ===>> OK
JanCO2Flag acquired
set extraction state False (0.75, 'red', 1.5)
CO2 acquired
executed 0
WaitForCO2Access.py completed successfully
gosub finished
doing GOSUB
testing...
no interpolation path defined
executed 0
Prepare for CO2 analysis
close () {'description': 'Jan Inlet'}
closing name=--- desc=Jan Inlet
checking ownership. requestor=129.138.12.150
check software interlocks R
interlocks []
actuate state mode=None-script, software_lock=False
doing actuation None-script close_channel False
Close R ===>> OK
Get Checksum: -1965264452
GetIndicatorState R ===>> False
change switch state (True, True)
update switch state R False args=() kw={} ncanvase=2
06:21:04 -- CLOSE  VALVE-R (Jan Inlet)
---------------------------------------- close None (Jan Inlet) result=[(True, True)]
action=close, ok=True, locked=[False]
open () {'description': 'Jan Ion Pump'}
opening name=--- desc=Jan Ion Pump
checking ownership. requestor=129.138.12.150
check software interlocks O
interlocks []
actuate state mode=None-script, software_lock=False
doing actuation None-script open_channel False
Open O ===>> OK
GetIndicatorState O ===>> OK
change switch state (True, True)
update switch state O True args=() kw={} ncanvase=2
06:21:05 -- OPEN   VALVE-O (Jan Ion Pump)
---------------------------------------- open None (Jan Ion Pump) result=[(True, True)], time=0.11 sec
action=open, ok=True, locked=[False]
close () {'description': 'Microbone to Minibone'}
closing name=--- desc=Microbone to Minibone
checking ownership. requestor=129.138.12.150
check software interlocks L
interlocks []
actuate state mode=None-script, software_lock=False
doing actuation None-script close_channel False
Close L ===>> OK
GetIndicatorState L ===>> False
change switch state (True, True)
update switch state L False args=() kw={} ncanvase=2
06:21:05 -- CLOSE  VALVE-L (Microbone to Minibone)
---------------------------------------- close None (Microbone to Minibone) result=[(True, True)]
action=close, ok=True, locked=[False]
open () {'description': 'Microbone to Turbo'}
opening name=--- desc=Microbone to Turbo
checking ownership. requestor=129.138.12.150
check software interlocks U
interlocks []
actuate state mode=None-script, software_lock=False
doing actuation None-script open_channel False
Open U ===>> OK
GetIndicatorState U ===>> OK
change switch state (True, True)
update switch state U True args=() kw={} ncanvase=2
06:21:06 -- OPEN   VALVE-U (Microbone to Turbo)
---------------------------------------- open None (Microbone to Turbo) result=[(True, True)], time=0.14 sec
action=open, ok=True, locked=[False]
open () {'description': 'Microbone to Inlet Pipette'}
opening name=--- desc=Microbone to Inlet Pipette
checking ownership. requestor=129.138.12.150
check software interlocks S
interlocks []
actuate state mode=None-script, software_lock=False
doing actuation None-script open_channel False
Open S ===>> OK
GetIndicatorState S ===>> OK
change switch state (True, True)
update switch state S True args=() kw={} ncanvase=2
06:21:07 -- OPEN   VALVE-S (Microbone to Inlet Pipette)
---------------------------------------- open None (Microbone to Inlet Pipette) result=[(True, True)], time=0.71 sec
action=open, ok=True, locked=[False]
open () {'description': 'Microbone to Getter D-50'}
opening name=--- desc=Microbone to Getter D-50
checking ownership. requestor=129.138.12.150
check software interlocks K
interlocks []
actuate state mode=None-script, software_lock=False
doing actuation None-script open_channel False
Open K ===>> OK
Get Checksum: -1965264452
GetIndicatorState K ===>> OK
change switch state (True, True)
update switch state K True args=() kw={} ncanvase=2
06:21:07 -- OPEN   VALVE-K (Microbone to Getter D-50)
---------------------------------------- open None (Microbone to Getter D-50) result=[(True, True)], time=0.43 sec
action=open, ok=True, locked=[False]
open () {'description': 'Microbone to Getter NP-10'}
opening name=--- desc=Microbone to Getter NP-10
checking ownership. requestor=129.138.12.150
check software interlocks M
interlocks []
actuate state mode=None-script, software_lock=False
doing actuation None-script open_channel False
Open M ===>> OK
GetIndicatorState M ===>> OK
change switch state (True, True)
update switch state M True args=() kw={} ncanvase=2
06:21:08 -- OPEN   VALVE-M (Microbone to Getter NP-10)
---------------------------------------- open None (Microbone to Getter NP-10) result=[(True, True)], time=0.15 sec
action=open, ok=True, locked=[False]
close () {'description': 'CO2 Laser to Felix'}
closing name=--- desc=CO2 Laser to Felix
checking ownership. requestor=129.138.12.150
check software interlocks F
interlocks []
actuate state mode=None-script, software_lock=True
VALVE-F(CO2 Laser to Felix) software locked
change switch state (True, False)
---------------------------------------- close None (CO2 Laser to Felix) result=[(True, False)]
action=close, ok=True, locked=[True]
open () {'description': 'CO2 Laser to Jan'}
opening name=--- desc=CO2 Laser to Jan
checking ownership. requestor=129.138.12.150
check software interlocks A
interlocks []
actuate state mode=None-script, software_lock=False
doing actuation None-script open_channel False
Open A ===>> OK
GetIndicatorState A ===>> OK
change switch state (True, True)
update switch state A True args=() kw={} ncanvase=2
06:21:08 -- OPEN   VALVE-A (CO2 Laser to Jan)
---------------------------------------- open None (CO2 Laser to Jan) result=[(True, True)], time=0.12 sec
action=open, ok=True, locked=[False]
open () {'description': 'Microbone to CO2 Laser'}
opening name=--- desc=Microbone to CO2 Laser
checking ownership. requestor=129.138.12.150
check software interlocks T
interlocks []
actuate state mode=None-script, software_lock=False
doing actuation None-script open_channel False
Open T ===>> OK
GetIndicatorState T ===>> OK
change switch state (True, True)
update switch state T True args=() kw={} ncanvase=2
06:21:09 -- OPEN   VALVE-T (Microbone to CO2 Laser)
---------------------------------------- open None (Microbone to CO2 Laser) result=[(True, True)], time=0.41 sec
action=open, ok=True, locked=[False]
executed 0
PrepareForCO2Analysis.py completed successfully
gosub finished
set_motor ('beam', '1.25') {}
setting motor "beam" to 1.25
set motor beam to 1.25
SetMotor beam,1.25 ===>> OK
GetMotorMoving beam ===>> False
GetMotorMoving beam ===>> False
Block completed
move_to_position ('197',) {'autocenter': True}
FusionsCO2 move to position 197
sending GoToHole 197,True
GoToHole 197,True ===>> OK
Get Checksum: -1965264452
GetDriveMoving ===>> OK
GetDriveMoving ===>> OK
GetDriveMoving ===>> OK
GetDriveMoving ===>> OK
GetDriveMoving ===>> OK
GetDriveMoving ===>> OK
GetDriveMoving ===>> OK
GetDriveMoving ===>> OK
GetDriveMoving ===>> OK
GetDriveMoving ===>> OK
Get Checksum: -1965264452
GetDriveMoving ===>> OK
GetDriveMoving ===>> OK
GetDriveMoving ===>> OK
GetDriveMoving ===>> OK
GetDriveMoving ===>> OK
GetDriveMoving ===>> OK
GetDriveMoving ===>> OK
GetDriveMoving ===>> OK
GetDriveMoving ===>> OK
GetDriveMoving ===>> OK
GetDriveMoving ===>> OK
GetDriveMoving ===>> OK
Get Checksum: -1965264452
GetDriveMoving ===>> OK
GetDriveMoving ===>> OK
GetDriveMoving ===>> OK
GetDriveMoving ===>> OK
GetDriveMoving ===>> OK
GetDriveMoving ===>> OK
GetDriveMoving ===>> OK
GetDriveMoving ===>> OK
GetDriveMoving ===>> OK
GetDriveMoving ===>> OK
GetDriveMoving ===>> OK
GetDriveMoving ===>> OK
Get Checksum: -1965264452
GetDriveMoving ===>> OK
GetDriveMoving ===>> OK
GetDriveMoving ===>> OK
GetDriveMoving ===>> False
GetDriveMoving ===>> OK
GetDriveMoving ===>> OK
GetDriveMoving ===>> OK
GetDriveMoving ===>> OK
GetDriveMoving ===>> OK
GetDriveMoving ===>> OK
GetDriveMoving ===>> OK
Get Checksum: -1965264452
GetDriveMoving ===>> OK
GetDriveMoving ===>> OK
GetDriveMoving ===>> OK
GetDriveMoving ===>> OK
GetDriveMoving ===>> OK
GetDriveMoving ===>> OK
GetDriveMoving ===>> OK
GetDriveMoving ===>> OK
GetDriveMoving ===>> OK
GetDriveMoving ===>> OK
GetDriveMoving ===>> OK
GetDriveMoving ===>> OK
Get Checksum: -1965264452
GetDriveMoving ===>> False
Block completed
GetAutoCorrecting ===>> False
GetAutoCorrecting ===>> False
Block completed
update position
GetPosition ===>> -9.96950,-11.96340,1.00000
got position (-9.9695, -11.9634, 1.0)
move to position succeeded
sleep (5,) {}
SLEEP 5.0
block started
WaitControl setup for 5.0  
Get Checksum: -1965264452
Get Checksum: -1965264452
Join finished
block finished. duration 5.02160906792
close () {'description': 'Microbone to Turbo'}
closing name=--- desc=Microbone to Turbo
checking ownership. requestor=129.138.12.150
check software interlocks U
interlocks []
actuate state mode=None-script, software_lock=False
doing actuation None-script close_channel True
Close U ===>> OK
GetIndicatorState U ===>> False
change switch state (True, True)
update switch state U False args=() kw={} ncanvase=2
06:21:32 -- CLOSE  VALVE-U (Microbone to Turbo)
---------------------------------------- close None (Microbone to Turbo) result=[(True, True)]
action=close, ok=True, locked=[False]
enable laser
enable () {}
set extraction state FusionsCO2 Enabled (False, 'red', 1.5)
enabling laser
Enable ===>> OK
begin interval
BEGIN INTERVAL Interval 1 waiting for 30.0
block started
set extract to 5.0
WaitControl setup for 30.0  
extract (5.0,) {}
GetPosition ===>> -9.96950,-11.96340,1.00000
set extraction state FusionsCO2 ON! 5.0(watts) (0.75, 'red', 1.5)
extract sample to 5.0 (watts)
set laser output
SetLaserOutput 5.0,watts ===>> OK
executing pattern triangle.lp
execute_pattern ('triangle.lp',) {}
executing pattern triangle.lp
IsPatterning ===>> OK
Get Checksum: 1551197106
IsPatterning ===>> OK
IsPatterning ===>> OK
IsPatterning ===>> OK
Get Checksum: 1551197106
IsPatterning ===>> OK
IsPatterning ===>> OK
IsPatterning ===>> OK
Get Checksum: 1551197106
IsPatterning ===>> OK
IsPatterning ===>> OK
IsPatterning ===>> OK
Get Checksum: 1551197106
IsPatterning ===>> OK
IsPatterning ===>> OK
IsPatterning ===>> OK
Get Checksum: 1551197106
IsPatterning ===>> OK
IsPatterning ===>> OK
IsPatterning ===>> OK
Get Checksum: 1551197106
IsPatterning ===>> OK
IsPatterning ===>> OK
IsPatterning ===>> OK
Get Checksum: 1551197106
IsPatterning ===>> OK
IsPatterning ===>> OK
IsPatterning ===>> OK
IsPatterning ===>> OK
IsPatterning ===>> OK
Get Checksum: 1551197106
IsPatterning ===>> OK
IsPatterning ===>> OK
IsPatterning ===>> OK
Get Checksum: 1551197106
IsPatterning ===>> OK
IsPatterning ===>> False
Join finished
block finished. duration 30.0619499683
Interval 1 finished
IsPatterning ===>> False
Block completed
COMPLETE INTERVAL waiting for Interval 1 to complete
end_extract () {}
ending extraction. set laser power to 0
set laser power 0
SetLaserPower 0 ===>> OK
disable () {}
%%%%%%%%%%%%%%%%%%%%%%%%%%%%%%%%%%% disable
set extraction state False (0.75, 'red', 1.5)
disabling laser
Disable ===>> OK
sleep (30.0,) {}
SLEEP 30.0
block started
WaitControl setup for 30.0  
Get Checksum: 1551197106
Get Checksum: 1551197106
Get Checksum: 1551197106
Get Checksum: 1551197106
Get Checksum: 1551197106
Get Checksum: 1551197106
Get Checksum: 1551197106
Get Checksum: 1551197106
Get Checksum: 1551197106
Get Checksum: 1551197106
Join finished
block finished. duration 30.0790779591
executed 165.0
jan_co2.py completed successfully
GetAchievedOutput ===>> No Response
Requested Output= 0.000
Achieved Output=  0.000
GetResponseBlob ===>> No Response
GetOutputBlob ===>> No Response
persistence save...
persistence save - db
AutomatedRunPersister post_extraction_save deprecated
persistence save - dvc
no extraction position for 197
create new session 4984345712
close session 4984345712
Extraction Finished
06:22:33 -- ******* Extraction Finished *******
no overlap. not waiting for min ms pumptime
06:22:33 -- Sending spectrometer configuration
======== Sending configuration ========
SetDeflection CDD,50.0 ===>> OK
SetDeflection H2,0.0 ===>> OK
SetDeflection H1,0.0 ===>> OK
SetDeflection L2,825.0 ===>> OK
SetDeflection L1,400.0 ===>> OK
SetDeflection AX,190.0 ===>> OK
SetZFocus 74.64 ===>> OK
SetZSymmetry -50.72 ===>> OK
SetExtractionLens 26.13 ===>> OK
SetIonRepeller -3.81 ===>> OK
SetElectronEnergy 75.08 ===>> OK
SetYSymmetry -2.81 ===>> OK
SetIonCounterVoltage 1590.0 ===>> OK
send trap current 200.0
GetParameter Trap Current Readback ===>> 198.594579747299
SetParameter Trap Current Set,200.0 ===>> OK
updating mftable name mftable
Using mftable located at /Users/jan/PychronDev/setupfiles/spectrometer/mftables/mftable.csv
============ MFtable ===========
Isotope  H2     H1     AX     L1     L2     CDD    
Ar40     5.7810 5.8788 5.9923 6.1209 6.2307 6.3491
Ar39     5.6803 5.7711 5.8847 6.0070 6.1158 6.2356
Ar36     5.3578 5.4401 5.5480 5.6658 5.7708 5.8868
================================
get initial guess parabolic
get initial guess parabolic
get initial guess parabolic
get initial guess parabolic
get initial guess parabolic
get initial guess parabolic
======== Configuration Finished ========
GetYSymmetry ===>> -2.81
GetZSymmetry ===>> -50.72
GetParameter Trap Current Readback ===>> 198.035158395898
GetHighVoltage ===>> 4500
start measurement
do measurement
L#=65571 analysis type=unknown
Measurement Started jan_unknown120_60.py
06:22:34 -- ******* Measurement Started jan_unknown120_60.py *******
state changed from extraction to measurement
setting spec, defl, and gains
GetExtractionLens ===>> 26.13
GetYSymmetry ===>> -2.81
GetZSymmetry ===>> -50.72
GetZFocus ===>> 74.64
GetDeflection H2 ===>> 0
GetDeflection H1 ===>> 0
GetDeflection AX ===>> 190
GetDeflection L1 ===>> 400
GetDeflection L2 ===>> 825
GetDeflection CDD ===>> 50
GetGain H2 ===>> 0.0113
GetGain H1 ===>> 0.1
GetGain AX ===>> 0.097049
GetGain L1 ===>> 0.010355
GetGain L2 ===>> 0.095649
GetGain CDD ===>> 0
pre measurement save
New frame /Users/jan/PychronDev/data/isotopes/15/5d80a5-0c5c-45cc-8e7b-81f542fc20dd.h5
flush and close file /Users/jan/PychronDev/data/isotopes/15/5d80a5-0c5c-45cc-8e7b-81f542fc20dd.h5
testing...
no interpolation path defined
executed 226.132928
unknown measurement script
activate_detectors ('H2', 'H1', 'AX', 'L1', 'L2', 'CDD') {}
activate detectors
*************** Set Analysis View Ar/Ar
create graphs
Get Checksum: 1551197106
clearing graphs
clear isotope group
setting isotope det=H2, iso=PM41
setting isotope det=H1, iso=Ar40
setting isotope det=AX, iso=Ar39
setting isotope det=L1, iso=Ar38
setting isotope det=L2, iso=Ar37
setting isotope det=CDD, iso=Ar36
setting previous blanks
 - setting Ar40 blank 0.212+/-0.007
 - setting Ar36 blank 0.00452+/-0.00017
 - setting Ar37 blank 0.031+/-0.005
 - setting Ar38 blank 0.0098+/-0.0022
 - setting PM41 blank 0.04+/-0.06
 - setting Ar39 blank 0.020+/-0.008
load analysis view
position_magnet ('Ar40',) {'detector': 'H1'}
detector Detector(H1)
POSITION Ar40 H1
setting detector H2 to PM41 (40.9624)
setting detector H1 to Ar40 (39.9624)
setting detector AX to Ar39 (38.9624)
setting detector L1 to Ar38 (37.9624)
setting detector L2 to Ar37 (36.9624)
setting detector CDD to Ar36 (35.9624)
Mapping mass to dac mass func: "parabolic"
H1 map mass coeffs = [-0.00063987  0.15840543  0.57042999]
H1 map mass to dac 39.9624 >> 5.87882
GetDeflection H1 ===>> 0
GetHighVoltage ===>> 4500
positioning Ar40 (5.87882) on H1
setting magnet DAC
current  : 5.878821
requested: 5.878820
Delta Dac: 0.000001
Checking detector protection. dv=0.00000
Checking detector "CDD". Protection Threshold: 0.1 (V)
SetMagnetDAC 5.87882 ===>> OK
Magnet settling time: 0.500
equilibrate () {'delay': 3, 'inlet': 'R', 'outlet': 'O', 'eqtime': 12.0}
Equilibration Started
06:22:36 -- ******* Equilibration Started *******
checking ownership. requestor=129.138.12.150
check software interlocks O
interlocks []
actuate state mode=None-script, software_lock=False
doing actuation None-script close_channel True
Close O ===>> OK
GetIndicatorState O ===>> False
change switch state (True, True)
update switch state O False args=() kw={} ncanvase=2
06:22:36 -- CLOSE  VALVE-O (Jan Ion Pump)
waiting 3s before opening inlet value ('R',)
Get Checksum: -598318598
checking ownership. requestor=129.138.12.150
check software interlocks R
interlocks []
actuate state mode=None-script, software_lock=False
doing actuation None-script open_channel True
Open R ===>> OK
set states for children of R. state=True
handle state [('R', True)]
update switch state R True args=() kw={'refresh': False} ncanvase=2
refresh_canvas_needed fired
GetIndicatorState R ===>> OK
change switch state (True, True)
update switch state R True args=() kw={} ncanvase=2
06:22:39 -- OPEN   VALVE-R (Jan Inlet)
set_time_zero () {}
equilibrating for 12.0sec
sniff (12.0,) {}
py_sniff
build tables- sniff [Detector(H2), Detector(H1), Detector(AX), Detector(L1), Detector(L2), Detector(CDD)]
add group /sniff/PM41 (Group) '' table H2
add group /sniff/Ar40 (Group) '' table H1
add group /sniff/Ar39 (Group) '' table AX
add group /sniff/Ar38 (Group) '' table L1
add group /sniff/Ar37 (Group) '' table L2
add group /sniff/Ar36 (Group) '' table CDD
flush and close file /Users/jan/PychronDev/data/isotopes/15/5d80a5-0c5c-45cc-8e7b-81f542fc20dd.h5
measuring sniff. ncounts=12.0
starting measurement
GetData ===>> H2,0.0790841934987562,H1,161.939584166405,AX,36.8232192523245,L1,0.129479968590231,L2,0.454249596...
Get Checksum: -1449001502
GetData ===>> H2,1.20720889091323,H1,1188.04603890841,AX,260.232031688138,L1,1.53170928844838,L2,2.391412226259...
GetData ===>> H2,0.635099365473415,H1,1696.20869867583,AX,360.675282533435,L1,3.16222430148782,L2,2.91769185288...
Get Checksum: -1449001502
GetData ===>> H2,0.28914128114702,H1,1858.35180889781,AX,388.560245609466,L1,4.16927924453874,L2,3.157021046430...
GetData ===>> H2,0.21125392164815,H1,1916.94171325282,AX,397.804464672197,L1,4.74464442769547,L2,3.075687821593...
GetData ===>> H2,0.138904468791337,H1,1939.86114698819,AX,401.938122795208,L1,5.05277607570916,L2,3.09188880001...
Get Checksum: -1449001502
GetData ===>> H2,0.0877490391371051,H1,1950.54975917126,AX,403.134840013361,L1,5.24117903398218,L2,3.0502164050...
GetData ===>> H2,0.0504289011118099,H1,1954.48911190121,AX,404.241227730891,L1,5.38862667035816,L2,3.2226715474...
GetData ===>> H2,-0.0339492362422228,H1,1956.32367125411,AX,404.585175219842,L1,5.48522469336525,L2,3.156499537...
Get Checksum: -1449001502
GetData ===>> H2,-0.11287479093423,H1,1956.30143545643,AX,404.940276776665,L1,5.51536604984493,L2,3.04626893305...
GetData ===>> H2,-0.019937860641688,H1,1955.85866982014,AX,404.528968969621,L1,5.54304729507009,L2,3.0531915852...
Equilibration Finished
06:22:51 -- ******* Equilibration Finished *******
checking ownership. requestor=129.138.12.150
check software interlocks R
interlocks []
actuate state mode=None-script, software_lock=False
doing actuation None-script close_channel True
Close R ===>> OK
GetData ===>> H2,0.00053179358739739,H1,1956.11572497915,AX,403.983220637011,L1,5.56695452590152,L2,3.038281870...
set states for children of R. state=False
handle state [('R', False)]
update switch state R False args=() kw={'refresh': False} ncanvase=2
refresh_canvas_needed fired
GetIndicatorState R ===>> False
change switch state (True, True)
update switch state R False args=() kw={} ncanvase=2
06:22:52 -- CLOSE  VALVE-R (Jan Inlet)
Post Equilibration Started jan_pump_extraction_line.py
06:22:52 -- ******* Post Equilibration Started jan_pump_extraction_line.py *******
testing...
no interpolation path defined
calculate duration
testing...
no interpolation path defined
executed 4.0
executed 4.0
Pump after analysis
doing GOSUB
testing...
no interpolation path defined
executed 4.0
Pump Microbone
close () {'description': 'Jan Inlet'}
closing name=--- desc=Jan Inlet
checking ownership. requestor=129.138.12.150
check software interlocks R
interlocks []
actuate state mode=None-script, software_lock=False
doing actuation None-script close_channel False
Close R ===>> OK
GetIndicatorState R ===>> False
change switch state (True, True)
update switch state R False args=() kw={} ncanvase=2
06:22:52 -- CLOSE  VALVE-R (Jan Inlet)
---------------------------------------- close None (Jan Inlet) result=[(True, True)]
action=close, ok=True, locked=[False]
is_closed ('F',) {}
is F () closed?
is closed True
open () {'description': 'CO2 Laser to Jan'}
opening name=--- desc=CO2 Laser to Jan
checking ownership. requestor=129.138.12.150
check software interlocks A
interlocks []
actuate state mode=None-script, software_lock=False
doing actuation None-script open_channel False
Open A ===>> OK
GetIndicatorState A ===>> OK
change switch state (True, True)
update switch state A True args=() kw={} ncanvase=2
06:22:53 -- OPEN   VALVE-A (CO2 Laser to Jan)
---------------------------------------- open None (CO2 Laser to Jan) result=[(True, True)], time=0.14 sec
Get Checksum: -598318598
measurement finished
estimated time: 12.583 actual time: :12.729
flush and close file /Users/jan/PychronDev/data/isotopes/15/5d80a5-0c5c-45cc-8e7b-81f542fc20dd.h5
set_fits () {}
using default fits file=/Users/jan/PychronDev/scripts/measurement/fits/nominal_linear.yaml
set "Ar40" to "('Linear', 'SEM')"
No fit for "PM41". defaulting to linear. check the measurement script "jan_unknown120_60.py"
set "PM41" to "linear"
set "Ar36" to "('Linear', 'SEM')"
set "Ar37" to "('linear', 'SEM')"
set "Ar38" to "('linear', 'SEM')"
set "Ar39" to "('Linear', 'SEM')"
set_baseline_fits () {}
using default fits file=/Users/jan/PychronDev/scripts/measurement/fits/nominal_linear.yaml
set "H1" to "('average', 'SEM')"
set "H2" to "('average', 'SEM')"
set "CDD" to "('average', 'SEM')"
set "L2" to "('average', 'SEM')"
set "L1" to "('average', 'SEM')"
set "AX" to "('average', 'SEM')"
multicollect () {'integration_time': 1, 'ncounts': 120}
build tables- signal [Detector(H2), Detector(H1), Detector(AX), Detector(L1), Detector(L2), Detector(CDD)]
add group /signal/PM41 (Group) '' table H2
add group /signal/Ar40 (Group) '' table H1
add group /signal/Ar39 (Group) '' table AX
add group /signal/Ar38 (Group) '' table L1
add group /signal/Ar37 (Group) '' table L2
add group /signal/Ar36 (Group) '' table CDD
flush and close file /Users/jan/PychronDev/data/isotopes/15/5d80a5-0c5c-45cc-8e7b-81f542fc20dd.h5
measuring signal. ncounts=120
action=open, ok=True, locked=[False]
sleep (1,) {}
SLEEP 1.0
starting measurement
GetData ===>> H2,0.115032448922329,H1,1956.24399409915,AX,404.604603466071,L1,5.62643082116338,L2,2.98185371249...
close () {'description': 'CO2 Laser to Roughing'}
closing name=--- desc=CO2 Laser to Roughing
checking ownership. requestor=129.138.12.150
check software interlocks G
interlocks []
actuate state mode=None-script, software_lock=True
VALVE-G(CO2 Laser to Roughing) software locked
change switch state (True, False)
---------------------------------------- close None (CO2 Laser to Roughing) result=[(True, False)]
action=close, ok=True, locked=[True]
open () {'description': 'Microbone to Turbo'}
opening name=--- desc=Microbone to Turbo
checking ownership. requestor=129.138.12.150
check software interlocks U
interlocks []
actuate state mode=None-script, software_lock=False
doing actuation None-script open_channel True
Open U ===>> OK
GetIndicatorState U ===>> OK
change switch state (True, True)
update switch state U True args=() kw={} ncanvase=2
06:22:54 -- OPEN   VALVE-U (Microbone to Turbo)
---------------------------------------- open None (Microbone to Turbo) result=[(True, True)], time=0.17 sec
action=open, ok=True, locked=[False]
open () {'description': 'Microbone to Getter NP-10'}
opening name=--- desc=Microbone to Getter NP-10
checking ownership. requestor=129.138.12.150
check software interlocks M
interlocks []
actuate state mode=None-script, software_lock=False
doing actuation None-script open_channel False
Open M ===>> OK
GetIndicatorState M ===>> OK
change switch state (True, True)
update switch state M True args=() kw={} ncanvase=2
06:22:55 -- OPEN   VALVE-M (Microbone to Getter NP-10)
---------------------------------------- open None (Microbone to Getter NP-10) result=[(True, True)], time=0.15 sec
GetData ===>> H2,0.0461900998505822,H1,1955.36979103017,AX,404.296058110873,L1,5.62573992176315,L2,3.0380619458...
action=open, ok=True, locked=[False]
open () {'description': 'Microbone to Getter D-50'}
opening name=--- desc=Microbone to Getter D-50
checking ownership. requestor=129.138.12.150
check software interlocks K
interlocks []
actuate state mode=None-script, software_lock=False
doing actuation None-script open_channel False
Open K ===>> OK
GetIndicatorState K ===>> OK
change switch state (True, True)
update switch state K True args=() kw={} ncanvase=2
06:22:55 -- OPEN   VALVE-K (Microbone to Getter D-50)
---------------------------------------- open None (Microbone to Getter D-50) result=[(True, True)], time=0.41 sec
action=open, ok=True, locked=[False]
open () {'description': 'Microbone to CO2 Laser'}
opening name=--- desc=Microbone to CO2 Laser
checking ownership. requestor=129.138.12.150
check software interlocks T
interlocks []
actuate state mode=None-script, software_lock=False
doing actuation None-script open_channel False
GetData ===>> H2,0.0796137884857695,H1,1954.53625853211,AX,404.072489974984,L1,5.5851753923834,L2,2.93452980446...
Open T ===>> OK
GetIndicatorState T ===>> OK
change switch state (True, True)
update switch state T True args=() kw={} ncanvase=2
06:22:56 -- OPEN   VALVE-T (Microbone to CO2 Laser)
---------------------------------------- open None (Microbone to CO2 Laser) result=[(True, True)], time=0.41 sec
Get Checksum: -860229079
action=open, ok=True, locked=[False]
open () {'description': 'Microbone to Inlet Pipette'}
opening name=--- desc=Microbone to Inlet Pipette
checking ownership. requestor=129.138.12.150
check software interlocks S
interlocks []
actuate state mode=None-script, software_lock=False
doing actuation None-script open_channel False
Open S ===>> OK
GetIndicatorState S ===>> OK
change switch state (True, True)
update switch state S True args=() kw={} ncanvase=2
06:22:57 -- OPEN   VALVE-S (Microbone to Inlet Pipette)
---------------------------------------- open None (Microbone to Inlet Pipette) result=[(True, True)], time=0.40 sec
GetData ===>> H2,-0.0652752606866268,H1,1953.46819262666,AX,403.695827742762,L1,5.61987644540405,L2,3.174313560...
action=open, ok=True, locked=[False]
sleep (1,) {}
SLEEP 1.0
GetData ===>> H2,-0.146943674144258,H1,1951.60839426043,AX,403.505396332871,L1,5.6468701157527,L2,2.97541593568...
set_resource () {'name': 'CO2PumpTimeFlag', 'value': 30}
Set CO2PumpTimeFlag 30 ===>> OK
release ('JanCO2Flag',) {}
release JanCO2Flag
Set JanCO2Flag 0 ===>> OK
executed 6.0
PumpMicrobone.py completed successfully
gosub finished
get_resource_value () {'name': 'JanMiniboneFlag'}
Read JanMiniboneFlag ===>> 0
Get Resource Value JanMiniboneFlag=0.0
get resource value 0.0
get_resource_value () {'name': 'JanMiniboneFlag'}
Read JanMiniboneFlag ===>> 0
Get Resource Value JanMiniboneFlag=0.0
executed 4.0
jan_pump_extraction_line.py completed successfully
Post Equilibration Finished
06:22:58 -- ******* Post Equilibration Finished *******
GetData ===>> H2,-0.183205441445053,H1,1950.37326647757,AX,403.820060151498,L1,5.60429294144427,L2,3.1238586226...
Get Checksum: -860229079
GetData ===>> H2,-0.00512479763861571,H1,1949.98631336274,AX,403.345725798333,L1,5.5988778393451,L2,3.094818929...
GetData ===>> H2,-0.00849574973526083,H1,1949.39890507965,AX,403.056504523717,L1,5.55149033397221,L2,3.12718362...
GetData ===>> H2,-0.125571062489931,H1,1949.075365774,AX,403.046531491864,L1,5.61087510400819,L2,3.112204636130...
Get Checksum: -860229079
GetData ===>> H2,-0.186156784007248,H1,1948.21624277256,AX,402.720919469953,L1,5.63369825616784,L2,3.0406200438...
GetData ===>> H2,-0.0485739250928273,H1,1947.62855351002,AX,402.831978464123,L1,5.5862223439887,L2,3.1540195089...
Get Checksum: -860229079
GetData ===>> H2,-0.000563825956999663,H1,1946.36760764158,AX,402.62384138643,L1,5.56190971835732,L2,3.07729737...
GetData ===>> H2,-0.0697663885578045,H1,1946.64712821528,AX,402.442660411405,L1,5.52109217324822,L2,3.120916032...
GetData ===>> H2,-0.103925384911541,H1,1944.72756387363,AX,402.370635912134,L1,5.53776021226896,L2,3.1202672850...
Get Checksum: -860229079
GetData ===>> H2,-0.182095116631643,H1,1944.21430130077,AX,402.340927310042,L1,5.4968638920645,L2,3.09159926633...
GetData ===>> H2,-0.121359936252694,H1,1943.80382605789,AX,402.278413123303,L1,5.51927314646967,L2,2.9895888719...
GetData ===>> H2,-0.0962681704153152,H1,1943.26817270197,AX,402.067913791737,L1,5.53527413430297,L2,2.998842351...
Get Checksum: -860229079
GetData ===>> H2,-0.172924349785079,H1,1942.43844424594,AX,401.934105509187,L1,5.49222384094066,L2,3.1232909507...
GetData ===>> H2,-0.130845499837546,H1,1941.57366346702,AX,401.767035165594,L1,5.52891998736249,L2,3.0401223090...
GetData ===>> H2,-0.0675461508372402,H1,1940.36595277316,AX,401.440608651343,L1,5.51571990960671,L2,3.123302535...
Get Checksum: -860229079
GetData ===>> H2,0.00494252213010433,H1,1939.16839806518,AX,401.178231020396,L1,5.50343622147328,L2,3.116977272...
GetData ===>> H2,-0.0700796553992629,H1,1938.05017071635,AX,400.993927163201,L1,5.49549335388528,L2,3.136591562...
GetData ===>> H2,-0.132802724007569,H1,1938.07655215065,AX,400.798934048726,L1,5.47046583787779,L2,3.0799607266...
Get Checksum: -860229079
GetData ===>> H2,0.0133199829868273,H1,1937.51786744619,AX,400.684597976201,L1,5.45864325997392,L2,3.0695161792...
06:23:19 -- collecting point 25
GetData ===>> H2,-0.141687818804219,H1,1936.81447824925,AX,400.744244557872,L1,5.47039715913171,L2,3.1216111248...
GetData ===>> H2,-0.140653925633681,H1,1935.99901888623,AX,400.840104400928,L1,5.48709819037204,L2,3.0610756744...
Get Checksum: -860229079
GetData ===>> H2,-0.153740253900949,H1,1935.41523926551,AX,400.24752296626,L1,5.49867350486572,L2,2.97879687318...
GetData ===>> H2,-0.0618659090041401,H1,1934.19108804465,AX,400.320453594602,L1,5.50128376768954,L2,3.067582555...
GetData ===>> H2,-0.098211392836649,H1,1933.23568840391,AX,400.181396974658,L1,5.49032973839291,L2,3.1505429404...
Get Checksum: -860229079
GetData ===>> H2,0.011563172618096,H1,1932.17090546312,AX,399.651717182191,L1,5.49390127190629,L2,3.05382830880...
GetData ===>> H2,-0.0574274773708911,H1,1931.67203403786,AX,399.268363585743,L1,5.47905340513216,L2,2.958675082...
GetData ===>> H2,-0.0684616953606015,H1,1931.31892298789,AX,399.652673586136,L1,5.50889765091947,L2,3.048317894...
Get Checksum: -860229079
GetData ===>> H2,-0.0279337185801113,H1,1930.11108521364,AX,399.296436064601,L1,5.48858099710165,L2,3.021383872...
GetData ===>> H2,-0.0628800097720099,H1,1930.09724491498,AX,399.107198204897,L1,5.41917651864505,L2,3.128597074...
Get Checksum: -860229079
GetData ===>> H2,-0.10088802690261,H1,1928.96667958097,AX,398.626571434135,L1,5.42409342105765,L2,3.06731625137...
GetData ===>> H2,-0.105672445355299,H1,1927.3465846339,AX,398.613030673884,L1,5.47543152404254,L2,3.00306559597...
GetData ===>> H2,-0.0626522516918838,H1,1926.42464318093,AX,398.789671179758,L1,5.50379525354031,L2,3.038825895...
Get Checksum: -860229079
GetData ===>> H2,-0.165865560530999,H1,1925.60445843666,AX,398.468620303415,L1,5.47504983214644,L2,3.0161993223...
GetData ===>> H2,-0.0911884939045558,H1,1925.12488486651,AX,398.542823936387,L1,5.47709258672372,L2,3.100320398...
GetData ===>> H2,-0.150575411362064,H1,1924.66983747766,AX,398.595071558993,L1,5.4322548715956,L2,3.02421929001...
Get Checksum: -860229079
GetData ===>> H2,-0.0557047967182165,H1,1923.65355165801,AX,398.037126675435,L1,5.41343502145366,L2,3.023490174...
GetData ===>> H2,-0.0398258657545192,H1,1922.11514582394,AX,397.72675220024,L1,5.43275018046502,L2,3.1031002073...
GetData ===>> H2,-0.00705584001358186,H1,1921.73990574546,AX,398.00481844743,L1,5.49960360779077,L2,3.071148789...
GetData ===>> H2,-0.220814706662333,H1,1921.5104645551,AX,397.658699399811,L1,5.44390298977358,L2,3.09323224756...
GetData ===>> H2,-0.172150000455573,H1,1920.41548914461,AX,397.693604377743,L1,5.41885376557382,L2,3.0069418856...
Get Checksum: -860229079
GetData ===>> H2,-0.111339724545267,H1,1919.31816150443,AX,397.302179712326,L1,5.40770551520019,L2,2.9471341405...
GetData ===>> H2,-0.0664948792400904,H1,1918.75066168335,AX,397.256698330739,L1,5.40081006820106,L2,2.995355903...
GetData ===>> H2,-0.0680629339120983,H1,1918.49376779048,AX,397.021524306645,L1,5.40693984708248,L2,3.017171404...
Get Checksum: -860229079
GetData ===>> H2,-0.101188550385438,H1,1918.15247887125,AX,396.776873752263,L1,5.41163808867227,L2,3.0471487076...
06:23:45 -- collecting point 50
GetData ===>> H2,-0.154479380145336,H1,1917.34074762248,AX,396.963521974447,L1,5.43147765635357,L2,3.0903716531...
GetData ===>> H2,-0.189006230627012,H1,1915.67447628072,AX,396.458990763949,L1,5.40594135085649,L2,3.0659847402...
Get Checksum: -860229079
GetData ===>> H2,-0.0132465704859937,H1,1914.5143869667,AX,396.373994749477,L1,5.42183954253409,L2,3.0599179120...
GetData ===>> H2,-0.0593343300655213,H1,1913.37938277884,AX,396.519767508936,L1,5.4287029262061,L2,2.9680523831...
GetData ===>> H2,-0.0435587813588263,H1,1913.23211775265,AX,396.005686933179,L1,5.42330604129626,L2,3.109690987...
Get Checksum: -860229079
GetData ===>> H2,-0.0487775323527478,H1,1912.59395508823,AX,396.07876557672,L1,5.37637370162818,L2,3.0693424989...
GetData ===>> H2,0.0179140060996802,H1,1911.32813230142,AX,395.925719856124,L1,5.3582426403033,L2,3.03792304656...
Get Checksum: -860229079
GetData ===>> H2,-0.0618130322878686,H1,1911.19390978726,AX,395.945185435171,L1,5.39108204495299,L2,3.016743224...
GetData ===>> H2,-0.0840499053663472,H1,1910.01367665789,AX,395.670689923082,L1,5.39164651318745,L2,3.090487465...
GetData ===>> H2,-0.0682975809463728,H1,1909.45029473248,AX,395.65429676173,L1,5.39964014439809,L2,3.0659152706...
Get Checksum: -860229079
GetData ===>> H2,-0.0262693491608608,H1,1908.52203965357,AX,395.580737615881,L1,5.36618491520879,L2,2.979248445...
GetData ===>> H2,-0.12441227957055,H1,1906.93942365145,AX,395.151633571874,L1,5.3463032192204,L2,2.965030709504...
GetData ===>> H2,-0.109181617233642,H1,1907.00674170738,AX,395.361181462643,L1,5.37292788044991,L2,2.9693953794...
Get Checksum: -860229079
GetData ===>> H2,-0.120532132356258,H1,1906.69507733558,AX,394.867386827595,L1,5.38545394275869,L2,3.0556690421...
GetData ===>> H2,-0.0901465410288945,H1,1905.78678406036,AX,394.769330643715,L1,5.38343603600162,L2,2.993815678...
GetData ===>> H2,-0.0319285720286356,H1,1904.58422522774,AX,394.404244768734,L1,5.37240181313111,L2,3.049475518...
Get Checksum: -860229079
GetData ===>> H2,-0.0930485962363165,H1,1903.83564149026,AX,394.098170232204,L1,5.37492287618583,L2,3.120834939...
GetData ===>> H2,-0.0465376522691182,H1,1902.85947402176,AX,394.148079446633,L1,5.37811831985241,L2,2.934240467...
GetData ===>> H2,-0.121148933148465,H1,1902.81226800866,AX,394.100591539984,L1,5.44727650999843,L2,2.9740728561...
Get Checksum: -860229079
GetData ===>> H2,-0.0863508835451178,H1,1902.03279982405,AX,393.938091251822,L1,5.40594439493368,L2,3.096197163...
GetData ===>> H2,-0.0499040933976118,H1,1900.88077704084,AX,393.65715444539,L1,5.37841014388217,L2,3.1092044820...
GetData ===>> H2,-0.136552563551666,H1,1900.36973472178,AX,393.513761562926,L1,5.36743261180102,L2,2.9436617084...
Get Checksum: -860229079
GetData ===>> H2,-0.0360428530503789,H1,1899.63677273588,AX,393.646075451606,L1,5.39261423108866,L2,3.056166856...
GetData ===>> H2,-0.0509084032560408,H1,1898.85387258906,AX,393.258844724025,L1,5.35130904867937,L2,3.084604394...
GetData ===>> H2,-0.0465267911713348,H1,1897.82409640278,AX,393.427224227946,L1,5.29701332925191,L2,3.006224471...
Get Checksum: -860229079
06:24:11 -- collecting point 75
GetData ===>> H2,-0.0531135026509187,H1,1896.80483054933,AX,393.091401379627,L1,5.31709522358063,L2,3.025503935...
GetData ===>> H2,-0.00711566990946741,H1,1896.43675447573,AX,393.048637227565,L1,5.33346077463835,L2,3.06248816...
GetData ===>> H2,-0.154594230902867,H1,1895.50648856277,AX,392.911587081183,L1,5.3251837107831,L2,2.92175352452...
Get Checksum: -860229079
GetData ===>> H2,-0.164994883266722,H1,1894.98663176517,AX,392.758550087183,L1,5.36338298189686,L2,3.0834926735...
GetData ===>> H2,-0.2910800839092,H1,1894.45060578741,AX,392.814359432867,L1,5.38731094215679,L2,2.959033949711...
Get Checksum: -860229079
GetData ===>> H2,-0.167076298161046,H1,1893.89542688442,AX,392.397420006121,L1,5.34425346214084,L2,3.1707319498...
GetData ===>> H2,-0.0169085851568763,H1,1892.448872301,AX,392.188380632021,L1,5.3054322784714,L2,2.997615910049...
GetData ===>> H2,-0.043604909341832,H1,1891.57789975471,AX,392.128476386494,L1,5.32534149227821,L2,2.9768400833...
Get Checksum: -860229079
GetData ===>> H2,-0.147477230188927,H1,1890.42975846524,AX,391.888180307298,L1,5.37285185782005,L2,2.9194507325...
GetData ===>> H2,-0.149438339450556,H1,1890.47245183948,AX,391.937199524782,L1,5.36025052947032,L2,2.9690364734...
GetData ===>> H2,-0.205643025172476,H1,1889.58411671331,AX,391.813514783571,L1,5.42142992756448,L2,2.9661189642...
Get Checksum: -860229079
GetData ===>> H2,-0.152738910952349,H1,1888.5443378337,AX,391.607618907656,L1,5.3439619679135,L2,2.933198863541...
GetData ===>> H2,-0.0737636229344207,H1,1888.52105412608,AX,391.623865439004,L1,5.35873319220285,L2,3.107907146...
GetData ===>> H2,-0.0788449164239977,H1,1887.77442388687,AX,391.498983039902,L1,5.3486692006066,L2,2.9817726586...
Get Checksum: -860229079
GetData ===>> H2,-0.0414991122286698,H1,1887.09149241926,AX,391.67337923918,L1,5.34120828382269,L2,2.8983231403...
GetData ===>> H2,-0.16207998985732,H1,1886.29203222643,AX,391.275059408036,L1,5.34498830009846,L2,2.95566527602...
GetData ===>> H2,-0.236524886522127,H1,1885.50788980135,AX,390.837523801665,L1,5.3325757491604,L2,3.06666786109...
Get Checksum: -860229079
GetData ===>> H2,-0.198031561629596,H1,1884.69557551557,AX,390.648037987537,L1,5.35509510153332,L2,3.0038061289...
GetData ===>> H2,-0.0432657286333369,H1,1883.48287371815,AX,390.587207795919,L1,5.32127924171066,L2,3.036059499...
GetData ===>> H2,-0.0319733890311334,H1,1882.5172021212,AX,390.559826421195,L1,5.3419262488341,L2,3.01039017770...
Get Checksum: -860229079
GetData ===>> H2,-0.135158519833973,H1,1881.66830275639,AX,390.292882221798,L1,5.37105633502386,L2,2.9565219036...
GetData ===>> H2,-0.236037889503102,H1,1881.67078453651,AX,390.076183068007,L1,5.32819555086955,L2,3.0357585578...
GetData ===>> H2,-0.1613751184312,H1,1881.02960769408,AX,390.071862504108,L1,5.29880630134411,L2,3.018305512394...
Get Checksum: -860229079
GetData ===>> H2,-0.165201422066329,H1,1879.24835399256,AX,390.092699360461,L1,5.32739586441813,L2,2.9127972435...
GetData ===>> H2,-0.134215989734831,H1,1878.7528848362,AX,389.899388966251,L1,5.33163917682418,L2,2.95181054535...
06:24:38 -- collecting point 100
GetData ===>> H2,-0.125360137650097,H1,1877.81620499787,AX,389.738051882512,L1,5.32682078888642,L2,2.9837758652...
Get Checksum: -860229079
GetData ===>> H2,-0.110111792812074,H1,1877.40576581852,AX,389.424110395038,L1,5.32816520132084,L2,3.0484915368...
GetData ===>> H2,-0.128427626350348,H1,1876.72130269358,AX,389.402006937429,L1,5.33358829624252,L2,3.0348441626...
Get Checksum: -860229079
GetData ===>> H2,-0.154103742482325,H1,1875.856056136,AX,389.44356978407,L1,5.35310773935222,L2,2.8947599031835...
GetData ===>> H2,-0.113039926808666,H1,1874.92691347699,AX,389.130116057051,L1,5.36429156744174,L2,3.0295663029...
GetData ===>> H2,-0.189654773959138,H1,1873.95954816699,AX,388.990161563882,L1,5.3207347741448,L2,2.93834912750...
Get Checksum: -860229079
GetData ===>> H2,-0.114287843234609,H1,1873.70021774975,AX,388.678898694671,L1,5.30640100294813,L2,2.9441478414...
GetData ===>> H2,-0.0557916152088117,H1,1872.6612740501,AX,388.482041379978,L1,5.28054835789675,L2,3.0472876201...
GetData ===>> H2,-0.0755014665552144,H1,1872.02683207131,AX,388.36951902548,L1,5.30479559832777,L2,3.0284899325...
Get Checksum: -860229079
GetData ===>> H2,-0.0739208802397485,H1,1871.67575993096,AX,388.375287647838,L1,5.35202302557666,L2,2.925202028...
GetData ===>> H2,-0.0963561981279378,H1,1870.49572536962,AX,388.039839759296,L1,5.31833120541665,L2,2.862534742...
GetData ===>> H2,-0.120787784119423,H1,1870.04641212815,AX,387.86513458704,L1,5.26070109155852,L2,2.97799794240...
Get Checksum: -860229079
GetData ===>> H2,-0.083268360702664,H1,1869.62080932125,AX,387.487675239495,L1,5.27020001382225,L2,2.9403630128...
GetData ===>> H2,-0.165109627509088,H1,1868.72753771065,AX,387.317294350671,L1,5.30652077213019,L2,3.0037945580...
GetData ===>> H2,-0.157482682566432,H1,1867.94099270863,AX,387.168020184912,L1,5.30867984287201,L2,3.0138848804...
Get Checksum: -860229079
GetData ===>> H2,-0.0958618798290358,H1,1867.17516541743,AX,386.917112607125,L1,5.31466165411083,L2,2.957378538...
GetData ===>> H2,-0.132268477239177,H1,1866.49593103146,AX,387.313375522725,L1,5.31171134762593,L2,2.9600526781...
GetData ===>> H2,-0.112413209893449,H1,1865.52593108517,AX,387.143957865354,L1,5.30373453555355,L2,2.9430482582...
Get Checksum: -860229079
GetData ===>> H2,-0.0727685133796981,H1,1864.70347107899,AX,386.990094456029,L1,5.30972008777549,L2,3.000809319...
GetData ===>> H2,-0.0865066127421157,H1,1864.400417271,AX,386.824882291033,L1,5.31115928397498,L2,3.04160394559...
GetData ===>> H2,-0.0367962980458371,H1,1863.1281824037,AX,386.366579310586,L1,5.29757127227906,L2,2.9038880678...
Get Checksum: -860229079
measurement finished
estimated time: 125.829 actual time: :126.196
flush and close file /Users/jan/PychronDev/data/isotopes/15/5d80a5-0c5c-45cc-8e7b-81f542fc20dd.h5
baselines () {'settling_time': 15.0, 'detector': 'H1', 'mass': 34.2, 'ncounts': 60}
%%%%%%%%%%%%%%%%%%%%%%%%%%%%%%%% Baseline
build tables- baseline [Detector(H2), Detector(H1), Detector(AX), Detector(L1), Detector(L2), Detector(CDD)]
add group baseline table H2
add group baseline table H1
add group baseline table AX
add group baseline table L1
add group baseline table L2
add group baseline table CDD
flush and close file /Users/jan/PychronDev/data/isotopes/15/5d80a5-0c5c-45cc-8e7b-81f542fc20dd.h5
detector Detector(H1)
POSITION 34.2 H1
Mapping mass to dac mass func: "parabolic"
H1 map mass coeffs = [-0.00063987  0.15840543  0.57042999]
H1 map mass to dac 34.2 >> 5.23947599104
GetDeflection H1 ===>> 0
GetHighVoltage ===>> 4500
positioning 34.2 (5.23947599104) on H1
setting magnet DAC
current  : 5.878820
requested: 5.239476
Delta Dac: 0.639344
Checking detector protection. dv=0.63934
Checking detector "CDD". Protection Threshold: 0.1 (V)
ProtectDetector CDD,On ===>> OK
GetDeflection CDD ===>> 2000
SetMagnetDAC 5.23947599104 ===>> OK
Magnet settling time: 0.500
GetMagnetMoving ===>> True
GetMagnetMoving ===>> True
GetMagnetMoving ===>> True
GetMagnetMoving ===>> True
GetMagnetMoving ===>> True
GetMagnetMoving ===>> True
GetMagnetMoving ===>> True
Get Checksum: -860229079
GetMagnetMoving ===>> True
GetMagnetMoving ===>> False
ProtectDetector CDD,Off ===>> OK
GetDeflection CDD ===>> 50
Delaying 15.0s for detectors to settle
Get Checksum: -860229079
Get Checksum: -860229079
Get Checksum: -860229079
Get Checksum: -860229079
Get Checksum: -860229079
Join finished
measuring baseline. ncounts=60
starting measurement
GetData ===>> H2,-0.148669873550281,H1,-0.130624179738192,AX,-0.105150248009338,L1,-0.086210944635126,L2,-0.035...
GetData ===>> H2,-0.296241261440042,H1,-0.0789029123217986,AX,-0.104292713569752,L1,-0.0758819617682841,L2,-0.0...
GetData ===>> H2,-0.211389346188305,H1,-0.139853223270037,AX,-0.0515282201266426,L1,-0.0629969924366534,L2,-0.0...
GetData ===>> H2,-0.155072538014004,H1,-0.00442799239348519,AX,-0.119796696166761,L1,-0.0980888570412775,L2,-0....
Get Checksum: -860229079
GetData ===>> H2,-0.122535259981937,H1,-0.134427984291085,AX,-0.0876156424523808,L1,-0.108420654011877,L2,-0.01...
GetData ===>> H2,-0.183115054553543,H1,-0.06141594355189,AX,-0.0219921900909647,L1,-0.0971560238868181,L2,0.036...
GetData ===>> H2,-0.268795670248811,H1,-0.0731338616444031,AX,-0.101557823512601,L1,-0.108653310100781,L2,-0.03...
Get Checksum: -860229079
GetData ===>> H2,-0.213448688036662,H1,0.0598252029732073,AX,-0.165445069760977,L1,-0.0765910597779763,L2,-0.10...
GetData ===>> H2,-0.187509450326727,H1,-0.0269098523467236,AX,-0.0915794582846694,L1,-0.0633797633970271,L2,0.0...
GetData ===>> H2,-0.156274972393107,H1,-0.0628345641173088,AX,-0.133758725702644,L1,-0.0785841579019719,L2,-0.1...
Get Checksum: -860229079
GetData ===>> H2,-0.263535418184726,H1,-0.0571003523050838,AX,-0.0990430474352081,L1,-0.0637756767534752,L2,-0....
GetData ===>> H2,-0.262884605723031,H1,0.0244301335622367,AX,-0.0799888992566601,L1,-0.0929999021554809,L2,0.00...
GetData ===>> H2,-0.246883797303649,H1,-0.0519500108800528,AX,-0.0602817797226242,L1,-0.113578085348976,L2,0.00...
Get Checksum: -860229079
GetData ===>> H2,-0.214811499404439,H1,0.0191088283219678,AX,-0.126134309399375,L1,-0.0875906036845033,L2,-0.05...
GetData ===>> H2,-0.239842911283439,H1,0.0235233440665673,AX,-0.124998898997076,L1,-0.0197107900640579,L2,-0.04...
GetData ===>> H2,-0.292802529022469,H1,-0.0124910332678361,AX,-0.0140239283364351,L1,0.0113625227954063,L2,0.02...
Get Checksum: -860229079
GetData ===>> H2,-0.238936912803519,H1,-0.0332420271077936,AX,-0.0333693195859134,L1,-0.02620001518448,L2,-0.06...
GetData ===>> H2,-0.216499972577761,H1,-0.0520453899820026,AX,-0.0590760381421089,L1,-0.0624275936302532,L2,0.0...
GetData ===>> H2,-0.226440303623729,H1,0.0067969373365397,AX,-0.0664261922540998,L1,-0.0442285312583536,L2,-0.0...
Get Checksum: -860229079
GetData ===>> H2,-0.204327629952623,H1,0.0235710696247395,AX,-0.0661711488860033,L1,-0.035664601185387,L2,-0.04...
GetData ===>> H2,-0.276989676460479,H1,-0.0315844908796546,AX,-0.131811162631505,L1,-0.0367190172125268,L2,-0.0...
GetData ===>> H2,-0.233219082701348,H1,-0.0389656821523808,AX,-0.0565601638508492,L1,-0.0265163387867152,L2,-0....
Get Checksum: -860229079
GetData ===>> H2,-0.281564973733175,H1,0.0190849666036331,AX,-0.0396429882349498,L1,-0.0402457143215096,L2,0.03...
GetData ===>> H2,-0.199989515447133,H1,0.0795648326187283,AX,-0.0606759612296011,L1,-0.0125170830795622,L2,0.00...
06:25:43 -- collecting point 25
GetData ===>> H2,-0.239873872799982,H1,0.0332717616022606,AX,-0.0905943144590386,L1,-0.044282407015532,L2,-0.04...
Get Checksum: -860229079
GetData ===>> H2,-0.265163629516099,H1,0.0290238644392151,AX,-0.0475163919428826,L1,-0.038299235946303,L2,-0.02...
GetData ===>> H2,-0.24897018896566,H1,0.101548168019838,AX,-0.00655381544749398,L1,-0.0168783827797662,L2,-0.00...
Get Checksum: -860229079
GetData ===>> H2,-0.238628614428657,H1,0.056531000217608,AX,-0.0647452122839893,L1,-0.013840326366633,L2,-0.053...
GetData ===>> H2,-0.251627728444735,H1,-0.0120616569317054,AX,-0.0820637107797999,L1,-0.0293148899405809,L2,0.0...
GetData ===>> H2,-0.304044234157723,H1,-0.0278877284665356,AX,-0.103562644508938,L1,-0.0320923047610459,L2,-0.0...
Get Checksum: -860229079
GetData ===>> H2,-0.164712742482371,H1,0.0860650994028102,AX,-0.0839414350246057,L1,-0.0341182915927458,L2,0.05...
GetData ===>> H2,-0.150216206191952,H1,0.135421252698032,AX,-0.00313175550178837,L1,-0.0177430590573613,L2,-0.0...
GetData ===>> H2,-0.205866734957604,H1,0.0007847036590515,AX,-0.00992935671151191,L1,0.0114309422822223,L2,-0.0...
Get Checksum: -860229079
GetData ===>> H2,-0.187807473717253,H1,0.0170209494934738,AX,-0.0649307011543486,L1,-0.0285326678901192,L2,-0.0...
GetData ===>> H2,-0.229412913981356,H1,0.0473650933203508,AX,-0.0692084401205623,L1,0.00195405320502297,L2,0.10...
GetData ===>> H2,-0.292705875007682,H1,0.0677866404221074,AX,-0.128833752350519,L1,0.0232384575837894,L2,-0.116...
Get Checksum: -860229079
GetData ===>> H2,-0.246219191843655,H1,0.0251221626506261,AX,-0.102496502070348,L1,0.0292076697388066,L2,-0.018...
GetData ===>> H2,-0.268814486067394,H1,0.0312671135161537,AX,-0.139301392428115,L1,0.0252622104594861,L2,0.0088...
GetData ===>> H2,-0.198097641353469,H1,0.0736851382300731,AX,-0.00748181096749213,L1,0.0263766312494653,L2,0.02...
Get Checksum: -860229079
GetData ===>> H2,-0.232026764667219,H1,0.0221870376752033,AX,-0.21062054405322,L1,0.0269711194376412,L2,0.02584...
GetData ===>> H2,-0.292292401250717,H1,-0.0126341583038368,AX,-0.0729759406397707,L1,0.0585698720641598,L2,-0.0...
GetData ===>> H2,-0.233430349408441,H1,-0.00848344916637418,AX,-0.055215245845452,L1,0.00134787301446795,L2,-0....
Get Checksum: -860229079
GetData ===>> H2,-0.261239926757169,H1,-0.00612176196825836,AX,0.0211277184747213,L1,-0.0313055083312392,L2,0.0...
GetData ===>> H2,-0.25315391688588,H1,0.0265062351785474,AX,-0.0241726196567875,L1,-0.0310192763963968,L2,0.005...
GetData ===>> H2,-0.299415989380688,H1,-0.0373917096460506,AX,0.0499313657192175,L1,0.00943256446663872,L2,-0.1...
Get Checksum: -860229079
GetData ===>> H2,-0.26466214933614,H1,0.0587748656880606,AX,-0.0689765891701358,L1,-0.0063828248989623,L2,-0.08...
GetData ===>> H2,-0.197239923502776,H1,0.00382656247166509,AX,-0.145006066848628,L1,-0.0300970511468365,L2,-0.0...
GetData ===>> H2,-0.196102942548206,H1,0.0342144373755683,AX,-0.112299936869447,L1,-0.033272982656951,L2,-0.015...
Get Checksum: -860229079
GetData ===>> H2,-0.212693145740405,H1,0.0364458698312699,AX,-0.0586702563656076,L1,-0.0228324692806841,L2,0.03...
06:26:09 -- collecting point 50
GetData ===>> H2,-0.208917371340766,H1,0.053857524029133,AX,0.0376870335987718,L1,0.00940496202286705,L2,-0.023...
Get Checksum: -860229079
GetData ===>> H2,-0.17036097014156,H1,0.11248795769474,AX,-0.051307921714549,L1,0.0066019076487368,L2,-0.064614...
GetData ===>> H2,-0.128962898602125,H1,0.024000600672003,AX,0.0365961441195459,L1,0.024338121536728,L2,-0.02613...
GetData ===>> H2,-0.139332026902154,H1,0.0350735926468949,AX,-0.0831880315015509,L1,0.0192902704972732,L2,-0.04...
Get Checksum: -860229079
GetData ===>> H2,-0.168614841570283,H1,0.045718183354171,AX,0.00665948052963997,L1,0.0244775410529208,L2,0.0072...
GetData ===>> H2,-0.225749544412249,H1,-0.0189553099392058,AX,-0.143962553847825,L1,-0.0173700940760462,L2,0.01...
GetData ===>> H2,-0.174334644105295,H1,0.0344053601320173,AX,-0.14681479619718,L1,-0.0254247406475237,L2,-0.030...
Get Checksum: -860229079
GetData ===>> H2,-0.127192078349115,H1,0.0652202908482781,AX,-0.0893309977793415,L1,-0.0334573762195234,L2,-0.0...
GetData ===>> H2,-0.18604349255304,H1,0.0290954567184311,AX,-0.0521775178087714,L1,-0.00261960552558218,L2,-0.0...
GetData ===>> H2,-0.166482418500734,H1,0.041171420388131,AX,0.00511648341319216,L1,0.0365442008528161,L2,0.0367...
Get Checksum: -860229079
GetData ===>> H2,-0.194163886580461,H1,0.0495371464381612,AX,-0.121708451142726,L1,0.0368483524524937,L2,-0.000...
measurement finished
estimated time: 62.915 actual time: :63.081
flush and close file /Users/jan/PychronDev/data/isotopes/15/5d80a5-0c5c-45cc-8e7b-81f542fc20dd.h5
activate_detectors ('H1', 'AX', 'CDD') {'peak_center': True}
peak_center () {'detector': 'H1', 'integration_time': 0.262144, 'isotope': 'Ar40'}
peak center: mean=1866.77648502 threshold=3
peak center started
setup peak center. detector=['H1', 'AX', 'CDD'], isotope=Ar40
VersionedUnpickler [<apptools.sweet_pickle.versioned_unpickler.VersionedUnpickler object at 0x1633ed5f0>] using Updater [<apptools.sweet_pickle.updater.Updater object at 0x1356d5710>]
VersionedUnpickler [<apptools.sweet_pickle.versioned_unpickler.VersionedUnpickler object at 0x1633ed5f0>] using Updater [<apptools.sweet_pickle.updater.Updater object at 0x1356d5710>]
VersionedUnpickler [<apptools.sweet_pickle.versioned_unpickler.VersionedUnpickler object at 0x1690d3710>] using Updater [<apptools.sweet_pickle.updater.Updater object at 0x1356d5710>]
setting integration time = 0.524288
SetIntegrationTime 0.524288 ===>> OK
Mapping mass to dac mass func: "parabolic"
H1 map mass coeffs = [-0.00063987  0.15840543  0.57042999]
H1 map mass to dac 39.9624 >> 5.87882
GetDeflection H1 ===>> 0
GetHighVoltage ===>> 4500
do peak center. <pychron.spectrometer.jobs.peak_center.PeakCenter object at 0x1356efa10>
doing pc
starting peak center. center dac= 5.87882 step_width=0.001
width = 0.001
get scan parameters. half-width=0.015,window=0.015, i=0, scalar=1
Scan parameters center=5.87882 width=0.03000 (5.86382 - 5.89382)
GetData ===>> H2,-0.297493279185537,H1,-0.0108570079337287,AX,-0.138594082246305,L1,0.0245376362665525,L2,-0.14...
Moving to starting dac 5.86382
setting magnet DAC
current  : 5.239476
requested: 5.863820
Delta Dac: 0.624344
Checking detector protection. dv=0.62434
Checking detector "CDD". Protection Threshold: 0.1 (V)
ProtectDetector CDD,On ===>> OK
GetDeflection CDD ===>> 2000
SetMagnetDAC 5.86382 ===>> OK
Magnet settling time: 0.500
GetMagnetMoving ===>> True
GetMagnetMoving ===>> True
GetMagnetMoving ===>> True
GetMagnetMoving ===>> True
Get Checksum: -860229079
GetMagnetMoving ===>> True
GetMagnetMoving ===>> True
GetMagnetMoving ===>> True
GetMagnetMoving ===>> True
GetMagnetMoving ===>> False
ProtectDetector CDD,Off ===>> OK
GetDeflection CDD ===>> 50
Wait until signal near baseline. tol= -0.0081427559503. timeout= 10
GetData ===>> H2,18.4547474494529,H1,9.90188249237172,AX,0.415791846198718,L1,0.0546119142021092,L2,0.132200785...
GetData ===>> H2,131.350936143867,H1,67.3236378641696,AX,7.07248885013584,L1,0.113825448569949,L2,-0.1542783354...
GetData ===>> H2,111.63008896618,H1,55.033476727564,AX,7.78677675561202,L1,0.150382113652195,L2,-0.080311429199...
GetData ===>> H2,56.2122325262986,H1,26.6784468931058,AX,3.57952073265464,L1,0.141647194520843,L2,-0.0161906388...
Get Checksum: -860229079
GetData ===>> H2,22.2494660969532,H1,13.5967756368857,AX,1.64424253403968,L1,0.0855421360097175,L2,-0.028371661...
GetData ===>> H2,7.07790132383687,H1,7.33707047620957,AX,0.830679326843456,L1,0.017452713350573,L2,-0.078809623...
GetData ===>> H2,2.03706991046262,H1,4.29328292402549,AX,0.405280447973384,L1,0.00312690539467362,L2,-0.1410648...
GetData ===>> H2,0.739984570934982,H1,2.78454884851256,AX,0.189558863607553,L1,0.0190390904113208,L2,-0.0746909...
GetData ===>> H2,0.521888992597885,H1,2.13063650441441,AX,0.207078442008014,L1,0.0236556438292647,L2,-0.0234766...
GetData ===>> H2,0.569601242625604,H1,1.73591773206911,AX,0.149704857186416,L1,0.0199271865751778,L2,-0.0467882...
Get Checksum: -860229079
GetData ===>> H2,0.605335938398025,H1,1.62112626898308,AX,0.243241385692443,L1,0.0488393302615523,L2,0.02712716...
GetData ===>> H2,0.56821028181528,H1,1.32335369717616,AX,0.218125517251285,L1,0.0732354734812302,L2,0.023983577...
GetData ===>> H2,0.591748643580472,H1,1.30193217117383,AX,0.152116976098699,L1,0.0408608861601947,L2,-0.0650192...
GetData ===>> H2,0.633977674737083,H1,1.33981274465487,AX,-0.0927963868860001,L1,0.0016431562327161,L2,-0.03126...
GetData ===>> H2,0.561007249957003,H1,1.34482777013412,AX,0.0373040603679723,L1,0.00285558865094081,L2,0.069712...
GetData ===>> H2,0.529070061444528,H1,1.3638823432754,AX,0.141123764493164,L1,-0.01793959788055,L2,-0.056689388...
Get Checksum: -860229079
GetData ===>> H2,0.426307975904593,H1,1.37405905710308,AX,0.0730584219188437,L1,-0.0162526401181229,L2,-0.00897...
GetData ===>> H2,0.197127975464023,H1,1.43093796144311,AX,0.00358511196157802,L1,0.0114790407994898,L2,0.117196...
GetData ===>> H2,0.197127975464023,H1,1.43093796144311,AX,0.00358511196157802,L1,0.0114790407994898,L2,0.117196...
GetData ===>> H2,0.0823694753864875,H1,1.41165460188606,AX,0.0769055344775106,L1,-0.00937248377895473,L2,-0.059...
GetData ===>> H2,0.140215261318681,H1,1.27473603453254,AX,0.148823520943794,L1,-0.0184475467997696,L2,-0.036203...
Peak center failed to move to a baseline position
_do_sweep sm= 5.86382, em= 5.89382, stm= 0.001
calculated step values: start=5.86382, end=5.89382, width=0.001, nsteps=31.0
setting magnet DAC
current  : 5.863820
requested: 5.863820
Delta Dac: 0.000000
Checking detector protection. dv=0.00000
Checking detector "CDD". Protection Threshold: 0.1 (V)
SetMagnetDAC 5.86382 ===>> OK
GetData ===>> H2,0.134986665951867,H1,1.28013150958586,AX,0.185962518672963,L1,0.02769536149541,L2,-0.074053749...
setting magnet DAC
current  : 5.863820
requested: 5.864854
Delta Dac: 0.001034
Checking detector protection. dv=0.00103
Checking detector "CDD". Protection Threshold: 0.1 (V)
SetMagnetDAC 5.86485448276 ===>> OK
Magnet settling time: 1.049
Get Checksum: -860229079
GetData ===>> H2,0.105747929009177,H1,3.23372992672313,AX,0.614743444830801,L1,0.0289686162519614,L2,-0.1510890...
setting magnet DAC
current  : 5.864854
requested: 5.865889
Delta Dac: 0.001034
Checking detector protection. dv=0.00103
Checking detector "CDD". Protection Threshold: 0.1 (V)
SetMagnetDAC 5.86588896552 ===>> OK
Magnet settling time: 1.049
GetData ===>> H2,0.150823673168944,H1,11.6085908431118,AX,1.74135842708202,L1,0.0378666658513523,L2,-0.03326640...
setting magnet DAC
current  : 5.865889
requested: 5.866923
Delta Dac: 0.001034
Checking detector protection. dv=0.00103
Checking detector "CDD". Protection Threshold: 0.1 (V)
SetMagnetDAC 5.86692344828 ===>> OK
Magnet settling time: 1.049
GetData ===>> H2,0.151728687389825,H1,46.0647503317164,AX,5.98434546195067,L1,0.000517285350270412,L2,0.0165350...
setting magnet DAC
current  : 5.866923
requested: 5.867958
Delta Dac: 0.001034
Checking detector protection. dv=0.00103
Checking detector "CDD". Protection Threshold: 0.1 (V)
SetMagnetDAC 5.86795793103 ===>> OK
Magnet settling time: 1.049
Get Checksum: -860229079
GetData ===>> H2,0.112785527197,H1,159.90634867445,AX,21.0914554584988,L1,0.0729127579225725,L2,-0.044466446551...
setting magnet DAC
current  : 5.867958
requested: 5.868992
Delta Dac: 0.001034
Checking detector protection. dv=0.00103
Checking detector "CDD". Protection Threshold: 0.1 (V)
SetMagnetDAC 5.86899241379 ===>> OK
Magnet settling time: 1.049
GetData ===>> H2,-0.0504501302037284,H1,436.822776782761,AX,63.8933306073229,L1,0.320768323060465,L2,0.16646011...
setting magnet DAC
current  : 5.868992
requested: 5.870027
Delta Dac: 0.001034
Checking detector protection. dv=0.00103
Checking detector "CDD". Protection Threshold: 0.1 (V)
SetMagnetDAC 5.87002689655 ===>> OK
Magnet settling time: 1.049
GetData ===>> H2,-0.0530124692459486,H1,868.59739552155,AX,142.168397768333,L1,0.959956941020832,L2,0.246225541...
setting magnet DAC
current  : 5.870027
requested: 5.871061
Delta Dac: 0.001034
Checking detector protection. dv=0.00103
Checking detector "CDD". Protection Threshold: 0.1 (V)
SetMagnetDAC 5.87106137931 ===>> OK
Magnet settling time: 1.049
Get Checksum: -860229079
GetData ===>> H2,-0.0881897061236902,H1,1303.22711875315,AX,234.692665337768,L1,1.89902684464238,L2,0.961342313...
setting magnet DAC
current  : 5.871061
requested: 5.872096
Delta Dac: 0.001034
Checking detector protection. dv=0.00103
Checking detector "CDD". Protection Threshold: 0.1 (V)
SetMagnetDAC 5.87209586207 ===>> OK
Magnet settling time: 1.049
GetData ===>> H2,-0.0230091983767567,H1,1588.93878149485,AX,307.088787975253,L1,2.901065542864,L2,1.44509499828...
setting magnet DAC
current  : 5.872096
requested: 5.873130
Delta Dac: 0.001034
Checking detector protection. dv=0.00103
Checking detector "CDD". Protection Threshold: 0.1 (V)
SetMagnetDAC 5.87313034483 ===>> OK
Magnet settling time: 1.049
GetData ===>> H2,-0.063480884609857,H1,1719.88925325492,AX,347.270960144304,L1,3.73424206705812,L2,2.2928069405...
setting magnet DAC
current  : 5.873130
requested: 5.874165
Delta Dac: 0.001034
Checking detector protection. dv=0.00103
Checking detector "CDD". Protection Threshold: 0.1 (V)
SetMagnetDAC 5.87416482759 ===>> OK
Magnet settling time: 1.049
Get Checksum: -860229079
GetData ===>> H2,-0.0333096695897308,H1,1763.54130769465,AX,362.291143022059,L1,4.26938366083666,L2,2.496815796...
setting magnet DAC
current  : 5.874165
requested: 5.875199
Delta Dac: 0.001034
Checking detector protection. dv=0.00103
Checking detector "CDD". Protection Threshold: 0.1 (V)
SetMagnetDAC 5.87519931034 ===>> OK
Magnet settling time: 1.049
GetData ===>> H2,-0.0973604198764135,H1,1776.45877627485,AX,367.259893683226,L1,4.62622209614994,L2,2.709310264...
setting magnet DAC
current  : 5.875199
requested: 5.876234
Delta Dac: 0.001034
Checking detector protection. dv=0.00103
Checking detector "CDD". Protection Threshold: 0.1 (V)
SetMagnetDAC 5.8762337931 ===>> OK
Magnet settling time: 1.049
Get Checksum: -860229079
GetData ===>> H2,0.0261836371549813,H1,1778.73778711948,AX,368.340314029545,L1,4.81862699467089,L2,2.8099358509...
setting magnet DAC
current  : 5.876234
requested: 5.877268
Delta Dac: 0.001034
Checking detector protection. dv=0.00103
Checking detector "CDD". Protection Threshold: 0.1 (V)
SetMagnetDAC 5.87726827586 ===>> OK
Magnet settling time: 1.049
GetData ===>> H2,-0.00561916893890302,H1,1778.72646433895,AX,368.688990736337,L1,4.91863459448192,L2,2.90643978...
setting magnet DAC
current  : 5.877268
requested: 5.878303
Delta Dac: 0.001034
Checking detector protection. dv=0.00103
Checking detector "CDD". Protection Threshold: 0.1 (V)
SetMagnetDAC 5.87830275862 ===>> OK
Magnet settling time: 1.049
GetData ===>> H2,-0.173168515163453,H1,1777.93504700502,AX,368.679791662374,L1,5.02342722953121,L2,2.7880719613...
setting magnet DAC
current  : 5.878303
requested: 5.879337
Delta Dac: 0.001034
Checking detector protection. dv=0.00103
Checking detector "CDD". Protection Threshold: 0.1 (V)
SetMagnetDAC 5.87933724138 ===>> OK
Magnet settling time: 1.049
Get Checksum: -860229079
GetData ===>> H2,-0.0767646932451399,H1,1777.80843471274,AX,368.197408944331,L1,5.0666105874555,L2,2.7876786878...
setting magnet DAC
current  : 5.879337
requested: 5.880372
Delta Dac: 0.001034
Checking detector protection. dv=0.00103
Checking detector "CDD". Protection Threshold: 0.1 (V)
SetMagnetDAC 5.88037172414 ===>> OK
Magnet settling time: 1.049
GetData ===>> H2,-0.142607866134043,H1,1776.89136454184,AX,368.148314648644,L1,5.0822126566821,L2,2.90426666023...
setting magnet DAC
current  : 5.880372
requested: 5.881406
Delta Dac: 0.001034
Checking detector protection. dv=0.00103
Checking detector "CDD". Protection Threshold: 0.1 (V)
SetMagnetDAC 5.8814062069 ===>> OK
Magnet settling time: 1.049
GetData ===>> H2,-0.234899280033614,H1,1776.87533844791,AX,368.100301736893,L1,5.09482311372026,L2,2.7926756937...
setting magnet DAC
current  : 5.881406
requested: 5.882441
Delta Dac: 0.001034
Checking detector protection. dv=0.00103
Checking detector "CDD". Protection Threshold: 0.1 (V)
SetMagnetDAC 5.88244068966 ===>> OK
Magnet settling time: 1.049
Get Checksum: -860229079
GetData ===>> H2,-0.140787864805735,H1,1772.44161198231,AX,366.663946699205,L1,5.07712094496741,L2,2.6042170292...
setting magnet DAC
current  : 5.882441
requested: 5.883475
Delta Dac: 0.001034
Checking detector protection. dv=0.00103
Checking detector "CDD". Protection Threshold: 0.1 (V)
SetMagnetDAC 5.88347517241 ===>> OK
Magnet settling time: 1.049
GetData ===>> H2,-0.0652034701676091,H1,1761.74792652087,AX,361.829809392445,L1,5.04565673774541,L2,2.615531778...
setting magnet DAC
current  : 5.883475
requested: 5.884510
Delta Dac: 0.001034
Checking detector protection. dv=0.00103
Checking detector "CDD". Protection Threshold: 0.1 (V)
SetMagnetDAC 5.88450965517 ===>> OK
Magnet settling time: 1.049
GetData ===>> H2,-0.056159696612263,H1,1716.99668157324,AX,345.250059043012,L1,4.80380997392231,L2,2.4793345546...
setting magnet DAC
current  : 5.884510
requested: 5.885544
Delta Dac: 0.001034
Checking detector protection. dv=0.00103
Checking detector "CDD". Protection Threshold: 0.1 (V)
SetMagnetDAC 5.88554413793 ===>> OK
Magnet settling time: 1.049
Get Checksum: -860229079
GetData ===>> H2,-0.140137021930489,H1,1580.65499824904,AX,299.190449869936,L1,4.30006903345552,L2,1.8298407420...
setting magnet DAC
current  : 5.885544
requested: 5.886579
Delta Dac: 0.001034
Checking detector protection. dv=0.00103
Checking detector "CDD". Protection Threshold: 0.1 (V)
SetMagnetDAC 5.88657862069 ===>> OK
Magnet settling time: 1.049
GetData ===>> H2,-0.189560065561817,H1,1274.87661233989,AX,215.353913238688,L1,3.37782060778706,L2,1.0309450696...
setting magnet DAC
current  : 5.886579
requested: 5.887613
Delta Dac: 0.001034
Checking detector protection. dv=0.00103
Checking detector "CDD". Protection Threshold: 0.1 (V)
SetMagnetDAC 5.88761310345 ===>> OK
Magnet settling time: 1.049
Get Checksum: -860229079
GetData ===>> H2,-0.257645226469185,H1,834.633119809206,AX,121.110046809776,L1,2.34887657865258,L2,0.5971185080...
setting magnet DAC
current  : 5.887613
requested: 5.888648
Delta Dac: 0.001034
Checking detector protection. dv=0.00103
Checking detector "CDD". Protection Threshold: 0.1 (V)
SetMagnetDAC 5.88864758621 ===>> OK
Magnet settling time: 1.049
GetData ===>> H2,-0.294005265179565,H1,420.526074117286,AX,51.1834948783807,L1,1.4451023114944,L2,0.28373035731...
setting magnet DAC
current  : 5.888648
requested: 5.889682
Delta Dac: 0.001034
Checking detector protection. dv=0.00103
Checking detector "CDD". Protection Threshold: 0.1 (V)
SetMagnetDAC 5.88968206897 ===>> OK
Magnet settling time: 1.049
GetData ===>> H2,-0.243472907114927,H1,162.957144977353,AX,16.4384876233918,L1,0.881504687051233,L2,0.123991316...
setting magnet DAC
current  : 5.889682
requested: 5.890717
Delta Dac: 0.001034
Checking detector protection. dv=0.00103
Checking detector "CDD". Protection Threshold: 0.1 (V)
SetMagnetDAC 5.89071655172 ===>> OK
Magnet settling time: 1.049
GetData ===>> H2,-0.16966336064022,H1,25.8653490402051,AX,1.7485646850677,L1,0.389370669193769,L2,0.14109517121...
setting magnet DAC
current  : 5.890717
requested: 5.891751
Delta Dac: 0.001034
Checking detector protection. dv=0.00103
Checking detector "CDD". Protection Threshold: 0.1 (V)
SetMagnetDAC 5.89175103448 ===>> OK
Magnet settling time: 1.049
GetData ===>> H2,-0.159179203426448,H1,6.34744934621489,AX,0.240362713765766,L1,0.277497637483003,L2,-0.0339948...
setting magnet DAC
current  : 5.891751
requested: 5.892786
Delta Dac: 0.001034
Checking detector protection. dv=0.00103
Checking detector "CDD". Protection Threshold: 0.1 (V)
SetMagnetDAC 5.89278551724 ===>> OK
Magnet settling time: 1.049
Get Checksum: -860229079
GetData ===>> H2,-0.154842845027497,H1,1.29288996010015,AX,-0.289622398304978,L1,0.171544986076214,L2,-0.048631...
setting magnet DAC
current  : 5.892786
requested: 5.893820
Delta Dac: 0.001034
Checking detector protection. dv=0.00103
Checking detector "CDD". Protection Threshold: 0.1 (V)
SetMagnetDAC 5.89382 ===>> OK
Magnet settling time: 1.049
GetData ===>> H2,-0.168146552669953,H1,0.123168685984987,AX,-0.338325421588178,L1,0.115389408379244,L2,-0.05061...
result of _do_sweep=True
result of _calculate_peak_center=([5.8711049146569003, 5.8787671356506115, 5.8864293566443227], [1315.2510564638885, 1778.7376963557081, 1318.9969405673273], 5.8762420855504107, 1778.7376963557081)
Failed to find a valid peak. No peak greater than 1.0. max = 0.194706451531
new center pos Detector(H1) (Ar40) @ 5.87876713565
GetHighVoltage ===>> 4500
GetDeflection H1 ===>> 0
dac uncorrected for HV and deflection 5.87876713565
update mftable H1 Ar40 5.87876713565 message=automated run peakcenter
get initial guess parabolic
get initial guess parabolic
get initial guess parabolic
get initial guess parabolic
get initial guess parabolic
get initial guess parabolic
dump mftable to /Users/jan/PychronDev/setupfiles/spectrometer/mftables/mftable.csv
add to repo msg=modified - automated run peakcenter
sweep finished
locally archiving mftable
setting magnet DAC
current  : 5.893820
requested: 5.878767
Delta Dac: 0.015053
Checking detector protection. dv=0.01505
Checking detector "CDD". Protection Threshold: 0.1 (V)
SetMagnetDAC 5.87876713565 ===>> OK
Magnet settling time: 0.500
setting integration time = 1.048576
SetIntegrationTime 1.048576 ===>> OK
Failed to find a valid peak. No peak greater than 1.0. max = 0.194551317434
flush and close file /Users/jan/PychronDev/data/isotopes/15/5d80a5-0c5c-45cc-8e7b-81f542fc20dd.h5
finished measure script
executed 226.132928
jan_unknown120_60.py completed successfully
Measurement Finished
06:27:07 -- ******* Measurement Finished *******
Post Measurement Started jan_pump_ms.py
06:27:07 -- ******* Post Measurement Started jan_pump_ms.py *******
testing...
no interpolation path defined
executed 0
Pumping spectrometer
open () {'name': 'O'}
opening name=O desc=---
checking ownership. requestor=129.138.12.150
check software interlocks O
interlocks []
actuate state mode=None-script, software_lock=False
doing actuation None-script open_channel True
Open O ===>> OK
set states for children of O. state=True
handle state [('O', True)]
update switch state O True args=() kw={'refresh': False} ncanvase=2
refresh_canvas_needed fired
GetIndicatorState O ===>> OK
change switch state (True, True)
update switch state O True args=() kw={} ncanvase=2
06:27:08 -- OPEN   VALVE-O (Jan Ion Pump)
---------------------------------------- open O () result=[(True, True)], time=0.45 sec
Get Checksum: -1965264452
action=open, ok=True, locked=[False]
executed 0
jan_pump_ms.py completed successfully
setting _ms_pumptime
Post Measurement Finished
06:27:08 -- ******* Post Measurement Finished *******
$$$$$$$$$$$$$$$$$$$$ state at run end measurement
state changed from measurement to success
post measurement save measured=True aborted=False
Set filtering
setting fod for Ar40= {'filter_outliers': True, 'std_devs': 2, 'iterations': 1}
setting fod for H1= {'filter_outliers': True, 'std_devs': 2, 'iterations': 1}
setting fod for PM41= {'filter_outliers': False, 'std_devs': 2, 'iterations': 1}
setting fod for H2= {'filter_outliers': True, 'std_devs': 2, 'iterations': 1}
setting fod for Ar36= {'filter_outliers': True, 'std_devs': 2, 'iterations': 1}
setting fod for CDD= {'filter_outliers': True, 'std_devs': 10, 'iterations': 1}
setting fod for Ar37= {'filter_outliers': True, 'std_devs': 2, 'iterations': 1}
setting fod for L2= {'filter_outliers': True, 'std_devs': 2, 'iterations': 1}
setting fod for Ar38= {'filter_outliers': True, 'std_devs': 2, 'iterations': 1}
setting fod for L1= {'filter_outliers': True, 'std_devs': 2, 'iterations': 1}
setting fod for Ar39= {'filter_outliers': True, 'std_devs': 2, 'iterations': 1}
setting fod for AX= {'filter_outliers': True, 'std_devs': 2, 'iterations': 1}
persistence save...
persistence save - db
post measurement save
5490762864 connecting to database sqlite:////Users/jan/PychronDev/.appdata/local_lab.db
connected to db sqlite:////Users/jan/PychronDev/.appdata/local_lab.db
create new session 5490762864
close session 5490762864
No database instance. Not saving post measurement to isotopedb database
$$$$$$$$$$$$$$$ auto_save_detector_ic=False
massspec enabled True
create new session 4979649712
MassSpec Database Version: 16.0
close session 4979649712
saving post measurement to secondary database
saving to massspec database 129.138.12.160/massspecdata
setting labnumber to 65571
setting aliquot to 14
setting step to 
setting uuid to 155d80a5-0c5c-45cc-8e7b-81f542fc20dd
setting irradpos to 65571
setting extract_device to Fusions CO2
setting tray to 
setting position to 197
setting power_requested to 5.0
setting extract_value to 5.0
setting duration to 30.0
setting duration_at_request to 30.0
setting first_stage_delay to 30.0
setting cleanup to 30.0
setting comment to M:14 with inclusions
setting irradiation to NM-289
setting level to M
setting irradiation_level to M
setting sample to NM-2602 W
setting material to Sanidine
setting project to JoyitaHills
setting mass_spectrometer to Jan
no attribute chron_dosages
no attribute production_ratios
no attribute interference_corrections
no attribute production_name
no attribute j
Reference Isotope=Ar40
Reference Detector=H1
%%%%%%%%%%%%%%%%%%%% Comment: M:14 with inclusions %%%%%%%%%%%%%%%%%%%
adding isotope PM41 H2
add baseline dbdet= PM41. original det= H2
get baseline data PM41 H2
Get data baseline <pychron.processing.isotope.Baseline object at 0x169096690> len t=60
baseline PM41. v=-0.221081676261, e=0.00605540420554
get signal data PM41 H2
Get data signal PM41 0.16+/-0.07 len t=120
adding isotope Ar40 H1
add baseline dbdet= Ar40. original det= H1
get baseline data Ar40 H1
Get data baseline <pychron.processing.isotope.Baseline object at 0x169096890> len t=60
baseline Ar40. v=0.0140957082831, e=0.00599715737399
get signal data Ar40 H1
Get data signal Ar40 1965.47+/-0.11 len t=120
adding isotope Ar39 AX
add baseline dbdet= Ar39. original det= AX
get baseline data Ar39 AX
Get data baseline <pychron.processing.isotope.Baseline object at 0x169096a50> len t=60
baseline Ar39. v=-0.0749663411493, e=0.00599477364183
get signal data Ar39 AX
Get data signal Ar39 406.30+/-0.04 len t=120
adding isotope Ar38 L1
add baseline dbdet= Ar38. original det= L1
get baseline data Ar38 L1
Get data baseline <pychron.processing.isotope.Baseline object at 0x169096c10> len t=60
baseline Ar38. v=-0.0270578221812, e=0.00517883569792
get signal data Ar38 L1
Get data signal Ar38 5.616+/-0.007 len t=120
adding isotope Ar37 L2
add baseline dbdet= Ar37. original det= L2
get baseline data Ar37 L2
Get data baseline <pychron.processing.isotope.Baseline object at 0x169096dd0> len t=60
baseline Ar37. v=-0.0228380947111, e=0.00550794123133
get signal data Ar37 L2
Get data signal Ar37 3.131+/-0.012 len t=120
adding isotope Ar36 CDD
add baseline dbdet= Ar36. original det= CDD
get baseline data Ar36 CDD
Get data baseline <pychron.processing.isotope.Baseline object at 0x169096f90> len t=60
baseline Ar36. v=0.000434190796064, e=3.79932243633e-05
get signal data Ar36 CDD
Get data signal Ar36 0.1915+/-0.0010 len t=120
65571-14 added analysis time 0.514251947403s
analysis added to mass spec database
mass spec save time= 0.525
persistence save - dvc
================= post measurement started
create new session 4984345712
close session 4984345712
---------------- Experiment Queue saving disabled
DVC saving peakcenter
Failed to find a valid peak. No peak greater than 1.0. max = 0.194551317434
Smart pull ahead: 0 behind: 0
Up-to-date with origin
add to repo msg=modified - ad8224ebc6dbfeb9f5997218dfa5fe690569839d.json
add to repo msg=modified - 71-14.json
Get Checksum: -1965264452
add to repo msg=modified - 71-14.dat.json
add to repo msg=modified - 71-14.blan.json
add to repo msg=modified - 71-14.inte.json
add to repo msg=modified - 71-14.icfa.json
add to repo msg=modified - 71-14.base.json
not at valid file /Users/jan/PychronDev/data/.dvc/repositories/Load1783/655/tags/71-14.tags.json
add to repo msg=modified - 71-14.peak.json
add to repo msg=modified - 71-14.extr.json
not at valid file /Users/jan/PychronDev/data/.dvc/repositories/Load1783/655/monitor/71-14.moni.json
commit message=<COLLECTION>
add to repo msg=modified - 71-14.inte.json
Get Checksum: -1965264452
add to repo msg=modified - 71-14.base.json
commit message=<ISOEVO> default collection fits
add to repo msg=modified - 71-14.blan.json
commit message=<BLANKS> preceding bc-02-J-263
add to repo msg=modified - 71-14.icfa.json
commit message=<ICFactor> default
push repository <pychron.git_archive.repo_manager.GitRepoManager object at 0x160a67770>
pushing to remote=origin, url=https://github.com
Get Checksum: -1965264452
no changes to meta repo
Get Checksum: -1965264452
create new session 4984345712
add association Load1783
get identifier "65571"
setting analysis irradiation position=<pychron.dvc.dvc_orm.IrradiationPositionTbl object at 0x1348d3b10>
close session 4984345712
================= post measurement finished
06:27:21 -- ******* Post Run Check *******
loading queue conditionals post_run_actions
loading system conditionals post_run_actions
loading conditionals from /Users/jan/PychronDev/setupfiles/spectrometer/default_conditionals.yaml
loading queue conditionals post_run_terminations
loading system conditionals post_run_terminations
loading conditionals from /Users/jan/PychronDev/setupfiles/spectrometer/default_conditionals.yaml
Checking default post run terminations n=1
GetDeflection CDD ===>> 50
testing CDD==2000
evaluate ot="CDD.deflection==2000" t="CDD==2000", ctx="{'CDD': 50.0}"
06:27:21 -- ******* Post Run Check Passed *******
06:27:21 -- Automated run 65571-14 success duration: 377.228 s
----------------- finish -----------------
----------------- stop -----------------
retroactive repository identifiers disabled
finish run. runs completed=77
update duration runid=65571-14, duration=377.227586985, md5=301e91d8
loading script "jan_unknown120_60.py"
loading script "jan_pump_ms.py"
loading script "jan_co2.py"
loading script "jan_pump_extraction_line.py"
testing...
no interpolation path defined
executed 213.652928
script duration name:unknown120_60 seconds:214.0
loading script "jan_unknown120_60.py"
loading script "jan_pump_ms.py"
loading script "jan_co2.py"
loading script "jan_pump_extraction_line.py"
testing...
no interpolation path defined
executed 0
loading script "jan_unknown120_60.py"
loading script "jan_pump_ms.py"
loading script "jan_co2.py"
loading script "jan_pump_extraction_line.py"
testing...
no interpolation path defined
calculate duration
testing...
no interpolation path defined
executed 0
calculate duration
testing...
no interpolation path defined
executed 0
executed 0.0
script duration name:co2 seconds:0.0
loading script "jan_unknown120_60.py"
loading script "jan_pump_ms.py"
loading script "jan_co2.py"
loading script "jan_pump_extraction_line.py"
testing...
no interpolation path defined
calculate duration
testing...
no interpolation path defined
executed 4.0
executed 4.0
Script duration 214.0
Run total estimated duration= 215.000
loading script "jan_unknown400_120.py"
loading script "jan_pump_ms.py"
loading script "jan_sniffair_x2.py"
loading script "jan_pump_extraction_line.py"
testing...
no interpolation path defined
executed 556.052928
script duration name:unknown400_120 seconds:556.0
pump_ms in script context. using previous estimated duration
loading script "jan_unknown400_120.py"
loading script "jan_pump_ms.py"
loading script "jan_sniffair_x2.py"
loading script "jan_pump_extraction_line.py"
testing...
no interpolation path defined
calculate duration
testing...
no interpolation path defined
executed 0
calculate duration
testing...
no interpolation path defined
executed 0
calculate duration
testing...
no interpolation path defined
executed 32.0
calculate duration
testing...
no interpolation path defined
executed 34.0
calculate duration
testing...
no interpolation path defined
executed 4.0
calculate duration
testing...
no interpolation path defined
executed 36.0
calculate duration
testing...
no interpolation path defined
executed 34.0
calculate duration
testing...
no interpolation path defined
executed 4.0
calculate duration
testing...
no interpolation path defined
executed 36.0
calculate duration
testing...
no interpolation path defined
executed 70.0
executed 250.0
script duration name:sniffair_x2 seconds:250.0
pump_extraction_line in script context. using previous estimated duration
Script duration 806.0
Run total estimated duration= 807.000
unknown400_120 in script context. using previous estimated duration
script duration name:unknown400_120 seconds:556.0
sniffair_x2 in script context. using previous estimated duration
script duration name:sniffair_x2 seconds:250.0
Script duration 806.0
Run total estimated duration= 807.000
unknown120_60 in script context. using previous estimated duration
script duration name:unknown120_60 seconds:214.0
co2 in script context. using previous estimated duration
script duration name:co2 seconds:0.0
Script duration 214.0
Run total estimated duration= 215.000
script duration name:unknown120_60 seconds:214.0
script duration name:co2 seconds:0.0
Script duration 214.0
Run total estimated duration= 215.000
script duration name:unknown120_60 seconds:214.0
script duration name:co2 seconds:0.0
Script duration 214.0
Run total estimated duration= 215.000
script duration name:unknown120_60 seconds:214.0
script duration name:co2 seconds:0.0
Script duration 214.0
Run total estimated duration= 215.000
script duration name:unknown120_60 seconds:214.0
script duration name:co2 seconds:0.0
Script duration 214.0
Run total estimated duration= 215.000
script duration name:unknown120_60 seconds:214.0
script duration name:co2 seconds:0.0
Script duration 214.0
Run total estimated duration= 215.000
script duration name:unknown120_60 seconds:214.0
script duration name:co2 seconds:0.0
Script duration 214.0
Run total estimated duration= 215.000
script duration name:unknown120_60 seconds:214.0
script duration name:co2 seconds:0.0
Script duration 214.0
Run total estimated duration= 215.000
script duration name:unknown120_60 seconds:214.0
script duration name:co2 seconds:0.0
Script duration 214.0
Run total estimated duration= 215.000
script duration name:unknown120_60 seconds:214.0
script duration name:co2 seconds:0.0
Script duration 214.0
Run total estimated duration= 215.000
script duration name:unknown120_60 seconds:214.0
script duration name:co2 seconds:0.0
Script duration 214.0
Run total estimated duration= 215.000
script duration name:unknown120_60 seconds:214.0
script duration name:co2 seconds:0.0
Script duration 214.0
Run total estimated duration= 215.000
script duration name:unknown120_60 seconds:214.0
script duration name:co2 seconds:0.0
Script duration 214.0
Run total estimated duration= 215.000
script duration name:unknown120_60 seconds:214.0
script duration name:co2 seconds:0.0
Script duration 214.0
Run total estimated duration= 215.000
script duration name:unknown120_60 seconds:214.0
script duration name:co2 seconds:0.0
Script duration 214.0
Run total estimated duration= 215.000
script duration name:unknown120_60 seconds:214.0
script duration name:co2 seconds:0.0
Script duration 214.0
Run total estimated duration= 215.000
script duration name:unknown120_60 seconds:214.0
script duration name:co2 seconds:0.0
Script duration 214.0
Run total estimated duration= 215.000
script duration name:unknown120_60 seconds:214.0
script duration name:co2 seconds:0.0
Script duration 214.0
Run total estimated duration= 215.000
script duration name:unknown400_120 seconds:556.0
script duration name:co2 seconds:0.0
Script duration 556.0
Run total estimated duration= 557.000
script duration name:unknown400_120 seconds:556.0
loading script "jan_unknown400_120.py"
loading script "jan_pump_ms.py"
loading script "jan_cocktail_x1.py"
loading script "jan_pump_extraction_line.py"
testing...
no interpolation path defined
calculate duration
testing...
no interpolation path defined
executed 0
calculate duration
testing...
no interpolation path defined
executed 0
calculate duration
testing...
no interpolation path defined
executed 32.0
calculate duration
testing...
no interpolation path defined
executed 34.0
calculate duration
testing...
no interpolation path defined
executed 4.0
calculate duration
testing...
no interpolation path defined
executed 38.0
executed 108.0
script duration name:cocktail_x1 seconds:108.0
Script duration 664.0
Run total estimated duration= 665.000
script duration name:unknown120_60 seconds:214.0
cocktail_x1 in script context. using previous estimated duration
script duration name:cocktail_x1 seconds:108.0
Script duration 322.0
Run total estimated duration= 323.000
script duration name:unknown400_120 seconds:556.0
script duration name:sniffair_x2 seconds:250.0
Script duration 806.0
Run total estimated duration= 807.000
script duration name:unknown400_120 seconds:556.0
script duration name:sniffair_x2 seconds:250.0
Script duration 806.0
Run total estimated duration= 807.000
loading script "jan_ic_peak_hop3.py"
loading script "jan_pump_ms.py"
loading script "jan_air_x1.py"
loading script "jan_pump_extraction_line.py"
testing...
no interpolation path defined
executed 133.8
script duration name:ic_peak_hop3 seconds:134.0
loading script "jan_ic_peak_hop3.py"
loading script "jan_pump_ms.py"
loading script "jan_air_x1.py"
loading script "jan_pump_extraction_line.py"
testing...
no interpolation path defined
calculate duration
testing...
no interpolation path defined
executed 0
calculate duration
testing...
no interpolation path defined
executed 0
calculate duration
testing...
no interpolation path defined
executed 32.0
calculate duration
testing...
no interpolation path defined
executed 34.0
calculate duration
testing...
no interpolation path defined
executed 4.0
calculate duration
testing...
no interpolation path defined
executed 36.0
executed 106.0
script duration name:air_x1 seconds:106.0
Script duration 240.0
Run total estimated duration= 241.000
script duration name:unknown120_60 seconds:214.0
script duration name:co2 seconds:0.0
Script duration 214.0
Run total estimated duration= 215.000
script duration name:unknown120_60 seconds:214.0
script duration name:co2 seconds:0.0
Script duration 214.0
Run total estimated duration= 215.000
script duration name:unknown120_60 seconds:214.0
script duration name:co2 seconds:0.0
Script duration 214.0
Run total estimated duration= 215.000
script duration name:unknown120_60 seconds:214.0
script duration name:co2 seconds:0.0
Script duration 214.0
Run total estimated duration= 215.000
script duration name:unknown120_60 seconds:214.0
script duration name:co2 seconds:0.0
Script duration 214.0
Run total estimated duration= 215.000
script duration name:unknown120_60 seconds:214.0
script duration name:co2 seconds:0.0
Script duration 214.0
Run total estimated duration= 215.000
script duration name:unknown120_60 seconds:214.0
script duration name:co2 seconds:0.0
Script duration 214.0
Run total estimated duration= 215.000
script duration name:unknown120_60 seconds:214.0
script duration name:co2 seconds:0.0
Script duration 214.0
Run total estimated duration= 215.000
script duration name:unknown120_60 seconds:214.0
script duration name:co2 seconds:0.0
Script duration 214.0
Run total estimated duration= 215.000
script duration name:unknown120_60 seconds:214.0
script duration name:co2 seconds:0.0
Script duration 214.0
Run total estimated duration= 215.000
script duration name:unknown120_60 seconds:214.0
script duration name:co2 seconds:0.0
Script duration 214.0
Run total estimated duration= 215.000
script duration name:unknown120_60 seconds:214.0
script duration name:co2 seconds:0.0
Script duration 214.0
Run total estimated duration= 215.000
script duration name:unknown120_60 seconds:214.0
script duration name:co2 seconds:0.0
Script duration 214.0
Run total estimated duration= 215.000
script duration name:unknown120_60 seconds:214.0
script duration name:co2 seconds:0.0
Script duration 214.0
Run total estimated duration= 215.000
script duration name:unknown120_60 seconds:214.0
script duration name:co2 seconds:0.0
Script duration 214.0
Run total estimated duration= 215.000
script duration name:unknown400_120 seconds:556.0
script duration name:co2 seconds:0.0
Script duration 556.0
Run total estimated duration= 557.000
script duration name:unknown400_120 seconds:556.0
script duration name:cocktail_x1 seconds:108.0
Script duration 664.0
Run total estimated duration= 665.000
script duration name:unknown120_60 seconds:214.0
script duration name:cocktail_x1 seconds:108.0
Script duration 322.0
Run total estimated duration= 323.000
ic_peak_hop3 in script context. using previous estimated duration
script duration name:ic_peak_hop3 seconds:134.0
air_x1 in script context. using previous estimated duration
script duration name:air_x1 seconds:106.0
Script duration 240.0
Run total estimated duration= 241.000
script duration name:unknown120_60 seconds:214.0
script duration name:co2 seconds:0.0
Script duration 214.0
Run total estimated duration= 215.000
script duration name:unknown120_60 seconds:214.0
script duration name:co2 seconds:0.0
Script duration 214.0
Run total estimated duration= 215.000
script duration name:unknown120_60 seconds:214.0
script duration name:co2 seconds:0.0
Script duration 214.0
Run total estimated duration= 215.000
script duration name:unknown120_60 seconds:214.0
script duration name:co2 seconds:0.0
Script duration 214.0
Run total estimated duration= 215.000
script duration name:unknown120_60 seconds:214.0
script duration name:co2 seconds:0.0
Script duration 214.0
Run total estimated duration= 215.000
script duration name:unknown120_60 seconds:214.0
script duration name:co2 seconds:0.0
Script duration 214.0
Run total estimated duration= 215.000
script duration name:unknown120_60 seconds:214.0
script duration name:co2 seconds:0.0
Script duration 214.0
Run total estimated duration= 215.000
script duration name:unknown120_60 seconds:214.0
script duration name:co2 seconds:0.0
Script duration 214.0
Run total estimated duration= 215.000
script duration name:unknown120_60 seconds:214.0
script duration name:co2 seconds:0.0
Script duration 214.0
Run total estimated duration= 215.000
script duration name:unknown120_60 seconds:214.0
script duration name:co2 seconds:0.0
Script duration 214.0
Run total estimated duration= 215.000
script duration name:unknown400_120 seconds:556.0
script duration name:sniffair_x2 seconds:250.0
Script duration 806.0
Run total estimated duration= 807.000
script duration name:unknown400_120 seconds:556.0
script duration name:sniffair_x2 seconds:250.0
Script duration 806.0
Run total estimated duration= 807.000
script duration name:unknown400_120 seconds:556.0
script duration name:co2 seconds:0.0
Script duration 556.0
Run total estimated duration= 557.000
nruns=59 before=5.0, run_dur=18431.0, btw=2610.0
write rem/ex queues
/Users/jan/PychronDev/experiments/rem/CurrentExperiment.rem.txt
/Users/jan/PychronDev/experiments/rem/CurrentExperiment.ex.txt
doing event level: 3
