do run
loading script "jan_unknown120_60.py"
loading script "jan_pump_ms.py"
loading script "jan_co2.py"
loading script "jan_pump_extraction_line.py"
testing...
no interpolation path defined
executed 213.652928
script duration name:unknown120_60 seconds:214.0
loading script "jan_unknown120_60.py"
loading script "jan_pump_ms.py"
loading script "jan_co2.py"
loading script "jan_pump_extraction_line.py"
testing...
no interpolation path defined
executed 0
loading script "jan_unknown120_60.py"
loading script "jan_pump_ms.py"
loading script "jan_co2.py"
loading script "jan_pump_extraction_line.py"
testing...
no interpolation path defined
calculate duration
testing...
no interpolation path defined
executed 0
calculate duration
testing...
no interpolation path defined
executed 0
executed 0.0
script duration name:co2 seconds:0.0
loading script "jan_unknown120_60.py"
loading script "jan_pump_ms.py"
loading script "jan_co2.py"
loading script "jan_pump_extraction_line.py"
testing...
no interpolation path defined
calculate duration
testing...
no interpolation path defined
executed 4.0
executed 4.0
Script duration 214.0
Run total estimated duration= 215.000
run duration: 0:03:35
doing event level: 2
04:41:42 -- Setting default integration. t=1.048576
setting integration time = 1.048576
SetIntegrationTime 1.048576 ===>> OK
----------------- start -----------------
**************** Experiment Type: Ar/Ar, Ar/Ar
create new session 5004766384
close session 5004766384
$$$$$ Clearing conditionals
adding conditionals 
Add queue conditionals
add default conditionals
adding default conditionals from /Users/jan/PychronDev/setupfiles/spectrometer/default_conditionals.yaml
Start automated run 65571-10A
loading script "jan_unknown120_60.py"
loading script "jan_pump_ms.py"
loading script "jan_co2.py"
loading script "jan_pump_extraction_line.py"
%%%%%%%%%%%%%%%%%% setting automated run 65571-10A
No value "sensitivity_multiplier" in metadata
$$$$$$$$$$$$$$$ auto_save_detector_ic=False
============================= Pre Extraction Check =============================
loading queue conditionals pre_run_terminations
loading system conditionals pre_run_terminations
loading conditionals from /Users/jan/PychronDev/setupfiles/spectrometer/default_conditionals.yaml
04:41:42 -- ******* Pre Extraction Check *******
Get a measurement from the spectrometer
GetData ===>> H2,-0.199963897027217,H1,0.064587665942484,AX,-0.0728832039166211,L1,0.00732539538261278,L2,0.103...
Pre Extraction Termination data. keys=H2,H1,AX,L1,L2,CDD, signals=-0.19996,0.06459,-0.07288,0.00733,0.10349,0.00521
04:41:42 -- testing system defined conditionals
Checking default pre extraction terminations n=2
testing CDD
evaluate ot="CDD.inactive" t="CDD", ctx="{'CDD': False}"
GetDeflection CDD ===>> 50
testing CDD==2000
evaluate ot="CDD.deflection==2000" t="CDD==2000", ctx="{'CDD': 50.0}"
04:41:42 -- ******* Pre Extraction Check Passed *******
=================================================================================
04:41:42 -- stopping status monitor
stop 4976489392
Alive clients [4984697584]
04:41:42 -- starting status monitor
start 4976489392
Monitor already running
start extraction
do extraction
Analysis started at 04:41:42.252476
Extraction Started jan_co2.py
04:41:42 -- ******* Extraction Started jan_co2.py *******
state changed from not run to extraction
DO EXTRACTION <pychron.extraction_line.pyscript_runner.RemotePyScriptRunner object at 0x12988f3b0>
testing...
no interpolation path defined
calculate duration
testing...
no interpolation path defined
executed 0
calculate duration
testing...
no interpolation path defined
executed 0
executed 100.0
Jan CO2 laser analysis
doing GOSUB
testing...
no interpolation path defined
executed 0
Waiting for CO2 access
wait ('FelixCO2Flag', 0) {}
waiting for FelixCO2Flag = 0
Read FelixCO2Flag ===>> 0
finished waiting
CO2 free
wait ('CO2PumpTimeFlag', 0) {}
waiting for CO2PumpTimeFlag = 0
Read CO2PumpTimeFlag ===>> 0
finished waiting
acquire ('JanCO2Flag',) {'clear': True}
acquire JanCO2Flag
Set JanCO2Flag 1 ===>> OK
JanCO2Flag acquired
set extraction state False (0.75, 'red', 1.5)
CO2 acquired
executed 0
WaitForCO2Access.py completed successfully
gosub finished
doing GOSUB
testing...
no interpolation path defined
executed 0
Prepare for CO2 analysis
close () {'description': 'Jan Inlet'}
closing name=--- desc=Jan Inlet
checking ownership. requestor=129.138.12.150
check software interlocks R
interlocks []
actuate state mode=None-script, software_lock=False
doing actuation None-script close_channel False
Close R ===>> OK
GetIndicatorState R ===>> False
change switch state (True, True)
update switch state R False args=() kw={} ncanvase=2
04:41:42 -- CLOSE  VALVE-R (Jan Inlet)
---------------------------------------- close None (Jan Inlet) result=[(True, True)]
action=close, ok=True, locked=[False]
open () {'description': 'Jan Ion Pump'}
opening name=--- desc=Jan Ion Pump
checking ownership. requestor=129.138.12.150
check software interlocks O
interlocks []
actuate state mode=None-script, software_lock=False
doing actuation None-script open_channel False
Open O ===>> OK
GetIndicatorState O ===>> OK
change switch state (True, True)
update switch state O True args=() kw={} ncanvase=2
04:41:43 -- OPEN   VALVE-O (Jan Ion Pump)
---------------------------------------- open None (Jan Ion Pump) result=[(True, True)], time=0.10 sec
action=open, ok=True, locked=[False]
close () {'description': 'Microbone to Minibone'}
closing name=--- desc=Microbone to Minibone
checking ownership. requestor=129.138.12.150
check software interlocks L
interlocks []
actuate state mode=None-script, software_lock=False
doing actuation None-script close_channel False
Close L ===>> OK
GetIndicatorState L ===>> False
change switch state (True, True)
update switch state L False args=() kw={} ncanvase=2
Get Checksum: 2035211824
04:41:43 -- CLOSE  VALVE-L (Microbone to Minibone)
---------------------------------------- close None (Microbone to Minibone) result=[(True, True)]
action=close, ok=True, locked=[False]
open () {'description': 'Microbone to Turbo'}
opening name=--- desc=Microbone to Turbo
checking ownership. requestor=129.138.12.150
check software interlocks U
interlocks []
actuate state mode=None-script, software_lock=False
doing actuation None-script open_channel False
Open U ===>> OK
GetIndicatorState U ===>> OK
change switch state (True, True)
update switch state U True args=() kw={} ncanvase=2
04:41:44 -- OPEN   VALVE-U (Microbone to Turbo)
---------------------------------------- open None (Microbone to Turbo) result=[(True, True)], time=0.16 sec
action=open, ok=True, locked=[False]
open () {'description': 'Microbone to Inlet Pipette'}
opening name=--- desc=Microbone to Inlet Pipette
checking ownership. requestor=129.138.12.150
check software interlocks S
interlocks []
actuate state mode=None-script, software_lock=False
doing actuation None-script open_channel False
Open S ===>> OK
GetIndicatorState S ===>> OK
change switch state (True, True)
update switch state S True args=() kw={} ncanvase=2
04:41:44 -- OPEN   VALVE-S (Microbone to Inlet Pipette)
---------------------------------------- open None (Microbone to Inlet Pipette) result=[(True, True)], time=0.42 sec
action=open, ok=True, locked=[False]
open () {'description': 'Microbone to Getter D-50'}
opening name=--- desc=Microbone to Getter D-50
checking ownership. requestor=129.138.12.150
check software interlocks K
interlocks []
actuate state mode=None-script, software_lock=False
doing actuation None-script open_channel False
Open K ===>> OK
GetIndicatorState K ===>> OK
change switch state (True, True)
update switch state K True args=() kw={} ncanvase=2
04:41:45 -- OPEN   VALVE-K (Microbone to Getter D-50)
---------------------------------------- open None (Microbone to Getter D-50) result=[(True, True)], time=0.39 sec
action=open, ok=True, locked=[False]
open () {'description': 'Microbone to Getter NP-10'}
opening name=--- desc=Microbone to Getter NP-10
checking ownership. requestor=129.138.12.150
check software interlocks M
interlocks []
actuate state mode=None-script, software_lock=False
doing actuation None-script open_channel False
Open M ===>> OK
GetIndicatorState M ===>> OK
change switch state (True, True)
update switch state M True args=() kw={} ncanvase=2
04:41:45 -- OPEN   VALVE-M (Microbone to Getter NP-10)
---------------------------------------- open None (Microbone to Getter NP-10) result=[(True, True)], time=0.13 sec
action=open, ok=True, locked=[False]
close () {'description': 'CO2 Laser to Felix'}
closing name=--- desc=CO2 Laser to Felix
checking ownership. requestor=129.138.12.150
check software interlocks F
interlocks []
actuate state mode=None-script, software_lock=True
VALVE-F(CO2 Laser to Felix) software locked
change switch state (True, False)
---------------------------------------- close None (CO2 Laser to Felix) result=[(True, False)]
action=close, ok=True, locked=[True]
open () {'description': 'CO2 Laser to Jan'}
opening name=--- desc=CO2 Laser to Jan
checking ownership. requestor=129.138.12.150
check software interlocks A
interlocks []
actuate state mode=None-script, software_lock=False
doing actuation None-script open_channel False
Open A ===>> OK
GetIndicatorState A ===>> OK
change switch state (True, True)
update switch state A True args=() kw={} ncanvase=2
04:41:46 -- OPEN   VALVE-A (CO2 Laser to Jan)
---------------------------------------- open None (CO2 Laser to Jan) result=[(True, True)], time=0.13 sec
action=open, ok=True, locked=[False]
open () {'description': 'Microbone to CO2 Laser'}
opening name=--- desc=Microbone to CO2 Laser
checking ownership. requestor=129.138.12.150
check software interlocks T
interlocks []
actuate state mode=None-script, software_lock=False
doing actuation None-script open_channel False
Open T ===>> OK
Get Checksum: 2035211824
GetIndicatorState T ===>> OK
change switch state (True, True)
update switch state T True args=() kw={} ncanvase=2
04:41:46 -- OPEN   VALVE-T (Microbone to CO2 Laser)
---------------------------------------- open None (Microbone to CO2 Laser) result=[(True, True)], time=0.43 sec
action=open, ok=True, locked=[False]
executed 0
PrepareForCO2Analysis.py completed successfully
gosub finished
set_motor ('beam', '1.25') {}
setting motor "beam" to 1.25
set motor beam to 1.25
SetMotor beam,1.25 ===>> OK
GetMotorMoving beam ===>> False
GetMotorMoving beam ===>> False
Block completed
move_to_position ('193',) {'autocenter': True}
FusionsCO2 move to position 193
sending GoToHole 193,True
GoToHole 193,True ===>> OK
GetDriveMoving ===>> OK
GetDriveMoving ===>> OK
GetDriveMoving ===>> OK
GetDriveMoving ===>> OK
Get Checksum: 2035211824
GetDriveMoving ===>> OK
GetDriveMoving ===>> OK
GetDriveMoving ===>> False
GetDriveMoving ===>> OK
GetDriveMoving ===>> OK
GetDriveMoving ===>> OK
GetDriveMoving ===>> OK
GetDriveMoving ===>> OK
GetDriveMoving ===>> OK
GetDriveMoving ===>> OK
GetDriveMoving ===>> OK
GetDriveMoving ===>> OK
Get Checksum: 2035211824
GetDriveMoving ===>> OK
GetDriveMoving ===>> OK
GetDriveMoving ===>> OK
GetDriveMoving ===>> OK
GetDriveMoving ===>> OK
GetDriveMoving ===>> OK
GetDriveMoving ===>> OK
GetDriveMoving ===>> OK
GetDriveMoving ===>> OK
GetDriveMoving ===>> OK
GetDriveMoving ===>> False
Block completed
Get Checksum: 2035211824
GetAutoCorrecting ===>> False
GetAutoCorrecting ===>> False
Block completed
update position
GetPosition ===>> 5.98170,-9.96950,1.00000
got position (5.9817, -9.9695, 1.0)
move to position succeeded
sleep (5,) {}
SLEEP 5.0
block started
WaitControl setup for 5.0  
Get Checksum: 2035211824
Join finished
block finished. duration 5.01675105095
close () {'description': 'Microbone to Turbo'}
closing name=--- desc=Microbone to Turbo
checking ownership. requestor=129.138.12.150
check software interlocks U
interlocks []
actuate state mode=None-script, software_lock=False
doing actuation None-script close_channel True
Close U ===>> OK
GetIndicatorState U ===>> False
change switch state (True, True)
update switch state U False args=() kw={} ncanvase=2
04:42:01 -- CLOSE  VALVE-U (Microbone to Turbo)
---------------------------------------- close None (Microbone to Turbo) result=[(True, True)]
Get Checksum: 1223320555
action=close, ok=True, locked=[False]
enable laser
enable () {}
set extraction state FusionsCO2 Enabled (False, 'red', 1.5)
enabling laser
Enable ===>> OK
begin interval
BEGIN INTERVAL Interval 1 waiting for 30.0
block started
set extract to 0.3
WaitControl setup for 30.0  
extract (0.3,) {}
GetPosition ===>> 5.98170,-9.96950,1.00000
set extraction state FusionsCO2 ON! 0.3(watts) (0.75, 'red', 1.5)
extract sample to 0.3 (watts)
set laser output
SetLaserOutput 0.3,watts ===>> OK
executing pattern triangle.lp
execute_pattern ('triangle.lp',) {}
executing pattern triangle.lp
IsPatterning ===>> OK
Get Checksum: 1223320555
IsPatterning ===>> OK
IsPatterning ===>> OK
IsPatterning ===>> OK
Get Checksum: 1223320555
IsPatterning ===>> OK
IsPatterning ===>> OK
IsPatterning ===>> OK
Get Checksum: 1223320555
IsPatterning ===>> OK
IsPatterning ===>> OK
IsPatterning ===>> OK
Get Checksum: 1223320555
IsPatterning ===>> OK
IsPatterning ===>> OK
IsPatterning ===>> OK
Get Checksum: 1223320555
IsPatterning ===>> OK
IsPatterning ===>> OK
IsPatterning ===>> OK
Get Checksum: 1223320555
IsPatterning ===>> OK
IsPatterning ===>> OK
IsPatterning ===>> OK
Get Checksum: 1223320555
IsPatterning ===>> OK
IsPatterning ===>> OK
IsPatterning ===>> OK
Get Checksum: 1223320555
IsPatterning ===>> OK
IsPatterning ===>> OK
IsPatterning ===>> OK
Get Checksum: 1223320555
IsPatterning ===>> OK
IsPatterning ===>> False
IsPatterning ===>> False
Block completed
COMPLETE INTERVAL waiting for Interval 1 to complete
Get Checksum: 1223320555
Join finished
block finished. duration 30.0675861835
Interval 1 finished
end_extract () {}
ending extraction. set laser power to 0
set laser power 0
SetLaserPower 0 ===>> OK
disable () {}
%%%%%%%%%%%%%%%%%%%%%%%%%%%%%%%%%%% disable
set extraction state False (0.75, 'red', 1.5)
disabling laser
Disable ===>> OK
sleep (30.0,) {}
SLEEP 30.0
block started
WaitControl setup for 30.0  
Get Checksum: 1223320555
Get Checksum: 1223320555
Get Checksum: 1223320555
Get Checksum: 1223320555
Get Checksum: 1223320555
Get Checksum: 1223320555
Get Checksum: 1223320555
Get Checksum: 1223320555
Get Checksum: 1223320555
Join finished
block finished. duration 30.0897190571
executed 166.0
jan_co2.py completed successfully
GetAchievedOutput ===>> No Response
Requested Output= 0.000
Achieved Output=  0.000
GetResponseBlob ===>> No Response
GetOutputBlob ===>> No Response
persistence save...
persistence save - db
AutomatedRunPersister post_extraction_save deprecated
persistence save - dvc
no extraction position for 193
create new session 4984345712
close session 4984345712
Extraction Finished
04:43:02 -- ******* Extraction Finished *******
no overlap. not waiting for min ms pumptime
04:43:02 -- Sending spectrometer configuration
======== Sending configuration ========
SetDeflection CDD,50.0 ===>> OK
SetDeflection H2,0.0 ===>> OK
SetDeflection H1,0.0 ===>> OK
SetDeflection L2,825.0 ===>> OK
SetDeflection L1,400.0 ===>> OK
SetDeflection AX,190.0 ===>> OK
SetZFocus 74.64 ===>> OK
SetZSymmetry -50.72 ===>> OK
SetExtractionLens 26.13 ===>> OK
SetIonRepeller -3.81 ===>> OK
SetElectronEnergy 75.08 ===>> OK
SetYSymmetry -2.81 ===>> OK
SetIonCounterVoltage 1590.0 ===>> OK
send trap current 200.0
GetParameter Trap Current Readback ===>> 198.370811206739
SetParameter Trap Current Set,200.0 ===>> OK
updating mftable name mftable
Using mftable located at /Users/jan/PychronDev/setupfiles/spectrometer/mftables/mftable.csv
============ MFtable ===========
Isotope  H2     H1     AX     L1     L2     CDD    
Ar40     5.7805 5.8789 5.9923 6.1204 6.2307 6.3487
Ar39     5.6798 5.7712 5.8847 6.0065 6.1158 6.2352
Ar36     5.3573 5.4402 5.5481 5.6654 5.7708 5.8863
================================
get initial guess parabolic
get initial guess parabolic
get initial guess parabolic
get initial guess parabolic
get initial guess parabolic
get initial guess parabolic
======== Configuration Finished ========
GetYSymmetry ===>> -2.81
GetZSymmetry ===>> -50.72
GetParameter Trap Current Readback ===>> 197.923274125618
GetHighVoltage ===>> 4500
start measurement
do measurement
L#=65571 analysis type=unknown
Measurement Started jan_unknown120_60.py
04:43:03 -- ******* Measurement Started jan_unknown120_60.py *******
state changed from extraction to measurement
setting spec, defl, and gains
GetExtractionLens ===>> 26.13
GetYSymmetry ===>> -2.81
GetZSymmetry ===>> -50.72
GetZFocus ===>> 74.64
GetDeflection H2 ===>> 0
GetDeflection H1 ===>> 0
GetDeflection AX ===>> 190
GetDeflection L1 ===>> 400
GetDeflection L2 ===>> 825
GetDeflection CDD ===>> 50
GetGain H2 ===>> 0.0113
GetGain H1 ===>> 0.1
GetGain AX ===>> 0.097049
GetGain L1 ===>> 0.010355
GetGain L2 ===>> 0.095649
GetGain CDD ===>> 0
pre measurement save
New frame /Users/jan/PychronDev/data/isotopes/89/746fa7-d97e-46b4-abf5-eb3e804be3a8.h5
flush and close file /Users/jan/PychronDev/data/isotopes/89/746fa7-d97e-46b4-abf5-eb3e804be3a8.h5
testing...
no interpolation path defined
executed 226.132928
unknown measurement script
activate_detectors ('H2', 'H1', 'AX', 'L1', 'L2', 'CDD') {}
activate detectors
*************** Set Analysis View Ar/Ar
create graphs
clearing graphs
Get Checksum: 1223320555
clear isotope group
setting isotope det=H2, iso=PM41
setting isotope det=H1, iso=Ar40
setting isotope det=AX, iso=Ar39
setting isotope det=L1, iso=Ar38
setting isotope det=L2, iso=Ar37
setting isotope det=CDD, iso=Ar36
setting previous blanks
 - setting Ar40 blank 0.852+/-0.008
 - setting Ar36 blank 0.00689+/-0.00021
 - setting Ar37 blank 0.047+/-0.005
 - setting Ar38 blank 0.0200+/-0.0022
 - setting PM41 blank 0.03+/-0.06
 - setting Ar39 blank 0.025+/-0.008
load analysis view
position_magnet ('Ar40',) {'detector': 'H1'}
detector Detector(H1)
POSITION Ar40 H1
setting detector H2 to PM41 (40.9624)
setting detector H1 to Ar40 (39.9624)
setting detector AX to Ar39 (38.9624)
setting detector L1 to Ar38 (37.9624)
setting detector L2 to Ar37 (36.9624)
setting detector CDD to Ar36 (35.9624)
Mapping mass to dac mass func: "parabolic"
H1 map mass coeffs = [-0.00063987  0.15840543  0.57049999]
H1 map mass to dac 39.9624 >> 5.87889
GetDeflection H1 ===>> 0
GetHighVoltage ===>> 4500
positioning Ar40 (5.87889) on H1
setting magnet DAC
current  : 5.878890
requested: 5.878890
Delta Dac: 0.000000
Checking detector protection. dv=0.00000
Checking detector "CDD". Protection Threshold: 0.1 (V)
SetMagnetDAC 5.87889 ===>> OK
Magnet settling time: 0.500
equilibrate () {'delay': 3, 'inlet': 'R', 'outlet': 'O', 'eqtime': 12.0}
Equilibration Started
04:43:04 -- ******* Equilibration Started *******
checking ownership. requestor=129.138.12.150
check software interlocks O
interlocks []
actuate state mode=None-script, software_lock=False
doing actuation None-script close_channel True
Close O ===>> OK
GetIndicatorState O ===>> False
change switch state (True, True)
update switch state O False args=() kw={} ncanvase=2
04:43:05 -- CLOSE  VALVE-O (Jan Ion Pump)
waiting 3s before opening inlet value ('R',)
set states for children of V. state=True
handle state [('V', True)]
update switch state V True args=() kw={'refresh': False} ncanvase=2
refresh_canvas_needed fired
Get Checksum: 176217748
checking ownership. requestor=129.138.12.150
check software interlocks R
interlocks []
actuate state mode=None-script, software_lock=False
doing actuation None-script open_channel True
Open R ===>> OK
set states for children of R. state=True
handle state [('R', True)]
update switch state R True args=() kw={'refresh': False} ncanvase=2
refresh_canvas_needed fired
GetIndicatorState R ===>> OK
change switch state (True, True)
update switch state R True args=() kw={} ncanvase=2
04:43:08 -- OPEN   VALVE-R (Jan Inlet)
set_time_zero () {}
equilibrating for 12.0sec
sniff (12.0,) {}
py_sniff
build tables- sniff [Detector(H2), Detector(H1), Detector(AX), Detector(L1), Detector(L2), Detector(CDD)]
add group /sniff/PM41 (Group) '' table H2
add group /sniff/Ar40 (Group) '' table H1
add group /sniff/Ar39 (Group) '' table AX
add group /sniff/Ar38 (Group) '' table L1
add group /sniff/Ar37 (Group) '' table L2
add group /sniff/Ar36 (Group) '' table CDD
flush and close file /Users/jan/PychronDev/data/isotopes/89/746fa7-d97e-46b4-abf5-eb3e804be3a8.h5
measuring sniff. ncounts=12.0
starting measurement
GetData ===>> H2,-0.168577055287637,H1,0.19224016323578,AX,0.0351106972491486,L1,0.0096761893148482,L2,0.085245...
GetData ===>> H2,0.835522600023244,H1,16.1104512371802,AX,4.13032682658175,L1,0.154065598395625,L2,0.2802355755...
Get Checksum: -1447199934
GetData ===>> H2,0.671174512318451,H1,32.5068002118137,AX,6.43371961682244,L1,0.259172163664652,L2,0.1910901545...
GetData ===>> H2,0.202784550885847,H1,37.7809944144545,AX,7.06462505217465,L1,0.293113822505608,L2,0.1694486920...
GetData ===>> H2,0.126443936064253,H1,39.5702170320717,AX,7.19855347659686,L1,0.269591765472579,L2,0.0204267529...
Get Checksum: -1447199934
GetData ===>> H2,0.0175559461985482,H1,40.3548678228915,AX,7.09451143849163,L1,0.228718490454943,L2,-0.00125373...
GetData ===>> H2,-0.0535531144906934,H1,40.520044541785,AX,7.10991741616309,L1,0.202031691614045,L2,0.062616331...
GetData ===>> H2,-0.0863928629299607,H1,40.6686576274568,AX,7.01951024495234,L1,0.213026560000272,L2,0.11342266...
Get Checksum: -1447199934
GetData ===>> H2,-0.126075373300337,H1,40.5919682151742,AX,7.07990831635061,L1,0.205918324867189,L2,0.148998184...
GetData ===>> H2,-0.136026605976502,H1,40.7390523318097,AX,7.12679218457512,L1,0.180997793963041,L2,0.047517166...
Get Checksum: -1447199934
GetData ===>> H2,-0.0818812236962191,H1,40.7965608179679,AX,7.23442919860293,L1,0.190652950225612,L2,0.05670867...
Equilibration Finished
04:43:20 -- ******* Equilibration Finished *******
GetData ===>> H2,-0.0628122251054865,H1,40.7835091805554,AX,7.13151618302521,L1,0.229474403868215,L2,-0.0215049...
checking ownership. requestor=129.138.12.150
check software interlocks R
interlocks []
actuate state mode=None-script, software_lock=False
doing actuation None-script close_channel True
Close R ===>> OK
GetIndicatorState R ===>> False
change switch state (True, True)
update switch state R False args=() kw={} ncanvase=2
04:43:21 -- CLOSE  VALVE-R (Jan Inlet)
Post Equilibration Started jan_pump_extraction_line.py
04:43:21 -- ******* Post Equilibration Started jan_pump_extraction_line.py *******
testing...
no interpolation path defined
calculate duration
testing...
no interpolation path defined
executed 4.0
executed 4.0
Pump after analysis
doing GOSUB
testing...
no interpolation path defined
executed 4.0
Pump Microbone
close () {'description': 'Jan Inlet'}
closing name=--- desc=Jan Inlet
checking ownership. requestor=129.138.12.150
check software interlocks R
interlocks []
actuate state mode=None-script, software_lock=False
doing actuation None-script close_channel False
measurement finished
estimated time: 12.583 actual time: :12.667
flush and close file /Users/jan/PychronDev/data/isotopes/89/746fa7-d97e-46b4-abf5-eb3e804be3a8.h5
set_fits () {}
using default fits file=/Users/jan/PychronDev/scripts/measurement/fits/nominal_linear.yaml
set "Ar40" to "('Linear', 'SEM')"
No fit for "PM41". defaulting to linear. check the measurement script "jan_unknown120_60.py"
set "PM41" to "linear"
set "Ar36" to "('Linear', 'SEM')"
set "Ar37" to "('linear', 'SEM')"
set "Ar38" to "('linear', 'SEM')"
set "Ar39" to "('Linear', 'SEM')"
set_baseline_fits () {}
Close R ===>> OK
using default fits file=/Users/jan/PychronDev/scripts/measurement/fits/nominal_linear.yaml
set "H1" to "('average', 'SEM')"
set "H2" to "('average', 'SEM')"
set "CDD" to "('average', 'SEM')"
set "L2" to "('average', 'SEM')"
set "L1" to "('average', 'SEM')"
set "AX" to "('average', 'SEM')"
multicollect () {'integration_time': 1, 'ncounts': 120}
build tables- signal [Detector(H2), Detector(H1), Detector(AX), Detector(L1), Detector(L2), Detector(CDD)]
add group /signal/PM41 (Group) '' table H2
add group /signal/Ar40 (Group) '' table H1
add group /signal/Ar39 (Group) '' table AX
add group /signal/Ar38 (Group) '' table L1
add group /signal/Ar37 (Group) '' table L2
add group /signal/Ar36 (Group) '' table CDD
flush and close file /Users/jan/PychronDev/data/isotopes/89/746fa7-d97e-46b4-abf5-eb3e804be3a8.h5
measuring signal. ncounts=120
GetIndicatorState R ===>> False
change switch state (True, True)
update switch state R False args=() kw={} ncanvase=2
04:43:21 -- CLOSE  VALVE-R (Jan Inlet)
---------------------------------------- close None (Jan Inlet) result=[(True, True)]
action=close, ok=True, locked=[False]
is_closed ('F',) {}
is F () closed?
is closed True
open () {'description': 'CO2 Laser to Jan'}
opening name=--- desc=CO2 Laser to Jan
checking ownership. requestor=129.138.12.150
check software interlocks A
interlocks []
actuate state mode=None-script, software_lock=False
doing actuation None-script open_channel False
Open A ===>> OK
GetIndicatorState A ===>> OK
change switch state (True, True)
update switch state A True args=() kw={} ncanvase=2
04:43:22 -- OPEN   VALVE-A (CO2 Laser to Jan)
---------------------------------------- open None (CO2 Laser to Jan) result=[(True, True)], time=0.13 sec
starting measurement
GetData ===>> H2,-0.00244799567434188,H1,40.8177709490998,AX,7.24873732641044,L1,0.218761374049068,L2,0.1642358...
action=open, ok=True, locked=[False]
sleep (1,) {}
SLEEP 1.0
Get Checksum: 176217748
GetData ===>> H2,0.0481301340696497,H1,40.8538812755999,AX,7.1891836157775,L1,0.210119147455604,L2,0.0273240468...
close () {'description': 'CO2 Laser to Roughing'}
closing name=--- desc=CO2 Laser to Roughing
checking ownership. requestor=129.138.12.150
check software interlocks G
interlocks []
actuate state mode=None-script, software_lock=True
VALVE-G(CO2 Laser to Roughing) software locked
change switch state (True, False)
---------------------------------------- close None (CO2 Laser to Roughing) result=[(True, False)]
action=close, ok=True, locked=[True]
open () {'description': 'Microbone to Turbo'}
opening name=--- desc=Microbone to Turbo
checking ownership. requestor=129.138.12.150
check software interlocks U
interlocks []
actuate state mode=None-script, software_lock=False
doing actuation None-script open_channel True
Open U ===>> OK
GetIndicatorState U ===>> OK
change switch state (True, True)
update switch state U True args=() kw={} ncanvase=2
04:43:23 -- OPEN   VALVE-U (Microbone to Turbo)
---------------------------------------- open None (Microbone to Turbo) result=[(True, True)], time=0.22 sec
action=open, ok=True, locked=[False]
open () {'description': 'Microbone to Getter NP-10'}
opening name=--- desc=Microbone to Getter NP-10
checking ownership. requestor=129.138.12.150
check software interlocks M
interlocks []
actuate state mode=None-script, software_lock=False
doing actuation None-script open_channel False
Open M ===>> OK
GetIndicatorState M ===>> OK
change switch state (True, True)
update switch state M True args=() kw={} ncanvase=2
04:43:23 -- OPEN   VALVE-M (Microbone to Getter NP-10)
---------------------------------------- open None (Microbone to Getter NP-10) result=[(True, True)], time=0.13 sec
action=open, ok=True, locked=[False]
open () {'description': 'Microbone to Getter D-50'}
opening name=--- desc=Microbone to Getter D-50
checking ownership. requestor=129.138.12.150
check software interlocks K
interlocks []
actuate state mode=None-script, software_lock=False
doing actuation None-script open_channel False
GetData ===>> H2,-0.146805891036409,H1,40.932771230287,AX,7.16064638254869,L1,0.19698421195957,L2,0.05034522715...
Open K ===>> OK
GetIndicatorState K ===>> OK
change switch state (True, True)
update switch state K True args=() kw={} ncanvase=2
04:43:24 -- OPEN   VALVE-K (Microbone to Getter D-50)
---------------------------------------- open None (Microbone to Getter D-50) result=[(True, True)], time=0.41 sec
action=open, ok=True, locked=[False]
open () {'description': 'Microbone to CO2 Laser'}
opening name=--- desc=Microbone to CO2 Laser
checking ownership. requestor=129.138.12.150
check software interlocks T
interlocks []
actuate state mode=None-script, software_lock=False
doing actuation None-script open_channel False
Open T ===>> OK
GetIndicatorState T ===>> OK
change switch state (True, True)
update switch state T True args=() kw={} ncanvase=2
04:43:25 -- OPEN   VALVE-T (Microbone to CO2 Laser)
---------------------------------------- open None (Microbone to CO2 Laser) result=[(True, True)], time=0.41 sec
GetData ===>> H2,-0.204187455868904,H1,40.9046069384402,AX,7.08822714812755,L1,0.193978006581545,L2,0.006189119...
action=open, ok=True, locked=[False]
open () {'description': 'Microbone to Inlet Pipette'}
opening name=--- desc=Microbone to Inlet Pipette
checking ownership. requestor=129.138.12.150
check software interlocks S
interlocks []
actuate state mode=None-script, software_lock=False
doing actuation None-script open_channel False
Open S ===>> OK
Get Checksum: -861571959
GetIndicatorState S ===>> OK
change switch state (True, True)
update switch state S True args=() kw={} ncanvase=2
04:43:25 -- OPEN   VALVE-S (Microbone to Inlet Pipette)
---------------------------------------- open None (Microbone to Inlet Pipette) result=[(True, True)], time=0.41 sec
action=open, ok=True, locked=[False]
sleep (1,) {}
SLEEP 1.0
GetData ===>> H2,-0.132881168250586,H1,40.9383732762449,AX,7.04089308557874,L1,0.19243586890135,L2,0.0717636613...
set_resource () {'name': 'CO2PumpTimeFlag', 'value': 30}
Set CO2PumpTimeFlag 30 ===>> OK
release ('JanCO2Flag',) {}
release JanCO2Flag
Set JanCO2Flag 0 ===>> OK
executed 6.0
PumpMicrobone.py completed successfully
gosub finished
get_resource_value () {'name': 'JanMiniboneFlag'}
Read JanMiniboneFlag ===>> 0
Get Resource Value JanMiniboneFlag=0.0
get resource value 0.0
get_resource_value () {'name': 'JanMiniboneFlag'}
Read JanMiniboneFlag ===>> 0
Get Resource Value JanMiniboneFlag=0.0
executed 4.0
jan_pump_extraction_line.py completed successfully
Post Equilibration Finished
04:43:27 -- ******* Post Equilibration Finished *******
GetData ===>> H2,-0.110928172360824,H1,40.8897877808334,AX,7.02282735314352,L1,0.197312634070131,L2,-0.08969155...
GetData ===>> H2,-0.107195998339423,H1,40.7103370773266,AX,7.1215876280951,L1,0.194432333692962,L2,0.1422013257...
Get Checksum: -861571959
GetData ===>> H2,-0.0958916749655496,H1,40.8041426162035,AX,7.1478295014826,L1,0.22667549963806,L2,0.0860088849...
GetData ===>> H2,-0.190057903787404,H1,40.941002018305,AX,7.07743109190813,L1,0.202343301627202,L2,0.0337999753...
GetData ===>> H2,-0.154944180742338,H1,40.8604035461292,AX,7.09336990349857,L1,0.165973798447282,L2,-0.00552769...
Get Checksum: -861571959
GetData ===>> H2,-0.113657134718483,H1,40.9662006284739,AX,7.13591583086139,L1,0.189104051230957,L2,0.062650546...
GetData ===>> H2,-0.223713376865697,H1,40.8624579907783,AX,6.96461353057169,L1,0.236000887946027,L2,0.206117705...
GetData ===>> H2,-0.209989749410101,H1,40.870891637478,AX,7.20563858298959,L1,0.22258953463677,L2,0.01601502568...
Get Checksum: -861571959
GetData ===>> H2,-0.211709922412877,H1,40.8811651048365,AX,7.08564385357838,L1,0.187032359100272,L2,0.066402900...
GetData ===>> H2,-0.195671318436582,H1,40.918795978534,AX,7.1101938319403,L1,0.15709123873145,L2,0.067258320950...
Get Checksum: -861571959
GetData ===>> H2,-0.128574963907577,H1,40.914760261762,AX,7.10412487713835,L1,0.208195474178266,L2,0.0459891356...
GetData ===>> H2,0.000266714697812881,H1,40.8975704833679,AX,7.0577116689308,L1,0.188065125364797,L2,0.02467907...
GetData ===>> H2,-0.0991497081101484,H1,40.8135918127835,AX,7.18469745633197,L1,0.164849163953093,L2,0.12342124...
Get Checksum: -861571959
GetData ===>> H2,-0.226165620807237,H1,40.8843407173559,AX,6.95398367528821,L1,0.180761624105258,L2,0.059160647...
GetData ===>> H2,-0.238570723402263,H1,40.903070371363,AX,6.98539603287831,L1,0.197871339594884,L2,-0.041797411...
GetData ===>> H2,-0.244009837454895,H1,40.9213237560675,AX,7.07952350079584,L1,0.179916302116869,L2,-0.00671297...
Get Checksum: -861571959
GetData ===>> H2,-0.309706207509188,H1,40.9301570312494,AX,7.05882980140505,L1,0.192712055469497,L2,0.135940887...
GetData ===>> H2,-0.164838289249183,H1,40.9377843309645,AX,7.09291329311794,L1,0.207965191104853,L2,0.084629854...
GetData ===>> H2,-0.165331013116393,H1,40.7980828831303,AX,7.03880147786605,L1,0.170238867039512,L2,0.041131529...
Get Checksum: -861571959
04:43:47 -- collecting point 25
GetData ===>> H2,-0.145386087194886,H1,40.9094896180267,AX,7.09452345471808,L1,0.145187373427537,L2,0.157301042...
GetData ===>> H2,-0.209744566407102,H1,41.0219033540392,AX,7.0770222354701,L1,0.188237061473693,L2,0.0745582196...
GetData ===>> H2,-0.172782704473641,H1,41.1187612827779,AX,7.01646965828632,L1,0.187204277739537,L2,0.072128660...
Get Checksum: -861571959
GetData ===>> H2,-0.152163339960051,H1,40.9202609340563,AX,7.03169754793362,L1,0.218157174110943,L2,0.095617061...
GetData ===>> H2,-0.313238298052084,H1,40.9777242105317,AX,7.10180555122476,L1,0.327444237985593,L2,0.032933452...
GetData ===>> H2,-0.261449727439899,H1,40.7611423350104,AX,7.00037890976252,L1,0.40875589112497,L2,0.0833306210...
Get Checksum: -861571959
GetData ===>> H2,-0.240269634273285,H1,40.9580255877721,AX,7.10532662137952,L1,0.321697408737619,L2,0.011193137...
GetData ===>> H2,-0.217325079451356,H1,40.9508136218756,AX,7.06005615449955,L1,0.261325487314098,L2,0.012036665...
GetData ===>> H2,-0.160628338995556,H1,40.9515462919525,AX,7.06634445410283,L1,0.281605025653795,L2,0.100575394...
Get Checksum: -861571959
GetData ===>> H2,-0.214252658881348,H1,40.8879475099659,AX,7.01197504591559,L1,0.199825232378298,L2,0.158909234...
GetData ===>> H2,-0.190980059836869,H1,40.9245122783187,AX,6.95124531785364,L1,0.238768350011334,L2,0.026275170...
GetData ===>> H2,-0.137017657390312,H1,40.7308288233756,AX,7.03729891289091,L1,0.238090683399273,L2,-0.02776062...
Get Checksum: -861571959
GetData ===>> H2,-0.0503736871401131,H1,40.8481063438834,AX,7.00239762309426,L1,0.181049873183217,L2,0.09390735...
GetData ===>> H2,-0.139692928653549,H1,40.910365649111,AX,6.99101885641775,L1,0.218495667248931,L2,0.1546207832...
GetData ===>> H2,-0.154484784912955,H1,40.8562085651119,AX,7.00292634040692,L1,0.232938005450826,L2,0.141653948...
Get Checksum: -861571959
GetData ===>> H2,-0.147750076995846,H1,40.866408944298,AX,7.02434172141783,L1,0.208732417588555,L2,0.1027753806...
GetData ===>> H2,-0.0841839951525347,H1,40.8016727356014,AX,7.01671001753164,L1,0.17624396456244,L2,0.030390937...
GetData ===>> H2,-0.0864930711574911,H1,40.8877319615588,AX,7.02448594815371,L1,0.174122048280689,L2,0.06276459...
GetData ===>> H2,-0.189073648504528,H1,40.9044920542431,AX,7.05821663044893,L1,0.19623530379387,L2,0.0324545879...
Get Checksum: -861571959
GetData ===>> H2,-0.291647996312842,H1,40.861337380265,AX,7.10818683024892,L1,0.218384048196137,L2,0.1634260029...
GetData ===>> H2,-0.119847660671682,H1,40.9628816962616,AX,7.21077529535786,L1,0.214953572518088,L2,-0.02197212...
Get Checksum: -861571959
GetData ===>> H2,-0.0723346509041174,H1,40.8758917611682,AX,6.99574082865069,L1,0.224845162989966,L2,0.07126179...
GetData ===>> H2,-0.13486102955067,H1,40.8925303363849,AX,6.93113027909456,L1,0.191243991877935,L2,0.1319727347...
GetData ===>> H2,-0.139195503021531,H1,40.9288643164069,AX,6.97554483303407,L1,0.141974132169105,L2,-0.01586420...
Get Checksum: -861571959
GetData ===>> H2,-0.191032636645741,H1,40.8985613062777,AX,6.91628975508939,L1,0.150037648672,L2,0.075003075204...
04:44:13 -- collecting point 50
GetData ===>> H2,-0.0757766233747652,H1,40.9466619088653,AX,6.88485971773408,L1,0.208560301716635,L2,0.02087135...
GetData ===>> H2,-0.163450447685848,H1,40.9096906737783,AX,6.99218430992737,L1,0.172669765575134,L2,0.068421704...
Get Checksum: -861571959
GetData ===>> H2,-0.136810801147815,H1,40.8730612059041,AX,6.92284525114512,L1,0.167756538877729,L2,0.071284602...
GetData ===>> H2,-0.169555409490348,H1,40.8301081453374,AX,7.05983973816423,L1,0.155401751187618,L2,-0.06792860...
GetData ===>> H2,-0.118847933211396,H1,40.8498301751264,AX,7.1060596923957,L1,0.171936441714149,L2,0.0167218003...
Get Checksum: -861571959
GetData ===>> H2,-0.1453185373873,H1,40.8721560169788,AX,7.0224187179812,L1,0.144030126802992,L2,0.072938506531...
GetData ===>> H2,-0.19364903543439,H1,40.9997398999247,AX,7.04078489790911,L1,0.155941098895298,L2,0.0320669374...
GetData ===>> H2,-0.0942866893498327,H1,40.8651733594614,AX,7.00456057508129,L1,0.179659570680209,L2,0.05608143...
Get Checksum: -861571959
GetData ===>> H2,-0.124498820538863,H1,40.8601449471862,AX,6.96325620979737,L1,0.185580852154349,L2,0.141403068...
GetData ===>> H2,-0.172046120298866,H1,40.9247277220528,AX,6.9417216977254,L1,0.210045199921465,L2,0.0786580847...
GetData ===>> H2,-0.210717184178094,H1,41.0131352231421,AX,6.92684359266221,L1,0.192148788184718,L2,0.014236712...
Get Checksum: -861571959
GetData ===>> H2,-0.177026443417526,H1,41.0049713727,AX,7.0921923335667,L1,0.207816115894468,L2,0.1335576956994...
GetData ===>> H2,-0.126201109503129,H1,40.8569987044855,AX,7.04368196333594,L1,0.15096229163542,L2,0.0979537148...
GetData ===>> H2,-0.119014335093049,H1,40.9471359726713,AX,7.02322397120798,L1,0.151689978423369,L2,0.009300926...
Get Checksum: -861571959
GetData ===>> H2,-0.149698984772479,H1,40.8330382355104,AX,6.94251429761283,L1,0.144596653798858,L2,0.023641628...
GetData ===>> H2,-0.209875241526364,H1,40.9338341625883,AX,6.93675007693387,L1,0.157767354418703,L2,0.089336874...
GetData ===>> H2,-0.258795660504818,H1,40.9023236355562,AX,7.04965667222379,L1,0.217815052699532,L2,0.090864141...
Get Checksum: -861571959
GetData ===>> H2,-0.185900527909325,H1,40.8957755350683,AX,7.03139705431386,L1,0.214439343429916,L2,0.044141847...
GetData ===>> H2,-0.104259661257336,H1,40.8692249756729,AX,6.92530667385521,L1,0.150820870194067,L2,0.186389537...
Get Checksum: -861571959
GetData ===>> H2,-0.194108628809955,H1,40.997253592695,AX,7.00880249896328,L1,0.182422196261682,L2,0.0268110078...
GetData ===>> H2,-0.183043553963996,H1,40.8521717520562,AX,6.93199484298589,L1,0.16967508818731,L2,0.0375511979...
GetData ===>> H2,-0.171428216043704,H1,40.8918985379515,AX,6.95452414936018,L1,0.173939291285719,L2,0.163038191...
Get Checksum: -861571959
GetData ===>> H2,-0.192438638645015,H1,40.9963194442665,AX,6.98668156531283,L1,0.188697186493542,L2,0.083467381...
GetData ===>> H2,-0.0612571339945167,H1,40.9653529271445,AX,6.93629375687575,L1,0.21387056840445,L2,0.109694838...
GetData ===>> H2,-0.115297445321264,H1,40.9668328163955,AX,7.02364462843525,L1,0.196464332960683,L2,0.001857833...
Get Checksum: -861571959
04:44:40 -- collecting point 75
GetData ===>> H2,-0.0505528334072573,H1,40.8973694478292,AX,7.05109931091432,L1,0.192737494083398,L2,0.07341757...
GetData ===>> H2,-0.0604842546703955,H1,40.8520568269735,AX,6.97215720378401,L1,0.188705662676129,L2,-0.0385846...
GetData ===>> H2,-0.137252901082275,H1,40.7804654376115,AX,6.96666756401461,L1,0.224335783876951,L2,0.015923829...
GetData ===>> H2,-0.181985832118734,H1,40.8964360729346,AX,6.9705234941886,L1,0.210973825988026,L2,-0.004034679...
GetData ===>> H2,-0.241250901362346,H1,40.9965206448551,AX,6.94408750675798,L1,0.195274406954812,L2,0.149659649...
Get Checksum: -861571959
GetData ===>> H2,-0.29464550873298,H1,40.8758055503818,AX,6.89240434666294,L1,0.187936780587805,L2,0.1312087701...
GetData ===>> H2,-0.255885749445671,H1,40.9895075652652,AX,6.90336010880732,L1,0.176373496910042,L2,0.069744786...
GetData ===>> H2,-0.307780731378496,H1,40.8892995837696,AX,6.98761869274307,L1,0.136759311358382,L2,-0.09417790...
Get Checksum: -861571959
GetData ===>> H2,-0.284712941292017,H1,40.8291027386551,AX,6.93864742985114,L1,0.16563276708558,L2,-9.118108140...
GetData ===>> H2,-0.235514546095904,H1,40.9694765472514,AX,6.93253519918343,L1,0.193041551014727,L2,0.047186470...
GetData ===>> H2,-0.121280134257749,H1,40.8462963476135,AX,6.93937996173494,L1,0.146272261044396,L2,0.114539896...
Get Checksum: -861571959
GetData ===>> H2,-0.210110991787864,H1,40.8747710257545,AX,6.98865194590246,L1,0.164446502534504,L2,0.083604142...
GetData ===>> H2,-0.225586610646416,H1,40.9721203360705,AX,6.90959062266836,L1,0.203514479765146,L2,0.004695943...
GetData ===>> H2,-0.259279452867934,H1,40.9111698799734,AX,6.94076097894366,L1,0.181559779183985,L2,0.058008780...
Get Checksum: -861571959
GetData ===>> H2,-0.223930208456293,H1,40.6993464425984,AX,7.04448738634953,L1,0.186200652946028,L2,0.092243261...
GetData ===>> H2,-0.0984943849677975,H1,40.9004280962048,AX,6.94820678898573,L1,0.163054462814127,L2,0.08306849...
Get Checksum: -861571959
GetData ===>> H2,-0.147490737611062,H1,41.1246119234921,AX,6.96070978118303,L1,0.204621825743082,L2,0.166904972...
GetData ===>> H2,-0.174673516631641,H1,40.9263363807699,AX,6.95507663696175,L1,0.19988341856438,L2,-0.010849938...
GetData ===>> H2,-0.157435403268524,H1,40.8910513588858,AX,6.91558140283367,L1,0.180657468886663,L2,-0.02863798...
Get Checksum: -861571959
GetData ===>> H2,-0.175644175040667,H1,40.9730255596936,AX,6.90899036372043,L1,0.183034255035267,L2,0.036319777...
GetData ===>> H2,-0.184314308455625,H1,40.9709277502423,AX,6.84355447722123,L1,0.175156926404348,L2,0.027540664...
GetData ===>> H2,-0.150293179686453,H1,41.0363793518346,AX,6.92166859225411,L1,0.195619737736496,L2,-0.01584140...
Get Checksum: -861571959
GetData ===>> H2,-0.186063723253022,H1,40.9629822686228,AX,7.02725033378731,L1,0.18220779641576,L2,0.0557164926...
GetData ===>> H2,-0.129037239973709,H1,40.9057127044366,AX,6.92188471224521,L1,0.166198740295694,L2,0.080698017...
GetData ===>> H2,-0.214956928071123,H1,40.8287149411763,AX,6.96791682119305,L1,0.214270769265762,L2,0.032066937...
Get Checksum: -861571959
04:45:06 -- collecting point 100
GetData ===>> H2,-0.213980634944643,H1,40.9296973977174,AX,6.99267692834753,L1,0.18620186353143,L2,0.1076656869...
GetData ===>> H2,-0.219346230360932,H1,40.9684564051078,AX,6.84648456151475,L1,0.138854585634679,L2,0.044552353...
GetData ===>> H2,-0.254033230437507,H1,40.8854040633214,AX,6.87361590490809,L1,0.170750650480625,L2,0.091035105...
Get Checksum: -861571959
GetData ===>> H2,-0.278210408205925,H1,40.9013184215821,AX,6.97614548839763,L1,0.18627934129738,L2,0.0969050632...
GetData ===>> H2,-0.237178667182457,H1,40.8761791309015,AX,7.0074205494904,L1,0.226111444328758,L2,0.0527856373...
GetData ===>> H2,-0.210928670321006,H1,40.8862806123191,AX,6.94609308378553,L1,0.184035146510017,L2,0.058601819...
Get Checksum: -861571959
GetData ===>> H2,-0.275257057962757,H1,40.6427924534733,AX,6.86576039549449,L1,0.155163528255241,L2,0.112852648...
GetData ===>> H2,-0.16256743276646,H1,40.7088448174312,AX,6.82183368163229,L1,0.156051148697561,L2,0.0445865619...
GetData ===>> H2,-0.177710765806207,H1,40.7840404077235,AX,6.8642830515844,L1,0.168754477992323,L2,0.0037157030...
Get Checksum: -861571959
GetData ===>> H2,-0.274448411539941,H1,40.7250884870175,AX,6.94175772485783,L1,0.20379554522813,L2,0.0304023384...
GetData ===>> H2,-0.205289932050289,H1,40.845951589501,AX,6.9120036997091,L1,0.238588606088129,L2,0.13688733938...
GetData ===>> H2,-0.232394162757799,H1,40.9727956609869,AX,6.91552137321026,L1,0.19096663403646,L2,0.1621256992...
Get Checksum: -861571959
GetData ===>> H2,-0.251984081657914,H1,40.7698703660975,AX,6.87395224008184,L1,0.177116826614513,L2,0.070086965...
GetData ===>> H2,-0.185931548692948,H1,40.8441703549639,AX,6.92809235644742,L1,0.184041198148862,L2,0.130273777...
Get Checksum: -861571959
GetData ===>> H2,-0.214670108629427,H1,40.7592905807722,AX,6.87730364116666,L1,0.175362704211832,L2,0.069071837...
GetData ===>> H2,-0.213533531879297,H1,40.7864524956766,AX,6.91585753956162,L1,0.184008519341923,L2,-0.01616048...
GetData ===>> H2,-0.189027804391511,H1,40.8743974495988,AX,7.02313983997303,L1,0.137411772494528,L2,0.041507813...
Get Checksum: -861571959
GetData ===>> H2,-0.198318803336078,H1,40.7980828831303,AX,6.98419461551254,L1,0.169638794483735,L2,0.027905494...
GetData ===>> H2,-0.187980080961374,H1,40.8763659215956,AX,6.90476464189115,L1,0.209397878877358,L2,0.093177883...
GetData ===>> H2,-0.10294685956038,H1,40.8985756660899,AX,6.92571491562784,L1,0.178201652910107,L2,-0.006074749...
Get Checksum: -861571959
GetData ===>> H2,-0.184551715986257,H1,40.8238173100483,AX,6.88833161853986,L1,0.172126423177175,L2,0.052078596...
measurement finished
estimated time: 125.829 actual time: :126.232
flush and close file /Users/jan/PychronDev/data/isotopes/89/746fa7-d97e-46b4-abf5-eb3e804be3a8.h5
baselines () {'settling_time': 15.0, 'detector': 'H1', 'mass': 34.2, 'ncounts': 60}
%%%%%%%%%%%%%%%%%%%%%%%%%%%%%%%% Baseline
build tables- baseline [Detector(H2), Detector(H1), Detector(AX), Detector(L1), Detector(L2), Detector(CDD)]
add group baseline table H2
add group baseline table H1
add group baseline table AX
add group baseline table L1
add group baseline table L2
add group baseline table CDD
flush and close file /Users/jan/PychronDev/data/isotopes/89/746fa7-d97e-46b4-abf5-eb3e804be3a8.h5
detector Detector(H1)
POSITION 34.2 H1
Mapping mass to dac mass func: "parabolic"
H1 map mass coeffs = [-0.00063987  0.15840543  0.57049999]
H1 map mass to dac 34.2 >> 5.23954599104
GetDeflection H1 ===>> 0
GetHighVoltage ===>> 4500
positioning 34.2 (5.23954599104) on H1
setting magnet DAC
current  : 5.878890
requested: 5.239546
Delta Dac: 0.639344
Checking detector protection. dv=0.63934
Checking detector "CDD". Protection Threshold: 0.1 (V)
ProtectDetector CDD,On ===>> OK
GetDeflection CDD ===>> 2000
SetMagnetDAC 5.23954599104 ===>> OK
Magnet settling time: 0.500
GetMagnetMoving ===>> True
GetMagnetMoving ===>> True
GetMagnetMoving ===>> True
GetMagnetMoving ===>> True
GetMagnetMoving ===>> True
Get Checksum: -861571959
GetMagnetMoving ===>> True
GetMagnetMoving ===>> True
GetMagnetMoving ===>> True
GetMagnetMoving ===>> False
ProtectDetector CDD,Off ===>> OK
GetDeflection CDD ===>> 50
Delaying 15.0s for detectors to settle
Get Checksum: -861571959
Get Checksum: -861571959
Get Checksum: -861571959
Get Checksum: -861571959
Get Checksum: -861571959
Join finished
measuring baseline. ncounts=60
starting measurement
GetData ===>> H2,-0.173655481222801,H1,0.0524969430204748,AX,-0.012458036015831,L1,-0.0320132686321347,L2,0.000...
GetData ===>> H2,-0.104665651688914,H1,-0.0421970178274609,AX,-0.0263993909241959,L1,-0.0296490826474234,L2,-0....
Get Checksum: -861571959
GetData ===>> H2,-0.169330058149843,H1,-0.00336638980942257,AX,-0.0382746439754912,L1,-0.0121382966306806,L2,0....
GetData ===>> H2,-0.158318818134679,H1,0.00021212880809709,AX,-0.103701705704824,L1,-0.000446446555125833,L2,-0...
GetData ===>> H2,-0.283537426729351,H1,-0.0926686212467718,AX,0.0121819864141255,L1,-0.00162608248028819,L2,-0....
Get Checksum: -861571959
GetData ===>> H2,-0.284209164348968,H1,-0.0962438202331882,AX,-0.0749813506570429,L1,0.00285438815061649,L2,-0....
GetData ===>> H2,-0.176076152032296,H1,-0.102416696428187,AX,-0.0355378977381441,L1,0.00670748802684012,L2,-0.0...
GetData ===>> H2,-0.0740998255636148,H1,0.00396971104612578,AX,-0.120063185477496,L1,-0.0203318464507772,L2,0.0...
Get Checksum: -861571959
GetData ===>> H2,-0.135395154261809,H1,0.026482371697001,AX,-0.0850425527568181,L1,-0.02549184559746,L2,-0.0532...
GetData ===>> H2,-0.22253217769051,H1,-0.00477390541024898,AX,-0.0490121506886531,L1,-0.0233011170438818,L2,0.0...
GetData ===>> H2,-0.305293897622423,H1,0.00852671431228487,AX,-0.190515529739422,L1,-0.0421582861467295,L2,0.02...
Get Checksum: -861571959
GetData ===>> H2,-0.216424575646172,H1,-0.0703564934356081,AX,0.00531370724522973,L1,-0.0646954272665886,L2,0.0...
GetData ===>> H2,-0.31223230841726,H1,-0.0165103835354728,AX,-0.0222937417713566,L1,-0.00459556105450693,L2,-0....
Get Checksum: -861571959
GetData ===>> H2,-0.199958503668268,H1,-0.051222742238388,AX,-0.139347773243882,L1,-0.0218423641084788,L2,0.044...
GetData ===>> H2,-0.167474450046947,H1,-0.0750171833504119,AX,-0.0914287898751135,L1,-0.0183654360698278,L2,-0....
GetData ===>> H2,-0.150204052434526,H1,0.0387131516071506,AX,-0.0554471295862721,L1,-0.0129449987208395,L2,-0.1...
Get Checksum: -861571959
GetData ===>> H2,-0.125337152014036,H1,-0.0894031612114208,AX,-0.0135019670286654,L1,0.0129915128582253,L2,-0.0...
GetData ===>> H2,-0.148241724964951,H1,-0.116715332757233,AX,-0.0625309115902163,L1,-0.0214959241509433,L2,-0.0...
GetData ===>> H2,-0.146774822065086,H1,-0.0796538180073412,AX,0.0409945923704703,L1,-0.00292676189366434,L2,-0....
Get Checksum: -861571959
GetData ===>> H2,-0.217958412280818,H1,-0.0255384246198308,AX,-0.131220321924895,L1,0.0402860231436722,L2,-0.06...
GetData ===>> H2,-0.185526923099149,H1,0.0055085711494264,AX,0.0143400255270449,L1,0.0125593306542522,L2,-0.001...
GetData ===>> H2,-0.228066719946669,H1,-0.0317514382177862,AX,-0.0649422941969586,L1,-0.00728953006263417,L2,0....
Get Checksum: -861571959
GetData ===>> H2,-0.262775685093972,H1,-0.106623090775692,AX,0.00546452573932237,L1,-0.0147529541533677,L2,0.02...
GetData ===>> H2,-0.199110365979569,H1,-0.0836823903894278,AX,-0.0575688401568824,L1,-0.0266397502213415,L2,0.0...
04:46:11 -- collecting point 25
GetData ===>> H2,-0.157090933859422,H1,-0.096446411017692,AX,-0.104663540200924,L1,-0.0449408651515325,L2,-0.07...
Get Checksum: -861571959
GetData ===>> H2,-0.125991548391297,H1,-0.0353884361090849,AX,-0.0524210033226473,L1,-0.0497929693552639,L2,-0....
GetData ===>> H2,-0.142914853361263,H1,-0.0409211892689719,AX,0.00351550474077564,L1,-0.0436837712642333,L2,0.0...
GetData ===>> H2,-0.155608920568896,H1,0.00973161110857674,AX,-0.0664493779817323,L1,-0.0335555584249672,L2,0.0...
Get Checksum: -861571959
GetData ===>> H2,-0.149338401313126,H1,-0.0390491497001431,AX,-0.155150748658645,L1,0.00615560282164659,L2,-0.0...
GetData ===>> H2,-0.10157569955305,H1,-0.0547517341155988,AX,-0.0258079097753302,L1,-0.00431724712779254,L2,-0....
GetData ===>> H2,-0.219780056977065,H1,0.000605773666318044,AX,-0.053707988061435,L1,-0.00546524249069605,L2,-0...
Get Checksum: -861571959
GetData ===>> H2,-0.212699879851952,H1,-0.0568380728048322,AX,-0.0715269192415235,L1,-0.0207766335434742,L2,-0....
GetData ===>> H2,-0.121418096675266,H1,-0.0593416218171548,AX,-0.0291595887580319,L1,-0.0466251244173532,L2,-0....
GetData ===>> H2,-0.140880984758637,H1,0.0152910257368745,AX,-0.0355378977381441,L1,-0.0339746180337146,L2,-0.0...
Get Checksum: -861571959
GetData ===>> H2,-0.258395172244994,H1,0.0237977663366752,AX,-0.0754102480124315,L1,-0.0408936582557621,L2,-0.0...
GetData ===>> H2,-0.319594073592645,H1,0.0270789604424728,AX,-0.0821448477616822,L1,-0.0150636401900351,L2,-0.0...
GetData ===>> H2,-0.187056331857254,H1,0.00305117791790113,AX,-0.119205782482296,L1,-0.0216146021581297,L2,-0.0...
GetData ===>> H2,-0.174936777133942,H1,-0.138625118013125,AX,-0.100503247910242,L1,-0.0172225832102802,L2,-0.01...
Get Checksum: -861571959
GetData ===>> H2,-0.245395780210973,H1,-0.0344702556703378,AX,-0.18389792704969,L1,-0.0058838623554965,L2,0.001...
GetData ===>> H2,-0.198684250552703,H1,-0.0037958034466488,AX,0.00148531603005685,L1,-0.0208821327177166,L2,-0....
GetData ===>> H2,-0.262060279023995,H1,-0.0369505159411031,AX,-0.135590855505728,L1,0.0101286510914554,L2,-0.04...
Get Checksum: -861571959
GetData ===>> H2,-0.185451391386436,H1,-0.0710955431471703,AX,-0.0735207671034827,L1,-0.010747692496469,L2,-0.0...
GetData ===>> H2,-0.179544869783728,H1,0.0220438630483823,AX,0.0103720550138794,L1,0.0201900711832678,L2,-0.109...
GetData ===>> H2,-0.137081200707519,H1,-0.0325742460300258,AX,-0.077149001707142,L1,0.0404712264809831,L2,-0.00...
Get Checksum: -861571959
GetData ===>> H2,-0.186291653307721,H1,-0.0291160227379404,AX,-0.0488382264343107,L1,0.137783935799159,L2,-0.05...
GetData ===>> H2,-0.174670816492223,H1,-0.0671260669137251,AX,0.0181109076245095,L1,0.108739422440425,L2,0.0228...
GetData ===>> H2,-0.241848503736673,H1,-0.0624650094365407,AX,-0.0404547087887071,L1,0.0239318929045068,L2,-0.0...
Get Checksum: -861571959
GetData ===>> H2,-0.235589887514984,H1,-0.0408973418513313,AX,-0.0384022023043536,L1,0.00995342475654755,L2,-0....
GetData ===>> H2,-0.22183579148399,H1,-0.0131112402793175,AX,-0.127211778444199,L1,-0.0266984599838972,L2,-0.04...
04:46:38 -- collecting point 50
GetData ===>> H2,-0.151655659084963,H1,0.0213041307383534,AX,-0.164007639922281,L1,-0.0339937746268868,L2,-0.00...
Get Checksum: -861571959
GetData ===>> H2,-0.204660536439375,H1,-0.0254668713530524,AX,-0.0744133485469775,L1,-0.0512096193976868,L2,-0....
GetData ===>> H2,-0.282132022138231,H1,-0.00761273259330935,AX,-0.23242428103671,L1,-0.0240561813188695,L2,-0.1...
GetData ===>> H2,-0.253893405340406,H1,-0.0508531446737013,AX,-0.128381919479864,L1,-0.00492185034362129,L2,-0....
Get Checksum: -861571959
GetData ===>> H2,-0.183270195789317,H1,-0.0610702262487049,AX,-0.19065459887007,L1,-0.00596902357828096,L2,0.00...
GetData ===>> H2,-0.216174146514504,H1,-0.0555505089238515,AX,-0.00626381503312665,L1,0.00746937924033396,L2,-0...
GetData ===>> H2,-0.249681706968992,H1,-0.0334447454819252,AX,-0.0864334205017001,L1,-0.0218963069729789,L2,0.0...
Get Checksum: -861571959
GetData ===>> H2,-0.370831258990489,H1,-0.10427563471882,AX,-0.0279766564145601,L1,-0.00431004925176791,L2,-0.0...
GetData ===>> H2,-0.363555551770276,H1,0.00237123025190757,AX,-0.13927820201185,L1,-0.00274438893019111,L2,-0.0...
GetData ===>> H2,-0.247093664583984,H1,-0.00839995612464932,AX,-0.0983477061728325,L1,0.000634907763335168,L2,0...
Get Checksum: -861571959
GetData ===>> H2,-0.253038283401588,H1,-0.0550974732480334,AX,-0.0207627774172735,L1,-0.0584444876814493,L2,-0....
measurement finished
estimated time: 62.915 actual time: :63.135
flush and close file /Users/jan/PychronDev/data/isotopes/89/746fa7-d97e-46b4-abf5-eb3e804be3a8.h5
activate_detectors ('H1', 'AX', 'CDD') {'peak_center': True}
peak_center () {'detector': 'H1', 'integration_time': 0.262144, 'isotope': 'Ar40'}
peak center: mean=40.8403818689 threshold=3
peak center started
setup peak center. detector=['H1', 'AX', 'CDD'], isotope=Ar40
VersionedUnpickler [<apptools.sweet_pickle.versioned_unpickler.VersionedUnpickler object at 0x15bf3d890>] using Updater [<apptools.sweet_pickle.updater.Updater object at 0x1356d5710>]
VersionedUnpickler [<apptools.sweet_pickle.versioned_unpickler.VersionedUnpickler object at 0x15bf3d890>] using Updater [<apptools.sweet_pickle.updater.Updater object at 0x1356d5710>]
VersionedUnpickler [<apptools.sweet_pickle.versioned_unpickler.VersionedUnpickler object at 0x153b578f0>] using Updater [<apptools.sweet_pickle.updater.Updater object at 0x1356d5710>]
setting integration time = 0.524288
SetIntegrationTime 0.524288 ===>> OK
Mapping mass to dac mass func: "parabolic"
H1 map mass coeffs = [-0.00063987  0.15840543  0.57049999]
H1 map mass to dac 39.9624 >> 5.87889
GetDeflection H1 ===>> 0
GetHighVoltage ===>> 4500
do peak center. <pychron.spectrometer.jobs.peak_center.PeakCenter object at 0x1356efa10>
doing pc
starting peak center. center dac= 5.87889 step_width=0.001
width = 0.001
get scan parameters. half-width=0.015,window=0.015, i=0, scalar=1
Scan parameters center=5.87889 width=0.03000 (5.86389 - 5.89389)
GetData ===>> H2,-0.301660301436076,H1,-0.0824190094072417,AX,-0.00327096028771097,L1,-0.0607945797028511,L2,-0...
Moving to starting dac 5.86389
setting magnet DAC
current  : 5.239546
requested: 5.863890
Delta Dac: 0.624344
Checking detector protection. dv=0.62434
Checking detector "CDD". Protection Threshold: 0.1 (V)
ProtectDetector CDD,On ===>> OK
GetDeflection CDD ===>> 2000
SetMagnetDAC 5.86389 ===>> OK
Magnet settling time: 0.500
GetMagnetMoving ===>> True
GetMagnetMoving ===>> True
Get Checksum: -861571959
GetMagnetMoving ===>> True
GetMagnetMoving ===>> True
GetMagnetMoving ===>> True
GetMagnetMoving ===>> True
GetMagnetMoving ===>> True
GetMagnetMoving ===>> True
GetMagnetMoving ===>> False
ProtectDetector CDD,Off ===>> OK
GetDeflection CDD ===>> 50
Wait until signal near baseline. tol= -0.0618142570554. timeout= 10
GetData ===>> H2,0.0517072536220925,H1,0.144007991859607,AX,0.0924577613497174,L1,0.0293097797392281,L2,-0.0549...
GetData ===>> H2,2.16006411709406,H1,0.886002469539871,AX,-0.104895306127619,L1,0.02265677182796,L2,-0.11764068...
GetData ===>> H2,2.45553295330295,H1,1.33983673939786,AX,-0.0271068440480585,L1,-0.00643679773031884,L2,-0.0696...
Get Checksum: -861571959
GetData ===>> H2,1.25916953979298,H1,0.595275024277853,AX,0.0220791935966868,L1,-0.0421606811243272,L2,0.018493...
GetData ===>> H2,0.447312555519707,H1,0.36666756432322,AX,-0.0267821121051283,L1,-0.0641583945260408,L2,-0.0540...
GetData ===>> H2,-0.04874972035454,H1,0.203330752886477,AX,-0.0156477900604621,L1,-0.0761043823905997,L2,-0.088...
GetData ===>> H2,-0.218138385264682,H1,0.172388846714777,AX,-0.140673342602211,L1,-0.0548436573042139,L2,-0.096...
GetData ===>> H2,-0.184963120656188,H1,0.144079530124564,AX,-0.0170396499755211,L1,-0.0210635567406775,L2,0.034...
GetData ===>> H2,-0.216913300393104,H1,0.0905355106361807,AX,0.00546452573932237,L1,0.0010958088243458,L2,-0.16...
Get Checksum: -861571959
GetData ===>> H2,-0.212671596556494,H1,-0.0169993735940065,AX,-0.0652553058265855,L1,0.0183694696416005,L2,-0.1...
GetData ===>> H2,-0.128466826437655,H1,-0.0776156323217812,AX,-0.10915970063728,L1,0.0210050083682244,L2,-0.085...
Peak center baseline intensity achieved
_do_sweep sm= 5.86389, em= 5.89389, stm= 0.001
calculated step values: start=5.86389, end=5.89389, width=0.001, nsteps=31.0
setting magnet DAC
current  : 5.863890
requested: 5.863890
Delta Dac: 0.000000
Checking detector protection. dv=0.00000
Checking detector "CDD". Protection Threshold: 0.1 (V)
SetMagnetDAC 5.86389 ===>> OK
GetData ===>> H2,-0.128466826437655,H1,-0.0776156323217812,AX,-0.10915970063728,L1,0.0210050083682244,L2,-0.085...
setting magnet DAC
current  : 5.863890
requested: 5.864924
Delta Dac: 0.001034
Checking detector protection. dv=0.00103
Checking detector "CDD". Protection Threshold: 0.1 (V)
SetMagnetDAC 5.86492448276 ===>> OK
Magnet settling time: 1.049
GetData ===>> H2,-0.1220821864211,H1,0.107744669507715,AX,-0.0681535138344273,L1,0.0233891082062304,L2,0.017719...
setting magnet DAC
current  : 5.864924
requested: 5.865959
Delta Dac: 0.001034
Checking detector protection. dv=0.00103
Checking detector "CDD". Protection Threshold: 0.1 (V)
SetMagnetDAC 5.86595896552 ===>> OK
Magnet settling time: 1.049
GetData ===>> H2,-0.114324385358318,H1,0.24445031932141,AX,-0.100167171964705,L1,0.0203808658906613,L2,-0.01427...
setting magnet DAC
current  : 5.865959
requested: 5.866993
Delta Dac: 0.001034
Checking detector protection. dv=0.00103
Checking detector "CDD". Protection Threshold: 0.1 (V)
Get Checksum: -861571959
SetMagnetDAC 5.86699344828 ===>> OK
Magnet settling time: 1.049
GetData ===>> H2,-0.187005838954544,H1,0.732601791235976,AX,0.00268022197306322,L1,-0.0240668171446847,L2,-0.04...
setting magnet DAC
current  : 5.866993
requested: 5.868028
Delta Dac: 0.001034
Checking detector protection. dv=0.00103
Checking detector "CDD". Protection Threshold: 0.1 (V)
SetMagnetDAC 5.86802793103 ===>> OK
Magnet settling time: 1.049
GetData ===>> H2,-0.174884269253997,H1,2.49427169605003,AX,0.214110363942588,L1,-0.0266334868867055,L2,-0.02295...
setting magnet DAC
current  : 5.868028
requested: 5.869062
Delta Dac: 0.001034
Checking detector protection. dv=0.00103
Checking detector "CDD". Protection Threshold: 0.1 (V)
SetMagnetDAC 5.86906241379 ===>> OK
Magnet settling time: 1.049
Get Checksum: -861571959
GetData ===>> H2,-0.169747022073817,H1,10.1969240884468,AX,1.19704838664244,L1,0.0277458081535758,L2,0.07563815...
setting magnet DAC
current  : 5.869062
requested: 5.870097
Delta Dac: 0.001034
Checking detector protection. dv=0.00103
Checking detector "CDD". Protection Threshold: 0.1 (V)
SetMagnetDAC 5.87009689655 ===>> OK
Magnet settling time: 1.049
GetData ===>> H2,-0.11978813944449,H1,20.3011307109471,AX,2.58021196822082,L1,0.0503266205356056,L2,0.001503067...
setting magnet DAC
current  : 5.870097
requested: 5.871131
Delta Dac: 0.001034
Checking detector protection. dv=0.00103
Checking detector "CDD". Protection Threshold: 0.1 (V)
SetMagnetDAC 5.87113137931 ===>> OK
Magnet settling time: 1.049
GetData ===>> H2,-0.226877061199766,H1,30.2771233597851,AX,4.18042957024739,L1,0.0813428671490954,L2,0.10978603...
setting magnet DAC
current  : 5.871131
requested: 5.872166
Delta Dac: 0.001034
Checking detector protection. dv=0.00103
Checking detector "CDD". Protection Threshold: 0.1 (V)
SetMagnetDAC 5.87216586207 ===>> OK
Magnet settling time: 1.049
Get Checksum: -861571959
GetData ===>> H2,-0.181272897025577,H1,36.6118207613848,AX,5.54700695548522,L1,0.110925039052295,L2,0.083638332...
setting magnet DAC
current  : 5.872166
requested: 5.873200
Delta Dac: 0.001034
Checking detector protection. dv=0.00103
Checking detector "CDD". Protection Threshold: 0.1 (V)
SetMagnetDAC 5.87320034483 ===>> OK
Magnet settling time: 1.049
GetData ===>> H2,-0.11999375690635,H1,39.4566508887942,AX,6.34547336289516,L1,0.147363306256126,L2,-0.029737660...
setting magnet DAC
current  : 5.873200
requested: 5.874235
Delta Dac: 0.001034
Checking detector protection. dv=0.00103
Checking detector "CDD". Protection Threshold: 0.1 (V)
SetMagnetDAC 5.87423482759 ===>> OK
Magnet settling time: 1.049
GetData ===>> H2,-0.0757590026941647,H1,40.182497697009,AX,6.68629011422038,L1,0.106465048753402,L2,0.099481119...
setting magnet DAC
current  : 5.874235
requested: 5.875269
Delta Dac: 0.001034
Checking detector protection. dv=0.00103
Checking detector "CDD". Protection Threshold: 0.1 (V)
SetMagnetDAC 5.87526931034 ===>> OK
Magnet settling time: 1.049
Get Checksum: -861571959
GetData ===>> H2,-0.182469858107688,H1,40.4143196264282,AX,6.61078632739321,L1,0.151165361767964,L2,0.040158234...
setting magnet DAC
current  : 5.875269
requested: 5.876304
Delta Dac: 0.001034
Checking detector protection. dv=0.00103
Checking detector "CDD". Protection Threshold: 0.1 (V)
SetMagnetDAC 5.8763037931 ===>> OK
Magnet settling time: 1.049
GetData ===>> H2,-0.0893269732904329,H1,40.5231024903843,AX,6.6235222707029,L1,0.193499470644676,L2,0.115531738...
setting magnet DAC
current  : 5.876304
requested: 5.877338
Delta Dac: 0.001034
Checking detector protection. dv=0.00103
Checking detector "CDD". Protection Threshold: 0.1 (V)
SetMagnetDAC 5.87733827586 ===>> OK
Magnet settling time: 1.049
GetData ===>> H2,-0.0685593490953928,H1,40.4643920035823,AX,6.71487972747652,L1,0.206253581266426,L2,-0.0293961...
setting magnet DAC
current  : 5.877338
requested: 5.878373
Delta Dac: 0.001034
Checking detector protection. dv=0.00103
Checking detector "CDD". Protection Threshold: 0.1 (V)
SetMagnetDAC 5.87837275862 ===>> OK
Magnet settling time: 1.049
Get Checksum: -861571959
GetData ===>> H2,-0.0861992147986478,H1,40.6929333109878,AX,6.76608647225211,L1,0.171588504419668,L2,0.01478118...
setting magnet DAC
current  : 5.878373
requested: 5.879407
Delta Dac: 0.001034
Checking detector protection. dv=0.00103
Checking detector "CDD". Protection Threshold: 0.1 (V)
SetMagnetDAC 5.87940724138 ===>> OK
Magnet settling time: 1.049
GetData ===>> H2,-0.0991298298741516,H1,40.63300784041,AX,6.86527711311378,L1,0.190439796093856,L2,0.0081988370...
setting magnet DAC
current  : 5.879407
requested: 5.880442
Delta Dac: 0.001034
Checking detector protection. dv=0.00103
Checking detector "CDD". Protection Threshold: 0.1 (V)
SetMagnetDAC 5.88044172414 ===>> OK
Magnet settling time: 1.049
Get Checksum: -861571959
GetData ===>> H2,-0.192412681556554,H1,40.6045902422466,AX,6.73501803503616,L1,0.154236084118073,L2,0.052507490...
setting magnet DAC
current  : 5.880442
requested: 5.881476
Delta Dac: 0.001034
Checking detector protection. dv=0.00103
Checking detector "CDD". Protection Threshold: 0.1 (V)
SetMagnetDAC 5.8814762069 ===>> OK
Magnet settling time: 1.049
GetData ===>> H2,-0.259507903162399,H1,40.6458280641362,AX,6.65175815857411,L1,0.117738215271032,L2,0.096585910...
setting magnet DAC
current  : 5.881476
requested: 5.882511
Delta Dac: 0.001034
Checking detector protection. dv=0.00103
Checking detector "CDD". Protection Threshold: 0.1 (V)
SetMagnetDAC 5.88251068966 ===>> OK
Magnet settling time: 1.049
GetData ===>> H2,-0.144111712137201,H1,40.5303232361659,AX,6.59272851517146,L1,0.145053280677448,L2,0.109238845...
setting magnet DAC
current  : 5.882511
requested: 5.883545
Delta Dac: 0.001034
Checking detector protection. dv=0.00103
Checking detector "CDD". Protection Threshold: 0.1 (V)
SetMagnetDAC 5.88354517241 ===>> OK
Magnet settling time: 1.049
Get Checksum: -861571959
GetData ===>> H2,-0.121703484197926,H1,40.0988287577624,AX,6.54391909628654,L1,0.163499715334539,L2,-0.05541481...
setting magnet DAC
current  : 5.883545
requested: 5.884580
Delta Dac: 0.001034
Checking detector protection. dv=0.00103
Checking detector "CDD". Protection Threshold: 0.1 (V)
SetMagnetDAC 5.88457965517 ===>> OK
Magnet settling time: 1.049
GetData ===>> H2,-0.0591163759685527,H1,38.9530663060936,AX,6.15096221224866,L1,0.142173734506587,L2,0.21088776...
setting magnet DAC
current  : 5.884580
requested: 5.885614
Delta Dac: 0.001034
Checking detector protection. dv=0.00103
Checking detector "CDD". Protection Threshold: 0.1 (V)
SetMagnetDAC 5.88561413793 ===>> OK
Magnet settling time: 1.049
GetData ===>> H2,-0.222517987413771,H1,35.7485649281422,AX,5.36179394738866,L1,0.131233120036043,L2,0.068846501...
setting magnet DAC
current  : 5.885614
requested: 5.886649
Delta Dac: 0.001034
Checking detector protection. dv=0.00103
Checking detector "CDD". Protection Threshold: 0.1 (V)
SetMagnetDAC 5.88664862069 ===>> OK
Magnet settling time: 1.049
Get Checksum: -861571959
GetData ===>> H2,-0.183429492259508,H1,28.0034892227783,AX,3.74452862173782,L1,0.0912762742463885,L2,0.00289228...
setting magnet DAC
current  : 5.886649
requested: 5.887683
Delta Dac: 0.001034
Checking detector protection. dv=0.00103
Checking detector "CDD". Protection Threshold: 0.1 (V)
SetMagnetDAC 5.88768310345 ===>> OK
Magnet settling time: 1.049
GetData ===>> H2,-0.269297353969773,H1,17.8217409507696,AX,1.88314738468412,L1,0.0811717375945455,L2,-0.0199703...
setting magnet DAC
current  : 5.887683
requested: 5.888718
Delta Dac: 0.001034
Checking detector protection. dv=0.00103
Checking detector "CDD". Protection Threshold: 0.1 (V)
SetMagnetDAC 5.88871758621 ===>> OK
Magnet settling time: 1.049
GetData ===>> H2,-0.106794090775054,H1,8.72979477556368,AX,0.818674149115888,L1,0.0765523342140435,L2,0.0376749...
setting magnet DAC
current  : 5.888718
requested: 5.889752
Delta Dac: 0.001034
Checking detector protection. dv=0.00103
Checking detector "CDD". Protection Threshold: 0.1 (V)
SetMagnetDAC 5.88975206897 ===>> OK
Magnet settling time: 1.049
Get Checksum: -861571959
GetData ===>> H2,-0.152038030839449,H1,3.25630446054854,AX,0.149356960348592,L1,0.0410172353232294,L2,0.0056707...
setting magnet DAC
current  : 5.889752
requested: 5.890787
Delta Dac: 0.001034
Checking detector protection. dv=0.00103
Checking detector "CDD". Protection Threshold: 0.1 (V)
SetMagnetDAC 5.89078655172 ===>> OK
Magnet settling time: 1.049
GetData ===>> H2,-0.199092836231082,H1,0.982830255201939,AX,0.0156047050894763,L1,-0.0035746391306957,L2,-0.007...
setting magnet DAC
current  : 5.890787
requested: 5.891821
Delta Dac: 0.001034
Checking detector protection. dv=0.00103
Checking detector "CDD". Protection Threshold: 0.1 (V)
SetMagnetDAC 5.89182103448 ===>> OK
Magnet settling time: 1.049
Get Checksum: -861571959
GetData ===>> H2,-0.224999098531507,H1,0.351803417292174,AX,-0.112427398192098,L1,0.00966844596868297,L2,-0.115...
setting magnet DAC
current  : 5.891821
requested: 5.892856
Delta Dac: 0.001034
Checking detector protection. dv=0.00103
Checking detector "CDD". Protection Threshold: 0.1 (V)
SetMagnetDAC 5.89285551724 ===>> OK
Magnet settling time: 1.049
GetData ===>> H2,-0.224043854509785,H1,-0.0431389742699516,AX,0.0771604689924175,L1,-0.00608417000157488,L2,-0....
setting magnet DAC
current  : 5.892856
requested: 5.893890
Delta Dac: 0.001034
Checking detector protection. dv=0.00103
Checking detector "CDD". Protection Threshold: 0.1 (V)
SetMagnetDAC 5.89389 ===>> OK
Magnet settling time: 1.049
GetData ===>> H2,-0.0881734586256266,H1,0.00363569802426262,AX,-0.0463104921842501,L1,0.0267080991283548,L2,0.0...
result of _do_sweep=True
result of _calculate_peak_center=([5.8711168675281602, 5.8787500649575009, 5.8863832623868424], [30.11163942810856, 40.691252035260142, 29.99020202896417], 5.87840178218506, 40.691252035260142)
Failed to find a valid peak. No peak greater than 1.0. max = 0.036552957745
new center pos Detector(H1) (Ar40) @ 5.87875006496
GetHighVoltage ===>> 4500
GetDeflection H1 ===>> 0
dac uncorrected for HV and deflection 5.87875006496
update mftable H1 Ar40 5.87875006496 message=automated run peakcenter
get initial guess parabolic
get initial guess parabolic
get initial guess parabolic
get initial guess parabolic
get initial guess parabolic
get initial guess parabolic
dump mftable to /Users/jan/PychronDev/setupfiles/spectrometer/mftables/mftable.csv
add to repo msg=modified - automated run peakcenter
locally archiving mftable
setting magnet DAC
current  : 5.893890
requested: 5.878750
Delta Dac: 0.015140
Checking detector protection. dv=0.01514
Checking detector "CDD". Protection Threshold: 0.1 (V)
Get Checksum: -861571959
SetMagnetDAC 5.87875006496 ===>> OK
Magnet settling time: 0.500
sweep finished
setting integration time = 1.048576
SetIntegrationTime 1.048576 ===>> OK
Failed to find a valid peak. No peak greater than 1.0. max = 0.0365762274108
flush and close file /Users/jan/PychronDev/data/isotopes/89/746fa7-d97e-46b4-abf5-eb3e804be3a8.h5
finished measure script
executed 226.132928
jan_unknown120_60.py completed successfully
Measurement Finished
04:47:30 -- ******* Measurement Finished *******
Post Measurement Started jan_pump_ms.py
04:47:30 -- ******* Post Measurement Started jan_pump_ms.py *******
testing...
no interpolation path defined
executed 0
Pumping spectrometer
open () {'name': 'O'}
opening name=O desc=---
checking ownership. requestor=129.138.12.150
check software interlocks O
interlocks []
actuate state mode=None-script, software_lock=False
doing actuation None-script open_channel True
Open O ===>> OK
GetIndicatorState O ===>> OK
change switch state (True, True)
update switch state O True args=() kw={} ncanvase=2
04:47:30 -- OPEN   VALVE-O (Jan Ion Pump)
---------------------------------------- open O () result=[(True, True)], time=0.09 sec
action=open, ok=True, locked=[False]
executed 0
jan_pump_ms.py completed successfully
setting _ms_pumptime
Post Measurement Finished
04:47:31 -- ******* Post Measurement Finished *******
$$$$$$$$$$$$$$$$$$$$ state at run end measurement
state changed from measurement to success
post measurement save measured=True aborted=False
Set filtering
setting fod for Ar40= {'filter_outliers': True, 'std_devs': 2, 'iterations': 1}
setting fod for H1= {'filter_outliers': True, 'std_devs': 2, 'iterations': 1}
setting fod for PM41= {'filter_outliers': False, 'std_devs': 2, 'iterations': 1}
setting fod for H2= {'filter_outliers': True, 'std_devs': 2, 'iterations': 1}
setting fod for Ar36= {'filter_outliers': True, 'std_devs': 2, 'iterations': 1}
setting fod for CDD= {'filter_outliers': True, 'std_devs': 10, 'iterations': 1}
setting fod for Ar37= {'filter_outliers': True, 'std_devs': 2, 'iterations': 1}
setting fod for L2= {'filter_outliers': True, 'std_devs': 2, 'iterations': 1}
setting fod for Ar38= {'filter_outliers': True, 'std_devs': 2, 'iterations': 1}
setting fod for L1= {'filter_outliers': True, 'std_devs': 2, 'iterations': 1}
setting fod for Ar39= {'filter_outliers': True, 'std_devs': 2, 'iterations': 1}
setting fod for AX= {'filter_outliers': True, 'std_devs': 2, 'iterations': 1}
persistence save...
persistence save - db
post measurement save
4615952336 connecting to database sqlite:////Users/jan/PychronDev/.appdata/local_lab.db
connected to db sqlite:////Users/jan/PychronDev/.appdata/local_lab.db
create new session 4615952336
close session 4615952336
No database instance. Not saving post measurement to isotopedb database
$$$$$$$$$$$$$$$ auto_save_detector_ic=False
massspec enabled True
create new session 4979649712
MassSpec Database Version: 16.0
close session 4979649712
saving post measurement to secondary database
saving to massspec database 129.138.12.160/massspecdata
setting labnumber to 65571
setting aliquot to 10
setting step to A
setting uuid to 89746fa7-d97e-46b4-abf5-eb3e804be3a8
setting irradpos to 65571
setting extract_device to Fusions CO2
setting tray to 
setting position to 193
setting power_requested to 0.3
setting extract_value to 0.3
setting duration to 30.0
setting duration_at_request to 30.0
setting first_stage_delay to 30.0
setting cleanup to 30.0
setting comment to M:14 with inclusions
setting irradiation to NM-289
setting level to M
setting irradiation_level to M
setting sample to NM-2602 W
setting material to Sanidine
setting project to JoyitaHills
setting mass_spectrometer to Jan
no attribute chron_dosages
no attribute production_ratios
no attribute interference_corrections
no attribute production_name
no attribute j
Reference Isotope=Ar40
Reference Detector=H1
%%%%%%%%%%%%%%%%%%%% Comment: M:14 with inclusions %%%%%%%%%%%%%%%%%%%
adding isotope PM41 H2
add baseline dbdet= PM41. original det= H2
get baseline data PM41 H2
Get data baseline <pychron.processing.isotope.Baseline object at 0x15e421350> len t=60
baseline PM41. v=-0.199130446529, e=0.00716762507643
get signal data PM41 H2
Get data signal PM41 0.07+/-0.07 len t=120
adding isotope Ar40 H1
add baseline dbdet= Ar40. original det= H1
get baseline data Ar40 H1
Get data baseline <pychron.processing.isotope.Baseline object at 0x14d48b150> len t=60
baseline Ar40. v=-0.0354407357807, e=0.00527996079159
get signal data Ar40 H1
Get data signal Ar40 40.945+/-0.014 len t=120
adding isotope Ar39 AX
add baseline dbdet= Ar39. original det= AX
get baseline data Ar39 AX
Get data baseline <pychron.processing.isotope.Baseline object at 0x144dbac90> len t=60
baseline Ar39. v=-0.0616595458833, e=0.00689381654089
get signal data Ar39 AX
Get data signal Ar39 7.189+/-0.011 len t=120
adding isotope Ar38 L1
add baseline dbdet= Ar38. original det= L1
get baseline data Ar38 L1
Get data baseline <pychron.processing.isotope.Baseline object at 0x144dba290> len t=60
baseline Ar38. v=-0.0144492314498, e=0.00293744848445
get signal data Ar38 L1
Get data signal Ar38 0.215+/-0.005 len t=120
adding isotope Ar37 L2
add baseline dbdet= Ar37. original det= L2
get baseline data Ar37 L2
Get data baseline <pychron.processing.isotope.Baseline object at 0x144dbad10> len t=60
baseline Ar37. v=-0.0291957367199, e=0.00550428239038
get signal data Ar37 L2
Get data signal Ar37 0.095+/-0.011 len t=120
adding isotope Ar36 CDD
add baseline dbdet= Ar36. original det= CDD
get baseline data Ar36 CDD
Get data baseline <pychron.processing.isotope.Baseline object at 0x144dbaa10> len t=60
baseline Ar36. v=2.23298118222e-05, e=9.24396944403e-06
get signal data Ar36 CDD
Get data signal Ar36 0.0316+/-0.0004 len t=120
65571-10A added analysis time 0.537868976593s
analysis added to mass spec database
mass spec save time= 0.547
persistence save - dvc
================= post measurement started
create new session 4984345712
close session 4984345712
---------------- Experiment Queue saving disabled
DVC saving peakcenter
Failed to find a valid peak. No peak greater than 1.0. max = 0.0365762274108
Smart pull ahead: 0 behind: 0
Up-to-date with origin
add to repo msg=modified - ad8224ebc6dbfeb9f5997218dfa5fe690569839d.json
add to repo msg=modified - 71-10A.json
Get Checksum: -1772432964
add to repo msg=modified - 71-10A.dat.json
add to repo msg=modified - 71-10A.blan.json
add to repo msg=modified - 71-10A.inte.json
add to repo msg=modified - 71-10A.icfa.json
add to repo msg=modified - 71-10A.base.json
not at valid file /Users/jan/PychronDev/data/.dvc/repositories/Load1783/655/tags/71-10A.tags.json
add to repo msg=modified - 71-10A.peak.json
add to repo msg=modified - 71-10A.extr.json
not at valid file /Users/jan/PychronDev/data/.dvc/repositories/Load1783/655/monitor/71-10A.moni.json
commit message=<COLLECTION>
add to repo msg=modified - 71-10A.inte.json
add to repo msg=modified - 71-10A.base.json
commit message=<ISOEVO> default collection fits
Get Checksum: -1772432964
add to repo msg=modified - 71-10A.blan.json
commit message=<BLANKS> preceding bu-FC-J-7492
add to repo msg=modified - 71-10A.icfa.json
commit message=<ICFactor> default
push repository <pychron.git_archive.repo_manager.GitRepoManager object at 0x14d3681d0>
pushing to remote=origin, url=https://github.com
Get Checksum: -1772432964
no changes to meta repo
Get Checksum: -1772432964
create new session 4984345712
add association Load1783
get identifier "65571"
setting analysis irradiation position=<pychron.dvc.dvc_orm.IrradiationPositionTbl object at 0x1555df850>
close session 4984345712
================= post measurement finished
04:47:43 -- ******* Post Run Check *******
loading queue conditionals post_run_actions
loading system conditionals post_run_actions
loading conditionals from /Users/jan/PychronDev/setupfiles/spectrometer/default_conditionals.yaml
loading queue conditionals post_run_terminations
loading system conditionals post_run_terminations
loading conditionals from /Users/jan/PychronDev/setupfiles/spectrometer/default_conditionals.yaml
Checking default post run terminations n=1
GetDeflection CDD ===>> 50
testing CDD==2000
evaluate ot="CDD.deflection==2000" t="CDD==2000", ctx="{'CDD': 50.0}"
04:47:43 -- ******* Post Run Check Passed *******
04:47:43 -- Automated run 65571-10A success duration: 361.451 s
----------------- finish -----------------
----------------- stop -----------------
retroactive repository identifiers disabled
finish run. runs completed=65
update duration runid=65571-10A, duration=361.450939894, md5=301e91d8
loading script "jan_unknown120_60.py"
loading script "jan_pump_ms.py"
loading script "jan_co2.py"
loading script "jan_pump_extraction_line.py"
testing...
no interpolation path defined
executed 213.652928
script duration name:unknown120_60 seconds:214.0
loading script "jan_unknown120_60.py"
loading script "jan_pump_ms.py"
loading script "jan_co2.py"
loading script "jan_pump_extraction_line.py"
testing...
no interpolation path defined
executed 0
loading script "jan_unknown120_60.py"
loading script "jan_pump_ms.py"
loading script "jan_co2.py"
loading script "jan_pump_extraction_line.py"
testing...
no interpolation path defined
calculate duration
testing...
no interpolation path defined
executed 0
calculate duration
testing...
no interpolation path defined
executed 0
executed 0.0
script duration name:co2 seconds:0.0
loading script "jan_unknown120_60.py"
loading script "jan_pump_ms.py"
loading script "jan_co2.py"
loading script "jan_pump_extraction_line.py"
testing...
no interpolation path defined
calculate duration
testing...
no interpolation path defined
executed 4.0
executed 4.0
Script duration 214.0
Run total estimated duration= 215.000
unknown120_60 in script context. using previous estimated duration
script duration name:unknown120_60 seconds:214.0
pump_ms in script context. using previous estimated duration
co2 in script context. using previous estimated duration
script duration name:co2 seconds:0.0
pump_extraction_line in script context. using previous estimated duration
Script duration 214.0
Run total estimated duration= 215.000
script duration name:unknown120_60 seconds:214.0
script duration name:co2 seconds:0.0
Script duration 214.0
Run total estimated duration= 215.000
script duration name:unknown120_60 seconds:214.0
script duration name:co2 seconds:0.0
Script duration 214.0
Run total estimated duration= 215.000
script duration name:unknown120_60 seconds:214.0
script duration name:co2 seconds:0.0
Script duration 214.0
Run total estimated duration= 215.000
script duration name:unknown120_60 seconds:214.0
script duration name:co2 seconds:0.0
Script duration 214.0
Run total estimated duration= 215.000
loading script "jan_unknown400_120.py"
loading script "jan_pump_ms.py"
loading script "jan_co2.py"
loading script "jan_pump_extraction_line.py"
testing...
no interpolation path defined
executed 556.052928
script duration name:unknown400_120 seconds:556.0
script duration name:co2 seconds:0.0
Script duration 556.0
Run total estimated duration= 557.000
unknown400_120 in script context. using previous estimated duration
script duration name:unknown400_120 seconds:556.0
loading script "jan_unknown400_120.py"
loading script "jan_pump_ms.py"
loading script "jan_cocktail_x1.py"
loading script "jan_pump_extraction_line.py"
testing...
no interpolation path defined
calculate duration
testing...
no interpolation path defined
executed 0
calculate duration
testing...
no interpolation path defined
executed 0
calculate duration
testing...
no interpolation path defined
executed 32.0
calculate duration
testing...
no interpolation path defined
executed 34.0
calculate duration
testing...
no interpolation path defined
executed 4.0
calculate duration
testing...
no interpolation path defined
executed 38.0
executed 108.0
script duration name:cocktail_x1 seconds:108.0
Script duration 664.0
Run total estimated duration= 665.000
script duration name:unknown120_60 seconds:214.0
cocktail_x1 in script context. using previous estimated duration
script duration name:cocktail_x1 seconds:108.0
Script duration 322.0
Run total estimated duration= 323.000
loading script "jan_ic_peak_hop3.py"
loading script "jan_pump_ms.py"
loading script "jan_air_x1.py"
loading script "jan_pump_extraction_line.py"
testing...
no interpolation path defined
executed 133.8
script duration name:ic_peak_hop3 seconds:134.0
loading script "jan_ic_peak_hop3.py"
loading script "jan_pump_ms.py"
loading script "jan_air_x1.py"
loading script "jan_pump_extraction_line.py"
testing...
no interpolation path defined
calculate duration
testing...
no interpolation path defined
executed 0
calculate duration
testing...
no interpolation path defined
executed 0
calculate duration
testing...
no interpolation path defined
executed 32.0
calculate duration
testing...
no interpolation path defined
executed 34.0
calculate duration
testing...
no interpolation path defined
executed 4.0
calculate duration
testing...
no interpolation path defined
executed 36.0
executed 106.0
script duration name:air_x1 seconds:106.0
Script duration 240.0
Run total estimated duration= 241.000
script duration name:unknown120_60 seconds:214.0
script duration name:co2 seconds:0.0
Script duration 214.0
Run total estimated duration= 215.000
script duration name:unknown120_60 seconds:214.0
script duration name:co2 seconds:0.0
Script duration 214.0
Run total estimated duration= 215.000
script duration name:unknown120_60 seconds:214.0
script duration name:co2 seconds:0.0
Script duration 214.0
Run total estimated duration= 215.000
script duration name:unknown400_120 seconds:556.0
loading script "jan_unknown400_120.py"
loading script "jan_pump_ms.py"
loading script "jan_sniffair_x2.py"
loading script "jan_pump_extraction_line.py"
testing...
no interpolation path defined
calculate duration
testing...
no interpolation path defined
executed 0
calculate duration
testing...
no interpolation path defined
executed 0
calculate duration
testing...
no interpolation path defined
executed 32.0
calculate duration
testing...
no interpolation path defined
executed 34.0
calculate duration
testing...
no interpolation path defined
executed 4.0
calculate duration
testing...
no interpolation path defined
executed 36.0
calculate duration
testing...
no interpolation path defined
executed 34.0
calculate duration
testing...
no interpolation path defined
executed 4.0
calculate duration
testing...
no interpolation path defined
executed 36.0
calculate duration
testing...
no interpolation path defined
executed 70.0
executed 250.0
script duration name:sniffair_x2 seconds:250.0
Script duration 806.0
Run total estimated duration= 807.000
script duration name:unknown400_120 seconds:556.0
sniffair_x2 in script context. using previous estimated duration
script duration name:sniffair_x2 seconds:250.0
Script duration 806.0
Run total estimated duration= 807.000
script duration name:unknown120_60 seconds:214.0
script duration name:co2 seconds:0.0
Script duration 214.0
Run total estimated duration= 215.000
script duration name:unknown120_60 seconds:214.0
script duration name:co2 seconds:0.0
Script duration 214.0
Run total estimated duration= 215.000
script duration name:unknown120_60 seconds:214.0
script duration name:co2 seconds:0.0
Script duration 214.0
Run total estimated duration= 215.000
script duration name:unknown120_60 seconds:214.0
script duration name:co2 seconds:0.0
Script duration 214.0
Run total estimated duration= 215.000
script duration name:unknown120_60 seconds:214.0
script duration name:co2 seconds:0.0
Script duration 214.0
Run total estimated duration= 215.000
script duration name:unknown120_60 seconds:214.0
script duration name:co2 seconds:0.0
Script duration 214.0
Run total estimated duration= 215.000
script duration name:unknown120_60 seconds:214.0
script duration name:co2 seconds:0.0
Script duration 214.0
Run total estimated duration= 215.000
script duration name:unknown120_60 seconds:214.0
script duration name:co2 seconds:0.0
Script duration 214.0
Run total estimated duration= 215.000
script duration name:unknown120_60 seconds:214.0
script duration name:co2 seconds:0.0
Script duration 214.0
Run total estimated duration= 215.000
script duration name:unknown120_60 seconds:214.0
script duration name:co2 seconds:0.0
Script duration 214.0
Run total estimated duration= 215.000
script duration name:unknown120_60 seconds:214.0
script duration name:co2 seconds:0.0
Script duration 214.0
Run total estimated duration= 215.000
script duration name:unknown120_60 seconds:214.0
script duration name:co2 seconds:0.0
Script duration 214.0
Run total estimated duration= 215.000
script duration name:unknown120_60 seconds:214.0
script duration name:co2 seconds:0.0
Script duration 214.0
Run total estimated duration= 215.000
script duration name:unknown120_60 seconds:214.0
script duration name:co2 seconds:0.0
Script duration 214.0
Run total estimated duration= 215.000
script duration name:unknown120_60 seconds:214.0
script duration name:co2 seconds:0.0
Script duration 214.0
Run total estimated duration= 215.000
script duration name:unknown120_60 seconds:214.0
script duration name:co2 seconds:0.0
Script duration 214.0
Run total estimated duration= 215.000
script duration name:unknown120_60 seconds:214.0
script duration name:co2 seconds:0.0
Script duration 214.0
Run total estimated duration= 215.000
script duration name:unknown120_60 seconds:214.0
script duration name:co2 seconds:0.0
Script duration 214.0
Run total estimated duration= 215.000
script duration name:unknown400_120 seconds:556.0
script duration name:co2 seconds:0.0
Script duration 556.0
Run total estimated duration= 557.000
script duration name:unknown400_120 seconds:556.0
script duration name:cocktail_x1 seconds:108.0
Script duration 664.0
Run total estimated duration= 665.000
script duration name:unknown120_60 seconds:214.0
script duration name:cocktail_x1 seconds:108.0
Script duration 322.0
Run total estimated duration= 323.000
script duration name:unknown400_120 seconds:556.0
script duration name:sniffair_x2 seconds:250.0
Script duration 806.0
Run total estimated duration= 807.000
script duration name:unknown400_120 seconds:556.0
script duration name:sniffair_x2 seconds:250.0
Script duration 806.0
Run total estimated duration= 807.000
ic_peak_hop3 in script context. using previous estimated duration
script duration name:ic_peak_hop3 seconds:134.0
air_x1 in script context. using previous estimated duration
script duration name:air_x1 seconds:106.0
Script duration 240.0
Run total estimated duration= 241.000
script duration name:unknown120_60 seconds:214.0
script duration name:co2 seconds:0.0
Script duration 214.0
Run total estimated duration= 215.000
script duration name:unknown120_60 seconds:214.0
script duration name:co2 seconds:0.0
Script duration 214.0
Run total estimated duration= 215.000
script duration name:unknown120_60 seconds:214.0
script duration name:co2 seconds:0.0
Script duration 214.0
Run total estimated duration= 215.000
script duration name:unknown120_60 seconds:214.0
script duration name:co2 seconds:0.0
Script duration 214.0
Run total estimated duration= 215.000
script duration name:unknown120_60 seconds:214.0
script duration name:co2 seconds:0.0
Script duration 214.0
Run total estimated duration= 215.000
script duration name:unknown120_60 seconds:214.0
script duration name:co2 seconds:0.0
Script duration 214.0
Run total estimated duration= 215.000
script duration name:unknown120_60 seconds:214.0
script duration name:co2 seconds:0.0
Script duration 214.0
Run total estimated duration= 215.000
script duration name:unknown120_60 seconds:214.0
script duration name:co2 seconds:0.0
Script duration 214.0
Run total estimated duration= 215.000
script duration name:unknown120_60 seconds:214.0
script duration name:co2 seconds:0.0
Script duration 214.0
Run total estimated duration= 215.000
script duration name:unknown120_60 seconds:214.0
script duration name:co2 seconds:0.0
Script duration 214.0
Run total estimated duration= 215.000
script duration name:unknown120_60 seconds:214.0
script duration name:co2 seconds:0.0
Script duration 214.0
Run total estimated duration= 215.000
script duration name:unknown120_60 seconds:214.0
script duration name:co2 seconds:0.0
Script duration 214.0
Run total estimated duration= 215.000
script duration name:unknown120_60 seconds:214.0
script duration name:co2 seconds:0.0
Script duration 214.0
Run total estimated duration= 215.000
script duration name:unknown120_60 seconds:214.0
script duration name:co2 seconds:0.0
Script duration 214.0
Run total estimated duration= 215.000
script duration name:unknown120_60 seconds:214.0
script duration name:co2 seconds:0.0
Script duration 214.0
Run total estimated duration= 215.000
script duration name:unknown400_120 seconds:556.0
script duration name:co2 seconds:0.0
Script duration 556.0
Run total estimated duration= 557.000
script duration name:unknown400_120 seconds:556.0
script duration name:cocktail_x1 seconds:108.0
Script duration 664.0
Run total estimated duration= 665.000
script duration name:unknown120_60 seconds:214.0
script duration name:cocktail_x1 seconds:108.0
Script duration 322.0
Run total estimated duration= 323.000
script duration name:ic_peak_hop3 seconds:134.0
script duration name:air_x1 seconds:106.0
Script duration 240.0
Run total estimated duration= 241.000
script duration name:unknown120_60 seconds:214.0
script duration name:co2 seconds:0.0
Script duration 214.0
Run total estimated duration= 215.000
script duration name:unknown120_60 seconds:214.0
script duration name:co2 seconds:0.0
Script duration 214.0
Run total estimated duration= 215.000
script duration name:unknown120_60 seconds:214.0
script duration name:co2 seconds:0.0
Script duration 214.0
Run total estimated duration= 215.000
script duration name:unknown120_60 seconds:214.0
script duration name:co2 seconds:0.0
Script duration 214.0
Run total estimated duration= 215.000
script duration name:unknown120_60 seconds:214.0
script duration name:co2 seconds:0.0
Script duration 214.0
Run total estimated duration= 215.000
script duration name:unknown120_60 seconds:214.0
script duration name:co2 seconds:0.0
Script duration 214.0
Run total estimated duration= 215.000
script duration name:unknown120_60 seconds:214.0
script duration name:co2 seconds:0.0
Script duration 214.0
Run total estimated duration= 215.000
script duration name:unknown120_60 seconds:214.0
script duration name:co2 seconds:0.0
Script duration 214.0
Run total estimated duration= 215.000
script duration name:unknown120_60 seconds:214.0
script duration name:co2 seconds:0.0
Script duration 214.0
Run total estimated duration= 215.000
script duration name:unknown120_60 seconds:214.0
script duration name:co2 seconds:0.0
Script duration 214.0
Run total estimated duration= 215.000
script duration name:unknown400_120 seconds:556.0
script duration name:sniffair_x2 seconds:250.0
Script duration 806.0
Run total estimated duration= 807.000
script duration name:unknown400_120 seconds:556.0
script duration name:sniffair_x2 seconds:250.0
Script duration 806.0
Run total estimated duration= 807.000
script duration name:unknown400_120 seconds:556.0
script duration name:co2 seconds:0.0
Script duration 556.0
Run total estimated duration= 557.000
nruns=71 before=5.0, run_dur=21937.0, btw=3150.0
write rem/ex queues
/Users/jan/PychronDev/experiments/rem/CurrentExperiment.rem.txt
/Users/jan/PychronDev/experiments/rem/CurrentExperiment.ex.txt
doing event level: 3
