do run
loading script "jan_unknown120_60.py"
loading script "jan_pump_ms.py"
loading script "jan_co2.py"
loading script "jan_pump_extraction_line.py"
testing...
no interpolation path defined
executed 213.652928
script duration name:unknown120_60 seconds:214.0
loading script "jan_unknown120_60.py"
loading script "jan_pump_ms.py"
loading script "jan_co2.py"
loading script "jan_pump_extraction_line.py"
testing...
no interpolation path defined
executed 0
loading script "jan_unknown120_60.py"
loading script "jan_pump_ms.py"
loading script "jan_co2.py"
loading script "jan_pump_extraction_line.py"
testing...
no interpolation path defined
calculate duration
testing...
no interpolation path defined
executed 0
calculate duration
testing...
no interpolation path defined
executed 0
executed 0.0
script duration name:co2 seconds:0.0
loading script "jan_unknown120_60.py"
loading script "jan_pump_ms.py"
loading script "jan_co2.py"
loading script "jan_pump_extraction_line.py"
testing...
no interpolation path defined
calculate duration
testing...
no interpolation path defined
executed 4.0
executed 4.0
Script duration 214.0
Run total estimated duration= 215.000
run duration: 0:03:35
doing event level: 2
06:28:11 -- Setting default integration. t=1.048576
setting integration time = 1.048576
SetIntegrationTime 1.048576 ===>> OK
----------------- start -----------------
**************** Experiment Type: Ar/Ar, Ar/Ar
create new session 5004766384
close session 5004766384
$$$$$ Clearing conditionals
adding conditionals 
Add queue conditionals
add default conditionals
adding default conditionals from /Users/jan/PychronDev/setupfiles/spectrometer/default_conditionals.yaml
Start automated run 65571-15
loading script "jan_unknown120_60.py"
loading script "jan_pump_ms.py"
loading script "jan_co2.py"
loading script "jan_pump_extraction_line.py"
%%%%%%%%%%%%%%%%%% setting automated run 65571-15
No value "sensitivity_multiplier" in metadata
$$$$$$$$$$$$$$$ auto_save_detector_ic=False
============================= Pre Extraction Check =============================
loading queue conditionals pre_run_terminations
loading system conditionals pre_run_terminations
loading conditionals from /Users/jan/PychronDev/setupfiles/spectrometer/default_conditionals.yaml
06:28:11 -- ******* Pre Extraction Check *******
Get a measurement from the spectrometer
GetData ===>> H2,-0.187679365076525,H1,0.0396320120000794,AX,-0.142490022012893,L1,0.0197215401089345,L2,-0.063...
Pre Extraction Termination data. keys=H2,H1,AX,L1,L2,CDD, signals=-0.18768,0.03963,-0.14249,0.01972,-0.06370,0.00253
06:28:11 -- testing system defined conditionals
Checking default pre extraction terminations n=2
testing CDD
evaluate ot="CDD.inactive" t="CDD", ctx="{'CDD': False}"
GetDeflection CDD ===>> 50
testing CDD==2000
evaluate ot="CDD.deflection==2000" t="CDD==2000", ctx="{'CDD': 50.0}"
06:28:11 -- ******* Pre Extraction Check Passed *******
=================================================================================
06:28:11 -- stopping status monitor
stop 4976489392
Alive clients [4984697584]
06:28:11 -- starting status monitor
start 4976489392
Monitor already running
start extraction
do extraction
Analysis started at 06:28:11.957812
Extraction Started jan_co2.py
06:28:11 -- ******* Extraction Started jan_co2.py *******
state changed from not run to extraction
DO EXTRACTION <pychron.extraction_line.pyscript_runner.RemotePyScriptRunner object at 0x12988f3b0>
testing...
no interpolation path defined
calculate duration
testing...
no interpolation path defined
executed 0
calculate duration
testing...
no interpolation path defined
executed 0
executed 100.0
Jan CO2 laser analysis
doing GOSUB
testing...
no interpolation path defined
executed 0
Waiting for CO2 access
wait ('FelixCO2Flag', 0) {}
waiting for FelixCO2Flag = 0
Read FelixCO2Flag ===>> 0
finished waiting
CO2 free
wait ('CO2PumpTimeFlag', 0) {}
waiting for CO2PumpTimeFlag = 0
Read CO2PumpTimeFlag ===>> 0
finished waiting
acquire ('JanCO2Flag',) {'clear': True}
acquire JanCO2Flag
Set JanCO2Flag 1 ===>> OK
JanCO2Flag acquired
set extraction state False (0.75, 'red', 1.5)
CO2 acquired
executed 0
WaitForCO2Access.py completed successfully
gosub finished
doing GOSUB
testing...
no interpolation path defined
executed 0
Prepare for CO2 analysis
close () {'description': 'Jan Inlet'}
closing name=--- desc=Jan Inlet
checking ownership. requestor=129.138.12.150
check software interlocks R
interlocks []
actuate state mode=None-script, software_lock=False
doing actuation None-script close_channel False
Close R ===>> OK
GetIndicatorState R ===>> False
change switch state (True, True)
update switch state R False args=() kw={} ncanvase=2
06:28:12 -- CLOSE  VALVE-R (Jan Inlet)
---------------------------------------- close None (Jan Inlet) result=[(True, True)]
action=close, ok=True, locked=[False]
open () {'description': 'Jan Ion Pump'}
opening name=--- desc=Jan Ion Pump
checking ownership. requestor=129.138.12.150
check software interlocks O
interlocks []
actuate state mode=None-script, software_lock=False
doing actuation None-script open_channel False
Open O ===>> OK
GetIndicatorState O ===>> OK
change switch state (True, True)
update switch state O True args=() kw={} ncanvase=2
06:28:12 -- OPEN   VALVE-O (Jan Ion Pump)
---------------------------------------- open None (Jan Ion Pump) result=[(True, True)], time=0.10 sec
action=open, ok=True, locked=[False]
close () {'description': 'Microbone to Minibone'}
closing name=--- desc=Microbone to Minibone
checking ownership. requestor=129.138.12.150
check software interlocks L
interlocks []
actuate state mode=None-script, software_lock=False
doing actuation None-script close_channel False
Close L ===>> OK
GetIndicatorState L ===>> False
change switch state (True, True)
update switch state L False args=() kw={} ncanvase=2
06:28:13 -- CLOSE  VALVE-L (Microbone to Minibone)
---------------------------------------- close None (Microbone to Minibone) result=[(True, True)]
action=close, ok=True, locked=[False]
open () {'description': 'Microbone to Turbo'}
opening name=--- desc=Microbone to Turbo
checking ownership. requestor=129.138.12.150
check software interlocks U
interlocks []
actuate state mode=None-script, software_lock=False
doing actuation None-script open_channel False
Open U ===>> OK
GetIndicatorState U ===>> OK
change switch state (True, True)
update switch state U True args=() kw={} ncanvase=2
06:28:13 -- OPEN   VALVE-U (Microbone to Turbo)
---------------------------------------- open None (Microbone to Turbo) result=[(True, True)], time=0.15 sec
action=open, ok=True, locked=[False]
open () {'description': 'Microbone to Inlet Pipette'}
opening name=--- desc=Microbone to Inlet Pipette
checking ownership. requestor=129.138.12.150
check software interlocks S
interlocks []
actuate state mode=None-script, software_lock=False
doing actuation None-script open_channel False
Open S ===>> OK
GetIndicatorState S ===>> OK
change switch state (True, True)
update switch state S True args=() kw={} ncanvase=2
06:28:14 -- OPEN   VALVE-S (Microbone to Inlet Pipette)
---------------------------------------- open None (Microbone to Inlet Pipette) result=[(True, True)], time=0.41 sec
action=open, ok=True, locked=[False]
open () {'description': 'Microbone to Getter D-50'}
opening name=--- desc=Microbone to Getter D-50
checking ownership. requestor=129.138.12.150
check software interlocks K
interlocks []
actuate state mode=None-script, software_lock=False
doing actuation None-script open_channel False
Open K ===>> OK
Get Checksum: -1965264452
GetIndicatorState K ===>> OK
change switch state (True, True)
update switch state K True args=() kw={} ncanvase=2
06:28:15 -- OPEN   VALVE-K (Microbone to Getter D-50)
---------------------------------------- open None (Microbone to Getter D-50) result=[(True, True)], time=0.40 sec
action=open, ok=True, locked=[False]
open () {'description': 'Microbone to Getter NP-10'}
opening name=--- desc=Microbone to Getter NP-10
checking ownership. requestor=129.138.12.150
check software interlocks M
interlocks []
actuate state mode=None-script, software_lock=False
doing actuation None-script open_channel False
Open M ===>> OK
GetIndicatorState M ===>> OK
change switch state (True, True)
update switch state M True args=() kw={} ncanvase=2
06:28:15 -- OPEN   VALVE-M (Microbone to Getter NP-10)
---------------------------------------- open None (Microbone to Getter NP-10) result=[(True, True)], time=0.15 sec
action=open, ok=True, locked=[False]
close () {'description': 'CO2 Laser to Felix'}
closing name=--- desc=CO2 Laser to Felix
checking ownership. requestor=129.138.12.150
check software interlocks F
interlocks []
actuate state mode=None-script, software_lock=True
VALVE-F(CO2 Laser to Felix) software locked
change switch state (True, False)
---------------------------------------- close None (CO2 Laser to Felix) result=[(True, False)]
action=close, ok=True, locked=[True]
open () {'description': 'CO2 Laser to Jan'}
opening name=--- desc=CO2 Laser to Jan
checking ownership. requestor=129.138.12.150
check software interlocks A
interlocks []
actuate state mode=None-script, software_lock=False
doing actuation None-script open_channel False
Open A ===>> OK
GetIndicatorState A ===>> OK
change switch state (True, True)
update switch state A True args=() kw={} ncanvase=2
06:28:15 -- OPEN   VALVE-A (CO2 Laser to Jan)
---------------------------------------- open None (CO2 Laser to Jan) result=[(True, True)], time=0.13 sec
action=open, ok=True, locked=[False]
open () {'description': 'Microbone to CO2 Laser'}
opening name=--- desc=Microbone to CO2 Laser
checking ownership. requestor=129.138.12.150
check software interlocks T
interlocks []
actuate state mode=None-script, software_lock=False
doing actuation None-script open_channel False
Open T ===>> OK
GetIndicatorState T ===>> OK
change switch state (True, True)
update switch state T True args=() kw={} ncanvase=2
06:28:16 -- OPEN   VALVE-T (Microbone to CO2 Laser)
---------------------------------------- open None (Microbone to CO2 Laser) result=[(True, True)], time=0.40 sec
action=open, ok=True, locked=[False]
executed 0
PrepareForCO2Analysis.py completed successfully
gosub finished
set_motor ('beam', '1.25') {}
setting motor "beam" to 1.25
set motor beam to 1.25
SetMotor beam,1.25 ===>> OK
GetMotorMoving beam ===>> False
GetMotorMoving beam ===>> False
Block completed
move_to_position ('198',) {'autocenter': True}
FusionsCO2 move to position 198
sending GoToHole 198,True
GoToHole 198,True ===>> OK
Get Checksum: -1965264452
GetDriveMoving ===>> OK
GetDriveMoving ===>> OK
GetDriveMoving ===>> OK
GetDriveMoving ===>> OK
GetDriveMoving ===>> OK
GetDriveMoving ===>> OK
GetDriveMoving ===>> False
GetDriveMoving ===>> OK
GetDriveMoving ===>> OK
GetDriveMoving ===>> OK
Get Checksum: -1965264452
GetDriveMoving ===>> OK
GetDriveMoving ===>> OK
GetDriveMoving ===>> OK
GetDriveMoving ===>> OK
GetDriveMoving ===>> OK
GetDriveMoving ===>> OK
GetDriveMoving ===>> OK
GetDriveMoving ===>> OK
GetDriveMoving ===>> OK
GetDriveMoving ===>> OK
GetDriveMoving ===>> OK
GetDriveMoving ===>> OK
Get Checksum: -1965264452
GetDriveMoving ===>> OK
GetDriveMoving ===>> OK
GetDriveMoving ===>> OK
GetDriveMoving ===>> OK
GetDriveMoving ===>> False
Block completed
GetAutoCorrecting ===>> False
GetAutoCorrecting ===>> False
Block completed
update position
GetPosition ===>> -7.97560,-11.96340,1.00000
got position (-7.9756, -11.9634, 1.0)
move to position succeeded
sleep (5,) {}
SLEEP 5.0
block started
WaitControl setup for 5.0  
Get Checksum: -1965264452
Get Checksum: -1965264452
Join finished
block finished. duration 5.01438593864
close () {'description': 'Microbone to Turbo'}
closing name=--- desc=Microbone to Turbo
checking ownership. requestor=129.138.12.150
check software interlocks U
interlocks []
actuate state mode=None-script, software_lock=False
doing actuation None-script close_channel True
Close U ===>> OK
GetIndicatorState U ===>> False
change switch state (True, True)
update switch state U False args=() kw={} ncanvase=2
06:28:31 -- CLOSE  VALVE-U (Microbone to Turbo)
---------------------------------------- close None (Microbone to Turbo) result=[(True, True)]
action=close, ok=True, locked=[False]
enable laser
enable () {}
set extraction state FusionsCO2 Enabled (False, 'red', 1.5)
enabling laser
Enable ===>> OK
begin interval
BEGIN INTERVAL Interval 1 waiting for 30.0
block started
WaitControl setup for 30.0  
set extract to 5.0
extract (5.0,) {}
GetPosition ===>> -7.97560,-11.96340,1.00000
set extraction state FusionsCO2 ON! 5.0(watts) (0.75, 'red', 1.5)
extract sample to 5.0 (watts)
set laser output
SetLaserOutput 5.0,watts ===>> OK
executing pattern triangle.lp
execute_pattern ('triangle.lp',) {}
executing pattern triangle.lp
Get Checksum: 1551197106
IsPatterning ===>> OK
IsPatterning ===>> OK
IsPatterning ===>> OK
Get Checksum: 1551197106
IsPatterning ===>> OK
IsPatterning ===>> OK
IsPatterning ===>> OK
Get Checksum: 1551197106
IsPatterning ===>> OK
IsPatterning ===>> OK
IsPatterning ===>> OK
Get Checksum: 1551197106
IsPatterning ===>> OK
IsPatterning ===>> OK
IsPatterning ===>> OK
IsPatterning ===>> OK
IsPatterning ===>> OK
Get Checksum: 1551197106
IsPatterning ===>> OK
IsPatterning ===>> OK
IsPatterning ===>> OK
Get Checksum: 1551197106
IsPatterning ===>> OK
IsPatterning ===>> OK
IsPatterning ===>> OK
Get Checksum: 1551197106
IsPatterning ===>> OK
IsPatterning ===>> OK
IsPatterning ===>> OK
Get Checksum: 1551197106
IsPatterning ===>> OK
IsPatterning ===>> OK
IsPatterning ===>> OK
Get Checksum: 1551197106
IsPatterning ===>> False
IsPatterning ===>> False
Block completed
COMPLETE INTERVAL waiting for Interval 1 to complete
Join finished
block finished. duration 30.0760719776
Interval 1 finished
end_extract () {}
ending extraction. set laser power to 0
set laser power 0
SetLaserPower 0 ===>> OK
disable () {}
%%%%%%%%%%%%%%%%%%%%%%%%%%%%%%%%%%% disable
set extraction state False (0.75, 'red', 1.5)
disabling laser
Get Checksum: 1551197106
Disable ===>> OK
sleep (30.0,) {}
SLEEP 30.0
block started
WaitControl setup for 30.0  
Get Checksum: 1551197106
Get Checksum: 1551197106
Get Checksum: 1551197106
Get Checksum: 1551197106
Get Checksum: 1551197106
Get Checksum: 1551197106
Get Checksum: 1551197106
Get Checksum: 1551197106
Get Checksum: 1551197106
Join finished
block finished. duration 30.0678071976
executed 166.5
jan_co2.py completed successfully
GetAchievedOutput ===>> No Response
Requested Output= 0.000
Achieved Output=  0.000
GetResponseBlob ===>> No Response
GetOutputBlob ===>> No Response
persistence save...
persistence save - db
AutomatedRunPersister post_extraction_save deprecated
persistence save - dvc
no extraction position for 198
create new session 4984345712
close session 4984345712
Extraction Finished
06:29:32 -- ******* Extraction Finished *******
no overlap. not waiting for min ms pumptime
06:29:32 -- Sending spectrometer configuration
======== Sending configuration ========
SetDeflection CDD,50.0 ===>> OK
SetDeflection H2,0.0 ===>> OK
SetDeflection H1,0.0 ===>> OK
SetDeflection L2,825.0 ===>> OK
SetDeflection L1,400.0 ===>> OK
SetDeflection AX,190.0 ===>> OK
SetZFocus 74.64 ===>> OK
SetZSymmetry -50.72 ===>> OK
SetExtractionLens 26.13 ===>> OK
SetIonRepeller -3.81 ===>> OK
SetElectronEnergy 75.08 ===>> OK
SetYSymmetry -2.81 ===>> OK
SetIonCounterVoltage 1590.0 ===>> OK
send trap current 200.0
GetParameter Trap Current Readback ===>> 198.370811206739
Get Checksum: 1551197106
SetParameter Trap Current Set,200.0 ===>> OK
updating mftable name mftable
Using mftable located at /Users/jan/PychronDev/setupfiles/spectrometer/mftables/mftable.csv
============ MFtable ===========
Isotope  H2     H1     AX     L1     L2     CDD    
Ar40     5.7809 5.8788 5.9922 6.1209 6.2306 6.3491
Ar39     5.6802 5.7710 5.8846 6.0069 6.1157 6.2356
Ar36     5.3577 5.4401 5.5480 5.6658 5.7707 5.8867
================================
get initial guess parabolic
get initial guess parabolic
get initial guess parabolic
get initial guess parabolic
get initial guess parabolic
get initial guess parabolic
======== Configuration Finished ========
GetYSymmetry ===>> -2.81
GetZSymmetry ===>> -50.72
GetParameter Trap Current Readback ===>> 198.147042666178
GetHighVoltage ===>> 4500
start measurement
do measurement
L#=65571 analysis type=unknown
Measurement Started jan_unknown120_60.py
06:29:32 -- ******* Measurement Started jan_unknown120_60.py *******
state changed from extraction to measurement
setting spec, defl, and gains
GetExtractionLens ===>> 26.13
GetYSymmetry ===>> -2.81
GetZSymmetry ===>> -50.72
GetZFocus ===>> 74.64
GetDeflection H2 ===>> 0
GetDeflection H1 ===>> 0
GetDeflection AX ===>> 190
GetDeflection L1 ===>> 400
GetDeflection L2 ===>> 825
GetDeflection CDD ===>> 50
GetGain H2 ===>> 0.0113
GetGain H1 ===>> 0.1
GetGain AX ===>> 0.097049
GetGain L1 ===>> 0.010355
GetGain L2 ===>> 0.095649
GetGain CDD ===>> 0
pre measurement save
New frame /Users/jan/PychronDev/data/isotopes/51/effd16-f5ae-4e17-b206-5d924bb85d92.h5
flush and close file /Users/jan/PychronDev/data/isotopes/51/effd16-f5ae-4e17-b206-5d924bb85d92.h5
testing...
no interpolation path defined
executed 226.132928
unknown measurement script
activate_detectors ('H2', 'H1', 'AX', 'L1', 'L2', 'CDD') {}
activate detectors
*************** Set Analysis View Ar/Ar
create graphs
clearing graphs
clear isotope group
setting isotope det=H2, iso=PM41
setting isotope det=H1, iso=Ar40
setting isotope det=AX, iso=Ar39
setting isotope det=L1, iso=Ar38
setting isotope det=L2, iso=Ar37
setting isotope det=CDD, iso=Ar36
setting previous blanks
 - setting Ar40 blank 0.212+/-0.007
 - setting Ar36 blank 0.00452+/-0.00017
 - setting Ar37 blank 0.031+/-0.005
 - setting Ar38 blank 0.0098+/-0.0022
 - setting PM41 blank 0.04+/-0.06
 - setting Ar39 blank 0.020+/-0.008
load analysis view
position_magnet ('Ar40',) {'detector': 'H1'}
detector Detector(H1)
POSITION Ar40 H1
setting detector H2 to PM41 (40.9624)
setting detector H1 to Ar40 (39.9624)
setting detector AX to Ar39 (38.9624)
setting detector L1 to Ar38 (37.9624)
setting detector L2 to Ar37 (36.9624)
setting detector CDD to Ar36 (35.9624)
Mapping mass to dac mass func: "parabolic"
H1 map mass coeffs = [-0.00063987  0.15840543  0.57037999]
H1 map mass to dac 39.9624 >> 5.87877
GetDeflection H1 ===>> 0
GetHighVoltage ===>> 4500
positioning Ar40 (5.87877) on H1
setting magnet DAC
current  : 5.878767
requested: 5.878770
Delta Dac: 0.000003
Checking detector protection. dv=0.00000
Checking detector "CDD". Protection Threshold: 0.1 (V)
SetMagnetDAC 5.87877 ===>> OK
Magnet settling time: 0.500
equilibrate () {'delay': 3, 'inlet': 'R', 'outlet': 'O', 'eqtime': 12.0}
Equilibration Started
06:29:34 -- ******* Equilibration Started *******
checking ownership. requestor=129.138.12.150
check software interlocks O
interlocks []
actuate state mode=None-script, software_lock=False
doing actuation None-script close_channel True
Close O ===>> OK
GetIndicatorState O ===>> False
change switch state (True, True)
update switch state O False args=() kw={} ncanvase=2
06:29:34 -- CLOSE  VALVE-O (Jan Ion Pump)
waiting 3s before opening inlet value ('R',)
Get Checksum: -598318598
checking ownership. requestor=129.138.12.150
check software interlocks R
interlocks []
actuate state mode=None-script, software_lock=False
doing actuation None-script open_channel True
Open R ===>> OK
GetIndicatorState R ===>> OK
change switch state (True, True)
update switch state R True args=() kw={} ncanvase=2
06:29:38 -- OPEN   VALVE-R (Jan Inlet)
set_time_zero () {}
equilibrating for 12.0sec
sniff (12.0,) {}
py_sniff
build tables- sniff [Detector(H2), Detector(H1), Detector(AX), Detector(L1), Detector(L2), Detector(CDD)]
add group /sniff/PM41 (Group) '' table H2
add group /sniff/Ar40 (Group) '' table H1
add group /sniff/Ar39 (Group) '' table AX
add group /sniff/Ar38 (Group) '' table L1
add group /sniff/Ar37 (Group) '' table L2
add group /sniff/Ar36 (Group) '' table CDD
flush and close file /Users/jan/PychronDev/data/isotopes/51/effd16-f5ae-4e17-b206-5d924bb85d92.h5
measuring sniff. ncounts=12.0
starting measurement
GetData ===>> H2,-0.114198517548282,H1,8.76777533628517,AX,2.38721498351946,L1,-0.0129989363759459,L2,0.0119340...
Get Checksum: -1449001502
GetData ===>> H2,0.907964455088088,H1,425.350396142185,AX,111.78862516566,L1,0.544576617133536,L2,0.99023886421...
GetData ===>> H2,0.66908801808018,H1,792.456747807138,AX,200.835289135583,L1,1.57669063866983,L2,1.428514635502...
GetData ===>> H2,0.31501688253657,H1,907.422377147279,AX,225.284246656413,L1,2.21169094612472,L2,1.550201978034...
Get Checksum: -1449001502
GetData ===>> H2,0.26869807347773,H1,947.496492873472,AX,232.921572490263,L1,2.53230407793503,L2,1.561871017108...
GetData ===>> H2,0.101017051244314,H1,963.196957001755,AX,235.56552685479,L1,2.77874755422978,L2,1.512522850373...
GetData ===>> H2,0.0192741914488544,H1,969.296328784954,AX,236.65496859266,L1,2.84893130043049,L2,1.60411417820...
Get Checksum: -1449001502
GetData ===>> H2,-0.0931271663276915,H1,972.209119428987,AX,237.338367615122,L1,2.91374077265284,L2,1.496747062...
GetData ===>> H2,-0.0731074569264654,H1,973.465382354301,AX,237.590280215138,L1,3.00682509898969,L2,1.363393780...
Get Checksum: -1449001502
GetData ===>> H2,-0.0140130411604088,H1,974.081270951588,AX,237.624926331186,L1,3.02219063691102,L2,1.520670280...
GetData ===>> H2,-0.0731413507257414,H1,973.803643134884,AX,237.38255175374,L1,3.04948801558623,L2,1.5480429012...
Equilibration Finished
06:29:50 -- ******* Equilibration Finished *******
checking ownership. requestor=129.138.12.150
check software interlocks R
interlocks []
actuate state mode=None-script, software_lock=False
doing actuation None-script close_channel True
GetData ===>> H2,-0.104587161336815,H1,973.505044741962,AX,237.429512820165,L1,3.04594832652293,L2,1.5973002547...
Close R ===>> OK
GetIndicatorState R ===>> False
change switch state (True, True)
update switch state R False args=() kw={} ncanvase=2
06:29:50 -- CLOSE  VALVE-R (Jan Inlet)
Post Equilibration Started jan_pump_extraction_line.py
06:29:50 -- ******* Post Equilibration Started jan_pump_extraction_line.py *******
testing...
no interpolation path defined
calculate duration
testing...
no interpolation path defined
executed 4.0
executed 4.0
Pump after analysis
doing GOSUB
testing...
no interpolation path defined
executed 4.0
Pump Microbone
close () {'description': 'Jan Inlet'}
closing name=--- desc=Jan Inlet
checking ownership. requestor=129.138.12.150
check software interlocks R
interlocks []
actuate state mode=None-script, software_lock=False
doing actuation None-script close_channel False
Close R ===>> OK
measurement finished
estimated time: 12.583 actual time: :12.688
flush and close file /Users/jan/PychronDev/data/isotopes/51/effd16-f5ae-4e17-b206-5d924bb85d92.h5
set_fits () {}
using default fits file=/Users/jan/PychronDev/scripts/measurement/fits/nominal_linear.yaml
Get Checksum: -598318598
set "Ar40" to "('Linear', 'SEM')"
No fit for "PM41". defaulting to linear. check the measurement script "jan_unknown120_60.py"
set "PM41" to "linear"
set "Ar36" to "('Linear', 'SEM')"
set "Ar37" to "('linear', 'SEM')"
set "Ar38" to "('linear', 'SEM')"
set "Ar39" to "('Linear', 'SEM')"
set_baseline_fits () {}
using default fits file=/Users/jan/PychronDev/scripts/measurement/fits/nominal_linear.yaml
set "H1" to "('average', 'SEM')"
set "H2" to "('average', 'SEM')"
set "CDD" to "('average', 'SEM')"
set "L2" to "('average', 'SEM')"
set "L1" to "('average', 'SEM')"
set "AX" to "('average', 'SEM')"
multicollect () {'integration_time': 1, 'ncounts': 120}
build tables- signal [Detector(H2), Detector(H1), Detector(AX), Detector(L1), Detector(L2), Detector(CDD)]
add group /signal/PM41 (Group) '' table H2
GetIndicatorState R ===>> False
add group /signal/Ar40 (Group) '' table H1
change switch state (True, True)
add group /signal/Ar39 (Group) '' table AX
update switch state R False args=() kw={} ncanvase=2
add group /signal/Ar38 (Group) '' table L1
add group /signal/Ar37 (Group) '' table L2
add group /signal/Ar36 (Group) '' table CDD
flush and close file /Users/jan/PychronDev/data/isotopes/51/effd16-f5ae-4e17-b206-5d924bb85d92.h5
measuring signal. ncounts=120
06:29:51 -- CLOSE  VALVE-R (Jan Inlet)
---------------------------------------- close None (Jan Inlet) result=[(True, True)]
action=close, ok=True, locked=[False]
is_closed ('F',) {}
is F () closed?
is closed True
open () {'description': 'CO2 Laser to Jan'}
opening name=--- desc=CO2 Laser to Jan
checking ownership. requestor=129.138.12.150
check software interlocks A
interlocks []
actuate state mode=None-script, software_lock=False
doing actuation None-script open_channel False
Open A ===>> OK
GetIndicatorState A ===>> OK
change switch state (True, True)
update switch state A True args=() kw={} ncanvase=2
06:29:51 -- OPEN   VALVE-A (CO2 Laser to Jan)
---------------------------------------- open None (CO2 Laser to Jan) result=[(True, True)], time=0.11 sec
starting measurement
GetData ===>> H2,0.0095957570031336,H1,973.493432548477,AX,237.982056263403,L1,3.04434811302833,L2,1.6094576420...
action=open, ok=True, locked=[False]
sleep (1,) {}
SLEEP 1.0
GetData ===>> H2,-0.00684915250469793,H1,973.37139813101,AX,237.537273490807,L1,3.05491470867668,L2,1.465042434...
close () {'description': 'CO2 Laser to Roughing'}
closing name=--- desc=CO2 Laser to Roughing
checking ownership. requestor=129.138.12.150
check software interlocks G
interlocks []
actuate state mode=None-script, software_lock=True
VALVE-G(CO2 Laser to Roughing) software locked
change switch state (True, False)
---------------------------------------- close None (CO2 Laser to Roughing) result=[(True, False)]
action=close, ok=True, locked=[True]
open () {'description': 'Microbone to Turbo'}
opening name=--- desc=Microbone to Turbo
checking ownership. requestor=129.138.12.150
check software interlocks U
interlocks []
actuate state mode=None-script, software_lock=False
doing actuation None-script open_channel True
Open U ===>> OK
GetIndicatorState U ===>> OK
change switch state (True, True)
update switch state U True args=() kw={} ncanvase=2
06:29:53 -- OPEN   VALVE-U (Microbone to Turbo)
---------------------------------------- open None (Microbone to Turbo) result=[(True, True)], time=0.17 sec
action=open, ok=True, locked=[False]
open () {'description': 'Microbone to Getter NP-10'}
opening name=--- desc=Microbone to Getter NP-10
checking ownership. requestor=129.138.12.150
check software interlocks M
interlocks []
actuate state mode=None-script, software_lock=False
doing actuation None-script open_channel False
Open M ===>> OK
GetIndicatorState M ===>> OK
change switch state (True, True)
update switch state M True args=() kw={} ncanvase=2
06:29:53 -- OPEN   VALVE-M (Microbone to Getter NP-10)
---------------------------------------- open None (Microbone to Getter NP-10) result=[(True, True)], time=0.17 sec
action=open, ok=True, locked=[False]
open () {'description': 'Microbone to Getter D-50'}
opening name=--- desc=Microbone to Getter D-50
checking ownership. requestor=129.138.12.150
check software interlocks K
interlocks []
actuate state mode=None-script, software_lock=False
doing actuation None-script open_channel False
GetData ===>> H2,-0.0713014492705268,H1,973.156398661759,AX,237.306157813612,L1,3.03695793801315,L2,1.523095107...
Open K ===>> OK
GetIndicatorState K ===>> OK
change switch state (True, True)
update switch state K True args=() kw={} ncanvase=2
06:29:54 -- OPEN   VALVE-K (Microbone to Getter D-50)
---------------------------------------- open None (Microbone to Getter D-50) result=[(True, True)], time=0.43 sec
Get Checksum: -860229079
action=open, ok=True, locked=[False]
open () {'description': 'Microbone to CO2 Laser'}
opening name=--- desc=Microbone to CO2 Laser
checking ownership. requestor=129.138.12.150
check software interlocks T
interlocks []
actuate state mode=None-script, software_lock=False
doing actuation None-script open_channel False
Open T ===>> OK
GetIndicatorState T ===>> OK
change switch state (True, True)
update switch state T True args=() kw={} ncanvase=2
06:29:54 -- OPEN   VALVE-T (Microbone to CO2 Laser)
---------------------------------------- open None (Microbone to CO2 Laser) result=[(True, True)], time=0.41 sec
GetData ===>> H2,-0.0141516526977278,H1,972.389504448975,AX,237.031511149838,L1,3.00360679292802,L2,1.420994911...
action=open, ok=True, locked=[False]
open () {'description': 'Microbone to Inlet Pipette'}
opening name=--- desc=Microbone to Inlet Pipette
checking ownership. requestor=129.138.12.150
check software interlocks S
interlocks []
actuate state mode=None-script, software_lock=False
doing actuation None-script open_channel False
Open S ===>> OK
GetIndicatorState S ===>> OK
change switch state (True, True)
update switch state S True args=() kw={} ncanvase=2
06:29:55 -- OPEN   VALVE-S (Microbone to Inlet Pipette)
---------------------------------------- open None (Microbone to Inlet Pipette) result=[(True, True)], time=0.40 sec
action=open, ok=True, locked=[False]
sleep (1,) {}
SLEEP 1.0
GetData ===>> H2,-0.113256494807685,H1,972.191230739604,AX,237.283168462976,L1,3.04506389797828,L2,1.5032730766...
set_resource () {'name': 'CO2PumpTimeFlag', 'value': 30}
Set CO2PumpTimeFlag 30 ===>> OK
release ('JanCO2Flag',) {}
release JanCO2Flag
Set JanCO2Flag 0 ===>> OK
executed 6.0
PumpMicrobone.py completed successfully
gosub finished
get_resource_value () {'name': 'JanMiniboneFlag'}
Read JanMiniboneFlag ===>> 0
Get Resource Value JanMiniboneFlag=0.0
get resource value 0.0
get_resource_value () {'name': 'JanMiniboneFlag'}
Read JanMiniboneFlag ===>> 0
Get Resource Value JanMiniboneFlag=0.0
executed 4.0
jan_pump_extraction_line.py completed successfully
Post Equilibration Finished
06:29:56 -- ******* Post Equilibration Finished *******
GetData ===>> H2,-0.0977171552279133,H1,971.452489788362,AX,237.326265847433,L1,3.10114485347098,L2,1.502939871...
Get Checksum: -860229079
GetData ===>> H2,-0.0714397572907892,H1,971.357872310348,AX,236.954768273184,L1,3.09339824590568,L2,1.491956237...
GetData ===>> H2,-0.166945377365392,H1,970.984680194921,AX,236.609826082196,L1,3.04806959167821,L2,1.5838461806...
GetData ===>> H2,-0.14613856484437,H1,970.811342443994,AX,236.669926975941,L1,3.06044071835999,L2,1.45997755302...
Get Checksum: -860229079
GetData ===>> H2,-0.110851004665966,H1,969.988978082319,AX,236.582167719058,L1,3.02210229693034,L2,1.5361051708...
GetData ===>> H2,-0.0512137501811415,H1,969.973356720273,AX,236.459238899475,L1,3.03968277563902,L2,1.435013067...
GetData ===>> H2,-0.0460774041709725,H1,969.965546195651,AX,236.439100056965,L1,3.04384930061428,L2,1.560561625...
Get Checksum: -860229079
GetData ===>> H2,-0.0328574702329064,H1,969.176139808254,AX,236.407430706272,L1,3.05315158385106,L2,1.601574700...
GetData ===>> H2,-0.135706152003859,H1,969.079823587696,AX,236.281929531611,L1,2.99706809834045,L2,1.5981964937...
Get Checksum: -860229079
GetData ===>> H2,-0.172626218070114,H1,968.144347849927,AX,236.0554668307,L1,3.00412265488324,L2,1.485741158429...
GetData ===>> H2,-0.187251876278723,H1,967.657177342322,AX,236.051487480884,L1,3.02165784662608,L2,1.4366434855...
GetData ===>> H2,-0.117106655050243,H1,967.658012650603,AX,236.078536399489,L1,3.01081412951311,L2,1.5043186587...
Get Checksum: -860229079
GetData ===>> H2,-0.117347500421846,H1,967.521942768061,AX,235.917849710302,L1,2.97713058903541,L2,1.5620203348...
GetData ===>> H2,-0.159046840709741,H1,967.074960128238,AX,235.871518179055,L1,2.99659528248329,L2,1.5707271063...
GetData ===>> H2,-0.0974761219664655,H1,966.263506652308,AX,235.958827933569,L1,2.98250468752421,L2,1.473277743...
Get Checksum: -860229079
GetData ===>> H2,-0.124271649089779,H1,965.642210680375,AX,235.772047394467,L1,2.98947781084606,L2,1.5288528781...
GetData ===>> H2,-0.10662638122057,H1,964.882891051448,AX,235.572090058905,L1,2.98883173647734,L2,1.48834891555...
GetData ===>> H2,-0.100806802975254,H1,964.729111069258,AX,235.405384899109,L1,3.00861627293258,L2,1.4802157035...
Get Checksum: -860229079
GetData ===>> H2,-0.0792554953237631,H1,964.576709806192,AX,235.098159554719,L1,3.05478343231061,L2,1.572955614...
06:30:17 -- collecting point 25
GetData ===>> H2,-0.0783868934293598,H1,964.517841524375,AX,235.489464672844,L1,3.04308661509926,L2,1.495104138...
GetData ===>> H2,-0.0859486860988819,H1,964.600244899871,AX,235.582524940192,L1,2.99445200106163,L2,1.473174366...
Get Checksum: -860229079
GetData ===>> H2,-0.176057253383574,H1,963.344058223451,AX,235.410280106621,L1,3.01673552703387,L2,1.5154071228...
GetData ===>> H2,-0.188512719535015,H1,963.066900816489,AX,235.176033188327,L1,2.99965031709725,L2,1.5115461242...
GetData ===>> H2,-0.154994172694634,H1,963.152720558743,AX,234.718715742731,L1,3.00343438430016,L2,1.5099718924...
Get Checksum: -860229079
GetData ===>> H2,-0.132223842826303,H1,962.694103347755,AX,234.662371003543,L1,2.95670215942955,L2,1.4526046632...
GetData ===>> H2,-0.169830682889551,H1,962.531517983709,AX,234.88157981339,L1,2.97007407829411,L2,1.50909860706...
GetData ===>> H2,-0.143309422169375,H1,961.92341672486,AX,234.852961229407,L1,2.96262616563363,L2,1.57520714998...
Get Checksum: -860229079
GetData ===>> H2,-0.166583650189206,H1,961.38493124365,AX,234.376825670272,L1,2.97357356908531,L2,1.52479596983...
GetData ===>> H2,-0.247497244542632,H1,960.766783311293,AX,234.294062966618,L1,3.0130772271767,L2,1.47170413608...
GetData ===>> H2,-0.243144546155021,H1,960.404279537549,AX,234.468128784788,L1,3.00009016513414,L2,1.4386643230...
GetData ===>> H2,-0.346384751625838,H1,960.25722920693,AX,234.335069595356,L1,2.99611145885593,L2,1.61697346646...
GetData ===>> H2,-0.150551104604284,H1,960.210089287944,AX,234.277294434322,L1,3.04409663151077,L2,1.5095697205...
Get Checksum: -860229079
GetData ===>> H2,-0.129307568128829,H1,959.354896842764,AX,233.9850660982,L1,3.00655330858649,L2,1.530266515228...
GetData ===>> H2,-0.137938324715478,H1,959.077239850155,AX,233.903481265007,L1,2.97714573935147,L2,1.4648012440...
Get Checksum: -860229079
GetData ===>> H2,-0.136828377315043,H1,958.597211501172,AX,233.703035433463,L1,2.95585867614226,L2,1.4246226746...
GetData ===>> H2,-0.192957588534636,H1,958.359471944803,AX,233.673810808734,L1,2.98256118324275,L2,1.5240374733...
GetData ===>> H2,-0.0993907058767315,H1,958.021125496563,AX,233.630460155898,L1,2.96786644758196,L2,1.473208825...
Get Checksum: -860229079
GetData ===>> H2,-0.0283575844555981,H1,957.621889289361,AX,233.889844250825,L1,2.9308801758453,L2,1.4697859783...
GetData ===>> H2,-0.104821277507639,H1,957.400681878293,AX,233.761726439432,L1,2.9709109961959,L2,1.46232045850...
GetData ===>> H2,-0.118355477582092,H1,956.898894455135,AX,233.345387855112,L1,2.96507428387859,L2,1.6010691107...
Get Checksum: -860229079
GetData ===>> H2,-0.0559842413708202,H1,956.436248150443,AX,233.45347924578,L1,2.97106792505077,L2,1.5002053352...
GetData ===>> H2,-0.154556397840676,H1,955.843041670168,AX,233.436893353794,L1,2.94791836878371,L2,1.4561647109...
GetData ===>> H2,-0.149507215221715,H1,955.769041924619,AX,233.444395121147,L1,2.93397515878583,L2,1.5301285985...
Get Checksum: -860229079
GetData ===>> H2,-0.0519221235162612,H1,955.712687207352,AX,233.166020880474,L1,2.94237647702065,L2,1.499768735...
06:30:43 -- collecting point 50
GetData ===>> H2,-0.0989181829701383,H1,954.657401395616,AX,233.12434141258,L1,2.95873750572206,L2,1.5533258343...
GetData ===>> H2,-0.0804383675049218,H1,954.662632677928,AX,233.00525338723,L1,2.97473984253646,L2,1.4126837165...
Get Checksum: -860229079
GetData ===>> H2,-0.0790332696405666,H1,954.826650449535,AX,232.919967482581,L1,2.95016368059824,L2,1.477872363...
GetData ===>> H2,-0.187326047416992,H1,953.7348492914,AX,232.805514944255,L1,2.97780273124932,L2,1.439135092380...
GetData ===>> H2,-0.189243539774832,H1,953.629351618827,AX,232.607470633494,L1,2.97926009184049,L2,1.5093628899...
Get Checksum: -860229079
GetData ===>> H2,-0.105734690422028,H1,953.168149827711,AX,232.418294605196,L1,2.95069729520563,L2,1.5151313320...
GetData ===>> H2,-0.0367759353226113,H1,952.900782124077,AX,232.861309416727,L1,2.99038568209113,L2,1.511706996...
GetData ===>> H2,-0.104787445989263,H1,952.335144019511,AX,232.577377817667,L1,2.95126394390153,L2,1.5529583165...
Get Checksum: -860229079
GetData ===>> H2,-0.153852409613601,H1,951.468470518978,AX,232.396001998068,L1,2.95017468271227,L2,1.5149015070...
GetData ===>> H2,-0.131007825668226,H1,951.586258681176,AX,232.52398711959,L1,2.90685259567618,L2,1.59628912337...
GetData ===>> H2,-0.0301792131545903,H1,951.349411950865,AX,232.164783150147,L1,2.9041042869941,L2,1.3920236303...
Get Checksum: -860229079
GetData ===>> H2,0.0013488190490593,H1,951.058136580895,AX,232.061261955158,L1,2.90099966536135,L2,1.4426487119...
GetData ===>> H2,-0.0641068424581298,H1,950.588121316698,AX,232.278401307828,L1,2.92789832252518,L2,1.516498802...
Get Checksum: -860229079
GetData ===>> H2,-0.0436035526391155,H1,950.214365875681,AX,231.788046610182,L1,2.93936174893529,L2,1.503813101...
GetData ===>> H2,-0.00141333447348597,H1,949.987658213232,AX,232.157099999766,L1,2.93986094010074,L2,1.46184957...
GetData ===>> H2,-0.193688121814256,H1,949.745339455569,AX,232.020960773803,L1,2.97669123850763,L2,1.5130284536...
Get Checksum: -860229079
GetData ===>> H2,-0.169062869314946,H1,948.769489974918,AX,232.033037616098,L1,2.92996640760006,L2,1.4062097462...
GetData ===>> H2,-0.164827489581995,H1,948.398021269543,AX,231.823240398097,L1,2.89645889530288,L2,1.4271713746...
GetData ===>> H2,-0.152757830532292,H1,948.127891144867,AX,231.664624640437,L1,2.92194626878079,L2,1.4143137562...
Get Checksum: -860229079
GetData ===>> H2,-0.142609458490024,H1,948.168204018931,AX,231.745246136654,L1,2.88589980653211,L2,1.4740817857...
GetData ===>> H2,-0.120000520575388,H1,947.889682825326,AX,231.394713493097,L1,2.88319529947309,L2,1.4786419832...
GetData ===>> H2,-0.0518881985949219,H1,947.635770841255,AX,231.414419905429,L1,2.87703946124264,L2,1.458702760...
Get Checksum: -860229079
GetData ===>> H2,-0.0976508038849927,H1,946.923267179658,AX,231.333066542345,L1,2.90726469246684,L2,1.445898350...
GetData ===>> H2,-0.103673656151013,H1,946.448379163547,AX,231.217213986124,L1,2.90816448834143,L2,1.4433950855...
GetData ===>> H2,-0.122633987044904,H1,946.043561022093,AX,231.042524622502,L1,2.91897826305981,L2,1.4820077082...
Get Checksum: -860229079
06:31:09 -- collecting point 75
GetData ===>> H2,-0.151025076981749,H1,946.134806141215,AX,230.870008034168,L1,2.93621307925573,L2,1.5162919567...
GetData ===>> H2,-0.0895421917001712,H1,945.449064752738,AX,230.864148976235,L1,2.90710259930424,L2,1.422579171...
GetData ===>> H2,-0.0687655042277763,H1,945.104009195809,AX,230.715798650623,L1,2.91684342029791,L2,1.511304817...
Get Checksum: -860229079
GetData ===>> H2,-0.0304685278342703,H1,944.729655988262,AX,230.797123703916,L1,2.90729628716235,L2,1.479135921...
GetData ===>> H2,-0.146172337356217,H1,944.478004778273,AX,230.705939340799,L1,2.93783130566007,L2,1.5135570417...
GetData ===>> H2,-0.155791311876513,H1,944.373717337402,AX,230.662494633233,L1,2.97427855148262,L2,1.3831296797...
Get Checksum: -860229079
GetData ===>> H2,-0.128258658907129,H1,944.321053651689,AX,230.398256172272,L1,2.95555734876194,L2,1.4028237116...
GetData ===>> H2,-0.109627082001201,H1,943.914243592965,AX,230.411124235974,L1,2.90865665362194,L2,1.4595411357...
GetData ===>> H2,-0.256130399034924,H1,943.310400281682,AX,230.264120722452,L1,2.89750470605178,L2,1.5862817919...
Get Checksum: -860229079
GetData ===>> H2,-0.183317412265186,H1,942.426843756186,AX,230.141683782352,L1,2.89781764425984,L2,1.4186070916...
GetData ===>> H2,-0.10911526992239,H1,941.869851408616,AX,230.017966312757,L1,2.91890956827012,L2,1.42282025636...
Get Checksum: -860229079
GetData ===>> H2,0.0258032881404926,H1,942.009383200496,AX,230.00217545677,L1,2.89793705713282,L2,1.34009805690...
GetData ===>> H2,-0.11596189315783,H1,941.427295686905,AX,229.969129805368,L1,2.90520572930498,L2,1.45678486174...
GetData ===>> H2,-0.242158060099768,H1,940.830869564622,AX,229.746214066203,L1,2.9199661393975,L2,1.54367895737...
Get Checksum: -860229079
GetData ===>> H2,-0.198953945725243,H1,940.713456710177,AX,230.031505882334,L1,2.9306781787382,L2,1.43575938243...
GetData ===>> H2,-0.142308109472516,H1,940.187977957077,AX,229.769530862099,L1,2.90198684707176,L2,1.3802034625...
GetData ===>> H2,-0.0464833466766208,H1,939.730212173611,AX,229.755371585531,L1,2.93350920906315,L2,1.443705119...
Get Checksum: -860229079
GetData ===>> H2,-0.038056001095041,H1,939.656910007062,AX,229.581220339198,L1,2.91809075789239,L2,1.4209375114...
GetData ===>> H2,-0.22152193222263,H1,939.590033596127,AX,229.336646995972,L1,2.91400169801746,L2,1.52935856709...
GetData ===>> H2,-0.242018087838815,H1,938.857401152182,AX,229.405618473275,L1,2.92018598431031,L2,1.4512266156...
Get Checksum: -860229079
GetData ===>> H2,-0.162888782551359,H1,938.657843693263,AX,229.382238457234,L1,2.91264495061397,L2,1.4060949634...
GetData ===>> H2,-0.0856913806070568,H1,938.257380950806,AX,229.185416916909,L1,2.93318484219531,L2,1.567361466...
GetData ===>> H2,-0.215067344883483,H1,937.521727737254,AX,229.281616707111,L1,2.94415377510654,L2,1.5075473959...
Get Checksum: -860229079
GetData ===>> H2,-0.0376718607218475,H1,937.653727935354,AX,229.162378571906,L1,2.93323981898867,L2,1.423819044...
GetData ===>> H2,-0.0522315141347583,H1,937.4001523793,AX,228.972875917061,L1,2.88291404525867,L2,1.44679402925...
06:31:36 -- collecting point 100
GetData ===>> H2,-0.147243549239009,H1,937.218794539188,AX,228.882859207026,L1,2.89717118916247,L2,1.5050770000...
Get Checksum: -860229079
GetData ===>> H2,-0.0800264763766551,H1,936.060018172437,AX,228.916680404861,L1,2.87102807853776,L2,1.456773377...
GetData ===>> H2,-0.125130279194802,H1,936.069227913117,AX,228.762658769762,L1,2.89647124684424,L2,1.5517983478...
GetData ===>> H2,-0.0903877297732365,H1,935.946700627574,AX,228.479516639513,L1,2.91728711633471,L2,1.419915793...
Get Checksum: -860229079
GetData ===>> H2,-0.167462303247191,H1,935.39185352553,AX,228.534182602025,L1,2.93273953982421,L2,1.44003070874...
GetData ===>> H2,-0.177913220124362,H1,934.965067211792,AX,228.620622972769,L1,2.85374955611997,L2,1.5269105976...
GetData ===>> H2,-0.137215046104856,H1,934.404403207727,AX,228.270432536315,L1,2.86041486445282,L2,1.5244397055...
Get Checksum: -860229079
GetData ===>> H2,-0.143067547713171,H1,934.342058148975,AX,228.335468521989,L1,2.8584826919445,L2,1.53315131857...
GetData ===>> H2,-0.0338311024294205,H1,933.768234443069,AX,228.179221535964,L1,2.83593626892054,L2,1.384851025...
Get Checksum: -860229079
GetData ===>> H2,-0.132528164886172,H1,933.814056453245,AX,228.144098530782,L1,2.91933960439211,L2,1.3923564522...
GetData ===>> H2,-0.0923062175300935,H1,933.266287072437,AX,228.12195438411,L1,2.86560730187167,L2,1.4751270512...
GetData ===>> H2,-0.138205993706413,H1,932.79833821507,AX,227.935082439031,L1,2.89281302486446,L2,1.45811705100...
Get Checksum: -860229079
GetData ===>> H2,-0.0963738035886394,H1,932.400586777308,AX,227.900864633366,L1,2.88533991730652,L2,1.440731132...
GetData ===>> H2,-0.0759948464645578,H1,931.943170050941,AX,228.110492739133,L1,2.83998836399635,L2,1.502997320...
GetData ===>> H2,-0.17167646110522,H1,931.168672154482,AX,227.843849370965,L1,2.87253577001902,L2,1.43907768135...
Get Checksum: -860229079
GetData ===>> H2,-0.128927755238769,H1,931.068546540064,AX,227.726515905419,L1,2.93700635305255,L2,1.4731054490...
GetData ===>> H2,-0.0708404103930215,H1,930.53867997845,AX,227.566928438039,L1,2.926678794801,L2,1.474793943447...
GetData ===>> H2,-0.121819801225001,H1,930.1732870879,AX,227.624246248056,L1,2.89503306749175,L2,1.412947735174...
Get Checksum: -860229079
GetData ===>> H2,-0.112452465315964,H1,929.486571221614,AX,227.504471626327,L1,2.88106891364345,L2,1.4378720578...
GetData ===>> H2,-0.0367243495942316,H1,929.471084977388,AX,227.404905378009,L1,2.85954055043815,L2,1.489807911...
GetData ===>> H2,-0.107309647743216,H1,929.317991500721,AX,227.084450595848,L1,2.88398970824572,L2,1.4781365603...
Get Checksum: -860229079
measurement finished
estimated time: 125.829 actual time: :126.221
flush and close file /Users/jan/PychronDev/data/isotopes/51/effd16-f5ae-4e17-b206-5d924bb85d92.h5
baselines () {'settling_time': 15.0, 'detector': 'H1', 'mass': 34.2, 'ncounts': 60}
%%%%%%%%%%%%%%%%%%%%%%%%%%%%%%%% Baseline
build tables- baseline [Detector(H2), Detector(H1), Detector(AX), Detector(L1), Detector(L2), Detector(CDD)]
add group baseline table H2
add group baseline table H1
add group baseline table AX
add group baseline table L1
add group baseline table L2
add group baseline table CDD
flush and close file /Users/jan/PychronDev/data/isotopes/51/effd16-f5ae-4e17-b206-5d924bb85d92.h5
detector Detector(H1)
POSITION 34.2 H1
Mapping mass to dac mass func: "parabolic"
H1 map mass coeffs = [-0.00063987  0.15840543  0.57037999]
H1 map mass to dac 34.2 >> 5.23942599104
GetDeflection H1 ===>> 0
GetHighVoltage ===>> 4500
positioning 34.2 (5.23942599104) on H1
setting magnet DAC
current  : 5.878770
requested: 5.239426
Delta Dac: 0.639344
Checking detector protection. dv=0.63934
Checking detector "CDD". Protection Threshold: 0.1 (V)
ProtectDetector CDD,On ===>> OK
GetDeflection CDD ===>> 2000
SetMagnetDAC 5.23942599104 ===>> OK
Magnet settling time: 0.500
GetMagnetMoving ===>> True
GetMagnetMoving ===>> True
GetMagnetMoving ===>> True
GetMagnetMoving ===>> True
GetMagnetMoving ===>> True
GetMagnetMoving ===>> True
GetMagnetMoving ===>> True
GetMagnetMoving ===>> True
Get Checksum: -860229079
GetMagnetMoving ===>> False
ProtectDetector CDD,Off ===>> OK
GetDeflection CDD ===>> 50
Delaying 15.0s for detectors to settle
Get Checksum: -860229079
Get Checksum: -860229079
Get Checksum: -860229079
Get Checksum: -860229079
Join finished
measuring baseline. ncounts=60
starting measurement
GetData ===>> H2,-0.280391012513151,H1,-0.031453317775809,AX,-0.148414797969101,L1,-0.0344914333774876,L2,-0.01...
GetData ===>> H2,-0.245903019642752,H1,-0.0220799582104857,AX,-0.0526644882273273,L1,-0.0490223427006427,L2,-0....
Get Checksum: -860229079
GetData ===>> H2,-0.299067161937223,H1,-0.026659419120789,AX,-0.121743209976332,L1,-0.0458434812754004,L2,-0.08...
GetData ===>> H2,-0.206415209502224,H1,-0.0108570079337287,AX,-0.128903264913543,L1,-0.046651457430662,L2,-0.07...
GetData ===>> H2,-0.165870959871176,H1,-0.0595204443499807,AX,-0.053545666599943,L1,-0.0464994431757639,L2,-0.0...
Get Checksum: -860229079
GetData ===>> H2,-0.215332610134993,H1,-0.0691763866117466,AX,-0.128115452956984,L1,-0.0688804835524502,L2,-0.0...
GetData ===>> H2,-0.204488019321227,H1,0.0336058735191049,AX,-0.110851501017196,L1,-0.0428791486339636,L2,-0.04...
Get Checksum: -860229079
GetData ===>> H2,-0.211723391803181,H1,-0.0135644660497423,AX,-0.0472612990093691,L1,-0.0211075136106486,L2,-0....
GetData ===>> H2,-0.237104681558177,H1,-0.0165342367645092,AX,-0.039851717023982,L1,-0.0538449661946205,L2,-0.1...
GetData ===>> H2,-0.270290086073818,H1,-0.0367955014749509,AX,-0.156947696266155,L1,-0.0563392284703509,L2,0.06...
Get Checksum: -860229079
GetData ===>> H2,-0.283474281334571,H1,-0.0716081066769679,AX,-0.174103975859183,L1,-0.0679097059475916,L2,0.01...
GetData ===>> H2,-0.210574395118669,H1,-0.0392637802177685,AX,-0.0602817797226242,L1,-0.0315689782237975,L2,-0....
GetData ===>> H2,-0.212713348063018,H1,0.000569987706122843,AX,-0.050589049742857,L1,-0.0302120344947733,L2,-0....
Get Checksum: -860229079
GetData ===>> H2,-0.170609238592903,H1,-0.0209708385028538,AX,-0.0119708643781512,L1,-0.0285230843942826,L2,0.0...
GetData ===>> H2,-0.220265060809633,H1,0.158037525430488,AX,-0.16529437246833,L1,-0.0224920567039056,L2,-0.0210...
GetData ===>> H2,-0.202342117757425,H1,-0.00638417440870216,AX,-0.0603977156257141,L1,-0.0661424583779709,L2,-0...
Get Checksum: -860229079
GetData ===>> H2,-0.182900551430196,H1,0.0281647610824944,AX,-0.12679469506837,L1,-0.0408481478462462,L2,-0.026...
GetData ===>> H2,-0.139638861706693,H1,-0.0721087475900937,AX,-0.100561191921415,L1,-0.0110701859122176,L2,0.00...
GetData ===>> H2,-0.173441002906815,H1,-0.037224771716171,AX,-0.0820405287725517,L1,0.00706862927694899,L2,-0.0...
Get Checksum: -860229079
GetData ===>> H2,-0.223088447642027,H1,0.0270431650174931,AX,-0.0524094087881856,L1,-0.0160280253169089,L2,-0.0...
GetData ===>> H2,-0.314724315569873,H1,0.0435939481856497,AX,-0.0939205835921948,L1,-0.0138642965608184,L2,-0.0...
GetData ===>> H2,-0.298233957286695,H1,0.0771795194431714,AX,-0.108800478961766,L1,-0.0557467081158564,L2,0.015...
Get Checksum: -860229079
GetData ===>> H2,-0.179335697068473,H1,-0.0294499253709056,AX,-0.0617773422707963,L1,0.0084461240706442,L2,-0.1...
GetData ===>> H2,-0.262201481183751,H1,-0.0735987354870236,AX,-0.0638989148262789,L1,-0.0241029215300466,L2,-0....
06:32:41 -- collecting point 25
GetData ===>> H2,-0.288818891105925,H1,0.0385580201651027,AX,-0.0711791508950691,L1,-0.0345909003113743,L2,-0.0...
Get Checksum: -860229079
GetData ===>> H2,-0.297965601282184,H1,0.018154364025791,AX,-0.0464844209562545,L1,-0.011251209286579,L2,-0.082...
GetData ===>> H2,-0.324555519357114,H1,0.0324484191380094,AX,-0.080081629207756,L1,-0.0196376515569202,L2,-0.02...
GetData ===>> H2,-0.277309308766661,H1,-0.0203983848127585,AX,-0.0340535286057298,L1,-0.0580172479176977,L2,0.0...
Get Checksum: -860229079
GetData ===>> H2,-0.199603884674743,H1,0.0174623831014966,AX,0.00777323800779495,L1,-0.0355783258881675,L2,-0.1...
GetData ===>> H2,-0.210741431197775,H1,0.0330211783963421,AX,-0.0862943346218876,L1,-0.045954806294064,L2,-0.01...
Get Checksum: -860229079
GetData ===>> H2,-0.166872492967925,H1,0.0694339134114098,AX,-0.05621234201073,L1,0.0426530333553038,L2,0.00832...
GetData ===>> H2,-0.176691690777098,H1,-0.0253595413570061,AX,0.0590814275343574,L1,0.0192314078309529,L2,0.010...
GetData ===>> H2,-0.0965959009045479,H1,0.0161142271067895,AX,-0.0347377328153756,L1,-0.0256224593054316,L2,-0....
Get Checksum: -860229079
GetData ===>> H2,-0.23757952632004,H1,-0.0440213051742465,AX,-0.197445566098537,L1,-0.0145749868759885,L2,0.004...
GetData ===>> H2,-0.296820991136248,H1,-0.0808099633627045,AX,-0.0605252449596016,L1,-0.00995999785047915,L2,-0...
GetData ===>> H2,-0.261348862213998,H1,0.0158159649589209,AX,-0.104397008702618,L1,0.00875692637709215,L2,0.081...
Get Checksum: -860229079
GetData ===>> H2,-0.18052185761498,H1,0.0685864000106619,AX,-0.0949636410836645,L1,0.00389647627776607,L2,-0.08...
GetData ===>> H2,-0.241843120072671,H1,0.000259843253958136,AX,-0.173234642591888,L1,0.0379039378310939,L2,0.03...
GetData ===>> H2,-0.209850992649278,H1,-0.0136002469442118,AX,-0.0833618943708227,L1,0.000909765492667159,L2,-0...
Get Checksum: -860229079
GetData ===>> H2,-0.184060708548397,H1,0.0272579377593509,AX,-0.0155549986917563,L1,-0.00453198139582493,L2,0.0...
GetData ===>> H2,-0.180952299257537,H1,0.0716815889871604,AX,-0.0208439655255542,L1,-0.0226430862407015,L2,-0.0...
GetData ===>> H2,-0.193368687787546,H1,0.0229745017829909,AX,0.0265001938944397,L1,-0.0330119522210487,L2,0.012...
Get Checksum: -860229079
GetData ===>> H2,-0.137443526013209,H1,-0.0223184769718941,AX,-0.0845209722264643,L1,-0.0239039745105115,L2,0.0...
GetData ===>> H2,-0.167026359479327,H1,0.0260647616904699,AX,-0.0848918742241344,L1,-0.00141728618660506,L2,-0....
GetData ===>> H2,-0.258338726448046,H1,-0.0212212859627801,AX,-0.146722041664171,L1,0.0299897385766611,L2,-0.06...
Get Checksum: -860229079
GetData ===>> H2,-0.114245887317933,H1,-0.0411596631326504,AX,-0.106911646393202,L1,0.0146039561540607,L2,0.038...
GetData ===>> H2,-0.214758983037279,H1,-0.0682823570251177,AX,-0.00298095009241724,L1,0.00772375575171981,L2,0....
GetData ===>> H2,-0.214338843317766,H1,-0.0485520710671093,AX,-0.0866536394047195,L1,0.00854932377318651,L2,0.0...
Get Checksum: -860229079
GetData ===>> H2,-0.260219110073233,H1,0.0985062360121748,AX,-0.134744369442292,L1,-0.0349671880005703,L2,-0.03...
06:33:07 -- collecting point 50
GetData ===>> H2,-0.120524016332986,H1,0.0258261281831597,AX,-0.0659276977746172,L1,-0.0397989560026773,L2,-0.0...
GetData ===>> H2,-0.0303164008431048,H1,0.0743410707996219,AX,-0.138304199538446,L1,0.00213771499924701,L2,-0.0...
Get Checksum: -860229079
GetData ===>> H2,-0.146318233451609,H1,-0.064849209183193,AX,-0.0713414429447384,L1,0.0540236552044531,L2,-0.04...
GetData ===>> H2,-0.207499951835602,H1,-0.00260298323915258,AX,-0.136970727954856,L1,0.0223696276118581,L2,0.08...
GetData ===>> H2,-0.151778530743736,H1,0.094319257186304,AX,-0.144750986926698,L1,0.0142317385945093,L2,-0.0290...
Get Checksum: -860229079
GetData ===>> H2,-0.159160294561563,H1,0.00222808396339604,AX,-0.0757811847411738,L1,0.00392409067838157,L2,-0....
GetData ===>> H2,-0.183828686635666,H1,-0.00113579488958386,AX,-0.047887435016185,L1,-0.0345130046033508,L2,-0....
Get Checksum: -860229079
GetData ===>> H2,-0.25251119483779,H1,0.0749135245532663,AX,-0.104976424071553,L1,-0.0286069396731827,L2,-0.069...
GetData ===>> H2,-0.252747849890895,H1,-0.0615828411327566,AX,-0.0884733238961739,L1,-0.00162608248028819,L2,-0...
GetData ===>> H2,-0.251623694193014,H1,0.0554568270988877,AX,-0.123747615040524,L1,0.00840412449436339,L2,0.003...
Get Checksum: -860229079
GetData ===>> H2,-0.207314003396013,H1,0.00572329769570352,AX,-0.0906522643719796,L1,-0.0108891592819123,L2,0.0...
measurement finished
estimated time: 62.915 actual time: :63.121
flush and close file /Users/jan/PychronDev/data/isotopes/51/effd16-f5ae-4e17-b206-5d924bb85d92.h5
activate_detectors ('H1', 'AX', 'CDD') {'peak_center': True}
peak_center () {'detector': 'H1', 'integration_time': 0.262144, 'isotope': 'Ar40'}
peak center: mean=930.83669285 threshold=3
peak center started
setup peak center. detector=['H1', 'AX', 'CDD'], isotope=Ar40
VersionedUnpickler [<apptools.sweet_pickle.versioned_unpickler.VersionedUnpickler object at 0x16d7d44d0>] using Updater [<apptools.sweet_pickle.updater.Updater object at 0x1356d5710>]
VersionedUnpickler [<apptools.sweet_pickle.versioned_unpickler.VersionedUnpickler object at 0x16d7d44d0>] using Updater [<apptools.sweet_pickle.updater.Updater object at 0x1356d5710>]
VersionedUnpickler [<apptools.sweet_pickle.versioned_unpickler.VersionedUnpickler object at 0x1633ed5f0>] using Updater [<apptools.sweet_pickle.updater.Updater object at 0x1356d5710>]
setting integration time = 0.524288
SetIntegrationTime 0.524288 ===>> OK
Mapping mass to dac mass func: "parabolic"
H1 map mass coeffs = [-0.00063987  0.15840543  0.57037999]
H1 map mass to dac 39.9624 >> 5.87877
GetDeflection H1 ===>> 0
GetHighVoltage ===>> 4500
do peak center. <pychron.spectrometer.jobs.peak_center.PeakCenter object at 0x1356efa10>
doing pc
starting peak center. center dac= 5.87877 step_width=0.001
width = 0.001
get scan parameters. half-width=0.015,window=0.015, i=0, scalar=1
Scan parameters center=5.87877 width=0.03000 (5.86377 - 5.89377)
GetData ===>> H2,-0.160204286814282,H1,0.000355272213847924,AX,-0.090397284496897,L1,-0.0239363336310613,L2,-0....
Moving to starting dac 5.86377
setting magnet DAC
current  : 5.239426
requested: 5.863770
Delta Dac: 0.624344
Checking detector protection. dv=0.62434
Checking detector "CDD". Protection Threshold: 0.1 (V)
ProtectDetector CDD,On ===>> OK
GetDeflection CDD ===>> 2000
SetMagnetDAC 5.86377 ===>> OK
Magnet settling time: 0.500
GetMagnetMoving ===>> True
GetMagnetMoving ===>> True
GetMagnetMoving ===>> True
GetMagnetMoving ===>> True
GetMagnetMoving ===>> True
Get Checksum: -860229079
GetMagnetMoving ===>> True
GetMagnetMoving ===>> True
GetMagnetMoving ===>> True
GetMagnetMoving ===>> False
ProtectDetector CDD,Off ===>> OK
GetDeflection CDD ===>> 50
Wait until signal near baseline. tol= 0.000266454160386. timeout= 10
GetData ===>> H2,4.96574588769576,H1,2.34642046405449,AX,0.031176693549221,L1,0.0107619583710433,L2,0.078464350...
GetData ===>> H2,52.8909637951726,H1,30.0854429051042,AX,2.80326389550401,L1,0.032207732143761,L2,-0.0657019538...
GetData ===>> H2,54.9148375768483,H1,32.1376103529258,AX,5.35748299064468,L1,0.0355704965316136,L2,-0.131313090...
GetData ===>> H2,28.9004131454134,H1,15.4055466050579,AX,2.34879088306463,L1,0.0358229293685862,L2,-0.070617540...
GetData ===>> H2,11.7281250438028,H1,7.71557142688846,AX,1.04690833770063,L1,0.0697656173894279,L2,-0.025389162...
Get Checksum: -860229079
GetData ===>> H2,3.9278566695384,H1,4.20156947800259,AX,0.499581953036551,L1,0.0696259812225209,L2,0.0323211578...
GetData ===>> H2,1.21816333264139,H1,2.35834817672458,AX,0.287337477689263,L1,0.0304967341869748,L2,-0.01288897...
GetData ===>> H2,0.413793671612236,H1,1.60952702795967,AX,0.205291532805494,L1,0.0199535906318217,L2,0.02869900...
GetData ===>> H2,0.15689765731899,H1,1.03290886957625,AX,0.207055235185,L1,-0.0297571403755055,L2,-0.0087446516...
GetData ===>> H2,0.120230309276121,H1,0.839202287487262,AX,0.106783768352981,L1,-0.00994800811017128,L2,-0.0670...
GetData ===>> H2,0.152045869365249,H1,0.67884494664161,AX,0.0568373297461652,L1,-0.00661670507831978,L2,-0.0349...
Get Checksum: -860229079
GetData ===>> H2,0.200227303295225,H1,0.632722205139458,AX,-0.0967136346443105,L1,0.01536032550685,L2,-0.064427...
GetData ===>> H2,0.196152586023367,H1,0.631215439709521,AX,0.0214758180503277,L1,0.0413275354524007,L2,0.097041...
GetData ===>> H2,0.126490832475098,H1,0.651809857745866,AX,-0.0446407601568469,L1,0.0654979560898218,L2,-0.0815...
GetData ===>> H2,0.0213624990718726,H1,0.699664531869471,AX,0.0329173835432597,L1,0.00493747148392672,L2,-0.046...
GetData ===>> H2,-0.0276565669856522,H1,0.643676830328555,AX,0.159632037144297,L1,-0.0128467115837454,L2,-0.005...
GetData ===>> H2,-0.0462461031406719,H1,0.583058691302596,AX,0.0473314925026352,L1,-0.0185769259171749,L2,0.004...
Get Checksum: -860229079
GetData ===>> H2,-0.0582492352086563,H1,0.680759211104687,AX,0.0872425053539519,L1,0.00713176241060919,L2,-0.04...
GetData ===>> H2,-0.0276429809499212,H1,0.628297640779585,AX,0.0149549594088615,L1,0.0205032907915673,L2,-0.130...
GetData ===>> H2,-0.0280532720895374,H1,0.64728877002358,AX,-0.162124584386113,L1,0.0489450431762629,L2,0.04362...
GetData ===>> H2,-0.0516757865290445,H1,0.697247324119954,AX,-0.0288000716254798,L1,0.0399420831069866,L2,-0.03...
Peak center failed to move to a baseline position
_do_sweep sm= 5.86377, em= 5.89377, stm= 0.001
calculated step values: start=5.86377, end=5.89377, width=0.001, nsteps=31.0
setting magnet DAC
current  : 5.863770
requested: 5.863770
Delta Dac: 0.000000
Checking detector protection. dv=0.00000
Checking detector "CDD". Protection Threshold: 0.1 (V)
SetMagnetDAC 5.86377 ===>> OK
GetData ===>> H2,-0.0516757865290445,H1,0.697247324119954,AX,-0.0288000716254798,L1,0.0399420831069866,L2,-0.03...
setting magnet DAC
current  : 5.863770
requested: 5.864804
Delta Dac: 0.001034
Checking detector protection. dv=0.00103
Checking detector "CDD". Protection Threshold: 0.1 (V)
SetMagnetDAC 5.86480448276 ===>> OK
Magnet settling time: 1.049
Get Checksum: -860229079
GetData ===>> H2,0.090370837625837,H1,1.50918987450372,AX,0.318511678223219,L1,0.0421478321331039,L2,0.00291506...
setting magnet DAC
current  : 5.864804
requested: 5.865839
Delta Dac: 0.001034
Checking detector protection. dv=0.00103
Checking detector "CDD". Protection Threshold: 0.1 (V)
SetMagnetDAC 5.86583896552 ===>> OK
Magnet settling time: 1.049
GetData ===>> H2,-0.136787696309707,H1,5.22298579356184,AX,0.758805025867622,L1,0.00242581867901685,L2,0.059275...
setting magnet DAC
current  : 5.865839
requested: 5.866873
Delta Dac: 0.001034
Checking detector protection. dv=0.00103
Checking detector "CDD". Protection Threshold: 0.1 (V)
SetMagnetDAC 5.86687344828 ===>> OK
Magnet settling time: 1.049
GetData ===>> H2,-0.193705415200943,H1,19.6878719524707,AX,3.06342093693962,L1,-0.0125086923949101,L2,0.0361029...
setting magnet DAC
current  : 5.866873
requested: 5.867908
Delta Dac: 0.001034
Checking detector protection. dv=0.00103
Checking detector "CDD". Protection Threshold: 0.1 (V)
SetMagnetDAC 5.86790793103 ===>> OK
Magnet settling time: 1.049
Get Checksum: -860229079
GetData ===>> H2,-0.182936207335384,H1,68.873528105154,AX,10.6812795294153,L1,0.0609145752091232,L2,-0.07198293...
setting magnet DAC
current  : 5.867908
requested: 5.868942
Delta Dac: 0.001034
Checking detector protection. dv=0.00103
Checking detector "CDD". Protection Threshold: 0.1 (V)
SetMagnetDAC 5.86894241379 ===>> OK
Magnet settling time: 1.049
GetData ===>> H2,-0.10218641818526,H1,189.574613878331,AX,32.228570486154,L1,0.180366096277336,L2,0.08160973357...
setting magnet DAC
current  : 5.868942
requested: 5.869977
Delta Dac: 0.001034
Checking detector protection. dv=0.00103
Checking detector "CDD". Protection Threshold: 0.1 (V)
SetMagnetDAC 5.86997689655 ===>> OK
Magnet settling time: 1.049
GetData ===>> H2,-0.019583101012471,H1,391.448754804196,AX,74.2544039143799,L1,0.441476772503469,L2,0.072151103...
setting magnet DAC
current  : 5.869977
requested: 5.871011
Delta Dac: 0.001034
Checking detector protection. dv=0.00103
Checking detector "CDD". Protection Threshold: 0.1 (V)
SetMagnetDAC 5.87101137931 ===>> OK
Magnet settling time: 1.049
Get Checksum: -860229079
GetData ===>> H2,-0.15288621256211,H1,609.886801144,AX,126.899322717182,L1,0.954927655976661,L2,0.3469465786683...
setting magnet DAC
current  : 5.871011
requested: 5.872046
Delta Dac: 0.001034
Checking detector protection. dv=0.00103
Checking detector "CDD". Protection Threshold: 0.1 (V)
SetMagnetDAC 5.87204586207 ===>> OK
Magnet settling time: 1.049
GetData ===>> H2,-0.101118058221222,H1,770.715554347949,AX,172.568809312,L1,1.51158688757287,L2,0.6472461079920...
setting magnet DAC
current  : 5.872046
requested: 5.873080
Delta Dac: 0.001034
Checking detector protection. dv=0.00103
Checking detector "CDD". Protection Threshold: 0.1 (V)
SetMagnetDAC 5.87308034483 ===>> OK
Magnet settling time: 1.049
GetData ===>> H2,-0.206369392008061,H1,849.109388215152,AX,200.039636643746,L1,1.95246934402404,L2,0.9935747549...
setting magnet DAC
current  : 5.873080
requested: 5.874115
Delta Dac: 0.001034
Checking detector protection. dv=0.00103
Checking detector "CDD". Protection Threshold: 0.1 (V)
SetMagnetDAC 5.87411482759 ===>> OK
Magnet settling time: 1.049
Get Checksum: -860229079
GetData ===>> H2,-0.297003492458578,H1,883.366644855168,AX,214.486181530182,L1,2.39487342228255,L2,1.2714645076...
setting magnet DAC
current  : 5.874115
requested: 5.875149
Delta Dac: 0.001034
Checking detector protection. dv=0.00103
Checking detector "CDD". Protection Threshold: 0.1 (V)
SetMagnetDAC 5.87514931034 ===>> OK
Magnet settling time: 1.049
GetData ===>> H2,-0.151088352256737,H1,888.195941206026,AX,216.2070522382,L1,2.53059204796524,L2,1.285531547231...
setting magnet DAC
current  : 5.875149
requested: 5.876184
Delta Dac: 0.001034
Checking detector protection. dv=0.00103
Checking detector "CDD". Protection Threshold: 0.1 (V)
SetMagnetDAC 5.8761837931 ===>> OK
Magnet settling time: 1.049
GetData ===>> H2,-0.152143246014593,H1,888.736271601875,AX,216.353860582966,L1,2.62405597639317,L2,1.3755305716...
setting magnet DAC
current  : 5.876184
requested: 5.877218
Delta Dac: 0.001034
Checking detector protection. dv=0.00103
Checking detector "CDD". Protection Threshold: 0.1 (V)
Get Checksum: -860229079
SetMagnetDAC 5.87721827586 ===>> OK
Magnet settling time: 1.049
GetData ===>> H2,-0.0554712302542645,H1,888.240952066432,AX,216.307347494589,L1,2.6621245948,L2,1.3522689748985...
setting magnet DAC
current  : 5.877218
requested: 5.878253
Delta Dac: 0.001034
Checking detector protection. dv=0.00103
Checking detector "CDD". Protection Threshold: 0.1 (V)
SetMagnetDAC 5.87825275862 ===>> OK
Magnet settling time: 1.049
GetData ===>> H2,-0.0596366287200239,H1,888.226293942316,AX,216.722308990878,L1,2.71223821522883,L2,1.320306376...
setting magnet DAC
current  : 5.878253
requested: 5.879287
Delta Dac: 0.001034
Checking detector protection. dv=0.00103
Checking detector "CDD". Protection Threshold: 0.1 (V)
SetMagnetDAC 5.87928724138 ===>> OK
Magnet settling time: 1.049
Get Checksum: -860229079
GetData ===>> H2,-0.20361730683775,H1,888.799354300623,AX,216.751570280291,L1,2.75942408920531,L2,1.40575384896...
setting magnet DAC
current  : 5.879287
requested: 5.880322
Delta Dac: 0.001034
Checking detector protection. dv=0.00103
Checking detector "CDD". Protection Threshold: 0.1 (V)
SetMagnetDAC 5.88032172414 ===>> OK
Magnet settling time: 1.049
GetData ===>> H2,-0.0668475747306797,H1,887.744916112943,AX,216.463330274958,L1,2.76539854172139,L2,1.386398852...
setting magnet DAC
current  : 5.880322
requested: 5.881356
Delta Dac: 0.001034
Checking detector protection. dv=0.00103
Checking detector "CDD". Protection Threshold: 0.1 (V)
SetMagnetDAC 5.8813562069 ===>> OK
Magnet settling time: 1.049
GetData ===>> H2,-0.139548260520281,H1,887.194415518351,AX,216.306613161824,L1,2.77923560139309,L2,1.4001579291...
setting magnet DAC
current  : 5.881356
requested: 5.882391
Delta Dac: 0.001034
Checking detector protection. dv=0.00103
Checking detector "CDD". Protection Threshold: 0.1 (V)
SetMagnetDAC 5.88239068966 ===>> OK
Magnet settling time: 1.049
GetData ===>> H2,-0.0550890321400956,H1,886.300545347764,AX,215.679579491805,L1,2.78413723953223,L2,1.228816994...
setting magnet DAC
current  : 5.882391
requested: 5.883425
Delta Dac: 0.001034
Checking detector protection. dv=0.00103
Checking detector "CDD". Protection Threshold: 0.1 (V)
SetMagnetDAC 5.88342517241 ===>> OK
Magnet settling time: 1.049
GetData ===>> H2,-0.141260445149583,H1,881.792542470329,AX,213.478189776451,L1,2.78230843226604,L2,1.3867198755...
setting magnet DAC
current  : 5.883425
requested: 5.884460
Delta Dac: 0.001034
Checking detector protection. dv=0.00103
Checking detector "CDD". Protection Threshold: 0.1 (V)
SetMagnetDAC 5.88445965517 ===>> OK
Magnet settling time: 1.049
Get Checksum: -860229079
GetData ===>> H2,-0.21328034519417,H1,865.43396031262,AX,206.232613448989,L1,2.65498685707847,L2,1.251870458681...
setting magnet DAC
current  : 5.884460
requested: 5.885494
Delta Dac: 0.001034
Checking detector protection. dv=0.00103
Checking detector "CDD". Protection Threshold: 0.1 (V)
SetMagnetDAC 5.88549413793 ===>> OK
Magnet settling time: 1.049
GetData ===>> H2,-0.154977959112642,H1,812.620052959983,AX,184.900634037877,L1,2.42478000720455,L2,1.0893981969...
setting magnet DAC
current  : 5.885494
requested: 5.886529
Delta Dac: 0.001034
Checking detector protection. dv=0.00103
Checking detector "CDD". Protection Threshold: 0.1 (V)
SetMagnetDAC 5.88652862069 ===>> OK
Magnet settling time: 1.049
GetData ===>> H2,-0.131551043312608,H1,690.855921292603,AX,143.566401930252,L1,1.96664568077335,L2,0.6866090929...
setting magnet DAC
current  : 5.886529
requested: 5.887563
Delta Dac: 0.001034
Checking detector protection. dv=0.00103
Checking detector "CDD". Protection Threshold: 0.1 (V)
SetMagnetDAC 5.88756310345 ===>> OK
Magnet settling time: 1.049
Get Checksum: -860229079
GetData ===>> H2,-0.264078624458958,H1,378.017257220147,AX,62.4179099799798,L1,1.17021514544459,L2,0.2037669992...
setting magnet DAC
current  : 5.887563
requested: 5.888598
Delta Dac: 0.001034
Checking detector protection. dv=0.00103
Checking detector "CDD". Protection Threshold: 0.1 (V)
SetMagnetDAC 5.88859758621 ===>> OK
Magnet settling time: 1.049
GetData ===>> H2,-0.191779726858906,H1,176.520898143801,AX,24.3097952638059,L1,0.718167471563661,L2,-0.04435263...
setting magnet DAC
current  : 5.888598
requested: 5.889632
Delta Dac: 0.001034
Checking detector protection. dv=0.00103
Checking detector "CDD". Protection Threshold: 0.1 (V)
SetMagnetDAC 5.88963206897 ===>> OK
Magnet settling time: 1.049
Get Checksum: -860229079
GetData ===>> H2,-0.226979290897393,H1,63.7659358244722,AX,7.20460242392633,L1,0.413603966229784,L2,0.033984204...
setting magnet DAC
current  : 5.889632
requested: 5.890667
Delta Dac: 0.001034
Checking detector protection. dv=0.00103
Checking detector "CDD". Protection Threshold: 0.1 (V)
SetMagnetDAC 5.89066655172 ===>> OK
Magnet settling time: 1.049
GetData ===>> H2,-0.241373385506789,H1,19.0551022390116,AX,1.65048331103691,L1,0.289454041057444,L2,-0.04432986...
setting magnet DAC
current  : 5.890667
requested: 5.891701
Delta Dac: 0.001034
Checking detector protection. dv=0.00103
Checking detector "CDD". Protection Threshold: 0.1 (V)
SetMagnetDAC 5.89170103448 ===>> OK
Magnet settling time: 1.049
GetData ===>> H2,-0.236501427610139,H1,4.84804562985997,AX,0.181971891282111,L1,0.162630908735406,L2,-0.0659522...
setting magnet DAC
current  : 5.891701
requested: 5.892736
Delta Dac: 0.001034
Checking detector protection. dv=0.00103
Checking detector "CDD". Protection Threshold: 0.1 (V)
SetMagnetDAC 5.89273551724 ===>> OK
Magnet settling time: 1.049
Get Checksum: -860229079
GetData ===>> H2,-0.299689677196038,H1,1.06212891401596,AX,-0.153438096431223,L1,0.116453908041415,L2,-0.088275...
setting magnet DAC
current  : 5.892736
requested: 5.893770
Delta Dac: 0.001034
Checking detector protection. dv=0.00103
Checking detector "CDD". Protection Threshold: 0.1 (V)
SetMagnetDAC 5.89377 ===>> OK
Magnet settling time: 1.049
GetData ===>> H2,-0.182925424911215,H1,0.121666706734192,AX,-0.223463846449067,L1,0.0587114430349419,L2,-0.0657...
result of _do_sweep=True
result of _calculate_peak_center=([5.8713451503006002, 5.8790073712943114, 5.8866695922880226], [661.77744095531978, 888.78901854265746, 648.22460033676725], 5.8792685833736424, 888.78901854265746)
Failed to find a valid peak. No peak greater than 1.0. max = 0.0586394686812
new center pos Detector(H1) (Ar40) @ 5.87900737129
GetHighVoltage ===>> 4500
GetDeflection H1 ===>> 0
dac uncorrected for HV and deflection 5.87900737129
update mftable H1 Ar40 5.87900737129 message=automated run peakcenter
get initial guess parabolic
get initial guess parabolic
get initial guess parabolic
get initial guess parabolic
get initial guess parabolic
get initial guess parabolic
dump mftable to /Users/jan/PychronDev/setupfiles/spectrometer/mftables/mftable.csv
add to repo msg=modified - automated run peakcenter
locally archiving mftable
setting magnet DAC
current  : 5.893770
requested: 5.879007
Delta Dac: 0.014763
Checking detector protection. dv=0.01476
Checking detector "CDD". Protection Threshold: 0.1 (V)
SetMagnetDAC 5.87900737129 ===>> OK
Magnet settling time: 0.500
sweep finished
setting integration time = 1.048576
SetIntegrationTime 1.048576 ===>> OK
Failed to find a valid peak. No peak greater than 1.0. max = 0.0585189435081
flush and close file /Users/jan/PychronDev/data/isotopes/51/effd16-f5ae-4e17-b206-5d924bb85d92.h5
finished measure script
executed 226.132928
jan_unknown120_60.py completed successfully
Measurement Finished
06:34:05 -- ******* Measurement Finished *******
Post Measurement Started jan_pump_ms.py
06:34:05 -- ******* Post Measurement Started jan_pump_ms.py *******
testing...
no interpolation path defined
executed 0
Pumping spectrometer
open () {'name': 'O'}
opening name=O desc=---
checking ownership. requestor=129.138.12.150
check software interlocks O
interlocks []
actuate state mode=None-script, software_lock=False
doing actuation None-script open_channel True
Open O ===>> OK
GetIndicatorState O ===>> OK
change switch state (True, True)
update switch state O True args=() kw={} ncanvase=2
06:34:05 -- OPEN   VALVE-O (Jan Ion Pump)
---------------------------------------- open O () result=[(True, True)], time=0.09 sec
Get Checksum: -1965264452
action=open, ok=True, locked=[False]
executed 0
jan_pump_ms.py completed successfully
setting _ms_pumptime
Post Measurement Finished
06:34:06 -- ******* Post Measurement Finished *******
$$$$$$$$$$$$$$$$$$$$ state at run end measurement
state changed from measurement to success
post measurement save measured=True aborted=False
Set filtering
setting fod for Ar40= {'filter_outliers': True, 'std_devs': 2, 'iterations': 1}
setting fod for H1= {'filter_outliers': True, 'std_devs': 2, 'iterations': 1}
setting fod for PM41= {'filter_outliers': False, 'std_devs': 2, 'iterations': 1}
setting fod for H2= {'filter_outliers': True, 'std_devs': 2, 'iterations': 1}
setting fod for Ar36= {'filter_outliers': True, 'std_devs': 2, 'iterations': 1}
setting fod for CDD= {'filter_outliers': True, 'std_devs': 10, 'iterations': 1}
setting fod for Ar37= {'filter_outliers': True, 'std_devs': 2, 'iterations': 1}
setting fod for L2= {'filter_outliers': True, 'std_devs': 2, 'iterations': 1}
setting fod for Ar38= {'filter_outliers': True, 'std_devs': 2, 'iterations': 1}
setting fod for L1= {'filter_outliers': True, 'std_devs': 2, 'iterations': 1}
setting fod for Ar39= {'filter_outliers': True, 'std_devs': 2, 'iterations': 1}
setting fod for AX= {'filter_outliers': True, 'std_devs': 2, 'iterations': 1}
persistence save...
persistence save - db
post measurement save
6135951088 connecting to database sqlite:////Users/jan/PychronDev/.appdata/local_lab.db
connected to db sqlite:////Users/jan/PychronDev/.appdata/local_lab.db
create new session 6135951088
close session 6135951088
No database instance. Not saving post measurement to isotopedb database
$$$$$$$$$$$$$$$ auto_save_detector_ic=False
massspec enabled True
create new session 4979649712
MassSpec Database Version: 16.0
close session 4979649712
saving post measurement to secondary database
saving to massspec database 129.138.12.160/massspecdata
setting labnumber to 65571
setting aliquot to 15
setting step to 
setting uuid to 51effd16-f5ae-4e17-b206-5d924bb85d92
setting irradpos to 65571
setting extract_device to Fusions CO2
setting tray to 
setting position to 198
setting power_requested to 5.0
setting extract_value to 5.0
setting duration to 30.0
setting duration_at_request to 30.0
setting first_stage_delay to 30.0
setting cleanup to 30.0
setting comment to M:14 with inclusions
setting irradiation to NM-289
setting level to M
setting irradiation_level to M
setting sample to NM-2602 W
setting material to Sanidine
setting project to JoyitaHills
setting mass_spectrometer to Jan
no attribute chron_dosages
no attribute production_ratios
no attribute interference_corrections
no attribute production_name
no attribute j
Reference Isotope=Ar40
Reference Detector=H1
%%%%%%%%%%%%%%%%%%%% Comment: M:14 with inclusions %%%%%%%%%%%%%%%%%%%
adding isotope PM41 H2
add baseline dbdet= PM41. original det= H2
get baseline data PM41 H2
Get data baseline <pychron.processing.isotope.Baseline object at 0x16cce2450> len t=60
baseline PM41. v=-0.217908839071, e=0.00669641787588
get signal data PM41 H2
Get data signal PM41 0.11+/-0.06 len t=120
adding isotope Ar40 H1
add baseline dbdet= Ar40. original det= H1
get baseline data Ar40 H1
Get data baseline <pychron.processing.isotope.Baseline object at 0x16cce2650> len t=60
baseline Ar40. v=-0.00091252132682, e=0.00604902426157
get signal data Ar40 H1
Get data signal Ar40 978.28+/-0.06 len t=120
adding isotope Ar39 AX
add baseline dbdet= Ar39. original det= AX
get baseline data Ar39 AX
Get data baseline <pychron.processing.isotope.Baseline object at 0x16cce2810> len t=60
baseline Ar39. v=-0.0858163173459, e=0.00581394587775
get signal data Ar39 AX
Get data signal Ar39 238.556+/-0.030 len t=120
adding isotope Ar38 L1
add baseline dbdet= Ar38. original det= L1
get baseline data Ar38 L1
Get data baseline <pychron.processing.isotope.Baseline object at 0x16cce29d0> len t=60
baseline Ar38. v=-0.0201209993093, e=0.00340863263646
get signal data Ar38 L1
Get data signal Ar38 3.072+/-0.005 len t=120
adding isotope Ar37 L2
add baseline dbdet= Ar37. original det= L2
get baseline data Ar37 L2
Get data baseline <pychron.processing.isotope.Baseline object at 0x16cce2b90> len t=60
baseline Ar37. v=-0.0315238552134, e=0.00590765524082
get signal data Ar37 L2
Get data signal Ar37 1.554+/-0.010 len t=120
adding isotope Ar36 CDD
add baseline dbdet= Ar36. original det= CDD
get baseline data Ar36 CDD
Get data baseline <pychron.processing.isotope.Baseline object at 0x16cce2d50> len t=60
baseline Ar36. v=0.000230741392142, e=3.07301619531e-05
get signal data Ar36 CDD
Get data signal Ar36 0.0517+/-0.0006 len t=120
65571-15 added analysis time 0.466870069504s
analysis added to mass spec database
mass spec save time= 0.477
persistence save - dvc
================= post measurement started
create new session 4984345712
close session 4984345712
---------------- Experiment Queue saving disabled
DVC saving peakcenter
Failed to find a valid peak. No peak greater than 1.0. max = 0.0585189435081
Smart pull ahead: 0 behind: 0
Up-to-date with origin
add to repo msg=modified - ad8224ebc6dbfeb9f5997218dfa5fe690569839d.json
add to repo msg=modified - 71-15.json
add to repo msg=modified - 71-15.dat.json
add to repo msg=modified - 71-15.blan.json
Get Checksum: -1965264452
add to repo msg=modified - 71-15.inte.json
add to repo msg=modified - 71-15.icfa.json
add to repo msg=modified - 71-15.base.json
not at valid file /Users/jan/PychronDev/data/.dvc/repositories/Load1783/655/tags/71-15.tags.json
add to repo msg=modified - 71-15.peak.json
add to repo msg=modified - 71-15.extr.json
not at valid file /Users/jan/PychronDev/data/.dvc/repositories/Load1783/655/monitor/71-15.moni.json
commit message=<COLLECTION>
add to repo msg=modified - 71-15.inte.json
add to repo msg=modified - 71-15.base.json
commit message=<ISOEVO> default collection fits
Get Checksum: -1965264452
add to repo msg=modified - 71-15.blan.json
commit message=<BLANKS> preceding bc-02-J-263
add to repo msg=modified - 71-15.icfa.json
commit message=<ICFactor> default
push repository <pychron.git_archive.repo_manager.GitRepoManager object at 0x15907c890>
pushing to remote=origin, url=https://github.com
Get Checksum: -1965264452
no changes to meta repo
Get Checksum: -1965264452
create new session 4984345712
add association Load1783
get identifier "65571"
setting analysis irradiation position=<pychron.dvc.dvc_orm.IrradiationPositionTbl object at 0x16de35190>
close session 4984345712
================= post measurement finished
06:34:19 -- ******* Post Run Check *******
loading queue conditionals post_run_actions
loading system conditionals post_run_actions
loading conditionals from /Users/jan/PychronDev/setupfiles/spectrometer/default_conditionals.yaml
loading queue conditionals post_run_terminations
loading system conditionals post_run_terminations
loading conditionals from /Users/jan/PychronDev/setupfiles/spectrometer/default_conditionals.yaml
Checking default post run terminations n=1
GetDeflection CDD ===>> 50
testing CDD==2000
evaluate ot="CDD.deflection==2000" t="CDD==2000", ctx="{'CDD': 50.0}"
06:34:19 -- ******* Post Run Check Passed *******
06:34:19 -- Automated run 65571-15 success duration: 367.559 s
----------------- finish -----------------
----------------- stop -----------------
retroactive repository identifiers disabled
finish run. runs completed=78
update duration runid=65571-15, duration=367.558933973, md5=301e91d8
loading script "jan_unknown400_120.py"
loading script "jan_pump_ms.py"
loading script "jan_sniffair_x2.py"
loading script "jan_pump_extraction_line.py"
testing...
no interpolation path defined
executed 556.052928
script duration name:unknown400_120 seconds:556.0
loading script "jan_unknown400_120.py"
loading script "jan_pump_ms.py"
loading script "jan_sniffair_x2.py"
loading script "jan_pump_extraction_line.py"
testing...
no interpolation path defined
executed 0
loading script "jan_unknown400_120.py"
loading script "jan_pump_ms.py"
loading script "jan_sniffair_x2.py"
loading script "jan_pump_extraction_line.py"
testing...
no interpolation path defined
calculate duration
testing...
no interpolation path defined
executed 0
calculate duration
testing...
no interpolation path defined
executed 0
calculate duration
testing...
no interpolation path defined
executed 32.0
calculate duration
testing...
no interpolation path defined
executed 34.0
calculate duration
testing...
no interpolation path defined
executed 4.0
calculate duration
testing...
no interpolation path defined
executed 36.0
calculate duration
testing...
no interpolation path defined
executed 34.0
calculate duration
testing...
no interpolation path defined
executed 4.0
calculate duration
testing...
no interpolation path defined
executed 36.0
calculate duration
testing...
no interpolation path defined
executed 70.0
executed 250.0
script duration name:sniffair_x2 seconds:250.0
loading script "jan_unknown400_120.py"
loading script "jan_pump_ms.py"
loading script "jan_sniffair_x2.py"
loading script "jan_pump_extraction_line.py"
testing...
no interpolation path defined
calculate duration
testing...
no interpolation path defined
executed 4.0
executed 4.0
Script duration 806.0
Run total estimated duration= 807.000
unknown400_120 in script context. using previous estimated duration
script duration name:unknown400_120 seconds:556.0
pump_ms in script context. using previous estimated duration
sniffair_x2 in script context. using previous estimated duration
script duration name:sniffair_x2 seconds:250.0
pump_extraction_line in script context. using previous estimated duration
Script duration 806.0
Run total estimated duration= 807.000
loading script "jan_unknown120_60.py"
loading script "jan_pump_ms.py"
loading script "jan_co2.py"
loading script "jan_pump_extraction_line.py"
testing...
no interpolation path defined
executed 213.652928
script duration name:unknown120_60 seconds:214.0
loading script "jan_unknown120_60.py"
loading script "jan_pump_ms.py"
loading script "jan_co2.py"
loading script "jan_pump_extraction_line.py"
testing...
no interpolation path defined
calculate duration
testing...
no interpolation path defined
executed 0
calculate duration
testing...
no interpolation path defined
executed 0
executed 0.0
script duration name:co2 seconds:0.0
Script duration 214.0
Run total estimated duration= 215.000
unknown120_60 in script context. using previous estimated duration
script duration name:unknown120_60 seconds:214.0
co2 in script context. using previous estimated duration
script duration name:co2 seconds:0.0
Script duration 214.0
Run total estimated duration= 215.000
script duration name:unknown120_60 seconds:214.0
script duration name:co2 seconds:0.0
Script duration 214.0
Run total estimated duration= 215.000
script duration name:unknown120_60 seconds:214.0
script duration name:co2 seconds:0.0
Script duration 214.0
Run total estimated duration= 215.000
script duration name:unknown120_60 seconds:214.0
script duration name:co2 seconds:0.0
Script duration 214.0
Run total estimated duration= 215.000
script duration name:unknown120_60 seconds:214.0
script duration name:co2 seconds:0.0
Script duration 214.0
Run total estimated duration= 215.000
script duration name:unknown120_60 seconds:214.0
script duration name:co2 seconds:0.0
Script duration 214.0
Run total estimated duration= 215.000
script duration name:unknown120_60 seconds:214.0
script duration name:co2 seconds:0.0
Script duration 214.0
Run total estimated duration= 215.000
script duration name:unknown120_60 seconds:214.0
script duration name:co2 seconds:0.0
Script duration 214.0
Run total estimated duration= 215.000
script duration name:unknown120_60 seconds:214.0
script duration name:co2 seconds:0.0
Script duration 214.0
Run total estimated duration= 215.000
script duration name:unknown120_60 seconds:214.0
script duration name:co2 seconds:0.0
Script duration 214.0
Run total estimated duration= 215.000
script duration name:unknown120_60 seconds:214.0
script duration name:co2 seconds:0.0
Script duration 214.0
Run total estimated duration= 215.000
script duration name:unknown120_60 seconds:214.0
script duration name:co2 seconds:0.0
Script duration 214.0
Run total estimated duration= 215.000
script duration name:unknown120_60 seconds:214.0
script duration name:co2 seconds:0.0
Script duration 214.0
Run total estimated duration= 215.000
script duration name:unknown120_60 seconds:214.0
script duration name:co2 seconds:0.0
Script duration 214.0
Run total estimated duration= 215.000
script duration name:unknown120_60 seconds:214.0
script duration name:co2 seconds:0.0
Script duration 214.0
Run total estimated duration= 215.000
script duration name:unknown120_60 seconds:214.0
script duration name:co2 seconds:0.0
Script duration 214.0
Run total estimated duration= 215.000
script duration name:unknown120_60 seconds:214.0
script duration name:co2 seconds:0.0
Script duration 214.0
Run total estimated duration= 215.000
script duration name:unknown400_120 seconds:556.0
script duration name:co2 seconds:0.0
Script duration 556.0
Run total estimated duration= 557.000
script duration name:unknown400_120 seconds:556.0
loading script "jan_unknown400_120.py"
loading script "jan_pump_ms.py"
loading script "jan_cocktail_x1.py"
loading script "jan_pump_extraction_line.py"
testing...
no interpolation path defined
calculate duration
testing...
no interpolation path defined
executed 0
calculate duration
testing...
no interpolation path defined
executed 0
calculate duration
testing...
no interpolation path defined
executed 32.0
calculate duration
testing...
no interpolation path defined
executed 34.0
calculate duration
testing...
no interpolation path defined
executed 4.0
calculate duration
testing...
no interpolation path defined
executed 38.0
executed 108.0
script duration name:cocktail_x1 seconds:108.0
Script duration 664.0
Run total estimated duration= 665.000
script duration name:unknown120_60 seconds:214.0
cocktail_x1 in script context. using previous estimated duration
script duration name:cocktail_x1 seconds:108.0
Script duration 322.0
Run total estimated duration= 323.000
script duration name:unknown400_120 seconds:556.0
script duration name:sniffair_x2 seconds:250.0
Script duration 806.0
Run total estimated duration= 807.000
script duration name:unknown400_120 seconds:556.0
script duration name:sniffair_x2 seconds:250.0
Script duration 806.0
Run total estimated duration= 807.000
loading script "jan_ic_peak_hop3.py"
loading script "jan_pump_ms.py"
loading script "jan_air_x1.py"
loading script "jan_pump_extraction_line.py"
testing...
no interpolation path defined
executed 133.8
script duration name:ic_peak_hop3 seconds:134.0
loading script "jan_ic_peak_hop3.py"
loading script "jan_pump_ms.py"
loading script "jan_air_x1.py"
loading script "jan_pump_extraction_line.py"
testing...
no interpolation path defined
calculate duration
testing...
no interpolation path defined
executed 0
calculate duration
testing...
no interpolation path defined
executed 0
calculate duration
testing...
no interpolation path defined
executed 32.0
calculate duration
testing...
no interpolation path defined
executed 34.0
calculate duration
testing...
no interpolation path defined
executed 4.0
calculate duration
testing...
no interpolation path defined
executed 36.0
executed 106.0
script duration name:air_x1 seconds:106.0
Script duration 240.0
Run total estimated duration= 241.000
script duration name:unknown120_60 seconds:214.0
script duration name:co2 seconds:0.0
Script duration 214.0
Run total estimated duration= 215.000
script duration name:unknown120_60 seconds:214.0
script duration name:co2 seconds:0.0
Script duration 214.0
Run total estimated duration= 215.000
script duration name:unknown120_60 seconds:214.0
script duration name:co2 seconds:0.0
Script duration 214.0
Run total estimated duration= 215.000
script duration name:unknown120_60 seconds:214.0
script duration name:co2 seconds:0.0
Script duration 214.0
Run total estimated duration= 215.000
script duration name:unknown120_60 seconds:214.0
script duration name:co2 seconds:0.0
Script duration 214.0
Run total estimated duration= 215.000
script duration name:unknown120_60 seconds:214.0
script duration name:co2 seconds:0.0
Script duration 214.0
Run total estimated duration= 215.000
script duration name:unknown120_60 seconds:214.0
script duration name:co2 seconds:0.0
Script duration 214.0
Run total estimated duration= 215.000
script duration name:unknown120_60 seconds:214.0
script duration name:co2 seconds:0.0
Script duration 214.0
Run total estimated duration= 215.000
script duration name:unknown120_60 seconds:214.0
script duration name:co2 seconds:0.0
Script duration 214.0
Run total estimated duration= 215.000
script duration name:unknown120_60 seconds:214.0
script duration name:co2 seconds:0.0
Script duration 214.0
Run total estimated duration= 215.000
script duration name:unknown120_60 seconds:214.0
script duration name:co2 seconds:0.0
Script duration 214.0
Run total estimated duration= 215.000
script duration name:unknown120_60 seconds:214.0
script duration name:co2 seconds:0.0
Script duration 214.0
Run total estimated duration= 215.000
script duration name:unknown120_60 seconds:214.0
script duration name:co2 seconds:0.0
Script duration 214.0
Run total estimated duration= 215.000
script duration name:unknown120_60 seconds:214.0
script duration name:co2 seconds:0.0
Script duration 214.0
Run total estimated duration= 215.000
script duration name:unknown120_60 seconds:214.0
script duration name:co2 seconds:0.0
Script duration 214.0
Run total estimated duration= 215.000
script duration name:unknown400_120 seconds:556.0
script duration name:co2 seconds:0.0
Script duration 556.0
Run total estimated duration= 557.000
script duration name:unknown400_120 seconds:556.0
script duration name:cocktail_x1 seconds:108.0
Script duration 664.0
Run total estimated duration= 665.000
script duration name:unknown120_60 seconds:214.0
script duration name:cocktail_x1 seconds:108.0
Script duration 322.0
Run total estimated duration= 323.000
ic_peak_hop3 in script context. using previous estimated duration
script duration name:ic_peak_hop3 seconds:134.0
air_x1 in script context. using previous estimated duration
script duration name:air_x1 seconds:106.0
Script duration 240.0
Run total estimated duration= 241.000
script duration name:unknown120_60 seconds:214.0
script duration name:co2 seconds:0.0
Script duration 214.0
Run total estimated duration= 215.000
script duration name:unknown120_60 seconds:214.0
script duration name:co2 seconds:0.0
Script duration 214.0
Run total estimated duration= 215.000
script duration name:unknown120_60 seconds:214.0
script duration name:co2 seconds:0.0
Script duration 214.0
Run total estimated duration= 215.000
script duration name:unknown120_60 seconds:214.0
script duration name:co2 seconds:0.0
Script duration 214.0
Run total estimated duration= 215.000
script duration name:unknown120_60 seconds:214.0
script duration name:co2 seconds:0.0
Script duration 214.0
Run total estimated duration= 215.000
script duration name:unknown120_60 seconds:214.0
script duration name:co2 seconds:0.0
Script duration 214.0
Run total estimated duration= 215.000
script duration name:unknown120_60 seconds:214.0
script duration name:co2 seconds:0.0
Script duration 214.0
Run total estimated duration= 215.000
script duration name:unknown120_60 seconds:214.0
script duration name:co2 seconds:0.0
Script duration 214.0
Run total estimated duration= 215.000
script duration name:unknown120_60 seconds:214.0
script duration name:co2 seconds:0.0
Script duration 214.0
Run total estimated duration= 215.000
script duration name:unknown120_60 seconds:214.0
script duration name:co2 seconds:0.0
Script duration 214.0
Run total estimated duration= 215.000
script duration name:unknown400_120 seconds:556.0
script duration name:sniffair_x2 seconds:250.0
Script duration 806.0
Run total estimated duration= 807.000
script duration name:unknown400_120 seconds:556.0
script duration name:sniffair_x2 seconds:250.0
Script duration 806.0
Run total estimated duration= 807.000
script duration name:unknown400_120 seconds:556.0
script duration name:co2 seconds:0.0
Script duration 556.0
Run total estimated duration= 557.000
nruns=58 before=5.0, run_dur=18216.0, btw=2565.0
write rem/ex queues
/Users/jan/PychronDev/experiments/rem/CurrentExperiment.rem.txt
/Users/jan/PychronDev/experiments/rem/CurrentExperiment.ex.txt
doing event level: 3
