do run
loading script "jan_unknown120_60.py"
loading script "jan_pump_ms.py"
loading script "jan_co2.py"
loading script "jan_pump_extraction_line.py"
testing...
no interpolation path defined
executed 213.652928
script duration name:unknown120_60 seconds:214.0
loading script "jan_unknown120_60.py"
loading script "jan_pump_ms.py"
loading script "jan_co2.py"
loading script "jan_pump_extraction_line.py"
testing...
no interpolation path defined
executed 0
loading script "jan_unknown120_60.py"
loading script "jan_pump_ms.py"
loading script "jan_co2.py"
loading script "jan_pump_extraction_line.py"
testing...
no interpolation path defined
calculate duration
testing...
no interpolation path defined
executed 0
calculate duration
testing...
no interpolation path defined
executed 0
executed 0.0
script duration name:co2 seconds:0.0
loading script "jan_unknown120_60.py"
loading script "jan_pump_ms.py"
loading script "jan_co2.py"
loading script "jan_pump_extraction_line.py"
testing...
no interpolation path defined
calculate duration
testing...
no interpolation path defined
executed 4.0
executed 4.0
Script duration 214.0
Run total estimated duration= 215.000
run duration: 0:03:35
doing event level: 2
16:11:53 -- Setting default integration. t=1.048576
setting integration time = 1.048576
SetIntegrationTime 1.048576 ===>> OK
----------------- start -----------------
**************** Experiment Type: Ar/Ar, Ar/Ar
create new session 4988673200
close session 4988673200
$$$$$ Clearing conditionals
adding conditionals 
Add queue conditionals
add default conditionals
adding default conditionals from /Users/jan/PychronDev/setupfiles/spectrometer/default_conditionals.yaml
Start automated run 65572-07A
loading script "jan_unknown120_60.py"
loading script "jan_pump_ms.py"
loading script "jan_co2.py"
loading script "jan_pump_extraction_line.py"
%%%%%%%%%%%%%%%%%% setting automated run 65572-07A
No value "sensitivity_multiplier" in metadata
$$$$$$$$$$$$$$$ auto_save_detector_ic=False
============================= Pre Extraction Check =============================
loading queue conditionals pre_run_terminations
loading system conditionals pre_run_terminations
loading conditionals from /Users/jan/PychronDev/setupfiles/spectrometer/default_conditionals.yaml
16:11:53 -- ******* Pre Extraction Check *******
Get a measurement from the spectrometer
GetData ===>> H2,-0.283343958869443,H1,0.0233324420614302,AX,-0.0451625544929146,L1,0.00427107807767416,L2,-0.0...
Pre Extraction Termination data. keys=H2,H1,AX,L1,L2,CDD, signals=-0.28334,0.02333,-0.04516,0.00427,-0.00197,0.00000
16:11:53 -- testing system defined conditionals
Checking default pre extraction terminations n=2
testing CDD
evaluate ot="CDD.inactive" t="CDD", ctx="{'CDD': False}"
GetDeflection CDD ===>> 50
testing CDD==2000
evaluate ot="CDD.deflection==2000" t="CDD==2000", ctx="{'CDD': 50.0}"
16:11:53 -- ******* Pre Extraction Check Passed *******
=================================================================================
16:11:53 -- stopping status monitor
stop 4977205328
Alive clients [4985221872]
16:11:53 -- starting status monitor
start 4977205328
Monitor already running
start extraction
do extraction
Analysis started at 16:11:53.219046
Extraction Started jan_co2.py
16:11:53 -- ******* Extraction Started jan_co2.py *******
state changed from not run to extraction
DO EXTRACTION <pychron.extraction_line.pyscript_runner.RemotePyScriptRunner object at 0x12c443410>
testing...
no interpolation path defined
calculate duration
testing...
no interpolation path defined
executed 0
calculate duration
testing...
no interpolation path defined
executed 0
executed 100.0
Jan CO2 laser analysis
doing GOSUB
testing...
no interpolation path defined
executed 0
Waiting for CO2 access
wait ('FelixCO2Flag', 0) {}
waiting for FelixCO2Flag = 0
Read FelixCO2Flag ===>> 0
finished waiting
CO2 free
wait ('CO2PumpTimeFlag', 0) {}
waiting for CO2PumpTimeFlag = 0
Read CO2PumpTimeFlag ===>> 0
finished waiting
acquire ('JanCO2Flag',) {'clear': True}
acquire JanCO2Flag
Set JanCO2Flag 1 ===>> OK
JanCO2Flag acquired
set extraction state False (0.75, 'red', 1.5)
CO2 acquired
executed 0
WaitForCO2Access.py completed successfully
gosub finished
doing GOSUB
testing...
no interpolation path defined
executed 0
Prepare for CO2 analysis
close () {'description': 'Jan Inlet'}
closing name=--- desc=Jan Inlet
checking ownership. requestor=129.138.12.150
check software interlocks R
interlocks []
actuate state mode=None-script, software_lock=False
doing actuation None-script close_channel False
Close R ===>> OK
Get Checksum: -1965264452
GetIndicatorState R ===>> False
change switch state (True, True)
update switch state R False args=() kw={} ncanvase=2
16:11:53 -- CLOSE  VALVE-R (Jan Inlet)
---------------------------------------- close None (Jan Inlet) result=[(True, True)]
action=close, ok=True, locked=[False]
open () {'description': 'Jan Ion Pump'}
opening name=--- desc=Jan Ion Pump
checking ownership. requestor=129.138.12.150
check software interlocks O
interlocks []
actuate state mode=None-script, software_lock=False
doing actuation None-script open_channel False
Open O ===>> OK
GetIndicatorState O ===>> OK
change switch state (True, True)
update switch state O True args=() kw={} ncanvase=2
16:11:53 -- OPEN   VALVE-O (Jan Ion Pump)
---------------------------------------- open None (Jan Ion Pump) result=[(True, True)], time=0.09 sec
action=open, ok=True, locked=[False]
close () {'description': 'Microbone to Minibone'}
closing name=--- desc=Microbone to Minibone
checking ownership. requestor=129.138.12.150
check software interlocks L
interlocks []
actuate state mode=None-script, software_lock=False
doing actuation None-script close_channel False
Close L ===>> OK
GetIndicatorState L ===>> False
change switch state (True, True)
update switch state L False args=() kw={} ncanvase=2
16:11:54 -- CLOSE  VALVE-L (Microbone to Minibone)
---------------------------------------- close None (Microbone to Minibone) result=[(True, True)]
action=close, ok=True, locked=[False]
open () {'description': 'Microbone to Turbo'}
opening name=--- desc=Microbone to Turbo
checking ownership. requestor=129.138.12.150
check software interlocks U
interlocks []
actuate state mode=None-script, software_lock=False
doing actuation None-script open_channel False
Open U ===>> OK
GetIndicatorState U ===>> OK
change switch state (True, True)
update switch state U True args=() kw={} ncanvase=2
16:11:55 -- OPEN   VALVE-U (Microbone to Turbo)
---------------------------------------- open None (Microbone to Turbo) result=[(True, True)], time=0.12 sec
action=open, ok=True, locked=[False]
open () {'description': 'Microbone to Inlet Pipette'}
opening name=--- desc=Microbone to Inlet Pipette
checking ownership. requestor=129.138.12.150
check software interlocks S
interlocks []
actuate state mode=None-script, software_lock=False
doing actuation None-script open_channel False
Open S ===>> OK
GetIndicatorState S ===>> OK
change switch state (True, True)
update switch state S True args=() kw={} ncanvase=2
16:11:55 -- OPEN   VALVE-S (Microbone to Inlet Pipette)
---------------------------------------- open None (Microbone to Inlet Pipette) result=[(True, True)], time=0.41 sec
action=open, ok=True, locked=[False]
open () {'description': 'Microbone to Getter D-50'}
opening name=--- desc=Microbone to Getter D-50
checking ownership. requestor=129.138.12.150
check software interlocks K
interlocks []
actuate state mode=None-script, software_lock=False
doing actuation None-script open_channel False
Open K ===>> OK
GetIndicatorState K ===>> OK
change switch state (True, True)
update switch state K True args=() kw={} ncanvase=2
16:11:56 -- OPEN   VALVE-K (Microbone to Getter D-50)
---------------------------------------- open None (Microbone to Getter D-50) result=[(True, True)], time=0.40 sec
Get Checksum: -1965264452
action=open, ok=True, locked=[False]
open () {'description': 'Microbone to Getter NP-10'}
opening name=--- desc=Microbone to Getter NP-10
checking ownership. requestor=129.138.12.150
check software interlocks M
interlocks []
actuate state mode=None-script, software_lock=False
doing actuation None-script open_channel False
Open M ===>> OK
GetIndicatorState M ===>> OK
change switch state (True, True)
update switch state M True args=() kw={} ncanvase=2
16:11:56 -- OPEN   VALVE-M (Microbone to Getter NP-10)
---------------------------------------- open None (Microbone to Getter NP-10) result=[(True, True)], time=0.15 sec
action=open, ok=True, locked=[False]
close () {'description': 'CO2 Laser to Felix'}
closing name=--- desc=CO2 Laser to Felix
checking ownership. requestor=129.138.12.150
check software interlocks F
interlocks []
actuate state mode=None-script, software_lock=True
VALVE-F(CO2 Laser to Felix) software locked
change switch state (True, False)
---------------------------------------- close None (CO2 Laser to Felix) result=[(True, False)]
action=close, ok=True, locked=[True]
open () {'description': 'CO2 Laser to Jan'}
opening name=--- desc=CO2 Laser to Jan
checking ownership. requestor=129.138.12.150
check software interlocks A
interlocks []
actuate state mode=None-script, software_lock=False
doing actuation None-script open_channel False
Open A ===>> OK
GetIndicatorState A ===>> OK
change switch state (True, True)
update switch state A True args=() kw={} ncanvase=2
16:11:57 -- OPEN   VALVE-A (CO2 Laser to Jan)
---------------------------------------- open None (CO2 Laser to Jan) result=[(True, True)], time=0.12 sec
action=open, ok=True, locked=[False]
open () {'description': 'Microbone to CO2 Laser'}
opening name=--- desc=Microbone to CO2 Laser
checking ownership. requestor=129.138.12.150
check software interlocks T
interlocks []
actuate state mode=None-script, software_lock=False
doing actuation None-script open_channel False
Open T ===>> OK
GetIndicatorState T ===>> OK
change switch state (True, True)
update switch state T True args=() kw={} ncanvase=2
16:11:57 -- OPEN   VALVE-T (Microbone to CO2 Laser)
---------------------------------------- open None (Microbone to CO2 Laser) result=[(True, True)], time=0.40 sec
action=open, ok=True, locked=[False]
executed 0
PrepareForCO2Analysis.py completed successfully
gosub finished
set_motor ('beam', '1.25') {}
setting motor "beam" to 1.25
set motor beam to 1.25
SetMotor beam,1.25 ===>> OK
GetMotorMoving beam ===>> False
GetMotorMoving beam ===>> False
Block completed
move_to_position ('207',) {'autocenter': True}
FusionsCO2 move to position 207
sending GoToHole 207,True
GoToHole 207,True ===>> OK
Get Checksum: -1965264452
GetDriveMoving ===>> OK
GetDriveMoving ===>> OK
GetDriveMoving ===>> OK
GetDriveMoving ===>> OK
GetDriveMoving ===>> OK
GetDriveMoving ===>> False
GetDriveMoving ===>> False
Block completed
GetAutoCorrecting ===>> OK
GetAutoCorrecting ===>> OK
Get Checksum: -1965264452
GetAutoCorrecting ===>> False
GetAutoCorrecting ===>> False
Block completed
update position
GetPosition ===>> 9.96950,-11.96340,1.00000
got position (9.9695, -11.9634, 1.0)
move to position succeeded
sleep (5,) {}
SLEEP 5.0
block started
WaitControl setup for 5.0  
Get Checksum: -1965264452
Join finished
block finished. duration 5.02441906929
close () {'description': 'Microbone to Turbo'}
closing name=--- desc=Microbone to Turbo
checking ownership. requestor=129.138.12.150
check software interlocks U
interlocks []
actuate state mode=None-script, software_lock=False
doing actuation None-script close_channel True
Close U ===>> OK
GetIndicatorState U ===>> False
change switch state (True, True)
update switch state U False args=() kw={} ncanvase=2
16:12:08 -- CLOSE  VALVE-U (Microbone to Turbo)
---------------------------------------- close None (Microbone to Turbo) result=[(True, True)]
Get Checksum: 1551197106
action=close, ok=True, locked=[False]
enable laser
enable () {}
set extraction state FusionsCO2 Enabled (False, 'red', 1.5)
enabling laser
Enable ===>> OK
begin interval
BEGIN INTERVAL Interval 1 waiting for 30.0
block started
set extract to 0.3
WaitControl setup for 30.0  
extract (0.3,) {}
GetPosition ===>> 9.96950,-11.96340,1.00000
set extraction state FusionsCO2 ON! 0.3(watts) (0.75, 'red', 1.5)
extract sample to 0.3 (watts)
set laser output
SetLaserOutput 0.3,watts ===>> OK
executing pattern triangle.lp
execute_pattern ('triangle.lp',) {}
executing pattern triangle.lp
IsPatterning ===>> OK
IsPatterning ===>> OK
Get Checksum: 1551197106
IsPatterning ===>> OK
IsPatterning ===>> OK
IsPatterning ===>> OK
IsPatterning ===>> OK
IsPatterning ===>> OK
Get Checksum: 1551197106
IsPatterning ===>> OK
IsPatterning ===>> OK
IsPatterning ===>> OK
Get Checksum: 1551197106
IsPatterning ===>> OK
IsPatterning ===>> OK
IsPatterning ===>> OK
Get Checksum: 1551197106
IsPatterning ===>> OK
IsPatterning ===>> OK
IsPatterning ===>> OK
Get Checksum: 1551197106
IsPatterning ===>> OK
IsPatterning ===>> OK
IsPatterning ===>> OK
Get Checksum: 1551197106
IsPatterning ===>> OK
IsPatterning ===>> OK
IsPatterning ===>> OK
Get Checksum: 1551197106
IsPatterning ===>> OK
IsPatterning ===>> OK
IsPatterning ===>> OK
Get Checksum: 1551197106
IsPatterning ===>> OK
IsPatterning ===>> False
IsPatterning ===>> False
Block completed
COMPLETE INTERVAL waiting for Interval 1 to complete
Get Checksum: 1551197106
Join finished
block finished. duration 30.0641121864
Interval 1 finished
end_extract () {}
ending extraction. set laser power to 0
set laser power 0
SetLaserPower 0 ===>> OK
disable () {}
%%%%%%%%%%%%%%%%%%%%%%%%%%%%%%%%%%% disable
set extraction state False (0.75, 'red', 1.5)
disabling laser
Disable ===>> OK
sleep (30.0,) {}
SLEEP 30.0
block started
WaitControl setup for 30.0  
Get Checksum: 1551197106
Get Checksum: 1551197106
Get Checksum: 1551197106
Get Checksum: 1551197106
Get Checksum: 1551197106
Get Checksum: 1551197106
Get Checksum: 1551197106
Get Checksum: 1551197106
Get Checksum: 1551197106
Get Checksum: 1551197106
Join finished
block finished. duration 30.0702319145
executed 166.5
jan_co2.py completed successfully
GetAchievedOutput ===>> No Response
Requested Output= 0.000
Achieved Output=  0.000
GetResponseBlob ===>> No Response
GetOutputBlob ===>> No Response
persistence save...
persistence save - db
AutomatedRunPersister post_extraction_save deprecated
persistence save - dvc
no extraction position for 207
create new session 4984870000
close session 4984870000
Extraction Finished
16:13:09 -- ******* Extraction Finished *******
no overlap. not waiting for min ms pumptime
16:13:09 -- Sending spectrometer configuration
======== Sending configuration ========
SetDeflection CDD,50.0 ===>> OK
SetDeflection H2,0.0 ===>> OK
SetDeflection H1,0.0 ===>> OK
SetDeflection L2,825.0 ===>> OK
SetDeflection L1,400.0 ===>> OK
SetDeflection AX,190.0 ===>> OK
SetZFocus 74.64 ===>> OK
SetZSymmetry -50.72 ===>> OK
SetExtractionLens 26.13 ===>> OK
SetIonRepeller -3.81 ===>> OK
SetElectronEnergy 75.08 ===>> OK
SetYSymmetry -2.81 ===>> OK
SetIonCounterVoltage 1590.0 ===>> OK
send trap current 200.0
GetParameter Trap Current Readback ===>> 198.035158395898
SetParameter Trap Current Set,200.0 ===>> OK
updating mftable name mftable
Using mftable located at /Users/jan/PychronDev/setupfiles/spectrometer/mftables/mftable.csv
============ MFtable ===========
Isotope  H2     H1     AX     L1     L2     CDD    
Ar40     5.7815 5.8788 5.9922 6.1215 6.2306 6.3497
Ar39     5.6808 5.7711 5.8847 6.0075 6.1158 6.2362
Ar36     5.3583 5.4401 5.5480 5.6664 5.7707 5.8873
================================
get initial guess parabolic
get initial guess parabolic
get initial guess parabolic
get initial guess parabolic
get initial guess parabolic
get initial guess parabolic
======== Configuration Finished ========
GetYSymmetry ===>> -2.81
GetZSymmetry ===>> -50.72
GetParameter Trap Current Readback ===>> 198.035158395898
GetHighVoltage ===>> 4500
start measurement
do measurement
L#=65572 analysis type=unknown
Measurement Started jan_unknown120_60.py
16:13:09 -- ******* Measurement Started jan_unknown120_60.py *******
state changed from extraction to measurement
setting spec, defl, and gains
GetExtractionLens ===>> 26.13
GetYSymmetry ===>> -2.81
GetZSymmetry ===>> -50.72
GetZFocus ===>> 74.64
GetDeflection H2 ===>> 0
GetDeflection H1 ===>> 0
GetDeflection AX ===>> 190
GetDeflection L1 ===>> 400
GetDeflection L2 ===>> 825
GetDeflection CDD ===>> 50
GetGain H2 ===>> 0.0113
GetGain H1 ===>> 0.1
GetGain AX ===>> 0.097049
GetGain L1 ===>> 0.010355
GetGain L2 ===>> 0.095649
GetGain CDD ===>> 0
pre measurement save
New frame /Users/jan/PychronDev/data/isotopes/11/75073f-7b0f-4a2f-add8-f9e539cdcbf7.h5
flush and close file /Users/jan/PychronDev/data/isotopes/11/75073f-7b0f-4a2f-add8-f9e539cdcbf7.h5
testing...
no interpolation path defined
executed 226.132928
unknown measurement script
activate_detectors ('H2', 'H1', 'AX', 'L1', 'L2', 'CDD') {}
activate detectors
*************** Set Analysis View Ar/Ar
create graphs
clearing graphs
clear isotope group
setting isotope det=H2, iso=PM41
setting isotope det=H1, iso=Ar40
setting isotope det=AX, iso=Ar39
setting isotope det=L1, iso=Ar38
setting isotope det=L2, iso=Ar37
setting isotope det=CDD, iso=Ar36
setting previous blanks
 - setting Ar40 blank 0.109+/-0.007
 - setting Ar36 blank 0.00423+/-0.00016
 - setting Ar37 blank 0.048+/-0.005
 - setting Ar38 blank 0.0090+/-0.0022
 - setting PM41 blank 0.02+/-0.06
 - setting Ar39 blank 0.013+/-0.009
load analysis view
position_magnet ('Ar40',) {'detector': 'H1'}
detector Detector(H1)
POSITION Ar40 H1
setting detector H2 to PM41 (40.9624)
setting detector H1 to Ar40 (39.9624)
setting detector AX to Ar39 (38.9624)
setting detector L1 to Ar38 (37.9624)
setting detector L2 to Ar37 (36.9624)
setting detector CDD to Ar36 (35.9624)
Mapping mass to dac mass func: "parabolic"
H1 map mass coeffs = [-0.00063987  0.15840543  0.57044999]
H1 map mass to dac 39.9624 >> 5.87884
GetDeflection H1 ===>> 0
GetHighVoltage ===>> 4500
positioning Ar40 (5.87884) on H1
setting magnet DAC
current  : 5.301530
requested: 5.878840
Delta Dac: 0.577310
Checking detector protection. dv=0.57731
Checking detector "CDD". Protection Threshold: 0.1 (V)
ProtectDetector CDD,On ===>> OK
GetDeflection CDD ===>> 2000
SetMagnetDAC 5.87884 ===>> OK
Magnet settling time: 0.500
Get Checksum: 1551197106
GetMagnetMoving ===>> True
GetMagnetMoving ===>> True
GetMagnetMoving ===>> True
GetMagnetMoving ===>> True
GetMagnetMoving ===>> True
GetMagnetMoving ===>> True
GetMagnetMoving ===>> True
GetMagnetMoving ===>> True
GetMagnetMoving ===>> False
ProtectDetector CDD,Off ===>> OK
GetDeflection CDD ===>> 50
equilibrate () {'delay': 3, 'inlet': 'R', 'outlet': 'O', 'eqtime': 12.0}
Equilibration Started
16:13:13 -- ******* Equilibration Started *******
checking ownership. requestor=129.138.12.150
check software interlocks O
interlocks []
actuate state mode=None-script, software_lock=False
doing actuation None-script close_channel True
Close O ===>> OK
GetIndicatorState O ===>> False
change switch state (True, True)
update switch state O False args=() kw={} ncanvase=2
16:13:13 -- CLOSE  VALVE-O (Jan Ion Pump)
waiting 3s before opening inlet value ('R',)
Get Checksum: -598318598
checking ownership. requestor=129.138.12.150
check software interlocks R
interlocks []
actuate state mode=None-script, software_lock=False
doing actuation None-script open_channel True
Open R ===>> OK
GetIndicatorState R ===>> OK
change switch state (True, True)
update switch state R True args=() kw={} ncanvase=2
16:13:16 -- OPEN   VALVE-R (Jan Inlet)
equilibrating for 12.0sec
set_time_zero () {}
sniff (12.0,) {}
py_sniff
build tables- sniff [Detector(H2), Detector(H1), Detector(AX), Detector(L1), Detector(L2), Detector(CDD)]
add group /sniff/PM41 (Group) '' table H2
add group /sniff/Ar40 (Group) '' table H1
add group /sniff/Ar39 (Group) '' table AX
add group /sniff/Ar38 (Group) '' table L1
add group /sniff/Ar37 (Group) '' table L2
add group /sniff/Ar36 (Group) '' table CDD
flush and close file /Users/jan/PychronDev/data/isotopes/11/75073f-7b0f-4a2f-add8-f9e539cdcbf7.h5
measuring sniff. ncounts=12.0
Get Checksum: -1449001502
starting measurement
GetData ===>> H2,-0.114546342398254,H1,6.25311335179035,AX,1.80465352369849,L1,0.0185551124708512,L2,0.19530036...
GetData ===>> H2,0.941017385455753,H1,52.0861495583235,AX,12.2595323017313,L1,0.201210881359439,L2,0.3481792591...
GetData ===>> H2,0.475647160840725,H1,75.9756867408611,AX,16.2491594067423,L1,0.266628033921443,L2,0.2013707073...
Get Checksum: -1449001502
GetData ===>> H2,0.093319542193114,H1,83.4335980008406,AX,17.4381487097141,L1,0.304168914673118,L2,0.1222354932...
GetData ===>> H2,-0.00445565601337236,H1,86.459036491631,AX,17.7795554268213,L1,0.29450058493114,L2,0.138278526...
GetData ===>> H2,0.0257896769256367,H1,87.4652788580318,AX,17.8392070877613,L1,0.268405197015792,L2,0.192858650...
Get Checksum: -1449001502
GetData ===>> H2,0.110856817250243,H1,87.8892104179713,AX,17.9904665552008,L1,0.258434229038421,L2,0.1338883743...
GetData ===>> H2,0.022629591774874,H1,88.0801465281083,AX,17.9630916677679,L1,0.247314538638209,L2,0.1606201066...
GetData ===>> H2,-0.11878975962052,H1,88.194927594503,AX,18.014312099638,L1,0.239424199324224,L2,0.072949912866...
Get Checksum: -1449001502
GetData ===>> H2,-0.0601940723914724,H1,88.1305503809725,AX,18.1120196010357,L1,0.215044535556512,L2,0.10431426...
GetData ===>> H2,-0.0728146102953541,H1,88.1011889385155,AX,17.9891610185894,L1,0.200813230491467,L2,0.19896306...
Equilibration Finished
16:13:29 -- ******* Equilibration Finished *******
checking ownership. requestor=129.138.12.150
check software interlocks R
interlocks []
actuate state mode=None-script, software_lock=False
doing actuation None-script close_channel True
GetData ===>> H2,-0.0581191891631366,H1,88.1525796840399,AX,17.9589353567354,L1,0.192755664560862,L2,0.09831846...
Close R ===>> OK
GetIndicatorState R ===>> False
change switch state (True, True)
update switch state R False args=() kw={} ncanvase=2
16:13:29 -- CLOSE  VALVE-R (Jan Inlet)
Post Equilibration Started jan_pump_extraction_line.py
16:13:29 -- ******* Post Equilibration Started jan_pump_extraction_line.py *******
testing...
no interpolation path defined
calculate duration
testing...
no interpolation path defined
executed 4.0
executed 4.0
Get Checksum: -598318598
Pump after analysis
State checksums do not match. Local:-1449001502 Remote:-598318598
State checksum failed
doing GOSUB
testing...
no interpolation path defined
executed 4.0
Pump Microbone
close () {'description': 'Jan Inlet'}
closing name=--- desc=Jan Inlet
checking ownership. requestor=129.138.12.150
check software interlocks R
interlocks []
actuate state mode=None-script, software_lock=False
doing actuation None-script close_channel False
Close R ===>> OK
measurement finished
estimated time: 12.583 actual time: :12.655
flush and close file /Users/jan/PychronDev/data/isotopes/11/75073f-7b0f-4a2f-add8-f9e539cdcbf7.h5
set_fits () {}
using default fits file=/Users/jan/PychronDev/scripts/measurement/fits/nominal_linear.yaml
set "Ar40" to "('Linear', 'SEM')"
No fit for "PM41". defaulting to linear. check the measurement script "jan_unknown120_60.py"
set "PM41" to "linear"
set "Ar36" to "('Linear', 'SEM')"
set "Ar37" to "('linear', 'SEM')"
set "Ar38" to "('linear', 'SEM')"
set "Ar39" to "('Linear', 'SEM')"
set_baseline_fits () {}
using default fits file=/Users/jan/PychronDev/scripts/measurement/fits/nominal_linear.yaml
set "H1" to "('average', 'SEM')"
set "H2" to "('average', 'SEM')"
set "CDD" to "('average', 'SEM')"
set "L2" to "('average', 'SEM')"
set "L1" to "('average', 'SEM')"
set "AX" to "('average', 'SEM')"
multicollect () {'integration_time': 1, 'ncounts': 120}
build tables- signal [Detector(H2), Detector(H1), Detector(AX), Detector(L1), Detector(L2), Detector(CDD)]
add group /signal/PM41 (Group) '' table H2
add group /signal/Ar40 (Group) '' table H1
add group /signal/Ar39 (Group) '' table AX
add group /signal/Ar38 (Group) '' table L1
GetIndicatorState R ===>> False
add group /signal/Ar37 (Group) '' table L2
change switch state (True, True)
add group /signal/Ar36 (Group) '' table CDD
update switch state R False args=() kw={} ncanvase=2
flush and close file /Users/jan/PychronDev/data/isotopes/11/75073f-7b0f-4a2f-add8-f9e539cdcbf7.h5
measuring signal. ncounts=120
16:13:30 -- CLOSE  VALVE-R (Jan Inlet)
---------------------------------------- close None (Jan Inlet) result=[(True, True)]
action=close, ok=True, locked=[False]
is_closed ('F',) {}
is F () closed?
is closed True
open () {'description': 'CO2 Laser to Jan'}
opening name=--- desc=CO2 Laser to Jan
checking ownership. requestor=129.138.12.150
check software interlocks A
interlocks []
actuate state mode=None-script, software_lock=False
doing actuation None-script open_channel False
Open A ===>> OK
GetIndicatorState A ===>> OK
change switch state (True, True)
update switch state A True args=() kw={} ncanvase=2
16:13:30 -- OPEN   VALVE-A (CO2 Laser to Jan)
---------------------------------------- open None (CO2 Laser to Jan) result=[(True, True)], time=0.15 sec
starting measurement
GetData ===>> H2,-0.168219428871487,H1,88.1495208120129,AX,18.0978204613443,L1,0.19526350196326,L2,0.0623426092...
action=open, ok=True, locked=[False]
sleep (1,) {}
SLEEP 1.0
GetData ===>> H2,-0.107370530884668,H1,88.2538964094472,AX,18.0914568190877,L1,0.214825012810242,L2,0.152773158...
close () {'description': 'CO2 Laser to Roughing'}
closing name=--- desc=CO2 Laser to Roughing
checking ownership. requestor=129.138.12.150
check software interlocks G
interlocks []
actuate state mode=None-script, software_lock=True
VALVE-G(CO2 Laser to Roughing) software locked
change switch state (True, False)
---------------------------------------- close None (CO2 Laser to Roughing) result=[(True, False)]
action=close, ok=True, locked=[True]
open () {'description': 'Microbone to Turbo'}
opening name=--- desc=Microbone to Turbo
checking ownership. requestor=129.138.12.150
check software interlocks U
interlocks []
actuate state mode=None-script, software_lock=False
doing actuation None-script open_channel True
Open U ===>> OK
GetIndicatorState U ===>> OK
change switch state (True, True)
update switch state U True args=() kw={} ncanvase=2
16:13:32 -- OPEN   VALVE-U (Microbone to Turbo)
---------------------------------------- open None (Microbone to Turbo) result=[(True, True)], time=0.18 sec
action=open, ok=True, locked=[False]
open () {'description': 'Microbone to Getter NP-10'}
opening name=--- desc=Microbone to Getter NP-10
checking ownership. requestor=129.138.12.150
check software interlocks M
interlocks []
actuate state mode=None-script, software_lock=False
doing actuation None-script open_channel False
Open M ===>> OK
GetIndicatorState M ===>> OK
change switch state (True, True)
update switch state M True args=() kw={} ncanvase=2
16:13:32 -- OPEN   VALVE-M (Microbone to Getter NP-10)
---------------------------------------- open None (Microbone to Getter NP-10) result=[(True, True)], time=0.13 sec
action=open, ok=True, locked=[False]
open () {'description': 'Microbone to Getter D-50'}
opening name=--- desc=Microbone to Getter D-50
checking ownership. requestor=129.138.12.150
check software interlocks K
interlocks []
actuate state mode=None-script, software_lock=False
doing actuation None-script open_channel False
GetData ===>> H2,-0.101376711943202,H1,88.1288837142033,AX,18.0563368692762,L1,0.235293053262458,L2,0.198643571...
Open K ===>> OK
Get Checksum: -860229079
GetIndicatorState K ===>> OK
change switch state (True, True)
update switch state K True args=() kw={} ncanvase=2
16:13:33 -- OPEN   VALVE-K (Microbone to Getter D-50)
---------------------------------------- open None (Microbone to Getter D-50) result=[(True, True)], time=0.43 sec
action=open, ok=True, locked=[False]
open () {'description': 'Microbone to CO2 Laser'}
opening name=--- desc=Microbone to CO2 Laser
checking ownership. requestor=129.138.12.150
check software interlocks T
interlocks []
actuate state mode=None-script, software_lock=False
doing actuation None-script open_channel False
Open T ===>> OK
GetIndicatorState T ===>> OK
change switch state (True, True)
update switch state T True args=() kw={} ncanvase=2
16:13:33 -- OPEN   VALVE-T (Microbone to CO2 Laser)
---------------------------------------- open None (Microbone to CO2 Laser) result=[(True, True)], time=0.42 sec
GetData ===>> H2,-0.078130771939042,H1,87.9183249141907,AX,17.9304537923515,L1,0.247790570572034,L2,0.113274457...
action=open, ok=True, locked=[False]
open () {'description': 'Microbone to Inlet Pipette'}
opening name=--- desc=Microbone to Inlet Pipette
checking ownership. requestor=129.138.12.150
check software interlocks S
interlocks []
actuate state mode=None-script, software_lock=False
doing actuation None-script open_channel False
Open S ===>> OK
GetIndicatorState S ===>> OK
change switch state (True, True)
update switch state S True args=() kw={} ncanvase=2
16:13:34 -- OPEN   VALVE-S (Microbone to Inlet Pipette)
---------------------------------------- open None (Microbone to Inlet Pipette) result=[(True, True)], time=0.40 sec
action=open, ok=True, locked=[False]
sleep (1,) {}
SLEEP 1.0
GetData ===>> H2,-0.206223852854206,H1,88.0739975710247,AX,17.9879568970896,L1,0.26376723280827,L2,0.1340024016...
set_resource () {'name': 'CO2PumpTimeFlag', 'value': 30}
Set CO2PumpTimeFlag 30 ===>> OK
release ('JanCO2Flag',) {}
release JanCO2Flag
Set JanCO2Flag 0 ===>> OK
executed 6.0
PumpMicrobone.py completed successfully
gosub finished
get_resource_value () {'name': 'JanMiniboneFlag'}
Read JanMiniboneFlag ===>> 0
Get Resource Value JanMiniboneFlag=0.0
get resource value 0.0
get_resource_value () {'name': 'JanMiniboneFlag'}
Read JanMiniboneFlag ===>> 0
Get Resource Value JanMiniboneFlag=0.0
executed 4.0
jan_pump_extraction_line.py completed successfully
Post Equilibration Finished
16:13:35 -- ******* Post Equilibration Finished *******
GetData ===>> H2,-0.28756993809752,H1,88.1755920434227,AX,17.9453904584602,L1,0.294892662520439,L2,0.1007235782...
Get Checksum: -860229079
GetData ===>> H2,-0.201105882871714,H1,88.1940858483481,AX,17.8677275115443,L1,0.266155229386672,L2,0.120377092...
GetData ===>> H2,-0.1432337525029,H1,88.0666466481496,AX,18.0839274232898,L1,0.250488099906431,L2,0.15083433161...
Get Checksum: -860229079
GetData ===>> H2,-0.1992195891852,H1,88.1697311910628,AX,17.8859476252432,L1,0.183162537914694,L2,-0.0378782557...
GetData ===>> H2,-0.313715776334872,H1,88.0192525027968,AX,17.9712780481858,L1,0.222792035690017,L2,0.117367243...
GetData ===>> H2,-0.149573389588138,H1,87.9161445564598,AX,17.8274492303497,L1,0.244605708677713,L2,0.153970689...
Get Checksum: -860229079
GetData ===>> H2,-0.15167186201729,H1,88.0515509516966,AX,17.9456438551229,L1,0.205048319366953,L2,0.1330559786...
GetData ===>> H2,-0.207274926885899,H1,87.8109257354488,AX,17.7743518497358,L1,0.232186689805409,L2,0.152932828...
GetData ===>> H2,-0.120925752520395,H1,87.7352793952454,AX,17.8313472778722,L1,0.237459206694462,L2,0.129201966...
Get Checksum: -860229079
GetData ===>> H2,-0.150679389682107,H1,87.9524938849836,AX,17.9166465276302,L1,0.194410525527759,L2,0.027495060...
GetData ===>> H2,-0.144772720181481,H1,87.8730592170897,AX,17.8621063696786,L1,0.202503354060811,L2,0.102365016...
GetData ===>> H2,-0.130007688114467,H1,87.9600842739519,AX,17.7917993982964,L1,0.207822175819779,L2,0.125405118...
Get Checksum: -860229079
GetData ===>> H2,-0.133334240766291,H1,87.8620410522963,AX,17.8130872622643,L1,0.203868235835976,L2,0.153332004...
GetData ===>> H2,-0.20605405480761,H1,87.798073655269,AX,17.8505231974074,L1,0.232713454581235,L2,0.11318325562...
GetData ===>> H2,-0.230863931519033,H1,87.8395954363787,AX,17.823753810852,L1,0.216013645592695,L2,0.1510966412...
Get Checksum: -860229079
GetData ===>> H2,-0.171329726006452,H1,87.7584615151741,AX,17.7942812853115,L1,0.200642293890372,L2,0.133580501...
GetData ===>> H2,-0.0924918167522663,H1,87.8198468738958,AX,17.7555147534807,L1,0.209128780000034,L2,0.03844056...
GetData ===>> H2,-0.221067965853848,H1,87.7332719409385,AX,17.7518945652692,L1,0.16146925110948,L2,0.0116490980...
Get Checksum: -860229079
GetData ===>> H2,-0.222831193028906,H1,87.5234365718725,AX,17.9614063147467,L1,0.19879854339886,L2,0.0632208037...
16:13:56 -- collecting point 25
GetData ===>> H2,-0.172048818496806,H1,87.6999214114246,AX,17.8433334042559,L1,0.205262784564875,L2,0.114551297...
GetData ===>> H2,-0.268939476065408,H1,87.644920213284,AX,17.92702080948,L1,0.198253119158332,L2,0.216673774072...
GetData ===>> H2,-0.227983250635831,H1,87.5449367098791,AX,17.8644104954757,L1,0.200260424627799,L2,0.191295526...
GetData ===>> H2,-0.129265667686491,H1,87.4532662984306,AX,17.831043528772,L1,0.223285573090206,L2,0.0699957176...
Get Checksum: -860229079
GetData ===>> H2,-0.23055570683318,H1,87.4437563529669,AX,17.7377441042536,L1,0.225251471741505,L2,-0.023886471...
GetData ===>> H2,-0.149929914222577,H1,87.4685520688837,AX,17.767097653049,L1,0.227375456869249,L2,0.0447690094...
GetData ===>> H2,-0.0891058477734004,H1,87.55620241904,AX,17.6779229208395,L1,0.241710285603654,L2,0.1804456399...
Get Checksum: -860229079
GetData ===>> H2,-0.128516840145564,H1,87.5296599656069,AX,17.9225238963277,L1,0.224994343125685,L2,0.092744765...
GetData ===>> H2,-0.114084829294922,H1,87.3973694042671,AX,17.8004735929515,L1,0.22388706624567,L2,0.0815185615...
Get Checksum: -860229079
GetData ===>> H2,-0.17591686243434,H1,87.4064883346711,AX,17.7798592932142,L1,0.178390540757606,L2,0.0930411090...
GetData ===>> H2,-0.109633851847694,H1,87.4194478095213,AX,17.7644138524212,L1,0.210213704101856,L2,0.065433433...
GetData ===>> H2,-0.111438549000632,H1,87.3678054207151,AX,17.6895353115097,L1,0.259844496548585,L2,0.039466772...
Get Checksum: -860229079
GetData ===>> H2,-0.225870733293038,H1,87.4847478468922,AX,17.7406803597566,L1,0.220708889001465,L2,0.054085694...
GetData ===>> H2,-0.197160352041519,H1,87.3395153812726,AX,17.7076142073764,L1,0.222752020192534,L2,0.101111137...
GetData ===>> H2,-0.245624511688403,H1,87.3992891310343,AX,17.7302899236669,L1,0.241025134728936,L2,0.205490084...
Get Checksum: -860229079
GetData ===>> H2,-0.147055790535823,H1,87.3676854633093,AX,17.7689206506382,L1,0.220824174151692,L2,0.106537132...
GetData ===>> H2,-0.144361988922731,H1,87.2941190187286,AX,17.6901804815625,L1,0.241197632915346,L2,0.134287470...
GetData ===>> H2,-0.300659605462792,H1,87.4154364186967,AX,17.617675951448,L1,0.196615810111484,L2,0.1103902317...
Get Checksum: -860229079
GetData ===>> H2,-0.288387816517469,H1,87.3668800376049,AX,17.6953293320625,L1,0.237280700182871,L2,0.104827226...
GetData ===>> H2,-0.20044794052235,H1,87.2368393248691,AX,17.8500041995694,L1,0.270959651326896,L2,0.0877412487...
GetData ===>> H2,-0.130350974410179,H1,87.2893061317866,AX,17.7759217585512,L1,0.24792901260276,L2,0.1063661406...
Get Checksum: -860229079
GetData ===>> H2,-0.0727156372758588,H1,87.1967547838324,AX,17.6949371503904,L1,0.243481591706222,L2,0.14094692...
GetData ===>> H2,-0.167771367768783,H1,87.172212804177,AX,17.6164612879799,L1,0.188330295650305,L2,0.0557278969...
GetData ===>> H2,-0.252731714476719,H1,87.0768762547588,AX,17.6756840765135,L1,0.207105917647883,L2,0.098968182...
Get Checksum: -860229079
GetData ===>> H2,-0.2083420713457,H1,87.1218746179389,AX,17.6272419120026,L1,0.221237997918008,L2,0.03670744506...
16:14:22 -- collecting point 50
GetData ===>> H2,-0.22377398238756,H1,87.0893011722302,AX,17.6250274926025,L1,0.223986510069186,L2,0.1570501217...
GetData ===>> H2,-0.273997048783411,H1,87.1662363621857,AX,17.726139095727,L1,0.227487066282157,L2,0.1383241392...
Get Checksum: -860229079
GetData ===>> H2,-0.142902691775824,H1,86.9824966940224,AX,17.6991879709065,L1,0.181997034874821,L2,0.092516808...
GetData ===>> H2,-0.212305254146167,H1,87.0846630952278,AX,17.702085205019,L1,0.168436336449711,L2,0.0298892829...
GetData ===>> H2,-0.314437320252346,H1,87.0768078008902,AX,17.5535581933765,L1,0.194011928971202,L2,0.120992755...
Get Checksum: -860229079
GetData ===>> H2,-0.264237285412477,H1,86.9864671005174,AX,17.6062510726969,L1,0.197004813772765,L2,0.116877012...
GetData ===>> H2,-0.152586201758307,H1,86.8086853500422,AX,17.6962908158386,L1,0.168279083854919,L2,0.138609221...
Get Checksum: -860229079
GetData ===>> H2,-0.150294530093968,H1,86.9245960001671,AX,17.7059693939855,L1,0.213324865317719,L2,0.031109219...
GetData ===>> H2,-0.240081178158608,H1,86.8309567893251,AX,17.7365544376317,L1,0.194543798378972,L2,-0.01511207...
GetData ===>> H2,-0.181876546550953,H1,86.876534263298,AX,17.6541328711686,L1,0.169240782045664,L2,-0.036841475...
Get Checksum: -860229079
GetData ===>> H2,-0.101723245938912,H1,86.8731825146746,AX,17.5190677612811,L1,0.199615522428011,L2,0.115702747...
GetData ===>> H2,-0.0593316178418713,H1,86.9644087745316,AX,17.6621381779668,L1,0.190887909390362,L2,0.11612456...
GetData ===>> H2,-0.070596323423717,H1,86.9294372734906,AX,17.6071999360674,L1,0.208430610694418,L2,0.118085494...
Get Checksum: -860229079
GetData ===>> H2,-0.167312491646019,H1,86.8781246611976,AX,17.6355826083029,L1,0.19340255471665,L2,0.0715583501...
GetData ===>> H2,-0.190746831560331,H1,86.8698137441584,AX,17.5025218966222,L1,0.226413482963544,L2,0.078806234...
GetData ===>> H2,-0.105587196123535,H1,86.8790823286479,AX,17.4396152439002,L1,0.249537020934774,L2,0.224583028...
Get Checksum: -860229079
GetData ===>> H2,-0.160270461607174,H1,86.7037721412148,AX,17.5493221442164,L1,0.240734809867129,L2,0.131767489...
GetData ===>> H2,-0.204636276378631,H1,86.7585786970198,AX,17.5177404576935,L1,0.242092969704698,L2,0.107848080...
GetData ===>> H2,-0.213843273836266,H1,86.7478755847397,AX,17.6089711703875,L1,0.201472757494752,L2,0.236316864...
Get Checksum: -860229079
GetData ===>> H2,-0.203823534272972,H1,86.5942247861766,AX,17.5025218966222,L1,0.20948879226859,L2,0.0878324266...
GetData ===>> H2,-0.222666870263575,H1,86.6477778684375,AX,17.479938238936,L1,0.229603023934537,L2,0.0135299562...
GetData ===>> H2,-0.187765670004388,H1,86.6640203866097,AX,17.6840072503801,L1,0.217662193657799,L2,0.005664795...
Get Checksum: -860229079
GetData ===>> H2,-0.153895650073912,H1,86.5554869066818,AX,17.5888693967462,L1,0.202874842487863,L2,0.161315870...
GetData ===>> H2,-0.153851058346558,H1,86.6361698693766,AX,17.5120016409065,L1,0.177021183424446,L2,0.116717402...
GetData ===>> H2,-0.173315551443226,H1,86.5420925630977,AX,17.5487025571716,L1,0.189690158824803,L2,0.096916461...
Get Checksum: -860229079
16:14:48 -- collecting point 75
GetData ===>> H2,-0.175549677877307,H1,86.5299977259633,AX,17.468262844159,L1,0.186982721160943,L2,0.1678403232...
GetData ===>> H2,-0.121186805789293,H1,86.5973010257318,AX,17.5407999785365,L1,0.196114126427267,L2,0.056115643...
GetData ===>> H2,-0.0419496118664168,H1,86.4581138890255,AX,17.5761954713625,L1,0.202086252989168,L2,0.11248784...
Get Checksum: -860229079
GetData ===>> H2,-0.121393750488121,H1,86.3490835952259,AX,17.4032739285737,L1,0.20436496889248,L2,0.1310947461...
GetData ===>> H2,-0.179698710476023,H1,86.4529884271366,AX,17.5163626077251,L1,0.260592260577264,L2,0.093747779...
Get Checksum: -860229079
GetData ===>> H2,-0.155956137052255,H1,86.4208901194814,AX,17.4317518235993,L1,0.268908499163255,L2,0.126499690...
GetData ===>> H2,-0.218636173853814,H1,86.3749332138477,AX,17.4864082751021,L1,0.222322999912981,L2,0.022558590...
GetData ===>> H2,-0.152967295200283,H1,86.3212586370855,AX,17.4692231095146,L1,0.207099858149179,L2,0.149910551...
Get Checksum: -860229079
GetData ===>> H2,-0.235710970885663,H1,86.3583540911782,AX,17.422877731186,L1,0.201580662123121,L2,0.0796609513...
GetData ===>> H2,-0.226494162216543,H1,86.2251896842834,AX,17.4623245541432,L1,0.247706777624689,L2,0.046889986...
GetData ===>> H2,-0.120556480391269,H1,86.3063924236883,AX,17.3936060760109,L1,0.255407675264805,L2,0.117355843...
Get Checksum: -860229079
GetData ===>> H2,-0.117554515113535,H1,86.2521950418573,AX,17.4872676064661,L1,0.205913477833788,L2,0.084196774...
GetData ===>> H2,-0.192630046309355,H1,86.2459468262065,AX,17.4253174005321,L1,0.179603865658949,L2,0.167863136...
GetData ===>> H2,-0.180470581344237,H1,86.2032067815779,AX,17.443521886508,L1,0.17956511451995,L2,0.08522249330...
Get Checksum: -860229079
GetData ===>> H2,-0.0713000933012164,H1,86.3278473719727,AX,17.4072677040156,L1,0.189586013270982,L2,0.18196295...
GetData ===>> H2,-0.187193887595736,H1,86.4548335723018,AX,17.3063572618635,L1,0.226698547723682,L2,0.093702187...
GetData ===>> H2,-0.177685121334304,H1,86.2529120676455,AX,17.3905352955344,L1,0.243520436012923,L2,0.117595259...
Get Checksum: -860229079
GetData ===>> H2,-0.0794208067350672,H1,86.1072076814966,AX,17.497264163652,L1,0.201859522082617,L2,0.216844963...
GetData ===>> H2,-0.151380205692347,H1,86.0851974424347,AX,17.4693494608664,L1,0.194033736281462,L2,-0.00295194...
GetData ===>> H2,-0.23140364095479,H1,86.0012186670979,AX,17.3079861243274,L1,0.195532495168647,L2,0.1897780657...
Get Checksum: -860229079
GetData ===>> H2,-0.133577675243206,H1,86.2245410720719,AX,17.2631975957824,L1,0.27030547503913,L2,0.4125493368...
GetData ===>> H2,-0.129434620137266,H1,86.067606095488,AX,17.4291223854717,L1,0.265824643858129,L2,0.1326112770...
GetData ===>> H2,-0.157303020185159,H1,86.1566749214253,AX,17.4009485083643,L1,0.227484639977569,L2,0.194159371...
Get Checksum: -860229079
GetData ===>> H2,-0.168245070386461,H1,86.0262894365623,AX,17.3483873967516,L1,0.212644596445644,L2,0.037038104...
GetData ===>> H2,-0.125600807985317,H1,86.1157352966231,AX,17.2095351581351,L1,0.237691148398198,L2,0.018443160...
16:15:14 -- collecting point 100
GetData ===>> H2,-0.164414394584804,H1,86.1510279688529,AX,17.2832023432081,L1,0.252018758093749,L2,0.184906380...
Get Checksum: -860229079
GetData ===>> H2,-0.151087191551287,H1,85.9860077969481,AX,17.3301613465701,L1,0.210925331668003,L2,0.102148436...
GetData ===>> H2,-0.0758782806144779,H1,86.0797201763549,AX,17.4253553232965,L1,0.208188202001512,L2,0.19135257...
Get Checksum: -860229079
GetData ===>> H2,-0.157336791526804,H1,86.068732149924,AX,17.3504969201959,L1,0.21958280377136,L2,0.04569265491...
GetData ===>> H2,-0.232434535445694,H1,85.9902025615549,AX,17.3315506094375,L1,0.193228108374272,L2,0.088630237...
GetData ===>> H2,-0.172445446602375,H1,86.0054138776257,AX,17.3319042428926,L1,0.198855511617887,L2,0.086031679...
Get Checksum: -860229079
GetData ===>> H2,-0.145530642431269,H1,86.2104259496999,AX,17.3561562084034,L1,0.124282430343727,L2,0.134914625...
GetData ===>> H2,-0.1723240313104,H1,85.8305878727083,AX,17.3010162838111,L1,0.145273145395517,L2,0.04407343040...
GetData ===>> H2,-0.236842364984964,H1,85.7587123279184,AX,17.3372594079785,L1,0.201638858352942,L2,0.095058552...
Get Checksum: -860229079
GetData ===>> H2,-0.2336644875124,H1,85.7189560336465,AX,17.2312544995886,L1,0.21747900846492,L2,0.096357945208...
GetData ===>> H2,-0.180659492772487,H1,85.7765159659796,AX,17.2807533183091,L1,0.157354906396709,L2,-0.01608071...
GetData ===>> H2,-0.185254467051402,H1,85.7013183896332,AX,17.3176461719426,L1,0.173498751516988,L2,0.006918618...
Get Checksum: -860229079
GetData ===>> H2,-0.0627254601432486,H1,85.7215277644993,AX,17.2424568537252,L1,0.222602872905595,L2,0.07599545...
GetData ===>> H2,-0.0424353716346323,H1,85.7065669403009,AX,17.1466373309387,L1,0.214743754209862,L2,0.10841806...
GetData ===>> H2,-0.0637869297747317,H1,85.7528861641815,AX,17.3170779094769,L1,0.207361631782783,L2,0.22291666...
Get Checksum: -860229079
GetData ===>> H2,-0.11548555160739,H1,85.795923604769,AX,17.2731162587192,L1,0.203065033461258,L2,0.10499821616...
GetData ===>> H2,-0.187087349473665,H1,85.6772082059537,AX,17.3474652829218,L1,0.210675589579764,L2,0.092870141...
GetData ===>> H2,-0.241427224270823,H1,85.6876014967141,AX,17.3377898871708,L1,0.176360180424307,L2,0.177456717...
Get Checksum: -860229079
GetData ===>> H2,-0.194003503525977,H1,85.6069966229635,AX,17.2582836181918,L1,0.184008519341923,L2,0.133432266...
GetData ===>> H2,-0.106823923884138,H1,85.4936133865004,AX,17.3306160124134,L1,0.217789576033169,L2,0.142691686...
GetData ===>> H2,-0.151937856845793,H1,85.7013354300703,AX,17.3074557942654,L1,0.22309761376591,L2,0.0694140143...
Get Checksum: -860229079
measurement finished
estimated time: 125.829 actual time: :126.149
flush and close file /Users/jan/PychronDev/data/isotopes/11/75073f-7b0f-4a2f-add8-f9e539cdcbf7.h5
baselines () {'settling_time': 15.0, 'detector': 'H1', 'mass': 34.2, 'ncounts': 60}
%%%%%%%%%%%%%%%%%%%%%%%%%%%%%%%% Baseline
build tables- baseline [Detector(H2), Detector(H1), Detector(AX), Detector(L1), Detector(L2), Detector(CDD)]
add group baseline table H2
add group baseline table H1
add group baseline table AX
add group baseline table L1
add group baseline table L2
add group baseline table CDD
flush and close file /Users/jan/PychronDev/data/isotopes/11/75073f-7b0f-4a2f-add8-f9e539cdcbf7.h5
detector Detector(H1)
POSITION 34.2 H1
Mapping mass to dac mass func: "parabolic"
H1 map mass coeffs = [-0.00063987  0.15840543  0.57044999]
H1 map mass to dac 34.2 >> 5.23949599104
GetDeflection H1 ===>> 0
GetHighVoltage ===>> 4500
positioning 34.2 (5.23949599104) on H1
setting magnet DAC
current  : 5.878840
requested: 5.239496
Delta Dac: 0.639344
Checking detector protection. dv=0.63934
Checking detector "CDD". Protection Threshold: 0.1 (V)
ProtectDetector CDD,On ===>> OK
GetDeflection CDD ===>> 2000
SetMagnetDAC 5.23949599104 ===>> OK
Magnet settling time: 0.500
GetMagnetMoving ===>> True
GetMagnetMoving ===>> True
GetMagnetMoving ===>> True
GetMagnetMoving ===>> True
GetMagnetMoving ===>> True
GetMagnetMoving ===>> True
GetMagnetMoving ===>> True
GetMagnetMoving ===>> True
GetMagnetMoving ===>> False
ProtectDetector CDD,Off ===>> OK
GetDeflection CDD ===>> 50
Delaying 15.0s for detectors to settle
Get Checksum: -860229079
Get Checksum: -860229079
Get Checksum: -860229079
Get Checksum: -860229079
Get Checksum: -860229079
Join finished
measuring baseline. ncounts=60
starting measurement
GetData ===>> H2,-0.139745643678604,H1,-0.0732411404151588,AX,-0.102496502070348,L1,-0.0322312152395853,L2,0.00...
GetData ===>> H2,-0.165893907038235,H1,-0.0713577852811341,AX,-0.0540210358297283,L1,-0.0140632469689974,L2,-0....
Get Checksum: -860229079
GetData ===>> H2,-0.145988613677061,H1,-0.0404800111231783,AX,0.0134118307980329,L1,-0.050954780707204,L2,-0.04...
GetData ===>> H2,-0.191950669248336,H1,-0.000551299231843316,AX,-0.0187446512466911,L1,-0.0515051284689585,L2,0...
Get Checksum: -860229079
GetData ===>> H2,-0.311494525542983,H1,0.0323290947049194,AX,-0.0325227492256857,L1,-0.0450952972673158,L2,-0.1...
GetData ===>> H2,-0.178061684323966,H1,0.0100537146889625,AX,-0.069289587822701,L1,-0.0500203168576139,L2,-0.00...
GetData ===>> H2,-0.104855108925255,H1,0.00154814188835246,AX,-0.0600267202495555,L1,-0.0214287925369854,L2,-0....
Get Checksum: -860229079
GetData ===>> H2,-0.124243252338965,H1,-0.0830983766350045,AX,-0.100677079840326,L1,0.0102078639964873,L2,-0.01...
GetData ===>> H2,-0.173312853547021,H1,-0.0700465677385019,AX,-0.0233375672966859,L1,0.0195341337767603,L2,-0.0...
GetData ===>> H2,-0.270638127516616,H1,-0.0114533706359275,AX,0.140083957703903,L1,0.011428541590612,L2,0.00564...
Get Checksum: -860229079
GetData ===>> H2,-0.278370208188252,H1,-0.0375467231887193,AX,-0.0429362124950593,L1,-0.0103964146763825,L2,-0....
GetData ===>> H2,-0.214485624673753,H1,-0.0843736675708805,AX,-0.187085094892506,L1,-0.0284356345728574,L2,-0.0...
GetData ===>> H2,-0.222891803281814,H1,0.0579990554497869,AX,-0.0435739719184802,L1,-0.0138463189205349,L2,0.08...
Get Checksum: -860229079
GetData ===>> H2,-0.226122532700757,H1,-0.038762974960682,AX,-0.00338696412385661,L1,-0.0352164408803732,L2,-0....
GetData ===>> H2,-0.143435086750064,H1,-0.0446532400950826,AX,-0.126064794857617,L1,-0.0482432795811302,L2,-0.0...
GetData ===>> H2,-0.228454440273796,H1,-0.0254549458036156,AX,-0.0556674186282965,L1,0.0119687116179728,L2,-0.0...
Get Checksum: -860229079
GetData ===>> H2,-0.226165620807237,H1,-0.0296049512147121,AX,0.0177744229787839,L1,-0.0508112067666587,L2,-0.0...
GetData ===>> H2,-0.267895162232126,H1,-0.0372009234176794,AX,-0.160309638111206,L1,-0.0674912383627909,L2,-0.0...
GetData ===>> H2,-0.212452061904945,H1,-0.0553120693501217,AX,-0.0171672361385029,L1,-0.062601048367927,L2,0.04...
Get Checksum: -860229079
GetData ===>> H2,-0.13811812326939,H1,-0.0876869643087417,AX,-0.0482932617577786,L1,-0.0127903758406783,L2,-0.0...
GetData ===>> H2,-0.159188657847062,H1,0.0236426580046302,AX,0.0687768342080407,L1,-0.0213280942760408,L2,0.115...
GetData ===>> H2,-0.200931963307434,H1,-0.0127057207451429,AX,-0.0230476168847965,L1,-0.0292753610363953,L2,-0....
Get Checksum: -860229079
GetData ===>> H2,-0.168512278509885,H1,-0.0576845178124728,AX,-0.152774089541146,L1,-0.00162608248028819,L2,-0....
GetData ===>> H2,-0.115067383037413,H1,0.0147660892675596,AX,4.68079455483901E-05,L1,-0.0367789238935136,L2,-0....
16:16:20 -- collecting point 25
GetData ===>> H2,-0.0932219915767473,H1,-0.00971198158532511,AX,0.000650050683154329,L1,-0.0335435850366142,L2,...
Get Checksum: -860229079
GetData ===>> H2,-0.271312679189459,H1,-0.0927877966045763,AX,-0.145365496512346,L1,-0.0484132186240067,L2,-0.0...
GetData ===>> H2,-0.29685453939525,H1,-0.0905472761261848,AX,-0.0939205835921948,L1,-0.0230733881214465,L2,-0.0...
Get Checksum: -860229079
GetData ===>> H2,-0.246625493756687,H1,-0.0338263318958585,AX,-0.0205772043439917,L1,-0.00279598161675982,L2,-0...
GetData ===>> H2,-0.152242936415185,H1,-0.0547278899934554,AX,0.0394626564435024,L1,-0.0178785702405035,L2,-0.0...
GetData ===>> H2,-0.12105560360139,H1,-0.109161141191838,AX,-0.0639916601122643,L1,-0.0237853235111682,L2,-0.10...
Get Checksum: -860229079
GetData ===>> H2,-0.174043016602836,H1,-0.00577585360941306,AX,0.00605620054961718,L1,-0.0395043002378449,L2,0....
GetData ===>> H2,-0.25569486531347,H1,-0.0577798914490611,AX,-0.0258774959794067,L1,-0.0384980934870146,L2,-0.1...
GetData ===>> H2,-0.256938242697602,H1,-0.0697485613553315,AX,-0.0573717433097955,L1,0.00805733468479579,L2,-0....
Get Checksum: -860229079
GetData ===>> H2,-0.245750984751113,H1,-0.0212093599074368,AX,-0.101986603730552,L1,-0.000182419589367759,L2,-0...
GetData ===>> H2,-0.193693513028463,H1,-0.0554670551376589,AX,-0.144124878827656,L1,0.000315650124055848,L2,-0....
GetData ===>> H2,-0.227677639994078,H1,-0.141045544045526,AX,-0.0418346181923107,L1,0.0140444343127976,L2,0.055...
Get Checksum: -860229079
GetData ===>> H2,-0.200505916488044,H1,-0.0553001473565072,AX,-0.103690117279433,L1,-0.0289339685796032,L2,-0.0...
GetData ===>> H2,-0.195574200742391,H1,-0.138935126588024,AX,0.0472734604104579,L1,-0.0410840811550662,L2,-0.09...
GetData ===>> H2,-0.270542719541077,H1,-0.0584951908259466,AX,-0.0349232788906043,L1,-0.033259811558785,L2,0.05...
Get Checksum: -860229079
GetData ===>> H2,-0.265199928824717,H1,-0.0752913348204707,AX,-0.0771374101187156,L1,0.0111572671224831,L2,-0.0...
GetData ===>> H2,-0.207390808556898,H1,-0.0895819300292587,AX,-0.104385420360062,L1,-0.0292454147934105,L2,0.03...
GetData ===>> H2,-0.189526686225218,H1,-0.0353049655082092,AX,-0.0476207479502319,L1,-0.0381674607097826,L2,-0....
Get Checksum: -860229079
GetData ===>> H2,-0.237977681043772,H1,0.00272909686882556,AX,-0.0538703092521828,L1,-0.0267379990186034,L2,-0....
GetData ===>> H2,-0.205868082593508,H1,-0.051222742238388,AX,-0.181556740852898,L1,-0.00802107126193709,L2,-0.0...
GetData ===>> H2,-0.194425346518473,H1,-0.0573626311179741,AX,-0.087244750837765,L1,-0.0141998732845178,L2,0.00...
Get Checksum: -860229079
GetData ===>> H2,-0.209852339810474,H1,-0.088568902504904,AX,0.0196076982454741,L1,-0.0503924377182627,L2,-0.02...
GetData ===>> H2,-0.24832184806791,H1,-0.0094615053255918,AX,0.0413659744071077,L1,-0.022765346585825,L2,-0.093...
GetData ===>> H2,-0.194609982113631,H1,-0.0321926548423111,AX,-0.142733513067243,L1,0.000690118757523961,L2,-0....
Get Checksum: -860229079
GetData ===>> H2,-0.260614536190514,H1,0.0218529638644106,AX,-0.0811943817280037,L1,0.0154144774334623,L2,0.017...
16:16:46 -- collecting point 50
GetData ===>> H2,-0.281301263162254,H1,-0.00557307918811463,AX,-0.00423378793969239,L1,0.0263862388607321,L2,0....
Get Checksum: -860229079
GetData ===>> H2,-0.108075398607902,H1,0.0235472068427669,AX,-0.0763028121235115,L1,0.00632836363485575,L2,-0.0...
GetData ===>> H2,-0.171524006902294,H1,-0.043842454943843,AX,-0.0774387909688044,L1,-0.00289196730694607,L2,0.0...
GetData ===>> H2,-0.190076779079644,H1,0.00686851372202493,AX,-0.0622758580123641,L1,-0.00555520524813112,L2,-0...
Get Checksum: -860229079
GetData ===>> H2,-0.267697578467213,H1,-0.0336355388707908,AX,0.0610529033293258,L1,-0.0192971308510019,L2,0.01...
GetData ===>> H2,-0.213024459273056,H1,-0.0102964237539414,AX,-0.0841500688149507,L1,-0.0263773493383908,L2,0.0...
GetData ===>> H2,-0.239457904465439,H1,-0.0105707525746233,AX,-0.102589210572268,L1,-0.046489867397661,L2,-0.07...
Get Checksum: -860229079
GetData ===>> H2,-0.223469604706104,H1,-0.0684969248543997,AX,-0.125415990072522,L1,-0.0629682840262609,L2,0.02...
GetData ===>> H2,-0.266680034474606,H1,0.104948083723344,AX,0.00230898748811197,L1,-0.0439711208757801,L2,-0.03...
GetData ===>> H2,-0.240305979019369,H1,-0.0502331714999247,AX,-0.0979304990299961,L1,-0.00691294550543663,L2,-0...
Get Checksum: -860229079
GetData ===>> H2,-0.254882899548208,H1,-0.0549544089243124,AX,-0.133386720304386,L1,0.0191040734431627,L2,-0.01...
measurement finished
estimated time: 62.915 actual time: :63.098
flush and close file /Users/jan/PychronDev/data/isotopes/11/75073f-7b0f-4a2f-add8-f9e539cdcbf7.h5
activate_detectors ('H1', 'AX', 'CDD') {'peak_center': True}
peak_center () {'detector': 'H1', 'integration_time': 0.262144, 'isotope': 'Ar40'}
peak center: mean=85.6844978006 threshold=3
peak center started
setup peak center. detector=['H1', 'AX', 'CDD'], isotope=Ar40
VersionedUnpickler [<apptools.sweet_pickle.versioned_unpickler.VersionedUnpickler object at 0x134b575f0>] using Updater [<apptools.sweet_pickle.updater.Updater object at 0x1339c17d0>]
VersionedUnpickler [<apptools.sweet_pickle.versioned_unpickler.VersionedUnpickler object at 0x134b575f0>] using Updater [<apptools.sweet_pickle.updater.Updater object at 0x1339c17d0>]
VersionedUnpickler [<apptools.sweet_pickle.versioned_unpickler.VersionedUnpickler object at 0x138279050>] using Updater [<apptools.sweet_pickle.updater.Updater object at 0x1339c17d0>]
setting integration time = 0.524288
SetIntegrationTime 0.524288 ===>> OK
Mapping mass to dac mass func: "parabolic"
H1 map mass coeffs = [-0.00063987  0.15840543  0.57044999]
H1 map mass to dac 39.9624 >> 5.87884
GetDeflection H1 ===>> 0
GetHighVoltage ===>> 4500
do peak center. <pychron.spectrometer.jobs.peak_center.PeakCenter object at 0x1339c1830>
doing pc
starting peak center. center dac= 5.87884 step_width=0.001
width = 0.001
get scan parameters. half-width=0.015,window=0.015, i=0, scalar=1
Scan parameters center=5.87884 width=0.03000 (5.86384 - 5.89384)
GetData ===>> H2,-0.228615986483451,H1,-0.0299388522164932,AX,-0.0853439091220947,L1,-0.0182251347866452,L2,-0....
Moving to starting dac 5.86384
setting magnet DAC
current  : 5.239496
requested: 5.863840
Delta Dac: 0.624344
Checking detector protection. dv=0.62434
Checking detector "CDD". Protection Threshold: 0.1 (V)
ProtectDetector CDD,On ===>> OK
GetDeflection CDD ===>> 2000
SetMagnetDAC 5.86384 ===>> OK
Magnet settling time: 0.500
GetMagnetMoving ===>> True
GetMagnetMoving ===>> True
GetMagnetMoving ===>> True
GetMagnetMoving ===>> True
Get Checksum: -860229079
GetMagnetMoving ===>> True
GetMagnetMoving ===>> True
GetMagnetMoving ===>> True
GetMagnetMoving ===>> True
GetMagnetMoving ===>> False
ProtectDetector CDD,Off ===>> OK
GetDeflection CDD ===>> 50
Wait until signal near baseline. tol= -0.0224541391624. timeout= 10
GetData ===>> H2,0.589317926781419,H1,0.370443695376977,AX,-0.0262718168627748,L1,0.0374170083016262,L2,-0.0535...
GetData ===>> H2,5.71907407418432,H1,2.9154450980357,AX,0.0876828939527216,L1,0.0210530209287047,L2,-0.13067508...
GetData ===>> H2,4.73113583163551,H1,2.27676557666199,AX,0.154111658007711,L1,-0.0216575741108859,L2,-0.1271887...
GetData ===>> H2,2.11085876886242,H1,1.03377168613676,AX,-0.119124676402278,L1,-0.0322553647102828,L2,-0.163891...
Get Checksum: -860229079
GetData ===>> H2,0.666180200490324,H1,0.607947155502564,AX,-0.108649837219224,L1,-0.0510804062217913,L2,-0.1255...
GetData ===>> H2,0.0978259730559474,H1,0.238268180972701,AX,-0.0531514562090556,L1,-0.0267651547040899,L2,0.088...
GetData ===>> H2,-0.137001110261136,H1,0.0831712755475557,AX,0.073174296583139,L1,-0.0361283182220959,L2,0.0346...
GetData ===>> H2,-0.248012460656793,H1,0.109842386905013,AX,-0.094488471835389,L1,-0.0524873046520947,L2,0.0623...
GetData ===>> H2,-0.209813272070442,H1,0.144794915584279,AX,-0.0823882583013852,L1,-0.0345513533350381,L2,-0.08...
GetData ===>> H2,-0.210562271436243,H1,0.0906785108521159,AX,-0.0339259645769729,L1,-0.0283617890307009,L2,-0.0...
Get Checksum: -860229079
GetData ===>> H2,-0.235670812352234,H1,0.0640624709438377,AX,-0.0564210352639997,L1,-0.0375996094735162,L2,-0.0...
GetData ===>> H2,-0.297344332598721,H1,-0.0123001995680159,AX,-0.0124464367194688,L1,-0.0450342429936165,L2,0.0...
GetData ===>> H2,-0.233538889106408,H1,0.0543468603157794,AX,-0.064188743551478,L1,-0.0417176005535242,L2,0.041...
GetData ===>> H2,-0.111378983678431,H1,-0.00139822040126063,AX,-0.117409846310988,L1,-0.0524418467292491,L2,0.0...
GetData ===>> H2,-0.139945272716771,H1,-0.00953307003517241,AX,-0.121210239829303,L1,-0.0587680894889734,L2,-0....
GetData ===>> H2,-0.216471698787341,H1,0.0464938984416687,AX,-0.208416269286715,L1,-0.0466837751253936,L2,0.031...
Get Checksum: -860229079
GetData ===>> H2,-0.202069807171034,H1,0.0230341584072093,AX,-0.066971055392019,L1,-0.0316763296583966,L2,-0.04...
GetData ===>> H2,-0.132321290936149,H1,0.0756407731791199,AX,-0.203160643657597,L1,-0.0505611439205329,L2,0.051...
GetData ===>> H2,-0.124659730897854,H1,0.00881302510873385,AX,-0.0455452018945346,L1,-0.0259990632399247,L2,0.0...
GetData ===>> H2,-0.152924051198758,H1,-0.0284959148927787,AX,-0.00555621039588555,L1,-0.0298385099506779,L2,0....
Peak center baseline intensity achieved
_do_sweep sm= 5.86384, em= 5.89384, stm= 0.001
calculated step values: start=5.86384, end=5.89384, width=0.001, nsteps=31.0
setting magnet DAC
current  : 5.863840
requested: 5.863840
Delta Dac: 0.000000
Checking detector protection. dv=0.00000
Checking detector "CDD". Protection Threshold: 0.1 (V)
SetMagnetDAC 5.86384 ===>> OK
GetData ===>> H2,-0.152924051198758,H1,-0.0284959148927787,AX,-0.00555621039588555,L1,-0.0298385099506779,L2,0....
setting magnet DAC
current  : 5.863840
requested: 5.864874
Delta Dac: 0.001034
Checking detector protection. dv=0.00103
Checking detector "CDD". Protection Threshold: 0.1 (V)
SetMagnetDAC 5.86487448276 ===>> OK
Magnet settling time: 1.049
GetData ===>> H2,-0.141876120289547,H1,0.03775850039085,AX,-0.0969917764171369,L1,0.0058756452187885,L2,0.00833...
setting magnet DAC
current  : 5.864874
requested: 5.865909
Delta Dac: 0.001034
Checking detector protection. dv=0.00103
Checking detector "CDD". Protection Threshold: 0.1 (V)
SetMagnetDAC 5.86590896552 ===>> OK
Magnet settling time: 1.049
Get Checksum: -860229079
GetData ===>> H2,-0.205965111956302,H1,0.221991169620473,AX,-0.0438754567364671,L1,-0.00700289532675878,L2,-0.0...
setting magnet DAC
current  : 5.865909
requested: 5.866943
Delta Dac: 0.001034
Checking detector protection. dv=0.00103
Checking detector "CDD". Protection Threshold: 0.1 (V)
SetMagnetDAC 5.86694344828 ===>> OK
Magnet settling time: 1.049
GetData ===>> H2,-0.178031840251006,H1,1.34379595024126,AX,0.101312746733403,L1,-0.0122377893886095,L2,-0.06499...
setting magnet DAC
current  : 5.866943
requested: 5.867978
Delta Dac: 0.001034
Checking detector protection. dv=0.00103
Checking detector "CDD". Protection Threshold: 0.1 (V)
SetMagnetDAC 5.86797793103 ===>> OK
Magnet settling time: 1.049
Get Checksum: -860229079
GetData ===>> H2,-0.206218462479214,H1,5.05655760666668,AX,0.539712652819754,L1,-0.00275638725298202,L2,0.00587...
setting magnet DAC
current  : 5.867978
requested: 5.869012
Delta Dac: 0.001034
Checking detector protection. dv=0.00103
Checking detector "CDD". Protection Threshold: 0.1 (V)
SetMagnetDAC 5.86901241379 ===>> OK
Magnet settling time: 1.049
GetData ===>> H2,-0.160473035101839,H1,14.9172041914958,AX,2.04153422845447,L1,-0.0348413608821499,L2,0.0295874...
setting magnet DAC
current  : 5.869012
requested: 5.870047
Delta Dac: 0.001034
Checking detector protection. dv=0.00103
Checking detector "CDD". Protection Threshold: 0.1 (V)
SetMagnetDAC 5.87004689655 ===>> OK
Magnet settling time: 1.049
GetData ===>> H2,-0.177171537116141,H1,32.2759354059897,AX,4.90975895720583,L1,-0.0170721918573582,L2,-0.031149...
setting magnet DAC
current  : 5.870047
requested: 5.871081
Delta Dac: 0.001034
Checking detector protection. dv=0.00103
Checking detector "CDD". Protection Threshold: 0.1 (V)
SetMagnetDAC 5.87108137931 ===>> OK
Magnet settling time: 1.049
Get Checksum: -860229079
GetData ===>> H2,-0.216950997292011,H1,53.7412003154247,AX,9.06224357555655,L1,0.0477894689071853,L2,-0.0179894...
setting magnet DAC
current  : 5.871081
requested: 5.872116
Delta Dac: 0.001034
Checking detector protection. dv=0.00103
Checking detector "CDD". Protection Threshold: 0.1 (V)
SetMagnetDAC 5.87211586207 ===>> OK
Magnet settling time: 1.049
GetData ===>> H2,-0.295629292169594,H1,70.257232221651,AX,12.7676614056057,L1,0.101479133170754,L2,-0.029805960...
setting magnet DAC
current  : 5.872116
requested: 5.873150
Delta Dac: 0.001034
Checking detector protection. dv=0.00103
Checking detector "CDD". Protection Threshold: 0.1 (V)
SetMagnetDAC 5.87315034483 ===>> OK
Magnet settling time: 1.049
GetData ===>> H2,-0.229047898420368,H1,78.7172760936912,AX,15.0362983587171,L1,0.127520533685439,L2,0.002436803...
setting magnet DAC
current  : 5.873150
requested: 5.874185
Delta Dac: 0.001034
Checking detector protection. dv=0.00103
Checking detector "CDD". Protection Threshold: 0.1 (V)
SetMagnetDAC 5.87418482759 ===>> OK
Magnet settling time: 1.049
GetData ===>> H2,-0.238721508711338,H1,81.7221471038333,AX,16.1439765660326,L1,0.139575114581978,L2,0.118267908...
setting magnet DAC
current  : 5.874185
requested: 5.875219
Delta Dac: 0.001034
Checking detector protection. dv=0.00103
Checking detector "CDD". Protection Threshold: 0.1 (V)
SetMagnetDAC 5.87521931034 ===>> OK
Magnet settling time: 1.049
GetData ===>> H2,-0.15275647913477,H1,82.7173516486096,AX,16.5063232840153,L1,0.146099492776204,L2,0.0777122088...
setting magnet DAC
current  : 5.875219
requested: 5.876254
Delta Dac: 0.001034
Checking detector protection. dv=0.00103
Checking detector "CDD". Protection Threshold: 0.1 (V)
SetMagnetDAC 5.8762537931 ===>> OK
Magnet settling time: 1.049
Get Checksum: -860229079
GetData ===>> H2,-0.203374681511829,H1,83.0642825017945,AX,16.6099460119724,L1,0.169461159230479,L2,-0.00052379...
setting magnet DAC
current  : 5.876254
requested: 5.877288
Delta Dac: 0.001034
Checking detector protection. dv=0.00103
Checking detector "CDD". Protection Threshold: 0.1 (V)
SetMagnetDAC 5.87728827586 ===>> OK
Magnet settling time: 1.049
GetData ===>> H2,-0.198941809580624,H1,82.8439575229029,AX,16.538974357846,L1,0.18121547488339,L2,0.03858621155...
setting magnet DAC
current  : 5.877288
requested: 5.878323
Delta Dac: 0.001034
Checking detector protection. dv=0.00103
Checking detector "CDD". Protection Threshold: 0.1 (V)
SetMagnetDAC 5.87832275862 ===>> OK
Magnet settling time: 1.049
GetData ===>> H2,-0.266233019548151,H1,82.9857057917766,AX,16.5185222342835,L1,0.169978449894713,L2,0.054307607...
setting magnet DAC
current  : 5.878323
requested: 5.879357
Delta Dac: 0.001034
Checking detector protection. dv=0.00103
Checking detector "CDD". Protection Threshold: 0.1 (V)
SetMagnetDAC 5.87935724138 ===>> OK
Magnet settling time: 1.049
Get Checksum: -860229079
GetData ===>> H2,-0.157409737281355,H1,83.0650924501441,AX,16.3671287290001,L1,0.233533999599746,L2,0.029359638...
setting magnet DAC
current  : 5.879357
requested: 5.880392
Delta Dac: 0.001034
Checking detector protection. dv=0.00103
Checking detector "CDD". Protection Threshold: 0.1 (V)
SetMagnetDAC 5.88039172414 ===>> OK
Magnet settling time: 1.049
GetData ===>> H2,-0.204094454797059,H1,83.0444739570192,AX,16.4112700718517,L1,0.204435385982931,L2,0.113160455...
setting magnet DAC
current  : 5.880392
requested: 5.881426
Delta Dac: 0.001034
Checking detector protection. dv=0.00103
Checking detector "CDD". Protection Threshold: 0.1 (V)
SetMagnetDAC 5.8814262069 ===>> OK
Magnet settling time: 1.049
Get Checksum: -860229079
GetData ===>> H2,-0.222752128549899,H1,82.9581518547538,AX,16.5032046033478,L1,0.212536239750842,L2,0.137628542...
setting magnet DAC
current  : 5.881426
requested: 5.882461
Delta Dac: 0.001034
Checking detector protection. dv=0.00103
Checking detector "CDD". Protection Threshold: 0.1 (V)
SetMagnetDAC 5.88246068966 ===>> OK
Magnet settling time: 1.049
GetData ===>> H2,-0.25897305344648,H1,82.7916353946449,AX,16.4289619386406,L1,0.217574371750252,L2,0.0757749018...
setting magnet DAC
current  : 5.882461
requested: 5.883495
Delta Dac: 0.001034
Checking detector protection. dv=0.00103
Checking detector "CDD". Protection Threshold: 0.1 (V)
SetMagnetDAC 5.88349517241 ===>> OK
Magnet settling time: 1.049
GetData ===>> H2,-0.155180627220723,H1,82.4724210695241,AX,16.5077317506385,L1,0.179388551810947,L2,0.110903230...
setting magnet DAC
current  : 5.883495
requested: 5.884530
Delta Dac: 0.001034
Checking detector protection. dv=0.00103
Checking detector "CDD". Protection Threshold: 0.1 (V)
SetMagnetDAC 5.88452965517 ===>> OK
Magnet settling time: 1.049
Get Checksum: -860229079
GetData ===>> H2,-0.309580904629586,H1,80.8802616201255,AX,15.7689963475983,L1,0.233711226581784,L2,0.034849911...
setting magnet DAC
current  : 5.884530
requested: 5.885564
Delta Dac: 0.001034
Checking detector protection. dv=0.00103
Checking detector "CDD". Protection Threshold: 0.1 (V)
SetMagnetDAC 5.88556413793 ===>> OK
Magnet settling time: 1.049
GetData ===>> H2,-0.246960480031479,H1,76.17054476089,AX,14.3074592284404,L1,0.169132427455358,L2,0.06216927404...
setting magnet DAC
current  : 5.885564
requested: 5.886599
Delta Dac: 0.001034
Checking detector protection. dv=0.00103
Checking detector "CDD". Protection Threshold: 0.1 (V)
SetMagnetDAC 5.88659862069 ===>> OK
Magnet settling time: 1.049
GetData ===>> H2,-0.155639994850938,H1,63.9967636849539,AX,10.7506462010937,L1,0.115773194679991,L2,-0.04371526...
setting magnet DAC
current  : 5.886599
requested: 5.887633
Delta Dac: 0.001034
Checking detector protection. dv=0.00103
Checking detector "CDD". Protection Threshold: 0.1 (V)
SetMagnetDAC 5.88763310345 ===>> OK
Magnet settling time: 1.049
Get Checksum: -860229079
GetData ===>> H2,-0.161145553138151,H1,44.7925714004035,AX,6.45547043017791,L1,0.0933641921685117,L2,0.14353557...
setting magnet DAC
current  : 5.887633
requested: 5.888668
Delta Dac: 0.001034
Checking detector protection. dv=0.00103
Checking detector "CDD". Protection Threshold: 0.1 (V)
SetMagnetDAC 5.88866758621 ===>> OK
Magnet settling time: 1.049
GetData ===>> H2,-0.133683285072082,H1,24.4344416514779,AX,2.88902012299031,L1,0.0770365857577275,L2,-0.0249793...
setting magnet DAC
current  : 5.888668
requested: 5.889702
Delta Dac: 0.001034
Checking detector protection. dv=0.00103
Checking detector "CDD". Protection Threshold: 0.1 (V)
SetMagnetDAC 5.88970206897 ===>> OK
Magnet settling time: 1.049
GetData ===>> H2,-0.110146994467511,H1,10.020370787128,AX,0.983851382963715,L1,0.0669154958648136,L2,-0.1456442...
setting magnet DAC
current  : 5.889702
requested: 5.890737
Delta Dac: 0.001034
Checking detector protection. dv=0.00103
Checking detector "CDD". Protection Threshold: 0.1 (V)
SetMagnetDAC 5.89073655172 ===>> OK
Magnet settling time: 1.049
Get Checksum: -860229079
GetData ===>> H2,-0.168008896343542,H1,3.1792761659198,AX,0.250415220365015,L1,0.0209906046446708,L2,-0.0885936...
setting magnet DAC
current  : 5.890737
requested: 5.891771
Delta Dac: 0.001034
Checking detector protection. dv=0.00103
Checking detector "CDD". Protection Threshold: 0.1 (V)
SetMagnetDAC 5.89177103448 ===>> OK
Magnet settling time: 1.049
GetData ===>> H2,-0.13613932550235,H1,0.337419315022714,AX,-0.101720064898404,L1,-0.00173887867679812,L2,0.0155...
setting magnet DAC
current  : 5.891771
requested: 5.892806
Delta Dac: 0.001034
Checking detector protection. dv=0.00103
Checking detector "CDD". Protection Threshold: 0.1 (V)
SetMagnetDAC 5.89280551724 ===>> OK
Magnet settling time: 1.049
GetData ===>> H2,-0.134966760861762,H1,0.0371379819815722,AX,-0.0423216403692168,L1,-0.0181552397051967,L2,-0.0...
setting magnet DAC
current  : 5.892806
requested: 5.893840
Delta Dac: 0.001034
Checking detector protection. dv=0.00103
Checking detector "CDD". Protection Threshold: 0.1 (V)
SetMagnetDAC 5.89384 ===>> OK
Get Checksum: -860229079
Magnet settling time: 1.049
GetData ===>> H2,-0.179126676994598,H1,0.0558268187609957,AX,-0.0794441090090624,L1,-0.0292497622888097,L2,0.04...
result of _do_sweep=True
result of _calculate_peak_center=([5.8715654509018016, 5.8791706613226431, 5.8867758717434846], [61.469644103208736, 83.06461517564486, 60.706265808549958], 5.8793510220440863, 83.06461517564486)
Failed to find a valid peak. No peak greater than 1.0. max = 0.0216323518469
new center pos Detector(H1) (Ar40) @ 5.87917066132
GetHighVoltage ===>> 4500
GetDeflection H1 ===>> 0
dac uncorrected for HV and deflection 5.87917066132
update mftable H1 Ar40 5.87917066132 message=automated run peakcenter
get initial guess parabolic
get initial guess parabolic
get initial guess parabolic
get initial guess parabolic
get initial guess parabolic
get initial guess parabolic
dump mftable to /Users/jan/PychronDev/setupfiles/spectrometer/mftables/mftable.csv
add to repo msg=modified - automated run peakcenter
sweep finished
locally archiving mftable
setting magnet DAC
current  : 5.893840
requested: 5.879171
Delta Dac: 0.014669
Checking detector protection. dv=0.01467
Checking detector "CDD". Protection Threshold: 0.1 (V)
SetMagnetDAC 5.87917066132 ===>> OK
Magnet settling time: 0.500
setting integration time = 1.048576
SetIntegrationTime 1.048576 ===>> OK
Failed to find a valid peak. No peak greater than 1.0. max = 0.0216323518469
flush and close file /Users/jan/PychronDev/data/isotopes/11/75073f-7b0f-4a2f-add8-f9e539cdcbf7.h5
finished measure script
executed 226.132928
jan_unknown120_60.py completed successfully
Measurement Finished
16:17:43 -- ******* Measurement Finished *******
Post Measurement Started jan_pump_ms.py
16:17:43 -- ******* Post Measurement Started jan_pump_ms.py *******
testing...
no interpolation path defined
executed 0
Pumping spectrometer
open () {'name': 'O'}
opening name=O desc=---
checking ownership. requestor=129.138.12.150
check software interlocks O
interlocks []
actuate state mode=None-script, software_lock=False
doing actuation None-script open_channel True
Open O ===>> OK
GetIndicatorState O ===>> OK
change switch state (True, True)
update switch state O True args=() kw={} ncanvase=2
16:17:43 -- OPEN   VALVE-O (Jan Ion Pump)
---------------------------------------- open O () result=[(True, True)], time=0.09 sec
action=open, ok=True, locked=[False]
executed 0
jan_pump_ms.py completed successfully
setting _ms_pumptime
Post Measurement Finished
16:17:44 -- ******* Post Measurement Finished *******
$$$$$$$$$$$$$$$$$$$$ state at run end measurement
state changed from measurement to success
post measurement save measured=True aborted=False
Set filtering
setting fod for Ar40= {'filter_outliers': True, 'std_devs': 2, 'iterations': 1}
setting fod for H1= {'filter_outliers': True, 'std_devs': 2, 'iterations': 1}
setting fod for PM41= {'filter_outliers': False, 'std_devs': 2, 'iterations': 1}
setting fod for H2= {'filter_outliers': True, 'std_devs': 2, 'iterations': 1}
setting fod for Ar36= {'filter_outliers': True, 'std_devs': 2, 'iterations': 1}
setting fod for CDD= {'filter_outliers': True, 'std_devs': 10, 'iterations': 1}
setting fod for Ar37= {'filter_outliers': True, 'std_devs': 2, 'iterations': 1}
setting fod for L2= {'filter_outliers': True, 'std_devs': 2, 'iterations': 1}
setting fod for Ar38= {'filter_outliers': True, 'std_devs': 2, 'iterations': 1}
setting fod for L1= {'filter_outliers': True, 'std_devs': 2, 'iterations': 1}
setting fod for Ar39= {'filter_outliers': True, 'std_devs': 2, 'iterations': 1}
setting fod for AX= {'filter_outliers': True, 'std_devs': 2, 'iterations': 1}
persistence save...
persistence save - db
post measurement save
5221392208 connecting to database sqlite:////Users/jan/PychronDev/.appdata/local_lab.db
connected to db sqlite:////Users/jan/PychronDev/.appdata/local_lab.db
create new session 5221392208
close session 5221392208
No database instance. Not saving post measurement to isotopedb database
$$$$$$$$$$$$$$$ auto_save_detector_ic=False
massspec enabled True
create new session 5015664976
Get Checksum: -1965264452
MassSpec Database Version: 16.0
close session 5015664976
saving post measurement to secondary database
saving to massspec database 129.138.12.160/massspecdata
setting labnumber to 65572
setting aliquot to 7
setting step to A
setting uuid to 1175073f-7b0f-4a2f-add8-f9e539cdcbf7
setting irradpos to 65572
setting extract_device to Fusions CO2
setting tray to 
setting position to 207
setting power_requested to 0.3
setting extract_value to 0.3
setting duration to 30.0
setting duration_at_request to 30.0
setting first_stage_delay to 30.0
setting cleanup to 30.0
setting comment to M:15 with inclusions
setting irradiation to NM-289
setting level to M
setting irradiation_level to M
setting sample to NM-2602 W
setting material to Sanidine
setting project to JoyitaHills
setting mass_spectrometer to Jan
no attribute chron_dosages
no attribute production_ratios
no attribute interference_corrections
no attribute production_name
no attribute j
Reference Isotope=Ar40
Reference Detector=H1
%%%%%%%%%%%%%%%%%%%% Comment: M:15 with inclusions %%%%%%%%%%%%%%%%%%%
adding isotope PM41 H2
add baseline dbdet= PM41. original det= H2
get baseline data PM41 H2
Get data baseline <pychron.processing.isotope.Baseline object at 0x1372b7590> len t=60
baseline PM41. v=-0.209950353081, e=0.0066228187589
get signal data PM41 H2
Get data signal PM41 0.02+/-0.06 len t=120
adding isotope Ar40 H1
add baseline dbdet= Ar40. original det= H1
get baseline data Ar40 H1
Get data baseline <pychron.processing.isotope.Baseline object at 0x128b32f90> len t=60
baseline Ar40. v=-0.0384822440663, e=0.00469371259893
get signal data Ar40 H1
Get data signal Ar40 88.523+/-0.017 len t=120
adding isotope Ar39 AX
add baseline dbdet= Ar39. original det= AX
get baseline data Ar39 AX
Get data baseline <pychron.processing.isotope.Baseline object at 0x128b577d0> len t=60
baseline Ar39. v=-0.0549944821263, e=0.00773196581047
get signal data Ar39 AX
Get data signal Ar39 18.101+/-0.014 len t=120
adding isotope Ar38 L1
add baseline dbdet= Ar38. original det= L1
get baseline data Ar38 L1
Get data baseline <pychron.processing.isotope.Baseline object at 0x128b57d50> len t=60
baseline Ar38. v=-0.0218785498794, e=0.00299645499906
get signal data Ar38 L1
Get data signal Ar38 0.248+/-0.005 len t=120
adding isotope Ar37 L2
add baseline dbdet= Ar37. original det= L2
get baseline data Ar37 L2
Get data baseline <pychron.processing.isotope.Baseline object at 0x128b57a90> len t=60
baseline Ar37. v=-0.0198892259501, e=0.00640363198411
get signal data Ar37 L2
Get data signal Ar37 0.132+/-0.012 len t=120
adding isotope Ar36 CDD
add baseline dbdet= Ar36. original det= CDD
get baseline data Ar36 CDD
Get data baseline <pychron.processing.isotope.Baseline object at 0x128b57990> len t=60
baseline Ar36. v=2.97730822877e-05, e=8.52160042208e-06
get signal data Ar36 CDD
Get data signal Ar36 0.01438+/-0.00033 len t=120
65572-07A added analysis time 0.507052898407s
analysis added to mass spec database
mass spec save time= 0.517
persistence save - dvc
================= post measurement started
create new session 4984870000
close session 4984870000
---------------- Experiment Queue saving disabled
DVC saving peakcenter
Failed to find a valid peak. No peak greater than 1.0. max = 0.0216323518469
Smart pull ahead: 0 behind: 0
Up-to-date with origin
add to repo msg=modified - ad8224ebc6dbfeb9f5997218dfa5fe690569839d.json
add to repo msg=modified - 72-07A.json
add to repo msg=modified - 72-07A.dat.json
add to repo msg=modified - 72-07A.blan.json
add to repo msg=modified - 72-07A.inte.json
Get Checksum: -1965264452
add to repo msg=modified - 72-07A.icfa.json
add to repo msg=modified - 72-07A.base.json
not at valid file /Users/jan/PychronDev/data/.dvc/repositories/Load1783/655/tags/72-07A.tags.json
add to repo msg=modified - 72-07A.peak.json
add to repo msg=modified - 72-07A.extr.json
not at valid file /Users/jan/PychronDev/data/.dvc/repositories/Load1783/655/monitor/72-07A.moni.json
commit message=<COLLECTION>
add to repo msg=modified - 72-07A.inte.json
add to repo msg=modified - 72-07A.base.json
commit message=<ISOEVO> default collection fits
add to repo msg=modified - 72-07A.blan.json
commit message=<BLANKS> preceding ba-01-J-2238
Get Checksum: -1965264452
add to repo msg=modified - 72-07A.icfa.json
commit message=<ICFactor> default
push repository <pychron.git_archive.repo_manager.GitRepoManager object at 0x1331f5530>
pushing to remote=origin, url=https://github.com
Get Checksum: -1965264452
no changes to meta repo
create new session 4984870000
add association Load1783
get identifier "65572"
setting analysis irradiation position=<pychron.dvc.dvc_orm.IrradiationPositionTbl object at 0x13302cc90>
Get Checksum: -1965264452
close session 4984870000
================= post measurement finished
16:17:56 -- ******* Post Run Check *******
loading queue conditionals post_run_actions
loading system conditionals post_run_actions
loading conditionals from /Users/jan/PychronDev/setupfiles/spectrometer/default_conditionals.yaml
loading queue conditionals post_run_terminations
loading system conditionals post_run_terminations
loading conditionals from /Users/jan/PychronDev/setupfiles/spectrometer/default_conditionals.yaml
Checking default post run terminations n=1
GetDeflection CDD ===>> 50
testing CDD==2000
evaluate ot="CDD.deflection==2000" t="CDD==2000", ctx="{'CDD': 50.0}"
16:17:56 -- ******* Post Run Check Passed *******
16:17:56 -- Automated run 65572-07A success duration: 363.885 s
----------------- finish -----------------
----------------- stop -----------------
retroactive repository identifiers disabled
finish run. runs completed=11
update duration runid=65572-07A, duration=363.884966135, md5=301e91d8
loading script "jan_unknown120_60.py"
loading script "jan_pump_ms.py"
loading script "jan_co2.py"
loading script "jan_pump_extraction_line.py"
testing...
no interpolation path defined
executed 213.652928
script duration name:unknown120_60 seconds:214.0
loading script "jan_unknown120_60.py"
loading script "jan_pump_ms.py"
loading script "jan_co2.py"
loading script "jan_pump_extraction_line.py"
testing...
no interpolation path defined
executed 0
loading script "jan_unknown120_60.py"
loading script "jan_pump_ms.py"
loading script "jan_co2.py"
loading script "jan_pump_extraction_line.py"
testing...
no interpolation path defined
calculate duration
testing...
no interpolation path defined
executed 0
calculate duration
testing...
no interpolation path defined
executed 0
executed 0.0
script duration name:co2 seconds:0.0
loading script "jan_unknown120_60.py"
loading script "jan_pump_ms.py"
loading script "jan_co2.py"
loading script "jan_pump_extraction_line.py"
testing...
no interpolation path defined
calculate duration
testing...
no interpolation path defined
executed 4.0
executed 4.0
Script duration 214.0
Run total estimated duration= 215.000
unknown120_60 in script context. using previous estimated duration
script duration name:unknown120_60 seconds:214.0
pump_ms in script context. using previous estimated duration
co2 in script context. using previous estimated duration
script duration name:co2 seconds:0.0
pump_extraction_line in script context. using previous estimated duration
Script duration 214.0
Run total estimated duration= 215.000
script duration name:unknown120_60 seconds:214.0
script duration name:co2 seconds:0.0
Script duration 214.0
Run total estimated duration= 215.000
script duration name:unknown120_60 seconds:214.0
script duration name:co2 seconds:0.0
Script duration 214.0
Run total estimated duration= 215.000
script duration name:unknown120_60 seconds:214.0
script duration name:co2 seconds:0.0
Script duration 214.0
Run total estimated duration= 215.000
script duration name:unknown120_60 seconds:214.0
script duration name:co2 seconds:0.0
Script duration 214.0
Run total estimated duration= 215.000
script duration name:unknown120_60 seconds:214.0
script duration name:co2 seconds:0.0
Script duration 214.0
Run total estimated duration= 215.000
script duration name:unknown120_60 seconds:214.0
script duration name:co2 seconds:0.0
Script duration 214.0
Run total estimated duration= 215.000
script duration name:unknown120_60 seconds:214.0
script duration name:co2 seconds:0.0
Script duration 214.0
Run total estimated duration= 215.000
script duration name:unknown120_60 seconds:214.0
script duration name:co2 seconds:0.0
Script duration 214.0
Run total estimated duration= 215.000
script duration name:unknown120_60 seconds:214.0
script duration name:co2 seconds:0.0
Script duration 214.0
Run total estimated duration= 215.000
script duration name:unknown120_60 seconds:214.0
script duration name:co2 seconds:0.0
Script duration 214.0
Run total estimated duration= 215.000
script duration name:unknown120_60 seconds:214.0
script duration name:co2 seconds:0.0
Script duration 214.0
Run total estimated duration= 215.000
script duration name:unknown120_60 seconds:214.0
script duration name:co2 seconds:0.0
Script duration 214.0
Run total estimated duration= 215.000
loading script "jan_unknown400_120.py"
loading script "jan_pump_ms.py"
loading script "jan_co2.py"
loading script "jan_pump_extraction_line.py"
testing...
no interpolation path defined
executed 556.052928
script duration name:unknown400_120 seconds:556.0
script duration name:co2 seconds:0.0
Script duration 556.0
Run total estimated duration= 557.000
unknown400_120 in script context. using previous estimated duration
script duration name:unknown400_120 seconds:556.0
loading script "jan_unknown400_120.py"
loading script "jan_pump_ms.py"
loading script "jan_cocktail_x1.py"
loading script "jan_pump_extraction_line.py"
testing...
no interpolation path defined
calculate duration
testing...
no interpolation path defined
executed 0
calculate duration
testing...
no interpolation path defined
executed 0
calculate duration
testing...
no interpolation path defined
executed 32.0
calculate duration
testing...
no interpolation path defined
executed 34.0
calculate duration
testing...
no interpolation path defined
executed 4.0
calculate duration
testing...
no interpolation path defined
executed 38.0
executed 108.0
script duration name:cocktail_x1 seconds:108.0
Script duration 664.0
Run total estimated duration= 665.000
script duration name:unknown120_60 seconds:214.0
cocktail_x1 in script context. using previous estimated duration
script duration name:cocktail_x1 seconds:108.0
Script duration 322.0
Run total estimated duration= 323.000
loading script "jan_ic_peak_hop3.py"
loading script "jan_pump_ms.py"
loading script "jan_air_x1.py"
loading script "jan_pump_extraction_line.py"
testing...
no interpolation path defined
executed 133.8
script duration name:ic_peak_hop3 seconds:134.0
loading script "jan_ic_peak_hop3.py"
loading script "jan_pump_ms.py"
loading script "jan_air_x1.py"
loading script "jan_pump_extraction_line.py"
testing...
no interpolation path defined
calculate duration
testing...
no interpolation path defined
executed 0
calculate duration
testing...
no interpolation path defined
executed 0
calculate duration
testing...
no interpolation path defined
executed 32.0
calculate duration
testing...
no interpolation path defined
executed 34.0
calculate duration
testing...
no interpolation path defined
executed 4.0
calculate duration
testing...
no interpolation path defined
executed 36.0
executed 106.0
script duration name:air_x1 seconds:106.0
Script duration 240.0
Run total estimated duration= 241.000
script duration name:unknown120_60 seconds:214.0
script duration name:co2 seconds:0.0
Script duration 214.0
Run total estimated duration= 215.000
script duration name:unknown120_60 seconds:214.0
script duration name:co2 seconds:0.0
Script duration 214.0
Run total estimated duration= 215.000
script duration name:unknown120_60 seconds:214.0
script duration name:co2 seconds:0.0
Script duration 214.0
Run total estimated duration= 215.000
script duration name:unknown120_60 seconds:214.0
script duration name:co2 seconds:0.0
Script duration 214.0
Run total estimated duration= 215.000
script duration name:unknown120_60 seconds:214.0
script duration name:co2 seconds:0.0
Script duration 214.0
Run total estimated duration= 215.000
script duration name:unknown120_60 seconds:214.0
script duration name:co2 seconds:0.0
Script duration 214.0
Run total estimated duration= 215.000
script duration name:unknown120_60 seconds:214.0
script duration name:co2 seconds:0.0
Script duration 214.0
Run total estimated duration= 215.000
script duration name:unknown120_60 seconds:214.0
script duration name:co2 seconds:0.0
Script duration 214.0
Run total estimated duration= 215.000
script duration name:unknown120_60 seconds:214.0
script duration name:co2 seconds:0.0
Script duration 214.0
Run total estimated duration= 215.000
script duration name:unknown120_60 seconds:214.0
script duration name:co2 seconds:0.0
Script duration 214.0
Run total estimated duration= 215.000
script duration name:unknown400_120 seconds:556.0
loading script "jan_unknown400_120.py"
loading script "jan_pump_ms.py"
loading script "jan_sniffair_x2.py"
loading script "jan_pump_extraction_line.py"
testing...
no interpolation path defined
calculate duration
testing...
no interpolation path defined
executed 0
calculate duration
testing...
no interpolation path defined
executed 0
calculate duration
testing...
no interpolation path defined
executed 32.0
calculate duration
testing...
no interpolation path defined
executed 34.0
calculate duration
testing...
no interpolation path defined
executed 4.0
calculate duration
testing...
no interpolation path defined
executed 36.0
calculate duration
testing...
no interpolation path defined
executed 34.0
calculate duration
testing...
no interpolation path defined
executed 4.0
calculate duration
testing...
no interpolation path defined
executed 36.0
calculate duration
testing...
no interpolation path defined
executed 70.0
executed 250.0
script duration name:sniffair_x2 seconds:250.0
Script duration 806.0
Run total estimated duration= 807.000
script duration name:unknown400_120 seconds:556.0
sniffair_x2 in script context. using previous estimated duration
script duration name:sniffair_x2 seconds:250.0
Script duration 806.0
Run total estimated duration= 807.000
script duration name:unknown400_120 seconds:556.0
script duration name:co2 seconds:0.0
Script duration 556.0
Run total estimated duration= 557.000
nruns=31 before=5.0, run_dur=9117.0, btw=1350.0
write rem/ex queues
/Users/jan/PychronDev/experiments/rem/CurrentExperiment.rem.txt
/Users/jan/PychronDev/experiments/rem/CurrentExperiment.ex.txt
doing event level: 3
