do run
loading script "jan_unknown120_60.py"
loading script "jan_pump_ms.py"
loading script "jan_co2.py"
loading script "jan_pump_extraction_line.py"
testing...
no interpolation path defined
executed 213.652928
script duration name:unknown120_60 seconds:214.0
loading script "jan_unknown120_60.py"
loading script "jan_pump_ms.py"
loading script "jan_co2.py"
loading script "jan_pump_extraction_line.py"
testing...
no interpolation path defined
executed 0
loading script "jan_unknown120_60.py"
loading script "jan_pump_ms.py"
loading script "jan_co2.py"
loading script "jan_pump_extraction_line.py"
testing...
no interpolation path defined
calculate duration
testing...
no interpolation path defined
executed 0
calculate duration
testing...
no interpolation path defined
executed 0
executed 0.0
script duration name:co2 seconds:0.0
loading script "jan_unknown120_60.py"
loading script "jan_pump_ms.py"
loading script "jan_co2.py"
loading script "jan_pump_extraction_line.py"
testing...
no interpolation path defined
calculate duration
testing...
no interpolation path defined
executed 4.0
executed 4.0
Script duration 214.0
Run total estimated duration= 215.000
run duration: 0:03:35
doing event level: 2
16:32:28 -- Setting default integration. t=1.048576
setting integration time = 1.048576
SetIntegrationTime 1.048576 ===>> OK
----------------- start -----------------
**************** Experiment Type: Ar/Ar, Ar/Ar
create new session 4988673200
close session 4988673200
$$$$$ Clearing conditionals
adding conditionals 
Add queue conditionals
add default conditionals
adding default conditionals from /Users/jan/PychronDev/setupfiles/spectrometer/default_conditionals.yaml
Start automated run 65572-08A
loading script "jan_unknown120_60.py"
loading script "jan_pump_ms.py"
loading script "jan_co2.py"
loading script "jan_pump_extraction_line.py"
%%%%%%%%%%%%%%%%%% setting automated run 65572-08A
No value "sensitivity_multiplier" in metadata
$$$$$$$$$$$$$$$ auto_save_detector_ic=False
============================= Pre Extraction Check =============================
loading queue conditionals pre_run_terminations
loading system conditionals pre_run_terminations
loading conditionals from /Users/jan/PychronDev/setupfiles/spectrometer/default_conditionals.yaml
16:32:28 -- ******* Pre Extraction Check *******
Get a measurement from the spectrometer
GetData ===>> H2,-0.0536141703483047,H1,0.0487733421681515,AX,-0.000394020921618771,L1,-0.0136701363461015,L2,-...
Pre Extraction Termination data. keys=H2,H1,AX,L1,L2,CDD, signals=-0.05361,0.04877,-0.00039,-0.01367,-0.03912,0.00342
16:32:28 -- testing system defined conditionals
Checking default pre extraction terminations n=2
testing CDD
evaluate ot="CDD.inactive" t="CDD", ctx="{'CDD': False}"
GetDeflection CDD ===>> 50
testing CDD==2000
evaluate ot="CDD.deflection==2000" t="CDD==2000", ctx="{'CDD': 50.0}"
16:32:28 -- ******* Pre Extraction Check Passed *******
=================================================================================
16:32:28 -- stopping status monitor
stop 4977205328
Alive clients [4985221872]
16:32:28 -- starting status monitor
start 4977205328
Monitor already running
start extraction
do extraction
Analysis started at 16:32:28.252737
Extraction Started jan_co2.py
16:32:28 -- ******* Extraction Started jan_co2.py *******
state changed from not run to extraction
DO EXTRACTION <pychron.extraction_line.pyscript_runner.RemotePyScriptRunner object at 0x12c443410>
testing...
no interpolation path defined
calculate duration
testing...
no interpolation path defined
executed 0
calculate duration
testing...
no interpolation path defined
executed 0
executed 100.0
Jan CO2 laser analysis
doing GOSUB
testing...
no interpolation path defined
executed 0
Waiting for CO2 access
wait ('FelixCO2Flag', 0) {}
waiting for FelixCO2Flag = 0
Read FelixCO2Flag ===>> 0
finished waiting
CO2 free
wait ('CO2PumpTimeFlag', 0) {}
waiting for CO2PumpTimeFlag = 0
Read CO2PumpTimeFlag ===>> 0
finished waiting
acquire ('JanCO2Flag',) {'clear': True}
acquire JanCO2Flag
Set JanCO2Flag 1 ===>> OK
JanCO2Flag acquired
set extraction state False (0.75, 'red', 1.5)
CO2 acquired
executed 0
WaitForCO2Access.py completed successfully
gosub finished
doing GOSUB
testing...
no interpolation path defined
executed 0
Prepare for CO2 analysis
close () {'description': 'Jan Inlet'}
closing name=--- desc=Jan Inlet
checking ownership. requestor=129.138.12.150
check software interlocks R
interlocks []
actuate state mode=None-script, software_lock=False
doing actuation None-script close_channel False
Close R ===>> OK
GetIndicatorState R ===>> False
change switch state (True, True)
update switch state R False args=() kw={} ncanvase=2
16:32:28 -- CLOSE  VALVE-R (Jan Inlet)
---------------------------------------- close None (Jan Inlet) result=[(True, True)]
action=close, ok=True, locked=[False]
open () {'description': 'Jan Ion Pump'}
opening name=--- desc=Jan Ion Pump
checking ownership. requestor=129.138.12.150
check software interlocks O
interlocks []
actuate state mode=None-script, software_lock=False
doing actuation None-script open_channel False
Open O ===>> OK
GetIndicatorState O ===>> OK
change switch state (True, True)
update switch state O True args=() kw={} ncanvase=2
16:32:29 -- OPEN   VALVE-O (Jan Ion Pump)
---------------------------------------- open None (Jan Ion Pump) result=[(True, True)], time=0.09 sec
action=open, ok=True, locked=[False]
close () {'description': 'Microbone to Minibone'}
closing name=--- desc=Microbone to Minibone
checking ownership. requestor=129.138.12.150
check software interlocks L
interlocks []
actuate state mode=None-script, software_lock=False
doing actuation None-script close_channel False
Close L ===>> OK
GetIndicatorState L ===>> False
change switch state (True, True)
update switch state L False args=() kw={} ncanvase=2
16:32:29 -- CLOSE  VALVE-L (Microbone to Minibone)
---------------------------------------- close None (Microbone to Minibone) result=[(True, True)]
action=close, ok=True, locked=[False]
open () {'description': 'Microbone to Turbo'}
opening name=--- desc=Microbone to Turbo
checking ownership. requestor=129.138.12.150
check software interlocks U
interlocks []
actuate state mode=None-script, software_lock=False
doing actuation None-script open_channel False
Open U ===>> OK
GetIndicatorState U ===>> OK
change switch state (True, True)
update switch state U True args=() kw={} ncanvase=2
16:32:30 -- OPEN   VALVE-U (Microbone to Turbo)
---------------------------------------- open None (Microbone to Turbo) result=[(True, True)], time=0.12 sec
action=open, ok=True, locked=[False]
open () {'description': 'Microbone to Inlet Pipette'}
opening name=--- desc=Microbone to Inlet Pipette
checking ownership. requestor=129.138.12.150
check software interlocks S
interlocks []
actuate state mode=None-script, software_lock=False
doing actuation None-script open_channel False
Open S ===>> OK
GetIndicatorState S ===>> OK
change switch state (True, True)
update switch state S True args=() kw={} ncanvase=2
16:32:30 -- OPEN   VALVE-S (Microbone to Inlet Pipette)
---------------------------------------- open None (Microbone to Inlet Pipette) result=[(True, True)], time=0.41 sec
action=open, ok=True, locked=[False]
open () {'description': 'Microbone to Getter D-50'}
opening name=--- desc=Microbone to Getter D-50
checking ownership. requestor=129.138.12.150
check software interlocks K
interlocks []
actuate state mode=None-script, software_lock=False
doing actuation None-script open_channel False
Open K ===>> OK
Get Checksum: -1965264452
GetIndicatorState K ===>> OK
change switch state (True, True)
update switch state K True args=() kw={} ncanvase=2
16:32:31 -- OPEN   VALVE-K (Microbone to Getter D-50)
---------------------------------------- open None (Microbone to Getter D-50) result=[(True, True)], time=0.41 sec
action=open, ok=True, locked=[False]
open () {'description': 'Microbone to Getter NP-10'}
opening name=--- desc=Microbone to Getter NP-10
checking ownership. requestor=129.138.12.150
check software interlocks M
interlocks []
actuate state mode=None-script, software_lock=False
doing actuation None-script open_channel False
Open M ===>> OK
GetIndicatorState M ===>> OK
change switch state (True, True)
update switch state M True args=() kw={} ncanvase=2
16:32:31 -- OPEN   VALVE-M (Microbone to Getter NP-10)
---------------------------------------- open None (Microbone to Getter NP-10) result=[(True, True)], time=0.14 sec
action=open, ok=True, locked=[False]
close () {'description': 'CO2 Laser to Felix'}
closing name=--- desc=CO2 Laser to Felix
checking ownership. requestor=129.138.12.150
check software interlocks F
interlocks []
actuate state mode=None-script, software_lock=True
VALVE-F(CO2 Laser to Felix) software locked
change switch state (True, False)
---------------------------------------- close None (CO2 Laser to Felix) result=[(True, False)]
action=close, ok=True, locked=[True]
open () {'description': 'CO2 Laser to Jan'}
opening name=--- desc=CO2 Laser to Jan
checking ownership. requestor=129.138.12.150
check software interlocks A
interlocks []
actuate state mode=None-script, software_lock=False
doing actuation None-script open_channel False
Open A ===>> OK
GetIndicatorState A ===>> OK
change switch state (True, True)
update switch state A True args=() kw={} ncanvase=2
16:32:32 -- OPEN   VALVE-A (CO2 Laser to Jan)
---------------------------------------- open None (CO2 Laser to Jan) result=[(True, True)], time=0.12 sec
action=open, ok=True, locked=[False]
open () {'description': 'Microbone to CO2 Laser'}
opening name=--- desc=Microbone to CO2 Laser
checking ownership. requestor=129.138.12.150
check software interlocks T
interlocks []
actuate state mode=None-script, software_lock=False
doing actuation None-script open_channel False
Open T ===>> OK
GetIndicatorState T ===>> OK
change switch state (True, True)
update switch state T True args=() kw={} ncanvase=2
16:32:32 -- OPEN   VALVE-T (Microbone to CO2 Laser)
---------------------------------------- open None (Microbone to CO2 Laser) result=[(True, True)], time=0.43 sec
action=open, ok=True, locked=[False]
executed 0
PrepareForCO2Analysis.py completed successfully
gosub finished
set_motor ('beam', '1.25') {}
setting motor "beam" to 1.25
set motor beam to 1.25
SetMotor beam,1.25 ===>> OK
GetMotorMoving beam ===>> False
GetMotorMoving beam ===>> False
Block completed
move_to_position ('208',) {'autocenter': True}
FusionsCO2 move to position 208
sending GoToHole 208,True
GoToHole 208,True ===>> OK
Get Checksum: -1965264452
GetDriveMoving ===>> OK
GetDriveMoving ===>> OK
GetDriveMoving ===>> OK
GetDriveMoving ===>> OK
GetDriveMoving ===>> OK
GetDriveMoving ===>> OK
GetDriveMoving ===>> OK
GetDriveMoving ===>> OK
GetDriveMoving ===>> OK
GetDriveMoving ===>> OK
Get Checksum: -1965264452
GetDriveMoving ===>> OK
GetDriveMoving ===>> OK
GetDriveMoving ===>> OK
GetDriveMoving ===>> OK
GetDriveMoving ===>> OK
GetDriveMoving ===>> OK
GetDriveMoving ===>> OK
GetDriveMoving ===>> OK
GetDriveMoving ===>> OK
GetDriveMoving ===>> OK
GetDriveMoving ===>> OK
GetDriveMoving ===>> OK
GetDriveMoving ===>> OK
GetDriveMoving ===>> OK
GetDriveMoving ===>> OK
GetDriveMoving ===>> OK
GetDriveMoving ===>> OK
GetDriveMoving ===>> OK
GetDriveMoving ===>> OK
GetDriveMoving ===>> OK
Get Checksum: -1965264452
GetDriveMoving ===>> OK
GetDriveMoving ===>> False
GetDriveMoving ===>> False
Block completed
GetAutoCorrecting ===>> OK
GetAutoCorrecting ===>> OK
GetAutoCorrecting ===>> False
GetAutoCorrecting ===>> False
Block completed
update position
GetPosition ===>> -7.97560,-13.95730,1.00000
got position (-7.9756, -13.9573, 1.0)
move to position succeeded
sleep (5,) {}
SLEEP 5.0
block started
WaitControl setup for 5.0  
Get Checksum: -1965264452
Get Checksum: -1965264452
Join finished
block finished. duration 5.02008295059
close () {'description': 'Microbone to Turbo'}
closing name=--- desc=Microbone to Turbo
checking ownership. requestor=129.138.12.150
check software interlocks U
interlocks []
actuate state mode=None-script, software_lock=False
doing actuation None-script close_channel True
Close U ===>> OK
GetIndicatorState U ===>> False
change switch state (True, True)
update switch state U False args=() kw={} ncanvase=2
16:32:50 -- CLOSE  VALVE-U (Microbone to Turbo)
---------------------------------------- close None (Microbone to Turbo) result=[(True, True)]
action=close, ok=True, locked=[False]
enable laser
enable () {}
set extraction state FusionsCO2 Enabled (False, 'red', 1.5)
enabling laser
Enable ===>> OK
begin interval
BEGIN INTERVAL Interval 1 waiting for 30.0
block started
set extract to 0.3
WaitControl setup for 30.0  
extract (0.3,) {}
GetPosition ===>> -7.97560,-13.95730,1.00000
set extraction state FusionsCO2 ON! 0.3(watts) (0.75, 'red', 1.5)
extract sample to 0.3 (watts)
set laser output
SetLaserOutput 0.3,watts ===>> OK
executing pattern triangle.lp
execute_pattern ('triangle.lp',) {}
executing pattern triangle.lp
Get Checksum: 1551197106
IsPatterning ===>> OK
IsPatterning ===>> OK
Get Checksum: 1551197106
IsPatterning ===>> OK
IsPatterning ===>> OK
IsPatterning ===>> OK
Get Checksum: 1551197106
IsPatterning ===>> OK
IsPatterning ===>> OK
IsPatterning ===>> OK
Get Checksum: 1551197106
IsPatterning ===>> OK
IsPatterning ===>> OK
IsPatterning ===>> OK
Get Checksum: 1551197106
IsPatterning ===>> OK
IsPatterning ===>> OK
IsPatterning ===>> OK
Get Checksum: 1551197106
IsPatterning ===>> OK
IsPatterning ===>> OK
IsPatterning ===>> OK
Get Checksum: 1551197106
IsPatterning ===>> OK
IsPatterning ===>> OK
IsPatterning ===>> OK
Get Checksum: 1551197106
IsPatterning ===>> OK
IsPatterning ===>> OK
IsPatterning ===>> OK
Get Checksum: 1551197106
IsPatterning ===>> OK
IsPatterning ===>> OK
IsPatterning ===>> OK
Get Checksum: 1551197106
IsPatterning ===>> OK
IsPatterning ===>> OK
IsPatterning ===>> False
Join finished
block finished. duration 30.0604550838
Interval 1 finished
Get Checksum: 1551197106
IsPatterning ===>> False
Block completed
COMPLETE INTERVAL waiting for Interval 1 to complete
end_extract () {}
ending extraction. set laser power to 0
set laser power 0
SetLaserPower 0 ===>> OK
disable () {}
%%%%%%%%%%%%%%%%%%%%%%%%%%%%%%%%%%% disable
set extraction state False (0.75, 'red', 1.5)
disabling laser
Disable ===>> OK
sleep (30.0,) {}
SLEEP 30.0
block started
WaitControl setup for 30.0  
Get Checksum: 1551197106
Get Checksum: 1551197106
Get Checksum: 1551197106
Get Checksum: 1551197106
Get Checksum: 1551197106
Get Checksum: 1551197106
Get Checksum: 1551197106
Get Checksum: 1551197106
Get Checksum: 1551197106
Get Checksum: 1551197106
Join finished
block finished. duration 30.0641028881
executed 165.0
jan_co2.py completed successfully
GetAchievedOutput ===>> No Response
Requested Output= 0.000
Achieved Output=  0.000
GetResponseBlob ===>> No Response
GetOutputBlob ===>> No Response
persistence save...
persistence save - db
AutomatedRunPersister post_extraction_save deprecated
persistence save - dvc
no extraction position for 208
create new session 4984870000
close session 4984870000
Extraction Finished
16:33:52 -- ******* Extraction Finished *******
no overlap. not waiting for min ms pumptime
16:33:52 -- Sending spectrometer configuration
======== Sending configuration ========
SetDeflection CDD,50.0 ===>> OK
SetDeflection H2,0.0 ===>> OK
SetDeflection H1,0.0 ===>> OK
SetDeflection L2,825.0 ===>> OK
SetDeflection L1,400.0 ===>> OK
SetDeflection AX,190.0 ===>> OK
SetZFocus 74.64 ===>> OK
SetZSymmetry -50.72 ===>> OK
SetExtractionLens 26.13 ===>> OK
SetIonRepeller -3.81 ===>> OK
SetElectronEnergy 75.08 ===>> OK
SetYSymmetry -2.81 ===>> OK
SetIonCounterVoltage 1590.0 ===>> OK
send trap current 200.0
GetParameter Trap Current Readback ===>> 198.370811206739
SetParameter Trap Current Set,200.0 ===>> OK
updating mftable name mftable
Using mftable located at /Users/jan/PychronDev/setupfiles/spectrometer/mftables/mftable.csv
============ MFtable ===========
Isotope  H2     H1     AX     L1     L2     CDD    
Ar40     5.7818 5.8791 5.9925 6.1217 6.2309 6.3499
Ar39     5.6810 5.7714 5.8849 6.0078 6.1160 6.2364
Ar36     5.3586 5.4404 5.5483 5.6666 5.7710 5.8876
================================
get initial guess parabolic
get initial guess parabolic
get initial guess parabolic
get initial guess parabolic
get initial guess parabolic
get initial guess parabolic
======== Configuration Finished ========
GetYSymmetry ===>> -2.81
GetZSymmetry ===>> -50.72
GetParameter Trap Current Readback ===>> 198.258926936459
GetHighVoltage ===>> 4500
start measurement
do measurement
L#=65572 analysis type=unknown
Measurement Started jan_unknown120_60.py
16:33:52 -- ******* Measurement Started jan_unknown120_60.py *******
state changed from extraction to measurement
setting spec, defl, and gains
GetExtractionLens ===>> 26.13
GetYSymmetry ===>> -2.81
GetZSymmetry ===>> -50.72
GetZFocus ===>> 74.64
GetDeflection H2 ===>> 0
GetDeflection H1 ===>> 0
GetDeflection AX ===>> 190
GetDeflection L1 ===>> 400
GetDeflection L2 ===>> 825
GetDeflection CDD ===>> 50
GetGain H2 ===>> 0.0113
GetGain H1 ===>> 0.1
GetGain AX ===>> 0.097049
GetGain L1 ===>> 0.010355
GetGain L2 ===>> 0.095649
GetGain CDD ===>> 0
pre measurement save
New frame /Users/jan/PychronDev/data/isotopes/5e/6393fb-c57e-4972-8862-98d75395be4a.h5
flush and close file /Users/jan/PychronDev/data/isotopes/5e/6393fb-c57e-4972-8862-98d75395be4a.h5
testing...
no interpolation path defined
executed 226.132928
unknown measurement script
activate_detectors ('H2', 'H1', 'AX', 'L1', 'L2', 'CDD') {}
activate detectors
*************** Set Analysis View Ar/Ar
create graphs
clearing graphs
clear isotope group
setting isotope det=H2, iso=PM41
setting isotope det=H1, iso=Ar40
setting isotope det=AX, iso=Ar39
setting isotope det=L1, iso=Ar38
setting isotope det=L2, iso=Ar37
setting isotope det=CDD, iso=Ar36
setting previous blanks
 - setting Ar40 blank 0.109+/-0.007
 - setting Ar36 blank 0.00423+/-0.00016
 - setting Ar37 blank 0.048+/-0.005
 - setting Ar38 blank 0.0090+/-0.0022
 - setting PM41 blank 0.02+/-0.06
 - setting Ar39 blank 0.013+/-0.009
load analysis view
position_magnet ('Ar40',) {'detector': 'H1'}
detector Detector(H1)
POSITION Ar40 H1
setting detector H2 to PM41 (40.9624)
setting detector H1 to Ar40 (39.9624)
setting detector AX to Ar39 (38.9624)
setting detector L1 to Ar38 (37.9624)
setting detector L2 to Ar37 (36.9624)
setting detector CDD to Ar36 (35.9624)
Mapping mass to dac mass func: "parabolic"
H1 map mass coeffs = [-0.00063987  0.15840543  0.57071999]
H1 map mass to dac 39.9624 >> 5.87911
GetDeflection H1 ===>> 0
GetHighVoltage ===>> 4500
positioning Ar40 (5.87911) on H1
setting magnet DAC
current  : 5.879110
requested: 5.879110
Delta Dac: 0.000000
Checking detector protection. dv=0.00000
Checking detector "CDD". Protection Threshold: 0.1 (V)
SetMagnetDAC 5.87911 ===>> OK
Magnet settling time: 0.500
equilibrate () {'delay': 3, 'inlet': 'R', 'outlet': 'O', 'eqtime': 12.0}
Equilibration Started
16:33:53 -- ******* Equilibration Started *******
checking ownership. requestor=129.138.12.150
check software interlocks O
interlocks []
actuate state mode=None-script, software_lock=False
doing actuation None-script close_channel True
Close O ===>> OK
GetIndicatorState O ===>> False
change switch state (True, True)
update switch state O False args=() kw={} ncanvase=2
16:33:53 -- CLOSE  VALVE-O (Jan Ion Pump)
waiting 3s before opening inlet value ('R',)
Get Checksum: -598318598
checking ownership. requestor=129.138.12.150
check software interlocks R
interlocks []
actuate state mode=None-script, software_lock=False
doing actuation None-script open_channel True
Open R ===>> OK
GetIndicatorState R ===>> OK
change switch state (True, True)
update switch state R True args=() kw={} ncanvase=2
16:33:57 -- OPEN   VALVE-R (Jan Inlet)
equilibrating for 12.0sec
set_time_zero () {}
sniff (12.0,) {}
py_sniff
build tables- sniff [Detector(H2), Detector(H1), Detector(AX), Detector(L1), Detector(L2), Detector(CDD)]
add group /sniff/PM41 (Group) '' table H2
add group /sniff/Ar40 (Group) '' table H1
add group /sniff/Ar39 (Group) '' table AX
add group /sniff/Ar38 (Group) '' table L1
add group /sniff/Ar37 (Group) '' table L2
add group /sniff/Ar36 (Group) '' table CDD
flush and close file /Users/jan/PychronDev/data/isotopes/5e/6393fb-c57e-4972-8862-98d75395be4a.h5
measuring sniff. ncounts=12.0
starting measurement
GetData ===>> H2,0.172967755905631,H1,0.601262349626253,AX,0.735338929777787,L1,0.0806788524571112,L2,0.1627074...
Get Checksum: -1449001502
GetData ===>> H2,0.910517714979423,H1,2.46068407751674,AX,1.1152561961298,L1,0.235646357394661,L2,0.22131881282...
GetData ===>> H2,0.366827624584196,H1,3.20440255199135,AX,0.48594052251212,L1,0.194357216876408,L2,0.1537083715...
GetData ===>> H2,0.112571429677631,H1,3.39596851863979,AX,0.282239516299983,L1,0.167728718950008,L2,0.089371067...
Get Checksum: -1449001502
GetData ===>> H2,0.0659477065577397,H1,3.5446416374284,AX,0.276561235362044,L1,0.124827889728677,L2,0.122372309...
GetData ===>> H2,0.0136139451211917,H1,3.64475715312873,AX,0.25721808209648,L1,0.0887334554760773,L2,-0.0007066...
GetData ===>> H2,0.080217119831959,H1,3.56236047925138,AX,0.299740920780157,L1,0.0177983881535232,L2,0.03894226...
Get Checksum: -1449001502
GetData ===>> H2,0.0649293377574667,H1,3.68138713963082,AX,0.156821894358755,L1,-0.051706117525659,L2,-0.025242...
GetData ===>> H2,0.0622570694804484,H1,3.64753886931239,AX,0.233444521896828,L1,0.018815775112896,L2,0.15114226...
GetData ===>> H2,-0.133374813541811,H1,3.67380492778866,AX,0.149207053426937,L1,0.0333697902113267,L2,0.0668705...
Get Checksum: -1449001502
GetData ===>> H2,-0.1711880607525,H1,3.68142359393462,AX,0.173481434299681,L1,0.0613542068073575,L2,0.050482070...
GetData ===>> H2,-0.167509540728652,H1,3.68830153916357,AX,0.207273639597825,L1,0.0120275318803715,L2,0.0203583...
Equilibration Finished
16:34:09 -- ******* Equilibration Finished *******
checking ownership. requestor=129.138.12.150
check software interlocks R
interlocks []
actuate state mode=None-script, software_lock=False
doing actuation None-script close_channel True
Close R ===>> OK
GetIndicatorState R ===>> False
change switch state (True, True)
update switch state R False args=() kw={} ncanvase=2
16:34:10 -- CLOSE  VALVE-R (Jan Inlet)
Post Equilibration Started jan_pump_extraction_line.py
16:34:10 -- ******* Post Equilibration Started jan_pump_extraction_line.py *******
testing...
no interpolation path defined
calculate duration
testing...
no interpolation path defined
executed 4.0
executed 4.0
Pump after analysis
doing GOSUB
testing...
no interpolation path defined
executed 4.0
Pump Microbone
close () {'description': 'Jan Inlet'}
closing name=--- desc=Jan Inlet
checking ownership. requestor=129.138.12.150
check software interlocks R
interlocks []
actuate state mode=None-script, software_lock=False
doing actuation None-script close_channel False
measurement finished
estimated time: 12.583 actual time: :12.892
flush and close file /Users/jan/PychronDev/data/isotopes/5e/6393fb-c57e-4972-8862-98d75395be4a.h5
set_fits () {}
using default fits file=/Users/jan/PychronDev/scripts/measurement/fits/nominal_linear.yaml
set "Ar40" to "('Linear', 'SEM')"
No fit for "PM41". defaulting to linear. check the measurement script "jan_unknown120_60.py"
set "PM41" to "linear"
set "Ar36" to "('Linear', 'SEM')"
set "Ar37" to "('linear', 'SEM')"
set "Ar38" to "('linear', 'SEM')"
set "Ar39" to "('Linear', 'SEM')"
set_baseline_fits () {}
using default fits file=/Users/jan/PychronDev/scripts/measurement/fits/nominal_linear.yaml
set "H1" to "('average', 'SEM')"
set "H2" to "('average', 'SEM')"
set "CDD" to "('average', 'SEM')"
set "L2" to "('average', 'SEM')"
set "L1" to "('average', 'SEM')"
set "AX" to "('average', 'SEM')"
multicollect () {'integration_time': 1, 'ncounts': 120}
build tables- signal [Detector(H2), Detector(H1), Detector(AX), Detector(L1), Detector(L2), Detector(CDD)]
add group /signal/PM41 (Group) '' table H2
add group /signal/Ar40 (Group) '' table H1
add group /signal/Ar39 (Group) '' table AX
add group /signal/Ar38 (Group) '' table L1
add group /signal/Ar37 (Group) '' table L2
add group /signal/Ar36 (Group) '' table CDD
flush and close file /Users/jan/PychronDev/data/isotopes/5e/6393fb-c57e-4972-8862-98d75395be4a.h5
measuring signal. ncounts=120
Close R ===>> OK
GetIndicatorState R ===>> False
change switch state (True, True)
update switch state R False args=() kw={} ncanvase=2
16:34:10 -- CLOSE  VALVE-R (Jan Inlet)
---------------------------------------- close None (Jan Inlet) result=[(True, True)]
Get Checksum: -598318598
action=close, ok=True, locked=[False]
is_closed ('F',) {}
is F () closed?
is closed True
open () {'description': 'CO2 Laser to Jan'}
opening name=--- desc=CO2 Laser to Jan
checking ownership. requestor=129.138.12.150
check software interlocks A
interlocks []
actuate state mode=None-script, software_lock=False
doing actuation None-script open_channel False
Open A ===>> OK
GetIndicatorState A ===>> OK
change switch state (True, True)
update switch state A True args=() kw={} ncanvase=2
16:34:11 -- OPEN   VALVE-A (CO2 Laser to Jan)
---------------------------------------- open None (CO2 Laser to Jan) result=[(True, True)], time=0.13 sec
starting measurement
GetData ===>> H2,-0.14256351341723,H1,3.6395340483766,AX,0.233595550490215,L1,0.0609689526170748,L2,0.027859890...
action=open, ok=True, locked=[False]
sleep (1,) {}
SLEEP 1.0
GetData ===>> H2,0.0113794783895289,H1,3.79408989085361,AX,0.327805469917018,L1,0.0538010899434828,L2,0.0657641...
close () {'description': 'CO2 Laser to Roughing'}
closing name=--- desc=CO2 Laser to Roughing
checking ownership. requestor=129.138.12.150
check software interlocks G
interlocks []
actuate state mode=None-script, software_lock=True
VALVE-G(CO2 Laser to Roughing) software locked
change switch state (True, False)
---------------------------------------- close None (CO2 Laser to Roughing) result=[(True, False)]
action=close, ok=True, locked=[True]
open () {'description': 'Microbone to Turbo'}
opening name=--- desc=Microbone to Turbo
checking ownership. requestor=129.138.12.150
check software interlocks U
interlocks []
actuate state mode=None-script, software_lock=False
doing actuation None-script open_channel True
Open U ===>> OK
GetIndicatorState U ===>> OK
change switch state (True, True)
update switch state U True args=() kw={} ncanvase=2
16:34:12 -- OPEN   VALVE-U (Microbone to Turbo)
---------------------------------------- open None (Microbone to Turbo) result=[(True, True)], time=0.17 sec
action=open, ok=True, locked=[False]
open () {'description': 'Microbone to Getter NP-10'}
opening name=--- desc=Microbone to Getter NP-10
checking ownership. requestor=129.138.12.150
check software interlocks M
interlocks []
actuate state mode=None-script, software_lock=False
doing actuation None-script open_channel False
Open M ===>> OK
GetIndicatorState M ===>> OK
change switch state (True, True)
update switch state M True args=() kw={} ncanvase=2
16:34:12 -- OPEN   VALVE-M (Microbone to Getter NP-10)
---------------------------------------- open None (Microbone to Getter NP-10) result=[(True, True)], time=0.14 sec
action=open, ok=True, locked=[False]
open () {'description': 'Microbone to Getter D-50'}
opening name=--- desc=Microbone to Getter D-50
checking ownership. requestor=129.138.12.150
check software interlocks K
interlocks []
actuate state mode=None-script, software_lock=False
doing actuation None-script open_channel False
GetData ===>> H2,-0.186511486823264,H1,3.76204614200486,AX,0.301355342641731,L1,0.0346317422166444,L2,-0.010086...
Open K ===>> OK
GetIndicatorState K ===>> OK
change switch state (True, True)
update switch state K True args=() kw={} ncanvase=2
16:34:13 -- OPEN   VALVE-K (Microbone to Getter D-50)
---------------------------------------- open None (Microbone to Getter D-50) result=[(True, True)], time=0.41 sec
Get Checksum: -860229079
action=open, ok=True, locked=[False]
open () {'description': 'Microbone to CO2 Laser'}
opening name=--- desc=Microbone to CO2 Laser
checking ownership. requestor=129.138.12.150
check software interlocks T
interlocks []
actuate state mode=None-script, software_lock=False
doing actuation None-script open_channel False
Open T ===>> OK
GetIndicatorState T ===>> OK
change switch state (True, True)
update switch state T True args=() kw={} ncanvase=2
16:34:14 -- OPEN   VALVE-T (Microbone to CO2 Laser)
---------------------------------------- open None (Microbone to CO2 Laser) result=[(True, True)], time=0.39 sec
GetData ===>> H2,-0.194480602742403,H1,3.77041761751593,AX,0.19754121189376,L1,0.0424244868124832,L2,0.08607726...
action=open, ok=True, locked=[False]
open () {'description': 'Microbone to Inlet Pipette'}
opening name=--- desc=Microbone to Inlet Pipette
checking ownership. requestor=129.138.12.150
check software interlocks S
interlocks []
actuate state mode=None-script, software_lock=False
doing actuation None-script open_channel False
Open S ===>> OK
GetIndicatorState S ===>> OK
change switch state (True, True)
update switch state S True args=() kw={} ncanvase=2
16:34:14 -- OPEN   VALVE-S (Microbone to Inlet Pipette)
---------------------------------------- open None (Microbone to Inlet Pipette) result=[(True, True)], time=0.40 sec
action=open, ok=True, locked=[False]
sleep (1,) {}
SLEEP 1.0
GetData ===>> H2,-0.0661326767247277,H1,3.7492654758865,AX,0.191537323065473,L1,0.0443336108360249,L2,-0.002473...
set_resource () {'name': 'CO2PumpTimeFlag', 'value': 30}
Set CO2PumpTimeFlag 30 ===>> OK
release ('JanCO2Flag',) {}
release JanCO2Flag
Set JanCO2Flag 0 ===>> OK
executed 6.0
PumpMicrobone.py completed successfully
gosub finished
get_resource_value () {'name': 'JanMiniboneFlag'}
Read JanMiniboneFlag ===>> 0
Get Resource Value JanMiniboneFlag=0.0
get resource value 0.0
get_resource_value () {'name': 'JanMiniboneFlag'}
Read JanMiniboneFlag ===>> 0
Get Resource Value JanMiniboneFlag=0.0
executed 4.0
jan_pump_extraction_line.py completed successfully
Post Equilibration Finished
16:34:16 -- ******* Post Equilibration Finished *******
GetData ===>> H2,-0.0820261765931287,H1,3.80209936272584,AX,0.125089580369374,L1,0.00995462492655376,L2,0.07887...
Get Checksum: -860229079
GetData ===>> H2,-0.120231835630918,H1,3.86065202265289,AX,0.246282655656063,L1,-0.0104048071222034,L2,-0.00132...
GetData ===>> H2,-0.115267672817682,H1,3.84292219260567,AX,0.213766336549176,L1,0.00378722004375283,L2,-0.02168...
GetData ===>> H2,-0.252917270347054,H1,3.92895360622758,AX,0.267283937938403,L1,0.022560691681128,L2,0.00935792...
Get Checksum: -860229079
GetData ===>> H2,-0.234496042241501,H1,3.96264957749677,AX,0.249765142392441,L1,0.0243813894561322,L2,-0.008023...
GetData ===>> H2,-0.200602991858357,H1,3.91705140912355,AX,0.0760722204248654,L1,-0.00268319726154836,L2,0.0135...
GetData ===>> H2,-0.175579377070756,H1,3.95954825649165,AX,0.103716138270089,L1,0.00134787301446795,L2,0.076816...
GetData ===>> H2,-0.09124268910043,H1,3.9991184499075,AX,0.193848253888923,L1,0.0369613597310377,L2,-0.02646166...
GetData ===>> H2,-0.190878949902524,H1,4.02031482058385,AX,0.147106112148261,L1,0.0260307633403887,L2,0.0967454...
Get Checksum: -860229079
GetData ===>> H2,-0.149411329230009,H1,4.02093544653221,AX,0.230656343756301,L1,0.0276677360514491,L2,0.0922204...
GetData ===>> H2,-0.171012663221433,H1,3.95017189430182,AX,0.112592161209717,L1,0.0216498653001997,L2,0.1043370...
Get Checksum: -860229079
GetData ===>> H2,-0.158341780599886,H1,3.9964175063633,AX,0.207900822216001,L1,8.04141293400247E-05,L2,0.019149...
GetData ===>> H2,-0.224374632875466,H1,3.96662670349592,AX,0.129128086462094,L1,-0.00119768541334595,L2,0.00026...
GetData ===>> H2,-0.256568604271729,H1,4.1310876014143,AX,0.161929743147132,L1,0.0271800993688284,L2,0.09899097...
Get Checksum: -860229079
GetData ===>> H2,-0.257002760163549,H1,4.12043858373246,AX,0.140443758272052,L1,0.0511234730734644,L2,0.1325200...
GetData ===>> H2,-0.19895259726537,H1,4.12087669285126,AX,0.204764949491998,L1,0.0103662916749025,L2,0.08496036...
GetData ===>> H2,-0.0925216207245248,H1,4.11255294085835,AX,0.309288465840934,L1,0.0217171530883765,L2,0.208810...
Get Checksum: -860229079
GetData ===>> H2,-0.124543442967835,H1,4.07304497011005,AX,0.257937866574853,L1,-0.00616813010495601,L2,0.02124...
GetData ===>> H2,-0.10892361712965,H1,4.17278157766205,AX,0.24263778614669,L1,-0.0247261035917234,L2,0.04927329...
16:34:36 -- collecting point 25
GetData ===>> H2,-0.131323001691411,H1,4.20712340710636,AX,0.138215337417772,L1,-0.00119888543058619,L2,-0.0053...
Get Checksum: -860229079
GetData ===>> H2,-0.138368214263494,H1,4.19092529077922,AX,0.113590039206553,L1,-0.01691676111136,L2,0.00177804...
GetData ===>> H2,-0.167505491809385,H1,4.1063105719165,AX,0.149717786329932,L1,-0.0151308142880923,L2,0.1732016...
GetData ===>> H2,-0.182274556815469,H1,4.21240966382552,AX,0.325296058855496,L1,0.0409378577530986,L2,-0.001641...
Get Checksum: -860229079
GetData ===>> H2,-0.199473090833159,H1,4.22137500071511,AX,0.273820915451811,L1,0.0394466376482554,L2,0.0581912...
GetData ===>> H2,-0.130873907025541,H1,4.32667763877002,AX,0.235524090027557,L1,0.0158888127146982,L2,-0.013197...
GetData ===>> H2,-0.148494294067004,H1,4.25078585174814,AX,0.115005651113441,L1,0.020188869793691,L2,0.01602642...
Get Checksum: -860229079
GetData ===>> H2,-0.270299492740525,H1,4.26010795784564,AX,0.189539979778342,L1,0.0172639107684406,L2,0.0491022...
GetData ===>> H2,-0.21598834067061,H1,4.28211016771456,AX,0.264613540389703,L1,0.0115917899232847,L2,0.01850015...
GetData ===>> H2,-0.256592799157198,H1,4.34857263091726,AX,0.272230171860764,L1,-0.0502823583849914,L2,0.081096...
Get Checksum: -860229079
GetData ===>> H2,-0.246466741769552,H1,4.3261781416102,AX,0.204753335336165,L1,-0.0284176653372794,L2,0.0319301...
GetData ===>> H2,-0.0954515115932688,H1,4.42117520467631,AX,0.222338752916041,L1,-0.00413969801710778,L2,0.0138...
GetData ===>> H2,-0.00894033103274092,H1,4.40559227079971,AX,0.245922805786603,L1,0.00861292411637361,L2,0.0470...
Get Checksum: -860229079
GetData ===>> H2,-0.156035846728255,H1,4.42312628690253,AX,0.298474953993481,L1,0.0261928874456141,L2,0.0625136...
GetData ===>> H2,-0.243463487056497,H1,4.30191282784349,AX,0.0832057576893984,L1,0.026911068534354,L2,-0.030711...
Get Checksum: -860229079
GetData ===>> H2,-0.144278219537067,H1,4.40132505815047,AX,0.216437875940096,L1,0.0591139186443733,L2,0.0673039...
GetData ===>> H2,-0.175106880665566,H1,4.47082793363756,AX,0.230191655154762,L1,0.00849052381309653,L2,0.105898...
GetData ===>> H2,-0.148480787840292,H1,4.40494608144821,AX,0.244378948843786,L1,0.020460387478717,L2,0.00218837...
Get Checksum: -860229079
GetData ===>> H2,-0.168844255580809,H1,4.37896777350983,AX,0.229517860618203,L1,0.0381347867084976,L2,0.0514970...
GetData ===>> H2,-0.183596659967631,H1,4.41943145642363,AX,0.184999659864406,L1,-0.0104227909111146,L2,0.044563...
GetData ===>> H2,-0.174321142997802,H1,4.5423030852118,AX,0.229517860618203,L1,0.00272713592778529,L2,0.0235048...
Get Checksum: -860229079
GetData ===>> H2,-0.299526001948944,H1,4.63525149832862,AX,0.19589213787892,L1,0.00861412412670691,L2,0.0262409...
GetData ===>> H2,-0.172176982158597,H1,4.49462305557831,AX,0.227868245382621,L1,0.00744418191668056,L2,0.016037...
GetData ===>> H2,-0.111159672299589,H1,4.59333677992511,AX,0.136149451122073,L1,0.0199269702836604,L2,0.0642700...
Get Checksum: -860229079
GetData ===>> H2,-0.10770064712565,H1,4.62806106293534,AX,0.197041841464317,L1,0.0212497525497129,L2,0.09179874...
16:35:02 -- collecting point 50
GetData ===>> H2,-0.165179823413886,H1,4.58333056062294,AX,0.288417490064703,L1,-0.00212765588386087,L2,0.02363...
GetData ===>> H2,-0.175251331658632,H1,4.61842984456251,AX,0.218726165738188,L1,0.00118943192991812,L2,0.144550...
Get Checksum: -860229079
GetData ===>> H2,-0.077735059673377,H1,4.58989550638489,AX,0.199085792445368,L1,-0.0252162331247538,L2,-0.02577...
GetData ===>> H2,-0.130295562758209,H1,4.64553140154209,AX,0.264450996814028,L1,-0.0190129551012805,L2,-0.01229...
GetData ===>> H2,-0.0808583727017983,H1,4.63353014270702,AX,0.184593247682666,L1,0.0142533508510403,L2,0.023447...
Get Checksum: -860229079
GetData ===>> H2,-0.0356342070896765,H1,4.72455142670973,AX,0.241941329777421,L1,0.0313077398713851,L2,0.125496...
GetData ===>> H2,-0.123729394098057,H1,4.73739460468947,AX,0.315375223463844,L1,0.0178572424518112,L2,-0.020673...
GetData ===>> H2,-0.111192163141453,H1,4.77278271288151,AX,0.278976496441239,L1,0.0102810764776647,L2,0.0356128...
Get Checksum: -860229079
GetData ===>> H2,-0.131065991859108,H1,4.70226281193094,AX,0.249440105032128,L1,0.0115101654263325,L2,0.0654448...
GetData ===>> H2,-0.128115372544093,H1,4.7492625460823,AX,0.189110324073479,L1,-0.00213125560267498,L2,0.033902...
GetData ===>> H2,-0.0617289713614572,H1,4.80537304780053,AX,0.193592771404708,L1,-0.0419882412782596,L2,0.06503...
Get Checksum: -860229079
GetData ===>> H2,-0.149187141916075,H1,4.78412952089073,AX,0.197367012616113,L1,0.0360176675873659,L2,0.0867269...
GetData ===>> H2,-0.25707265366874,H1,4.78252941052386,AX,0.288800723138641,L1,0.0436526845894495,L2,0.00102579...
Get Checksum: -860229079
GetData ===>> H2,-0.0515706564307432,H1,4.90309510172804,AX,0.198156718502466,L1,0.00299964972866203,L2,0.13857...
GetData ===>> H2,-0.151212769967611,H1,4.82376159837006,AX,0.211722077610608,L1,-0.0120759633173417,L2,0.084766...
GetData ===>> H2,-0.213173951225073,H1,4.84632390208775,AX,0.348452474443216,L1,-0.0415283872221692,L2,0.061943...
Get Checksum: -860229079
GetData ===>> H2,-0.250511530479251,H1,4.8739849427381,AX,0.199283221799475,L1,0.0038856706633499,L2,0.05538576...
GetData ===>> H2,-0.215926404710665,H1,4.88271834427156,AX,0.353240136438539,L1,0.0115701833744454,L2,0.0004217...
GetData ===>> H2,-0.213459461893239,H1,4.89825708773461,AX,0.277315998020856,L1,0.0210046462763244,L2,-0.042424...
Get Checksum: -860229079
GetData ===>> H2,-0.285191172702085,H1,4.90068828340873,AX,0.26448582755738,L1,0.00772855537027673,L2,0.0413595...
GetData ===>> H2,-0.218454273644001,H1,4.95247788706294,AX,0.294189371941821,L1,-0.031616881098883,L2,0.0486346...
GetData ===>> H2,-0.100756714597287,H1,4.93677204730274,AX,0.261060864018875,L1,-0.0179613151097159,L2,0.112351...
Get Checksum: -860229079
GetData ===>> H2,-0.131465030943535,H1,4.93823863870955,AX,0.260875106725174,L1,-0.000835273663976059,L2,0.0109...
GetData ===>> H2,-0.145472550361468,H1,5.0021779608022,AX,0.326725021126049,L1,-0.0189901727315978,L2,0.0574043...
GetData ===>> H2,-0.165896606701888,H1,5.0979670890632,AX,0.0907690378160691,L1,0.0358650021221977,L2,0.0633576...
Get Checksum: -860229079
16:35:28 -- collecting point 75
GetData ===>> H2,-0.261460486344108,H1,5.00304624494279,AX,0.25433899733639,L1,0.0260379688008237,L2,0.04443832...
GetData ===>> H2,-0.227902473296304,H1,4.90253309848681,AX,0.173098290923627,L1,0.0145739380992783,L2,-0.048279...
GetData ===>> H2,-0.243164732555078,H1,5.17687675903564,AX,0.394270275368808,L1,-0.0253144958292076,L2,0.025157...
Get Checksum: -860229079
GetData ===>> H2,-0.171789788563676,H1,5.11412334074388,AX,0.285595547457732,L1,-0.0210583618251662,L2,0.089017...
GetData ===>> H2,-0.180075206511203,H1,5.03792628228148,AX,0.326109286848248,L1,0.0312897168143267,L2,0.0832736...
GetData ===>> H2,-0.192495252516705,H1,5.02226044047094,AX,0.336507585410684,L1,0.0135773894407142,L2,0.0533216...
Get Checksum: -860229079
GetData ===>> H2,-0.20725336737424,H1,5.04054186742693,AX,0.227275784754121,L1,0.0395380286699883,L2,0.02412044...
GetData ===>> H2,-0.199400277111482,H1,5.12909552128293,AX,0.244355733136552,L1,0.0709766809428181,L2,0.1359864...
GetData ===>> H2,-0.212879005746903,H1,5.20474819680807,AX,0.364478120838006,L1,0.048157993264131,L2,0.08025355...
Get Checksum: -860229079
GetData ===>> H2,-0.330364182094622,H1,5.20128374610367,AX,0.308394069738859,L1,0.00634276050303141,L2,-0.01794...
GetData ===>> H2,-0.223124813004987,H1,5.21810517652554,AX,0.335880170598425,L1,-0.00132368644263073,L2,0.02898...
Get Checksum: -860229079
GetData ===>> H2,-0.168201884643587,H1,5.21566871430677,AX,0.314898955824308,L1,0.0131583881694977,L2,0.1122142...
GetData ===>> H2,-0.220514290795188,H1,5.17543259554352,AX,0.329211233040471,L1,0.00368156679078125,L2,0.016607...
GetData ===>> H2,-0.243608824226095,H1,5.11244766882741,AX,0.351194892846545,L1,-0.011764290959561,L2,0.0723910...
Get Checksum: -860229079
GetData ===>> H2,-0.143032414681548,H1,5.19775820600221,AX,0.223616548931142,L1,-0.00428725594373378,L2,0.00931...
GetData ===>> H2,-0.18609069746342,H1,5.15568141482821,AX,0.250264309020648,L1,0.00520307209947078,L2,0.0709082...
GetData ===>> H2,-0.238919411374371,H1,5.26552838668646,AX,0.313876730697535,L1,0.065463061608728,L2,0.07061164...
Get Checksum: -860229079
GetData ===>> H2,-0.282860274690756,H1,5.35605576685263,AX,0.383993685540969,L1,0.045127273679364,L2,0.05402867...
GetData ===>> H2,-0.169748371446718,H1,5.29184338085551,AX,0.254489914989934,L1,0.0109388124615639,L2,0.0578149...
GetData ===>> H2,-0.193867378309773,H1,5.30775804297232,AX,0.373485713390418,L1,0.0488589992806514,L2,-0.017926...
Get Checksum: -860229079
GetData ===>> H2,-0.151096643738563,H1,5.3110392182574,AX,0.175466837745016,L1,-0.00116888495670574,L2,-0.00201...
GetData ===>> H2,-0.147701451312999,H1,5.23283374810768,AX,0.320103177188397,L1,-0.0153371319283832,L2,0.108566...
GetData ===>> H2,-0.150702345806076,H1,5.32597723592467,AX,0.321613382709539,L1,-0.0832969109316059,L2,0.033503...
Get Checksum: -860229079
GetData ===>> H2,-0.139156302791782,H1,5.33501456637666,AX,0.329443592533432,L1,-0.0470296876428672,L2,0.103322...
GetData ===>> H2,-0.151769079124958,H1,5.37685625096731,AX,0.233328346215024,L1,0.0098898159505455,L2,0.0113641...
16:35:55 -- collecting point 100
GetData ===>> H2,-0.181617495065408,H1,5.34973560557479,AX,0.207610459390909,L1,0.0437753922861992,L2,0.0524321...
Get Checksum: -860229079
GetData ===>> H2,-0.251295570224895,H1,5.40467030627145,AX,0.374973499052652,L1,0.0231459230283659,L2,0.0111589...
GetData ===>> H2,-0.140334953947352,H1,5.41816133367388,AX,0.325168266501945,L1,-0.0094432270852056,L2,0.004707...
GetData ===>> H2,-0.192495252516705,H1,5.41296967167015,AX,0.270070517729219,L1,-0.0276557402044668,L2,0.060073...
Get Checksum: -860229079
GetData ===>> H2,-0.187962550658229,H1,5.40824869586045,AX,0.359213422959053,L1,0.0146651932630757,L2,0.0768119...
GetData ===>> H2,-0.196944562211393,H1,5.44988024503834,AX,0.39840911738551,L1,0.00415581450151368,L2,-0.009904...
GetData ===>> H2,-0.161623583860764,H1,5.60751161686934,AX,0.345024559893486,L1,0.0294971843123167,L2,0.0254657...
Get Checksum: -860229079
GetData ===>> H2,-0.168277459585579,H1,5.48837246513714,AX,0.228356156840042,L1,-0.00665628426341297,L2,-0.0913...
GetData ===>> H2,-0.23169434657495,H1,5.46917355754897,AX,0.305060483824465,L1,0.0192710499970025,L2,-0.0107359...
GetData ===>> H2,-0.167991351789604,H1,5.61254895566512,AX,0.453545317061932,L1,0.021514089523678,L2,0.08955342...
GetData ===>> H2,-0.19195201725907,H1,5.5912401401631,AX,0.394281901083593,L1,0.0322726212056877,L2,-0.03774153...
Get Checksum: -860229079
GetData ===>> H2,-0.125506162956694,H1,5.55072317851495,AX,0.310612651759706,L1,0.0189130748775,L2,0.0978967226...
GetData ===>> H2,-0.16010029707332,H1,5.53995894496302,AX,0.281275694797331,L1,0.0138427259027341,L2,0.04881715...
GetData ===>> H2,-0.057285060902145,H1,5.60180120683256,AX,0.38262200546084,L1,-0.0196016816042624,L2,0.0297068...
Get Checksum: -860229079
GetData ===>> H2,-0.0981761875810435,H1,5.61267152172567,AX,0.297778098557295,L1,-0.0146881767055824,L2,0.06172...
GetData ===>> H2,-0.16353685523556,H1,5.62210954679296,AX,0.388620341978367,L1,0.0234115114992825,L2,0.06376825...
GetData ===>> H2,-0.25595027292921,H1,5.62176633071545,AX,0.231562492902383,L1,0.00938936067505629,L2,0.0819858...
Get Checksum: -860229079
GetData ===>> H2,-0.253744167027524,H1,5.58218865997582,AX,0.299346030293543,L1,0.0668842067623617,L2,0.0574385...
GetData ===>> H2,-0.213987368289403,H1,5.59561898748295,AX,0.348591917585648,L1,0.0286743119528198,L2,0.0026100...
GetData ===>> H2,-0.209608501018356,H1,5.64612525641424,AX,0.270476900604598,L1,0.00561214541735223,L2,0.093143...
Get Checksum: -860229079
GetData ===>> H2,-0.115109335919011,H1,5.6737643553167,AX,0.320811809173904,L1,0.00820132900417888,L2,0.0471294...
measurement finished
estimated time: 125.829 actual time: :126.235
flush and close file /Users/jan/PychronDev/data/isotopes/5e/6393fb-c57e-4972-8862-98d75395be4a.h5
baselines () {'settling_time': 15.0, 'detector': 'H1', 'mass': 34.2, 'ncounts': 60}
%%%%%%%%%%%%%%%%%%%%%%%%%%%%%%%% Baseline
build tables- baseline [Detector(H2), Detector(H1), Detector(AX), Detector(L1), Detector(L2), Detector(CDD)]
add group baseline table H2
add group baseline table H1
add group baseline table AX
add group baseline table L1
add group baseline table L2
add group baseline table CDD
flush and close file /Users/jan/PychronDev/data/isotopes/5e/6393fb-c57e-4972-8862-98d75395be4a.h5
detector Detector(H1)
POSITION 34.2 H1
Mapping mass to dac mass func: "parabolic"
H1 map mass coeffs = [-0.00063987  0.15840543  0.57071999]
H1 map mass to dac 34.2 >> 5.23976599104
GetDeflection H1 ===>> 0
GetHighVoltage ===>> 4500
positioning 34.2 (5.23976599104) on H1
setting magnet DAC
current  : 5.879110
requested: 5.239766
Delta Dac: 0.639344
Checking detector protection. dv=0.63934
Checking detector "CDD". Protection Threshold: 0.1 (V)
ProtectDetector CDD,On ===>> OK
GetDeflection CDD ===>> 2000
SetMagnetDAC 5.23976599104 ===>> OK
Magnet settling time: 0.500
GetMagnetMoving ===>> True
GetMagnetMoving ===>> True
GetMagnetMoving ===>> True
GetMagnetMoving ===>> True
Get Checksum: -860229079
GetMagnetMoving ===>> True
GetMagnetMoving ===>> True
GetMagnetMoving ===>> True
GetMagnetMoving ===>> False
ProtectDetector CDD,Off ===>> OK
GetDeflection CDD ===>> 50
Delaying 15.0s for detectors to settle
Get Checksum: -860229079
Get Checksum: -860229079
Get Checksum: -860229079
Get Checksum: -860229079
Get Checksum: -860229079
Join finished
measuring baseline. ncounts=60
starting measurement
GetData ===>> H2,-0.202286847327059,H1,-0.047777086180356,AX,0.0130869647337013,L1,6.12114335846399E-05,L2,-0.0...
GetData ===>> H2,-0.242662753364467,H1,-0.0300938773029945,AX,-0.0303077152242984,L1,-0.0117079491570961,L2,-0....
Get Checksum: -860229079
GetData ===>> H2,-0.103312293825326,H1,-0.0156755169387289,AX,-0.0684201446350996,L1,0.00597204770402929,L2,-0....
GetData ===>> H2,-0.150322888614729,H1,-0.0615709198862334,AX,0.0390216490541289,L1,0.00519467487399481,L2,-0.0...
GetData ===>> H2,-0.17173042670304,H1,-0.0062648961119514,AX,-0.137005514402305,L1,-0.0138007754213994,L2,0.029...
Get Checksum: -860229079
GetData ===>> H2,-0.193537166773462,H1,-0.00781550288275741,AX,-0.0349000856505303,L1,-0.0339758153218572,L2,-0...
GetData ===>> H2,-0.255040188869591,H1,-0.0198140016269164,AX,-0.021887806599369,L1,-0.0216193971996985,L2,-0.0...
GetData ===>> H2,-0.241053039553313,H1,-0.0432105149033245,AX,-0.138049102040811,L1,-0.0281888542634102,L2,0.03...
Get Checksum: -860229079
GetData ===>> H2,-0.139920007016172,H1,0.0392382136562343,AX,-0.104733070036887,L1,-0.0286967838389036,L2,-0.06...
GetData ===>> H2,-0.213718031371208,H1,-0.0226404763982611,AX,-0.0373469420087877,L1,0.0116566098477843,L2,0.01...
GetData ===>> H2,-0.107527472588989,H1,-0.0749456654521417,AX,0.00929307345888567,L1,0.0126805799018973,L2,-0.0...
Get Checksum: -860229079
GetData ===>> H2,-0.123891667634608,H1,0.0048047484766613,AX,-0.0800468554864493,L1,0.00745738050692311,L2,-0.0...
GetData ===>> H2,-0.116076915821139,H1,0.0366009980006911,AX,-0.029205977968766,L1,-0.0401930146414515,L2,-0.06...
GetData ===>> H2,-0.150872489746564,H1,-0.0578394999257047,AX,-0.0830721227494271,L1,-0.0236007525079237,L2,0.0...
Get Checksum: -860229079
GetData ===>> H2,-0.214874788035584,H1,-0.0791412956895997,AX,-0.000823247110792912,L1,-0.000800471849328786,L2...
GetData ===>> H2,-0.316533290507173,H1,-0.0339575018896586,AX,-0.0264573790786611,L1,-0.000601259147302015,L2,-...
Get Checksum: -860229079
GetData ===>> H2,-0.228027677926417,H1,-0.066601559777779,AX,-0.0559804600932744,L1,0.0127910260309006,L2,0.099...
GetData ===>> H2,-0.277510753043918,H1,0.0744364795312926,AX,-0.0805916423592259,L1,0.0015243217014236,L2,-0.01...
GetData ===>> H2,-0.212578665230416,H1,-0.0272437623398901,AX,-0.0820753017813983,L1,0.00733379438446015,L2,-0....
Get Checksum: -860229079
GetData ===>> H2,-0.120130382239438,H1,-0.000861440209942543,AX,-0.065614688307841,L1,0.00887452975022673,L2,-0...
GetData ===>> H2,-0.194673323558062,H1,0.0207791627374611,AX,-0.0720369772346518,L1,-0.0325042405869176,L2,-0.0...
GetData ===>> H2,-0.29227226415428,H1,0.0234278930184797,AX,-0.167137500241856,L1,-0.0312516159117827,L2,-0.057...
Get Checksum: -860229079
GetData ===>> H2,-0.267157229679401,H1,-0.0563135117419343,AX,-0.13873322563927,L1,0.0102930785745127,L2,-0.088...
GetData ===>> H2,-0.0856724210246938,H1,-0.0663035431347712,AX,-0.141863899360035,L1,-0.0106014281361006,L2,-0....
16:37:00 -- collecting point 25
GetData ===>> H2,-0.140080851439307,H1,-0.121406210149177,AX,-0.0669826481915971,L1,-0.0181963547944215,L2,-0.0...
Get Checksum: -860229079
GetData ===>> H2,-0.145314484386046,H1,-0.0906068650862178,AX,-0.0519688154548408,L1,-0.00347146147275824,L2,0....
GetData ===>> H2,-0.0960122090388095,H1,-0.0175837732133253,AX,0.0768493446495252,L1,-0.0464743067387819,L2,-0....
GetData ===>> H2,-0.19112026411775,H1,0.0508976872273027,AX,-0.0638293558038116,L1,-0.00704007435147918,L2,-0.0...
Get Checksum: -860229079
GetData ===>> H2,-0.146266899854302,H1,-0.0965298306332184,AX,-0.0210875294441075,L1,-0.0238476454227052,L2,-0....
GetData ===>> H2,-0.143102680635969,H1,-0.00412979055759415,AX,-0.0991125812881156,L1,-0.05793467006871,L2,0.05...
GetData ===>> H2,-0.107380001566229,H1,0.0376988349920505,AX,-0.0958444364791213,L1,-0.0285542307223571,L2,0.00...
Get Checksum: -860229079
GetData ===>> H2,-0.119762436999919,H1,-0.0178461556059826,AX,-0.0759086939150887,L1,-0.0386837701689352,L2,-0....
GetData ===>> H2,-0.251068298442449,H1,0.0075007740165002,AX,-0.0970844901647376,L1,-0.0461594974641179,L2,-0.0...
GetData ===>> H2,-0.199776476295828,H1,-0.00124315086387201,AX,-0.0704372409350814,L1,-0.0320803296299345,L2,-0...
Get Checksum: -860229079
GetData ===>> H2,-0.339532162238582,H1,-0.0700227272605545,AX,-0.0708081966221694,L1,0.0173635976586266,L2,0.02...
GetData ===>> H2,-0.236605602231554,H1,-0.0714412258159712,AX,-0.0175615923122742,L1,0.0564180458257098,L2,0.02...
GetData ===>> H2,-0.272620012071512,H1,-0.0692002272913992,AX,-0.0432029123987369,L1,0.0313257629606447,L2,-0.0...
Get Checksum: -860229079
GetData ===>> H2,-0.103205371682754,H1,0.00835970005932403,AX,-0.0819709827176645,L1,0.0206081634514096,L2,-0.0...
GetData ===>> H2,-0.124732748291535,H1,-0.052510361802338,AX,-0.0460785866714041,L1,-0.0200824693423309,L2,0.00...
GetData ===>> H2,-0.23124751818244,H1,-0.0201479352937682,AX,-0.0360365479134045,L1,-0.0265247260195555,L2,-0.0...
Get Checksum: -860229079
GetData ===>> H2,-0.237657544229736,H1,-0.035459982283048,AX,-0.132425169759296,L1,-0.0167764396256251,L2,-0.07...
GetData ===>> H2,-0.163968883100709,H1,0.00326589919301692,AX,-0.0133627768738354,L1,-0.00767329600949302,L2,-0...
Get Checksum: -860229079
GetData ===>> H2,-0.0605710367186934,H1,-0.126021263582099,AX,-0.0455915832955345,L1,-0.0188906491433186,L2,-0....
GetData ===>> H2,-0.0626997016677548,H1,-0.0724425068072908,AX,-0.0953229138526069,L1,-0.0503529528787697,L2,-0...
GetData ===>> H2,-0.212908635320664,H1,-0.0403726972260319,AX,0.0338457642659328,L1,-0.0499293784741195,L2,-0.0...
Get Checksum: -860229079
GetData ===>> H2,-0.174468304201088,H1,-0.0369147433932902,AX,-0.0547514767061171,L1,-0.00917104248842557,L2,0....
GetData ===>> H2,-0.203187317282262,H1,-0.0541198629596227,AX,-0.0569195784462845,L1,0.0046180774308974,L2,0.04...
GetData ===>> H2,-0.224433888144178,H1,0.0628569201158282,AX,-0.0530471061323929,L1,-0.0325641135753653,L2,0.00...
Get Checksum: -860229079
GetData ===>> H2,-0.181276131713035,H1,-0.0418273869279282,AX,0.0288094051024734,L1,-0.0671038413890135,L2,-0.0...
16:37:26 -- collecting point 50
GetData ===>> H2,-0.256951683866756,H1,-0.00519138504537759,AX,-0.0601774372917061,L1,-0.0642146319189741,L2,0....
GetData ===>> H2,-0.336992353888475,H1,-0.0527607303492104,AX,-0.0473424650152317,L1,-0.0442788153073744,L2,-0....
Get Checksum: -860229079
GetData ===>> H2,-0.1323347522556,H1,-0.101165468515352,AX,-0.0281042282413286,L1,-0.00109808348397374,L2,-0.08...
GetData ===>> H2,-0.178168307411853,H1,0.00806146101475238,AX,-0.11322692449757,L1,0.014401035844522,L2,0.04435...
GetData ===>> H2,-0.299370374098221,H1,-0.0710359425662997,AX,-0.147858278598841,L1,0.00648793007356731,L2,0.02...
Get Checksum: -860229079
GetData ===>> H2,-0.14949776170927,H1,-0.00506017734769311,AX,-0.108267437902116,L1,-0.0164142332415477,L2,-0.1...
GetData ===>> H2,-0.234855287241728,H1,0.0144797614444638,AX,-0.162662928259417,L1,-0.0123972154920916,L2,-0.09...
GetData ===>> H2,-0.25535207232293,H1,0.0138713175395601,AX,0.0127272928556913,L1,-0.00644399408596837,L2,0.011...
Get Checksum: -860229079
GetData ===>> H2,-0.180077905362327,H1,-0.0250375506782195,AX,-0.0577659366047919,L1,-0.0122353919843189,L2,-0....
GetData ===>> H2,-0.256868348359895,H1,-0.018478255818377,AX,-0.108418080236743,L1,0.00707342858339354,L2,-0.01...
GetData ===>> H2,-0.26116192294433,H1,-0.020791947076426,AX,-0.011982463731188,L1,0.0018280127351847,L2,0.03511...
Get Checksum: -860229079
measurement finished
estimated time: 62.915 actual time: :63.105
flush and close file /Users/jan/PychronDev/data/isotopes/5e/6393fb-c57e-4972-8862-98d75395be4a.h5
activate_detectors ('H1', 'AX', 'CDD') {'peak_center': True}
peak_center () {'detector': 'H1', 'integration_time': 0.262144, 'isotope': 'Ar40'}
peak center: mean=5.60467279887 threshold=3
peak center started
setup peak center. detector=['H1', 'AX', 'CDD'], isotope=Ar40
VersionedUnpickler [<apptools.sweet_pickle.versioned_unpickler.VersionedUnpickler object at 0x13719ab30>] using Updater [<apptools.sweet_pickle.updater.Updater object at 0x1339c17d0>]
VersionedUnpickler [<apptools.sweet_pickle.versioned_unpickler.VersionedUnpickler object at 0x13719ab30>] using Updater [<apptools.sweet_pickle.updater.Updater object at 0x1339c17d0>]
VersionedUnpickler [<apptools.sweet_pickle.versioned_unpickler.VersionedUnpickler object at 0x13483ae90>] using Updater [<apptools.sweet_pickle.updater.Updater object at 0x1339c17d0>]
setting integration time = 0.524288
SetIntegrationTime 0.524288 ===>> OK
Mapping mass to dac mass func: "parabolic"
H1 map mass coeffs = [-0.00063987  0.15840543  0.57071999]
H1 map mass to dac 39.9624 >> 5.87911
GetDeflection H1 ===>> 0
GetHighVoltage ===>> 4500
do peak center. <pychron.spectrometer.jobs.peak_center.PeakCenter object at 0x1339c1830>
doing pc
starting peak center. center dac= 5.87911 step_width=0.001
width = 0.001
get scan parameters. half-width=0.015,window=0.015, i=0, scalar=1
Scan parameters center=5.87911 width=0.03000 (5.86411 - 5.89411)
GetData ===>> H2,-0.191102738677625,H1,-0.0814774226401969,AX,-0.0994718387364769,L1,-0.0194853778771479,L2,-0....
Moving to starting dac 5.86411
setting magnet DAC
current  : 5.239766
requested: 5.864110
Delta Dac: 0.624344
Checking detector protection. dv=0.62434
Checking detector "CDD". Protection Threshold: 0.1 (V)
ProtectDetector CDD,On ===>> OK
GetDeflection CDD ===>> 2000
SetMagnetDAC 5.86411 ===>> OK
Magnet settling time: 0.500
GetMagnetMoving ===>> True
GetMagnetMoving ===>> True
GetMagnetMoving ===>> True
GetMagnetMoving ===>> True
GetMagnetMoving ===>> True
GetMagnetMoving ===>> True
GetMagnetMoving ===>> True
Get Checksum: -860229079
GetMagnetMoving ===>> True
GetMagnetMoving ===>> False
ProtectDetector CDD,Off ===>> OK
GetDeflection CDD ===>> 50
Wait until signal near baseline. tol= -0.0611080669801. timeout= 10
GetData ===>> H2,-0.10400645582586,H1,0.15130515805819,AX,0.158727415771128,L1,0.071077810111286,L2,0.084322139...
GetData ===>> H2,0.267472170722708,H1,0.127340968750267,AX,-0.192023335196359,L1,0.0310710396214179,L2,-0.20112...
GetData ===>> H2,0.127417494244461,H1,0.18865780196069,AX,-0.164348200583288,L1,-0.0270284851674352,L2,-0.17464...
GetData ===>> H2,-0.00265961892662221,H1,-0.0202671970476185,AX,-0.162958446417677,L1,-0.0136066139811018,L2,0....
GetData ===>> H2,-0.145750326255195,H1,0.0205047487417566,AX,-0.0692432177154682,L1,-0.00928135607545283,L2,-0....
Get Checksum: -860229079
GetData ===>> H2,-0.197088872116135,H1,0.0337013342716077,AX,0.0386038544226787,L1,-0.0302429548333256,L2,-0.01...
GetData ===>> H2,-0.277353037345527,H1,-0.0674836838392199,AX,0.00476844233144235,L1,-0.0696222368969393,L2,-0....
Peak center baseline intensity achieved
_do_sweep sm= 5.86411, em= 5.89411, stm= 0.001
calculated step values: start=5.86411, end=5.89411, width=0.001, nsteps=31.0
setting magnet DAC
current  : 5.864110
requested: 5.864110
Delta Dac: 0.000000
Checking detector protection. dv=0.00000
Checking detector "CDD". Protection Threshold: 0.1 (V)
SetMagnetDAC 5.86411 ===>> OK
GetData ===>> H2,-0.277353037345527,H1,-0.0674836838392199,AX,0.00476844233144235,L1,-0.0696222368969393,L2,-0....
setting magnet DAC
current  : 5.864110
requested: 5.865144
Delta Dac: 0.001034
Checking detector protection. dv=0.00103
Checking detector "CDD". Protection Threshold: 0.1 (V)
SetMagnetDAC 5.86514448276 ===>> OK
Magnet settling time: 1.049
GetData ===>> H2,-0.252985844570592,H1,-0.0200048210015289,AX,-0.0744829000039062,L1,-0.0179899147197008,L2,0.0...
setting magnet DAC
current  : 5.865144
requested: 5.866179
Delta Dac: 0.001034
Checking detector protection. dv=0.00103
Checking detector "CDD". Protection Threshold: 0.1 (V)
SetMagnetDAC 5.86617896552 ===>> OK
Magnet settling time: 1.049
GetData ===>> H2,-0.211922736903723,H1,-0.0233441011692424,AX,-0.0101961470774238,L1,-0.0107512891342885,L2,-0....
setting magnet DAC
current  : 5.866179
requested: 5.867213
Delta Dac: 0.001034
Checking detector protection. dv=0.00103
Checking detector "CDD". Protection Threshold: 0.1 (V)
SetMagnetDAC 5.86721344828 ===>> OK
Magnet settling time: 1.049
GetData ===>> H2,-0.18770103366413,H1,0.0771420623167487,AX,-0.0172252297937047,L1,-0.00879213009014128,L2,-0.1...
setting magnet DAC
current  : 5.867213
requested: 5.868248
Delta Dac: 0.001034
Checking detector protection. dv=0.00103
Checking detector "CDD". Protection Threshold: 0.1 (V)
SetMagnetDAC 5.86824793103 ===>> OK
Magnet settling time: 1.049
GetData ===>> H2,-0.0833252513817172,H1,0.633200548099366,AX,-0.032998221156405,L1,-0.0149872361645116,L2,-0.02...
setting magnet DAC
current  : 5.868248
requested: 5.869282
Delta Dac: 0.001034
Checking detector protection. dv=0.00103
Checking detector "CDD". Protection Threshold: 0.1 (V)
SetMagnetDAC 5.86928241379 ===>> OK
Magnet settling time: 1.049
Get Checksum: -860229079
GetData ===>> H2,-0.164815339944096,H1,1.81084164553555,AX,0.105995551373735,L1,-0.00386736998616271,L2,0.05984...
setting magnet DAC
current  : 5.869282
requested: 5.870317
Delta Dac: 0.001034
Checking detector protection. dv=0.00103
Checking detector "CDD". Protection Threshold: 0.1 (V)
SetMagnetDAC 5.87031689655 ===>> OK
Magnet settling time: 1.049
GetData ===>> H2,-0.226726405222686,H1,3.51043323450047,AX,0.025745940794206,L1,-0.0232598089512366,L2,0.012252...
setting magnet DAC
current  : 5.870317
requested: 5.871351
Delta Dac: 0.001034
Checking detector protection. dv=0.00103
Checking detector "CDD". Protection Threshold: 0.1 (V)
SetMagnetDAC 5.87135137931 ===>> OK
Magnet settling time: 1.049
Get Checksum: -860229079
GetData ===>> H2,-0.196101593748499,H1,5.15587358517211,AX,0.242010975190443,L1,-0.0233723629407977,L2,-0.03857...
setting magnet DAC
current  : 5.871351
requested: 5.872386
Delta Dac: 0.001034
Checking detector protection. dv=0.00103
Checking detector "CDD". Protection Threshold: 0.1 (V)
SetMagnetDAC 5.87238586207 ===>> OK
Magnet settling time: 1.049
GetData ===>> H2,-0.239405402518734,H1,6.20247530643814,AX,0.434111630086304,L1,-0.0594375530415226,L2,0.026238...
setting magnet DAC
current  : 5.872386
requested: 5.873420
Delta Dac: 0.001034
Checking detector protection. dv=0.00103
Checking detector "CDD". Protection Threshold: 0.1 (V)
SetMagnetDAC 5.87342034483 ===>> OK
Magnet settling time: 1.049
GetData ===>> H2,-0.201457758463708,H1,6.80342527767237,AX,0.512895057924446,L1,-0.0326453571285768,L2,0.118153...
setting magnet DAC
current  : 5.873420
requested: 5.874455
Delta Dac: 0.001034
Checking detector protection. dv=0.00103
Checking detector "CDD". Protection Threshold: 0.1 (V)
SetMagnetDAC 5.87445482759 ===>> OK
Magnet settling time: 1.049
Get Checksum: -860229079
GetData ===>> H2,-0.221403732092191,H1,6.93420952121195,AX,0.483994220538277,L1,-0.0642659321398353,L2,0.141391...
setting magnet DAC
current  : 5.874455
requested: 5.875489
Delta Dac: 0.001034
Checking detector protection. dv=0.00103
Checking detector "CDD". Protection Threshold: 0.1 (V)
SetMagnetDAC 5.87548931034 ===>> OK
Magnet settling time: 1.049
GetData ===>> H2,-0.240248096590783,H1,6.89952326347656,AX,0.341166847635611,L1,0.0236700513609782,L2,-0.023157...
setting magnet DAC
current  : 5.875489
requested: 5.876524
Delta Dac: 0.001034
Checking detector protection. dv=0.00103
Checking detector "CDD". Protection Threshold: 0.1 (V)
SetMagnetDAC 5.8765237931 ===>> OK
Magnet settling time: 1.049
GetData ===>> H2,-0.200729727893702,H1,7.09924851640757,AX,0.599881513269379,L1,-0.00124928602549322,L2,-0.0692...
setting magnet DAC
current  : 5.876524
requested: 5.877558
Delta Dac: 0.001034
Checking detector protection. dv=0.00103
Checking detector "CDD". Protection Threshold: 0.1 (V)
SetMagnetDAC 5.87755827586 ===>> OK
Magnet settling time: 1.049
Get Checksum: -860229079
GetData ===>> H2,-0.211669514145689,H1,7.06165891479331,AX,0.517240216472443,L1,-0.0552215791752278,L2,0.045808...
setting magnet DAC
current  : 5.877558
requested: 5.878593
Delta Dac: 0.001034
Checking detector protection. dv=0.00103
Checking detector "CDD". Protection Threshold: 0.1 (V)
SetMagnetDAC 5.87859275862 ===>> OK
Magnet settling time: 1.049
GetData ===>> H2,-0.232616633700129,H1,7.00168694167551,AX,0.449435969017084,L1,-0.0211066720852118,L2,0.138107...
setting magnet DAC
current  : 5.878593
requested: 5.879627
Delta Dac: 0.001034
Checking detector protection. dv=0.00103
Checking detector "CDD". Protection Threshold: 0.1 (V)
SetMagnetDAC 5.87962724138 ===>> OK
Magnet settling time: 1.049
GetData ===>> H2,-0.243542884445803,H1,7.02958402303715,AX,0.413698778359874,L1,0.0152595563231649,L2,0.0887442...
setting magnet DAC
current  : 5.879627
requested: 5.880662
Delta Dac: 0.001034
Checking detector protection. dv=0.00103
Checking detector "CDD". Protection Threshold: 0.1 (V)
SetMagnetDAC 5.88066172414 ===>> OK
Magnet settling time: 1.049
Get Checksum: -860229079
GetData ===>> H2,-0.100122634997563,H1,7.13211047723903,AX,0.365570610310372,L1,0.0214635376569054,L2,0.0557887...
setting magnet DAC
current  : 5.880662
requested: 5.881696
Delta Dac: 0.001034
Checking detector protection. dv=0.00103
Checking detector "CDD". Protection Threshold: 0.1 (V)
SetMagnetDAC 5.8816962069 ===>> OK
Magnet settling time: 1.049
GetData ===>> H2,-0.0360822234819331,H1,7.00686620326032,AX,0.284829108016695,L1,-0.0166744060753316,L2,0.03330...
setting magnet DAC
current  : 5.881696
requested: 5.882731
Delta Dac: 0.001034
Checking detector protection. dv=0.00103
Checking detector "CDD". Protection Threshold: 0.1 (V)
SetMagnetDAC 5.88273068966 ===>> OK
Magnet settling time: 1.049
GetData ===>> H2,-0.108662045258626,H1,7.02080216877141,AX,0.457586711618873,L1,-0.0399786199123567,L2,0.128780...
setting magnet DAC
current  : 5.882731
requested: 5.883765
Delta Dac: 0.001034
Checking detector protection. dv=0.00103
Checking detector "CDD". Protection Threshold: 0.1 (V)
Get Checksum: -860229079
SetMagnetDAC 5.88376517241 ===>> OK
Magnet settling time: 1.049
GetData ===>> H2,-0.100119929924348,H1,7.08927594741844,AX,0.49937286116308,L1,0.0302107951403562,L2,0.08044729...
setting magnet DAC
current  : 5.883765
requested: 5.884800
Delta Dac: 0.001034
Checking detector protection. dv=0.00103
Checking detector "CDD". Protection Threshold: 0.1 (V)
SetMagnetDAC 5.88479965517 ===>> OK
Magnet settling time: 1.049
GetData ===>> H2,-0.181391520439323,H1,6.94663013676464,AX,0.442539718623238,L1,0.0256584882232516,L2,-0.061673...
setting magnet DAC
current  : 5.884800
requested: 5.885834
Delta Dac: 0.001034
Checking detector protection. dv=0.00103
Checking detector "CDD". Protection Threshold: 0.1 (V)
SetMagnetDAC 5.88583413793 ===>> OK
Magnet settling time: 1.049
Get Checksum: -860229079
GetData ===>> H2,-0.161593876324399,H1,6.37859443657549,AX,0.334590497273489,L1,0.00924642029240846,L2,0.022320...
setting magnet DAC
current  : 5.885834
requested: 5.886869
Delta Dac: 0.001034
Checking detector protection. dv=0.00103
Checking detector "CDD". Protection Threshold: 0.1 (V)
SetMagnetDAC 5.88686862069 ===>> OK
Magnet settling time: 1.049
GetData ===>> H2,-0.154896890854812,H1,5.14181590596665,AX,0.109890332680261,L1,0.0099538028922885,L2,0.1857164...
setting magnet DAC
current  : 5.886869
requested: 5.887903
Delta Dac: 0.001034
Checking detector protection. dv=0.00103
Checking detector "CDD". Protection Threshold: 0.1 (V)
SetMagnetDAC 5.88790310345 ===>> OK
Magnet settling time: 1.049
GetData ===>> H2,-0.140625832726507,H1,3.28353620757798,AX,-0.0333925131907722,L1,0.0213002892365569,L2,-0.0099...
setting magnet DAC
current  : 5.887903
requested: 5.888938
Delta Dac: 0.001034
Checking detector protection. dv=0.00103
Checking detector "CDD". Protection Threshold: 0.1 (V)
SetMagnetDAC 5.88893758621 ===>> OK
Magnet settling time: 1.049
Get Checksum: -860229079
GetData ===>> H2,-0.15916569709761,H1,1.49705288530566,AX,-0.123851889318325,L1,-0.0199305150655583,L2,-0.10308...
setting magnet DAC
current  : 5.888938
requested: 5.889972
Delta Dac: 0.001034
Checking detector protection. dv=0.00103
Checking detector "CDD". Protection Threshold: 0.1 (V)
SetMagnetDAC 5.88997206897 ===>> OK
Magnet settling time: 1.049
GetData ===>> H2,-0.259902976873005,H1,0.549573002420334,AX,0.0215222314211275,L1,-0.00371140788475508,L2,0.012...
setting magnet DAC
current  : 5.889972
requested: 5.891007
Delta Dac: 0.001034
Checking detector protection. dv=0.00103
Checking detector "CDD". Protection Threshold: 0.1 (V)
SetMagnetDAC 5.89100655172 ===>> OK
Magnet settling time: 1.049
GetData ===>> H2,-0.286840646686499,H1,0.108173744491924,AX,0.108615238318273,L1,0.00304526949952032,L2,0.02596...
setting magnet DAC
current  : 5.891007
requested: 5.892041
Delta Dac: 0.001034
Checking detector protection. dv=0.00103
Checking detector "CDD". Protection Threshold: 0.1 (V)
SetMagnetDAC 5.89204103448 ===>> OK
Magnet settling time: 1.049
Get Checksum: -860229079
GetData ===>> H2,-0.282977166935863,H1,0.0949686122838191,AX,-0.094117606419437,L1,-0.00976096631205711,L2,-0.0...
setting magnet DAC
current  : 5.892041
requested: 5.893076
Delta Dac: 0.001034
Checking detector protection. dv=0.00103
Checking detector "CDD". Protection Threshold: 0.1 (V)
SetMagnetDAC 5.89307551724 ===>> OK
Magnet settling time: 1.049
GetData ===>> H2,-0.0897168672733147,H1,0.0314580306520764,AX,-0.0508093497823899,L1,-0.0685234957422928,L2,-0....
setting magnet DAC
current  : 5.893076
requested: 5.894110
Delta Dac: 0.001034
Checking detector protection. dv=0.00103
Checking detector "CDD". Protection Threshold: 0.1 (V)
SetMagnetDAC 5.89411 ===>> OK
Magnet settling time: 1.049
GetData ===>> H2,-0.103560262579683,H1,0.0141815041662554,AX,-0.0475627724044232,L1,-0.0409200062933896,L2,-0.0...
result of _do_sweep=True
Get Checksum: -860229079
result of _calculate_peak_center=([5.8714747294589191, 5.8791100000000007, 5.8867452705410823], [5.2806687803933592, 7.1302613027143273, 5.2892874942859169], 5.8806430661322651, 7.1302613027143273)
Failed to find a valid peak. No peak greater than 1.0. max = 0.597397305951
Failed to find a valid peak. No peak greater than 1.0. max = 0.0216389150618
new center pos Detector(H1) (Ar40) @ 5.87911
GetHighVoltage ===>> 4500
GetDeflection H1 ===>> 0
dac uncorrected for HV and deflection 5.87911
update mftable H1 Ar40 5.87911 message=automated run peakcenter
get initial guess parabolic
get initial guess parabolic
get initial guess parabolic
get initial guess parabolic
get initial guess parabolic
get initial guess parabolic
dump mftable to /Users/jan/PychronDev/setupfiles/spectrometer/mftables/mftable.csv
add to repo msg=modified - automated run peakcenter
sweep finished
locally archiving mftable
setting magnet DAC
current  : 5.894110
requested: 5.879110
Delta Dac: 0.015000
Checking detector protection. dv=0.01500
Checking detector "CDD". Protection Threshold: 0.1 (V)
SetMagnetDAC 5.87911 ===>> OK
Magnet settling time: 0.500
setting integration time = 1.048576
SetIntegrationTime 1.048576 ===>> OK
Failed to find a valid peak. No peak greater than 1.0. max = 0.597397305951
Failed to find a valid peak. No peak greater than 1.0. max = 0.0216389150618
flush and close file /Users/jan/PychronDev/data/isotopes/5e/6393fb-c57e-4972-8862-98d75395be4a.h5
finished measure script
executed 226.132928
jan_unknown120_60.py completed successfully
Measurement Finished
16:38:17 -- ******* Measurement Finished *******
Post Measurement Started jan_pump_ms.py
16:38:17 -- ******* Post Measurement Started jan_pump_ms.py *******
testing...
no interpolation path defined
executed 0
Pumping spectrometer
open () {'name': 'O'}
opening name=O desc=---
checking ownership. requestor=129.138.12.150
check software interlocks O
interlocks []
actuate state mode=None-script, software_lock=False
doing actuation None-script open_channel True
Open O ===>> OK
GetIndicatorState O ===>> OK
change switch state (True, True)
update switch state O True args=() kw={} ncanvase=2
16:38:17 -- OPEN   VALVE-O (Jan Ion Pump)
---------------------------------------- open O () result=[(True, True)], time=0.09 sec
action=open, ok=True, locked=[False]
executed 0
jan_pump_ms.py completed successfully
setting _ms_pumptime
Post Measurement Finished
16:38:17 -- ******* Post Measurement Finished *******
$$$$$$$$$$$$$$$$$$$$ state at run end measurement
state changed from measurement to success
post measurement save measured=True aborted=False
Set filtering
setting fod for Ar40= {'filter_outliers': True, 'std_devs': 2, 'iterations': 1}
setting fod for H1= {'filter_outliers': True, 'std_devs': 2, 'iterations': 1}
setting fod for PM41= {'filter_outliers': False, 'std_devs': 2, 'iterations': 1}
setting fod for H2= {'filter_outliers': True, 'std_devs': 2, 'iterations': 1}
setting fod for Ar36= {'filter_outliers': True, 'std_devs': 2, 'iterations': 1}
setting fod for CDD= {'filter_outliers': True, 'std_devs': 10, 'iterations': 1}
setting fod for Ar37= {'filter_outliers': True, 'std_devs': 2, 'iterations': 1}
setting fod for L2= {'filter_outliers': True, 'std_devs': 2, 'iterations': 1}
setting fod for Ar38= {'filter_outliers': True, 'std_devs': 2, 'iterations': 1}
setting fod for L1= {'filter_outliers': True, 'std_devs': 2, 'iterations': 1}
setting fod for Ar39= {'filter_outliers': True, 'std_devs': 2, 'iterations': 1}
setting fod for AX= {'filter_outliers': True, 'std_devs': 2, 'iterations': 1}
persistence save...
persistence save - db
post measurement save
5056643632 connecting to database sqlite:////Users/jan/PychronDev/.appdata/local_lab.db
connected to db sqlite:////Users/jan/PychronDev/.appdata/local_lab.db
create new session 5056643632
close session 5056643632
No database instance. Not saving post measurement to isotopedb database
$$$$$$$$$$$$$$$ auto_save_detector_ic=False
massspec enabled True
create new session 5015664976
MassSpec Database Version: 16.0
close session 5015664976
saving post measurement to secondary database
saving to massspec database 129.138.12.160/massspecdata
setting labnumber to 65572
setting aliquot to 8
setting step to A
setting uuid to 5e6393fb-c57e-4972-8862-98d75395be4a
setting irradpos to 65572
setting extract_device to Fusions CO2
setting tray to 
setting position to 208
setting power_requested to 0.3
setting extract_value to 0.3
setting duration to 30.0
setting duration_at_request to 30.0
setting first_stage_delay to 30.0
setting cleanup to 30.0
setting comment to M:15 with inclusions
setting irradiation to NM-289
setting level to M
setting irradiation_level to M
setting sample to NM-2602 W
setting material to Sanidine
setting project to JoyitaHills
setting mass_spectrometer to Jan
no attribute chron_dosages
no attribute production_ratios
no attribute interference_corrections
no attribute production_name
no attribute j
Reference Isotope=Ar40
Reference Detector=H1
%%%%%%%%%%%%%%%%%%%% Comment: M:15 with inclusions %%%%%%%%%%%%%%%%%%%
adding isotope PM41 H2
add baseline dbdet= PM41. original det= H2
get baseline data PM41 H2
Get data baseline <pychron.processing.isotope.Baseline object at 0x13e903b50> len t=60
baseline PM41. v=-0.187163598238, e=0.00833180642909
get signal data PM41 H2
Get data signal PM41 0.04+/-0.06 len t=120
adding isotope Ar40 H1
add baseline dbdet= Ar40. original det= H1
get baseline data Ar40 H1
Get data baseline <pychron.processing.isotope.Baseline object at 0x13e1befd0> len t=60
baseline Ar40. v=-0.0275179428828, e=0.00493932731771
get signal data Ar40 H1
Get data signal Ar40 3.589+/-0.010 len t=120
adding isotope Ar39 AX
add baseline dbdet= Ar39. original det= AX
get baseline data Ar39 AX
Get data baseline <pychron.processing.isotope.Baseline object at 0x13e18f1d0> len t=60
baseline Ar39. v=-0.0608191276561, e=0.00621839485231
get signal data Ar39 AX
Get data signal Ar39 0.221+/-0.013 len t=120
adding isotope Ar38 L1
add baseline dbdet= Ar38. original det= L1
get baseline data Ar38 L1
Get data baseline <pychron.processing.isotope.Baseline object at 0x13e18f390> len t=60
baseline Ar38. v=-0.0125837234477, e=0.00275424060716
get signal data Ar38 L1
Get data signal Ar38 0.032+/-0.004 len t=120
adding isotope Ar37 L2
add baseline dbdet= Ar37. original det= L2
get baseline data Ar37 L2
Get data baseline <pychron.processing.isotope.Baseline object at 0x13e18f550> len t=60
baseline Ar37. v=-0.030225403637, e=0.00601334367828
get signal data Ar37 L2
Get data signal Ar37 0.064+/-0.009 len t=120
adding isotope Ar36 CDD
add baseline dbdet= Ar36. original det= CDD
get baseline data Ar36 CDD
Get data baseline <pychron.processing.isotope.Baseline object at 0x13e18f710> len t=60
baseline Ar36. v=1.24054509335e-05, e=5.3565219893e-06
get signal data Ar36 CDD
Get data signal Ar36 0.01564+/-0.00031 len t=120
65572-08A added analysis time 0.506381034851s
analysis added to mass spec database
mass spec save time= 0.515
persistence save - dvc
================= post measurement started
create new session 4984870000
close session 4984870000
---------------- Experiment Queue saving disabled
Get Checksum: -1965264452
DVC saving peakcenter
Failed to find a valid peak. No peak greater than 1.0. max = 0.597397305951
Failed to find a valid peak. No peak greater than 1.0. max = 0.0216389150618
Smart pull ahead: 0 behind: 0
Up-to-date with origin
add to repo msg=modified - ad8224ebc6dbfeb9f5997218dfa5fe690569839d.json
add to repo msg=modified - 72-08A.json
add to repo msg=modified - 72-08A.dat.json
add to repo msg=modified - 72-08A.blan.json
add to repo msg=modified - 72-08A.inte.json
add to repo msg=modified - 72-08A.icfa.json
add to repo msg=modified - 72-08A.base.json
not at valid file /Users/jan/PychronDev/data/.dvc/repositories/Load1783/655/tags/72-08A.tags.json
add to repo msg=modified - 72-08A.peak.json
add to repo msg=modified - 72-08A.extr.json
not at valid file /Users/jan/PychronDev/data/.dvc/repositories/Load1783/655/monitor/72-08A.moni.json
commit message=<COLLECTION>
Get Checksum: -1965264452
add to repo msg=modified - 72-08A.inte.json
add to repo msg=modified - 72-08A.base.json
commit message=<ISOEVO> default collection fits
add to repo msg=modified - 72-08A.blan.json
commit message=<BLANKS> preceding ba-01-J-2238
add to repo msg=modified - 72-08A.icfa.json
commit message=<ICFactor> default
Get Checksum: -1965264452
push repository <pychron.git_archive.repo_manager.GitRepoManager object at 0x12d77c4d0>
pushing to remote=origin, url=https://github.com
Get Checksum: -1965264452
no changes to meta repo
create new session 4984870000
add association Load1783
get identifier "65572"
setting analysis irradiation position=<pychron.dvc.dvc_orm.IrradiationPositionTbl object at 0x13343a210>
close session 4984870000
================= post measurement finished
16:38:30 -- ******* Post Run Check *******
loading queue conditionals post_run_actions
loading system conditionals post_run_actions
loading conditionals from /Users/jan/PychronDev/setupfiles/spectrometer/default_conditionals.yaml
loading queue conditionals post_run_terminations
loading system conditionals post_run_terminations
loading conditionals from /Users/jan/PychronDev/setupfiles/spectrometer/default_conditionals.yaml
Checking default post run terminations n=1
GetDeflection CDD ===>> 50
testing CDD==2000
evaluate ot="CDD.deflection==2000" t="CDD==2000", ctx="{'CDD': 50.0}"
16:38:30 -- ******* Post Run Check Passed *******
16:38:30 -- Automated run 65572-08A success duration: 362.382 s
----------------- finish -----------------
----------------- stop -----------------
retroactive repository identifiers disabled
finish run. runs completed=14
update duration runid=65572-08A, duration=362.382371187, md5=301e91d8
loading script "jan_unknown120_60.py"
loading script "jan_pump_ms.py"
loading script "jan_co2.py"
loading script "jan_pump_extraction_line.py"
testing...
no interpolation path defined
executed 213.652928
script duration name:unknown120_60 seconds:214.0
loading script "jan_unknown120_60.py"
loading script "jan_pump_ms.py"
loading script "jan_co2.py"
loading script "jan_pump_extraction_line.py"
testing...
no interpolation path defined
executed 0
loading script "jan_unknown120_60.py"
loading script "jan_pump_ms.py"
loading script "jan_co2.py"
loading script "jan_pump_extraction_line.py"
testing...
no interpolation path defined
calculate duration
testing...
no interpolation path defined
executed 0
calculate duration
testing...
no interpolation path defined
executed 0
executed 0.0
script duration name:co2 seconds:0.0
loading script "jan_unknown120_60.py"
loading script "jan_pump_ms.py"
loading script "jan_co2.py"
loading script "jan_pump_extraction_line.py"
testing...
no interpolation path defined
calculate duration
testing...
no interpolation path defined
executed 4.0
executed 4.0
Script duration 214.0
Run total estimated duration= 215.000
unknown120_60 in script context. using previous estimated duration
script duration name:unknown120_60 seconds:214.0
pump_ms in script context. using previous estimated duration
co2 in script context. using previous estimated duration
script duration name:co2 seconds:0.0
pump_extraction_line in script context. using previous estimated duration
Script duration 214.0
Run total estimated duration= 215.000
script duration name:unknown120_60 seconds:214.0
script duration name:co2 seconds:0.0
Script duration 214.0
Run total estimated duration= 215.000
script duration name:unknown120_60 seconds:214.0
script duration name:co2 seconds:0.0
Script duration 214.0
Run total estimated duration= 215.000
script duration name:unknown120_60 seconds:214.0
script duration name:co2 seconds:0.0
Script duration 214.0
Run total estimated duration= 215.000
script duration name:unknown120_60 seconds:214.0
script duration name:co2 seconds:0.0
Script duration 214.0
Run total estimated duration= 215.000
script duration name:unknown120_60 seconds:214.0
script duration name:co2 seconds:0.0
Script duration 214.0
Run total estimated duration= 215.000
script duration name:unknown120_60 seconds:214.0
script duration name:co2 seconds:0.0
Script duration 214.0
Run total estimated duration= 215.000
script duration name:unknown120_60 seconds:214.0
script duration name:co2 seconds:0.0
Script duration 214.0
Run total estimated duration= 215.000
script duration name:unknown120_60 seconds:214.0
script duration name:co2 seconds:0.0
Script duration 214.0
Run total estimated duration= 215.000
script duration name:unknown120_60 seconds:214.0
script duration name:co2 seconds:0.0
Script duration 214.0
Run total estimated duration= 215.000
loading script "jan_unknown400_120.py"
loading script "jan_pump_ms.py"
loading script "jan_co2.py"
loading script "jan_pump_extraction_line.py"
testing...
no interpolation path defined
executed 556.052928
script duration name:unknown400_120 seconds:556.0
script duration name:co2 seconds:0.0
Script duration 556.0
Run total estimated duration= 557.000
unknown400_120 in script context. using previous estimated duration
script duration name:unknown400_120 seconds:556.0
loading script "jan_unknown400_120.py"
loading script "jan_pump_ms.py"
loading script "jan_cocktail_x1.py"
loading script "jan_pump_extraction_line.py"
testing...
no interpolation path defined
calculate duration
testing...
no interpolation path defined
executed 0
calculate duration
testing...
no interpolation path defined
executed 0
calculate duration
testing...
no interpolation path defined
executed 32.0
calculate duration
testing...
no interpolation path defined
executed 34.0
calculate duration
testing...
no interpolation path defined
executed 4.0
calculate duration
testing...
no interpolation path defined
executed 38.0
executed 108.0
script duration name:cocktail_x1 seconds:108.0
Script duration 664.0
Run total estimated duration= 665.000
script duration name:unknown120_60 seconds:214.0
cocktail_x1 in script context. using previous estimated duration
script duration name:cocktail_x1 seconds:108.0
Script duration 322.0
Run total estimated duration= 323.000
loading script "jan_ic_peak_hop3.py"
loading script "jan_pump_ms.py"
loading script "jan_air_x1.py"
loading script "jan_pump_extraction_line.py"
testing...
no interpolation path defined
executed 133.8
script duration name:ic_peak_hop3 seconds:134.0
loading script "jan_ic_peak_hop3.py"
loading script "jan_pump_ms.py"
loading script "jan_air_x1.py"
loading script "jan_pump_extraction_line.py"
testing...
no interpolation path defined
calculate duration
testing...
no interpolation path defined
executed 0
calculate duration
testing...
no interpolation path defined
executed 0
calculate duration
testing...
no interpolation path defined
executed 32.0
calculate duration
testing...
no interpolation path defined
executed 34.0
calculate duration
testing...
no interpolation path defined
executed 4.0
calculate duration
testing...
no interpolation path defined
executed 36.0
executed 106.0
script duration name:air_x1 seconds:106.0
Script duration 240.0
Run total estimated duration= 241.000
script duration name:unknown120_60 seconds:214.0
script duration name:co2 seconds:0.0
Script duration 214.0
Run total estimated duration= 215.000
script duration name:unknown120_60 seconds:214.0
script duration name:co2 seconds:0.0
Script duration 214.0
Run total estimated duration= 215.000
script duration name:unknown120_60 seconds:214.0
script duration name:co2 seconds:0.0
Script duration 214.0
Run total estimated duration= 215.000
script duration name:unknown120_60 seconds:214.0
script duration name:co2 seconds:0.0
Script duration 214.0
Run total estimated duration= 215.000
script duration name:unknown120_60 seconds:214.0
script duration name:co2 seconds:0.0
Script duration 214.0
Run total estimated duration= 215.000
script duration name:unknown120_60 seconds:214.0
script duration name:co2 seconds:0.0
Script duration 214.0
Run total estimated duration= 215.000
script duration name:unknown120_60 seconds:214.0
script duration name:co2 seconds:0.0
Script duration 214.0
Run total estimated duration= 215.000
script duration name:unknown120_60 seconds:214.0
script duration name:co2 seconds:0.0
Script duration 214.0
Run total estimated duration= 215.000
script duration name:unknown120_60 seconds:214.0
script duration name:co2 seconds:0.0
Script duration 214.0
Run total estimated duration= 215.000
script duration name:unknown120_60 seconds:214.0
script duration name:co2 seconds:0.0
Script duration 214.0
Run total estimated duration= 215.000
script duration name:unknown400_120 seconds:556.0
loading script "jan_unknown400_120.py"
loading script "jan_pump_ms.py"
loading script "jan_sniffair_x2.py"
loading script "jan_pump_extraction_line.py"
testing...
no interpolation path defined
calculate duration
testing...
no interpolation path defined
executed 0
calculate duration
testing...
no interpolation path defined
executed 0
calculate duration
testing...
no interpolation path defined
executed 32.0
calculate duration
testing...
no interpolation path defined
executed 34.0
calculate duration
testing...
no interpolation path defined
executed 4.0
calculate duration
testing...
no interpolation path defined
executed 36.0
calculate duration
testing...
no interpolation path defined
executed 34.0
calculate duration
testing...
no interpolation path defined
executed 4.0
calculate duration
testing...
no interpolation path defined
executed 36.0
calculate duration
testing...
no interpolation path defined
executed 70.0
executed 250.0
script duration name:sniffair_x2 seconds:250.0
Script duration 806.0
Run total estimated duration= 807.000
script duration name:unknown400_120 seconds:556.0
sniffair_x2 in script context. using previous estimated duration
script duration name:sniffair_x2 seconds:250.0
Script duration 806.0
Run total estimated duration= 807.000
script duration name:unknown400_120 seconds:556.0
script duration name:co2 seconds:0.0
Script duration 556.0
Run total estimated duration= 557.000
nruns=28 before=5.0, run_dur=8472.0, btw=1215.0
write rem/ex queues
/Users/jan/PychronDev/experiments/rem/CurrentExperiment.rem.txt
/Users/jan/PychronDev/experiments/rem/CurrentExperiment.ex.txt
doing event level: 3
