do run
loading script "jan_unknown120_60.py"
loading script "jan_pump_ms.py"
loading script "jan_co2.py"
loading script "jan_pump_extraction_line.py"
testing...
no interpolation path defined
executed 213.652928
script duration name:unknown120_60 seconds:214.0
loading script "jan_unknown120_60.py"
loading script "jan_pump_ms.py"
loading script "jan_co2.py"
loading script "jan_pump_extraction_line.py"
testing...
no interpolation path defined
executed 0
loading script "jan_unknown120_60.py"
loading script "jan_pump_ms.py"
loading script "jan_co2.py"
loading script "jan_pump_extraction_line.py"
testing...
no interpolation path defined
calculate duration
testing...
no interpolation path defined
executed 0
calculate duration
testing...
no interpolation path defined
executed 0
executed 0.0
script duration name:co2 seconds:0.0
loading script "jan_unknown120_60.py"
loading script "jan_pump_ms.py"
loading script "jan_co2.py"
loading script "jan_pump_extraction_line.py"
testing...
no interpolation path defined
calculate duration
testing...
no interpolation path defined
executed 4.0
executed 4.0
Script duration 214.0
Run total estimated duration= 215.000
run duration: 0:03:35
doing event level: 2
07:30:47 -- Setting default integration. t=1.048576
setting integration time = 1.048576
SetIntegrationTime 1.048576 ===>> OK
----------------- start -----------------
**************** Experiment Type: Ar/Ar, Ar/Ar
create new session 5004766384
close session 5004766384
$$$$$ Clearing conditionals
adding conditionals 
Add queue conditionals
add default conditionals
adding default conditionals from /Users/jan/PychronDev/setupfiles/spectrometer/default_conditionals.yaml
Start automated run 65572-02B
loading script "jan_unknown120_60.py"
loading script "jan_pump_ms.py"
loading script "jan_co2.py"
loading script "jan_pump_extraction_line.py"
%%%%%%%%%%%%%%%%%% setting automated run 65572-02B
No value "sensitivity_multiplier" in metadata
$$$$$$$$$$$$$$$ auto_save_detector_ic=False
============================= Pre Extraction Check =============================
loading queue conditionals pre_run_terminations
loading system conditionals pre_run_terminations
loading conditionals from /Users/jan/PychronDev/setupfiles/spectrometer/default_conditionals.yaml
07:30:47 -- ******* Pre Extraction Check *******
Get a measurement from the spectrometer
GetData ===>> H2,-0.268887061073588,H1,-0.062882248492868,AX,-0.0341810924672218,L1,-0.0393366061080136,L2,0.02...
Pre Extraction Termination data. keys=H2,H1,AX,L1,L2,CDD, signals=-0.26889,-0.06288,-0.03418,-0.03934,0.02916,0.00447
07:30:47 -- testing system defined conditionals
Checking default pre extraction terminations n=2
testing CDD
evaluate ot="CDD.inactive" t="CDD", ctx="{'CDD': False}"
GetDeflection CDD ===>> 50
testing CDD==2000
evaluate ot="CDD.deflection==2000" t="CDD==2000", ctx="{'CDD': 50.0}"
07:30:47 -- ******* Pre Extraction Check Passed *******
=================================================================================
07:30:47 -- stopping status monitor
stop 4976489392
Alive clients [4984697584]
07:30:47 -- starting status monitor
start 4976489392
Monitor already running
start extraction
do extraction
Analysis started at 07:30:47.257234
Extraction Started jan_co2.py
07:30:47 -- ******* Extraction Started jan_co2.py *******
state changed from not run to extraction
DO EXTRACTION <pychron.extraction_line.pyscript_runner.RemotePyScriptRunner object at 0x12988f3b0>
testing...
no interpolation path defined
calculate duration
testing...
no interpolation path defined
executed 0
calculate duration
testing...
no interpolation path defined
executed 0
executed 100.0
Jan CO2 laser analysis
doing GOSUB
testing...
no interpolation path defined
executed 0
Waiting for CO2 access
wait ('FelixCO2Flag', 0) {}
waiting for FelixCO2Flag = 0
Read FelixCO2Flag ===>> 0
finished waiting
CO2 free
wait ('CO2PumpTimeFlag', 0) {}
waiting for CO2PumpTimeFlag = 0
Read CO2PumpTimeFlag ===>> 0
finished waiting
acquire ('JanCO2Flag',) {'clear': True}
acquire JanCO2Flag
Set JanCO2Flag 1 ===>> OK
JanCO2Flag acquired
set extraction state False (0.75, 'red', 1.5)
CO2 acquired
executed 0
WaitForCO2Access.py completed successfully
gosub finished
doing GOSUB
testing...
no interpolation path defined
executed 0
Prepare for CO2 analysis
close () {'description': 'Jan Inlet'}
closing name=--- desc=Jan Inlet
checking ownership. requestor=129.138.12.150
check software interlocks R
interlocks []
actuate state mode=None-script, software_lock=False
doing actuation None-script close_channel False
Close R ===>> OK
GetIndicatorState R ===>> False
change switch state (True, True)
update switch state R False args=() kw={} ncanvase=2
07:30:47 -- CLOSE  VALVE-R (Jan Inlet)
---------------------------------------- close None (Jan Inlet) result=[(True, True)]
action=close, ok=True, locked=[False]
open () {'description': 'Jan Ion Pump'}
opening name=--- desc=Jan Ion Pump
checking ownership. requestor=129.138.12.150
check software interlocks O
interlocks []
actuate state mode=None-script, software_lock=False
doing actuation None-script open_channel False
Open O ===>> OK
GetIndicatorState O ===>> OK
change switch state (True, True)
update switch state O True args=() kw={} ncanvase=2
07:30:48 -- OPEN   VALVE-O (Jan Ion Pump)
---------------------------------------- open None (Jan Ion Pump) result=[(True, True)], time=0.09 sec
action=open, ok=True, locked=[False]
close () {'description': 'Microbone to Minibone'}
closing name=--- desc=Microbone to Minibone
checking ownership. requestor=129.138.12.150
check software interlocks L
interlocks []
actuate state mode=None-script, software_lock=False
doing actuation None-script close_channel False
Close L ===>> OK
GetIndicatorState L ===>> False
change switch state (True, True)
update switch state L False args=() kw={} ncanvase=2
07:30:48 -- CLOSE  VALVE-L (Microbone to Minibone)
---------------------------------------- close None (Microbone to Minibone) result=[(True, True)]
action=close, ok=True, locked=[False]
open () {'description': 'Microbone to Turbo'}
opening name=--- desc=Microbone to Turbo
checking ownership. requestor=129.138.12.150
check software interlocks U
interlocks []
actuate state mode=None-script, software_lock=False
doing actuation None-script open_channel False
Open U ===>> OK
GetIndicatorState U ===>> OK
change switch state (True, True)
update switch state U True args=() kw={} ncanvase=2
07:30:49 -- OPEN   VALVE-U (Microbone to Turbo)
---------------------------------------- open None (Microbone to Turbo) result=[(True, True)], time=0.13 sec
action=open, ok=True, locked=[False]
open () {'description': 'Microbone to Inlet Pipette'}
opening name=--- desc=Microbone to Inlet Pipette
checking ownership. requestor=129.138.12.150
check software interlocks S
interlocks []
actuate state mode=None-script, software_lock=False
doing actuation None-script open_channel False
Open S ===>> OK
Get Checksum: 2035439760
GetIndicatorState S ===>> OK
change switch state (True, True)
update switch state S True args=() kw={} ncanvase=2
07:30:49 -- OPEN   VALVE-S (Microbone to Inlet Pipette)
---------------------------------------- open None (Microbone to Inlet Pipette) result=[(True, True)], time=0.42 sec
action=open, ok=True, locked=[False]
open () {'description': 'Microbone to Getter D-50'}
opening name=--- desc=Microbone to Getter D-50
checking ownership. requestor=129.138.12.150
check software interlocks K
interlocks []
actuate state mode=None-script, software_lock=False
doing actuation None-script open_channel False
Open K ===>> OK
GetIndicatorState K ===>> OK
change switch state (True, True)
update switch state K True args=() kw={} ncanvase=2
07:30:50 -- OPEN   VALVE-K (Microbone to Getter D-50)
---------------------------------------- open None (Microbone to Getter D-50) result=[(True, True)], time=0.43 sec
action=open, ok=True, locked=[False]
open () {'description': 'Microbone to Getter NP-10'}
opening name=--- desc=Microbone to Getter NP-10
checking ownership. requestor=129.138.12.150
check software interlocks M
interlocks []
actuate state mode=None-script, software_lock=False
doing actuation None-script open_channel False
Open M ===>> OK
GetIndicatorState M ===>> OK
change switch state (True, True)
update switch state M True args=() kw={} ncanvase=2
07:30:50 -- OPEN   VALVE-M (Microbone to Getter NP-10)
---------------------------------------- open None (Microbone to Getter NP-10) result=[(True, True)], time=0.14 sec
action=open, ok=True, locked=[False]
close () {'description': 'CO2 Laser to Felix'}
closing name=--- desc=CO2 Laser to Felix
checking ownership. requestor=129.138.12.150
check software interlocks F
interlocks []
actuate state mode=None-script, software_lock=True
VALVE-F(CO2 Laser to Felix) software locked
change switch state (True, False)
---------------------------------------- close None (CO2 Laser to Felix) result=[(True, False)]
action=close, ok=True, locked=[True]
open () {'description': 'CO2 Laser to Jan'}
opening name=--- desc=CO2 Laser to Jan
checking ownership. requestor=129.138.12.150
check software interlocks A
interlocks []
actuate state mode=None-script, software_lock=False
doing actuation None-script open_channel False
Open A ===>> OK
GetIndicatorState A ===>> OK
change switch state (True, True)
update switch state A True args=() kw={} ncanvase=2
07:30:51 -- OPEN   VALVE-A (CO2 Laser to Jan)
---------------------------------------- open None (CO2 Laser to Jan) result=[(True, True)], time=0.26 sec
action=open, ok=True, locked=[False]
open () {'description': 'Microbone to CO2 Laser'}
opening name=--- desc=Microbone to CO2 Laser
checking ownership. requestor=129.138.12.150
check software interlocks T
interlocks []
actuate state mode=None-script, software_lock=False
doing actuation None-script open_channel False
Open T ===>> OK
GetIndicatorState T ===>> OK
change switch state (True, True)
update switch state T True args=() kw={} ncanvase=2
07:30:52 -- OPEN   VALVE-T (Microbone to CO2 Laser)
---------------------------------------- open None (Microbone to CO2 Laser) result=[(True, True)], time=0.41 sec
action=open, ok=True, locked=[False]
executed 0
PrepareForCO2Analysis.py completed successfully
gosub finished
set_motor ('beam', '1.25') {}
setting motor "beam" to 1.25
set motor beam to 1.25
SetMotor beam,1.25 ===>> OK
Get Checksum: 2035439760
GetMotorMoving beam ===>> False
GetMotorMoving beam ===>> False
Block completed
move_to_position ('202',) {'autocenter': True}
FusionsCO2 move to position 202
sending GoToHole 202,True
GoToHole 202,True ===>> OK
GetDriveMoving ===>> False
GetDriveMoving ===>> False
Block completed
GetAutoCorrecting ===>> False
GetAutoCorrecting ===>> False
Block completed
update position
GetPosition ===>> 0.00000,-11.96340,1.00000
got position (0.0, -11.9634, 1.0)
move to position succeeded
sleep (5,) {}
SLEEP 5.0
block started
WaitControl setup for 5.0  
Get Checksum: 2035439760
Get Checksum: 2035439760
Join finished
block finished. duration 5.00962495804
close () {'description': 'Microbone to Turbo'}
closing name=--- desc=Microbone to Turbo
checking ownership. requestor=129.138.12.150
check software interlocks U
interlocks []
actuate state mode=None-script, software_lock=False
doing actuation None-script close_channel True
Close U ===>> OK
GetIndicatorState U ===>> False
change switch state (True, True)
update switch state U False args=() kw={} ncanvase=2
07:31:00 -- CLOSE  VALVE-U (Microbone to Turbo)
---------------------------------------- close None (Microbone to Turbo) result=[(True, True)]
action=close, ok=True, locked=[False]
enable laser
enable () {}
set extraction state FusionsCO2 Enabled (False, 'red', 1.5)
enabling laser
Enable ===>> OK
begin interval
BEGIN INTERVAL Interval 1 waiting for 30.0
block started
set extract to 0.4
WaitControl setup for 30.0  
extract (0.4,) {}
GetPosition ===>> 0.00000,-11.96340,1.00000
set extraction state FusionsCO2 ON! 0.4(watts) (0.75, 'red', 1.5)
extract sample to 0.4 (watts)
set laser output
SetLaserOutput 0.4,watts ===>> OK
executing pattern triangle.lp
execute_pattern ('triangle.lp',) {}
executing pattern triangle.lp
Get Checksum: -1640178555
IsPatterning ===>> OK
IsPatterning ===>> OK
IsPatterning ===>> OK
Get Checksum: -1640178555
IsPatterning ===>> OK
IsPatterning ===>> OK
IsPatterning ===>> OK
Get Checksum: -1640178555
IsPatterning ===>> OK
IsPatterning ===>> OK
IsPatterning ===>> OK
Get Checksum: -1640178555
IsPatterning ===>> OK
IsPatterning ===>> OK
IsPatterning ===>> OK
Get Checksum: -1640178555
IsPatterning ===>> OK
IsPatterning ===>> OK
IsPatterning ===>> OK
Get Checksum: -1640178555
IsPatterning ===>> OK
IsPatterning ===>> OK
IsPatterning ===>> OK
Get Checksum: -1640178555
IsPatterning ===>> OK
IsPatterning ===>> OK
IsPatterning ===>> OK
Get Checksum: -1640178555
IsPatterning ===>> OK
IsPatterning ===>> OK
IsPatterning ===>> OK
Get Checksum: -1640178555
IsPatterning ===>> OK
IsPatterning ===>> OK
IsPatterning ===>> False
Get Checksum: -1640178555
IsPatterning ===>> False
Block completed
COMPLETE INTERVAL waiting for Interval 1 to complete
Join finished
block finished. duration 30.0387270451
Interval 1 finished
end_extract () {}
ending extraction. set laser power to 0
set laser power 0
SetLaserPower 0 ===>> OK
disable () {}
%%%%%%%%%%%%%%%%%%%%%%%%%%%%%%%%%%% disable
set extraction state False (0.75, 'red', 1.5)
disabling laser
Disable ===>> OK
sleep (30.0,) {}
SLEEP 30.0
block started
WaitControl setup for 30.0  
Get Checksum: -1640178555
Get Checksum: -1640178555
Get Checksum: -1640178555
Get Checksum: -1640178555
Get Checksum: -1640178555
Get Checksum: -1640178555
Get Checksum: -1640178555
Get Checksum: -1640178555
Get Checksum: -1640178555
Get Checksum: -1640178555
Join finished
block finished. duration 30.0339460373
executed 166.5
jan_co2.py completed successfully
GetAchievedOutput ===>> No Response
Requested Output= 0.000
Achieved Output=  0.000
GetResponseBlob ===>> No Response
GetOutputBlob ===>> No Response
persistence save...
persistence save - db
AutomatedRunPersister post_extraction_save deprecated
persistence save - dvc
no extraction position for 202
create new session 4984345712
close session 4984345712
Extraction Finished
07:32:01 -- ******* Extraction Finished *******
no overlap. not waiting for min ms pumptime
07:32:01 -- Sending spectrometer configuration
======== Sending configuration ========
SetDeflection CDD,50.0 ===>> OK
SetDeflection H2,0.0 ===>> OK
SetDeflection H1,0.0 ===>> OK
SetDeflection L2,825.0 ===>> OK
SetDeflection L1,400.0 ===>> OK
SetDeflection AX,190.0 ===>> OK
SetZFocus 74.64 ===>> OK
SetZSymmetry -50.72 ===>> OK
SetExtractionLens 26.13 ===>> OK
SetIonRepeller -3.81 ===>> OK
SetElectronEnergy 75.08 ===>> OK
SetYSymmetry -2.81 ===>> OK
SetIonCounterVoltage 1590.0 ===>> OK
send trap current 200.0
GetParameter Trap Current Readback ===>> 198.258926936459
SetParameter Trap Current Set,200.0 ===>> OK
updating mftable name mftable
Using mftable located at /Users/jan/PychronDev/setupfiles/spectrometer/mftables/mftable.csv
============ MFtable ===========
Isotope  H2     H1     AX     L1     L2     CDD    
Ar40     5.7811 5.8789 5.9923 6.1210 6.2307 6.3492
Ar39     5.6803 5.7712 5.8848 6.0071 6.1159 6.2357
Ar36     5.3578 5.4402 5.5481 5.6659 5.7709 5.8868
================================
get initial guess parabolic
get initial guess parabolic
get initial guess parabolic
get initial guess parabolic
get initial guess parabolic
get initial guess parabolic
======== Configuration Finished ========
GetYSymmetry ===>> -2.81
GetZSymmetry ===>> -50.72
GetParameter Trap Current Readback ===>> 198.258926936459
GetHighVoltage ===>> 4500
start measurement
do measurement
L#=65572 analysis type=unknown
Measurement Started jan_unknown120_60.py
07:32:01 -- ******* Measurement Started jan_unknown120_60.py *******
state changed from extraction to measurement
setting spec, defl, and gains
GetExtractionLens ===>> 26.13
GetYSymmetry ===>> -2.81
GetZSymmetry ===>> -50.72
GetZFocus ===>> 74.64
GetDeflection H2 ===>> 0
GetDeflection H1 ===>> 0
GetDeflection AX ===>> 190
GetDeflection L1 ===>> 400
GetDeflection L2 ===>> 825
GetDeflection CDD ===>> 50
GetGain H2 ===>> 0.0113
GetGain H1 ===>> 0.1
GetGain AX ===>> 0.097049
GetGain L1 ===>> 0.010355
GetGain L2 ===>> 0.095649
GetGain CDD ===>> 0
pre measurement save
New frame /Users/jan/PychronDev/data/isotopes/cb/cf89af-b04d-4e6c-b0bf-6acfb0924b51.h5
flush and close file /Users/jan/PychronDev/data/isotopes/cb/cf89af-b04d-4e6c-b0bf-6acfb0924b51.h5
testing...
no interpolation path defined
executed 226.132928
unknown measurement script
activate_detectors ('H2', 'H1', 'AX', 'L1', 'L2', 'CDD') {}
activate detectors
*************** Set Analysis View Ar/Ar
create graphs
clearing graphs
clear isotope group
setting isotope det=H2, iso=PM41
setting isotope det=H1, iso=Ar40
setting isotope det=AX, iso=Ar39
setting isotope det=L1, iso=Ar38
setting isotope det=L2, iso=Ar37
setting isotope det=CDD, iso=Ar36
setting previous blanks
 - setting Ar40 blank 0.121+/-0.007
 - setting Ar36 blank 0.00422+/-0.00018
 - setting Ar37 blank 0.041+/-0.005
 - setting Ar38 blank 0.0075+/-0.0022
 - setting PM41 blank 0.04+/-0.07
 - setting Ar39 blank 0.042+/-0.008
load analysis view
position_magnet ('Ar40',) {'detector': 'H1'}
detector Detector(H1)
POSITION Ar40 H1
setting detector H2 to PM41 (40.9624)
setting detector H1 to Ar40 (39.9624)
setting detector AX to Ar39 (38.9624)
setting detector L1 to Ar38 (37.9624)
setting detector L2 to Ar37 (36.9624)
setting detector CDD to Ar36 (35.9624)
Mapping mass to dac mass func: "parabolic"
H1 map mass coeffs = [-0.00063987  0.15840543  0.57050999]
H1 map mass to dac 39.9624 >> 5.8789
GetDeflection H1 ===>> 0
GetHighVoltage ===>> 4500
positioning Ar40 (5.8789) on H1
setting magnet DAC
current  : 5.878900
requested: 5.878900
Delta Dac: 0.000000
Checking detector protection. dv=0.00000
Checking detector "CDD". Protection Threshold: 0.1 (V)
SetMagnetDAC 5.8789 ===>> OK
Magnet settling time: 0.500
equilibrate () {'delay': 3, 'inlet': 'R', 'outlet': 'O', 'eqtime': 12.0}
Equilibration Started
07:32:03 -- ******* Equilibration Started *******
checking ownership. requestor=129.138.12.150
check software interlocks O
interlocks []
actuate state mode=None-script, software_lock=False
doing actuation None-script close_channel True
Close O ===>> OK
GetIndicatorState O ===>> False
change switch state (True, True)
update switch state O False args=() kw={} ncanvase=2
07:32:03 -- CLOSE  VALVE-O (Jan Ion Pump)
waiting 3s before opening inlet value ('R',)
Get Checksum: -423938523
checking ownership. requestor=129.138.12.150
check software interlocks R
interlocks []
actuate state mode=None-script, software_lock=False
doing actuation None-script open_channel True
Open R ===>> OK
GetIndicatorState R ===>> OK
change switch state (True, True)
update switch state R True args=() kw={} ncanvase=2
07:32:06 -- OPEN   VALVE-R (Jan Inlet)
set_time_zero () {}
equilibrating for 12.0sec
sniff (12.0,) {}
py_sniff
build tables- sniff [Detector(H2), Detector(H1), Detector(AX), Detector(L1), Detector(L2), Detector(CDD)]
add group /sniff/PM41 (Group) '' table H2
add group /sniff/Ar40 (Group) '' table H1
add group /sniff/Ar39 (Group) '' table AX
add group /sniff/Ar38 (Group) '' table L1
add group /sniff/Ar37 (Group) '' table L2
add group /sniff/Ar36 (Group) '' table CDD
flush and close file /Users/jan/PychronDev/data/isotopes/cb/cf89af-b04d-4e6c-b0bf-6acfb0924b51.h5
measuring sniff. ncounts=12.0
Get Checksum: -173909521
starting measurement
GetData ===>> H2,-0.100737762180484,H1,10.4946482188884,AX,2.61603260884175,L1,-0.0100499204475622,L2,0.0494671...
GetData ===>> H2,0.961082331718769,H1,214.125820519865,AX,49.1847898434338,L1,0.322402943114064,L2,0.6060048461...
GetData ===>> H2,0.613004051087185,H1,357.638661258731,AX,78.2317902097085,L1,0.720807537502778,L2,0.5412689354...
Get Checksum: -173909521
GetData ===>> H2,0.0650602073888362,H1,402.488831374913,AX,86.0833555396835,L1,0.946453853251882,L2,0.490877890...
GetData ===>> H2,0.0123564934838227,H1,418.049443006977,AX,88.7688169690542,L1,1.05706597530671,L2,0.4640705907...
GetData ===>> H2,-0.0209755080912718,H1,424.4258503077,AX,89.6014002504464,L1,1.09148895780945,L2,0.40351253196...
Get Checksum: -173909521
GetData ===>> H2,-0.0883957367588027,H1,427.124086191974,AX,89.8821351440763,L1,1.10768374168986,L2,0.350782461...
GetData ===>> H2,-0.165175773661967,H1,428.051655889651,AX,90.1223862551305,L1,1.14103876905995,L2,0.4930026921...
GetData ===>> H2,-0.234163696805222,H1,428.345483226223,AX,90.2951657209495,L1,1.12332026108505,L2,0.4415734098...
Get Checksum: -173909521
GetData ===>> H2,-0.106902398783388,H1,428.340126880817,AX,90.3978800625151,L1,1.15460688128988,L2,0.3886624907...
GetData ===>> H2,-0.124605643636741,H1,428.368370457716,AX,90.2627534327286,L1,1.10742922216324,L2,0.3539680556...
Equilibration Finished
07:32:19 -- ******* Equilibration Finished *******
checking ownership. requestor=129.138.12.150
check software interlocks R
interlocks []
actuate state mode=None-script, software_lock=False
doing actuation None-script close_channel True
GetData ===>> H2,-0.127689558053233,H1,428.450418583715,AX,90.3423286653839,L1,1.10404380611386,L2,0.3876573403...
Close R ===>> OK
Get Checksum: -423938523
State checksums do not match. Local:-173909521 Remote:-423938523
State checksum failed
GetIndicatorState R ===>> False
change switch state (True, True)
update switch state R False args=() kw={} ncanvase=2
07:32:19 -- CLOSE  VALVE-R (Jan Inlet)
Post Equilibration Started jan_pump_extraction_line.py
07:32:19 -- ******* Post Equilibration Started jan_pump_extraction_line.py *******
testing...
no interpolation path defined
calculate duration
testing...
no interpolation path defined
executed 4.0
executed 4.0
Pump after analysis
doing GOSUB
testing...
no interpolation path defined
executed 4.0
Pump Microbone
close () {'description': 'Jan Inlet'}
closing name=--- desc=Jan Inlet
checking ownership. requestor=129.138.12.150
check software interlocks R
interlocks []
actuate state mode=None-script, software_lock=False
doing actuation None-script close_channel False
Close R ===>> OK
measurement finished
estimated time: 12.583 actual time: :12.672
flush and close file /Users/jan/PychronDev/data/isotopes/cb/cf89af-b04d-4e6c-b0bf-6acfb0924b51.h5
set_fits () {}
using default fits file=/Users/jan/PychronDev/scripts/measurement/fits/nominal_linear.yaml
set "Ar40" to "('Linear', 'SEM')"
No fit for "PM41". defaulting to linear. check the measurement script "jan_unknown120_60.py"
set "PM41" to "linear"
set "Ar36" to "('Linear', 'SEM')"
set "Ar37" to "('linear', 'SEM')"
set "Ar38" to "('linear', 'SEM')"
set "Ar39" to "('Linear', 'SEM')"
set_baseline_fits () {}
using default fits file=/Users/jan/PychronDev/scripts/measurement/fits/nominal_linear.yaml
GetIndicatorState R ===>> False
change switch state (True, True)
update switch state R False args=() kw={} ncanvase=2
set "H1" to "('average', 'SEM')"
set "H2" to "('average', 'SEM')"
set "CDD" to "('average', 'SEM')"
set "L2" to "('average', 'SEM')"
set "L1" to "('average', 'SEM')"
07:32:20 -- CLOSE  VALVE-R (Jan Inlet)
set "AX" to "('average', 'SEM')"
---------------------------------------- close None (Jan Inlet) result=[(True, True)]
multicollect () {'integration_time': 1, 'ncounts': 120}
build tables- signal [Detector(H2), Detector(H1), Detector(AX), Detector(L1), Detector(L2), Detector(CDD)]
add group /signal/PM41 (Group) '' table H2
add group /signal/Ar40 (Group) '' table H1
add group /signal/Ar39 (Group) '' table AX
add group /signal/Ar38 (Group) '' table L1
add group /signal/Ar37 (Group) '' table L2
add group /signal/Ar36 (Group) '' table CDD
flush and close file /Users/jan/PychronDev/data/isotopes/cb/cf89af-b04d-4e6c-b0bf-6acfb0924b51.h5
measuring signal. ncounts=120
action=close, ok=True, locked=[False]
is_closed ('F',) {}
is F () closed?
is closed True
open () {'description': 'CO2 Laser to Jan'}
opening name=--- desc=CO2 Laser to Jan
checking ownership. requestor=129.138.12.150
check software interlocks A
interlocks []
actuate state mode=None-script, software_lock=False
doing actuation None-script open_channel False
Open A ===>> OK
GetIndicatorState A ===>> OK
change switch state (True, True)
update switch state A True args=() kw={} ncanvase=2
07:32:20 -- OPEN   VALVE-A (CO2 Laser to Jan)
---------------------------------------- open None (CO2 Laser to Jan) result=[(True, True)], time=0.16 sec
starting measurement
GetData ===>> H2,0.0809378831025131,H1,428.319151861459,AX,90.4465242964268,L1,1.1918120869566,L2,0.39871457474...
action=open, ok=True, locked=[False]
sleep (1,) {}
SLEEP 1.0
GetData ===>> H2,-0.0362845038991611,H1,428.368258077712,AX,90.3113321740563,L1,1.1824594131222,L2,0.3829858136...
close () {'description': 'CO2 Laser to Roughing'}
closing name=--- desc=CO2 Laser to Roughing
checking ownership. requestor=129.138.12.150
check software interlocks G
interlocks []
actuate state mode=None-script, software_lock=True
VALVE-G(CO2 Laser to Roughing) software locked
change switch state (True, False)
---------------------------------------- close None (CO2 Laser to Roughing) result=[(True, False)]
action=close, ok=True, locked=[True]
open () {'description': 'Microbone to Turbo'}
opening name=--- desc=Microbone to Turbo
checking ownership. requestor=129.138.12.150
check software interlocks U
interlocks []
actuate state mode=None-script, software_lock=False
doing actuation None-script open_channel True
Open U ===>> OK
GetIndicatorState U ===>> OK
change switch state (True, True)
update switch state U True args=() kw={} ncanvase=2
07:32:22 -- OPEN   VALVE-U (Microbone to Turbo)
---------------------------------------- open None (Microbone to Turbo) result=[(True, True)], time=0.23 sec
action=open, ok=True, locked=[False]
open () {'description': 'Microbone to Getter NP-10'}
opening name=--- desc=Microbone to Getter NP-10
checking ownership. requestor=129.138.12.150
check software interlocks M
interlocks []
actuate state mode=None-script, software_lock=False
doing actuation None-script open_channel False
Open M ===>> OK
GetIndicatorState M ===>> OK
change switch state (True, True)
update switch state M True args=() kw={} ncanvase=2
07:32:22 -- OPEN   VALVE-M (Microbone to Getter NP-10)
---------------------------------------- open None (Microbone to Getter NP-10) result=[(True, True)], time=0.15 sec
Get Checksum: -110011688
action=open, ok=True, locked=[False]
open () {'description': 'Microbone to Getter D-50'}
opening name=--- desc=Microbone to Getter D-50
checking ownership. requestor=129.138.12.150
check software interlocks K
interlocks []
actuate state mode=None-script, software_lock=False
doing actuation None-script open_channel False
GetData ===>> H2,-0.150483585559242,H1,428.378035288382,AX,90.2007508862463,L1,1.19417533941257,L2,0.4519086934...
Open K ===>> OK
GetIndicatorState K ===>> OK
change switch state (True, True)
update switch state K True args=() kw={} ncanvase=2
07:32:23 -- OPEN   VALVE-K (Microbone to Getter D-50)
---------------------------------------- open None (Microbone to Getter D-50) result=[(True, True)], time=0.41 sec
action=open, ok=True, locked=[False]
open () {'description': 'Microbone to CO2 Laser'}
opening name=--- desc=Microbone to CO2 Laser
checking ownership. requestor=129.138.12.150
check software interlocks T
interlocks []
actuate state mode=None-script, software_lock=False
doing actuation None-script open_channel False
Open T ===>> OK
GetIndicatorState T ===>> OK
change switch state (True, True)
update switch state T True args=() kw={} ncanvase=2
07:32:23 -- OPEN   VALVE-T (Microbone to CO2 Laser)
---------------------------------------- open None (Microbone to CO2 Laser) result=[(True, True)], time=0.41 sec
GetData ===>> H2,-0.18487005008861,H1,427.987930982285,AX,90.042475080391,L1,1.15752447246061,L2,0.413200568113...
action=open, ok=True, locked=[False]
open () {'description': 'Microbone to Inlet Pipette'}
opening name=--- desc=Microbone to Inlet Pipette
checking ownership. requestor=129.138.12.150
check software interlocks S
interlocks []
actuate state mode=None-script, software_lock=False
doing actuation None-script open_channel False
Open S ===>> OK
GetIndicatorState S ===>> OK
change switch state (True, True)
update switch state S True args=() kw={} ncanvase=2
07:32:24 -- OPEN   VALVE-S (Microbone to Inlet Pipette)
---------------------------------------- open None (Microbone to Inlet Pipette) result=[(True, True)], time=0.45 sec
action=open, ok=True, locked=[False]
sleep (1,) {}
SLEEP 1.0
GetData ===>> H2,-0.171239330287076,H1,427.874855441339,AX,90.0811865285522,L1,1.15620765190093,L2,0.3861724783...
Get Checksum: -110011688
set_resource () {'name': 'CO2PumpTimeFlag', 'value': 30}
Set CO2PumpTimeFlag 30 ===>> OK
release ('JanCO2Flag',) {}
release JanCO2Flag
Set JanCO2Flag 0 ===>> OK
executed 6.0
PumpMicrobone.py completed successfully
gosub finished
get_resource_value () {'name': 'JanMiniboneFlag'}
Read JanMiniboneFlag ===>> 0
Get Resource Value JanMiniboneFlag=0.0
get resource value 0.0
get_resource_value () {'name': 'JanMiniboneFlag'}
Read JanMiniboneFlag ===>> 0
Get Resource Value JanMiniboneFlag=0.0
executed 4.0
jan_pump_extraction_line.py completed successfully
Post Equilibration Finished
07:32:25 -- ******* Post Equilibration Finished *******
GetData ===>> H2,-0.19517195658953,H1,427.840304577138,AX,89.7901244337833,L1,1.18476178350209,L2,0.38029036640...
GetData ===>> H2,-0.207009472536315,H1,427.544153497938,AX,89.9175044079586,L1,1.18541878719396,L2,0.4696781446...
GetData ===>> H2,-0.194343135539613,H1,427.310892928689,AX,89.9168430611052,L1,1.15965354994259,L2,0.3933457168...
Get Checksum: -110011688
GetData ===>> H2,-0.105273256928934,H1,427.161693800298,AX,89.9380416052602,L1,1.14387164245743,L2,0.4242607497...
GetData ===>> H2,-0.0736117862320744,H1,427.171862514984,AX,90.0397612632713,L1,1.11543377501782,L2,0.374545661...
GetData ===>> H2,-0.0578533597996869,H1,427.081874302601,AX,90.0275158069264,L1,1.13766034272077,L2,0.479009567...
Get Checksum: -110011688
GetData ===>> H2,-0.169033181277616,H1,427.143637667099,AX,89.8591820428076,L1,1.12004945190101,L2,0.3659235409...
GetData ===>> H2,-0.258491935811402,H1,426.77426638183,AX,90.0469190676426,L1,1.08749993014134,L2,0.37863430294...
GetData ===>> H2,-0.316577539030889,H1,426.620521673858,AX,89.9427057087842,L1,1.11356401503152,L2,0.4408419866...
Get Checksum: -110011688
GetData ===>> H2,-0.189029152750423,H1,426.521290214298,AX,89.8839830806405,L1,1.11149968590822,L2,0.3879314712...
GetData ===>> H2,-0.175849366166177,H1,426.154512195609,AX,89.6739217865546,L1,1.1386034052186,L2,0.36319431601...
GetData ===>> H2,-0.155722408838565,H1,426.142939328571,AX,89.661878205539,L1,1.14120232986462,L2,0.42516344481...
Get Checksum: -110011688
GetData ===>> H2,-0.107522060842177,H1,425.933517060195,AX,89.6447208290145,L1,1.13406758427452,L2,0.2613436287...
GetData ===>> H2,-0.0135007074277685,H1,425.853966166531,AX,89.7656965413859,L1,1.13272457173228,L2,0.377446523...
GetData ===>> H2,-0.0624746514548969,H1,425.460345426581,AX,89.7015699833305,L1,1.15993652851773,L2,0.403124116...
Get Checksum: -110011688
GetData ===>> H2,-0.126916292161695,H1,425.34312621018,AX,89.5892194504347,L1,1.11956816291071,L2,0.41759935113...
GetData ===>> H2,-0.0982763868681695,H1,425.126771200475,AX,89.6480911669975,L1,1.12355085183233,L2,0.382231994...
Get Checksum: -110011688
GetData ===>> H2,-0.15661541378847,H1,425.31542745362,AX,89.4452082511078,L1,1.10986576871701,L2,0.380598740005...
GetData ===>> H2,-0.160059781331526,H1,425.155207097658,AX,89.5759894720443,L1,1.11013047920009,L2,0.3823576306...
07:32:46 -- collecting point 25
GetData ===>> H2,-0.0964875612926692,H1,424.936697996209,AX,89.5002245646161,L1,1.11610479144085,L2,0.445354470...
Get Checksum: -110011688
GetData ===>> H2,-0.229482911684192,H1,424.40384888282,AX,89.5023746878538,L1,1.07453726611639,L2,0.36715685643...
GetData ===>> H2,-0.32394584314757,H1,424.193518579772,AX,89.5160719059623,L1,1.09205793143518,L2,0.39823479223...
GetData ===>> H2,-0.283223039770636,H1,424.290999612851,AX,89.3939907843217,L1,1.09721675258745,L2,0.3762016547...
Get Checksum: -110011688
GetData ===>> H2,-0.124565078021767,H1,424.397408826658,AX,89.159722167879,L1,1.11486027946492,L2,0.41735941230...
GetData ===>> H2,-0.13499219668248,H1,423.869184515784,AX,89.3876258703943,L1,1.12719028676285,L2,0.38981614228...
GetData ===>> H2,-0.233832687177864,H1,423.915879040365,AX,89.2763536861752,L1,1.12763643134398,L2,0.3693494564...
Get Checksum: -110011688
GetData ===>> H2,-0.20799984154056,H1,423.597735824949,AX,89.1797805648349,L1,1.09439989504458,L2,0.38731467781...
GetData ===>> H2,-0.246143849484464,H1,423.291493955545,AX,89.1869352995585,L1,1.08508016036225,L2,0.4560652622...
GetData ===>> H2,-0.18455846044565,H1,423.206850979553,AX,89.1611258251613,L1,1.12605219587978,L2,0.35635446604...
Get Checksum: -110011688
GetData ===>> H2,-0.263114545819924,H1,423.148342604186,AX,88.9150098190246,L1,1.15668209449277,L2,0.4896327325...
GetData ===>> H2,-0.241228019561712,H1,423.095304388708,AX,89.2426463145385,L1,1.13019325146059,L2,0.3308149677...
GetData ===>> H2,-0.187080606520808,H1,423.013251434092,AX,88.9926220478549,L1,1.11361211576973,L2,0.3845163132...
Get Checksum: -110011688
GetData ===>> H2,-0.0998225935810302,H1,422.843379538331,AX,88.8370565415918,L1,1.10381848761945,L2,0.517818379...
GetData ===>> H2,-0.207132094355369,H1,422.642278089494,AX,89.0388919070192,L1,1.12149471637776,L2,0.4471699680...
GetData ===>> H2,-0.221966451353776,H1,422.251260596698,AX,88.9483780412014,L1,1.12268679576278,L2,0.3091397066...
Get Checksum: -110011688
GetData ===>> H2,-0.221966451353776,H1,422.251260596698,AX,88.9483780412014,L1,1.12268679576278,L2,0.3091397066...
GetData ===>> H2,-0.154791501252867,H1,422.355476745364,AX,88.9139286510071,L1,1.09338059684951,L2,0.4341337252...
GetData ===>> H2,-0.160385253698726,H1,422.168624822634,AX,88.8612692155055,L1,1.10498310660861,L2,0.3982462156...
Get Checksum: -110011688
GetData ===>> H2,-0.167200469064178,H1,422.327388004463,AX,88.9653439354485,L1,1.1302655155966,L2,0.42813440014...
GetData ===>> H2,-0.163720469090941,H1,421.628089489328,AX,88.7561692319821,L1,1.09779868427323,L2,0.3877601393...
Get Checksum: -110011688
GetData ===>> H2,-0.131919512604334,H1,421.390877595985,AX,88.8498804643774,L1,1.08849557323978,L2,0.4639678076...
GetData ===>> H2,-0.131919512604334,H1,421.390877595985,AX,88.8498804643774,L1,1.08849557323978,L2,0.4639678076...
GetData ===>> H2,-0.17089123257048,H1,420.751881473712,AX,88.8469573864899,L1,1.08568599971493,L2,0.36856148502...
Get Checksum: -110011688
GetData ===>> H2,-0.17089123257048,H1,420.751881473712,AX,88.8469573864899,L1,1.08568599971493,L2,0.36856148502...
07:33:12 -- collecting point 50
GetData ===>> H2,-0.171354011300663,H1,421.006010101392,AX,88.6167941850425,L1,1.11487293907687,L2,0.3881256477...
GetData ===>> H2,-0.192086817522258,H1,420.866639525591,AX,88.7352835179013,L1,1.0771037615022,L2,0.44897408166...
Get Checksum: -110011688
GetData ===>> H2,-0.200330639403987,H1,420.613117371109,AX,88.5394887988446,L1,1.0849309192338,L2,0.43175680486...
GetData ===>> H2,-0.200330639403987,H1,420.613117371109,AX,88.5394887988446,L1,1.0849309192338,L2,0.43175680486...
GetData ===>> H2,-0.14134184674477,H1,420.376230967259,AX,88.6430447479873,L1,1.08159377815761,L2,0.43733351881...
Get Checksum: -110011688
GetData ===>> H2,-0.0872554372661858,H1,420.272469096445,AX,88.5499152232756,L1,1.11862717923318,L2,0.325974989...
GetData ===>> H2,-0.192434594786199,H1,419.99887319572,AX,88.3748328724068,L1,1.12760220936386,L2,0.36639174220...
GetData ===>> H2,-0.138689944838763,H1,419.861522176176,AX,88.3471144276129,L1,1.07153011023154,L2,0.3807814803...
Get Checksum: -110011688
GetData ===>> H2,-0.044551848420786,H1,419.570167768209,AX,88.4255629162575,L1,1.12760220936386,L2,0.3390800237...
GetData ===>> H2,-0.195267637712584,H1,419.612792697652,AX,88.4238423842084,L1,1.13311225416978,L2,0.2739150288...
GetData ===>> H2,-0.188617895834292,H1,419.630708737676,AX,88.3905997384779,L1,1.13490261812384,L2,0.3551441260...
Get Checksum: -110011688
GetData ===>> H2,-0.270191987510621,H1,419.391321692913,AX,88.2371718975016,L1,1.10212368876717,L2,0.4220554670...
GetData ===>> H2,-0.243152620719379,H1,419.065311415881,AX,88.1903350523587,L1,1.14070151208169,L2,0.3659121214...
GetData ===>> H2,-0.0793991266868732,H1,418.596762091118,AX,88.2315587480277,L1,1.09707633471755,L2,0.468102057...
Get Checksum: -110011688
GetData ===>> H2,-0.166389284548466,H1,418.787823331036,AX,88.0632729734042,L1,1.08847912602589,L2,0.3764186489...
GetData ===>> H2,-0.306884299842881,H1,418.676827955877,AX,88.1771412890396,L1,1.1045716777056,L2,0.41371470116...
GetData ===>> H2,-0.29379318486909,H1,418.693241988569,AX,88.1474990695535,L1,1.07673220674572,L2,0.56160424793...
GetData ===>> H2,-0.247556435056723,H1,417.943358692954,AX,87.9749531348701,L1,1.08364980842625,L2,0.3020640638...
GetData ===>> H2,-0.235867031982158,H1,418.107477447458,AX,88.0477241015221,L1,1.07543692202956,L2,0.3619496325...
Get Checksum: -110011688
GetData ===>> H2,-0.318559158184353,H1,418.141234552272,AX,88.0564164344884,L1,1.09829461644349,L2,0.4121608852...
GetData ===>> H2,-0.178975371136653,H1,417.733407304953,AX,87.9866906786565,L1,1.09276476558734,L2,0.4400877123...
Get Checksum: -110011688
GetData ===>> H2,-0.182619937434848,H1,417.977311252848,AX,88.0809296706496,L1,1.12361546881793,L2,0.3695664351...
GetData ===>> H2,-0.209081737392487,H1,417.795103089558,AX,87.9265755568691,L1,1.12188994999088,L2,0.4138746542...
GetData ===>> H2,-0.195505408538006,H1,417.333453999968,AX,87.8908588732899,L1,1.12371429555551,L2,0.3894620497...
Get Checksum: -110011688
GetData ===>> H2,-0.185325953678673,H1,417.254114928605,AX,87.8744938480647,L1,1.13226849283689,L2,0.3764414905...
07:33:38 -- collecting point 75
GetData ===>> H2,-0.133721028658385,H1,416.975087730445,AX,87.6960332056916,L1,1.14473027628137,L2,0.4064942406...
GetData ===>> H2,-0.140918827504219,H1,416.822170658009,AX,87.9754585590966,L1,1.10364380578361,L2,0.3819578799...
Get Checksum: -110011688
GetData ===>> H2,-0.17895107908824,H1,416.800178746478,AX,87.7935216098902,L1,1.11195403171922,L2,0.52558888401...
GetData ===>> H2,-0.211727432617145,H1,416.787675683099,AX,87.7023932856439,L1,1.14546340400012,L2,0.4279058618...
GetData ===>> H2,-0.146693772174004,H1,416.515794123191,AX,87.7624411746666,L1,1.11774199606728,L2,0.3844020959...
Get Checksum: -110011688
GetData ===>> H2,-0.157561030683053,H1,416.241924201914,AX,87.763232334654,L1,1.11900710878025,L2,0.31670665775...
GetData ===>> H2,-0.187370549866666,H1,415.989308478998,AX,87.7609935316965,L1,1.07523474551476,L2,0.4428767708...
GetData ===>> H2,-0.261324654425601,H1,416.055490924519,AX,87.7397519192865,L1,1.05094220534379,L2,0.3505541077...
Get Checksum: -110011688
GetData ===>> H2,-0.159890964181591,H1,415.764823736386,AX,87.5853280991506,L1,1.03695433541215,L2,0.3671568564...
GetData ===>> H2,-0.110823928157545,H1,415.477900134012,AX,87.5361964836375,L1,1.08310098892455,L2,0.3255868889...
GetData ===>> H2,-0.209939904944401,H1,415.3507366336,AX,87.5887768693367,L1,1.12356605579361,L2,0.303102552932...
Get Checksum: -110011688
GetData ===>> H2,-0.205261630215985,H1,415.368344140462,AX,87.5427553470541,L1,1.09069846500271,L2,0.4408762719...
GetData ===>> H2,-0.243642466822792,H1,415.458525037233,AX,87.5041801527836,L1,1.0960011242885,L2,0.37189613291...
GetData ===>> H2,-0.303503251967389,H1,415.275577425569,AX,87.5314204774879,L1,1.06541506421104,L2,0.4687530470...
Get Checksum: -110011688
GetData ===>> H2,-0.209597723491843,H1,414.690789654996,AX,87.5919733657369,L1,1.07235793854893,L2,0.4097730849...
GetData ===>> H2,-0.142527027491535,H1,414.480649872691,AX,87.4377996858982,L1,1.11009881491946,L2,0.3879200490...
GetData ===>> H2,-0.00303291963443277,H1,414.395926240146,AX,87.480391208479,L1,1.10835489206728,L2,0.452274098...
Get Checksum: -110011688
GetData ===>> H2,-0.0226187094314576,H1,414.283340876504,AX,87.4300525710603,L1,1.10663911083746,L2,0.337710075...
GetData ===>> H2,-0.27637590330675,H1,414.218233461766,AX,87.3165200084483,L1,1.10958460021132,L2,0.38866249074...
Get Checksum: -110011688
GetData ===>> H2,-0.23041841627489,H1,414.081350060152,AX,87.2355919776624,L1,1.14798407434922,L2,0.38343125502...
GetData ===>> H2,-0.158977957459887,H1,414.034603269176,AX,87.1884662126307,L1,1.05939320696843,L2,0.3962699936...
GetData ===>> H2,-0.115730491093583,H1,414.091198177151,AX,87.3468173677668,L1,1.06354889541671,L2,0.3306893992...
Get Checksum: -110011688
GetData ===>> H2,-0.161803177762963,H1,413.798681309121,AX,87.3987564368695,L1,1.08250541277843,L2,0.3884454687...
GetData ===>> H2,-0.23387305472491,H1,413.322636311727,AX,87.1764730788859,L1,1.11326022592523,L2,0.44087867284...
GetData ===>> H2,-0.120038397047514,H1,413.072713219861,AX,87.0306894857838,L1,1.13180356587026,L2,0.4409791280...
Get Checksum: -110011688
07:34:04 -- collecting point 100
GetData ===>> H2,-0.179666323135554,H1,412.944317055687,AX,86.9371328547114,L1,1.10924518147737,L2,0.4509951859...
GetData ===>> H2,-0.308932031254979,H1,412.998075316197,AX,86.945958830086,L1,1.07830571653087,L2,0.38312287231...
GetData ===>> H2,-0.195026411921402,H1,412.727996395663,AX,86.980529763585,L1,1.10204775190732,L2,0.37732089364...
Get Checksum: -110011688
GetData ===>> H2,-0.133844094768058,H1,412.628704911797,AX,87.1636916046705,L1,1.11285392157055,L2,0.4396420076...
GetData ===>> H2,-0.0603920480191326,H1,412.439577503758,AX,87.006497108454,L1,1.11095505029033,L2,0.4332880833...
GetData ===>> H2,-0.0409902433202262,H1,412.422123297355,AX,86.9785996091505,L1,1.08486009366988,L2,0.372901118...
Get Checksum: -110011688
GetData ===>> H2,-0.147205727592017,H1,412.478322428403,AX,86.8325266106215,L1,1.09150413004372,L2,0.3988059621...
GetData ===>> H2,-0.205055428999886,H1,412.076917299653,AX,86.8874425369096,L1,1.09346026551549,L2,0.4360421607...
GetData ===>> H2,-0.0966229856461421,H1,411.977833369628,AX,86.8573929961706,L1,1.04626869190318,L2,0.355338236...
Get Checksum: -110011688
GetData ===>> H2,-0.0266756135844013,H1,411.826224722956,AX,86.8465197041451,L1,1.07443239546293,L2,0.359631595...
GetData ===>> H2,-0.170857501603088,H1,411.944525463144,AX,86.7889287564441,L1,1.07122920490226,L2,0.4068598205...
GetData ===>> H2,-0.180977936331196,H1,411.715026235869,AX,86.7924342023156,L1,1.0862842842044,L2,0.30876308671...
Get Checksum: -110011688
GetData ===>> H2,-0.208533392156541,H1,411.591309650338,AX,86.7633869233721,L1,1.13204046072256,L2,0.3743857744...
GetData ===>> H2,-0.0685973253214805,H1,411.226801200588,AX,86.5977891874545,L1,1.08309340175707,L2,0.379685043...
Get Checksum: -110011688
GetData ===>> H2,-0.0128986519079337,H1,410.729699645895,AX,86.739626950962,L1,1.09820858573317,L2,0.4871767348...
GetData ===>> H2,-0.0843776776077286,H1,410.615236555328,AX,86.7193410883514,L1,1.10465522813184,L2,0.485508977...
GetData ===>> H2,-0.133148956580652,H1,410.646579387885,AX,86.7410185677403,L1,1.06616187644463,L2,0.3301072199...
Get Checksum: -110011688
GetData ===>> H2,-0.114347393301809,H1,410.66088676742,AX,86.5062898319884,L1,1.06414269819725,L2,0.45944546209...
GetData ===>> H2,-0.182087021518717,H1,410.618731067233,AX,86.5221358509017,L1,1.11664796594861,L2,0.3949106507...
GetData ===>> H2,-0.114708747239938,H1,410.383600028651,AX,86.5783483428833,L1,1.10324128901144,L2,0.3299017456...
Get Checksum: -110011688
GetData ===>> H2,-0.129198086001877,H1,410.271452002701,AX,86.5365093661207,L1,1.11311592914192,L2,0.4083678522...
measurement finished
estimated time: 125.829 actual time: :126.072
flush and close file /Users/jan/PychronDev/data/isotopes/cb/cf89af-b04d-4e6c-b0bf-6acfb0924b51.h5
baselines () {'settling_time': 15.0, 'detector': 'H1', 'mass': 34.2, 'ncounts': 60}
%%%%%%%%%%%%%%%%%%%%%%%%%%%%%%%% Baseline
build tables- baseline [Detector(H2), Detector(H1), Detector(AX), Detector(L1), Detector(L2), Detector(CDD)]
add group baseline table H2
add group baseline table H1
add group baseline table AX
add group baseline table L1
add group baseline table L2
add group baseline table CDD
flush and close file /Users/jan/PychronDev/data/isotopes/cb/cf89af-b04d-4e6c-b0bf-6acfb0924b51.h5
detector Detector(H1)
POSITION 34.2 H1
Mapping mass to dac mass func: "parabolic"
H1 map mass coeffs = [-0.00063987  0.15840543  0.57050999]
H1 map mass to dac 34.2 >> 5.23955599104
GetDeflection H1 ===>> 0
GetHighVoltage ===>> 4500
positioning 34.2 (5.23955599104) on H1
setting magnet DAC
current  : 5.878900
requested: 5.239556
Delta Dac: 0.639344
Checking detector protection. dv=0.63934
Checking detector "CDD". Protection Threshold: 0.1 (V)
ProtectDetector CDD,On ===>> OK
GetDeflection CDD ===>> 2000
SetMagnetDAC 5.23955599104 ===>> OK
Magnet settling time: 0.500
GetMagnetMoving ===>> True
GetMagnetMoving ===>> True
GetMagnetMoving ===>> True
GetMagnetMoving ===>> True
GetMagnetMoving ===>> True
Get Checksum: -110011688
GetMagnetMoving ===>> True
GetMagnetMoving ===>> True
GetMagnetMoving ===>> True
GetMagnetMoving ===>> False
ProtectDetector CDD,Off ===>> OK
GetDeflection CDD ===>> 50
Delaying 15.0s for detectors to settle
Get Checksum: -110011688
Get Checksum: -110011688
Get Checksum: -110011688
Get Checksum: -110011688
Get Checksum: -110011688
Join finished
measuring baseline. ncounts=60
starting measurement
GetData ===>> H2,-0.16764450387613,H1,-0.0148048629273532,AX,-0.0720253850372446,L1,-0.0499198059648112,L2,-0.0...
GetData ===>> H2,-0.119426947123558,H1,-0.0366404867686796,AX,-0.0157057846209892,L1,-0.0268673984089763,L2,-0....
Get Checksum: -110011688
GetData ===>> H2,-0.250772434828193,H1,-0.0866024080311999,AX,-0.056235530172087,L1,-0.0179577175208553,L2,-0.0...
GetData ===>> H2,-0.340887563538047,H1,-0.118693149888949,AX,-0.0790152294343122,L1,-0.00968542921600244,L2,-0....
GetData ===>> H2,-0.234578117948897,H1,-0.120809934484911,AX,-0.100804556391629,L1,-0.00828489274914075,L2,-0.0...
Get Checksum: -110011688
GetData ===>> H2,-0.115451719771367,H1,-0.0456786354383397,AX,-0.0207975723291219,L1,-0.0247764358422499,L2,-0....
GetData ===>> H2,-0.147879744464,H1,0.00474510271486497,AX,-0.185752291956411,L1,-0.0234665169237032,L2,-0.0443...
GetData ===>> H2,-0.127150170095575,H1,-0.00304432837256989,AX,-0.102786215845612,L1,-0.0208737407784505,L2,-0....
Get Checksum: -110011688
GetData ===>> H2,-0.158555194227501,H1,-0.07446887815703,AX,-0.0779140434895939,L1,-0.0491300425258773,L2,-0.00...
GetData ===>> H2,-0.262299649262912,H1,0.0285704478600437,AX,0.0019609564442414,L1,-0.0712376954214847,L2,-0.02...
GetData ===>> H2,-0.282439721300042,H1,-0.055943932978386,AX,-0.0937467395897277,L1,-0.0458051756073969,L2,-0.0...
Get Checksum: -110011688
GetData ===>> H2,-0.0990752414744663,H1,-0.0502808618804139,AX,-0.0309223632206314,L1,-0.0569951496243838,L2,0....
GetData ===>> H2,-0.182950467614184,H1,-0.0540483301245008,AX,-0.0222473492659642,L1,-0.0323150395998545,L2,-0....
GetData ===>> H2,-0.144991590631898,H1,0.00734569093314721,AX,0.0304224042171421,L1,-0.0503589354401833,L2,-0.0...
Get Checksum: -110011688
GetData ===>> H2,-0.0818744501511813,H1,-0.0236183942315503,AX,-0.0290204209933451,L1,-0.0077284611616544,L2,-0...
GetData ===>> H2,-0.235889902823763,H1,-0.0478367006154777,AX,-0.0296582716143023,L1,-0.0212717507616739,L2,0.0...
Get Checksum: -110011688
GetData ===>> H2,-0.234154277966159,H1,0.0507664061698112,AX,-0.117548887714789,L1,-0.0348904935634307,L2,-0.06...
GetData ===>> H2,-0.256438219829242,H1,-0.0694982353075744,AX,-0.049893362133483,L1,-0.0336764888479897,L2,0.03...
GetData ===>> H2,-0.167127586307745,H1,0.00169128720453067,AX,-0.0886355871025745,L1,-0.0473073665823786,L2,0.0...
Get Checksum: -110011688
GetData ===>> H2,-0.159384497643144,H1,-0.0150195454418299,AX,-0.042646320466436,L1,-0.0413990494774367,L2,-0.0...
GetData ===>> H2,-0.178786431608762,H1,-0.00675393622520097,AX,-0.207492082937049,L1,-0.00662749941695955,L2,-0...
GetData ===>> H2,-0.144203907467347,H1,-0.0515327262400998,AX,-0.10420000669109,L1,0.0187376957341462,L2,0.0225...
Get Checksum: -110011688
GetData ===>> H2,-0.247954617721733,H1,0.00486439427394032,AX,-0.051516625485814,L1,0.0393107551594629,L2,0.005...
GetData ===>> H2,-0.363098004199203,H1,-0.016653502824293,AX,-0.052954350414738,L1,0.00961858290760704,L2,0.034...
07:35:10 -- collecting point 25
GetData ===>> H2,-0.20356878218891,H1,-0.0676982533810431,AX,-0.121302930499384,L1,-0.0216385773431191,L2,0.055...
GetData ===>> H2,-0.104076960829627,H1,-0.0139222744188981,AX,-0.0563282827622192,L1,-0.039324627848814,L2,-0.0...
GetData ===>> H2,-0.171869386933999,H1,0.0563639058644984,AX,0.0230422815440809,L1,-0.0658327395133909,L2,-0.02...
Get Checksum: -110011688
GetData ===>> H2,-0.192741923937948,H1,-0.00974776385700411,AX,0.0107317181898886,L1,-0.0556353822085931,L2,0.0...
GetData ===>> H2,-0.257259482259337,H1,-0.0674479222041889,AX,-0.0665421208368379,L1,-0.0374582406762555,L2,-0....
GetData ===>> H2,-0.284707567790102,H1,0.0193355149295861,AX,-0.0420897253508434,L1,-0.0290274034565933,L2,0.03...
Get Checksum: -110011688
GetData ===>> H2,-0.276808368393423,H1,-0.02854361563267,AX,-0.0249960670514908,L1,-0.00750420094215963,L2,-0.0...
GetData ===>> H2,-0.349741982583303,H1,0.00245473234812295,AX,-0.159046025324374,L1,-0.0177406606129054,L2,-0.0...
GetData ===>> H2,-0.310603755970311,H1,-0.096839674310689,AX,-0.045046600437764,L1,-0.0303677390159392,L2,-0.04...
Get Checksum: -110011688
GetData ===>> H2,-0.211266770524009,H1,0.0343814947675327,AX,-0.139614462505828,L1,-0.0214204010537387,L2,0.041...
GetData ===>> H2,-0.169131691284064,H1,-0.0220322543899474,AX,-0.052803622185058,L1,-0.0341290670268985,L2,-0.0...
GetData ===>> H2,-0.135902211416413,H1,-0.0464059443711083,AX,-0.218487599586293,L1,0.00819892908199005,L2,-0.1...
Get Checksum: -110011688
GetData ===>> H2,-0.264718617387101,H1,-0.0302966020537586,AX,-0.10340040619588,L1,0.0365646376294581,L2,-0.113...
GetData ===>> H2,-0.251423324543137,H1,0.0520792244904424,AX,-0.0418114265992857,L1,0.00125664905529408,L2,-0.0...
Get Checksum: -110011688
GetData ===>> H2,-0.238369096498695,H1,0.0338087277268919,AX,-0.0790384121623383,L1,-0.0326910431316862,L2,0.08...
GetData ===>> H2,-0.161033469570243,H1,0.00858636232738981,AX,-0.102797804378663,L1,-0.0372090433786604,L2,0.03...
GetData ===>> H2,-0.126009124633196,H1,0.0205644038942634,AX,-0.0726977302051375,L1,-0.0373468214943148,L2,-0.0...
Get Checksum: -110011688
GetData ===>> H2,-0.223011675935945,H1,-0.0707379391295724,AX,-0.106737825602506,L1,0.00695944567312697,L2,-0.0...
GetData ===>> H2,-0.243373323242495,H1,-0.0374394061462223,AX,-0.0487686566455149,L1,-0.00922380131131831,L2,0....
GetData ===>> H2,-0.191927753041182,H1,0.0423170419918907,AX,-0.0483280468283196,L1,-0.0246589935325451,L2,0.00...
Get Checksum: -110011688
GetData ===>> H2,-0.146430356027106,H1,-0.0315010171061612,AX,-0.00912898122622836,L1,-0.0437244796254688,L2,-0...
GetData ===>> H2,-0.167555428379191,H1,-0.0107735168718868,AX,-0.0376832349935401,L1,-0.052176272646976,L2,-0.0...
GetData ===>> H2,-0.186868875757775,H1,-0.0156158833439555,AX,-0.0640959984533154,L1,-0.0395054980429948,L2,0.0...
Get Checksum: -110011688
GetData ===>> H2,-0.129965790257078,H1,0.0130481346132918,AX,0.0243650925683316,L1,-0.0133848818286627,L2,-0.05...
GetData ===>> H2,-0.214744170684488,H1,0.0277232802807561,AX,0.0248988635098757,L1,-0.0194506063986892,L2,-0.00...
07:35:36 -- collecting point 50
GetData ===>> H2,-0.185008981234161,H1,-0.0357103934889967,AX,-0.0666580492814458,L1,-0.0253552386202301,L2,0.0...
Get Checksum: -110011688
GetData ===>> H2,-0.210550147740809,H1,-0.0390491497001431,AX,-0.140681212241495,L1,0.00382203783582205,L2,-0.0...
GetData ===>> H2,-0.151732622807272,H1,0.0449663421586035,AX,-0.139904341308971,L1,-0.0338321397266321,L2,0.066...
GetData ===>> H2,-0.227743609510584,H1,-0.0641816389800763,AX,-0.00946537172467586,L1,-0.020077673568122,L2,0.0...
Get Checksum: -110011688
GetData ===>> H2,-0.315176251304936,H1,0.0484511139893009,AX,-0.0981043355569139,L1,0.00481019294073238,L2,-0.0...
GetData ===>> H2,-0.154133469657412,H1,0.00558014661364861,AX,-0.0141747166375462,L1,0.02067544428674,L2,-0.034...
GetData ===>> H2,-0.248545139800762,H1,-0.0073383956655569,AX,-0.0301685491012302,L1,-0.023184856080302,L2,-0.0...
Get Checksum: -110011688
GetData ===>> H2,-0.222665523345798,H1,0.0857072755784173,AX,-0.0720485694307227,L1,-0.0324192203306944,L2,-0.1...
GetData ===>> H2,-0.222152335988078,H1,-0.0306066508782841,AX,-0.0470409909377143,L1,0.00369237218623088,L2,-0....
GetData ===>> H2,-0.221043717879041,H1,0.00479281932144211,AX,-0.107873449154777,L1,-0.000140414661094666,L2,-0...
Get Checksum: -110011688
GetData ===>> H2,-0.252088968385115,H1,0.000736988963035046,AX,-0.0445827828356853,L1,-0.0215678503830429,L2,-0...
measurement finished
estimated time: 62.915 actual time: :63.071
flush and close file /Users/jan/PychronDev/data/isotopes/cb/cf89af-b04d-4e6c-b0bf-6acfb0924b51.h5
activate_detectors ('H1', 'AX', 'CDD') {'peak_center': True}
peak_center () {'detector': 'H1', 'integration_time': 0.262144, 'isotope': 'Ar40'}
peak center: mean=410.845932254 threshold=3
peak center started
setup peak center. detector=['H1', 'AX', 'CDD'], isotope=Ar40
VersionedUnpickler [<apptools.sweet_pickle.versioned_unpickler.VersionedUnpickler object at 0x160aae770>] using Updater [<apptools.sweet_pickle.updater.Updater object at 0x1356d5710>]
VersionedUnpickler [<apptools.sweet_pickle.versioned_unpickler.VersionedUnpickler object at 0x160aae770>] using Updater [<apptools.sweet_pickle.updater.Updater object at 0x1356d5710>]
VersionedUnpickler [<apptools.sweet_pickle.versioned_unpickler.VersionedUnpickler object at 0x15692da70>] using Updater [<apptools.sweet_pickle.updater.Updater object at 0x1356d5710>]
setting integration time = 0.524288
SetIntegrationTime 0.524288 ===>> OK
Mapping mass to dac mass func: "parabolic"
H1 map mass coeffs = [-0.00063987  0.15840543  0.57050999]
H1 map mass to dac 39.9624 >> 5.8789
GetDeflection H1 ===>> 0
GetHighVoltage ===>> 4500
do peak center. <pychron.spectrometer.jobs.peak_center.PeakCenter object at 0x1356efa10>
doing pc
starting peak center. center dac= 5.8789 step_width=0.001
width = 0.001
get scan parameters. half-width=0.015,window=0.015, i=0, scalar=1
Scan parameters center=5.87890 width=0.03000 (5.86390 - 5.89390)
GetData ===>> H2,-0.215157562697923,H1,0.00239508798658434,AX,-0.121326103153156,L1,-0.014023696899883,L2,-0.07...
Moving to starting dac 5.8639
setting magnet DAC
current  : 5.239556
requested: 5.863900
Delta Dac: 0.624344
Checking detector protection. dv=0.62434
Checking detector "CDD". Protection Threshold: 0.1 (V)
ProtectDetector CDD,On ===>> OK
GetDeflection CDD ===>> 2000
SetMagnetDAC 5.8639 ===>> OK
Magnet settling time: 0.500
GetMagnetMoving ===>> True
GetMagnetMoving ===>> True
Get Checksum: -110011688
GetMagnetMoving ===>> True
GetMagnetMoving ===>> True
GetMagnetMoving ===>> True
GetMagnetMoving ===>> True
GetMagnetMoving ===>> False
ProtectDetector CDD,Off ===>> OK
GetDeflection CDD ===>> 50
Wait until signal near baseline. tol= 0.00179631598994. timeout= 10
GetData ===>> H2,18.6965810386363,H1,8.88152656173238,AX,0.455287715275864,L1,0.0335103999048992,L2,-0.01202368...
GetData ===>> H2,25.5348648336046,H1,15.7042983217589,AX,2.22006632089229,L1,0.00426987740862706,L2,-0.11196605...
GetData ===>> H2,14.2522486412636,H1,7.42863808471157,AX,1.04016944484215,L1,-0.00611055753808817,L2,-0.0722105...
Get Checksum: -110011688
GetData ===>> H2,5.89439674356291,H1,3.75270346337186,AX,0.528905716520815,L1,-0.0227616825574823,L2,-0.1440722...
GetData ===>> H2,2.00406352847595,H1,1.97090546102239,AX,0.195591740304444,L1,-0.00759294622530036,L2,-0.067522...
GetData ===>> H2,0.695559964587847,H1,1.07126341674408,AX,0.018435790454986,L1,-0.0314226922322677,L2,-0.101993...
GetData ===>> H2,0.272230666969373,H1,0.688201260816457,AX,-0.0416490852933445,L1,-0.0280865253348916,L2,-0.010...
GetData ===>> H2,0.272230666969373,H1,0.688201260816457,AX,-0.0416490852933445,L1,-0.0280865253348916,L2,-0.010...
GetData ===>> H2,0.0924539641220093,H1,0.434587939205522,AX,0.00219297700192419,L1,-0.0462624399853307,L2,0.114...
Get Checksum: -110011688
GetData ===>> H2,0.0399703135946758,H1,0.374243869538593,AX,-0.0528268111586907,L1,-0.0424408895633268,L2,0.088...
GetData ===>> H2,0.05891940143672,H1,0.296476541245228,AX,0.0871961487751818,L1,-0.0482037862933099,L2,0.006923...
GetData ===>> H2,0.0895191308905513,H1,0.343105806504496,AX,0.039253757957483,L1,-0.0278208288821982,L2,0.00819...
GetData ===>> H2,0.117782775187171,H1,0.27615468822042,AX,0.0706250858203095,L1,-0.0361978140226438,L2,0.009770...
GetData ===>> H2,0.0664352617702772,H1,0.24048797827454,AX,-0.0387268954778901,L1,-0.0313269783331777,L2,-0.077...
GetData ===>> H2,-0.11702005771292,H1,0.329750230140991,AX,-0.0503687492046757,L1,-0.0458458753748051,L2,0.0220...
Get Checksum: -110011688
GetData ===>> H2,-0.118397418316681,H1,0.294470440644745,AX,-0.101117452673093,L1,-0.0404361494981619,L2,0.0317...
GetData ===>> H2,-0.111316710507554,H1,0.30058439630889,AX,0.0148389338508136,L1,-0.0672669616831261,L2,-0.0079...
GetData ===>> H2,-0.161923355551564,H1,0.378522225344358,AX,0.13991783366898,L1,-0.0491946618667883,L2,-0.02525...
GetData ===>> H2,-0.167579721765995,H1,0.444728540151096,AX,0.0807991525406972,L1,-0.0346496212922683,L2,-0.023...
GetData ===>> H2,-0.091257359223359,H1,0.28818969479747,AX,0.0302483382780576,L1,-0.0334779283559356,L2,-0.1596...
GetData ===>> H2,-0.12160610158425,H1,0.335316828406263,AX,-0.0390283953120109,L1,-0.00218285143097556,L2,-0.13...
Peak center failed to move to a baseline position
_do_sweep sm= 5.8639, em= 5.8939, stm= 0.001
calculated step values: start=5.8639, end=5.8939, width=0.001, nsteps=31.0
setting magnet DAC
current  : 5.863900
requested: 5.863900
Delta Dac: 0.000000
Checking detector protection. dv=0.00000
Checking detector "CDD". Protection Threshold: 0.1 (V)
SetMagnetDAC 5.8639 ===>> OK
GetData ===>> H2,-0.12160610158425,H1,0.335316828406263,AX,-0.0390283953120109,L1,-0.00218285143097556,L2,-0.13...
setting magnet DAC
current  : 5.863900
requested: 5.864934
Delta Dac: 0.001034
Checking detector protection. dv=0.00103
Checking detector "CDD". Protection Threshold: 0.1 (V)
SetMagnetDAC 5.86493448276 ===>> OK
Magnet settling time: 1.049
Get Checksum: -110011688
GetData ===>> H2,-0.114329798996272,H1,0.565418156722486,AX,0.0846697486054441,L1,0.00210410344011572,L2,-0.040...
setting magnet DAC
current  : 5.864934
requested: 5.865969
Delta Dac: 0.001034
Checking detector protection. dv=0.00103
Checking detector "CDD". Protection Threshold: 0.1 (V)
SetMagnetDAC 5.86596896552 ===>> OK
Magnet settling time: 1.049
GetData ===>> H2,-0.130537479933681,H1,2.186980056807,AX,0.310961124727557,L1,-0.0241554164735756,L2,-0.0017535...
setting magnet DAC
current  : 5.865969
requested: 5.867003
Delta Dac: 0.001034
Checking detector protection. dv=0.00103
Checking detector "CDD". Protection Threshold: 0.1 (V)
SetMagnetDAC 5.86700344828 ===>> OK
Magnet settling time: 1.049
GetData ===>> H2,-0.0962699581643958,H1,8.29793461498103,AX,1.04289759123629,L1,-0.0311307619915413,L2,-0.03713...
setting magnet DAC
current  : 5.867003
requested: 5.868038
Delta Dac: 0.001034
Checking detector protection. dv=0.00103
Checking detector "CDD". Protection Threshold: 0.1 (V)
Get Checksum: -110011688
SetMagnetDAC 5.86803793103 ===>> OK
Magnet settling time: 1.049
GetData ===>> H2,-0.156750506746427,H1,26.542598443979,AX,3.48369555480545,L1,0.0332556213891782,L2,0.048041523...
setting magnet DAC
current  : 5.868038
requested: 5.869072
Delta Dac: 0.001034
Checking detector protection. dv=0.00103
Checking detector "CDD". Protection Threshold: 0.1 (V)
SetMagnetDAC 5.86907241379 ===>> OK
Magnet settling time: 1.049
GetData ===>> H2,-0.225905832940972,H1,104.393696573547,AX,15.3059320878178,L1,0.0797642466361341,L2,0.03286790...
setting magnet DAC
current  : 5.869072
requested: 5.870107
Delta Dac: 0.001034
Checking detector protection. dv=0.00103
Checking detector "CDD". Protection Threshold: 0.1 (V)
SetMagnetDAC 5.87010689655 ===>> OK
Magnet settling time: 1.049
Get Checksum: -110011688
GetData ===>> H2,-0.288645657505546,H1,201.461382861399,AX,33.6186010447391,L1,0.228764595926479,L2,0.060232281...
setting magnet DAC
current  : 5.870107
requested: 5.871141
Delta Dac: 0.001034
Checking detector protection. dv=0.00103
Checking detector "CDD". Protection Threshold: 0.1 (V)
SetMagnetDAC 5.87114137931 ===>> OK
Magnet settling time: 1.049
GetData ===>> H2,-0.155799418088737,H1,293.639224586615,AX,53.7830412759336,L1,0.412157810175735,L2,0.039110216...
setting magnet DAC
current  : 5.871141
requested: 5.872176
Delta Dac: 0.001034
Checking detector protection. dv=0.00103
Checking detector "CDD". Protection Threshold: 0.1 (V)
SetMagnetDAC 5.87217586207 ===>> OK
Magnet settling time: 1.049
GetData ===>> H2,-0.0983587905799016,H1,352.760573553588,AX,69.0085663135085,L1,0.576285076115312,L2,0.19434193...
setting magnet DAC
current  : 5.872176
requested: 5.873210
Delta Dac: 0.001034
Checking detector protection. dv=0.00103
Checking detector "CDD". Protection Threshold: 0.1 (V)
SetMagnetDAC 5.87321034483 ===>> OK
Magnet settling time: 1.049
Get Checksum: -110011688
GetData ===>> H2,-0.205369446348626,H1,379.718809936829,AX,77.3967756061163,L1,0.77085823132923,L2,0.2363396941...
setting magnet DAC
current  : 5.873210
requested: 5.874245
Delta Dac: 0.001034
Checking detector protection. dv=0.00103
Checking detector "CDD". Protection Threshold: 0.1 (V)
SetMagnetDAC 5.87424482759 ===>> OK
Magnet settling time: 1.049
GetData ===>> H2,-0.172979658425817,H1,389.153374208995,AX,80.9987743919128,L1,0.888152599974899,L2,0.289065179...
setting magnet DAC
current  : 5.874245
requested: 5.875279
Delta Dac: 0.001034
Checking detector protection. dv=0.00103
Checking detector "CDD". Protection Threshold: 0.1 (V)
SetMagnetDAC 5.87527931034 ===>> OK
Magnet settling time: 1.049
GetData ===>> H2,-0.266950164533157,H1,392.053393307093,AX,82.2601840543223,L1,0.908931876259461,L2,0.500028581...
setting magnet DAC
current  : 5.875279
requested: 5.876314
Delta Dac: 0.001034
Checking detector protection. dv=0.00103
Checking detector "CDD". Protection Threshold: 0.1 (V)
SetMagnetDAC 5.8763137931 ===>> OK
Magnet settling time: 1.049
Get Checksum: -110011688
GetData ===>> H2,-0.0917608842553609,H1,392.788271202042,AX,82.2601181096208,L1,0.961657346490565,L2,0.22424062...
setting magnet DAC
current  : 5.876314
requested: 5.877348
Delta Dac: 0.001034
Checking detector protection. dv=0.00103
Checking detector "CDD". Protection Threshold: 0.1 (V)
SetMagnetDAC 5.87734827586 ===>> OK
Magnet settling time: 1.049
GetData ===>> H2,-0.166799608101586,H1,392.689990787329,AX,82.6285773560272,L1,1.02575398320945,L2,0.4530391709...
setting magnet DAC
current  : 5.877348
requested: 5.878383
Delta Dac: 0.001034
Checking detector protection. dv=0.00103
Checking detector "CDD". Protection Threshold: 0.1 (V)
SetMagnetDAC 5.87838275862 ===>> OK
Magnet settling time: 1.049
Get Checksum: -110011688
GetData ===>> H2,-0.221896278788704,H1,392.768626644859,AX,82.5202502309175,L1,1.00028021299844,L2,0.3725231400...
setting magnet DAC
current  : 5.878383
requested: 5.879417
Delta Dac: 0.001034
Checking detector protection. dv=0.00103
Checking detector "CDD". Protection Threshold: 0.1 (V)
SetMagnetDAC 5.87941724138 ===>> OK
Magnet settling time: 1.049
GetData ===>> H2,-0.163057555048917,H1,392.490201851728,AX,82.5570223000833,L1,1.04757293343674,L2,0.2889739838...
setting magnet DAC
current  : 5.879417
requested: 5.880452
Delta Dac: 0.001034
Checking detector protection. dv=0.00103
Checking detector "CDD". Protection Threshold: 0.1 (V)
SetMagnetDAC 5.88045172414 ===>> OK
Magnet settling time: 1.049
GetData ===>> H2,-0.155702143159464,H1,392.395487918276,AX,82.607356046402,L1,1.03499344124247,L2,0.40547928168...
setting magnet DAC
current  : 5.880452
requested: 5.881486
Delta Dac: 0.001034
Checking detector protection. dv=0.00103
Checking detector "CDD". Protection Threshold: 0.1 (V)
SetMagnetDAC 5.8814862069 ===>> OK
Magnet settling time: 1.049
Get Checksum: -110011688
GetData ===>> H2,-0.0470490565830998,H1,392.200805110077,AX,82.2625580844914,L1,0.978273944971502,L2,0.35226210...
setting magnet DAC
current  : 5.881486
requested: 5.882521
Delta Dac: 0.001034
Checking detector protection. dv=0.00103
Checking detector "CDD". Protection Threshold: 0.1 (V)
SetMagnetDAC 5.88252068966 ===>> OK
Magnet settling time: 1.049
GetData ===>> H2,-0.173756648830061,H1,391.593394706795,AX,82.2835634300866,L1,1.04960157423027,L2,0.2534407991...
setting magnet DAC
current  : 5.882521
requested: 5.883555
Delta Dac: 0.001034
Checking detector protection. dv=0.00103
Checking detector "CDD". Protection Threshold: 0.1 (V)
SetMagnetDAC 5.88355517241 ===>> OK
Magnet settling time: 1.049
GetData ===>> H2,-0.178042627336233,H1,388.856488539432,AX,81.2318853817505,L1,1.06182958174615,L2,0.3526271341...
setting magnet DAC
current  : 5.883555
requested: 5.884590
Delta Dac: 0.001034
Checking detector protection. dv=0.00103
Checking detector "CDD". Protection Threshold: 0.1 (V)
SetMagnetDAC 5.88458965517 ===>> OK
Magnet settling time: 1.049
Get Checksum: -110011688
GetData ===>> H2,-0.167703887151673,H1,380.217372812933,AX,77.7137002894577,L1,1.01270836371767,L2,0.1665969927...
setting magnet DAC
current  : 5.884590
requested: 5.885624
Delta Dac: 0.001034
Checking detector protection. dv=0.00103
Checking detector "CDD". Protection Threshold: 0.1 (V)
SetMagnetDAC 5.88562413793 ===>> OK
Magnet settling time: 1.049
GetData ===>> H2,-0.234372349628046,H1,351.292606778692,AX,67.5962730173101,L1,0.886605383470204,L2,0.355045464...
setting magnet DAC
current  : 5.885624
requested: 5.886659
Delta Dac: 0.001034
Checking detector protection. dv=0.00103
Checking detector "CDD". Protection Threshold: 0.1 (V)
SetMagnetDAC 5.88665862069 ===>> OK
Magnet settling time: 1.049
GetData ===>> H2,-0.242105570705243,H1,285.831652811389,AX,49.3266740396597,L1,0.676247735666521,L2,0.121893453...
setting magnet DAC
current  : 5.886659
requested: 5.887693
Delta Dac: 0.001034
Checking detector protection. dv=0.00103
Checking detector "CDD". Protection Threshold: 0.1 (V)
SetMagnetDAC 5.88769310345 ===>> OK
Magnet settling time: 1.049
Get Checksum: -110011688
GetData ===>> H2,-0.178600844971878,H1,188.233802222297,AX,27.8605622710497,L1,0.41758378101031,L2,0.0967454868...
setting magnet DAC
current  : 5.887693
requested: 5.888728
Delta Dac: 0.001034
Checking detector protection. dv=0.00103
Checking detector "CDD". Protection Threshold: 0.1 (V)
SetMagnetDAC 5.88872758621 ===>> OK
Magnet settling time: 1.049
GetData ===>> H2,-0.330746218815878,H1,95.8140254264428,AX,11.9433397170205,L1,0.324960093203404,L2,0.124128134...
setting magnet DAC
current  : 5.888728
requested: 5.889762
Delta Dac: 0.001034
Checking detector protection. dv=0.00103
Checking detector "CDD". Protection Threshold: 0.1 (V)
SetMagnetDAC 5.88976206897 ===>> OK
Magnet settling time: 1.049
Get Checksum: -110011688
GetData ===>> H2,-0.220558547307457,H1,37.1606580662322,AX,3.82074647924297,L1,0.257299967262476,L2,-0.12992315...
setting magnet DAC
current  : 5.889762
requested: 5.890797
Delta Dac: 0.001034
Checking detector protection. dv=0.00103
Checking detector "CDD". Protection Threshold: 0.1 (V)
SetMagnetDAC 5.89079655172 ===>> OK
Magnet settling time: 1.049
GetData ===>> H2,-0.150578406783279,H1,11.2420130994042,AX,0.912148730551161,L1,0.140577291520577,L2,0.07231063...
setting magnet DAC
current  : 5.890797
requested: 5.891831
Delta Dac: 0.001034
Checking detector protection. dv=0.00103
Checking detector "CDD". Protection Threshold: 0.1 (V)
SetMagnetDAC 5.89183103448 ===>> OK
Magnet settling time: 1.049
GetData ===>> H2,-0.231936321254638,H1,2.92889478754537,AX,0.0019609564442414,L1,0.100146274934833,L2,0.0627161...
setting magnet DAC
current  : 5.891831
requested: 5.892866
Delta Dac: 0.001034
Checking detector protection. dv=0.00103
Checking detector "CDD". Protection Threshold: 0.1 (V)
SetMagnetDAC 5.89286551724 ===>> OK
Magnet settling time: 1.049
Get Checksum: -110011688
GetData ===>> H2,-0.233278083988659,H1,0.25707834284685,AX,-0.166316984990971,L1,0.0158521895555911,L2,0.015077...
setting magnet DAC
current  : 5.892866
requested: 5.893900
Delta Dac: 0.001034
Checking detector protection. dv=0.00103
Checking detector "CDD". Protection Threshold: 0.1 (V)
SetMagnetDAC 5.8939 ===>> OK
Magnet settling time: 1.049
GetData ===>> H2,-0.20709166972676,H1,0.0152313737267431,AX,-0.089945273076108,L1,0.020709736148879,L2,0.023824...
result of _do_sweep=True
result of _calculate_peak_center=([5.8711268675281598, 5.8788471356506111, 5.8865674037730624], [292.11428948295838, 392.7874833830864, 291.60376097686196], 5.8763220855504112, 392.7874833830864)
Failed to find a valid peak. No peak greater than 1.0. max = 0.0166299844627
new center pos Detector(H1) (Ar40) @ 5.87884713565
GetHighVoltage ===>> 4500
GetDeflection H1 ===>> 0
dac uncorrected for HV and deflection 5.87884713565
update mftable H1 Ar40 5.87884713565 message=automated run peakcenter
get initial guess parabolic
get initial guess parabolic
get initial guess parabolic
get initial guess parabolic
get initial guess parabolic
get initial guess parabolic
dump mftable to /Users/jan/PychronDev/setupfiles/spectrometer/mftables/mftable.csv
add to repo msg=modified - automated run peakcenter
locally archiving mftable
setting magnet DAC
current  : 5.893900
requested: 5.878847
Delta Dac: 0.015053
Checking detector protection. dv=0.01505
Checking detector "CDD". Protection Threshold: 0.1 (V)
SetMagnetDAC 5.87884713565 ===>> OK
Magnet settling time: 0.500
sweep finished
setting integration time = 1.048576
Get Checksum: -110011688
SetIntegrationTime 1.048576 ===>> OK
Failed to find a valid peak. No peak greater than 1.0. max = 0.0166299844627
flush and close file /Users/jan/PychronDev/data/isotopes/cb/cf89af-b04d-4e6c-b0bf-6acfb0924b51.h5
finished measure script
executed 226.132928
jan_unknown120_60.py completed successfully
Measurement Finished
07:36:34 -- ******* Measurement Finished *******
Post Measurement Started jan_pump_ms.py
07:36:34 -- ******* Post Measurement Started jan_pump_ms.py *******
testing...
no interpolation path defined
executed 0
Pumping spectrometer
open () {'name': 'O'}
opening name=O desc=---
checking ownership. requestor=129.138.12.150
check software interlocks O
interlocks []
actuate state mode=None-script, software_lock=False
doing actuation None-script open_channel True
Open O ===>> OK
GetIndicatorState O ===>> OK
change switch state (True, True)
update switch state O True args=() kw={} ncanvase=2
07:36:34 -- OPEN   VALVE-O (Jan Ion Pump)
---------------------------------------- open O () result=[(True, True)], time=0.10 sec
action=open, ok=True, locked=[False]
executed 0
jan_pump_ms.py completed successfully
setting _ms_pumptime
Post Measurement Finished
07:36:35 -- ******* Post Measurement Finished *******
$$$$$$$$$$$$$$$$$$$$ state at run end measurement
state changed from measurement to success
post measurement save measured=True aborted=False
Set filtering
setting fod for Ar40= {'filter_outliers': True, 'std_devs': 2, 'iterations': 1}
setting fod for H1= {'filter_outliers': True, 'std_devs': 2, 'iterations': 1}
setting fod for PM41= {'filter_outliers': False, 'std_devs': 2, 'iterations': 1}
setting fod for H2= {'filter_outliers': True, 'std_devs': 2, 'iterations': 1}
setting fod for Ar36= {'filter_outliers': True, 'std_devs': 2, 'iterations': 1}
setting fod for CDD= {'filter_outliers': True, 'std_devs': 10, 'iterations': 1}
setting fod for Ar37= {'filter_outliers': True, 'std_devs': 2, 'iterations': 1}
setting fod for L2= {'filter_outliers': True, 'std_devs': 2, 'iterations': 1}
setting fod for Ar38= {'filter_outliers': True, 'std_devs': 2, 'iterations': 1}
setting fod for L1= {'filter_outliers': True, 'std_devs': 2, 'iterations': 1}
setting fod for Ar39= {'filter_outliers': True, 'std_devs': 2, 'iterations': 1}
setting fod for AX= {'filter_outliers': True, 'std_devs': 2, 'iterations': 1}
persistence save...
persistence save - db
post measurement save
6013467728 connecting to database sqlite:////Users/jan/PychronDev/.appdata/local_lab.db
connected to db sqlite:////Users/jan/PychronDev/.appdata/local_lab.db
create new session 6013467728
close session 6013467728
No database instance. Not saving post measurement to isotopedb database
$$$$$$$$$$$$$$$ auto_save_detector_ic=False
massspec enabled True
create new session 4979649712
MassSpec Database Version: 16.0
close session 4979649712
saving post measurement to secondary database
saving to massspec database 129.138.12.160/massspecdata
setting labnumber to 65572
setting aliquot to 2
setting step to B
setting uuid to cbcf89af-b04d-4e6c-b0bf-6acfb0924b51
setting irradpos to 65572
setting extract_device to Fusions CO2
setting tray to 
setting position to 202
setting power_requested to 0.4
setting extract_value to 0.4
setting duration to 30.0
setting duration_at_request to 30.0
setting first_stage_delay to 30.0
setting cleanup to 30.0
setting comment to M:15 with inclusions
setting irradiation to NM-289
setting level to M
setting irradiation_level to M
setting sample to NM-2602 W
setting material to Sanidine
setting project to JoyitaHills
setting mass_spectrometer to Jan
no attribute chron_dosages
no attribute production_ratios
no attribute interference_corrections
no attribute production_name
no attribute j
Reference Isotope=Ar40
Reference Detector=H1
%%%%%%%%%%%%%%%%%%%% Comment: M:15 with inclusions %%%%%%%%%%%%%%%%%%%
adding isotope PM41 H2
add baseline dbdet= PM41. original det= H2
get baseline data PM41 H2
Get data baseline <pychron.processing.isotope.Baseline object at 0x160ab30d0> len t=60
baseline PM41. v=-0.197776106479, e=0.0074346094052
get signal data PM41 H2
Get data signal PM41 0.03+/-0.08 len t=120
adding isotope Ar40 H1
add baseline dbdet= Ar40. original det= H1
get baseline data Ar40 H1
Get data baseline <pychron.processing.isotope.Baseline object at 0x160ab32d0> len t=60
baseline Ar40. v=-0.0151779034747, e=0.00505641349107
get signal data Ar40 H1
Get data signal Ar40 430.573+/-0.034 len t=120
adding isotope Ar39 AX
add baseline dbdet= Ar39. original det= AX
get baseline data Ar39 AX
Get data baseline <pychron.processing.isotope.Baseline object at 0x160ab3490> len t=60
baseline Ar39. v=-0.0581721756841, e=0.0059357901664
get signal data Ar39 AX
Get data signal Ar39 90.699+/-0.018 len t=120
adding isotope Ar38 L1
add baseline dbdet= Ar38. original det= L1
get baseline data Ar38 L1
Get data baseline <pychron.processing.isotope.Baseline object at 0x160ab3650> len t=60
baseline Ar38. v=-0.0238174371013, e=0.00264603169487
get signal data Ar38 L1
Get data signal Ar38 1.160+/-0.005 len t=120
adding isotope Ar37 L2
add baseline dbdet= Ar37. original det= L2
get baseline data Ar37 L2
Get data baseline <pychron.processing.isotope.Baseline object at 0x160ab3810> len t=60
baseline Ar37. v=-0.0197658828866, e=0.00632502408117
get signal data Ar37 L2
Get data signal Ar37 0.422+/-0.009 len t=120
adding isotope Ar36 CDD
add baseline dbdet= Ar36. original det= CDD
get baseline data Ar36 CDD
Get data baseline <pychron.processing.isotope.Baseline object at 0x160ab39d0> len t=60
baseline Ar36. v=0.000104205789072, e=2.01098318794e-05
get signal data Ar36 CDD
Get data signal Ar36 0.00958+/-0.00029 len t=120
65572-02B added analysis time 0.603548049927s
analysis added to mass spec database
mass spec save time= 0.647
persistence save - dvc
================= post measurement started
create new session 4984345712
close session 4984345712
---------------- Experiment Queue saving disabled
DVC saving peakcenter
Failed to find a valid peak. No peak greater than 1.0. max = 0.0166299844627
Smart pull ahead: 0 behind: 0
Up-to-date with origin
add to repo msg=modified - ad8224ebc6dbfeb9f5997218dfa5fe690569839d.json
add to repo msg=modified - 72-02B.json
Get Checksum: 2035439760
add to repo msg=modified - 72-02B.dat.json
add to repo msg=modified - 72-02B.blan.json
add to repo msg=modified - 72-02B.inte.json
add to repo msg=modified - 72-02B.icfa.json
add to repo msg=modified - 72-02B.base.json
not at valid file /Users/jan/PychronDev/data/.dvc/repositories/Load1783/655/tags/72-02B.tags.json
add to repo msg=modified - 72-02B.peak.json
add to repo msg=modified - 72-02B.extr.json
not at valid file /Users/jan/PychronDev/data/.dvc/repositories/Load1783/655/monitor/72-02B.moni.json
commit message=<COLLECTION>
add to repo msg=modified - 72-02B.inte.json
add to repo msg=modified - 72-02B.base.json
Get Checksum: 2035439760
commit message=<ISOEVO> default collection fits
add to repo msg=modified - 72-02B.blan.json
commit message=<BLANKS> preceding ba-01-J-2237
add to repo msg=modified - 72-02B.icfa.json
commit message=<ICFactor> default
Get Checksum: 2035439760
push repository <pychron.git_archive.repo_manager.GitRepoManager object at 0x139ab3890>
pushing to remote=origin, url=https://github.com
Get Checksum: 2035439760
no changes to meta repo
create new session 4984345712
add association Load1783
get identifier "65572"
setting analysis irradiation position=<pychron.dvc.dvc_orm.IrradiationPositionTbl object at 0x16db2b210>
close session 4984345712
================= post measurement finished
07:36:48 -- ******* Post Run Check *******
loading queue conditionals post_run_actions
loading system conditionals post_run_actions
loading conditionals from /Users/jan/PychronDev/setupfiles/spectrometer/default_conditionals.yaml
loading queue conditionals post_run_terminations
loading system conditionals post_run_terminations
loading conditionals from /Users/jan/PychronDev/setupfiles/spectrometer/default_conditionals.yaml
Checking default post run terminations n=1
GetDeflection CDD ===>> 50
testing CDD==2000
evaluate ot="CDD.deflection==2000" t="CDD==2000", ctx="{'CDD': 50.0}"
07:36:48 -- ******* Post Run Check Passed *******
07:36:48 -- Automated run 65572-02B success duration: 361.164 s
----------------- finish -----------------
----------------- stop -----------------
retroactive repository identifiers disabled
finish run. runs completed=85
update duration runid=65572-02B, duration=361.163833857, md5=301e91d8
loading script "jan_unknown120_60.py"
loading script "jan_pump_ms.py"
loading script "jan_co2.py"
loading script "jan_pump_extraction_line.py"
testing...
no interpolation path defined
executed 213.652928
script duration name:unknown120_60 seconds:214.0
loading script "jan_unknown120_60.py"
loading script "jan_pump_ms.py"
loading script "jan_co2.py"
loading script "jan_pump_extraction_line.py"
testing...
no interpolation path defined
executed 0
loading script "jan_unknown120_60.py"
loading script "jan_pump_ms.py"
loading script "jan_co2.py"
loading script "jan_pump_extraction_line.py"
testing...
no interpolation path defined
calculate duration
testing...
no interpolation path defined
executed 0
calculate duration
testing...
no interpolation path defined
executed 0
executed 0.0
script duration name:co2 seconds:0.0
loading script "jan_unknown120_60.py"
loading script "jan_pump_ms.py"
loading script "jan_co2.py"
loading script "jan_pump_extraction_line.py"
testing...
no interpolation path defined
calculate duration
testing...
no interpolation path defined
executed 4.0
executed 4.0
Script duration 214.0
Run total estimated duration= 215.000
unknown120_60 in script context. using previous estimated duration
script duration name:unknown120_60 seconds:214.0
pump_ms in script context. using previous estimated duration
co2 in script context. using previous estimated duration
script duration name:co2 seconds:0.0
pump_extraction_line in script context. using previous estimated duration
Script duration 214.0
Run total estimated duration= 215.000
script duration name:unknown120_60 seconds:214.0
script duration name:co2 seconds:0.0
Script duration 214.0
Run total estimated duration= 215.000
script duration name:unknown120_60 seconds:214.0
script duration name:co2 seconds:0.0
Script duration 214.0
Run total estimated duration= 215.000
script duration name:unknown120_60 seconds:214.0
loading script "jan_unknown120_60.py"
loading script "jan_pump_ms.py"
loading script "jan_cocktail_x1.py"
loading script "jan_pump_extraction_line.py"
testing...
no interpolation path defined
calculate duration
testing...
no interpolation path defined
executed 0
calculate duration
testing...
no interpolation path defined
executed 0
calculate duration
testing...
no interpolation path defined
executed 32.0
calculate duration
testing...
no interpolation path defined
executed 34.0
calculate duration
testing...
no interpolation path defined
executed 4.0
calculate duration
testing...
no interpolation path defined
executed 38.0
executed 108.0
script duration name:cocktail_x1 seconds:108.0
Script duration 322.0
Run total estimated duration= 323.000
script duration name:unknown120_60 seconds:214.0
script duration name:co2 seconds:0.0
Script duration 214.0
Run total estimated duration= 215.000
script duration name:unknown120_60 seconds:214.0
script duration name:co2 seconds:0.0
Script duration 214.0
Run total estimated duration= 215.000
script duration name:unknown120_60 seconds:214.0
script duration name:co2 seconds:0.0
Script duration 214.0
Run total estimated duration= 215.000
script duration name:unknown120_60 seconds:214.0
script duration name:co2 seconds:0.0
Script duration 214.0
Run total estimated duration= 215.000
script duration name:unknown120_60 seconds:214.0
script duration name:co2 seconds:0.0
Script duration 214.0
Run total estimated duration= 215.000
script duration name:unknown120_60 seconds:214.0
script duration name:co2 seconds:0.0
Script duration 214.0
Run total estimated duration= 215.000
script duration name:unknown120_60 seconds:214.0
script duration name:co2 seconds:0.0
Script duration 214.0
Run total estimated duration= 215.000
script duration name:unknown120_60 seconds:214.0
script duration name:co2 seconds:0.0
Script duration 214.0
Run total estimated duration= 215.000
script duration name:unknown120_60 seconds:214.0
script duration name:co2 seconds:0.0
Script duration 214.0
Run total estimated duration= 215.000
loading script "jan_unknown400_120.py"
loading script "jan_pump_ms.py"
loading script "jan_co2.py"
loading script "jan_pump_extraction_line.py"
testing...
no interpolation path defined
executed 556.052928
script duration name:unknown400_120 seconds:556.0
script duration name:co2 seconds:0.0
Script duration 556.0
Run total estimated duration= 557.000
unknown400_120 in script context. using previous estimated duration
script duration name:unknown400_120 seconds:556.0
cocktail_x1 in script context. using previous estimated duration
script duration name:cocktail_x1 seconds:108.0
Script duration 664.0
Run total estimated duration= 665.000
script duration name:unknown120_60 seconds:214.0
script duration name:cocktail_x1 seconds:108.0
Script duration 322.0
Run total estimated duration= 323.000
script duration name:unknown400_120 seconds:556.0
loading script "jan_unknown400_120.py"
loading script "jan_pump_ms.py"
loading script "jan_sniffair_x2.py"
loading script "jan_pump_extraction_line.py"
testing...
no interpolation path defined
calculate duration
testing...
no interpolation path defined
executed 0
calculate duration
testing...
no interpolation path defined
executed 0
calculate duration
testing...
no interpolation path defined
executed 32.0
calculate duration
testing...
no interpolation path defined
executed 34.0
calculate duration
testing...
no interpolation path defined
executed 4.0
calculate duration
testing...
no interpolation path defined
executed 36.0
calculate duration
testing...
no interpolation path defined
executed 34.0
calculate duration
testing...
no interpolation path defined
executed 4.0
calculate duration
testing...
no interpolation path defined
executed 36.0
calculate duration
testing...
no interpolation path defined
executed 70.0
executed 250.0
script duration name:sniffair_x2 seconds:250.0
Script duration 806.0
Run total estimated duration= 807.000
script duration name:unknown400_120 seconds:556.0
sniffair_x2 in script context. using previous estimated duration
script duration name:sniffair_x2 seconds:250.0
Script duration 806.0
Run total estimated duration= 807.000
loading script "jan_ic_peak_hop3.py"
loading script "jan_pump_ms.py"
loading script "jan_air_x1.py"
loading script "jan_pump_extraction_line.py"
testing...
no interpolation path defined
executed 133.8
script duration name:ic_peak_hop3 seconds:134.0
loading script "jan_ic_peak_hop3.py"
loading script "jan_pump_ms.py"
loading script "jan_air_x1.py"
loading script "jan_pump_extraction_line.py"
testing...
no interpolation path defined
calculate duration
testing...
no interpolation path defined
executed 0
calculate duration
testing...
no interpolation path defined
executed 0
calculate duration
testing...
no interpolation path defined
executed 32.0
calculate duration
testing...
no interpolation path defined
executed 34.0
calculate duration
testing...
no interpolation path defined
executed 4.0
calculate duration
testing...
no interpolation path defined
executed 36.0
executed 106.0
script duration name:air_x1 seconds:106.0
Script duration 240.0
Run total estimated duration= 241.000
script duration name:unknown120_60 seconds:214.0
script duration name:co2 seconds:0.0
Script duration 214.0
Run total estimated duration= 215.000
script duration name:unknown120_60 seconds:214.0
script duration name:co2 seconds:0.0
Script duration 214.0
Run total estimated duration= 215.000
script duration name:unknown120_60 seconds:214.0
script duration name:co2 seconds:0.0
Script duration 214.0
Run total estimated duration= 215.000
script duration name:unknown120_60 seconds:214.0
script duration name:co2 seconds:0.0
Script duration 214.0
Run total estimated duration= 215.000
script duration name:unknown120_60 seconds:214.0
script duration name:co2 seconds:0.0
Script duration 214.0
Run total estimated duration= 215.000
script duration name:unknown120_60 seconds:214.0
script duration name:co2 seconds:0.0
Script duration 214.0
Run total estimated duration= 215.000
script duration name:unknown120_60 seconds:214.0
script duration name:co2 seconds:0.0
Script duration 214.0
Run total estimated duration= 215.000
script duration name:unknown120_60 seconds:214.0
script duration name:co2 seconds:0.0
Script duration 214.0
Run total estimated duration= 215.000
script duration name:unknown120_60 seconds:214.0
script duration name:co2 seconds:0.0
Script duration 214.0
Run total estimated duration= 215.000
script duration name:unknown120_60 seconds:214.0
script duration name:co2 seconds:0.0
Script duration 214.0
Run total estimated duration= 215.000
script duration name:unknown120_60 seconds:214.0
script duration name:co2 seconds:0.0
Script duration 214.0
Run total estimated duration= 215.000
script duration name:unknown120_60 seconds:214.0
script duration name:co2 seconds:0.0
Script duration 214.0
Run total estimated duration= 215.000
script duration name:unknown120_60 seconds:214.0
script duration name:co2 seconds:0.0
Script duration 214.0
Run total estimated duration= 215.000
script duration name:unknown120_60 seconds:214.0
script duration name:co2 seconds:0.0
Script duration 214.0
Run total estimated duration= 215.000
script duration name:unknown120_60 seconds:214.0
script duration name:co2 seconds:0.0
Script duration 214.0
Run total estimated duration= 215.000
script duration name:unknown400_120 seconds:556.0
script duration name:co2 seconds:0.0
Script duration 556.0
Run total estimated duration= 557.000
script duration name:unknown400_120 seconds:556.0
script duration name:cocktail_x1 seconds:108.0
Script duration 664.0
Run total estimated duration= 665.000
script duration name:unknown120_60 seconds:214.0
script duration name:cocktail_x1 seconds:108.0
Script duration 322.0
Run total estimated duration= 323.000
ic_peak_hop3 in script context. using previous estimated duration
script duration name:ic_peak_hop3 seconds:134.0
air_x1 in script context. using previous estimated duration
script duration name:air_x1 seconds:106.0
Script duration 240.0
Run total estimated duration= 241.000
script duration name:unknown120_60 seconds:214.0
script duration name:co2 seconds:0.0
Script duration 214.0
Run total estimated duration= 215.000
script duration name:unknown120_60 seconds:214.0
script duration name:co2 seconds:0.0
Script duration 214.0
Run total estimated duration= 215.000
script duration name:unknown120_60 seconds:214.0
script duration name:co2 seconds:0.0
Script duration 214.0
Run total estimated duration= 215.000
script duration name:unknown120_60 seconds:214.0
script duration name:co2 seconds:0.0
Script duration 214.0
Run total estimated duration= 215.000
script duration name:unknown120_60 seconds:214.0
script duration name:co2 seconds:0.0
Script duration 214.0
Run total estimated duration= 215.000
script duration name:unknown120_60 seconds:214.0
script duration name:co2 seconds:0.0
Script duration 214.0
Run total estimated duration= 215.000
script duration name:unknown120_60 seconds:214.0
script duration name:co2 seconds:0.0
Script duration 214.0
Run total estimated duration= 215.000
script duration name:unknown120_60 seconds:214.0
script duration name:co2 seconds:0.0
Script duration 214.0
Run total estimated duration= 215.000
script duration name:unknown120_60 seconds:214.0
script duration name:co2 seconds:0.0
Script duration 214.0
Run total estimated duration= 215.000
script duration name:unknown120_60 seconds:214.0
script duration name:co2 seconds:0.0
Script duration 214.0
Run total estimated duration= 215.000
script duration name:unknown400_120 seconds:556.0
script duration name:sniffair_x2 seconds:250.0
Script duration 806.0
Run total estimated duration= 807.000
script duration name:unknown400_120 seconds:556.0
script duration name:sniffair_x2 seconds:250.0
Script duration 806.0
Run total estimated duration= 807.000
script duration name:unknown400_120 seconds:556.0
script duration name:co2 seconds:0.0
Script duration 556.0
Run total estimated duration= 557.000
nruns=52 before=5.0, run_dur=15850.0, btw=2295.0
write rem/ex queues
/Users/jan/PychronDev/experiments/rem/CurrentExperiment.rem.txt
/Users/jan/PychronDev/experiments/rem/CurrentExperiment.ex.txt
doing event level: 3
