do run
loading script "jan_unknown120_60.py"
loading script "jan_pump_ms.py"
loading script "jan_co2.py"
loading script "jan_pump_extraction_line.py"
testing...
no interpolation path defined
executed 213.652928
script duration name:unknown120_60 seconds:214.0
loading script "jan_unknown120_60.py"
loading script "jan_pump_ms.py"
loading script "jan_co2.py"
loading script "jan_pump_extraction_line.py"
testing...
no interpolation path defined
executed 0
loading script "jan_unknown120_60.py"
loading script "jan_pump_ms.py"
loading script "jan_co2.py"
loading script "jan_pump_extraction_line.py"
testing...
no interpolation path defined
calculate duration
testing...
no interpolation path defined
executed 0
calculate duration
testing...
no interpolation path defined
executed 0
executed 0.0
script duration name:co2 seconds:0.0
loading script "jan_unknown120_60.py"
loading script "jan_pump_ms.py"
loading script "jan_co2.py"
loading script "jan_pump_extraction_line.py"
testing...
no interpolation path defined
calculate duration
testing...
no interpolation path defined
executed 4.0
executed 4.0
Script duration 214.0
Run total estimated duration= 215.000
run duration: 0:03:35
doing event level: 2
07:37:38 -- Setting default integration. t=1.048576
setting integration time = 1.048576
SetIntegrationTime 1.048576 ===>> OK
----------------- start -----------------
**************** Experiment Type: Ar/Ar, Ar/Ar
create new session 5004766384
close session 5004766384
$$$$$ Clearing conditionals
adding conditionals 
Add queue conditionals
add default conditionals
adding default conditionals from /Users/jan/PychronDev/setupfiles/spectrometer/default_conditionals.yaml
Start automated run 65572-02C
loading script "jan_unknown120_60.py"
loading script "jan_pump_ms.py"
loading script "jan_co2.py"
loading script "jan_pump_extraction_line.py"
%%%%%%%%%%%%%%%%%% setting automated run 65572-02C
No value "sensitivity_multiplier" in metadata
$$$$$$$$$$$$$$$ auto_save_detector_ic=False
============================= Pre Extraction Check =============================
loading queue conditionals pre_run_terminations
loading system conditionals pre_run_terminations
loading conditionals from /Users/jan/PychronDev/setupfiles/spectrometer/default_conditionals.yaml
07:37:39 -- ******* Pre Extraction Check *******
Get a measurement from the spectrometer
GetData ===>> H2,-0.207165781435505,H1,0.0603981188634918,AX,-0.090768164094296,L1,0.0330957872090781,L2,-0.041...
Pre Extraction Termination data. keys=H2,H1,AX,L1,L2,CDD, signals=-0.20717,0.06040,-0.09077,0.03310,-0.04169,0.00298
07:37:39 -- testing system defined conditionals
Checking default pre extraction terminations n=2
testing CDD
evaluate ot="CDD.inactive" t="CDD", ctx="{'CDD': False}"
GetDeflection CDD ===>> 50
testing CDD==2000
evaluate ot="CDD.deflection==2000" t="CDD==2000", ctx="{'CDD': 50.0}"
07:37:39 -- ******* Pre Extraction Check Passed *******
=================================================================================
07:37:39 -- stopping status monitor
stop 4976489392
Alive clients [4984697584]
07:37:39 -- starting status monitor
start 4976489392
Monitor already running
start extraction
do extraction
Analysis started at 07:37:39.082969
Extraction Started jan_co2.py
07:37:39 -- ******* Extraction Started jan_co2.py *******
state changed from not run to extraction
DO EXTRACTION <pychron.extraction_line.pyscript_runner.RemotePyScriptRunner object at 0x12988f3b0>
testing...
no interpolation path defined
calculate duration
testing...
no interpolation path defined
executed 0
calculate duration
testing...
no interpolation path defined
executed 0
executed 100.0
Jan CO2 laser analysis
doing GOSUB
testing...
no interpolation path defined
executed 0
Waiting for CO2 access
wait ('FelixCO2Flag', 0) {}
waiting for FelixCO2Flag = 0
Read FelixCO2Flag ===>> 0
finished waiting
CO2 free
wait ('CO2PumpTimeFlag', 0) {}
waiting for CO2PumpTimeFlag = 0
Read CO2PumpTimeFlag ===>> 0
finished waiting
acquire ('JanCO2Flag',) {'clear': True}
acquire JanCO2Flag
Set JanCO2Flag 1 ===>> OK
JanCO2Flag acquired
set extraction state False (0.75, 'red', 1.5)
CO2 acquired
executed 0
WaitForCO2Access.py completed successfully
gosub finished
doing GOSUB
testing...
no interpolation path defined
executed 0
Prepare for CO2 analysis
close () {'description': 'Jan Inlet'}
closing name=--- desc=Jan Inlet
checking ownership. requestor=129.138.12.150
check software interlocks R
interlocks []
actuate state mode=None-script, software_lock=False
doing actuation None-script close_channel False
Close R ===>> OK
GetIndicatorState R ===>> False
change switch state (True, True)
update switch state R False args=() kw={} ncanvase=2
07:37:39 -- CLOSE  VALVE-R (Jan Inlet)
---------------------------------------- close None (Jan Inlet) result=[(True, True)]
action=close, ok=True, locked=[False]
open () {'description': 'Jan Ion Pump'}
opening name=--- desc=Jan Ion Pump
checking ownership. requestor=129.138.12.150
check software interlocks O
interlocks []
actuate state mode=None-script, software_lock=False
doing actuation None-script open_channel False
Open O ===>> OK
GetIndicatorState O ===>> OK
change switch state (True, True)
update switch state O True args=() kw={} ncanvase=2
07:37:39 -- OPEN   VALVE-O (Jan Ion Pump)
---------------------------------------- open None (Jan Ion Pump) result=[(True, True)], time=0.09 sec
action=open, ok=True, locked=[False]
close () {'description': 'Microbone to Minibone'}
closing name=--- desc=Microbone to Minibone
checking ownership. requestor=129.138.12.150
check software interlocks L
interlocks []
actuate state mode=None-script, software_lock=False
doing actuation None-script close_channel False
Close L ===>> OK
Get Checksum: 2035439760
GetIndicatorState L ===>> False
change switch state (True, True)
update switch state L False args=() kw={} ncanvase=2
07:37:40 -- CLOSE  VALVE-L (Microbone to Minibone)
---------------------------------------- close None (Microbone to Minibone) result=[(True, True)]
action=close, ok=True, locked=[False]
open () {'description': 'Microbone to Turbo'}
opening name=--- desc=Microbone to Turbo
checking ownership. requestor=129.138.12.150
check software interlocks U
interlocks []
actuate state mode=None-script, software_lock=False
doing actuation None-script open_channel False
Open U ===>> OK
GetIndicatorState U ===>> OK
change switch state (True, True)
update switch state U True args=() kw={} ncanvase=2
07:37:40 -- OPEN   VALVE-U (Microbone to Turbo)
---------------------------------------- open None (Microbone to Turbo) result=[(True, True)], time=0.11 sec
action=open, ok=True, locked=[False]
open () {'description': 'Microbone to Inlet Pipette'}
opening name=--- desc=Microbone to Inlet Pipette
checking ownership. requestor=129.138.12.150
check software interlocks S
interlocks []
actuate state mode=None-script, software_lock=False
doing actuation None-script open_channel False
Open S ===>> OK
GetIndicatorState S ===>> OK
change switch state (True, True)
update switch state S True args=() kw={} ncanvase=2
07:37:41 -- OPEN   VALVE-S (Microbone to Inlet Pipette)
---------------------------------------- open None (Microbone to Inlet Pipette) result=[(True, True)], time=0.41 sec
action=open, ok=True, locked=[False]
open () {'description': 'Microbone to Getter D-50'}
opening name=--- desc=Microbone to Getter D-50
checking ownership. requestor=129.138.12.150
check software interlocks K
interlocks []
actuate state mode=None-script, software_lock=False
doing actuation None-script open_channel False
Open K ===>> OK
GetIndicatorState K ===>> OK
change switch state (True, True)
update switch state K True args=() kw={} ncanvase=2
07:37:42 -- OPEN   VALVE-K (Microbone to Getter D-50)
---------------------------------------- open None (Microbone to Getter D-50) result=[(True, True)], time=0.40 sec
action=open, ok=True, locked=[False]
open () {'description': 'Microbone to Getter NP-10'}
opening name=--- desc=Microbone to Getter NP-10
checking ownership. requestor=129.138.12.150
check software interlocks M
interlocks []
actuate state mode=None-script, software_lock=False
doing actuation None-script open_channel False
Open M ===>> OK
GetIndicatorState M ===>> OK
change switch state (True, True)
update switch state M True args=() kw={} ncanvase=2
07:37:42 -- OPEN   VALVE-M (Microbone to Getter NP-10)
---------------------------------------- open None (Microbone to Getter NP-10) result=[(True, True)], time=0.15 sec
action=open, ok=True, locked=[False]
close () {'description': 'CO2 Laser to Felix'}
closing name=--- desc=CO2 Laser to Felix
checking ownership. requestor=129.138.12.150
check software interlocks F
interlocks []
actuate state mode=None-script, software_lock=True
VALVE-F(CO2 Laser to Felix) software locked
change switch state (True, False)
---------------------------------------- close None (CO2 Laser to Felix) result=[(True, False)]
action=close, ok=True, locked=[True]
open () {'description': 'CO2 Laser to Jan'}
opening name=--- desc=CO2 Laser to Jan
checking ownership. requestor=129.138.12.150
check software interlocks A
interlocks []
actuate state mode=None-script, software_lock=False
doing actuation None-script open_channel False
Open A ===>> OK
GetIndicatorState A ===>> OK
change switch state (True, True)
update switch state A True args=() kw={} ncanvase=2
07:37:43 -- OPEN   VALVE-A (CO2 Laser to Jan)
---------------------------------------- open None (CO2 Laser to Jan) result=[(True, True)], time=0.14 sec
action=open, ok=True, locked=[False]
open () {'description': 'Microbone to CO2 Laser'}
opening name=--- desc=Microbone to CO2 Laser
checking ownership. requestor=129.138.12.150
check software interlocks T
interlocks []
actuate state mode=None-script, software_lock=False
doing actuation None-script open_channel False
Open T ===>> OK
GetIndicatorState T ===>> OK
change switch state (True, True)
update switch state T True args=() kw={} ncanvase=2
07:37:43 -- OPEN   VALVE-T (Microbone to CO2 Laser)
---------------------------------------- open None (Microbone to CO2 Laser) result=[(True, True)], time=0.41 sec
Get Checksum: 2035439760
action=open, ok=True, locked=[False]
executed 0
PrepareForCO2Analysis.py completed successfully
gosub finished
set_motor ('beam', '1.25') {}
setting motor "beam" to 1.25
set motor beam to 1.25
SetMotor beam,1.25 ===>> OK
GetMotorMoving beam ===>> False
GetMotorMoving beam ===>> False
Block completed
move_to_position ('202',) {'autocenter': True}
FusionsCO2 move to position 202
sending GoToHole 202,True
GoToHole 202,True ===>> OK
GetDriveMoving ===>> False
GetDriveMoving ===>> False
Block completed
GetAutoCorrecting ===>> False
Get Checksum: 2035439760
GetAutoCorrecting ===>> False
Block completed
update position
GetPosition ===>> 0.00000,-11.96340,1.00000
got position (0.0, -11.9634, 1.0)
move to position succeeded
sleep (5,) {}
SLEEP 5.0
block started
WaitControl setup for 5.0  
Get Checksum: 2035439760
Join finished
block finished. duration 5.01080107689
close () {'description': 'Microbone to Turbo'}
closing name=--- desc=Microbone to Turbo
checking ownership. requestor=129.138.12.150
check software interlocks U
interlocks []
actuate state mode=None-script, software_lock=False
doing actuation None-script close_channel True
Close U ===>> OK
GetIndicatorState U ===>> False
change switch state (True, True)
update switch state U False args=() kw={} ncanvase=2
07:37:52 -- CLOSE  VALVE-U (Microbone to Turbo)
---------------------------------------- close None (Microbone to Turbo) result=[(True, True)]
action=close, ok=True, locked=[False]
enable laser
enable () {}
set extraction state FusionsCO2 Enabled (False, 'red', 1.5)
enabling laser
Enable ===>> OK
begin interval
BEGIN INTERVAL Interval 1 waiting for 30.0
block started
set extract to 5.0
WaitControl setup for 30.0  
extract (5.0,) {}
GetPosition ===>> 0.00000,-11.96340,1.00000
set extraction state FusionsCO2 ON! 5.0(watts) (0.75, 'red', 1.5)
extract sample to 5.0 (watts)
set laser output
Get Checksum: -1640178555
SetLaserOutput 5.0,watts ===>> OK
executing pattern triangle.lp
execute_pattern ('triangle.lp',) {}
executing pattern triangle.lp
IsPatterning ===>> OK
IsPatterning ===>> OK
Get Checksum: -1640178555
IsPatterning ===>> OK
IsPatterning ===>> OK
IsPatterning ===>> OK
Get Checksum: -1640178555
IsPatterning ===>> OK
IsPatterning ===>> OK
IsPatterning ===>> OK
Get Checksum: -1640178555
IsPatterning ===>> OK
IsPatterning ===>> OK
IsPatterning ===>> OK
Get Checksum: -1640178555
IsPatterning ===>> OK
IsPatterning ===>> OK
IsPatterning ===>> OK
Get Checksum: -1640178555
IsPatterning ===>> OK
IsPatterning ===>> OK
IsPatterning ===>> OK
Get Checksum: -1640178555
IsPatterning ===>> OK
IsPatterning ===>> OK
IsPatterning ===>> OK
Get Checksum: -1640178555
IsPatterning ===>> OK
IsPatterning ===>> OK
IsPatterning ===>> OK
Get Checksum: -1640178555
IsPatterning ===>> OK
IsPatterning ===>> OK
IsPatterning ===>> OK
Get Checksum: -1640178555
IsPatterning ===>> False
IsPatterning ===>> False
Block completed
COMPLETE INTERVAL waiting for Interval 1 to complete
Join finished
block finished. duration 30.0382239819
Interval 1 finished
Get Checksum: -1640178555
end_extract () {}
ending extraction. set laser power to 0
set laser power 0
SetLaserPower 0 ===>> OK
disable () {}
%%%%%%%%%%%%%%%%%%%%%%%%%%%%%%%%%%% disable
set extraction state False (0.75, 'red', 1.5)
disabling laser
Disable ===>> OK
sleep (30.0,) {}
SLEEP 30.0
block started
WaitControl setup for 30.0  
Get Checksum: -1640178555
Get Checksum: -1640178555
Get Checksum: -1640178555
Get Checksum: -1640178555
Get Checksum: -1640178555
Get Checksum: -1640178555
Get Checksum: -1640178555
Get Checksum: -1640178555
Get Checksum: -1640178555
Join finished
block finished. duration 30.0271060467
executed 166.5
jan_co2.py completed successfully
GetAchievedOutput ===>> No Response
Requested Output= 0.000
Achieved Output=  0.000
GetResponseBlob ===>> No Response
GetOutputBlob ===>> No Response
persistence save...
persistence save - db
AutomatedRunPersister post_extraction_save deprecated
persistence save - dvc
no extraction position for 202
create new session 4984345712
close session 4984345712
Extraction Finished
07:38:53 -- ******* Extraction Finished *******
no overlap. not waiting for min ms pumptime
07:38:53 -- Sending spectrometer configuration
======== Sending configuration ========
SetDeflection CDD,50.0 ===>> OK
SetDeflection H2,0.0 ===>> OK
SetDeflection H1,0.0 ===>> OK
SetDeflection L2,825.0 ===>> OK
SetDeflection L1,400.0 ===>> OK
SetDeflection AX,190.0 ===>> OK
SetZFocus 74.64 ===>> OK
SetZSymmetry -50.72 ===>> OK
SetExtractionLens 26.13 ===>> OK
SetIonRepeller -3.81 ===>> OK
SetElectronEnergy 75.08 ===>> OK
SetYSymmetry -2.81 ===>> OK
SetIonCounterVoltage 1590.0 ===>> OK
send trap current 200.0
GetParameter Trap Current Readback ===>> 197.923274125618
SetParameter Trap Current Set,200.0 ===>> OK
updating mftable name mftable
Using mftable located at /Users/jan/PychronDev/setupfiles/spectrometer/mftables/mftable.csv
============ MFtable ===========
Isotope  H2     H1     AX     L1     L2     CDD    
Ar40     5.7810 5.8788 5.9923 6.1209 6.2307 6.3492
Ar39     5.6803 5.7711 5.8847 6.0070 6.1158 6.2357
Ar36     5.3578 5.4401 5.5481 5.6659 5.7708 5.8868
================================
get initial guess parabolic
get initial guess parabolic
get initial guess parabolic
get initial guess parabolic
get initial guess parabolic
get initial guess parabolic
======== Configuration Finished ========
GetYSymmetry ===>> -2.81
GetZSymmetry ===>> -50.72
GetParameter Trap Current Readback ===>> 197.923274125618
GetHighVoltage ===>> 4500
start measurement
do measurement
L#=65572 analysis type=unknown
Measurement Started jan_unknown120_60.py
07:38:53 -- ******* Measurement Started jan_unknown120_60.py *******
state changed from extraction to measurement
setting spec, defl, and gains
GetExtractionLens ===>> 26.13
GetYSymmetry ===>> -2.81
GetZSymmetry ===>> -50.72
GetZFocus ===>> 74.64
GetDeflection H2 ===>> 0
GetDeflection H1 ===>> 0
GetDeflection AX ===>> 190
GetDeflection L1 ===>> 400
GetDeflection L2 ===>> 825
GetDeflection CDD ===>> 50
GetGain H2 ===>> 0.0113
GetGain H1 ===>> 0.1
GetGain AX ===>> 0.097049
GetGain L1 ===>> 0.010355
GetGain L2 ===>> 0.095649
GetGain CDD ===>> 0
pre measurement save
New frame /Users/jan/PychronDev/data/isotopes/85/206163-0e4d-4b7f-99b8-ca0b8fc4f191.h5
flush and close file /Users/jan/PychronDev/data/isotopes/85/206163-0e4d-4b7f-99b8-ca0b8fc4f191.h5
testing...
no interpolation path defined
executed 226.132928
unknown measurement script
activate_detectors ('H2', 'H1', 'AX', 'L1', 'L2', 'CDD') {}
activate detectors
*************** Set Analysis View Ar/Ar
create graphs
clearing graphs
clear isotope group
setting isotope det=H2, iso=PM41
setting isotope det=H1, iso=Ar40
setting isotope det=AX, iso=Ar39
setting isotope det=L1, iso=Ar38
setting isotope det=L2, iso=Ar37
setting isotope det=CDD, iso=Ar36
setting previous blanks
 - setting Ar40 blank 0.121+/-0.007
 - setting Ar36 blank 0.00422+/-0.00018
 - setting Ar37 blank 0.041+/-0.005
 - setting Ar38 blank 0.0075+/-0.0022
 - setting PM41 blank 0.04+/-0.07
 - setting Ar39 blank 0.042+/-0.008
load analysis view
position_magnet ('Ar40',) {'detector': 'H1'}
detector Detector(H1)
POSITION Ar40 H1
setting detector H2 to PM41 (40.9624)
setting detector H1 to Ar40 (39.9624)
setting detector AX to Ar39 (38.9624)
setting detector L1 to Ar38 (37.9624)
setting detector L2 to Ar37 (36.9624)
setting detector CDD to Ar36 (35.9624)
Mapping mass to dac mass func: "parabolic"
H1 map mass coeffs = [-0.00063987  0.15840543  0.57045999]
H1 map mass to dac 39.9624 >> 5.87885
GetDeflection H1 ===>> 0
GetHighVoltage ===>> 4500
positioning Ar40 (5.87885) on H1
setting magnet DAC
current  : 5.878847
requested: 5.878850
Delta Dac: 0.000003
Checking detector protection. dv=0.00000
Checking detector "CDD". Protection Threshold: 0.1 (V)
SetMagnetDAC 5.87885 ===>> OK
Magnet settling time: 0.500
Get Checksum: -1640178555
equilibrate () {'delay': 3, 'inlet': 'R', 'outlet': 'O', 'eqtime': 12.0}
Equilibration Started
07:38:55 -- ******* Equilibration Started *******
checking ownership. requestor=129.138.12.150
check software interlocks O
interlocks []
actuate state mode=None-script, software_lock=False
doing actuation None-script close_channel True
Close O ===>> OK
GetIndicatorState O ===>> False
change switch state (True, True)
update switch state O False args=() kw={} ncanvase=2
07:38:55 -- CLOSE  VALVE-O (Jan Ion Pump)
waiting 3s before opening inlet value ('R',)
Get Checksum: -423938523
checking ownership. requestor=129.138.12.150
check software interlocks R
interlocks []
actuate state mode=None-script, software_lock=False
doing actuation None-script open_channel True
Open R ===>> OK
GetIndicatorState R ===>> OK
change switch state (True, True)
update switch state R True args=() kw={} ncanvase=2
07:38:59 -- OPEN   VALVE-R (Jan Inlet)
set_time_zero () {}
equilibrating for 12.0sec
sniff (12.0,) {}
py_sniff
build tables- sniff [Detector(H2), Detector(H1), Detector(AX), Detector(L1), Detector(L2), Detector(CDD)]
add group /sniff/PM41 (Group) '' table H2
add group /sniff/Ar40 (Group) '' table H1
add group /sniff/Ar39 (Group) '' table AX
add group /sniff/Ar38 (Group) '' table L1
add group /sniff/Ar37 (Group) '' table L2
add group /sniff/Ar36 (Group) '' table CDD
flush and close file /Users/jan/PychronDev/data/isotopes/85/206163-0e4d-4b7f-99b8-ca0b8fc4f191.h5
measuring sniff. ncounts=12.0
starting measurement
GetData ===>> H2,-0.257526950900649,H1,0.363465134224561,AX,0.155788748417354,L1,-0.0173053334744558,L2,-0.0271...
GetData ===>> H2,0.64910731173023,H1,340.099889801613,AX,77.7020144459085,L1,0.361156695857278,L2,0.62701428277...
Get Checksum: -173909521
GetData ===>> H2,0.717231683068293,H1,804.165968949242,AX,176.638560660063,L1,1.3202505986259,L2,0.960150702810...
GetData ===>> H2,0.199811935274749,H1,956.019304017776,AX,204.870732423177,L1,1.96230083028226,L2,0.88970004475...
GetData ===>> H2,0.0511839022735585,H1,1007.43569243386,AX,213.438715654641,L1,2.30112807376007,L2,0.8885207707...
Get Checksum: -173909521
GetData ===>> H2,-0.0741350720380137,H1,1026.69046181112,AX,216.648412424022,L1,2.48299747490908,L2,0.941338954...
GetData ===>> H2,-0.0586874464228798,H1,1034.54000804255,AX,217.786946626996,L1,2.58922334510407,L2,0.943916473...
GetData ===>> H2,-0.0386545827174178,H1,1037.97375807585,AX,218.616425299112,L1,2.66180305434869,L2,0.953196113...
Get Checksum: -173909521
GetData ===>> H2,-0.00137465024061079,H1,1039.51927033938,AX,218.59226302725,L1,2.71581555538692,L2,0.947914628...
GetData ===>> H2,-0.125880682238153,H1,1039.78151327162,AX,218.580909459323,L1,2.74889575278964,L2,0.9830574294...
GetData ===>> H2,-0.055054993557056,H1,1039.6468142656,AX,218.651602341315,L1,2.76498495133677,L2,0.93463772920...
Get Checksum: -173909521
Equilibration Finished
07:39:11 -- ******* Equilibration Finished *******
GetData ===>> H2,-0.147335401285082,H1,1040.28276598666,AX,218.824651962982,L1,2.7625815087797,L2,0.95625515431...
checking ownership. requestor=129.138.12.150
check software interlocks R
interlocks []
actuate state mode=None-script, software_lock=False
doing actuation None-script close_channel True
Close R ===>> OK
GetIndicatorState R ===>> False
change switch state (True, True)
update switch state R False args=() kw={} ncanvase=2
07:39:11 -- CLOSE  VALVE-R (Jan Inlet)
Post Equilibration Started jan_pump_extraction_line.py
07:39:11 -- ******* Post Equilibration Started jan_pump_extraction_line.py *******
testing...
no interpolation path defined
calculate duration
testing...
no interpolation path defined
executed 4.0
executed 4.0
Pump after analysis
doing GOSUB
testing...
no interpolation path defined
executed 4.0
Pump Microbone
close () {'description': 'Jan Inlet'}
closing name=--- desc=Jan Inlet
checking ownership. requestor=129.138.12.150
check software interlocks R
interlocks []
actuate state mode=None-script, software_lock=False
doing actuation None-script close_channel False
Close R ===>> OK
measurement finished
estimated time: 12.583 actual time: :12.656
flush and close file /Users/jan/PychronDev/data/isotopes/85/206163-0e4d-4b7f-99b8-ca0b8fc4f191.h5
set_fits () {}
using default fits file=/Users/jan/PychronDev/scripts/measurement/fits/nominal_linear.yaml
set "Ar40" to "('Linear', 'SEM')"
No fit for "PM41". defaulting to linear. check the measurement script "jan_unknown120_60.py"
set "PM41" to "linear"
set "Ar36" to "('Linear', 'SEM')"
set "Ar37" to "('linear', 'SEM')"
set "Ar38" to "('linear', 'SEM')"
set "Ar39" to "('Linear', 'SEM')"
set_baseline_fits () {}
using default fits file=/Users/jan/PychronDev/scripts/measurement/fits/nominal_linear.yaml
set "H1" to "('average', 'SEM')"
set "H2" to "('average', 'SEM')"
set "CDD" to "('average', 'SEM')"
set "L2" to "('average', 'SEM')"
set "L1" to "('average', 'SEM')"
set "AX" to "('average', 'SEM')"
multicollect () {'integration_time': 1, 'ncounts': 120}
build tables- signal [Detector(H2), Detector(H1), Detector(AX), Detector(L1), Detector(L2), Detector(CDD)]
add group /signal/PM41 (Group) '' table H2
add group /signal/Ar40 (Group) '' table H1
add group /signal/Ar39 (Group) '' table AX
add group /signal/Ar38 (Group) '' table L1
add group /signal/Ar37 (Group) '' table L2
add group /signal/Ar36 (Group) '' table CDD
flush and close file /Users/jan/PychronDev/data/isotopes/85/206163-0e4d-4b7f-99b8-ca0b8fc4f191.h5
GetIndicatorState R ===>> False
measuring signal. ncounts=120
change switch state (True, True)
update switch state R False args=() kw={} ncanvase=2
07:39:12 -- CLOSE  VALVE-R (Jan Inlet)
---------------------------------------- close None (Jan Inlet) result=[(True, True)]
action=close, ok=True, locked=[False]
is_closed ('F',) {}
is F () closed?
is closed True
open () {'description': 'CO2 Laser to Jan'}
opening name=--- desc=CO2 Laser to Jan
checking ownership. requestor=129.138.12.150
check software interlocks A
interlocks []
actuate state mode=None-script, software_lock=False
doing actuation None-script open_channel False
Open A ===>> OK
GetIndicatorState A ===>> OK
change switch state (True, True)
update switch state A True args=() kw={} ncanvase=2
07:39:12 -- OPEN   VALVE-A (CO2 Laser to Jan)
---------------------------------------- open None (CO2 Laser to Jan) result=[(True, True)], time=0.13 sec
starting measurement
GetData ===>> H2,-0.0231627820509474,H1,1039.96335190237,AX,218.94552794711,L1,2.82631719074065,L2,1.0088705522...
action=open, ok=True, locked=[False]
sleep (1,) {}
SLEEP 1.0
Get Checksum: -423938523
GetData ===>> H2,0.072501788900771,H1,1039.76961578606,AX,218.9689703349,L1,2.82683047962464,L2,1.0238861743450...
close () {'description': 'CO2 Laser to Roughing'}
closing name=--- desc=CO2 Laser to Roughing
checking ownership. requestor=129.138.12.150
check software interlocks G
interlocks []
actuate state mode=None-script, software_lock=True
VALVE-G(CO2 Laser to Roughing) software locked
change switch state (True, False)
---------------------------------------- close None (CO2 Laser to Roughing) result=[(True, False)]
action=close, ok=True, locked=[True]
open () {'description': 'Microbone to Turbo'}
opening name=--- desc=Microbone to Turbo
checking ownership. requestor=129.138.12.150
check software interlocks U
interlocks []
actuate state mode=None-script, software_lock=False
doing actuation None-script open_channel True
Open U ===>> OK
GetIndicatorState U ===>> OK
change switch state (True, True)
update switch state U True args=() kw={} ncanvase=2
07:39:14 -- OPEN   VALVE-U (Microbone to Turbo)
---------------------------------------- open None (Microbone to Turbo) result=[(True, True)], time=0.16 sec
action=open, ok=True, locked=[False]
open () {'description': 'Microbone to Getter NP-10'}
opening name=--- desc=Microbone to Getter NP-10
checking ownership. requestor=129.138.12.150
check software interlocks M
interlocks []
actuate state mode=None-script, software_lock=False
doing actuation None-script open_channel False
Open M ===>> OK
GetIndicatorState M ===>> OK
change switch state (True, True)
update switch state M True args=() kw={} ncanvase=2
07:39:14 -- OPEN   VALVE-M (Microbone to Getter NP-10)
---------------------------------------- open None (Microbone to Getter NP-10) result=[(True, True)], time=0.15 sec
action=open, ok=True, locked=[False]
open () {'description': 'Microbone to Getter D-50'}
opening name=--- desc=Microbone to Getter D-50
checking ownership. requestor=129.138.12.150
check software interlocks K
interlocks []
actuate state mode=None-script, software_lock=False
doing actuation None-script open_channel False
GetData ===>> H2,-0.0275859194230336,H1,1039.07599476698,AX,218.642585806032,L1,2.81625862316702,L2,0.919633260...
Open K ===>> OK
GetIndicatorState K ===>> OK
change switch state (True, True)
update switch state K True args=() kw={} ncanvase=2
07:39:15 -- OPEN   VALVE-K (Microbone to Getter D-50)
---------------------------------------- open None (Microbone to Getter D-50) result=[(True, True)], time=0.40 sec
action=open, ok=True, locked=[False]
open () {'description': 'Microbone to CO2 Laser'}
opening name=--- desc=Microbone to CO2 Laser
checking ownership. requestor=129.138.12.150
check software interlocks T
interlocks []
actuate state mode=None-script, software_lock=False
doing actuation None-script open_channel False
Open T ===>> OK
GetIndicatorState T ===>> OK
change switch state (True, True)
update switch state T True args=() kw={} ncanvase=2
07:39:15 -- OPEN   VALVE-T (Microbone to CO2 Laser)
---------------------------------------- open None (Microbone to CO2 Laser) result=[(True, True)], time=0.41 sec
GetData ===>> H2,-0.203455557198724,H1,1038.58321258018,AX,218.599109948922,L1,2.83749122831542,L2,0.9008866934...
action=open, ok=True, locked=[False]
open () {'description': 'Microbone to Inlet Pipette'}
opening name=--- desc=Microbone to Inlet Pipette
checking ownership. requestor=129.138.12.150
check software interlocks S
interlocks []
actuate state mode=None-script, software_lock=False
doing actuation None-script open_channel False
Open S ===>> OK
Get Checksum: -110011688
GetIndicatorState S ===>> OK
change switch state (True, True)
update switch state S True args=() kw={} ncanvase=2
07:39:16 -- OPEN   VALVE-S (Microbone to Inlet Pipette)
---------------------------------------- open None (Microbone to Inlet Pipette) result=[(True, True)], time=0.46 sec
action=open, ok=True, locked=[False]
sleep (1,) {}
SLEEP 1.0
GetData ===>> H2,-0.213450034769293,H1,1038.15200770895,AX,218.505883232048,L1,2.78343464698121,L2,0.9461274669...
set_resource () {'name': 'CO2PumpTimeFlag', 'value': 30}
Set CO2PumpTimeFlag 30 ===>> OK
release ('JanCO2Flag',) {}
release JanCO2Flag
Set JanCO2Flag 0 ===>> OK
executed 6.0
PumpMicrobone.py completed successfully
gosub finished
get_resource_value () {'name': 'JanMiniboneFlag'}
Read JanMiniboneFlag ===>> 0
Get Resource Value JanMiniboneFlag=0.0
get resource value 0.0
get_resource_value () {'name': 'JanMiniboneFlag'}
Read JanMiniboneFlag ===>> 0
Get Resource Value JanMiniboneFlag=0.0
executed 4.0
jan_pump_extraction_line.py completed successfully
Post Equilibration Finished
07:39:17 -- ******* Post Equilibration Finished *******
GetData ===>> H2,-0.129911728277024,H1,1037.62831461939,AX,218.124029155904,L1,2.80816946420139,L2,0.9693287808...
GetData ===>> H2,-0.105185298271145,H1,1037.41811201371,AX,218.031061244078,L1,2.78451792214033,L2,0.9129679044...
Get Checksum: -110011688
GetData ===>> H2,-0.155381940620759,H1,1036.95127420014,AX,218.086210615644,L1,2.77625046622715,L2,0.9108836439...
GetData ===>> H2,-0.164084987781195,H1,1036.63619066612,AX,218.049114768062,L1,2.79705501299797,L2,0.9491404570...
GetData ===>> H2,-0.222687074011084,H1,1036.75916113343,AX,217.751018270412,L1,2.80730370883689,L2,0.9257034885...
Get Checksum: -110011688
GetData ===>> H2,-0.113615176471527,H1,1036.20898332276,AX,217.722284312739,L1,2.77818228272672,L2,0.9833668623...
GetData ===>> H2,-0.167060101855961,H1,1035.59684372385,AX,217.994713026971,L1,2.77771397504108,L2,0.9021806272...
GetData ===>> H2,-0.0962979644866842,H1,1035.10091208816,AX,217.866173319886,L1,2.73575223032146,L2,0.960677759...
Get Checksum: -110011688
GetData ===>> H2,-0.0553344541589953,H1,1034.40108782174,AX,217.765320053694,L1,2.75681175763329,L2,0.840869603...
GetData ===>> H2,-0.207172518839489,H1,1034.74464205678,AX,217.688710407849,L1,2.73371115820931,L2,0.9691798162...
Get Checksum: -110011688
GetData ===>> H2,-0.20957616840801,H1,1034.42022058966,AX,217.508735207545,L1,2.78403979311837,L2,0.86775418123...
GetData ===>> H2,-0.21726443934039,H1,1033.6494896501,AX,217.453444922055,L1,2.77183649821646,L2,0.957698780345...
GetData ===>> H2,-0.163234425928794,H1,1033.1871581334,AX,217.118362418218,L1,2.78807582834986,L2,0.97945891294...
Get Checksum: -110011688
GetData ===>> H2,-0.139482066103471,H1,1032.64872403542,AX,217.197671339068,L1,2.79072882526276,L2,0.9200112068...
GetData ===>> H2,-0.137962658521098,H1,1032.48885621046,AX,216.946408520496,L1,2.77835978043708,L2,0.9940862925...
GetData ===>> H2,-0.0569595308547476,H1,1032.08249709098,AX,216.868828732901,L1,2.75121805310379,L2,0.941373321...
Get Checksum: -110011688
GetData ===>> H2,-0.0398896517557113,H1,1031.37951133131,AX,216.998978735115,L1,2.7122858512904,L2,0.9425876107...
GetData ===>> H2,-0.174777471509818,H1,1031.35232967914,AX,216.988288740979,L1,2.74255661756286,L2,0.9419919196...
GetData ===>> H2,-0.218820765889069,H1,1030.68028609289,AX,216.77177072877,L1,2.72941912311215,L2,0.92347005818...
Get Checksum: -110011688
07:39:38 -- collecting point 25
GetData ===>> H2,-0.311073296909157,H1,1030.60730423482,AX,216.714225366092,L1,2.70804229455014,L2,0.8678343082...
GetData ===>> H2,-0.0937096517905365,H1,1030.35275876347,AX,216.667406548964,L1,2.73780048120058,L2,0.955808322...
GetData ===>> H2,-0.0986636352669061,H1,1030.05864621846,AX,216.696379031266,L1,2.76895767419976,L2,0.890455703...
Get Checksum: -110011688
GetData ===>> H2,-0.195901969619596,H1,1029.40785865708,AX,216.730136384961,L1,2.75653487178357,L2,0.9268374038...
GetData ===>> H2,-0.180513761377138,H1,1028.65960474512,AX,216.481972870213,L1,2.71797230143767,L2,0.9111813926...
GetData ===>> H2,-0.119405302274972,H1,1028.52712235023,AX,216.245624298925,L1,2.70169307351038,L2,0.9688933466...
Get Checksum: -110011688
GetData ===>> H2,-0.137704447144223,H1,1027.54326418754,AX,216.244056785141,L1,2.74678550009914,L2,0.9002569088...
GetData ===>> H2,-0.0892535561330388,H1,1027.65927441537,AX,216.19084188896,L1,2.72891752261252,L2,0.8670444873...
GetData ===>> H2,-0.0948785965012572,H1,1027.36738501659,AX,216.155193415232,L1,2.68366257064837,L2,0.948854047...
Get Checksum: -110011688
GetData ===>> H2,-0.114411003255911,H1,1026.92740208246,AX,216.088222354869,L1,2.69362142835319,L2,0.9487623960...
GetData ===>> H2,-0.130677760706365,H1,1026.3857112468,AX,216.116834145727,L1,2.73659165538836,L2,0.99851789633...
GetData ===>> H2,-0.113922415530001,H1,1025.82112051688,AX,215.937075144324,L1,2.76153758099214,L2,1.0005448219...
Get Checksum: -110011688
GetData ===>> H2,-0.0625221021711896,H1,1025.56580413554,AX,215.750952962276,L1,2.77744091816821,L2,0.976135561...
GetData ===>> H2,-0.027367180923824,H1,1024.47154809982,AX,215.744447876874,L1,2.78097750820807,L2,0.9322093662...
Get Checksum: -110011688
GetData ===>> H2,-0.0442344019709724,H1,1025.00342526273,AX,215.836027155285,L1,2.71102016054831,L2,0.902615759...
GetData ===>> H2,-0.0810575310349483,H1,1024.45935823873,AX,215.430101169498,L1,2.69113399678935,L2,0.951741098...
GetData ===>> H2,-0.10434898039712,H1,1023.79620433399,AX,215.563560649123,L1,2.69252941236701,L2,0.92160317926...
Get Checksum: -110011688
GetData ===>> H2,-0.132091291110737,H1,1023.96641626068,AX,215.31403066831,L1,2.71157677501208,L2,0.96292351291...
GetData ===>> H2,-0.0697311285464432,H1,1022.99799575938,AX,215.363734467629,L1,2.7266919358237,L2,0.9260356442...
GetData ===>> H2,-0.11984495516813,H1,1022.4719248298,AX,215.318820299369,L1,2.69740825539486,L2,0.865579329520...
Get Checksum: -110011688
GetData ===>> H2,-0.124251365703585,H1,1022.10666756939,AX,215.085800624199,L1,2.66360055264256,L2,0.9206983859...
GetData ===>> H2,-0.176914410369379,H1,1021.36156286453,AX,214.907067630763,L1,2.71351220798121,L2,1.0300488702...
GetData ===>> H2,-0.269925907659647,H1,1021.27281993532,AX,214.951132710952,L1,2.69229280000638,L2,0.8943256862...
Get Checksum: -110011688
GetData ===>> H2,-0.190583703724349,H1,1020.64721546977,AX,214.909093684121,L1,2.70387079627199,L2,0.8799228124...
GetData ===>> H2,-0.0652603512328244,H1,1020.2258986477,AX,214.694635628144,L1,2.68439290044397,L2,0.9582143663...
07:40:04 -- collecting point 50
GetData ===>> H2,-0.0859351438497413,H1,1020.10223484655,AX,214.7694470361,L1,2.68538578871739,L2,0.92524534478...
Get Checksum: -110011688
GetData ===>> H2,-0.179747291313042,H1,1020.35071271997,AX,214.654971786035,L1,2.71378989192145,L2,0.9143879758...
GetData ===>> H2,-0.195897923148129,H1,1019.6391940212,AX,214.380270435557,L1,2.73802127265406,L2,0.91331146817...
GetData ===>> H2,-0.0744902419545275,H1,1019.03339246256,AX,214.52051467449,L1,2.70392116102309,L2,0.9922999673...
Get Checksum: -110011688
GetData ===>> H2,-0.110892973126451,H1,1018.6627884788,AX,214.821283886294,L1,2.6520311455131,L2,0.816040385134...
GetData ===>> H2,-0.124244604566805,H1,1017.86827497243,AX,214.44232324615,L1,2.68756228437221,L2,0.81022875773...
GetData ===>> H2,-0.105043209769922,H1,1017.46950976287,AX,214.391851482305,L1,2.68775954980329,L2,0.9935137488...
Get Checksum: -110011688
GetData ===>> H2,0.0115019408802256,H1,1017.76619338003,AX,214.223101254548,L1,2.70610747750314,L2,0.9495872582...
GetData ===>> H2,-0.0140741935168716,H1,1017.1412724499,AX,213.794990850005,L1,2.67534391829029,L2,0.9409036472...
GetData ===>> H2,-0.010045591107142,H1,1016.48260872468,AX,213.896041335689,L1,2.68202799809914,L2,0.8586086891...
Get Checksum: -110011688
GetData ===>> H2,-0.156239846905316,H1,1016.40516332457,AX,213.777877882632,L1,2.70890973271269,L2,0.8644117978...
GetData ===>> H2,-0.239945218580152,H1,1015.28655848978,AX,213.75536300477,L1,2.67972068482989,L2,0.88138818908...
GetData ===>> H2,-0.158041914155899,H1,1014.68303234423,AX,213.645219050011,L1,2.64578741227136,L2,0.9204006077...
GetData ===>> H2,-0.0355636089607431,H1,1014.16327404602,AX,213.569983008294,L1,2.69270755479395,L2,0.832344563...
Get Checksum: -110011688
GetData ===>> H2,-0.138070808136754,H1,1014.0693334058,AX,213.601660523372,L1,2.70294657445965,L2,0.84230005350...
GetData ===>> H2,-0.0595241841149889,H1,1013.90191966993,AX,213.541375283914,L1,2.67329747260055,L2,0.913849720...
GetData ===>> H2,-0.0957481158620313,H1,1013.56548139848,AX,213.358804661913,L1,2.6788084934318,L2,0.9149262342...
Get Checksum: -110011688
GetData ===>> H2,-0.180967141780939,H1,1013.02982686239,AX,213.408629845617,L1,2.67761364662781,L2,0.8343470214...
GetData ===>> H2,-0.147016617464767,H1,1012.15555659388,AX,213.155575206934,L1,2.66828108389161,L2,0.9419117306...
GetData ===>> H2,-0.259799506523955,H1,1012.44578513862,AX,213.357564658791,L1,2.66036851982758,L2,0.9483385112...
Get Checksum: -110011688
GetData ===>> H2,-0.245740221141355,H1,1012.51739390198,AX,213.089707233162,L1,2.6644008905976,L2,0.86900188155...
GetData ===>> H2,-0.148456476591668,H1,1011.90864107816,AX,213.181578579154,L1,2.65526760377322,L2,0.8983675801...
GetData ===>> H2,-0.150976465342116,H1,1011.41776563395,AX,213.030268691141,L1,2.6543633664583,L2,0.75854812928...
Get Checksum: -110011688
GetData ===>> H2,-0.0775426192810353,H1,1011.13227954482,AX,213.07772578914,L1,2.69699196943198,L2,0.8519132300...
GetData ===>> H2,-0.133265266714937,H1,1010.56254031733,AX,212.728763612575,L1,2.65260804747744,L2,1.0226949180...
07:40:30 -- collecting point 75
GetData ===>> H2,-0.118498887195028,H1,1009.7784840926,AX,212.665710721393,L1,2.65633757481752,L2,0.98647270666...
Get Checksum: -110011688
GetData ===>> H2,-0.0873840730432862,H1,1009.76074338727,AX,212.668089721429,L1,2.69401991100626,L2,1.005068341...
GetData ===>> H2,-0.0833631783429572,H1,1009.15519492532,AX,212.541089014434,L1,2.70007093991844,L2,1.066666634...
GetData ===>> H2,-0.0692171336674127,H1,1008.95734046654,AX,212.504345210758,L1,2.69416951559318,L2,0.889345116...
Get Checksum: -110011688
GetData ===>> H2,-0.0725204003019628,H1,1007.83865904896,AX,212.39262557559,L1,2.65276958526083,L2,0.8660257424...
GetData ===>> H2,-0.18977746716603,H1,1007.82800311519,AX,212.363679113611,L1,2.64924085672239,L2,0.85068864104...
GetData ===>> H2,-0.220309518453022,H1,1007.08152397359,AX,212.338545824687,L1,2.65049592634564,L2,0.8898374368...
Get Checksum: -110011688
GetData ===>> H2,-0.116635774060392,H1,1006.82094657647,AX,212.236613163052,L1,2.64471207429285,L2,0.9434009642...
GetData ===>> H2,-0.0968383070454178,H1,1006.87533242431,AX,212.031525249373,L1,2.64316441749968,L2,0.820090427...
GetData ===>> H2,-0.106519490264827,H1,1006.43865813657,AX,212.036541515367,L1,2.63729066583499,L2,0.9044250140...
Get Checksum: -110011688
GetData ===>> H2,-0.22938060720301,H1,1006.06463765485,AX,211.996670482739,L1,2.68859082296843,L2,0.82839698195...
GetData ===>> H2,-0.214643176852751,H1,1005.84783212592,AX,211.909353433311,L1,2.65816408993399,L2,0.9654901522...
Get Checksum: -110011688
GetData ===>> H2,-0.157669096162133,H1,1005.27254211365,AX,211.962180250988,L1,2.63786596424857,L2,0.9750698219...
GetData ===>> H2,-0.105679211139939,H1,1004.45841944848,AX,211.913084785473,L1,2.62092315238906,L2,0.9403996094...
GetData ===>> H2,-0.132948792162733,H1,1004.01178507375,AX,211.626531971034,L1,2.68627538116376,L2,0.7941358884...
Get Checksum: -110011688
GetData ===>> H2,-0.245094385776719,H1,1004.06468289141,AX,211.579288756703,L1,2.68705077058481,L2,0.8973943040...
GetData ===>> H2,-0.210942140641978,H1,1003.66578813264,AX,211.45974060166,L1,2.67567959217121,L2,0.84708363305...
GetData ===>> H2,-0.0851212250607888,H1,1003.75576611591,AX,211.341767814412,L1,2.64967685549977,L2,0.899329415...
Get Checksum: -110011688
GetData ===>> H2,-0.07628354511315,H1,1003.26590073659,AX,211.284555233119,L1,2.65375786625861,L2,0.93078903142...
GetData ===>> H2,-0.128097799563713,H1,1003.43208999777,AX,211.089705520381,L1,2.65493359785123,L2,0.9186254106...
GetData ===>> H2,-0.181429948884884,H1,1002.50988790097,AX,211.299068526447,L1,2.65800519186616,L2,0.9195301844...
Get Checksum: -110011688
GetData ===>> H2,-0.127667928954314,H1,1002.03041490144,AX,211.154458546065,L1,2.72200503781309,L2,0.9440768547...
GetData ===>> H2,-0.0844548787856817,H1,1001.16056611184,AX,211.219691875024,L1,2.71242059436844,L2,0.823648657...
GetData ===>> H2,-0.143944486970611,H1,1001.05947259436,AX,211.283902159317,L1,2.6837659291955,L2,0.94230122031...
Get Checksum: -110011688
GetData ===>> H2,-0.146676211287917,H1,1000.53901901186,AX,211.166429721697,L1,2.65905776306026,L2,0.9168502463...
07:40:56 -- collecting point 100
GetData ===>> H2,-0.101765208322563,H1,1000.46308263809,AX,210.814955049178,L1,2.70279957699993,L2,0.8379515515...
GetData ===>> H2,-0.12794775223853,H1,999.989263915586,AX,210.493221299452,L1,2.69196644617634,L2,0.97625015831...
Get Checksum: -110011688
GetData ===>> H2,-0.186630168173633,H1,999.225962439386,AX,210.440535501233,L1,2.64812988229545,L2,0.9715059816...
GetData ===>> H2,-0.12348192248833,H1,998.747987989778,AX,210.530126110971,L1,2.6800496897859,L2,0.896890494380...
GetData ===>> H2,-0.0708675308441591,H1,998.801721884332,AX,210.642828890753,L1,2.66485611636486,L2,0.928257680...
Get Checksum: -110011688
GetData ===>> H2,-0.00574358271465438,H1,998.269586378756,AX,210.590659537645,L1,2.66454085360011,L2,0.96519223...
GetData ===>> H2,0.00344126905620337,H1,997.397652296623,AX,210.282903661875,L1,2.7107387859896,L2,0.9215688198...
Get Checksum: -110011688
GetData ===>> H2,-0.0361555335782115,H1,997.460033567378,AX,209.968413454071,L1,2.67011087298645,L2,0.826451856...
GetData ===>> H2,-0.145103726324921,H1,997.047075476578,AX,210.150881380101,L1,2.60493839889337,L2,0.9031539518...
GetData ===>> H2,-0.172816429708462,H1,996.484159829089,AX,210.125636490251,L1,2.64500398050042,L2,0.9177320980...
Get Checksum: -110011688
GetData ===>> H2,-0.175058279917231,H1,996.250915180406,AX,210.151436118169,L1,2.65856202387407,L2,0.9352104652...
GetData ===>> H2,-0.0660879093212199,H1,995.727819052745,AX,209.806378999806,L1,2.62404651215194,L2,0.929586344...
GetData ===>> H2,-0.0811333999587541,H1,995.508733153607,AX,209.820405692369,L1,2.62081195868096,L2,0.838981442...
Get Checksum: -110011688
GetData ===>> H2,-0.0845889637963618,H1,995.040137811646,AX,210.015116610302,L1,2.59009574272954,L2,0.982644853...
GetData ===>> H2,-0.192553214044301,H1,994.38560368445,AX,209.662443912829,L1,2.61975431674766,L2,0.79017468153...
GetData ===>> H2,-0.211951022072458,H1,993.92528409736,AX,209.510217628217,L1,2.60682648707598,L2,0.84144178094...
Get Checksum: -110011688
GetData ===>> H2,-0.177409777029371,H1,993.954322774635,AX,209.549169687496,L1,2.64668767855477,L2,0.9655818191...
GetData ===>> H2,-0.110771128780462,H1,993.4776706741,AX,209.495525233091,L1,2.68466491603757,L2,0.904516622790...
GetData ===>> H2,-0.159149489481751,H1,992.527442636407,AX,209.450611665814,L1,2.66183158385437,L2,0.9366652301...
Get Checksum: -110011688
GetData ===>> H2,-0.285842663178,H1,992.583530899827,AX,209.212720161454,L1,2.6428128300458,L2,0.82526191710229...
GetData ===>> H2,-0.255748635818212,H1,992.217719547601,AX,209.371909212163,L1,2.62069941005839,L2,0.9668307901...
measurement finished
estimated time: 125.829 actual time: :126.115
flush and close file /Users/jan/PychronDev/data/isotopes/85/206163-0e4d-4b7f-99b8-ca0b8fc4f191.h5
baselines () {'settling_time': 15.0, 'detector': 'H1', 'mass': 34.2, 'ncounts': 60}
%%%%%%%%%%%%%%%%%%%%%%%%%%%%%%%% Baseline
build tables- baseline [Detector(H2), Detector(H1), Detector(AX), Detector(L1), Detector(L2), Detector(CDD)]
add group baseline table H2
add group baseline table H1
add group baseline table AX
add group baseline table L1
add group baseline table L2
add group baseline table CDD
flush and close file /Users/jan/PychronDev/data/isotopes/85/206163-0e4d-4b7f-99b8-ca0b8fc4f191.h5
detector Detector(H1)
POSITION 34.2 H1
Mapping mass to dac mass func: "parabolic"
H1 map mass coeffs = [-0.00063987  0.15840543  0.57045999]
H1 map mass to dac 34.2 >> 5.23950599104
GetDeflection H1 ===>> 0
GetHighVoltage ===>> 4500
positioning 34.2 (5.23950599104) on H1
setting magnet DAC
current  : 5.878850
requested: 5.239506
Delta Dac: 0.639344
Checking detector protection. dv=0.63934
Checking detector "CDD". Protection Threshold: 0.1 (V)
ProtectDetector CDD,On ===>> OK
GetDeflection CDD ===>> 2000
SetMagnetDAC 5.23950599104 ===>> OK
Magnet settling time: 0.500
Get Checksum: -110011688
GetMagnetMoving ===>> True
GetMagnetMoving ===>> True
GetMagnetMoving ===>> True
GetMagnetMoving ===>> True
GetMagnetMoving ===>> True
GetMagnetMoving ===>> True
GetMagnetMoving ===>> True
GetMagnetMoving ===>> True
GetMagnetMoving ===>> False
ProtectDetector CDD,Off ===>> OK
GetDeflection CDD ===>> 50
Delaying 15.0s for detectors to settle
Get Checksum: -110011688
Get Checksum: -110011688
Get Checksum: -110011688
Get Checksum: -110011688
Get Checksum: -110011688
Join finished
measuring baseline. ncounts=60
starting measurement
GetData ===>> H2,-0.117451684758068,H1,-0.0758873136857961,AX,-0.150165494390659,L1,-0.0893080437882765,L2,0.00...
Get Checksum: -110011688
GetData ===>> H2,-0.155450845728327,H1,-0.0347683671259034,AX,-0.093005001689382,L1,-0.0515398232957075,L2,0.00...
GetData ===>> H2,-0.114708747239938,H1,-0.0686042085964676,AX,-0.0940944272840086,L1,-0.078005518738397,L2,-0.0...
GetData ===>> H2,-0.159520908191221,H1,-0.0145066920044233,AX,-0.104095711347,L1,-0.0706388821930152,L2,-0.0374...
Get Checksum: -110011688
GetData ===>> H2,-0.294636113388335,H1,-0.125496565391647,AX,-0.0414635520406697,L1,-0.0842743237069696,L2,0.01...
GetData ===>> H2,-0.230071144474443,H1,-0.0778301801385382,AX,-0.0890644242740453,L1,-0.0607072388742683,L2,0.0...
Get Checksum: -110011688
GetData ===>> H2,-0.208030831280062,H1,0.0180827795704498,AX,-0.113597717075609,L1,-0.0635460249862779,L2,0.134...
GetData ===>> H2,-0.222016290287574,H1,0.0305273130529084,AX,-0.0838950718993157,L1,-0.106376627469978,L2,-0.04...
GetData ===>> H2,-0.0979013120274684,H1,-0.00998631200779239,AX,-0.0932136160454026,L1,-0.0978332622270202,L2,-...
Get Checksum: -110011688
GetData ===>> H2,-0.184600276004196,H1,-0.0523196043938022,AX,-0.0393994707486018,L1,-0.0724304344540442,L2,0.0...
GetData ===>> H2,-0.266224327814739,H1,-0.0400269072192259,AX,-0.0595397866718684,L1,-0.0453383135422792,L2,-0....
GetData ===>> H2,-0.217451748855949,H1,-0.000634798820464533,AX,-0.180316584735368,L1,-0.0215139057571787,L2,-0...
Get Checksum: -110011688
GetData ===>> H2,-0.209789023060459,H1,-0.0147571556393665,AX,-0.140252194732426,L1,-0.00969622026443013,L2,-0....
GetData ===>> H2,-0.22232205407112,H1,-0.0943847327038448,AX,-0.132320904671197,L1,0.00736259101538095,L2,-0.10...
GetData ===>> H2,-0.221567731971275,H1,-0.0179892729847751,AX,-0.0199276958011929,L1,-0.0104335811690342,L2,-0....
Get Checksum: -110011688
GetData ===>> H2,-0.285232815488032,H1,0.0478902007443828,AX,-0.0437479055812925,L1,-0.0294394648645174,L2,-0.0...
GetData ===>> H2,-0.176209791576796,H1,0.0278545311265922,AX,-0.0404894966611623,L1,-0.011590469490659,L2,0.011...
GetData ===>> H2,-0.151011573769425,H1,-0.0154727625714777,AX,-0.120607748320796,L1,-0.00200526467837272,L2,-0....
Get Checksum: -110011688
GetData ===>> H2,-0.244144402460973,H1,-0.0328246644563322,AX,-0.158559124272543,L1,0.00530383935120182,L2,0.00...
GetData ===>> H2,-0.208963178513333,H1,-0.0337786336736866,AX,-0.0596789107998854,L1,-0.0126633196029241,L2,0.0...
GetData ===>> H2,-0.238756512155887,H1,-0.0158067107222547,AX,-0.00704101419864427,L1,-0.0348173936334123,L2,0....
GetData ===>> H2,-0.330596086634532,H1,-0.0195039193673139,AX,-0.152750902336918,L1,-0.0105570688526435,L2,-0.0...
GetData ===>> H2,-0.202765399416756,H1,-0.0400865262711435,AX,-0.128103867439444,L1,0.0061664002856728,L2,-0.02...
Get Checksum: -110011688
GetData ===>> H2,-0.184534180373035,H1,-0.0861614312379853,AX,-0.0458814665509584,L1,-0.014929290648621,L2,-0.1...
07:42:02 -- collecting point 25
GetData ===>> H2,-0.180838955709963,H1,0.0243466131337079,AX,-0.00557941062945298,L1,-0.0222930778206537,L2,0.0...
GetData ===>> H2,-0.181869800493677,H1,0.0707947245812025,AX,-0.0102657444439034,L1,-0.0717229350202205,L2,-0.0...
Get Checksum: -110011688
GetData ===>> H2,-0.27119577770618,H1,-0.0531303208687771,AX,-0.0725586246894722,L1,-0.0309869400588584,L2,-0.0...
GetData ===>> H2,-0.292629356657926,H1,-0.000360442767699376,AX,-0.0175383949344941,L1,-0.0163650585219133,L2,0...
Get Checksum: -110011688
GetData ===>> H2,-0.257048459812085,H1,0.03059890640722,AX,-0.0853091372814306,L1,-0.0506975426083208,L2,0.0126...
GetData ===>> H2,-0.0392314173377098,H1,0.0161858101545455,AX,-0.0517369234255059,L1,-0.0482468698723247,L2,-0....
GetData ===>> H2,-0.102712704760233,H1,-0.112628514451285,AX,-0.0900843537369614,L1,-0.000716466973594263,L2,0....
Get Checksum: -110011688
GetData ===>> H2,-0.263296074164895,H1,-0.0315129419351966,AX,-0.126829452084689,L1,-0.000384040806139409,L2,-0...
GetData ===>> H2,-0.267141099466939,H1,0.026172146954351,AX,-0.0797802565435212,L1,-0.0225711676964656,L2,0.004...
GetData ===>> H2,-0.194397044445623,H1,-0.0170351532605693,AX,-0.176793064236063,L1,-0.00661670507831978,L2,0.0...
Get Checksum: -110011688
GetData ===>> H2,-0.0398489373280904,H1,0.0534278648711474,AX,-0.174161931134041,L1,0.0251193141168573,L2,-0.00...
GetData ===>> H2,0.0458509001410085,H1,0.0289761362816111,AX,-0.0393067020221217,L1,0.0248489352065233,L2,-0.10...
GetData ===>> H2,-0.0450631635118511,H1,-0.00882934816861509,AX,-0.0713182583827886,L1,0.0526402209513894,L2,-0...
Get Checksum: -110011688
GetData ===>> H2,-0.150224308689663,H1,0.0818070788114024,AX,-0.00338696412385661,L1,-0.00997078860454699,L2,0....
GetData ===>> H2,-0.183217582912812,H1,-0.00557307918811463,AX,-0.198175624786123,L1,-0.0312887418316941,L2,-0....
GetData ===>> H2,-0.316605697091766,H1,0.0356344340929795,AX,-0.0177123751329048,L1,-0.0293077028786458,L2,-0.0...
Get Checksum: -110011688
GetData ===>> H2,-0.232762894614955,H1,-0.0413981364280723,AX,-0.0522470851606105,L1,-0.00593783786198693,L2,-0...
GetData ===>> H2,-0.29796694307811,H1,0.0896672637878073,AX,-0.0665305279848091,L1,0.00393129444751589,L2,0.007...
GetData ===>> H2,-0.222579320273682,H1,0.000152485782822964,AX,-0.0724195189749939,L1,0.00596245014283397,L2,-0...
Get Checksum: -110011688
GetData ===>> H2,-0.124945036934756,H1,-0.0580064034715776,AX,-0.0375092904913475,L1,0.00780894932106573,L2,0.0...
GetData ===>> H2,-0.167636406132619,H1,-0.0665300358643648,AX,-0.180757015821674,L1,-0.0111241336160088,L2,0.00...
GetData ===>> H2,-0.244175352185528,H1,0.0806024615839231,AX,-0.110666099671267,L1,-0.0273454428302556,L2,-0.03...
Get Checksum: -110011688
GetData ===>> H2,-0.131413630086127,H1,-0.0205653508105861,AX,-0.0372773640048309,L1,-0.0316827471794737,L2,-0....
GetData ===>> H2,-0.136259166060634,H1,-0.0171186390995224,AX,-0.10264715334113,L1,-0.0130984206259343,L2,0.057...
GetData ===>> H2,-0.0585464019214664,H1,-0.0253356902311318,AX,-0.126018451802181,L1,0.0197912177107077,L2,-0.0...
Get Checksum: -110011688
07:42:28 -- collecting point 50
GetData ===>> H2,-0.134747440293779,H1,-0.0303085270262791,AX,0.0139339392440888,L1,0.0433928379213274,L2,-0.09...
GetData ===>> H2,-0.241685646765133,H1,-0.0897130269593259,AX,0.0921379150934786,L1,0.0299392806924198,L2,-0.05...
Get Checksum: -110011688
GetData ===>> H2,-0.226877897259947,H1,0.0263033957665694,AX,-0.0611049216435286,L1,-0.0270914471199611,L2,-0.0...
GetData ===>> H2,-0.249408672281946,H1,-0.0312148207828099,AX,-0.0841732503195421,L1,-0.0476125651838861,L2,0.0...
GetData ===>> H2,-0.218350521843035,H1,-0.0684015614314635,AX,-0.088334240932357,L1,-0.0233970013635162,L2,-0.1...
Get Checksum: -110011688
GetData ===>> H2,-0.244140365534126,H1,0.0615081527294727,AX,-0.0351552109871982,L1,-0.0210152039618522,L2,-0.0...
GetData ===>> H2,-0.227723414801541,H1,-0.0350068556510095,AX,-0.0691272923507591,L1,-0.00471072318757136,L2,0....
GetData ===>> H2,-0.269603378211756,H1,-0.1052765871844,AX,-0.129007533665007,L1,-0.0181196077460026,L2,-0.0536...
Get Checksum: -110011688
GetData ===>> H2,-0.18477023442665,H1,0.0548720043570096,AX,-0.0893657681827598,L1,-0.0198115045151347,L2,-0.06...
GetData ===>> H2,-0.199218240756987,H1,0.0308972126011888,AX,0.0232511452476979,L1,-0.0269464749945791,L2,0.067...
GetData ===>> H2,-0.288602684417231,H1,0.0174743137665302,AX,-0.0736714632463506,L1,0.0188265861514693,L2,-0.05...
Get Checksum: -110011688
measurement finished
estimated time: 62.915 actual time: :63.081
flush and close file /Users/jan/PychronDev/data/isotopes/85/206163-0e4d-4b7f-99b8-ca0b8fc4f191.h5
activate_detectors ('H1', 'AX', 'CDD') {'peak_center': True}
peak_center () {'detector': 'H1', 'integration_time': 0.262144, 'isotope': 'Ar40'}
peak center: mean=993.934826433 threshold=3
peak center started
setup peak center. detector=['H1', 'AX', 'CDD'], isotope=Ar40
VersionedUnpickler [<apptools.sweet_pickle.versioned_unpickler.VersionedUnpickler object at 0x1549d9f50>] using Updater [<apptools.sweet_pickle.updater.Updater object at 0x1356d5710>]
VersionedUnpickler [<apptools.sweet_pickle.versioned_unpickler.VersionedUnpickler object at 0x1549d9f50>] using Updater [<apptools.sweet_pickle.updater.Updater object at 0x1356d5710>]
VersionedUnpickler [<apptools.sweet_pickle.versioned_unpickler.VersionedUnpickler object at 0x160aae770>] using Updater [<apptools.sweet_pickle.updater.Updater object at 0x1356d5710>]
setting integration time = 0.524288
SetIntegrationTime 0.524288 ===>> OK
Mapping mass to dac mass func: "parabolic"
H1 map mass coeffs = [-0.00063987  0.15840543  0.57045999]
H1 map mass to dac 39.9624 >> 5.87885
GetDeflection H1 ===>> 0
GetHighVoltage ===>> 4500
do peak center. <pychron.spectrometer.jobs.peak_center.PeakCenter object at 0x1356efa10>
doing pc
starting peak center. center dac= 5.87885 step_width=0.001
width = 0.001
get scan parameters. half-width=0.015,window=0.015, i=0, scalar=1
Scan parameters center=5.87885 width=0.03000 (5.86385 - 5.89385)
GetData ===>> H2,-0.205083731350163,H1,0.0560177827343857,AX,0.0210348921314373,L1,-0.0308072918454574,L2,-0.07...
Moving to starting dac 5.86385
setting magnet DAC
current  : 5.239506
requested: 5.863850
Delta Dac: 0.624344
Checking detector protection. dv=0.62434
Checking detector "CDD". Protection Threshold: 0.1 (V)
ProtectDetector CDD,On ===>> OK
GetDeflection CDD ===>> 2000
SetMagnetDAC 5.86385 ===>> OK
Magnet settling time: 0.500
GetMagnetMoving ===>> True
GetMagnetMoving ===>> True
GetMagnetMoving ===>> True
GetMagnetMoving ===>> True
GetMagnetMoving ===>> True
GetMagnetMoving ===>> True
GetMagnetMoving ===>> True
GetMagnetMoving ===>> True
GetMagnetMoving ===>> True
Get Checksum: -110011688
GetMagnetMoving ===>> False
ProtectDetector CDD,Off ===>> OK
GetDeflection CDD ===>> 50
Wait until signal near baseline. tol= 0.0420133370508. timeout= 10
GetData ===>> H2,51.1438112910649,H1,26.3508597025876,AX,2.21718003669441,L1,0.0341642006349161,L2,-0.009860448...
GetData ===>> H2,59.0720575289028,H1,33.8512947332146,AX,5.00203970916011,L1,0.00487022978901421,L2,0.008813778...
GetData ===>> H2,31.9606649609678,H1,16.2877014356365,AX,2.13290500840665,L1,0.00380162739139353,L2,0.050251695...
GetData ===>> H2,13.4089473137363,H1,8.26540568756606,AX,0.959036038392063,L1,0.00657799678634727,L2,-0.0008426...
GetData ===>> H2,4.64535344351686,H1,4.36665534947045,AX,0.420140919646421,L1,-0.0100055587334045,L2,-0.1146552...
GetData ===>> H2,1.49628407371591,H1,2.47330180452339,AX,0.22179268042603,L1,-0.00359863378332832,L2,-0.0081298...
Get Checksum: -110011688
GetData ===>> H2,1.49628407371591,H1,2.47330180452339,AX,0.22179268042603,L1,-0.00359863378332832,L2,-0.0081298...
GetData ===>> H2,0.495742305047848,H1,1.54548938893571,AX,0.122016155050652,L1,0.0253774896571458,L2,0.04915799...
GetData ===>> H2,0.20527680152691,H1,1.08538636644135,AX,0.0387895407042017,L1,0.0186694734464735,L2,0.07244738...
GetData ===>> H2,0.142005186286849,H1,0.822468170647883,AX,-0.0171788348723015,L1,-0.00105248227186777,L2,-0.15...
GetData ===>> H2,0.292261263382825,H1,0.766268317138663,AX,-0.00813140256731281,L1,0.0104022372447567,L2,-0.018...
GetData ===>> H2,0.289721100259527,H1,0.750104103450222,AX,0.0663147539893683,L1,-0.00434723822251087,L2,0.0079...
Get Checksum: -110011688
GetData ===>> H2,0.225856787646736,H1,0.691982320457263,AX,-0.0121912518496258,L1,-0.0209845114624115,L2,-0.025...
GetData ===>> H2,0.132790326500161,H1,0.752905714193131,AX,-0.0249728714456156,L1,-0.00381698249450492,L2,-0.08...
GetData ===>> H2,0.147582016093556,H1,0.766268317138663,AX,0.0661988874875247,L1,0.0083856386306815,L2,-0.07434...
GetData ===>> H2,0.117700835534762,H1,0.720320867274293,AX,-0.0368482985476135,L1,0.028452087867103,L2,-0.07723...
GetData ===>> H2,0.0879660210289789,H1,0.761885762272274,AX,0.00117209068505036,L1,0.0254543431878163,L2,0.0123...
GetData ===>> H2,0.0682442941179805,H1,0.769549371308753,AX,0.00618381715667183,L1,0.000382861417547125,L2,0.00...
Get Checksum: -110011688
GetData ===>> H2,0.111589787404612,H1,0.725730991852758,AX,0.0281363630143104,L1,0.0294010789680193,L2,-0.08156...
GetData ===>> H2,0.0758349925760303,H1,0.717472290449695,AX,0.0216150582290985,L1,0.0491300434408418,L2,-0.0112...
GetData ===>> H2,0.0906629439383354,H1,0.661067958193207,AX,0.0456369696513062,L1,0.00433231238901567,L2,-0.031...
Peak center failed to move to a baseline position
_do_sweep sm= 5.86385, em= 5.89385, stm= 0.001
calculated step values: start=5.86385, end=5.89385, width=0.001, nsteps=31.0
setting magnet DAC
current  : 5.863850
requested: 5.863850
Delta Dac: 0.000000
Checking detector protection. dv=0.00000
Checking detector "CDD". Protection Threshold: 0.1 (V)
SetMagnetDAC 5.86385 ===>> OK
GetData ===>> H2,0.0906629439383354,H1,0.661067958193207,AX,0.0456369696513062,L1,0.00433231238901567,L2,-0.031...
setting magnet DAC
current  : 5.863850
requested: 5.864884
Delta Dac: 0.001034
Checking detector protection. dv=0.00103
Checking detector "CDD". Protection Threshold: 0.1 (V)
SetMagnetDAC 5.86488448276 ===>> OK
Magnet settling time: 1.049
GetData ===>> H2,-0.0709434677634047,H1,1.32241805949438,AX,0.178236626532189,L1,-0.0209294189314697,L2,0.04551...
setting magnet DAC
current  : 5.864884
requested: 5.865919
Delta Dac: 0.001034
Checking detector protection. dv=0.00103
Checking detector "CDD". Protection Threshold: 0.1 (V)
SetMagnetDAC 5.86591896552 ===>> OK
Magnet settling time: 1.049
Get Checksum: -110011688
GetData ===>> H2,-0.0947301454636051,H1,4.77390321221824,AX,0.73905353431049,L1,-0.0211689494788628,L2,-0.01379...
setting magnet DAC
current  : 5.865919
requested: 5.866953
Delta Dac: 0.001034
Checking detector protection. dv=0.00103
Checking detector "CDD". Protection Threshold: 0.1 (V)
SetMagnetDAC 5.86695344828 ===>> OK
Magnet settling time: 1.049
GetData ===>> H2,-0.130288805221165,H1,18.44685830248,AX,2.52900176454613,L1,-0.0117630922010869,L2,0.036057358...
setting magnet DAC
current  : 5.866953
requested: 5.867988
Delta Dac: 0.001034
Checking detector protection. dv=0.00103
Checking detector "CDD". Protection Threshold: 0.1 (V)
SetMagnetDAC 5.86798793103 ===>> OK
Magnet settling time: 1.049
GetData ===>> H2,-0.0825043725808353,H1,62.5899428972997,AX,8.37151886985694,L1,-0.00597382137220936,L2,-0.0406...
setting magnet DAC
current  : 5.867988
requested: 5.869022
Delta Dac: 0.001034
Checking detector protection. dv=0.00103
Checking detector "CDD". Protection Threshold: 0.1 (V)
SetMagnetDAC 5.86902241379 ===>> OK
Magnet settling time: 1.049
Get Checksum: -110011688
GetData ===>> H2,-0.108061954443181,H1,173.803203188749,AX,25.3890562997617,L1,0.104562492358433,L2,-0.03294768...
setting magnet DAC
current  : 5.869022
requested: 5.870057
Delta Dac: 0.001034
Checking detector protection. dv=0.00103
Checking detector "CDD". Protection Threshold: 0.1 (V)
SetMagnetDAC 5.87005689655 ===>> OK
Magnet settling time: 1.049
GetData ===>> H2,-0.115231133729336,H1,488.472111186608,AX,81.1245743028173,L1,0.52763165499821,L2,0.1023992135...
setting magnet DAC
current  : 5.870057
requested: 5.871091
Delta Dac: 0.001034
Checking detector protection. dv=0.00103
Checking detector "CDD". Protection Threshold: 0.1 (V)
SetMagnetDAC 5.87109137931 ===>> OK
Magnet settling time: 1.049
GetData ===>> H2,-0.0723997313302622,H1,721.169559981442,AX,132.482653238562,L1,1.01401850109811,L2,0.296429546...
setting magnet DAC
current  : 5.871091
requested: 5.872126
Delta Dac: 0.001034
Checking detector protection. dv=0.00103
Checking detector "CDD". Protection Threshold: 0.1 (V)
SetMagnetDAC 5.87212586207 ===>> OK
Magnet settling time: 1.049
Get Checksum: -110011688
GetData ===>> H2,-0.0675827740325446,H1,861.49037439101,AX,170.285111944137,L1,1.49900843700511,L2,0.4373507043...
setting magnet DAC
current  : 5.872126
requested: 5.873160
Delta Dac: 0.001034
Checking detector protection. dv=0.00103
Checking detector "CDD". Protection Threshold: 0.1 (V)
SetMagnetDAC 5.87316034483 ===>> OK
Magnet settling time: 1.049
GetData ===>> H2,-0.0910137100714317,H1,921.569676531697,AX,189.632583166884,L1,1.9141861500914,L2,0.6224415937...
setting magnet DAC
current  : 5.873160
requested: 5.874195
Delta Dac: 0.001034
Checking detector protection. dv=0.00103
Checking detector "CDD". Protection Threshold: 0.1 (V)
SetMagnetDAC 5.87419482759 ===>> OK
Magnet settling time: 1.049
Get Checksum: -110011688
GetData ===>> H2,-0.114064527701339,H1,941.496019858568,AX,196.903992673334,L1,2.18121458089323,L2,0.8659456168...
setting magnet DAC
current  : 5.874195
requested: 5.875229
Delta Dac: 0.001034
Checking detector protection. dv=0.00103
Checking detector "CDD". Protection Threshold: 0.1 (V)
SetMagnetDAC 5.87522931034 ===>> OK
Magnet settling time: 1.049
GetData ===>> H2,-0.029849140960182,H1,947.03076946914,AX,199.058251376594,L1,2.29078079887577,L2,0.92163753866...
setting magnet DAC
current  : 5.875229
requested: 5.876264
Delta Dac: 0.001034
Checking detector protection. dv=0.00103
Checking detector "CDD". Protection Threshold: 0.1 (V)
SetMagnetDAC 5.8762637931 ===>> OK
Magnet settling time: 1.049
GetData ===>> H2,-0.120396864544216,H1,948.40575558927,AX,199.594243955883,L1,2.38364622366498,L2,0.89681034309...
setting magnet DAC
current  : 5.876264
requested: 5.877298
Delta Dac: 0.001034
Checking detector protection. dv=0.00103
Checking detector "CDD". Protection Threshold: 0.1 (V)
SetMagnetDAC 5.87729827586 ===>> OK
Magnet settling time: 1.049
Get Checksum: -110011688
GetData ===>> H2,-0.102167486098191,H1,948.21532701565,AX,199.592128923622,L1,2.44676341583951,L2,0.86228280604...
setting magnet DAC
current  : 5.877298
requested: 5.878333
Delta Dac: 0.001034
Checking detector protection. dv=0.00103
Checking detector "CDD". Protection Threshold: 0.1 (V)
SetMagnetDAC 5.87833275862 ===>> OK
Magnet settling time: 1.049
GetData ===>> H2,-0.0126793100484662,H1,947.874561435398,AX,199.3220144319,L1,2.51550440147201,L2,0.88959700082...
setting magnet DAC
current  : 5.878333
requested: 5.879367
Delta Dac: 0.001034
Checking detector protection. dv=0.00103
Checking detector "CDD". Protection Threshold: 0.1 (V)
SetMagnetDAC 5.87936724138 ===>> OK
Magnet settling time: 1.049
GetData ===>> H2,-0.0168552048714589,H1,947.851435374192,AX,199.441033354876,L1,2.54521968421161,L2,0.803490913...
setting magnet DAC
current  : 5.879367
requested: 5.880402
Delta Dac: 0.001034
Checking detector protection. dv=0.00103
Checking detector "CDD". Protection Threshold: 0.1 (V)
SetMagnetDAC 5.88040172414 ===>> OK
Magnet settling time: 1.049
Get Checksum: -110011688
GetData ===>> H2,-0.0808217922206581,H1,947.789861647676,AX,199.495049872389,L1,2.56757957074505,L2,0.764102858...
setting magnet DAC
current  : 5.880402
requested: 5.881436
Delta Dac: 0.001034
Checking detector protection. dv=0.00103
Checking detector "CDD". Protection Threshold: 0.1 (V)
SetMagnetDAC 5.8814362069 ===>> OK
Magnet settling time: 1.049
GetData ===>> H2,-0.158579506917435,H1,946.891181927212,AX,199.114325558326,L1,2.50564766227494,L2,0.8621683454...
setting magnet DAC
current  : 5.881436
requested: 5.882471
Delta Dac: 0.001034
Checking detector protection. dv=0.00103
Checking detector "CDD". Protection Threshold: 0.1 (V)
SetMagnetDAC 5.88247068966 ===>> OK
Magnet settling time: 1.049
GetData ===>> H2,-0.288629542616632,H1,945.676184387747,AX,198.780652076777,L1,2.53955424934807,L2,0.8827276544...
setting magnet DAC
current  : 5.882471
requested: 5.883505
Delta Dac: 0.001034
Checking detector protection. dv=0.00103
Checking detector "CDD". Protection Threshold: 0.1 (V)
SetMagnetDAC 5.88350517241 ===>> OK
Magnet settling time: 1.049
Get Checksum: -110011688
GetData ===>> H2,-0.213614334947036,H1,939.102441864693,AX,196.302196038097,L1,2.49154861835305,L2,0.8228248753...
setting magnet DAC
current  : 5.883505
requested: 5.884540
Delta Dac: 0.001034
Checking detector protection. dv=0.00103
Checking detector "CDD". Protection Threshold: 0.1 (V)
SetMagnetDAC 5.88453965517 ===>> OK
Magnet settling time: 1.049
GetData ===>> H2,-0.259529404128431,H1,915.042920642518,AX,187.016095186794,L1,2.35722103587144,L2,0.8337634435...
setting magnet DAC
current  : 5.884540
requested: 5.885574
Delta Dac: 0.001034
Checking detector protection. dv=0.00103
Checking detector "CDD". Protection Threshold: 0.1 (V)
SetMagnetDAC 5.88557413793 ===>> OK
Magnet settling time: 1.049
Get Checksum: -110011688
GetData ===>> H2,-0.0673576073367449,H1,840.918458687047,AX,161.398304739476,L1,2.06990945237086,L2,0.586414822...
setting magnet DAC
current  : 5.885574
requested: 5.886609
Delta Dac: 0.001034
Checking detector protection. dv=0.00103
Checking detector "CDD". Protection Threshold: 0.1 (V)
SetMagnetDAC 5.88660862069 ===>> OK
Magnet settling time: 1.049
GetData ===>> H2,-0.0497396229969164,H1,677.882703365654,AX,116.077351625965,L1,1.69014282067764,L2,0.362665886...
setting magnet DAC
current  : 5.886609
requested: 5.887643
Delta Dac: 0.001034
Checking detector protection. dv=0.00103
Checking detector "CDD". Protection Threshold: 0.1 (V)
SetMagnetDAC 5.88764310345 ===>> OK
Magnet settling time: 1.049
GetData ===>> H2,-0.0912763094940657,H1,449.98622544254,AX,66.380739241738,L1,1.22004869373859,L2,0.22321341420...
setting magnet DAC
current  : 5.887643
requested: 5.888678
Delta Dac: 0.001034
Checking detector protection. dv=0.00103
Checking detector "CDD". Protection Threshold: 0.1 (V)
SetMagnetDAC 5.88867758621 ===>> OK
Magnet settling time: 1.049
Get Checksum: -110011688
GetData ===>> H2,-0.330000900053535,H1,236.750326926349,AX,29.6664817278734,L1,0.775139300774741,L2,0.042185955...
setting magnet DAC
current  : 5.888678
requested: 5.889712
Delta Dac: 0.001034
Checking detector protection. dv=0.00103
Checking detector "CDD". Protection Threshold: 0.1 (V)
SetMagnetDAC 5.88971206897 ===>> OK
Magnet settling time: 1.049
GetData ===>> H2,-0.210505694079694,H1,95.6552739669639,AX,9.88305893587243,L1,0.470170927241779,L2,-0.04783530...
setting magnet DAC
current  : 5.889712
requested: 5.890747
Delta Dac: 0.001034
Checking detector protection. dv=0.00103
Checking detector "CDD". Protection Threshold: 0.1 (V)
SetMagnetDAC 5.89074655172 ===>> OK
Magnet settling time: 1.049
GetData ===>> H2,-0.203008037811762,H1,15.5174815603358,AX,1.12202359739522,L1,0.211668934289132,L2,-0.00999707...
setting magnet DAC
current  : 5.890747
requested: 5.891781
Delta Dac: 0.001034
Checking detector protection. dv=0.00103
Checking detector "CDD". Protection Threshold: 0.1 (V)
SetMagnetDAC 5.89178103448 ===>> OK
Magnet settling time: 1.049
Get Checksum: -110011688
GetData ===>> H2,-0.196409115920147,H1,3.9325414310986,AX,0.0801502053855094,L1,0.0996618618179549,L2,0.0346220...
setting magnet DAC
current  : 5.891781
requested: 5.892816
Delta Dac: 0.001034
Checking detector protection. dv=0.00103
Checking detector "CDD". Protection Threshold: 0.1 (V)
SetMagnetDAC 5.89281551724 ===>> OK
Magnet settling time: 1.049
GetData ===>> H2,-0.364448357109197,H1,0.750606950908206,AX,-0.191097098247053,L1,0.0399565139218515,L2,-0.0200...
setting magnet DAC
current  : 5.892816
requested: 5.893850
Delta Dac: 0.001034
Checking detector protection. dv=0.00103
Checking detector "CDD". Protection Threshold: 0.1 (V)
SetMagnetDAC 5.89385 ===>> OK
Magnet settling time: 1.049
Get Checksum: -110011688
GetData ===>> H2,-0.300939970270989,H1,0.15805431760183,AX,-0.0776590302304801,L1,0.0145326084948546,L2,-0.1152...
result of _do_sweep=True
result of _calculate_peak_center=([5.8709607732706779, 5.8787100649574997, 5.8864593566443215], [691.79092416164758, 948.40422910771792, 701.40690052629043], 5.8762720855504105, 948.40422910771792)
Failed to find a valid peak. No peak greater than 1.0. max = 0.0299634724415
new center pos Detector(H1) (Ar40) @ 5.87871006496
GetHighVoltage ===>> 4500
GetDeflection H1 ===>> 0
dac uncorrected for HV and deflection 5.87871006496
update mftable H1 Ar40 5.87871006496 message=automated run peakcenter
get initial guess parabolic
get initial guess parabolic
get initial guess parabolic
get initial guess parabolic
get initial guess parabolic
get initial guess parabolic
dump mftable to /Users/jan/PychronDev/setupfiles/spectrometer/mftables/mftable.csv
add to repo msg=modified - automated run peakcenter
locally archiving mftable
setting magnet DAC
current  : 5.893850
requested: 5.878710
Delta Dac: 0.015140
Checking detector protection. dv=0.01514
Checking detector "CDD". Protection Threshold: 0.1 (V)
SetMagnetDAC 5.87871006496 ===>> OK
Magnet settling time: 0.500
sweep finished
setting integration time = 1.048576
SetIntegrationTime 1.048576 ===>> OK
Failed to find a valid peak. No peak greater than 1.0. max = 0.0300350712839
flush and close file /Users/jan/PychronDev/data/isotopes/85/206163-0e4d-4b7f-99b8-ca0b8fc4f191.h5
finished measure script
executed 226.132928
jan_unknown120_60.py completed successfully
Measurement Finished
07:43:26 -- ******* Measurement Finished *******
Post Measurement Started jan_pump_ms.py
07:43:26 -- ******* Post Measurement Started jan_pump_ms.py *******
testing...
no interpolation path defined
executed 0
Pumping spectrometer
open () {'name': 'O'}
opening name=O desc=---
checking ownership. requestor=129.138.12.150
check software interlocks O
interlocks []
actuate state mode=None-script, software_lock=False
doing actuation None-script open_channel True
Open O ===>> OK
GetIndicatorState O ===>> OK
change switch state (True, True)
update switch state O True args=() kw={} ncanvase=2
07:43:27 -- OPEN   VALVE-O (Jan Ion Pump)
---------------------------------------- open O () result=[(True, True)], time=0.10 sec
action=open, ok=True, locked=[False]
executed 0
jan_pump_ms.py completed successfully
setting _ms_pumptime
Post Measurement Finished
07:43:27 -- ******* Post Measurement Finished *******
$$$$$$$$$$$$$$$$$$$$ state at run end measurement
state changed from measurement to success
post measurement save measured=True aborted=False
Set filtering
setting fod for Ar40= {'filter_outliers': True, 'std_devs': 2, 'iterations': 1}
setting fod for H1= {'filter_outliers': True, 'std_devs': 2, 'iterations': 1}
setting fod for PM41= {'filter_outliers': False, 'std_devs': 2, 'iterations': 1}
setting fod for H2= {'filter_outliers': True, 'std_devs': 2, 'iterations': 1}
setting fod for Ar36= {'filter_outliers': True, 'std_devs': 2, 'iterations': 1}
setting fod for CDD= {'filter_outliers': True, 'std_devs': 10, 'iterations': 1}
setting fod for Ar37= {'filter_outliers': True, 'std_devs': 2, 'iterations': 1}
setting fod for L2= {'filter_outliers': True, 'std_devs': 2, 'iterations': 1}
setting fod for Ar38= {'filter_outliers': True, 'std_devs': 2, 'iterations': 1}
setting fod for L1= {'filter_outliers': True, 'std_devs': 2, 'iterations': 1}
setting fod for Ar39= {'filter_outliers': True, 'std_devs': 2, 'iterations': 1}
setting fod for AX= {'filter_outliers': True, 'std_devs': 2, 'iterations': 1}
persistence save...
persistence save - db
post measurement save
5725717040 connecting to database sqlite:////Users/jan/PychronDev/.appdata/local_lab.db
connected to db sqlite:////Users/jan/PychronDev/.appdata/local_lab.db
create new session 5725717040
close session 5725717040
No database instance. Not saving post measurement to isotopedb database
$$$$$$$$$$$$$$$ auto_save_detector_ic=False
massspec enabled True
create new session 4979649712
MassSpec Database Version: 16.0
close session 4979649712
saving post measurement to secondary database
saving to massspec database 129.138.12.160/massspecdata
setting labnumber to 65572
setting aliquot to 2
setting step to C
setting uuid to 85206163-0e4d-4b7f-99b8-ca0b8fc4f191
setting irradpos to 65572
setting extract_device to Fusions CO2
setting tray to 
setting position to 202
setting power_requested to 5.0
setting extract_value to 5.0
setting duration to 30.0
setting duration_at_request to 30.0
setting first_stage_delay to 30.0
setting cleanup to 30.0
setting comment to M:15 with inclusions
setting irradiation to NM-289
setting level to M
setting irradiation_level to M
setting sample to NM-2602 W
setting material to Sanidine
setting project to JoyitaHills
setting mass_spectrometer to Jan
no attribute chron_dosages
no attribute production_ratios
no attribute interference_corrections
no attribute production_name
no attribute j
Reference Isotope=Ar40
Reference Detector=H1
%%%%%%%%%%%%%%%%%%%% Comment: M:15 with inclusions %%%%%%%%%%%%%%%%%%%
adding isotope PM41 H2
add baseline dbdet= PM41. original det= H2
get baseline data PM41 H2
Get data baseline <pychron.processing.isotope.Baseline object at 0x160e28210> len t=60
baseline PM41. v=-0.209045490881, e=0.00799166992358
get signal data PM41 H2
Get data signal PM41 0.09+/-0.07 len t=120
adding isotope Ar40 H1
add baseline dbdet= Ar40. original det= H1
get baseline data Ar40 H1
Get data baseline <pychron.processing.isotope.Baseline object at 0x15c8de9d0> len t=60
baseline Ar40. v=-0.0137787424626, e=0.00618201209828
get signal data Ar40 H1
Get data signal Ar40 1045.29+/-0.06 len t=120
adding isotope Ar39 AX
add baseline dbdet= Ar39. original det= AX
get baseline data Ar39 AX
Get data baseline <pychron.processing.isotope.Baseline object at 0x15c8de650> len t=60
baseline Ar39. v=-0.0791793239045, e=0.00664940549828
get signal data Ar39 AX
Get data signal Ar39 219.789+/-0.026 len t=120
adding isotope Ar38 L1
add baseline dbdet= Ar38. original det= L1
get baseline data Ar38 L1
Get data baseline <pychron.processing.isotope.Baseline object at 0x13bf4bfd0> len t=60
baseline Ar38. v=-0.020948105862, e=0.00391821975428
get signal data Ar38 L1
Get data signal Ar38 2.815+/-0.006 len t=120
adding isotope Ar37 L2
add baseline dbdet= Ar37. original det= L2
get baseline data Ar37 L2
Get data baseline <pychron.processing.isotope.Baseline object at 0x155527750> len t=60
baseline Ar37. v=-0.0224570113919, e=0.00653803097376
get signal data Ar37 L2
Get data signal Ar37 0.969+/-0.011 len t=120
adding isotope Ar36 CDD
add baseline dbdet= Ar36. original det= CDD
get baseline data Ar36 CDD
Get data baseline <pychron.processing.isotope.Baseline object at 0x155527110> len t=60
baseline Ar36. v=0.000223298119689, e=2.19552074632e-05
get signal data Ar36 CDD
Get data signal Ar36 0.0205+/-0.0004 len t=120
65572-02C added analysis time 0.635787010193s
analysis added to mass spec database
mass spec save time= 0.644
persistence save - dvc
================= post measurement started
create new session 4984345712
close session 4984345712
Get Checksum: 2035439760
---------------- Experiment Queue saving disabled
DVC saving peakcenter
Failed to find a valid peak. No peak greater than 1.0. max = 0.0300350712839
Smart pull ahead: 0 behind: 0
Up-to-date with origin
add to repo msg=modified - ad8224ebc6dbfeb9f5997218dfa5fe690569839d.json
add to repo msg=modified - 72-02C.json
add to repo msg=modified - 72-02C.dat.json
add to repo msg=modified - 72-02C.blan.json
add to repo msg=modified - 72-02C.inte.json
add to repo msg=modified - 72-02C.icfa.json
add to repo msg=modified - 72-02C.base.json
not at valid file /Users/jan/PychronDev/data/.dvc/repositories/Load1783/655/tags/72-02C.tags.json
add to repo msg=modified - 72-02C.peak.json
Get Checksum: 2035439760
add to repo msg=modified - 72-02C.extr.json
not at valid file /Users/jan/PychronDev/data/.dvc/repositories/Load1783/655/monitor/72-02C.moni.json
commit message=<COLLECTION>
add to repo msg=modified - 72-02C.inte.json
add to repo msg=modified - 72-02C.base.json
commit message=<ISOEVO> default collection fits
add to repo msg=modified - 72-02C.blan.json
commit message=<BLANKS> preceding ba-01-J-2237
add to repo msg=modified - 72-02C.icfa.json
Get Checksum: 2035439760
commit message=<ICFactor> default
push repository <pychron.git_archive.repo_manager.GitRepoManager object at 0x152a78ad0>
pushing to remote=origin, url=https://github.com
Get Checksum: 2035439760
no changes to meta repo
create new session 4984345712
add association Load1783
get identifier "65572"
setting analysis irradiation position=<pychron.dvc.dvc_orm.IrradiationPositionTbl object at 0x16d945ad0>
close session 4984345712
================= post measurement finished
07:43:40 -- ******* Post Run Check *******
loading queue conditionals post_run_actions
loading system conditionals post_run_actions
loading conditionals from /Users/jan/PychronDev/setupfiles/spectrometer/default_conditionals.yaml
loading queue conditionals post_run_terminations
loading system conditionals post_run_terminations
loading conditionals from /Users/jan/PychronDev/setupfiles/spectrometer/default_conditionals.yaml
Checking default post run terminations n=1
GetDeflection CDD ===>> 50
testing CDD==2000
evaluate ot="CDD.deflection==2000" t="CDD==2000", ctx="{'CDD': 50.0}"
07:43:40 -- ******* Post Run Check Passed *******
07:43:40 -- Automated run 65572-02C success duration: 361.721 s
----------------- finish -----------------
----------------- stop -----------------
retroactive repository identifiers disabled
finish run. runs completed=86
update duration runid=65572-02C, duration=361.720843792, md5=301e91d8
loading script "jan_unknown120_60.py"
loading script "jan_pump_ms.py"
loading script "jan_co2.py"
loading script "jan_pump_extraction_line.py"
testing...
no interpolation path defined
executed 213.652928
script duration name:unknown120_60 seconds:214.0
loading script "jan_unknown120_60.py"
loading script "jan_pump_ms.py"
loading script "jan_co2.py"
loading script "jan_pump_extraction_line.py"
testing...
no interpolation path defined
executed 0
loading script "jan_unknown120_60.py"
loading script "jan_pump_ms.py"
loading script "jan_co2.py"
loading script "jan_pump_extraction_line.py"
testing...
no interpolation path defined
calculate duration
testing...
no interpolation path defined
executed 0
calculate duration
testing...
no interpolation path defined
executed 0
executed 0.0
script duration name:co2 seconds:0.0
loading script "jan_unknown120_60.py"
loading script "jan_pump_ms.py"
loading script "jan_co2.py"
loading script "jan_pump_extraction_line.py"
testing...
no interpolation path defined
calculate duration
testing...
no interpolation path defined
executed 4.0
executed 4.0
Script duration 214.0
Run total estimated duration= 215.000
unknown120_60 in script context. using previous estimated duration
script duration name:unknown120_60 seconds:214.0
pump_ms in script context. using previous estimated duration
co2 in script context. using previous estimated duration
script duration name:co2 seconds:0.0
pump_extraction_line in script context. using previous estimated duration
Script duration 214.0
Run total estimated duration= 215.000
script duration name:unknown120_60 seconds:214.0
script duration name:co2 seconds:0.0
Script duration 214.0
Run total estimated duration= 215.000
script duration name:unknown120_60 seconds:214.0
loading script "jan_unknown120_60.py"
loading script "jan_pump_ms.py"
loading script "jan_cocktail_x1.py"
loading script "jan_pump_extraction_line.py"
testing...
no interpolation path defined
calculate duration
testing...
no interpolation path defined
executed 0
calculate duration
testing...
no interpolation path defined
executed 0
calculate duration
testing...
no interpolation path defined
executed 32.0
calculate duration
testing...
no interpolation path defined
executed 34.0
calculate duration
testing...
no interpolation path defined
executed 4.0
calculate duration
testing...
no interpolation path defined
executed 38.0
executed 108.0
script duration name:cocktail_x1 seconds:108.0
Script duration 322.0
Run total estimated duration= 323.000
script duration name:unknown120_60 seconds:214.0
script duration name:co2 seconds:0.0
Script duration 214.0
Run total estimated duration= 215.000
script duration name:unknown120_60 seconds:214.0
script duration name:co2 seconds:0.0
Script duration 214.0
Run total estimated duration= 215.000
script duration name:unknown120_60 seconds:214.0
script duration name:co2 seconds:0.0
Script duration 214.0
Run total estimated duration= 215.000
script duration name:unknown120_60 seconds:214.0
script duration name:co2 seconds:0.0
Script duration 214.0
Run total estimated duration= 215.000
script duration name:unknown120_60 seconds:214.0
script duration name:co2 seconds:0.0
Script duration 214.0
Run total estimated duration= 215.000
script duration name:unknown120_60 seconds:214.0
script duration name:co2 seconds:0.0
Script duration 214.0
Run total estimated duration= 215.000
script duration name:unknown120_60 seconds:214.0
script duration name:co2 seconds:0.0
Script duration 214.0
Run total estimated duration= 215.000
script duration name:unknown120_60 seconds:214.0
script duration name:co2 seconds:0.0
Script duration 214.0
Run total estimated duration= 215.000
script duration name:unknown120_60 seconds:214.0
script duration name:co2 seconds:0.0
Script duration 214.0
Run total estimated duration= 215.000
loading script "jan_unknown400_120.py"
loading script "jan_pump_ms.py"
loading script "jan_co2.py"
loading script "jan_pump_extraction_line.py"
testing...
no interpolation path defined
executed 556.052928
script duration name:unknown400_120 seconds:556.0
script duration name:co2 seconds:0.0
Script duration 556.0
Run total estimated duration= 557.000
unknown400_120 in script context. using previous estimated duration
script duration name:unknown400_120 seconds:556.0
cocktail_x1 in script context. using previous estimated duration
script duration name:cocktail_x1 seconds:108.0
Script duration 664.0
Run total estimated duration= 665.000
script duration name:unknown120_60 seconds:214.0
script duration name:cocktail_x1 seconds:108.0
Script duration 322.0
Run total estimated duration= 323.000
script duration name:unknown400_120 seconds:556.0
loading script "jan_unknown400_120.py"
loading script "jan_pump_ms.py"
loading script "jan_sniffair_x2.py"
loading script "jan_pump_extraction_line.py"
testing...
no interpolation path defined
calculate duration
testing...
no interpolation path defined
executed 0
calculate duration
testing...
no interpolation path defined
executed 0
calculate duration
testing...
no interpolation path defined
executed 32.0
calculate duration
testing...
no interpolation path defined
executed 34.0
calculate duration
testing...
no interpolation path defined
executed 4.0
calculate duration
testing...
no interpolation path defined
executed 36.0
calculate duration
testing...
no interpolation path defined
executed 34.0
calculate duration
testing...
no interpolation path defined
executed 4.0
calculate duration
testing...
no interpolation path defined
executed 36.0
calculate duration
testing...
no interpolation path defined
executed 70.0
executed 250.0
script duration name:sniffair_x2 seconds:250.0
Script duration 806.0
Run total estimated duration= 807.000
script duration name:unknown400_120 seconds:556.0
sniffair_x2 in script context. using previous estimated duration
script duration name:sniffair_x2 seconds:250.0
Script duration 806.0
Run total estimated duration= 807.000
loading script "jan_ic_peak_hop3.py"
loading script "jan_pump_ms.py"
loading script "jan_air_x1.py"
loading script "jan_pump_extraction_line.py"
testing...
no interpolation path defined
executed 133.8
script duration name:ic_peak_hop3 seconds:134.0
loading script "jan_ic_peak_hop3.py"
loading script "jan_pump_ms.py"
loading script "jan_air_x1.py"
loading script "jan_pump_extraction_line.py"
testing...
no interpolation path defined
calculate duration
testing...
no interpolation path defined
executed 0
calculate duration
testing...
no interpolation path defined
executed 0
calculate duration
testing...
no interpolation path defined
executed 32.0
calculate duration
testing...
no interpolation path defined
executed 34.0
calculate duration
testing...
no interpolation path defined
executed 4.0
calculate duration
testing...
no interpolation path defined
executed 36.0
executed 106.0
script duration name:air_x1 seconds:106.0
Script duration 240.0
Run total estimated duration= 241.000
script duration name:unknown120_60 seconds:214.0
script duration name:co2 seconds:0.0
Script duration 214.0
Run total estimated duration= 215.000
script duration name:unknown120_60 seconds:214.0
script duration name:co2 seconds:0.0
Script duration 214.0
Run total estimated duration= 215.000
script duration name:unknown120_60 seconds:214.0
script duration name:co2 seconds:0.0
Script duration 214.0
Run total estimated duration= 215.000
script duration name:unknown120_60 seconds:214.0
script duration name:co2 seconds:0.0
Script duration 214.0
Run total estimated duration= 215.000
script duration name:unknown120_60 seconds:214.0
script duration name:co2 seconds:0.0
Script duration 214.0
Run total estimated duration= 215.000
script duration name:unknown120_60 seconds:214.0
script duration name:co2 seconds:0.0
Script duration 214.0
Run total estimated duration= 215.000
script duration name:unknown120_60 seconds:214.0
script duration name:co2 seconds:0.0
Script duration 214.0
Run total estimated duration= 215.000
script duration name:unknown120_60 seconds:214.0
script duration name:co2 seconds:0.0
Script duration 214.0
Run total estimated duration= 215.000
script duration name:unknown120_60 seconds:214.0
script duration name:co2 seconds:0.0
Script duration 214.0
Run total estimated duration= 215.000
script duration name:unknown120_60 seconds:214.0
script duration name:co2 seconds:0.0
Script duration 214.0
Run total estimated duration= 215.000
script duration name:unknown120_60 seconds:214.0
script duration name:co2 seconds:0.0
Script duration 214.0
Run total estimated duration= 215.000
script duration name:unknown120_60 seconds:214.0
script duration name:co2 seconds:0.0
Script duration 214.0
Run total estimated duration= 215.000
script duration name:unknown120_60 seconds:214.0
script duration name:co2 seconds:0.0
Script duration 214.0
Run total estimated duration= 215.000
script duration name:unknown120_60 seconds:214.0
script duration name:co2 seconds:0.0
Script duration 214.0
Run total estimated duration= 215.000
script duration name:unknown120_60 seconds:214.0
script duration name:co2 seconds:0.0
Script duration 214.0
Run total estimated duration= 215.000
script duration name:unknown400_120 seconds:556.0
script duration name:co2 seconds:0.0
Script duration 556.0
Run total estimated duration= 557.000
script duration name:unknown400_120 seconds:556.0
script duration name:cocktail_x1 seconds:108.0
Script duration 664.0
Run total estimated duration= 665.000
script duration name:unknown120_60 seconds:214.0
script duration name:cocktail_x1 seconds:108.0
Script duration 322.0
Run total estimated duration= 323.000
ic_peak_hop3 in script context. using previous estimated duration
script duration name:ic_peak_hop3 seconds:134.0
air_x1 in script context. using previous estimated duration
script duration name:air_x1 seconds:106.0
Script duration 240.0
Run total estimated duration= 241.000
script duration name:unknown120_60 seconds:214.0
script duration name:co2 seconds:0.0
Script duration 214.0
Run total estimated duration= 215.000
script duration name:unknown120_60 seconds:214.0
script duration name:co2 seconds:0.0
Script duration 214.0
Run total estimated duration= 215.000
script duration name:unknown120_60 seconds:214.0
script duration name:co2 seconds:0.0
Script duration 214.0
Run total estimated duration= 215.000
script duration name:unknown120_60 seconds:214.0
script duration name:co2 seconds:0.0
Script duration 214.0
Run total estimated duration= 215.000
script duration name:unknown120_60 seconds:214.0
script duration name:co2 seconds:0.0
Script duration 214.0
Run total estimated duration= 215.000
script duration name:unknown120_60 seconds:214.0
script duration name:co2 seconds:0.0
Script duration 214.0
Run total estimated duration= 215.000
script duration name:unknown120_60 seconds:214.0
script duration name:co2 seconds:0.0
Script duration 214.0
Run total estimated duration= 215.000
script duration name:unknown120_60 seconds:214.0
script duration name:co2 seconds:0.0
Script duration 214.0
Run total estimated duration= 215.000
script duration name:unknown120_60 seconds:214.0
script duration name:co2 seconds:0.0
Script duration 214.0
Run total estimated duration= 215.000
script duration name:unknown120_60 seconds:214.0
script duration name:co2 seconds:0.0
Script duration 214.0
Run total estimated duration= 215.000
script duration name:unknown400_120 seconds:556.0
script duration name:sniffair_x2 seconds:250.0
Script duration 806.0
Run total estimated duration= 807.000
script duration name:unknown400_120 seconds:556.0
script duration name:sniffair_x2 seconds:250.0
Script duration 806.0
Run total estimated duration= 807.000
script duration name:unknown400_120 seconds:556.0
script duration name:co2 seconds:0.0
Script duration 556.0
Run total estimated duration= 557.000
nruns=51 before=5.0, run_dur=15635.0, btw=2250.0
write rem/ex queues
/Users/jan/PychronDev/experiments/rem/CurrentExperiment.rem.txt
/Users/jan/PychronDev/experiments/rem/CurrentExperiment.ex.txt
doing event level: 3
