do run
loading script "jan_unknown120_60.py"
loading script "jan_pump_ms.py"
loading script "jan_co2.py"
loading script "jan_pump_extraction_line.py"
testing...
no interpolation path defined
executed 213.652928
script duration name:unknown120_60 seconds:214.0
loading script "jan_unknown120_60.py"
loading script "jan_pump_ms.py"
loading script "jan_co2.py"
loading script "jan_pump_extraction_line.py"
testing...
no interpolation path defined
executed 0
loading script "jan_unknown120_60.py"
loading script "jan_pump_ms.py"
loading script "jan_co2.py"
loading script "jan_pump_extraction_line.py"
testing...
no interpolation path defined
calculate duration
testing...
no interpolation path defined
executed 0
calculate duration
testing...
no interpolation path defined
executed 0
executed 0.0
script duration name:co2 seconds:0.0
loading script "jan_unknown120_60.py"
loading script "jan_pump_ms.py"
loading script "jan_co2.py"
loading script "jan_pump_extraction_line.py"
testing...
no interpolation path defined
calculate duration
testing...
no interpolation path defined
executed 4.0
executed 4.0
Script duration 214.0
Run total estimated duration= 215.000
run duration: 0:03:35
doing event level: 2
07:44:31 -- Setting default integration. t=1.048576
setting integration time = 1.048576
SetIntegrationTime 1.048576 ===>> OK
----------------- start -----------------
**************** Experiment Type: Ar/Ar, Ar/Ar
create new session 5004766384
close session 5004766384
$$$$$ Clearing conditionals
adding conditionals 
Add queue conditionals
add default conditionals
adding default conditionals from /Users/jan/PychronDev/setupfiles/spectrometer/default_conditionals.yaml
Start automated run 65572-03A
loading script "jan_unknown120_60.py"
loading script "jan_pump_ms.py"
loading script "jan_co2.py"
loading script "jan_pump_extraction_line.py"
%%%%%%%%%%%%%%%%%% setting automated run 65572-03A
No value "sensitivity_multiplier" in metadata
$$$$$$$$$$$$$$$ auto_save_detector_ic=False
============================= Pre Extraction Check =============================
loading queue conditionals pre_run_terminations
loading system conditionals pre_run_terminations
loading conditionals from /Users/jan/PychronDev/setupfiles/spectrometer/default_conditionals.yaml
07:44:31 -- ******* Pre Extraction Check *******
Get a measurement from the spectrometer
GetData ===>> H2,-0.231203103551285,H1,-0.0146021067963574,AX,-0.065429200741338,L1,-0.028046293946296,L2,-0.05...
Pre Extraction Termination data. keys=H2,H1,AX,L1,L2,CDD, signals=-0.23120,-0.01460,-0.06543,-0.02805,-0.05179,0.00313
07:44:31 -- testing system defined conditionals
Checking default pre extraction terminations n=2
testing CDD
evaluate ot="CDD.inactive" t="CDD", ctx="{'CDD': False}"
GetDeflection CDD ===>> 50
testing CDD==2000
evaluate ot="CDD.deflection==2000" t="CDD==2000", ctx="{'CDD': 50.0}"
07:44:31 -- ******* Pre Extraction Check Passed *******
=================================================================================
07:44:31 -- stopping status monitor
stop 4976489392
Alive clients [4984697584]
07:44:31 -- starting status monitor
start 4976489392
Monitor already running
start extraction
do extraction
Analysis started at 07:44:31.433633
Extraction Started jan_co2.py
07:44:31 -- ******* Extraction Started jan_co2.py *******
state changed from not run to extraction
DO EXTRACTION <pychron.extraction_line.pyscript_runner.RemotePyScriptRunner object at 0x12988f3b0>
testing...
no interpolation path defined
calculate duration
testing...
no interpolation path defined
executed 0
calculate duration
testing...
no interpolation path defined
executed 0
executed 100.0
Jan CO2 laser analysis
doing GOSUB
testing...
no interpolation path defined
executed 0
Waiting for CO2 access
wait ('FelixCO2Flag', 0) {}
waiting for FelixCO2Flag = 0
Read FelixCO2Flag ===>> 0
finished waiting
CO2 free
wait ('CO2PumpTimeFlag', 0) {}
waiting for CO2PumpTimeFlag = 0
Read CO2PumpTimeFlag ===>> 0
finished waiting
acquire ('JanCO2Flag',) {'clear': True}
acquire JanCO2Flag
Set JanCO2Flag 1 ===>> OK
JanCO2Flag acquired
set extraction state False (0.75, 'red', 1.5)
CO2 acquired
executed 0
WaitForCO2Access.py completed successfully
gosub finished
doing GOSUB
testing...
no interpolation path defined
executed 0
Prepare for CO2 analysis
close () {'description': 'Jan Inlet'}
closing name=--- desc=Jan Inlet
checking ownership. requestor=129.138.12.150
check software interlocks R
interlocks []
actuate state mode=None-script, software_lock=False
doing actuation None-script close_channel False
Close R ===>> OK
GetIndicatorState R ===>> False
change switch state (True, True)
update switch state R False args=() kw={} ncanvase=2
07:44:31 -- CLOSE  VALVE-R (Jan Inlet)
---------------------------------------- close None (Jan Inlet) result=[(True, True)]
Get Checksum: 2035439760
action=close, ok=True, locked=[False]
open () {'description': 'Jan Ion Pump'}
opening name=--- desc=Jan Ion Pump
checking ownership. requestor=129.138.12.150
check software interlocks O
interlocks []
actuate state mode=None-script, software_lock=False
doing actuation None-script open_channel False
Open O ===>> OK
GetIndicatorState O ===>> OK
change switch state (True, True)
update switch state O True args=() kw={} ncanvase=2
07:44:32 -- OPEN   VALVE-O (Jan Ion Pump)
---------------------------------------- open None (Jan Ion Pump) result=[(True, True)], time=0.09 sec
action=open, ok=True, locked=[False]
close () {'description': 'Microbone to Minibone'}
closing name=--- desc=Microbone to Minibone
checking ownership. requestor=129.138.12.150
check software interlocks L
interlocks []
actuate state mode=None-script, software_lock=False
doing actuation None-script close_channel False
Close L ===>> OK
GetIndicatorState L ===>> False
change switch state (True, True)
update switch state L False args=() kw={} ncanvase=2
07:44:32 -- CLOSE  VALVE-L (Microbone to Minibone)
---------------------------------------- close None (Microbone to Minibone) result=[(True, True)]
action=close, ok=True, locked=[False]
open () {'description': 'Microbone to Turbo'}
opening name=--- desc=Microbone to Turbo
checking ownership. requestor=129.138.12.150
check software interlocks U
interlocks []
actuate state mode=None-script, software_lock=False
doing actuation None-script open_channel False
Open U ===>> OK
GetIndicatorState U ===>> OK
change switch state (True, True)
update switch state U True args=() kw={} ncanvase=2
07:44:33 -- OPEN   VALVE-U (Microbone to Turbo)
---------------------------------------- open None (Microbone to Turbo) result=[(True, True)], time=0.12 sec
action=open, ok=True, locked=[False]
open () {'description': 'Microbone to Inlet Pipette'}
opening name=--- desc=Microbone to Inlet Pipette
checking ownership. requestor=129.138.12.150
check software interlocks S
interlocks []
actuate state mode=None-script, software_lock=False
doing actuation None-script open_channel False
Open S ===>> OK
GetIndicatorState S ===>> OK
change switch state (True, True)
update switch state S True args=() kw={} ncanvase=2
07:44:33 -- OPEN   VALVE-S (Microbone to Inlet Pipette)
---------------------------------------- open None (Microbone to Inlet Pipette) result=[(True, True)], time=0.40 sec
action=open, ok=True, locked=[False]
open () {'description': 'Microbone to Getter D-50'}
opening name=--- desc=Microbone to Getter D-50
checking ownership. requestor=129.138.12.150
check software interlocks K
interlocks []
actuate state mode=None-script, software_lock=False
doing actuation None-script open_channel False
Open K ===>> OK
GetIndicatorState K ===>> OK
change switch state (True, True)
update switch state K True args=() kw={} ncanvase=2
07:44:34 -- OPEN   VALVE-K (Microbone to Getter D-50)
---------------------------------------- open None (Microbone to Getter D-50) result=[(True, True)], time=0.40 sec
action=open, ok=True, locked=[False]
open () {'description': 'Microbone to Getter NP-10'}
opening name=--- desc=Microbone to Getter NP-10
checking ownership. requestor=129.138.12.150
check software interlocks M
interlocks []
actuate state mode=None-script, software_lock=False
doing actuation None-script open_channel False
Open M ===>> OK
Get Checksum: 2035439760
GetIndicatorState M ===>> OK
change switch state (True, True)
update switch state M True args=() kw={} ncanvase=2
07:44:34 -- OPEN   VALVE-M (Microbone to Getter NP-10)
---------------------------------------- open None (Microbone to Getter NP-10) result=[(True, True)], time=0.13 sec
action=open, ok=True, locked=[False]
close () {'description': 'CO2 Laser to Felix'}
closing name=--- desc=CO2 Laser to Felix
checking ownership. requestor=129.138.12.150
check software interlocks F
interlocks []
actuate state mode=None-script, software_lock=True
VALVE-F(CO2 Laser to Felix) software locked
change switch state (True, False)
---------------------------------------- close None (CO2 Laser to Felix) result=[(True, False)]
action=close, ok=True, locked=[True]
open () {'description': 'CO2 Laser to Jan'}
opening name=--- desc=CO2 Laser to Jan
checking ownership. requestor=129.138.12.150
check software interlocks A
interlocks []
actuate state mode=None-script, software_lock=False
doing actuation None-script open_channel False
Open A ===>> OK
GetIndicatorState A ===>> OK
change switch state (True, True)
update switch state A True args=() kw={} ncanvase=2
07:44:35 -- OPEN   VALVE-A (CO2 Laser to Jan)
---------------------------------------- open None (CO2 Laser to Jan) result=[(True, True)], time=0.13 sec
action=open, ok=True, locked=[False]
open () {'description': 'Microbone to CO2 Laser'}
opening name=--- desc=Microbone to CO2 Laser
checking ownership. requestor=129.138.12.150
check software interlocks T
interlocks []
actuate state mode=None-script, software_lock=False
doing actuation None-script open_channel False
Open T ===>> OK
GetIndicatorState T ===>> OK
change switch state (True, True)
update switch state T True args=() kw={} ncanvase=2
07:44:36 -- OPEN   VALVE-T (Microbone to CO2 Laser)
---------------------------------------- open None (Microbone to CO2 Laser) result=[(True, True)], time=0.41 sec
action=open, ok=True, locked=[False]
executed 0
PrepareForCO2Analysis.py completed successfully
gosub finished
set_motor ('beam', '1.25') {}
setting motor "beam" to 1.25
set motor beam to 1.25
SetMotor beam,1.25 ===>> OK
GetMotorMoving beam ===>> False
GetMotorMoving beam ===>> False
Block completed
move_to_position ('203',) {'autocenter': True}
FusionsCO2 move to position 203
sending GoToHole 203,True
GoToHole 203,True ===>> OK
Get Checksum: 2035439760
GetDriveMoving ===>> OK
GetDriveMoving ===>> OK
GetDriveMoving ===>> OK
GetDriveMoving ===>> OK
GetDriveMoving ===>> OK
GetDriveMoving ===>> OK
GetDriveMoving ===>> False
GetDriveMoving ===>> OK
GetDriveMoving ===>> OK
GetDriveMoving ===>> OK
GetDriveMoving ===>> OK
GetDriveMoving ===>> OK
Get Checksum: 2035439760
GetDriveMoving ===>> OK
GetDriveMoving ===>> OK
GetDriveMoving ===>> OK
GetDriveMoving ===>> OK
GetDriveMoving ===>> OK
GetDriveMoving ===>> OK
GetDriveMoving ===>> OK
GetDriveMoving ===>> OK
GetDriveMoving ===>> OK
GetDriveMoving ===>> OK
GetDriveMoving ===>> OK
GetDriveMoving ===>> OK
Get Checksum: 2035439760
GetDriveMoving ===>> OK
GetDriveMoving ===>> OK
GetDriveMoving ===>> False
Block completed
GetAutoCorrecting ===>> False
GetAutoCorrecting ===>> False
Block completed
update position
GetPosition ===>> 1.99390,-11.96340,1.00000
got position (1.9939, -11.9634, 1.0)
move to position succeeded
sleep (5,) {}
SLEEP 5.0
block started
WaitControl setup for 5.0  
Get Checksum: 2035439760
Get Checksum: 2035439760
Join finished
block finished. duration 5.01008296013
close () {'description': 'Microbone to Turbo'}
closing name=--- desc=Microbone to Turbo
checking ownership. requestor=129.138.12.150
check software interlocks U
interlocks []
actuate state mode=None-script, software_lock=False
doing actuation None-script close_channel True
Close U ===>> OK
GetIndicatorState U ===>> False
change switch state (True, True)
update switch state U False args=() kw={} ncanvase=2
07:44:50 -- CLOSE  VALVE-U (Microbone to Turbo)
---------------------------------------- close None (Microbone to Turbo) result=[(True, True)]
action=close, ok=True, locked=[False]
enable laser
enable () {}
set extraction state FusionsCO2 Enabled (False, 'red', 1.5)
enabling laser
Enable ===>> OK
begin interval
BEGIN INTERVAL Interval 1 waiting for 30.0
block started
set extract to 0.3
WaitControl setup for 30.0  
extract (0.3,) {}
GetPosition ===>> 1.99390,-11.96340,1.00000
set extraction state FusionsCO2 ON! 0.3(watts) (0.75, 'red', 1.5)
extract sample to 0.3 (watts)
set laser output
SetLaserOutput 0.3,watts ===>> OK
executing pattern triangle.lp
execute_pattern ('triangle.lp',) {}
executing pattern triangle.lp
IsPatterning ===>> OK
Get Checksum: -1640178555
IsPatterning ===>> OK
IsPatterning ===>> OK
IsPatterning ===>> OK
Get Checksum: -1640178555
IsPatterning ===>> OK
IsPatterning ===>> OK
IsPatterning ===>> OK
Get Checksum: -1640178555
IsPatterning ===>> OK
IsPatterning ===>> OK
IsPatterning ===>> OK
Get Checksum: -1640178555
IsPatterning ===>> OK
IsPatterning ===>> OK
IsPatterning ===>> OK
Get Checksum: -1640178555
IsPatterning ===>> OK
IsPatterning ===>> OK
IsPatterning ===>> OK
Get Checksum: -1640178555
IsPatterning ===>> OK
IsPatterning ===>> OK
IsPatterning ===>> OK
Get Checksum: -1640178555
IsPatterning ===>> OK
IsPatterning ===>> OK
IsPatterning ===>> OK
Get Checksum: -1640178555
IsPatterning ===>> OK
IsPatterning ===>> OK
IsPatterning ===>> OK
Get Checksum: -1640178555
IsPatterning ===>> OK
IsPatterning ===>> False
IsPatterning ===>> False
Block completed
COMPLETE INTERVAL waiting for Interval 1 to complete
Get Checksum: -1640178555
Join finished
block finished. duration 30.0369880199
Interval 1 finished
end_extract () {}
ending extraction. set laser power to 0
set laser power 0
SetLaserPower 0 ===>> OK
disable () {}
%%%%%%%%%%%%%%%%%%%%%%%%%%%%%%%%%%% disable
set extraction state False (0.75, 'red', 1.5)
disabling laser
Disable ===>> OK
sleep (30.0,) {}
SLEEP 30.0
block started
WaitControl setup for 30.0  
Get Checksum: -1640178555
Get Checksum: -1640178555
Get Checksum: -1640178555
Get Checksum: -1640178555
Get Checksum: -1640178555
Get Checksum: -1640178555
Get Checksum: -1640178555
Get Checksum: -1640178555
Get Checksum: -1640178555
Join finished
block finished. duration 30.0304470062
executed 166.5
jan_co2.py completed successfully
GetAchievedOutput ===>> No Response
Requested Output= 0.000
Achieved Output=  0.000
GetResponseBlob ===>> No Response
GetOutputBlob ===>> No Response
persistence save...
persistence save - db
AutomatedRunPersister post_extraction_save deprecated
persistence save - dvc
no extraction position for 203
create new session 4984345712
close session 4984345712
Extraction Finished
07:45:51 -- ******* Extraction Finished *******
no overlap. not waiting for min ms pumptime
07:45:51 -- Sending spectrometer configuration
======== Sending configuration ========
SetDeflection CDD,50.0 ===>> OK
SetDeflection H2,0.0 ===>> OK
SetDeflection H1,0.0 ===>> OK
SetDeflection L2,825.0 ===>> OK
SetDeflection L1,400.0 ===>> OK
SetDeflection AX,190.0 ===>> OK
SetZFocus 74.64 ===>> OK
SetZSymmetry -50.72 ===>> OK
SetExtractionLens 26.13 ===>> OK
SetIonRepeller -3.81 ===>> OK
SetElectronEnergy 75.08 ===>> OK
SetYSymmetry -2.81 ===>> OK
SetIonCounterVoltage 1590.0 ===>> OK
send trap current 200.0
GetParameter Trap Current Readback ===>> 198.370811206739
SetParameter Trap Current Set,200.0 ===>> OK
updating mftable name mftable
Using mftable located at /Users/jan/PychronDev/setupfiles/spectrometer/mftables/mftable.csv
============ MFtable ===========
Isotope  H2     H1     AX     L1     L2     CDD    
Ar40     5.7809 5.8787 5.9921 6.1208 6.2306 6.3490
Ar39     5.6801 5.7710 5.8846 6.0069 6.1157 6.2355
Ar36     5.3576 5.4400 5.5479 5.6657 5.7707 5.8866
================================
get initial guess parabolic
get initial guess parabolic
get initial guess parabolic
get initial guess parabolic
get initial guess parabolic
get initial guess parabolic
======== Configuration Finished ========
GetYSymmetry ===>> -2.81
GetZSymmetry ===>> -50.72
GetParameter Trap Current Readback ===>> 198.147042666178
GetHighVoltage ===>> 4500
start measurement
do measurement
L#=65572 analysis type=unknown
Measurement Started jan_unknown120_60.py
07:45:52 -- ******* Measurement Started jan_unknown120_60.py *******
state changed from extraction to measurement
setting spec, defl, and gains
GetExtractionLens ===>> 26.13
GetYSymmetry ===>> -2.81
GetZSymmetry ===>> -50.72
GetZFocus ===>> 74.64
GetDeflection H2 ===>> 0
GetDeflection H1 ===>> 0
GetDeflection AX ===>> 190
GetDeflection L1 ===>> 400
GetDeflection L2 ===>> 825
GetDeflection CDD ===>> 50
GetGain H2 ===>> 0.0113
GetGain H1 ===>> 0.1
GetGain AX ===>> 0.097049
GetGain L1 ===>> 0.010355
GetGain L2 ===>> 0.095649
GetGain CDD ===>> 0
pre measurement save
New frame /Users/jan/PychronDev/data/isotopes/8c/dcd9d5-c8ee-4117-8357-eaae3d23e4b4.h5
flush and close file /Users/jan/PychronDev/data/isotopes/8c/dcd9d5-c8ee-4117-8357-eaae3d23e4b4.h5
testing...
no interpolation path defined
executed 226.132928
unknown measurement script
activate_detectors ('H2', 'H1', 'AX', 'L1', 'L2', 'CDD') {}
activate detectors
*************** Set Analysis View Ar/Ar
create graphs
Get Checksum: -1640178555
clearing graphs
clear isotope group
setting isotope det=H2, iso=PM41
setting isotope det=H1, iso=Ar40
setting isotope det=AX, iso=Ar39
setting isotope det=L1, iso=Ar38
setting isotope det=L2, iso=Ar37
setting isotope det=CDD, iso=Ar36
setting previous blanks
 - setting Ar40 blank 0.121+/-0.007
 - setting Ar36 blank 0.00422+/-0.00018
 - setting Ar37 blank 0.041+/-0.005
 - setting Ar38 blank 0.0075+/-0.0022
 - setting PM41 blank 0.04+/-0.07
 - setting Ar39 blank 0.042+/-0.008
load analysis view
position_magnet ('Ar40',) {'detector': 'H1'}
detector Detector(H1)
POSITION Ar40 H1
setting detector H2 to PM41 (40.9624)
setting detector H1 to Ar40 (39.9624)
setting detector AX to Ar39 (38.9624)
setting detector L1 to Ar38 (37.9624)
setting detector L2 to Ar37 (36.9624)
setting detector CDD to Ar36 (35.9624)
Mapping mass to dac mass func: "parabolic"
H1 map mass coeffs = [-0.00063987  0.15840543  0.57031999]
H1 map mass to dac 39.9624 >> 5.87871
GetDeflection H1 ===>> 0
GetHighVoltage ===>> 4500
positioning Ar40 (5.87871) on H1
setting magnet DAC
current  : 5.878710
requested: 5.878710
Delta Dac: 0.000000
Checking detector protection. dv=0.00000
Checking detector "CDD". Protection Threshold: 0.1 (V)
SetMagnetDAC 5.87871 ===>> OK
equilibrate () {'delay': 3, 'inlet': 'R', 'outlet': 'O', 'eqtime': 12.0}
Equilibration Started
07:45:52 -- ******* Equilibration Started *******
checking ownership. requestor=129.138.12.150
check software interlocks O
interlocks []
actuate state mode=None-script, software_lock=False
doing actuation None-script close_channel True
Close O ===>> OK
GetIndicatorState O ===>> False
change switch state (True, True)
update switch state O False args=() kw={} ncanvase=2
07:45:53 -- CLOSE  VALVE-O (Jan Ion Pump)
waiting 3s before opening inlet value ('R',)
Get Checksum: -423938523
checking ownership. requestor=129.138.12.150
check software interlocks R
interlocks []
actuate state mode=None-script, software_lock=False
doing actuation None-script open_channel True
Open R ===>> OK
GetIndicatorState R ===>> OK
change switch state (True, True)
update switch state R True args=() kw={} ncanvase=2
07:45:56 -- OPEN   VALVE-R (Jan Inlet)
equilibrating for 12.0sec
set_time_zero () {}
sniff (12.0,) {}
py_sniff
build tables- sniff [Detector(H2), Detector(H1), Detector(AX), Detector(L1), Detector(L2), Detector(CDD)]
add group /sniff/PM41 (Group) '' table H2
add group /sniff/Ar40 (Group) '' table H1
add group /sniff/Ar39 (Group) '' table AX
add group /sniff/Ar38 (Group) '' table L1
add group /sniff/Ar37 (Group) '' table L2
add group /sniff/Ar36 (Group) '' table CDD
flush and close file /Users/jan/PychronDev/data/isotopes/8c/dcd9d5-c8ee-4117-8357-eaae3d23e4b4.h5
measuring sniff. ncounts=12.0
starting measurement
GetData ===>> H2,-0.142937825209295,H1,6.93340703878083,AX,1.70537461178422,L1,-0.00955593573246414,L2,0.094682...
GetData ===>> H2,0.84365603991718,H1,287.262931612274,AX,64.7214157133467,L1,0.380351714747651,L2,0.68112250997...
Get Checksum: -173909521
GetData ===>> H2,0.68907728104775,H1,526.191761203238,AX,113.247168176037,L1,1.01223331080794,L2,0.601807464163...
GetData ===>> H2,0.257205015627389,H1,601.793349224595,AX,126.712264433829,L1,1.34379549895731,L2,0.59773606475...
GetData ===>> H2,0.0483876493059969,H1,627.648688768774,AX,130.894208328259,L1,1.48028469334254,L2,0.5806746631...
Get Checksum: -173909521
GetData ===>> H2,-0.0531772745567019,H1,637.684720161011,AX,132.504000755958,L1,1.57509533011663,L2,0.566028520...
GetData ===>> H2,-0.0389884717280108,H1,642.195051954172,AX,133.20011945441,L1,1.65503362480785,L2,0.5907030148...
GetData ===>> H2,-0.0874747942424782,H1,644.075146543099,AX,133.415903230063,L1,1.67635393758725,L2,0.573288429...
Get Checksum: -173909521
GetData ===>> H2,-0.0645378970216345,H1,644.58666038003,AX,133.524996195348,L1,1.69196093079659,L2,0.5603467398...
GetData ===>> H2,-0.0264065839132319,H1,644.709918393718,AX,133.659570756301,L1,1.73902161295483,L2,0.623654158...
Get Checksum: -173909521
GetData ===>> H2,-0.0580690075647285,H1,644.584394944333,AX,133.54679838993,L1,1.74394661527553,L2,0.6244205988...
Equilibration Finished
07:46:08 -- ******* Equilibration Finished *******
checking ownership. requestor=129.138.12.150
check software interlocks R
interlocks []
actuate state mode=None-script, software_lock=False
doing actuation None-script close_channel True
GetData ===>> H2,-0.0623350096278135,H1,644.40441944173,AX,133.670548926339,L1,1.74065939821035,L2,0.4934367972...
Close R ===>> OK
GetIndicatorState R ===>> False
change switch state (True, True)
update switch state R False args=() kw={} ncanvase=2
07:46:09 -- CLOSE  VALVE-R (Jan Inlet)
Post Equilibration Started jan_pump_extraction_line.py
07:46:09 -- ******* Post Equilibration Started jan_pump_extraction_line.py *******
testing...
no interpolation path defined
calculate duration
testing...
no interpolation path defined
executed 4.0
executed 4.0
Pump after analysis
doing GOSUB
testing...
no interpolation path defined
executed 4.0
Pump Microbone
close () {'description': 'Jan Inlet'}
closing name=--- desc=Jan Inlet
checking ownership. requestor=129.138.12.150
check software interlocks R
interlocks []
actuate state mode=None-script, software_lock=False
doing actuation None-script close_channel False
Close R ===>> OK
measurement finished
estimated time: 12.583 actual time: :12.661
flush and close file /Users/jan/PychronDev/data/isotopes/8c/dcd9d5-c8ee-4117-8357-eaae3d23e4b4.h5
set_fits () {}
using default fits file=/Users/jan/PychronDev/scripts/measurement/fits/nominal_linear.yaml
set "Ar40" to "('Linear', 'SEM')"
No fit for "PM41". defaulting to linear. check the measurement script "jan_unknown120_60.py"
set "PM41" to "linear"
set "Ar36" to "('Linear', 'SEM')"
set "Ar37" to "('linear', 'SEM')"
set "Ar38" to "('linear', 'SEM')"
set "Ar39" to "('Linear', 'SEM')"
set_baseline_fits () {}
using default fits file=/Users/jan/PychronDev/scripts/measurement/fits/nominal_linear.yaml
set "H1" to "('average', 'SEM')"
set "H2" to "('average', 'SEM')"
set "CDD" to "('average', 'SEM')"
set "L2" to "('average', 'SEM')"
set "L1" to "('average', 'SEM')"
set "AX" to "('average', 'SEM')"
multicollect () {'integration_time': 1, 'ncounts': 120}
build tables- signal [Detector(H2), Detector(H1), Detector(AX), Detector(L1), Detector(L2), Detector(CDD)]
add group /signal/PM41 (Group) '' table H2
GetIndicatorState R ===>> False
add group /signal/Ar40 (Group) '' table H1
change switch state (True, True)
add group /signal/Ar39 (Group) '' table AX
update switch state R False args=() kw={} ncanvase=2
add group /signal/Ar38 (Group) '' table L1
add group /signal/Ar37 (Group) '' table L2
add group /signal/Ar36 (Group) '' table CDD
flush and close file /Users/jan/PychronDev/data/isotopes/8c/dcd9d5-c8ee-4117-8357-eaae3d23e4b4.h5
measuring signal. ncounts=120
07:46:09 -- CLOSE  VALVE-R (Jan Inlet)
---------------------------------------- close None (Jan Inlet) result=[(True, True)]
action=close, ok=True, locked=[False]
is_closed ('F',) {}
is F () closed?
is closed True
open () {'description': 'CO2 Laser to Jan'}
opening name=--- desc=CO2 Laser to Jan
checking ownership. requestor=129.138.12.150
check software interlocks A
interlocks []
actuate state mode=None-script, software_lock=False
doing actuation None-script open_channel False
Open A ===>> OK
GetIndicatorState A ===>> OK
change switch state (True, True)
update switch state A True args=() kw={} ncanvase=2
07:46:10 -- OPEN   VALVE-A (CO2 Laser to Jan)
---------------------------------------- open None (CO2 Laser to Jan) result=[(True, True)], time=0.12 sec
starting measurement
GetData ===>> H2,0.0690197211373568,H1,644.680560791856,AX,133.820241653447,L1,1.74343313407227,L2,0.5599923542...
action=open, ok=True, locked=[False]
sleep (1,) {}
SLEEP 1.0
Get Checksum: -423938523
GetData ===>> H2,0.000913789892652629,H1,644.620139901881,AX,133.557084556354,L1,1.75911429432246,L2,0.47150552...
close () {'description': 'CO2 Laser to Roughing'}
closing name=--- desc=CO2 Laser to Roughing
checking ownership. requestor=129.138.12.150
check software interlocks G
interlocks []
actuate state mode=None-script, software_lock=True
VALVE-G(CO2 Laser to Roughing) software locked
change switch state (True, False)
---------------------------------------- close None (CO2 Laser to Roughing) result=[(True, False)]
action=close, ok=True, locked=[True]
open () {'description': 'Microbone to Turbo'}
opening name=--- desc=Microbone to Turbo
checking ownership. requestor=129.138.12.150
check software interlocks U
interlocks []
actuate state mode=None-script, software_lock=False
doing actuation None-script open_channel True
Open U ===>> OK
GetIndicatorState U ===>> OK
change switch state (True, True)
update switch state U True args=() kw={} ncanvase=2
07:46:11 -- OPEN   VALVE-U (Microbone to Turbo)
---------------------------------------- open None (Microbone to Turbo) result=[(True, True)], time=0.19 sec
action=open, ok=True, locked=[False]
open () {'description': 'Microbone to Getter NP-10'}
opening name=--- desc=Microbone to Getter NP-10
checking ownership. requestor=129.138.12.150
check software interlocks M
interlocks []
actuate state mode=None-script, software_lock=False
doing actuation None-script open_channel False
Open M ===>> OK
GetIndicatorState M ===>> OK
change switch state (True, True)
update switch state M True args=() kw={} ncanvase=2
07:46:11 -- OPEN   VALVE-M (Microbone to Getter NP-10)
---------------------------------------- open None (Microbone to Getter NP-10) result=[(True, True)], time=0.13 sec
action=open, ok=True, locked=[False]
open () {'description': 'Microbone to Getter D-50'}
opening name=--- desc=Microbone to Getter D-50
checking ownership. requestor=129.138.12.150
check software interlocks K
interlocks []
actuate state mode=None-script, software_lock=False
doing actuation None-script open_channel False
GetData ===>> H2,-0.141372930603464,H1,644.634035941323,AX,133.443764721287,L1,1.79520454042327,L2,0.4881819728...
Open K ===>> OK
GetIndicatorState K ===>> OK
change switch state (True, True)
update switch state K True args=() kw={} ncanvase=2
07:46:12 -- OPEN   VALVE-K (Microbone to Getter D-50)
---------------------------------------- open None (Microbone to Getter D-50) result=[(True, True)], time=0.42 sec
action=open, ok=True, locked=[False]
open () {'description': 'Microbone to CO2 Laser'}
opening name=--- desc=Microbone to CO2 Laser
checking ownership. requestor=129.138.12.150
check software interlocks T
interlocks []
actuate state mode=None-script, software_lock=False
doing actuation None-script open_channel False
Open T ===>> OK
GetIndicatorState T ===>> OK
change switch state (True, True)
update switch state T True args=() kw={} ncanvase=2
07:46:13 -- OPEN   VALVE-T (Microbone to CO2 Laser)
---------------------------------------- open None (Microbone to CO2 Laser) result=[(True, True)], time=0.41 sec
GetData ===>> H2,-0.178000949204843,H1,644.469605440815,AX,133.319095188238,L1,1.75401780087302,L2,0.6026880985...
action=open, ok=True, locked=[False]
open () {'description': 'Microbone to Inlet Pipette'}
opening name=--- desc=Microbone to Inlet Pipette
checking ownership. requestor=129.138.12.150
check software interlocks S
interlocks []
actuate state mode=None-script, software_lock=False
doing actuation None-script open_channel False
Open S ===>> OK
Get Checksum: -110011688
GetIndicatorState S ===>> OK
change switch state (True, True)
update switch state S True args=() kw={} ncanvase=2
07:46:13 -- OPEN   VALVE-S (Microbone to Inlet Pipette)
---------------------------------------- open None (Microbone to Inlet Pipette) result=[(True, True)], time=0.41 sec
action=open, ok=True, locked=[False]
sleep (1,) {}
SLEEP 1.0
GetData ===>> H2,-0.0759826477687724,H1,643.485014566988,AX,133.159158472433,L1,1.74968647258326,L2,0.648011466...
set_resource () {'name': 'CO2PumpTimeFlag', 'value': 30}
Set CO2PumpTimeFlag 30 ===>> OK
release ('JanCO2Flag',) {}
release JanCO2Flag
Set JanCO2Flag 0 ===>> OK
executed 6.0
PumpMicrobone.py completed successfully
gosub finished
get_resource_value () {'name': 'JanMiniboneFlag'}
Read JanMiniboneFlag ===>> 0
Get Resource Value JanMiniboneFlag=0.0
get resource value 0.0
get_resource_value () {'name': 'JanMiniboneFlag'}
Read JanMiniboneFlag ===>> 0
Get Resource Value JanMiniboneFlag=0.0
executed 4.0
jan_pump_extraction_line.py completed successfully
Post Equilibration Finished
07:46:15 -- ******* Post Equilibration Finished *******
GetData ===>> H2,-0.0961652448404941,H1,643.633780001092,AX,133.294171145252,L1,1.74152011612844,L2,0.518241170...
GetData ===>> H2,-0.103323121327962,H1,643.329648545007,AX,133.175858066222,L1,1.73953926220758,L2,0.4998800618...
Get Checksum: -110011688
GetData ===>> H2,-0.211454000948463,H1,643.021440636011,AX,133.198380797499,L1,1.74339794715628,L2,0.5212807473...
GetData ===>> H2,-0.162657897703154,H1,643.036619090364,AX,133.120649548939,L1,1.76320136286977,L2,0.5719164358...
GetData ===>> H2,-0.134339050475975,H1,642.328424368866,AX,133.210454099055,L1,1.73321180057897,L2,0.5372115334...
Get Checksum: -110011688
GetData ===>> H2,-0.116665542977075,H1,642.177480276743,AX,132.77715864401,L1,1.74431805705368,L2,0.47606270413...
GetData ===>> H2,-0.146896395815527,H1,642.049663441655,AX,132.794891669971,L1,1.76241927976367,L2,0.4332309456...
GetData ===>> H2,-0.253816769696505,H1,641.684015885936,AX,132.860514713995,L1,1.75183822814869,L2,0.5845852525...
Get Checksum: -110011688
GetData ===>> H2,-0.271203839916346,H1,641.365778613421,AX,132.882882901761,L1,1.73895120411762,L2,0.5657655739...
GetData ===>> H2,-0.327682857559182,H1,641.454407340684,AX,132.876792830715,L1,1.68521281878644,L2,0.5203208706...
Get Checksum: -110011688
GetData ===>> H2,-0.190400350622793,H1,641.160085180081,AX,132.86283727198,L1,1.72961561734462,L2,0.59655813590...
GetData ===>> H2,-0.13955100236841,H1,640.829309740332,AX,132.704510612868,L1,1.72922219370355,L2,0.50742060206...
GetData ===>> H2,-0.08097895197314,H1,640.391732337896,AX,132.667505102499,L1,1.70427802657324,L2,0.60151010892...
Get Checksum: -110011688
GetData ===>> H2,-0.124742213474841,H1,640.15682025506,AX,132.535432490714,L1,1.71461342446077,L2,0.50115962687...
GetData ===>> H2,-0.191724201164524,H1,639.890581503477,AX,132.47764331162,L1,1.68790506228118,L2,0.49910319135...
GetData ===>> H2,-0.189815218654414,H1,639.698667198438,AX,132.409352063211,L1,1.71832775678612,L2,0.5175784185...
Get Checksum: -110011688
GetData ===>> H2,-0.175899313443318,H1,639.690007592671,AX,132.601590867307,L1,1.71303925148685,L2,0.5539908604...
GetData ===>> H2,-0.176113949235125,H1,639.430892786579,AX,132.539956661828,L1,1.72699740187175,L2,0.5616842717...
GetData ===>> H2,-0.248862583095126,H1,639.178705271221,AX,132.278007447055,L1,1.69710738159467,L2,0.5804231102...
Get Checksum: -110011688
07:46:35 -- collecting point 25
GetData ===>> H2,-0.233933605774997,H1,638.763553885088,AX,132.437744818457,L1,1.72763952306497,L2,0.4910720905...
GetData ===>> H2,-0.109799034851845,H1,638.715905247939,AX,132.293066811415,L1,1.73088978178162,L2,0.6135994860...
GetData ===>> H2,-0.0585748822019855,H1,638.24117364122,AX,132.167791687985,L1,1.7042442030183,L2,0.53508575190...
Get Checksum: -110011688
GetData ===>> H2,-0.142437839179046,H1,637.989446429628,AX,132.301327647002,L1,1.68835231722123,L2,0.5730711954...
GetData ===>> H2,-0.165889857541542,H1,637.767618625566,AX,132.125956778368,L1,1.69168260246456,L2,0.6036373628...
GetData ===>> H2,-0.179195346757923,H1,637.44211468874,AX,132.170207065637,L1,1.6761225520076,L2,0.611048809523...
Get Checksum: -110011688
GetData ===>> H2,-0.217570331693026,H1,637.204280349737,AX,132.273293157556,L1,1.66704779036958,L2,0.5712647458...
GetData ===>> H2,-0.164996233205737,H1,637.126732862071,AX,132.130280001852,L1,1.68969289167099,L2,0.5431548285...
GetData ===>> H2,-0.211991429333636,H1,636.805951617209,AX,131.96279927603,L1,1.70256740421412,L2,0.47376695492...
Get Checksum: -110011688
GetData ===>> H2,-0.221376449437017,H1,636.633299690985,AX,131.834743351318,L1,1.67212867460479,L2,0.3949791886...
GetData ===>> H2,-0.163704267988088,H1,636.454357585705,AX,131.734744078722,L1,1.69504642857313,L2,0.4748405820...
GetData ===>> H2,-0.1394523287618,H1,636.429427050323,AX,131.546066650799,L1,1.69182696814348,L2,0.577930485012...
Get Checksum: -110011688
GetData ===>> H2,-0.190153628158766,H1,635.93289964343,AX,131.522820824988,L1,1.71014669775007,L2,0.56059824017...
GetData ===>> H2,-0.151458521553492,H1,635.564453225555,AX,131.624633290378,L1,1.72306236471242,L2,0.5383430170...
GetData ===>> H2,-0.184076895946248,H1,635.355250399564,AX,131.676465374126,L1,1.74251654688883,L2,0.6008696546...
Get Checksum: -110011688
GetData ===>> H2,-0.184505853555833,H1,635.637161929505,AX,131.524453366794,L1,1.71830821807504,L2,0.4077852007...
GetData ===>> H2,-0.200427716278378,H1,635.223998893983,AX,131.462406619533,L1,1.74824307728598,L2,0.5209836416...
Get Checksum: -110011688
GetData ===>> H2,-0.141194535125524,H1,634.798659851469,AX,131.382921500128,L1,1.70790165627126,L2,0.6066453346...
GetData ===>> H2,-0.116926694218748,H1,634.452130031258,AX,131.420657525177,L1,1.67312408287669,L2,0.6013156848...
GetData ===>> H2,-0.098357628884826,H1,634.087251417409,AX,131.516193650464,L1,1.68996466737907,L2,0.6252656772...
Get Checksum: -110011688
GetData ===>> H2,-0.176138247370324,H1,633.547066250723,AX,131.321109256922,L1,1.67720542678549,L2,0.4457655233...
GetData ===>> H2,-0.137404319728787,H1,633.629057056892,AX,131.10172504637,L1,1.6647452185341,L2,0.502987606579...
GetData ===>> H2,-0.205175376569882,H1,633.181108923698,AX,131.042492043775,L1,1.64126614913215,L2,0.5333028746...
Get Checksum: -110011688
GetData ===>> H2,-0.19157591603548,H1,633.327554136653,AX,131.10580283998,L1,1.63869750365325,L2,0.562255872232...
GetData ===>> H2,-0.258710994708587,H1,633.014089618788,AX,131.369515849342,L1,1.67271863146595,L2,0.4787925471...
07:47:01 -- collecting point 50
GetData ===>> H2,-0.163095359743776,H1,632.57594046043,AX,131.116002402203,L1,1.66431281004069,L2,0.56848653853...
Get Checksum: -110011688
GetData ===>> H2,-0.171479484491312,H1,632.564228514356,AX,131.062098092835,L1,1.68733691891734,L2,0.5165957256...
GetData ===>> H2,-0.0847772219004896,H1,632.653565243097,AX,131.180373691675,L1,1.71681035421247,L2,0.640581344...
GetData ===>> H2,-0.134470223642482,H1,632.480070373005,AX,130.879248441354,L1,1.71193915769209,L2,0.5761582450...
GetData ===>> H2,-0.0987042549635952,H1,631.735142626181,AX,130.937067510296,L1,1.63737123469886,L2,0.527623031...
GetData ===>> H2,0.0417404360159872,H1,631.902507095007,AX,130.96347059895,L1,1.68174999289882,L2,0.44032770810...
Get Checksum: -110011688
GetData ===>> H2,-0.109559383314301,H1,631.518295239731,AX,130.832437341201,L1,1.722799132341,L2,0.655453595998...
GetData ===>> H2,-0.102871064315144,H1,631.133739122671,AX,130.820819099767,L1,1.73414491668449,L2,0.5860832106...
GetData ===>> H2,-0.0302471280582563,H1,630.767064264238,AX,130.759890253663,L1,1.71219692121361,L2,0.621423508...
Get Checksum: -110011688
GetData ===>> H2,-0.213233208749104,H1,630.673570379176,AX,130.770282612395,L1,1.71877064360628,L2,0.4731958815...
GetData ===>> H2,-0.238113534680311,H1,630.274059693422,AX,130.735281026728,L1,1.66198707961724,L2,0.6159557766...
GetData ===>> H2,-0.204909872936893,H1,629.752226375572,AX,130.661281941072,L1,1.66611787202931,L2,0.5591464066...
Get Checksum: -110011688
GetData ===>> H2,-0.112801697239553,H1,629.965492551688,AX,130.481178896382,L1,1.65453628442366,L2,0.4959729241...
GetData ===>> H2,-0.0283317725612994,H1,629.432123117407,AX,130.506138320337,L1,1.63438966598983,L2,0.588781881...
Get Checksum: -110011688
GetData ===>> H2,-0.0666576631325324,H1,629.188264175133,AX,130.445161141306,L1,1.62090888488667,L2,0.483235846...
GetData ===>> H2,-0.128872336636958,H1,628.997655199524,AX,130.419320073708,L1,1.68987754237207,L2,0.5328914461...
GetData ===>> H2,-0.0431951777771682,H1,628.730701924991,AX,130.403921990523,L1,1.69323300761573,L2,0.617282645...
Get Checksum: -110011688
GetData ===>> H2,-0.15596559416176,H1,628.401482912985,AX,130.317958830665,L1,1.67668022559326,L2,0.61028247600...
GetData ===>> H2,-0.201375520320776,H1,627.791776098495,AX,130.431077831271,L1,1.66628280985951,L2,0.5244689784...
GetData ===>> H2,-0.202913679054385,H1,628.114114716641,AX,130.399370635178,L1,1.64835843061694,L2,0.5661085484...
Get Checksum: -110011688
GetData ===>> H2,-0.172056913086769,H1,627.986566043493,AX,130.192054121816,L1,1.66493610701918,L2,0.5087802474...
GetData ===>> H2,-0.2080699051784,H1,627.544212257266,AX,130.118769099768,L1,1.64241243555771,L2,0.495961500014...
GetData ===>> H2,-0.116698018069895,H1,627.459463899792,AX,129.968871032842,L1,1.66046039482529,L2,0.5318285974...
Get Checksum: -110011688
GetData ===>> H2,-0.133365346573835,H1,627.251795545605,AX,129.922904379119,L1,1.69778924714857,L2,0.5228577086...
GetData ===>> H2,-0.146329040495111,H1,626.631344704212,AX,129.886252594017,L1,1.68149898463933,L2,0.5708760206...
07:47:28 -- collecting point 75
GetData ===>> H2,-0.108235036278405,H1,626.524415003975,AX,130.027454707325,L1,1.68111142882323,L2,0.6054329848...
Get Checksum: -110011688
GetData ===>> H2,-0.134783951250371,H1,626.233621476879,AX,129.963588848795,L1,1.68110102482998,L2,0.4812597524...
GetData ===>> H2,-0.163164217971038,H1,626.06411001679,AX,129.793004749856,L1,1.67260037764362,L2,0.57979423077...
GetData ===>> H2,-0.121665613280766,H1,625.902709815214,AX,129.737221204071,L1,1.6606578773282,L2,0.54059459474...
Get Checksum: -110011688
GetData ===>> H2,-0.0711929712153904,H1,625.694096864258,AX,129.723225154968,L1,1.65156180577249,L2,0.556094198...
GetData ===>> H2,-0.0665694888131768,H1,625.687452692718,AX,129.473132579001,L1,1.63257102458366,L2,0.488547516...
GetData ===>> H2,-0.0778854861634928,H1,624.931273186779,AX,129.465523849995,L1,1.63610740658203,L2,0.476371092...
Get Checksum: -110011688
GetData ===>> H2,-0.164946285354949,H1,624.817767454196,AX,129.662170885881,L1,1.65635175154022,L2,0.6372894126...
GetData ===>> H2,-0.185775095178321,H1,624.833501788401,AX,129.596776191814,L1,1.65766094554003,L2,0.5374515439...
GetData ===>> H2,-0.154107796192606,H1,624.784383151468,AX,129.696222379252,L1,1.67155304261316,L2,0.5449721788...
Get Checksum: -110011688
GetData ===>> H2,-0.0849397443755647,H1,624.242046258293,AX,129.452103231728,L1,1.68068097188892,L2,0.486617004...
GetData ===>> H2,-0.0136202993234804,H1,624.053988278649,AX,129.364659751106,L1,1.68480728485863,L2,0.490615149...
Get Checksum: -110011688
GetData ===>> H2,-0.157197652952489,H1,624.26106168314,AX,129.543636521474,L1,1.64100263714554,L2,0.51260792396...
GetData ===>> H2,-0.237100645964733,H1,623.848641945525,AX,129.305311537388,L1,1.65374811782346,L2,0.5403202880...
GetData ===>> H2,-0.183773378384842,H1,622.976392088776,AX,129.34610385834,L1,1.64768490714428,L2,0.54088033174...
Get Checksum: -110011688
GetData ===>> H2,-0.229058880494728,H1,622.647461016797,AX,129.238546889292,L1,1.66521530367951,L2,0.5966610611...
GetData ===>> H2,-0.172291653679401,H1,623.070208243072,AX,129.19102237872,L1,1.71496370553592,L2,0.54390919621...
GetData ===>> H2,-0.185881645651587,H1,622.650942530226,AX,129.083053452503,L1,1.68559237060216,L2,0.5233833681...
Get Checksum: -110011688
GetData ===>> H2,-0.31257301364162,H1,622.433630430578,AX,129.243199713115,L1,1.68967338649765,L2,0.53256001895...
GetData ===>> H2,-0.0972824791823092,H1,622.191231959159,AX,129.070180050048,L1,1.65540372311282,L2,0.508814524...
GetData ===>> H2,-0.029698364061368,H1,621.746201976235,AX,128.778766079006,L1,1.65211872842575,L2,0.5138191012...
Get Checksum: -110011688
GetData ===>> H2,-0.135024650171799,H1,621.930833297228,AX,128.91159776775,L1,1.65633097195098,L2,0.56671447299...
GetData ===>> H2,-0.14952072022582,H1,621.684534995822,AX,129.042143925726,L1,1.66794661363336,L2,0.52795444186...
GetData ===>> H2,-0.176605301392597,H1,621.396125214978,AX,129.033249790148,L1,1.67754604107543,L2,0.4950818448...
Get Checksum: -110011688
GetData ===>> H2,-0.216280512253541,H1,621.135167845596,AX,128.899742165693,L1,1.62041349764126,L2,0.5674575932...
07:47:54 -- collecting point 100
GetData ===>> H2,-0.101713770540512,H1,621.100894554697,AX,128.693318240429,L1,1.67394802737074,L2,0.5977818098...
GetData ===>> H2,-0.16432934374522,H1,620.791738472653,AX,128.498276538806,L1,1.64834545289263,L2,0.52502892958...
Get Checksum: -110011688
GetData ===>> H2,-0.229033303501381,H1,620.331747057785,AX,128.489435554216,L1,1.59469431696097,L2,0.4924543516...
GetData ===>> H2,-0.23759028744307,H1,620.246119961638,AX,128.390561208735,L1,1.63691836771892,L2,0.53341716069...
GetData ===>> H2,-0.155015790767883,H1,620.252867764792,AX,128.622636115456,L1,1.64515859188312,L2,0.5261259862...
Get Checksum: -110011688
GetData ===>> H2,-0.105361214905707,H1,619.576634470494,AX,128.560169444442,L1,1.67432363155561,L2,0.4710715185...
GetData ===>> H2,-0.118869579122613,H1,619.332753566041,AX,128.523659870007,L1,1.65148781119861,L2,0.5110082793...
GetData ===>> H2,-0.124690830956293,H1,619.584817211906,AX,128.656952011778,L1,1.63133369191125,L2,0.5434634327...
Get Checksum: -110011688
GetData ===>> H2,-0.110837466419825,H1,619.089246077725,AX,128.55429577582,L1,1.63149840208738,L2,0.57006427604...
GetData ===>> H2,-0.11912932683826,H1,618.45081249794,AX,128.265233120651,L1,1.67275501751538,L2,0.572362331453...
Get Checksum: -110011688
GetData ===>> H2,-0.127911253940548,H1,618.241590937633,AX,128.362402239624,L1,1.6636049491705,L2,0.52949722841...
GetData ===>> H2,-0.198268907412779,H1,617.964637634656,AX,128.108825487286,L1,1.64534412052742,L2,0.5745003727...
GetData ===>> H2,-0.2694931785363,H1,617.718449749904,AX,128.16211187172,L1,1.63782022743265,L2,0.6286714873797...
Get Checksum: -110011688
GetData ===>> H2,-0.0607337512759646,H1,617.393322892506,AX,128.134548170249,L1,1.63694172429448,L2,0.532982874...
GetData ===>> H2,-0.0394363562540036,H1,617.528625489932,AX,127.978524321952,L1,1.62464576507445,L2,0.570098574...
GetData ===>> H2,-0.122652920904062,H1,616.664348522431,AX,128.005456652657,L1,1.59385913389276,L2,0.5789824106...
Get Checksum: -110011688
GetData ===>> H2,-0.149612553827153,H1,616.632606649352,AX,128.003841739529,L1,1.65456095612698,L2,0.5697898850...
GetData ===>> H2,-0.134700111101102,H1,616.612890930365,AX,127.943121500607,L1,1.70154417424778,L2,0.4860001629...
GetData ===>> H2,-0.208947011297149,H1,616.298330044203,AX,127.966799301546,L1,1.66611397589025,L2,0.4846865317...
Get Checksum: -110011688
GetData ===>> H2,-0.224031215540817,H1,616.287185945492,AX,127.914376929307,L1,1.6552933416013,L2,0.57175637120...
GetData ===>> H2,-0.30324684686403,H1,615.840808715226,AX,127.790017163604,L1,1.66593215761627,L2,0.54789829949...
measurement finished
estimated time: 125.829 actual time: :126.093
flush and close file /Users/jan/PychronDev/data/isotopes/8c/dcd9d5-c8ee-4117-8357-eaae3d23e4b4.h5
baselines () {'settling_time': 15.0, 'detector': 'H1', 'mass': 34.2, 'ncounts': 60}
%%%%%%%%%%%%%%%%%%%%%%%%%%%%%%%% Baseline
build tables- baseline [Detector(H2), Detector(H1), Detector(AX), Detector(L1), Detector(L2), Detector(CDD)]
add group baseline table H2
add group baseline table H1
add group baseline table AX
add group baseline table L1
add group baseline table L2
add group baseline table CDD
flush and close file /Users/jan/PychronDev/data/isotopes/8c/dcd9d5-c8ee-4117-8357-eaae3d23e4b4.h5
detector Detector(H1)
POSITION 34.2 H1
Mapping mass to dac mass func: "parabolic"
H1 map mass coeffs = [-0.00063987  0.15840543  0.57031999]
H1 map mass to dac 34.2 >> 5.23936599104
GetDeflection H1 ===>> 0
GetHighVoltage ===>> 4500
positioning 34.2 (5.23936599104) on H1
setting magnet DAC
current  : 5.878710
requested: 5.239366
Delta Dac: 0.639344
Checking detector protection. dv=0.63934
Checking detector "CDD". Protection Threshold: 0.1 (V)
ProtectDetector CDD,On ===>> OK
GetDeflection CDD ===>> 2000
SetMagnetDAC 5.23936599104 ===>> OK
Magnet settling time: 0.500
Get Checksum: -110011688
GetMagnetMoving ===>> True
GetMagnetMoving ===>> True
GetMagnetMoving ===>> True
GetMagnetMoving ===>> True
GetMagnetMoving ===>> True
GetMagnetMoving ===>> True
GetMagnetMoving ===>> True
GetMagnetMoving ===>> True
GetMagnetMoving ===>> False
ProtectDetector CDD,Off ===>> OK
GetDeflection CDD ===>> 50
Delaying 15.0s for detectors to settle
Get Checksum: -110011688
Get Checksum: -110011688
Get Checksum: -110011688
Get Checksum: -110011688
Get Checksum: -110011688
Join finished
measuring baseline. ncounts=60
starting measurement
GetData ===>> H2,-0.269104783290194,H1,-0.0611894392467558,AX,-0.10283256996954,L1,-0.0619849714081187,L2,-0.10...
Get Checksum: -110011688
GetData ===>> H2,-0.306724598711219,H1,-0.0713458651990571,AX,-0.0921241805879627,L1,-0.0448810071040178,L2,-0....
GetData ===>> H2,-0.206498758572566,H1,-0.0216983270098002,AX,-0.102276319024174,L1,-0.0456136450767535,L2,-0.0...
GetData ===>> H2,-0.159800477154042,H1,-0.0121093655044423,AX,-0.106865294212711,L1,-0.0492664606469594,L2,-0.0...
Get Checksum: -110011688
GetData ===>> H2,-0.255572536460756,H1,-0.0610702262487049,AX,-0.0553311877849488,L1,-0.0351685081142242,L2,-0....
GetData ===>> H2,-0.268440851792812,H1,-0.046036329016652,AX,-0.118695971713349,L1,-0.0307929198497266,L2,-0.08...
GetData ===>> H2,-0.150276974783668,H1,0.065363527230944,AX,-0.0196261367901057,L1,-0.0246266367368788,L2,-0.08...
Get Checksum: -110011688
GetData ===>> H2,-0.134026662911341,H1,-0.0735510562179574,AX,-0.0796179785684579,L1,-0.0304036704861133,L2,0.0...
GetData ===>> H2,-0.167614812121632,H1,-0.0878895724199634,AX,-0.0556326361811127,L1,-0.0490319160651951,L2,-0....
GetData ===>> H2,-0.2321519236004,H1,0.0844906841390049,AX,-0.0804641393219648,L1,-0.0663074784263822,L2,-0.071...
Get Checksum: -110011688
GetData ===>> H2,-0.282695011172306,H1,0.0458971939947485,AX,-0.0518064910923083,L1,-0.0532217804667202,L2,0.03...
GetData ===>> H2,-0.340761673463176,H1,-0.0207800209699681,AX,-0.10592665780629,L1,-0.0531320672451975,L2,-0.05...
GetData ===>> H2,-0.242514712344779,H1,0.0887368910390542,AX,-0.0952533772911797,L1,-0.0480769280154634,L2,-0.0...
GetData ===>> H2,-0.229983651833543,H1,0.00374305923116505,AX,-0.0489889608060318,L1,-0.0207574517565639,L2,0.0...
GetData ===>> H2,-0.298162843568136,H1,-0.0600211457417952,AX,-0.128578872527671,L1,-0.0141327588350064,L2,-0.1...
Get Checksum: -110011688
GetData ===>> H2,-0.295019973946924,H1,-0.0311551964457422,AX,-0.0428434471398664,L1,-0.0362349581328104,L2,-0....
GetData ===>> H2,-0.175463279780811,H1,-0.0993898896665567,AX,-0.110028779849727,L1,-0.0289854776576311,L2,-0.0...
GetData ===>> H2,-0.117607282960701,H1,-0.028424363740309,AX,-0.0763607705488633,L1,0.0241710610349105,L2,-0.01...
Get Checksum: -110011688
GetData ===>> H2,-0.191174188378679,H1,-0.0238330578428812,AX,-0.107131818948877,L1,0.00406696639513199,L2,-0.0...
GetData ===>> H2,-0.151828489169253,H1,-0.0114295161960374,AX,-0.0478758399415709,L1,-0.0414505452604262,L2,0.0...
GetData ===>> H2,-0.224128181492626,H1,-0.0506743066523317,AX,-0.089458489197615,L1,-0.0388670476587455,L2,-0.0...
Get Checksum: -110011688
GetData ===>> H2,-0.318985469064201,H1,-0.0156993703667617,AX,-0.0783661108063964,L1,-0.0330143470264954,L2,0.0...
GetData ===>> H2,-0.218102591604775,H1,0.00133342429784484,AX,-0.146037974251476,L1,-0.0462432879682202,L2,-0.0...
Get Checksum: -110011688
GetData ===>> H2,-0.200191764093769,H1,0.0304915163950039,AX,-0.126389195627422,L1,-0.0275622925819137,L2,-0.06...
07:48:59 -- collecting point 25
GetData ===>> H2,-0.236558518137821,H1,0.0221870376752033,AX,-0.0745640433074639,L1,-0.0182323297718367,L2,-0.0...
GetData ===>> H2,-0.270490311999793,H1,-0.0328485137976341,AX,-0.0757464094829347,L1,-0.0346508196760622,L2,-0....
Get Checksum: -110011688
GetData ===>> H2,-0.253812736227146,H1,-0.0439378417731671,AX,-0.122681693789673,L1,0.00260948907664267,L2,-0.0...
GetData ===>> H2,-0.180532652589758,H1,-0.0488024495170823,AX,-0.143023382575264,L1,-0.0197863259968902,L2,0.00...
GetData ===>> H2,-0.299622597464378,H1,-0.0255861267692613,AX,-0.0685940338940903,L1,-0.0384837183750301,L2,0.0...
Get Checksum: -110011688
GetData ===>> H2,-0.229190803014586,H1,-0.0016367884511979,AX,-0.112635970905311,L1,-0.0231213314809456,L2,-0.0...
GetData ===>> H2,-0.260084608235304,H1,0.0314222336613714,AX,0.0389868327663724,L1,-0.0493227026663289,L2,0.011...
GetData ===>> H2,-0.189921731103534,H1,-0.0297361267411088,AX,-0.0381238930076915,L1,-0.0310995179699613,L2,-0....
Get Checksum: -110011688
GetData ===>> H2,-0.192869975287922,H1,0.0315892863942625,AX,-0.0545775627090248,L1,-0.0564098497767642,L2,-0.0...
GetData ===>> H2,-0.306292454880067,H1,-0.00511981723161343,AX,-0.13131300305734,L1,-0.0317318470679273,L2,0.09...
GetData ===>> H2,-0.211561758060534,H1,-0.0424712592255403,AX,-0.103365640807867,L1,-0.0124343745968999,L2,-0.0...
Get Checksum: -110011688
GetData ===>> H2,-0.153838896935928,H1,-0.0499231834727219,AX,-0.0836284835002851,L1,-0.000951678859683305,L2,-...
GetData ===>> H2,-0.144855134859258,H1,-0.0107377349668923,AX,-0.136808391035644,L1,0.0101562555179697,L2,-0.00...
GetData ===>> H2,-0.184771583292812,H1,0.0391069478858476,AX,-0.0144298963073068,L1,-0.00763971707321297,L2,0.0...
Get Checksum: -110011688
GetData ===>> H2,-0.125139744046615,H1,-0.0310120978918914,AX,-0.0951954301186945,L1,0.000386462035215481,L2,0....
GetData ===>> H2,-0.258916610540281,H1,-0.0154727625714777,AX,-0.0742510616208047,L1,-0.0283062553600229,L2,-0....
GetData ===>> H2,-0.231975624058913,H1,-0.013051605156744,AX,-0.181533560509766,L1,-0.00399813634763915,L2,-0.0...
Get Checksum: -110011688
GetData ===>> H2,-0.145446881677695,H1,0.0243227501669054,AX,-0.110596574075413,L1,-0.0555970762346947,L2,-0.09...
GetData ===>> H2,-0.230542247048287,H1,0.0399303451099399,AX,-0.00945377207171741,L1,-0.0380093281454474,L2,-0....
GetData ===>> H2,-0.23832874501709,H1,0.0678701970951991,AX,-0.0804525481284492,L1,-0.0401990032553763,L2,0.008...
Get Checksum: -110011688
GetData ===>> H2,-0.178620432136211,H1,-0.010916644363834,AX,0.0923351278123748,L1,-0.0174060720079338,L2,-0.02...
GetData ===>> H2,-0.24028982581333,H1,0.0176532739131876,AX,-0.104095711347,L1,0.0126769784180701,L2,0.00582437...
Get Checksum: -110011688
GetData ===>> H2,-0.25661430567851,H1,-0.0329200617873003,AX,-0.148913343867706,L1,-0.0240489904978687,L2,0.060...
GetData ===>> H2,-0.115373229523576,H1,-0.0638716941576909,AX,-0.0369990514913894,L1,-0.0203042714014183,L2,-0....
GetData ===>> H2,-0.210962346093348,H1,0.0360282182622963,AX,-0.0686288117086257,L1,-0.0518855686420987,L2,-0.1...
Get Checksum: -110011688
07:49:26 -- collecting point 50
GetData ===>> H2,-0.196344375104902,H1,-0.0100101667916295,AX,-0.122067625157989,L1,-0.010916733084813,L2,0.063...
GetData ===>> H2,-0.305403958006436,H1,-0.0227001058079822,AX,-0.0310963194959747,L1,0.0126493670848396,L2,-0.0...
GetData ===>> H2,-0.286774833537698,H1,-0.0331704793482988,AX,-0.0968295271463067,L1,-0.00916984342105582,L2,-0...
Get Checksum: -110011688
GetData ===>> H2,-0.18257811456115,H1,0.0653873999813428,AX,-0.0613483848210483,L1,-0.0224572956164795,L2,-0.04...
GetData ===>> H2,-0.252044593350253,H1,-0.0728001047331837,AX,-0.0864913728929292,L1,-0.0440118280729059,L2,0.0...
GetData ===>> H2,-0.312055244937275,H1,-0.0966728355267009,AX,-0.0289276423729346,L1,-0.056788084252785,L2,-0.0...
Get Checksum: -110011688
GetData ===>> H2,-0.178060334658188,H1,-0.0364973960574887,AX,-0.0469250391207075,L1,0.00589406778401891,L2,-0....
GetData ===>> H2,-0.0394187126512624,H1,-0.0292591240027783,AX,-0.15759690788295,L1,-0.0166601032349047,L2,-0.1...
GetData ===>> H2,-0.257142546741025,H1,0.0175458977868416,AX,-0.090756574128223,L1,0.00362994117251853,L2,-0.00...
Get Checksum: -110011688
GetData ===>> H2,-0.285497445080434,H1,-0.0215432889189458,AX,-0.106401771193203,L1,-0.00241562932269694,L2,0.0...
GetData ===>> H2,-0.286382632926192,H1,-0.0496370398261224,AX,-0.0900264034857841,L1,-0.0386574162681185,L2,-0....
measurement finished
estimated time: 62.915 actual time: :63.111
flush and close file /Users/jan/PychronDev/data/isotopes/8c/dcd9d5-c8ee-4117-8357-eaae3d23e4b4.h5
activate_detectors ('H1', 'AX', 'CDD') {'peak_center': True}
peak_center () {'detector': 'H1', 'integration_time': 0.262144, 'isotope': 'Ar40'}
peak center: mean=616.894120657 threshold=3
peak center started
setup peak center. detector=['H1', 'AX', 'CDD'], isotope=Ar40
VersionedUnpickler [<apptools.sweet_pickle.versioned_unpickler.VersionedUnpickler object at 0x15942bf50>] using Updater [<apptools.sweet_pickle.updater.Updater object at 0x1356d5710>]
VersionedUnpickler [<apptools.sweet_pickle.versioned_unpickler.VersionedUnpickler object at 0x15942bf50>] using Updater [<apptools.sweet_pickle.updater.Updater object at 0x1356d5710>]
VersionedUnpickler [<apptools.sweet_pickle.versioned_unpickler.VersionedUnpickler object at 0x15942bf50>] using Updater [<apptools.sweet_pickle.updater.Updater object at 0x1356d5710>]
setting integration time = 0.524288
SetIntegrationTime 0.524288 ===>> OK
Mapping mass to dac mass func: "parabolic"
H1 map mass coeffs = [-0.00063987  0.15840543  0.57031999]
H1 map mass to dac 39.9624 >> 5.87871
GetDeflection H1 ===>> 0
GetHighVoltage ===>> 4500
do peak center. <pychron.spectrometer.jobs.peak_center.PeakCenter object at 0x1356efa10>
doing pc
starting peak center. center dac= 5.87871 step_width=0.001
width = 0.001
get scan parameters. half-width=0.015,window=0.015, i=0, scalar=1
Scan parameters center=5.87871 width=0.03000 (5.86371 - 5.89371)
GetData ===>> H2,-0.161142852342315,H1,0.055731336910836,AX,-0.0403967289736989,L1,-0.0180368641786012,L2,-0.13...
Moving to starting dac 5.86371
setting magnet DAC
current  : 5.239366
requested: 5.863710
Delta Dac: 0.624344
Checking detector protection. dv=0.62434
Checking detector "CDD". Protection Threshold: 0.1 (V)
ProtectDetector CDD,On ===>> OK
GetDeflection CDD ===>> 2000
SetMagnetDAC 5.86371 ===>> OK
Magnet settling time: 0.500
Get Checksum: -110011688
GetMagnetMoving ===>> True
GetMagnetMoving ===>> True
GetMagnetMoving ===>> True
GetMagnetMoving ===>> True
GetMagnetMoving ===>> True
GetMagnetMoving ===>> True
GetMagnetMoving ===>> True
GetMagnetMoving ===>> True
GetMagnetMoving ===>> False
ProtectDetector CDD,Off ===>> OK
GetDeflection CDD ===>> 50
Wait until signal near baseline. tol= 0.0417985026831. timeout= 10
GetData ===>> H2,3.0219573966189,H1,1.29646357518147,AX,-0.00780660730927887,L1,0.0144462419410079,L2,0.0186761...
GetData ===>> H2,33.3788196361374,H1,17.9680699873252,AX,1.50696145889992,L1,0.0171095511616447,L2,-0.132201729...
Get Checksum: -110011688
GetData ===>> H2,34.1050976462213,H1,19.3894730007524,AX,2.76848856412518,L1,0.00755609693010768,L2,-0.01924173...
GetData ===>> H2,17.8569919668615,H1,9.27398464032014,AX,1.32921476841156,L1,0.0135394378120709,L2,-0.006513019...
GetData ===>> H2,7.26743836020917,H1,4.71647178018328,AX,0.515869263207152,L1,-0.00423926986342052,L2,-0.009108...
GetData ===>> H2,2.44719466720009,H1,2.42811907925138,AX,0.226225954336203,L1,0.00340783397259647,L2,0.02974690...
GetData ===>> H2,0.710551437894482,H1,1.4474386081943,AX,0.30378283302753,L1,0.00228416667322068,L2,0.067046110...
GetData ===>> H2,0.249196761289005,H1,0.884638352324685,AX,0.140822280387465,L1,-0.0050837914685596,L2,-0.01746...
Get Checksum: -110011688
GetData ===>> H2,0.0855944545640585,H1,0.630617523185895,AX,0.0205475552813326,L1,-0.0216887111506699,L2,-0.079...
GetData ===>> H2,0.00991547298661553,H1,0.452931110508792,AX,0.132589805825408,L1,-0.0288213429321509,L2,-0.082...
GetData ===>> H2,0.0520180048148687,H1,0.41837467412329,AX,-0.0100105538567973,L1,-0.0297236350649301,L2,-0.028...
GetData ===>> H2,0.065184908024109,H1,0.406491393418995,AX,0.151467553593004,L1,0.00633108945909953,L2,0.114391...
GetData ===>> H2,-0.0686108882286467,H1,0.412564362999102,AX,0.0549836626926659,L1,0.0375179991613049,L2,-0.067...
GetData ===>> H2,-0.0228923103002351,H1,0.442288962325832,AX,0.0947293823902327,L1,0.0419120802178713,L2,0.0691...
Get Checksum: -110011688
GetData ===>> H2,-0.0151774282740044,H1,0.404052745327,AX,-0.0563746590241642,L1,0.0268762391743008,L2,0.027104...
GetData ===>> H2,-0.0153213249399293,H1,0.385191088020975,AX,-0.0781922390100641,L1,-0.0267651547040899,L2,-0.0...
GetData ===>> H2,0.0632925309177782,H1,0.447598707663555,AX,-0.132656869555095,L1,-0.0384262177215072,L2,-0.101...
GetData ===>> H2,0.0482350469845475,H1,0.410436390866687,AX,-0.126030037568141,L1,0.00480779147424219,L2,-0.050...
GetData ===>> H2,0.0482350469845475,H1,0.410436390866687,AX,-0.126030037568141,L1,0.00480779147424219,L2,-0.050...
GetData ===>> H2,0.0388157967972053,H1,0.38667311772731,AX,-0.0218414139004647,L1,0.0123232968932512,L2,-0.0470...
Get Checksum: -110011688
GetData ===>> H2,0.0268364010343799,H1,0.410723305824479,AX,-0.0595513803568173,L1,0.0343324650320178,L2,0.2650...
Peak center failed to move to a baseline position
_do_sweep sm= 5.86371, em= 5.89371, stm= 0.001
calculated step values: start=5.86371, end=5.89371, width=0.001, nsteps=31.0
setting magnet DAC
current  : 5.863710
requested: 5.863710
Delta Dac: 0.000000
Checking detector protection. dv=0.00000
Checking detector "CDD". Protection Threshold: 0.1 (V)
SetMagnetDAC 5.86371 ===>> OK
GetData ===>> H2,-0.0152018636848591,H1,0.367886426527808,AX,-0.0281970076466473,L1,0.0154850887493346,L2,0.092...
setting magnet DAC
current  : 5.863710
requested: 5.864744
Delta Dac: 0.001034
Checking detector protection. dv=0.00103
Checking detector "CDD". Protection Threshold: 0.1 (V)
SetMagnetDAC 5.86474448276 ===>> OK
Magnet settling time: 1.049
GetData ===>> H2,-0.117826469854677,H1,0.902062153106065,AX,0.115755981765799,L1,-0.018627239569075,L2,0.061781...
setting magnet DAC
current  : 5.864744
requested: 5.865779
Delta Dac: 0.001034
Checking detector protection. dv=0.00103
Checking detector "CDD". Protection Threshold: 0.1 (V)
SetMagnetDAC 5.86577896552 ===>> OK
Magnet settling time: 1.049
GetData ===>> H2,0.0135214006701658,H1,3.16027626912441,AX,0.410442984320019,L1,-0.036816065856427,L2,-0.076238...
setting magnet DAC
current  : 5.865779
requested: 5.866813
Delta Dac: 0.001034
Checking detector protection. dv=0.00103
Checking detector "CDD". Protection Threshold: 0.1 (V)
SetMagnetDAC 5.86681344828 ===>> OK
Magnet settling time: 1.049
Get Checksum: -110011688
GetData ===>> H2,-0.0897385276580669,H1,11.928807315778,AX,1.38403702551844,L1,-0.0447229801451922,L2,-0.118255...
setting magnet DAC
current  : 5.866813
requested: 5.867848
Delta Dac: 0.001034
Checking detector protection. dv=0.00103
Checking detector "CDD". Protection Threshold: 0.1 (V)
SetMagnetDAC 5.86784793103 ===>> OK
Magnet settling time: 1.049
GetData ===>> H2,-0.0812255258286398,H1,42.3184453795482,AX,5.50172697171631,L1,0.00351108319686353,L2,-0.08056...
setting magnet DAC
current  : 5.867848
requested: 5.868882
Delta Dac: 0.001034
Checking detector protection. dv=0.00103
Checking detector "CDD". Protection Threshold: 0.1 (V)
SetMagnetDAC 5.86888241379 ===>> OK
Magnet settling time: 1.049
GetData ===>> H2,-0.259056373411037,H1,120.982462607884,AX,17.233008641565,L1,0.0516074515619356,L2,-0.00366647...
setting magnet DAC
current  : 5.868882
requested: 5.869917
Delta Dac: 0.001034
Checking detector protection. dv=0.00103
Checking detector "CDD". Protection Threshold: 0.1 (V)
SetMagnetDAC 5.86991689655 ===>> OK
Magnet settling time: 1.049
Get Checksum: -110011688
GetData ===>> H2,-0.216975230946352,H1,256.406253517319,AX,41.1700851325845,L1,0.238740416625998,L2,-0.02857656...
setting magnet DAC
current  : 5.869917
requested: 5.870951
Delta Dac: 0.001034
Checking detector protection. dv=0.00103
Checking detector "CDD". Protection Threshold: 0.1 (V)
SetMagnetDAC 5.87095137931 ===>> OK
Magnet settling time: 1.049
GetData ===>> H2,-0.16746365289225,H1,404.397083486608,AX,71.4560227952988,L1,0.51809089843118,L2,0.05480891169...
setting magnet DAC
current  : 5.870951
requested: 5.871986
Delta Dac: 0.001034
Checking detector protection. dv=0.00103
Checking detector "CDD". Protection Threshold: 0.1 (V)
SetMagnetDAC 5.87198586207 ===>> OK
Magnet settling time: 1.049
Get Checksum: -110011688
GetData ===>> H2,-0.0570351271665076,H1,510.840668240903,AX,97.2403859865852,L1,0.862343072023172,L2,0.17766206...
setting magnet DAC
current  : 5.871986
requested: 5.873020
Delta Dac: 0.001034
Checking detector protection. dv=0.00103
Checking detector "CDD". Protection Threshold: 0.1 (V)
SetMagnetDAC 5.87302034483 ===>> OK
Magnet settling time: 1.049
GetData ===>> H2,-0.0142977186155185,H1,564.007517233637,AX,112.56719145724,L1,1.12787340153101,L2,0.3233610467...
setting magnet DAC
current  : 5.873020
requested: 5.874055
Delta Dac: 0.001034
Checking detector protection. dv=0.00103
Checking detector "CDD". Protection Threshold: 0.1 (V)
SetMagnetDAC 5.87405482759 ===>> OK
Magnet settling time: 1.049
GetData ===>> H2,-0.167765969334207,H1,582.752571160659,AX,119.362641512403,L1,1.29525574502809,L2,0.4381042400...
setting magnet DAC
current  : 5.874055
requested: 5.875089
Delta Dac: 0.001034
Checking detector protection. dv=0.00103
Checking detector "CDD". Protection Threshold: 0.1 (V)
SetMagnetDAC 5.87508931034 ===>> OK
Magnet settling time: 1.049
Get Checksum: -110011688
GetData ===>> H2,-0.224538976983867,H1,587.913354713833,AX,121.18778709808,L1,1.37312455665053,L2,0.42059177280...
setting magnet DAC
current  : 5.875089
requested: 5.876124
Delta Dac: 0.001034
Checking detector protection. dv=0.00103
Checking detector "CDD". Protection Threshold: 0.1 (V)
SetMagnetDAC 5.8761237931 ===>> OK
Magnet settling time: 1.049
GetData ===>> H2,-0.16476404132936,H1,589.326191315641,AX,121.821181073932,L1,1.47267771715778,L2,0.64918760628...
setting magnet DAC
current  : 5.876124
requested: 5.877158
Delta Dac: 0.001034
Checking detector protection. dv=0.00103
Checking detector "CDD". Protection Threshold: 0.1 (V)
SetMagnetDAC 5.87715827586 ===>> OK
Magnet settling time: 1.049
GetData ===>> H2,-0.159003619896016,H1,589.586828345425,AX,121.820162466864,L1,1.5629370281689,L2,0.53984025317...
setting magnet DAC
current  : 5.877158
requested: 5.878193
Delta Dac: 0.001034
Checking detector protection. dv=0.00103
Checking detector "CDD". Protection Threshold: 0.1 (V)
SetMagnetDAC 5.87819275862 ===>> OK
Magnet settling time: 1.049
Get Checksum: -110011688
GetData ===>> H2,-0.141233441088927,H1,589.806852002935,AX,122.084654936136,L1,1.58522100292438,L2,0.5623587606...
setting magnet DAC
current  : 5.878193
requested: 5.879227
Delta Dac: 0.001034
Checking detector protection. dv=0.00103
Checking detector "CDD". Protection Threshold: 0.1 (V)
SetMagnetDAC 5.87922724138 ===>> OK
Magnet settling time: 1.049
GetData ===>> H2,-0.108051141705292,H1,589.262111003092,AX,122.12334828715,L1,1.61620750539957,L2,0.56933256846...
setting magnet DAC
current  : 5.879227
requested: 5.880262
Delta Dac: 0.001034
Checking detector protection. dv=0.00103
Checking detector "CDD". Protection Threshold: 0.1 (V)
SetMagnetDAC 5.88026172414 ===>> OK
Magnet settling time: 1.049
GetData ===>> H2,-0.126268709036405,H1,589.001970048755,AX,121.924772364762,L1,1.55850017800499,L2,0.5711847140...
setting magnet DAC
current  : 5.880262
requested: 5.881296
Delta Dac: 0.001034
Checking detector protection. dv=0.00103
Checking detector "CDD". Protection Threshold: 0.1 (V)
SetMagnetDAC 5.8812962069 ===>> OK
Magnet settling time: 1.049
Get Checksum: -110011688
GetData ===>> H2,-0.102040369839453,H1,588.442010560433,AX,121.732963832187,L1,1.55615715763083,L2,0.4228976644...
setting magnet DAC
current  : 5.881296
requested: 5.882331
Delta Dac: 0.001034
Checking detector protection. dv=0.00103
Checking detector "CDD". Protection Threshold: 0.1 (V)
SetMagnetDAC 5.88233068966 ===>> OK
Magnet settling time: 1.049
GetData ===>> H2,-0.196139360079418,H1,588.087053567385,AX,121.501810920716,L1,1.57082033451607,L2,0.3465815745...
setting magnet DAC
current  : 5.882331
requested: 5.883365
Delta Dac: 0.001034
Checking detector protection. dv=0.00103
Checking detector "CDD". Protection Threshold: 0.1 (V)
SetMagnetDAC 5.88336517241 ===>> OK
Magnet settling time: 1.049
Get Checksum: -110011688
GetData ===>> H2,-0.196738209336877,H1,585.294846262501,AX,120.374767503718,L1,1.55252867065125,L2,0.4090631463...
setting magnet DAC
current  : 5.883365
requested: 5.884400
Delta Dac: 0.001034
Checking detector protection. dv=0.00103
Checking detector "CDD". Protection Threshold: 0.1 (V)
SetMagnetDAC 5.88439965517 ===>> OK
Magnet settling time: 1.049
GetData ===>> H2,-0.232027749025526,H1,575.2620427565,AX,116.459235932934,L1,1.54763665459914,L2,0.514881750430...
setting magnet DAC
current  : 5.884400
requested: 5.885434
Delta Dac: 0.001034
Checking detector protection. dv=0.00103
Checking detector "CDD". Protection Threshold: 0.1 (V)
SetMagnetDAC 5.88543413793 ===>> OK
Magnet settling time: 1.049
GetData ===>> H2,-0.205366750957832,H1,541.582294047555,AX,104.95862557464,L1,1.42272781733585,L2,0.27839583187...
setting magnet DAC
current  : 5.885434
requested: 5.886469
Delta Dac: 0.001034
Checking detector protection. dv=0.00103
Checking detector "CDD". Protection Threshold: 0.1 (V)
SetMagnetDAC 5.88646862069 ===>> OK
Magnet settling time: 1.049
Get Checksum: -110011688
GetData ===>> H2,-0.20006906701287,H1,463.766165756284,AX,82.1986601517036,L1,1.14162202064054,L2,0.22040576530...
setting magnet DAC
current  : 5.886469
requested: 5.887503
Delta Dac: 0.001034
Checking detector protection. dv=0.00103
Checking detector "CDD". Protection Threshold: 0.1 (V)
SetMagnetDAC 5.88750310345 ===>> OK
Magnet settling time: 1.049
GetData ===>> H2,-0.159905820191693,H1,333.869123783314,AX,51.5786915951632,L1,0.867939757985584,L2,0.175175160...
setting magnet DAC
current  : 5.887503
requested: 5.888538
Delta Dac: 0.001034
Checking detector protection. dv=0.00103
Checking detector "CDD". Protection Threshold: 0.1 (V)
SetMagnetDAC 5.88853758621 ===>> OK
Magnet settling time: 1.049
GetData ===>> H2,-0.0900634284768405,H1,191.152798879862,AX,25.0712475424884,L1,0.552716718082043,L2,-0.0310125...
setting magnet DAC
current  : 5.888538
requested: 5.889572
Delta Dac: 0.001034
Checking detector protection. dv=0.00103
Checking detector "CDD". Protection Threshold: 0.1 (V)
SetMagnetDAC 5.88957206897 ===>> OK
Magnet settling time: 1.049
Get Checksum: -110011688
GetData ===>> H2,-0.203638873281527,H1,45.3606230767169,AX,4.38544612130081,L1,0.238771993502022,L2,0.001070363...
setting magnet DAC
current  : 5.889572
requested: 5.890607
Delta Dac: 0.001034
Checking detector protection. dv=0.00103
Checking detector "CDD". Protection Threshold: 0.1 (V)
SetMagnetDAC 5.89060655172 ===>> OK
Magnet settling time: 1.049
GetData ===>> H2,-0.236506803561722,H1,13.4419780781338,AX,1.12323711191235,L1,0.121249164071789,L2,-0.00061488...
setting magnet DAC
current  : 5.890607
requested: 5.891641
Delta Dac: 0.001034
Checking detector protection. dv=0.00103
Checking detector "CDD". Protection Threshold: 0.1 (V)
SetMagnetDAC 5.89164103448 ===>> OK
Magnet settling time: 1.049
GetData ===>> H2,-0.0612514285211061,H1,3.45331741100001,AX,0.147803036308489,L1,0.0499709964664197,L2,0.044236...
setting magnet DAC
current  : 5.891641
requested: 5.892676
Delta Dac: 0.001034
Checking detector protection. dv=0.00103
Checking detector "CDD". Protection Threshold: 0.1 (V)
SetMagnetDAC 5.89267551724 ===>> OK
Magnet settling time: 1.049
Get Checksum: -110011688
GetData ===>> H2,-0.219664843695481,H1,0.709860523475992,AX,-0.157700363462078,L1,0.0664678302387049,L2,-0.0252...
setting magnet DAC
current  : 5.892676
requested: 5.893710
Delta Dac: 0.001034
Checking detector protection. dv=0.00103
Checking detector "CDD". Protection Threshold: 0.1 (V)
SetMagnetDAC 5.89371 ===>> OK
Magnet settling time: 1.049
GetData ===>> H2,-0.250301726731423,H1,0.155740950216177,AX,-0.034830505897252,L1,0.0346641944931558,L2,0.10679...
result of _do_sweep=True
result of _calculate_peak_center=([5.8712550901803624, 5.8789805410821652, 5.8867059919839679], [435.64755476222342, 589.80357700694356, 433.96013107514239], 5.878198977955913, 589.80357700694356)
Failed to find a valid peak. No peak greater than 1.0. max = 0.0693513028122
new center pos Detector(H1) (Ar40) @ 5.87898054108
GetHighVoltage ===>> 4500
GetDeflection H1 ===>> 0
dac uncorrected for HV and deflection 5.87898054108
update mftable H1 Ar40 5.87898054108 message=automated run peakcenter
get initial guess parabolic
get initial guess parabolic
get initial guess parabolic
get initial guess parabolic
get initial guess parabolic
get initial guess parabolic
dump mftable to /Users/jan/PychronDev/setupfiles/spectrometer/mftables/mftable.csv
add to repo msg=modified - automated run peakcenter
sweep finished
locally archiving mftable
setting magnet DAC
current  : 5.893710
requested: 5.878981
Delta Dac: 0.014729
Checking detector protection. dv=0.01473
Checking detector "CDD". Protection Threshold: 0.1 (V)
Get Checksum: -110011688
SetMagnetDAC 5.87898054108 ===>> OK
Magnet settling time: 0.500
setting integration time = 1.048576
SetIntegrationTime 1.048576 ===>> OK
Failed to find a valid peak. No peak greater than 1.0. max = 0.0693513028122
flush and close file /Users/jan/PychronDev/data/isotopes/8c/dcd9d5-c8ee-4117-8357-eaae3d23e4b4.h5
finished measure script
executed 226.132928
jan_unknown120_60.py completed successfully
Measurement Finished
07:50:23 -- ******* Measurement Finished *******
Post Measurement Started jan_pump_ms.py
07:50:23 -- ******* Post Measurement Started jan_pump_ms.py *******
testing...
no interpolation path defined
executed 0
Pumping spectrometer
open () {'name': 'O'}
opening name=O desc=---
checking ownership. requestor=129.138.12.150
check software interlocks O
interlocks []
actuate state mode=None-script, software_lock=False
doing actuation None-script open_channel True
Open O ===>> OK
GetIndicatorState O ===>> OK
change switch state (True, True)
update switch state O True args=() kw={} ncanvase=2
07:50:23 -- OPEN   VALVE-O (Jan Ion Pump)
---------------------------------------- open O () result=[(True, True)], time=0.11 sec
action=open, ok=True, locked=[False]
executed 0
jan_pump_ms.py completed successfully
setting _ms_pumptime
Post Measurement Finished
07:50:24 -- ******* Post Measurement Finished *******
$$$$$$$$$$$$$$$$$$$$ state at run end measurement
state changed from measurement to success
post measurement save measured=True aborted=False
Set filtering
setting fod for Ar40= {'filter_outliers': True, 'std_devs': 2, 'iterations': 1}
setting fod for H1= {'filter_outliers': True, 'std_devs': 2, 'iterations': 1}
setting fod for PM41= {'filter_outliers': False, 'std_devs': 2, 'iterations': 1}
setting fod for H2= {'filter_outliers': True, 'std_devs': 2, 'iterations': 1}
setting fod for Ar36= {'filter_outliers': True, 'std_devs': 2, 'iterations': 1}
setting fod for CDD= {'filter_outliers': True, 'std_devs': 10, 'iterations': 1}
setting fod for Ar37= {'filter_outliers': True, 'std_devs': 2, 'iterations': 1}
setting fod for L2= {'filter_outliers': True, 'std_devs': 2, 'iterations': 1}
setting fod for Ar38= {'filter_outliers': True, 'std_devs': 2, 'iterations': 1}
setting fod for L1= {'filter_outliers': True, 'std_devs': 2, 'iterations': 1}
setting fod for Ar39= {'filter_outliers': True, 'std_devs': 2, 'iterations': 1}
setting fod for AX= {'filter_outliers': True, 'std_devs': 2, 'iterations': 1}
persistence save...
persistence save - db
post measurement save
5752169584 connecting to database sqlite:////Users/jan/PychronDev/.appdata/local_lab.db
connected to db sqlite:////Users/jan/PychronDev/.appdata/local_lab.db
create new session 5752169584
close session 5752169584
No database instance. Not saving post measurement to isotopedb database
$$$$$$$$$$$$$$$ auto_save_detector_ic=False
massspec enabled True
create new session 4979649712
MassSpec Database Version: 16.0
close session 4979649712
saving post measurement to secondary database
saving to massspec database 129.138.12.160/massspecdata
setting labnumber to 65572
setting aliquot to 3
setting step to A
setting uuid to 8cdcd9d5-c8ee-4117-8357-eaae3d23e4b4
setting irradpos to 65572
setting extract_device to Fusions CO2
setting tray to 
setting position to 203
setting power_requested to 0.3
setting extract_value to 0.3
setting duration to 30.0
setting duration_at_request to 30.0
setting first_stage_delay to 30.0
setting cleanup to 30.0
setting comment to M:15 with inclusions
setting irradiation to NM-289
setting level to M
setting irradiation_level to M
setting sample to NM-2602 W
setting material to Sanidine
setting project to JoyitaHills
setting mass_spectrometer to Jan
no attribute chron_dosages
no attribute production_ratios
no attribute interference_corrections
no attribute production_name
no attribute j
Reference Isotope=Ar40
Reference Detector=H1
%%%%%%%%%%%%%%%%%%%% Comment: M:15 with inclusions %%%%%%%%%%%%%%%%%%%
adding isotope PM41 H2
add baseline dbdet= PM41. original det= H2
get baseline data PM41 H2
Get data baseline <pychron.processing.isotope.Baseline object at 0x16e5a76d0> len t=60
baseline PM41. v=-0.225859819066, e=0.00744484572119
get signal data PM41 H2
Get data signal PM41 0.08+/-0.07 len t=120
adding isotope Ar40 H1
add baseline dbdet= Ar40. original det= H1
get baseline data Ar40 H1
Get data baseline <pychron.processing.isotope.Baseline object at 0x16e5a7890> len t=60
baseline Ar40. v=-0.0183924135912, e=0.00527058703494
get signal data Ar40 H1
Get data signal Ar40 647.84+/-0.04 len t=120
adding isotope Ar39 AX
add baseline dbdet= Ar39. original det= AX
get baseline data Ar39 AX
Get data baseline <pychron.processing.isotope.Baseline object at 0x16e5a7a50> len t=60
baseline Ar39. v=-0.0855273592368, e=0.00472593996249
get signal data Ar39 AX
Get data signal Ar39 134.186+/-0.022 len t=120
adding isotope Ar38 L1
add baseline dbdet= Ar38. original det= L1
get baseline data Ar38 L1
Get data baseline <pychron.processing.isotope.Baseline object at 0x16e5a7c10> len t=60
baseline Ar38. v=-0.0276674996189, e=0.00267708477232
get signal data Ar38 L1
Get data signal Ar38 1.775+/-0.005 len t=120
adding isotope Ar37 L2
add baseline dbdet= Ar37. original det= L2
get baseline data Ar37 L2
Get data baseline <pychron.processing.isotope.Baseline object at 0x16e5a7dd0> len t=60
baseline Ar37. v=-0.0316048052027, e=0.00703723648665
get signal data Ar37 L2
Get data signal Ar37 0.577+/-0.010 len t=120
adding isotope Ar36 CDD
add baseline dbdet= Ar36. original det= CDD
get baseline data Ar36 CDD
Get data baseline <pychron.processing.isotope.Baseline object at 0x16e5a7f90> len t=60
baseline Ar36. v=0.000146384322151, e=1.75112176258e-05
get signal data Ar36 CDD
Get data signal Ar36 0.0600+/-0.0006 len t=120
65572-03A added analysis time 0.568133115768s
analysis added to mass spec database
mass spec save time= 0.576
persistence save - dvc
================= post measurement started
create new session 4984345712
close session 4984345712
---------------- Experiment Queue saving disabled
DVC saving peakcenter
Failed to find a valid peak. No peak greater than 1.0. max = 0.0693513028122
Get Checksum: 2035439760
Smart pull ahead: 0 behind: 0
Up-to-date with origin
add to repo msg=modified - ad8224ebc6dbfeb9f5997218dfa5fe690569839d.json
add to repo msg=modified - 72-03A.json
add to repo msg=modified - 72-03A.dat.json
add to repo msg=modified - 72-03A.blan.json
add to repo msg=modified - 72-03A.inte.json
add to repo msg=modified - 72-03A.icfa.json
add to repo msg=modified - 72-03A.base.json
not at valid file /Users/jan/PychronDev/data/.dvc/repositories/Load1783/655/tags/72-03A.tags.json
add to repo msg=modified - 72-03A.peak.json
add to repo msg=modified - 72-03A.extr.json
not at valid file /Users/jan/PychronDev/data/.dvc/repositories/Load1783/655/monitor/72-03A.moni.json
commit message=<COLLECTION>
add to repo msg=modified - 72-03A.inte.json
add to repo msg=modified - 72-03A.base.json
commit message=<ISOEVO> default collection fits
add to repo msg=modified - 72-03A.blan.json
commit message=<BLANKS> preceding ba-01-J-2237
Get Checksum: 2035439760
add to repo msg=modified - 72-03A.icfa.json
commit message=<ICFactor> default
push repository <pychron.git_archive.repo_manager.GitRepoManager object at 0x152a78170>
pushing to remote=origin, url=https://github.com
Get Checksum: 2035439760
no changes to meta repo
create new session 4984345712
add association Load1783
get identifier "65572"
setting analysis irradiation position=<pychron.dvc.dvc_orm.IrradiationPositionTbl object at 0x15c3b3e90>
close session 4984345712
================= post measurement finished
07:50:36 -- ******* Post Run Check *******
loading queue conditionals post_run_actions
loading system conditionals post_run_actions
loading conditionals from /Users/jan/PychronDev/setupfiles/spectrometer/default_conditionals.yaml
loading queue conditionals post_run_terminations
loading system conditionals post_run_terminations
loading conditionals from /Users/jan/PychronDev/setupfiles/spectrometer/default_conditionals.yaml
Checking default post run terminations n=1
GetDeflection CDD ===>> 50
testing CDD==2000
evaluate ot="CDD.deflection==2000" t="CDD==2000", ctx="{'CDD': 50.0}"
07:50:36 -- ******* Post Run Check Passed *******
07:50:36 -- Automated run 65572-03A success duration: 365.444 s
----------------- finish -----------------
----------------- stop -----------------
retroactive repository identifiers disabled
finish run. runs completed=87
update duration runid=65572-03A, duration=365.443524837, md5=301e91d8
loading script "jan_unknown120_60.py"
loading script "jan_pump_ms.py"
loading script "jan_co2.py"
loading script "jan_pump_extraction_line.py"
testing...
no interpolation path defined
executed 213.652928
script duration name:unknown120_60 seconds:214.0
loading script "jan_unknown120_60.py"
loading script "jan_pump_ms.py"
loading script "jan_co2.py"
loading script "jan_pump_extraction_line.py"
testing...
no interpolation path defined
executed 0
loading script "jan_unknown120_60.py"
loading script "jan_pump_ms.py"
loading script "jan_co2.py"
loading script "jan_pump_extraction_line.py"
testing...
no interpolation path defined
calculate duration
testing...
no interpolation path defined
executed 0
calculate duration
testing...
no interpolation path defined
executed 0
executed 0.0
script duration name:co2 seconds:0.0
loading script "jan_unknown120_60.py"
loading script "jan_pump_ms.py"
loading script "jan_co2.py"
loading script "jan_pump_extraction_line.py"
testing...
no interpolation path defined
calculate duration
testing...
no interpolation path defined
executed 4.0
executed 4.0
Script duration 214.0
Run total estimated duration= 215.000
unknown120_60 in script context. using previous estimated duration
script duration name:unknown120_60 seconds:214.0
pump_ms in script context. using previous estimated duration
co2 in script context. using previous estimated duration
script duration name:co2 seconds:0.0
pump_extraction_line in script context. using previous estimated duration
Script duration 214.0
Run total estimated duration= 215.000
script duration name:unknown120_60 seconds:214.0
loading script "jan_unknown120_60.py"
loading script "jan_pump_ms.py"
loading script "jan_cocktail_x1.py"
loading script "jan_pump_extraction_line.py"
testing...
no interpolation path defined
calculate duration
testing...
no interpolation path defined
executed 0
calculate duration
testing...
no interpolation path defined
executed 0
calculate duration
testing...
no interpolation path defined
executed 32.0
calculate duration
testing...
no interpolation path defined
executed 34.0
calculate duration
testing...
no interpolation path defined
executed 4.0
calculate duration
testing...
no interpolation path defined
executed 38.0
executed 108.0
script duration name:cocktail_x1 seconds:108.0
Script duration 322.0
Run total estimated duration= 323.000
script duration name:unknown120_60 seconds:214.0
script duration name:co2 seconds:0.0
Script duration 214.0
Run total estimated duration= 215.000
script duration name:unknown120_60 seconds:214.0
script duration name:co2 seconds:0.0
Script duration 214.0
Run total estimated duration= 215.000
script duration name:unknown120_60 seconds:214.0
script duration name:co2 seconds:0.0
Script duration 214.0
Run total estimated duration= 215.000
script duration name:unknown120_60 seconds:214.0
script duration name:co2 seconds:0.0
Script duration 214.0
Run total estimated duration= 215.000
script duration name:unknown120_60 seconds:214.0
script duration name:co2 seconds:0.0
Script duration 214.0
Run total estimated duration= 215.000
script duration name:unknown120_60 seconds:214.0
script duration name:co2 seconds:0.0
Script duration 214.0
Run total estimated duration= 215.000
script duration name:unknown120_60 seconds:214.0
script duration name:co2 seconds:0.0
Script duration 214.0
Run total estimated duration= 215.000
script duration name:unknown120_60 seconds:214.0
script duration name:co2 seconds:0.0
Script duration 214.0
Run total estimated duration= 215.000
script duration name:unknown120_60 seconds:214.0
script duration name:co2 seconds:0.0
Script duration 214.0
Run total estimated duration= 215.000
loading script "jan_unknown400_120.py"
loading script "jan_pump_ms.py"
loading script "jan_co2.py"
loading script "jan_pump_extraction_line.py"
testing...
no interpolation path defined
executed 556.052928
script duration name:unknown400_120 seconds:556.0
script duration name:co2 seconds:0.0
Script duration 556.0
Run total estimated duration= 557.000
unknown400_120 in script context. using previous estimated duration
script duration name:unknown400_120 seconds:556.0
cocktail_x1 in script context. using previous estimated duration
script duration name:cocktail_x1 seconds:108.0
Script duration 664.0
Run total estimated duration= 665.000
script duration name:unknown120_60 seconds:214.0
script duration name:cocktail_x1 seconds:108.0
Script duration 322.0
Run total estimated duration= 323.000
script duration name:unknown400_120 seconds:556.0
loading script "jan_unknown400_120.py"
loading script "jan_pump_ms.py"
loading script "jan_sniffair_x2.py"
loading script "jan_pump_extraction_line.py"
testing...
no interpolation path defined
calculate duration
testing...
no interpolation path defined
executed 0
calculate duration
testing...
no interpolation path defined
executed 0
calculate duration
testing...
no interpolation path defined
executed 32.0
calculate duration
testing...
no interpolation path defined
executed 34.0
calculate duration
testing...
no interpolation path defined
executed 4.0
calculate duration
testing...
no interpolation path defined
executed 36.0
calculate duration
testing...
no interpolation path defined
executed 34.0
calculate duration
testing...
no interpolation path defined
executed 4.0
calculate duration
testing...
no interpolation path defined
executed 36.0
calculate duration
testing...
no interpolation path defined
executed 70.0
executed 250.0
script duration name:sniffair_x2 seconds:250.0
Script duration 806.0
Run total estimated duration= 807.000
script duration name:unknown400_120 seconds:556.0
sniffair_x2 in script context. using previous estimated duration
script duration name:sniffair_x2 seconds:250.0
Script duration 806.0
Run total estimated duration= 807.000
loading script "jan_ic_peak_hop3.py"
loading script "jan_pump_ms.py"
loading script "jan_air_x1.py"
loading script "jan_pump_extraction_line.py"
testing...
no interpolation path defined
executed 133.8
script duration name:ic_peak_hop3 seconds:134.0
loading script "jan_ic_peak_hop3.py"
loading script "jan_pump_ms.py"
loading script "jan_air_x1.py"
loading script "jan_pump_extraction_line.py"
testing...
no interpolation path defined
calculate duration
testing...
no interpolation path defined
executed 0
calculate duration
testing...
no interpolation path defined
executed 0
calculate duration
testing...
no interpolation path defined
executed 32.0
calculate duration
testing...
no interpolation path defined
executed 34.0
calculate duration
testing...
no interpolation path defined
executed 4.0
calculate duration
testing...
no interpolation path defined
executed 36.0
executed 106.0
script duration name:air_x1 seconds:106.0
Script duration 240.0
Run total estimated duration= 241.000
script duration name:unknown120_60 seconds:214.0
script duration name:co2 seconds:0.0
Script duration 214.0
Run total estimated duration= 215.000
script duration name:unknown120_60 seconds:214.0
script duration name:co2 seconds:0.0
Script duration 214.0
Run total estimated duration= 215.000
script duration name:unknown120_60 seconds:214.0
script duration name:co2 seconds:0.0
Script duration 214.0
Run total estimated duration= 215.000
script duration name:unknown120_60 seconds:214.0
script duration name:co2 seconds:0.0
Script duration 214.0
Run total estimated duration= 215.000
script duration name:unknown120_60 seconds:214.0
script duration name:co2 seconds:0.0
Script duration 214.0
Run total estimated duration= 215.000
script duration name:unknown120_60 seconds:214.0
script duration name:co2 seconds:0.0
Script duration 214.0
Run total estimated duration= 215.000
script duration name:unknown120_60 seconds:214.0
script duration name:co2 seconds:0.0
Script duration 214.0
Run total estimated duration= 215.000
script duration name:unknown120_60 seconds:214.0
script duration name:co2 seconds:0.0
Script duration 214.0
Run total estimated duration= 215.000
script duration name:unknown120_60 seconds:214.0
script duration name:co2 seconds:0.0
Script duration 214.0
Run total estimated duration= 215.000
script duration name:unknown120_60 seconds:214.0
script duration name:co2 seconds:0.0
Script duration 214.0
Run total estimated duration= 215.000
script duration name:unknown120_60 seconds:214.0
script duration name:co2 seconds:0.0
Script duration 214.0
Run total estimated duration= 215.000
script duration name:unknown120_60 seconds:214.0
script duration name:co2 seconds:0.0
Script duration 214.0
Run total estimated duration= 215.000
script duration name:unknown120_60 seconds:214.0
script duration name:co2 seconds:0.0
Script duration 214.0
Run total estimated duration= 215.000
script duration name:unknown120_60 seconds:214.0
script duration name:co2 seconds:0.0
Script duration 214.0
Run total estimated duration= 215.000
script duration name:unknown120_60 seconds:214.0
script duration name:co2 seconds:0.0
Script duration 214.0
Run total estimated duration= 215.000
script duration name:unknown400_120 seconds:556.0
script duration name:co2 seconds:0.0
Script duration 556.0
Run total estimated duration= 557.000
script duration name:unknown400_120 seconds:556.0
script duration name:cocktail_x1 seconds:108.0
Script duration 664.0
Run total estimated duration= 665.000
script duration name:unknown120_60 seconds:214.0
script duration name:cocktail_x1 seconds:108.0
Script duration 322.0
Run total estimated duration= 323.000
ic_peak_hop3 in script context. using previous estimated duration
script duration name:ic_peak_hop3 seconds:134.0
air_x1 in script context. using previous estimated duration
script duration name:air_x1 seconds:106.0
Script duration 240.0
Run total estimated duration= 241.000
script duration name:unknown120_60 seconds:214.0
script duration name:co2 seconds:0.0
Script duration 214.0
Run total estimated duration= 215.000
script duration name:unknown120_60 seconds:214.0
script duration name:co2 seconds:0.0
Script duration 214.0
Run total estimated duration= 215.000
script duration name:unknown120_60 seconds:214.0
script duration name:co2 seconds:0.0
Script duration 214.0
Run total estimated duration= 215.000
script duration name:unknown120_60 seconds:214.0
script duration name:co2 seconds:0.0
Script duration 214.0
Run total estimated duration= 215.000
script duration name:unknown120_60 seconds:214.0
script duration name:co2 seconds:0.0
Script duration 214.0
Run total estimated duration= 215.000
script duration name:unknown120_60 seconds:214.0
script duration name:co2 seconds:0.0
Script duration 214.0
Run total estimated duration= 215.000
script duration name:unknown120_60 seconds:214.0
script duration name:co2 seconds:0.0
Script duration 214.0
Run total estimated duration= 215.000
script duration name:unknown120_60 seconds:214.0
script duration name:co2 seconds:0.0
Script duration 214.0
Run total estimated duration= 215.000
script duration name:unknown120_60 seconds:214.0
script duration name:co2 seconds:0.0
Script duration 214.0
Run total estimated duration= 215.000
script duration name:unknown120_60 seconds:214.0
script duration name:co2 seconds:0.0
Script duration 214.0
Run total estimated duration= 215.000
script duration name:unknown400_120 seconds:556.0
script duration name:sniffair_x2 seconds:250.0
Script duration 806.0
Run total estimated duration= 807.000
script duration name:unknown400_120 seconds:556.0
script duration name:sniffair_x2 seconds:250.0
Script duration 806.0
Run total estimated duration= 807.000
script duration name:unknown400_120 seconds:556.0
script duration name:co2 seconds:0.0
Script duration 556.0
Run total estimated duration= 557.000
nruns=50 before=5.0, run_dur=15420.0, btw=2205.0
write rem/ex queues
/Users/jan/PychronDev/experiments/rem/CurrentExperiment.rem.txt
/Users/jan/PychronDev/experiments/rem/CurrentExperiment.ex.txt
doing event level: 3
