do run
loading script "jan_unknown120_60.py"
loading script "jan_pump_ms.py"
loading script "jan_co2.py"
loading script "jan_pump_extraction_line.py"
testing...
no interpolation path defined
executed 213.652928
script duration name:unknown120_60 seconds:214.0
loading script "jan_unknown120_60.py"
loading script "jan_pump_ms.py"
loading script "jan_co2.py"
loading script "jan_pump_extraction_line.py"
testing...
no interpolation path defined
executed 0
loading script "jan_unknown120_60.py"
loading script "jan_pump_ms.py"
loading script "jan_co2.py"
loading script "jan_pump_extraction_line.py"
testing...
no interpolation path defined
calculate duration
testing...
no interpolation path defined
executed 0
calculate duration
testing...
no interpolation path defined
executed 0
executed 0.0
script duration name:co2 seconds:0.0
loading script "jan_unknown120_60.py"
loading script "jan_pump_ms.py"
loading script "jan_co2.py"
loading script "jan_pump_extraction_line.py"
testing...
no interpolation path defined
calculate duration
testing...
no interpolation path defined
executed 4.0
executed 4.0
Script duration 214.0
Run total estimated duration= 215.000
run duration: 0:03:35
doing event level: 2
08:17:54 -- Setting default integration. t=1.048576
setting integration time = 1.048576
SetIntegrationTime 1.048576 ===>> OK
----------------- start -----------------
**************** Experiment Type: Ar/Ar, Ar/Ar
create new session 5004766384
close session 5004766384
$$$$$ Clearing conditionals
adding conditionals 
Add queue conditionals
add default conditionals
adding default conditionals from /Users/jan/PychronDev/setupfiles/spectrometer/default_conditionals.yaml
Start automated run 65572-04B
loading script "jan_unknown120_60.py"
loading script "jan_pump_ms.py"
loading script "jan_co2.py"
loading script "jan_pump_extraction_line.py"
%%%%%%%%%%%%%%%%%% setting automated run 65572-04B
No value "sensitivity_multiplier" in metadata
$$$$$$$$$$$$$$$ auto_save_detector_ic=False
============================= Pre Extraction Check =============================
loading queue conditionals pre_run_terminations
loading system conditionals pre_run_terminations
loading conditionals from /Users/jan/PychronDev/setupfiles/spectrometer/default_conditionals.yaml
08:17:54 -- ******* Pre Extraction Check *******
Get a measurement from the spectrometer
GetData ===>> H2,-0.188431814024378,H1,0.0332598290544663,AX,-0.0805916423592259,L1,-0.00343906826904362,L2,-0....
Pre Extraction Termination data. keys=H2,H1,AX,L1,L2,CDD, signals=-0.18843,0.03326,-0.08059,-0.00344,-0.09083,0.00432
08:17:54 -- testing system defined conditionals
Checking default pre extraction terminations n=2
testing CDD
evaluate ot="CDD.inactive" t="CDD", ctx="{'CDD': False}"
GetDeflection CDD ===>> 50
testing CDD==2000
evaluate ot="CDD.deflection==2000" t="CDD==2000", ctx="{'CDD': 50.0}"
08:17:55 -- ******* Pre Extraction Check Passed *******
=================================================================================
08:17:55 -- stopping status monitor
stop 4976489392
Alive clients [4984697584]
08:17:55 -- starting status monitor
start 4976489392
Monitor already running
start extraction
do extraction
Analysis started at 08:17:55.014601
Extraction Started jan_co2.py
08:17:55 -- ******* Extraction Started jan_co2.py *******
state changed from not run to extraction
DO EXTRACTION <pychron.extraction_line.pyscript_runner.RemotePyScriptRunner object at 0x12988f3b0>
testing...
no interpolation path defined
calculate duration
testing...
no interpolation path defined
executed 0
calculate duration
testing...
no interpolation path defined
executed 0
executed 100.0
Jan CO2 laser analysis
doing GOSUB
testing...
no interpolation path defined
executed 0
Waiting for CO2 access
wait ('FelixCO2Flag', 0) {}
waiting for FelixCO2Flag = 0
Read FelixCO2Flag ===>> 0
finished waiting
CO2 free
wait ('CO2PumpTimeFlag', 0) {}
waiting for CO2PumpTimeFlag = 0
Read CO2PumpTimeFlag ===>> 0
finished waiting
acquire ('JanCO2Flag',) {'clear': True}
acquire JanCO2Flag
Set JanCO2Flag 1 ===>> OK
JanCO2Flag acquired
set extraction state False (0.75, 'red', 1.5)
CO2 acquired
executed 0
WaitForCO2Access.py completed successfully
gosub finished
doing GOSUB
testing...
no interpolation path defined
executed 0
Prepare for CO2 analysis
close () {'description': 'Jan Inlet'}
closing name=--- desc=Jan Inlet
checking ownership. requestor=129.138.12.150
check software interlocks R
interlocks []
actuate state mode=None-script, software_lock=False
doing actuation None-script close_channel False
Close R ===>> OK
GetIndicatorState R ===>> False
change switch state (True, True)
update switch state R False args=() kw={} ncanvase=2
08:17:55 -- CLOSE  VALVE-R (Jan Inlet)
---------------------------------------- close None (Jan Inlet) result=[(True, True)]
action=close, ok=True, locked=[False]
open () {'description': 'Jan Ion Pump'}
opening name=--- desc=Jan Ion Pump
checking ownership. requestor=129.138.12.150
check software interlocks O
interlocks []
actuate state mode=None-script, software_lock=False
doing actuation None-script open_channel False
Open O ===>> OK
GetIndicatorState O ===>> OK
change switch state (True, True)
update switch state O True args=() kw={} ncanvase=2
08:17:55 -- OPEN   VALVE-O (Jan Ion Pump)
---------------------------------------- open None (Jan Ion Pump) result=[(True, True)], time=0.09 sec
action=open, ok=True, locked=[False]
close () {'description': 'Microbone to Minibone'}
closing name=--- desc=Microbone to Minibone
checking ownership. requestor=129.138.12.150
check software interlocks L
interlocks []
actuate state mode=None-script, software_lock=False
doing actuation None-script close_channel False
Close L ===>> OK
GetIndicatorState L ===>> False
change switch state (True, True)
update switch state L False args=() kw={} ncanvase=2
08:17:56 -- CLOSE  VALVE-L (Microbone to Minibone)
---------------------------------------- close None (Microbone to Minibone) result=[(True, True)]
action=close, ok=True, locked=[False]
open () {'description': 'Microbone to Turbo'}
opening name=--- desc=Microbone to Turbo
checking ownership. requestor=129.138.12.150
check software interlocks U
interlocks []
actuate state mode=None-script, software_lock=False
doing actuation None-script open_channel False
Open U ===>> OK
GetIndicatorState U ===>> OK
change switch state (True, True)
update switch state U True args=() kw={} ncanvase=2
08:17:56 -- OPEN   VALVE-U (Microbone to Turbo)
---------------------------------------- open None (Microbone to Turbo) result=[(True, True)], time=0.12 sec
action=open, ok=True, locked=[False]
open () {'description': 'Microbone to Inlet Pipette'}
opening name=--- desc=Microbone to Inlet Pipette
checking ownership. requestor=129.138.12.150
check software interlocks S
interlocks []
actuate state mode=None-script, software_lock=False
doing actuation None-script open_channel False
Open S ===>> OK
GetIndicatorState S ===>> OK
change switch state (True, True)
update switch state S True args=() kw={} ncanvase=2
08:17:57 -- OPEN   VALVE-S (Microbone to Inlet Pipette)
---------------------------------------- open None (Microbone to Inlet Pipette) result=[(True, True)], time=0.43 sec
action=open, ok=True, locked=[False]
open () {'description': 'Microbone to Getter D-50'}
opening name=--- desc=Microbone to Getter D-50
checking ownership. requestor=129.138.12.150
check software interlocks K
interlocks []
actuate state mode=None-script, software_lock=False
doing actuation None-script open_channel False
Open K ===>> OK
GetIndicatorState K ===>> OK
change switch state (True, True)
update switch state K True args=() kw={} ncanvase=2
08:17:58 -- OPEN   VALVE-K (Microbone to Getter D-50)
---------------------------------------- open None (Microbone to Getter D-50) result=[(True, True)], time=0.44 sec
Get Checksum: 2035439760
action=open, ok=True, locked=[False]
open () {'description': 'Microbone to Getter NP-10'}
opening name=--- desc=Microbone to Getter NP-10
checking ownership. requestor=129.138.12.150
check software interlocks M
interlocks []
actuate state mode=None-script, software_lock=False
doing actuation None-script open_channel False
Open M ===>> OK
GetIndicatorState M ===>> OK
change switch state (True, True)
update switch state M True args=() kw={} ncanvase=2
08:17:58 -- OPEN   VALVE-M (Microbone to Getter NP-10)
---------------------------------------- open None (Microbone to Getter NP-10) result=[(True, True)], time=0.13 sec
action=open, ok=True, locked=[False]
close () {'description': 'CO2 Laser to Felix'}
closing name=--- desc=CO2 Laser to Felix
checking ownership. requestor=129.138.12.150
check software interlocks F
interlocks []
actuate state mode=None-script, software_lock=True
VALVE-F(CO2 Laser to Felix) software locked
change switch state (True, False)
---------------------------------------- close None (CO2 Laser to Felix) result=[(True, False)]
action=close, ok=True, locked=[True]
open () {'description': 'CO2 Laser to Jan'}
opening name=--- desc=CO2 Laser to Jan
checking ownership. requestor=129.138.12.150
check software interlocks A
interlocks []
actuate state mode=None-script, software_lock=False
doing actuation None-script open_channel False
Open A ===>> OK
GetIndicatorState A ===>> OK
change switch state (True, True)
update switch state A True args=() kw={} ncanvase=2
08:17:59 -- OPEN   VALVE-A (CO2 Laser to Jan)
---------------------------------------- open None (CO2 Laser to Jan) result=[(True, True)], time=0.18 sec
action=open, ok=True, locked=[False]
open () {'description': 'Microbone to CO2 Laser'}
opening name=--- desc=Microbone to CO2 Laser
checking ownership. requestor=129.138.12.150
check software interlocks T
interlocks []
actuate state mode=None-script, software_lock=False
doing actuation None-script open_channel False
Open T ===>> OK
GetIndicatorState T ===>> OK
change switch state (True, True)
update switch state T True args=() kw={} ncanvase=2
08:17:59 -- OPEN   VALVE-T (Microbone to CO2 Laser)
---------------------------------------- open None (Microbone to CO2 Laser) result=[(True, True)], time=0.42 sec
action=open, ok=True, locked=[False]
executed 0
PrepareForCO2Analysis.py completed successfully
gosub finished
set_motor ('beam', '1.25') {}
setting motor "beam" to 1.25
set motor beam to 1.25
SetMotor beam,1.25 ===>> OK
GetMotorMoving beam ===>> False
GetMotorMoving beam ===>> False
Block completed
move_to_position ('204',) {'autocenter': True}
FusionsCO2 move to position 204
sending GoToHole 204,True
GoToHole 204,True ===>> OK
Get Checksum: 2035439760
GetDriveMoving ===>> False
GetDriveMoving ===>> False
Block completed
GetAutoCorrecting ===>> False
GetAutoCorrecting ===>> False
Block completed
update position
GetPosition ===>> 3.98780,-11.96340,1.00000
got position (3.9878, -11.9634, 1.0)
move to position succeeded
sleep (5,) {}
SLEEP 5.0
block started
WaitControl setup for 5.0  
Get Checksum: 2035439760
Get Checksum: 2035439760
Join finished
block finished. duration 5.00600504875
close () {'description': 'Microbone to Turbo'}
closing name=--- desc=Microbone to Turbo
checking ownership. requestor=129.138.12.150
check software interlocks U
interlocks []
actuate state mode=None-script, software_lock=False
doing actuation None-script close_channel True
Close U ===>> OK
GetIndicatorState U ===>> False
change switch state (True, True)
update switch state U False args=() kw={} ncanvase=2
08:18:08 -- CLOSE  VALVE-U (Microbone to Turbo)
---------------------------------------- close None (Microbone to Turbo) result=[(True, True)]
action=close, ok=True, locked=[False]
enable laser
enable () {}
set extraction state FusionsCO2 Enabled (False, 'red', 1.5)
enabling laser
Enable ===>> OK
begin interval
BEGIN INTERVAL Interval 1 waiting for 30.0
block started
set extract to 0.4
WaitControl setup for 30.0  
extract (0.4,) {}
GetPosition ===>> 3.98780,-11.96340,1.00000
set extraction state FusionsCO2 ON! 0.4(watts) (0.75, 'red', 1.5)
extract sample to 0.4 (watts)
set laser output
SetLaserOutput 0.4,watts ===>> OK
executing pattern triangle.lp
execute_pattern ('triangle.lp',) {}
executing pattern triangle.lp
IsPatterning ===>> OK
Get Checksum: -1640178555
IsPatterning ===>> OK
IsPatterning ===>> OK
IsPatterning ===>> OK
Get Checksum: -1640178555
IsPatterning ===>> OK
IsPatterning ===>> OK
IsPatterning ===>> OK
Get Checksum: -1640178555
IsPatterning ===>> OK
IsPatterning ===>> OK
IsPatterning ===>> OK
Get Checksum: -1640178555
IsPatterning ===>> OK
IsPatterning ===>> OK
IsPatterning ===>> OK
Get Checksum: -1640178555
IsPatterning ===>> OK
IsPatterning ===>> OK
IsPatterning ===>> OK
Get Checksum: -1640178555
IsPatterning ===>> OK
IsPatterning ===>> OK
IsPatterning ===>> OK
Get Checksum: -1640178555
IsPatterning ===>> OK
IsPatterning ===>> OK
IsPatterning ===>> OK
Get Checksum: -1640178555
IsPatterning ===>> OK
IsPatterning ===>> OK
IsPatterning ===>> OK
Get Checksum: -1640178555
IsPatterning ===>> OK
IsPatterning ===>> OK
IsPatterning ===>> OK
Get Checksum: -1640178555
IsPatterning ===>> False
Join finished
block finished. duration 30.0410449505
Interval 1 finished
IsPatterning ===>> False
Block completed
COMPLETE INTERVAL waiting for Interval 1 to complete
end_extract () {}
ending extraction. set laser power to 0
set laser power 0
SetLaserPower 0 ===>> OK
disable () {}
%%%%%%%%%%%%%%%%%%%%%%%%%%%%%%%%%%% disable
set extraction state False (0.75, 'red', 1.5)
disabling laser
Disable ===>> OK
sleep (30.0,) {}
SLEEP 30.0
block started
WaitControl setup for 30.0  
Get Checksum: -1640178555
Get Checksum: -1640178555
Get Checksum: -1640178555
Get Checksum: -1640178555
Get Checksum: -1640178555
Get Checksum: -1640178555
Get Checksum: -1640178555
Get Checksum: -1640178555
Get Checksum: -1640178555
Get Checksum: -1640178555
Join finished
block finished. duration 30.0376229286
executed 165.0
jan_co2.py completed successfully
GetAchievedOutput ===>> No Response
Requested Output= 0.000
Achieved Output=  0.000
GetResponseBlob ===>> No Response
GetOutputBlob ===>> No Response
persistence save...
persistence save - db
AutomatedRunPersister post_extraction_save deprecated
persistence save - dvc
no extraction position for 204
create new session 4984345712
close session 4984345712
Extraction Finished
08:19:09 -- ******* Extraction Finished *******
no overlap. not waiting for min ms pumptime
08:19:09 -- Sending spectrometer configuration
======== Sending configuration ========
SetDeflection CDD,50.0 ===>> OK
SetDeflection H2,0.0 ===>> OK
SetDeflection H1,0.0 ===>> OK
SetDeflection L2,825.0 ===>> OK
SetDeflection L1,400.0 ===>> OK
SetDeflection AX,190.0 ===>> OK
SetZFocus 74.64 ===>> OK
SetZSymmetry -50.72 ===>> OK
SetExtractionLens 26.13 ===>> OK
SetIonRepeller -3.81 ===>> OK
SetElectronEnergy 75.08 ===>> OK
SetYSymmetry -2.81 ===>> OK
SetIonCounterVoltage 1590.0 ===>> OK
send trap current 200.0
GetParameter Trap Current Readback ===>> 198.482695477019
SetParameter Trap Current Set,200.0 ===>> OK
updating mftable name mftable
Using mftable located at /Users/jan/PychronDev/setupfiles/spectrometer/mftables/mftable.csv
============ MFtable ===========
Isotope  H2     H1     AX     L1     L2     CDD    
Ar40     5.7811 5.8789 5.9924 6.1210 6.2308 6.3493
Ar39     5.6804 5.7712 5.8848 6.0071 6.1159 6.2358
Ar36     5.3579 5.4402 5.5481 5.6660 5.7709 5.8869
================================
get initial guess parabolic
get initial guess parabolic
get initial guess parabolic
get initial guess parabolic
get initial guess parabolic
get initial guess parabolic
======== Configuration Finished ========
GetYSymmetry ===>> -2.81
GetZSymmetry ===>> -50.72
GetParameter Trap Current Readback ===>> 197.923274125618
GetHighVoltage ===>> 4500
start measurement
do measurement
L#=65572 analysis type=unknown
Measurement Started jan_unknown120_60.py
08:19:09 -- ******* Measurement Started jan_unknown120_60.py *******
state changed from extraction to measurement
setting spec, defl, and gains
GetExtractionLens ===>> 26.13
GetYSymmetry ===>> -2.81
GetZSymmetry ===>> -50.72
GetZFocus ===>> 74.64
GetDeflection H2 ===>> 0
GetDeflection H1 ===>> 0
GetDeflection AX ===>> 190
GetDeflection L1 ===>> 400
GetDeflection L2 ===>> 825
GetDeflection CDD ===>> 50
GetGain H2 ===>> 0.0113
GetGain H1 ===>> 0.1
GetGain AX ===>> 0.097049
GetGain L1 ===>> 0.010355
GetGain L2 ===>> 0.095649
GetGain CDD ===>> 0
pre measurement save
New frame /Users/jan/PychronDev/data/isotopes/f9/cff34f-c549-49d1-aaeb-3922b77900cf.h5
flush and close file /Users/jan/PychronDev/data/isotopes/f9/cff34f-c549-49d1-aaeb-3922b77900cf.h5
testing...
no interpolation path defined
executed 226.132928
unknown measurement script
activate_detectors ('H2', 'H1', 'AX', 'L1', 'L2', 'CDD') {}
activate detectors
*************** Set Analysis View Ar/Ar
create graphs
clearing graphs
Get Checksum: -1640178555
clear isotope group
setting isotope det=H2, iso=PM41
setting isotope det=H1, iso=Ar40
setting isotope det=AX, iso=Ar39
setting isotope det=L1, iso=Ar38
setting isotope det=L2, iso=Ar37
setting isotope det=CDD, iso=Ar36
setting previous blanks
 - setting Ar40 blank 0.121+/-0.007
 - setting Ar36 blank 0.00422+/-0.00018
 - setting Ar37 blank 0.041+/-0.005
 - setting Ar38 blank 0.0075+/-0.0022
 - setting PM41 blank 0.04+/-0.07
 - setting Ar39 blank 0.042+/-0.008
load analysis view
position_magnet ('Ar40',) {'detector': 'H1'}
detector Detector(H1)
POSITION Ar40 H1
setting detector H2 to PM41 (40.9624)
setting detector H1 to Ar40 (39.9624)
setting detector AX to Ar39 (38.9624)
setting detector L1 to Ar38 (37.9624)
setting detector L2 to Ar37 (36.9624)
setting detector CDD to Ar36 (35.9624)
Mapping mass to dac mass func: "parabolic"
H1 map mass coeffs = [-0.00063987  0.15840543  0.57053999]
H1 map mass to dac 39.9624 >> 5.87893
GetDeflection H1 ===>> 0
GetHighVoltage ===>> 4500
positioning Ar40 (5.87893) on H1
setting magnet DAC
current  : 5.878929
requested: 5.878930
Delta Dac: 0.000001
Checking detector protection. dv=0.00000
Checking detector "CDD". Protection Threshold: 0.1 (V)
SetMagnetDAC 5.87893 ===>> OK
Magnet settling time: 0.500
equilibrate () {'delay': 3, 'inlet': 'R', 'outlet': 'O', 'eqtime': 12.0}
Equilibration Started
08:19:11 -- ******* Equilibration Started *******
checking ownership. requestor=129.138.12.150
check software interlocks O
interlocks []
actuate state mode=None-script, software_lock=False
doing actuation None-script close_channel True
Close O ===>> OK
GetIndicatorState O ===>> False
change switch state (True, True)
update switch state O False args=() kw={} ncanvase=2
08:19:11 -- CLOSE  VALVE-O (Jan Ion Pump)
waiting 3s before opening inlet value ('R',)
Get Checksum: -423938523
checking ownership. requestor=129.138.12.150
check software interlocks R
interlocks []
actuate state mode=None-script, software_lock=False
doing actuation None-script open_channel True
Open R ===>> OK
GetIndicatorState R ===>> OK
change switch state (True, True)
update switch state R True args=() kw={} ncanvase=2
08:19:14 -- OPEN   VALVE-R (Jan Inlet)
equilibrating for 12.0sec
set_time_zero () {}
sniff (12.0,) {}
py_sniff
build tables- sniff [Detector(H2), Detector(H1), Detector(AX), Detector(L1), Detector(L2), Detector(CDD)]
add group /sniff/PM41 (Group) '' table H2
add group /sniff/Ar40 (Group) '' table H1
add group /sniff/Ar39 (Group) '' table AX
add group /sniff/Ar38 (Group) '' table L1
add group /sniff/Ar37 (Group) '' table L2
add group /sniff/Ar36 (Group) '' table CDD
flush and close file /Users/jan/PychronDev/data/isotopes/f9/cff34f-c549-49d1-aaeb-3922b77900cf.h5
measuring sniff. ncounts=12.0
starting measurement
GetData ===>> H2,-0.159095463928162,H1,-0.0384171793920583,AX,-0.0272692096132348,L1,-0.0447828391341274,L2,0.0...
GetData ===>> H2,0.743011693277977,H1,0.968781084032799,AX,1.23944506570347,L1,0.115937334141587,L2,0.319971017...
Get Checksum: -173909521
GetData ===>> H2,0.598268380468916,H1,1.81416219331163,AX,0.668442006374151,L1,0.230581074930591,L2,0.085233890...
GetData ===>> H2,0.123626242610128,H1,2.16279061339912,AX,0.204509438383153,L1,0.155805654623088,L2,0.132223590...
GetData ===>> H2,0.107498012917302,H1,2.32743318826538,AX,0.180807889933289,L1,0.0705685627960779,L2,0.05247773...
Get Checksum: -173909521
GetData ===>> H2,0.0500255274149551,H1,2.42241631996805,AX,0.0730333762830026,L1,0.03739296300785,L2,-0.0267579...
GetData ===>> H2,-0.083342860343738,H1,2.36887779545321,AX,0.063882620704379,L1,0.020939766201502,L2,0.01348435...
GetData ===>> H2,-0.095041128539722,H1,2.44634102896162,AX,0.194452124241878,L1,0.0163115303094858,L2,-0.007818...
Get Checksum: -173909521
GetData ===>> H2,-0.14922090534928,H1,2.45761729548362,AX,0.159921397924935,L1,0.0123852625029652,L2,0.06763470...
GetData ===>> H2,-0.188287531095155,H1,2.45334327376898,AX,0.104980777089219,L1,0.000297647175183191,L2,-0.0573...
GetData ===>> H2,-0.139761863637028,H1,2.54358271203274,AX,0.108310684450177,L1,-0.00924178721046226,L2,-0.0404...
Equilibration Finished
08:19:27 -- ******* Equilibration Finished *******
GetData ===>> H2,-0.110199796746113,H1,2.55405607857531,AX,-0.0230128227773369,L1,0.0465000612774076,L2,0.06331...
checking ownership. requestor=129.138.12.150
check software interlocks R
interlocks []
actuate state mode=None-script, software_lock=False
doing actuation None-script close_channel True
Close R ===>> OK
GetIndicatorState R ===>> False
change switch state (True, True)
update switch state R False args=() kw={} ncanvase=2
08:19:27 -- CLOSE  VALVE-R (Jan Inlet)
Post Equilibration Started jan_pump_extraction_line.py
08:19:27 -- ******* Post Equilibration Started jan_pump_extraction_line.py *******
testing...
no interpolation path defined
calculate duration
testing...
no interpolation path defined
executed 4.0
executed 4.0
Pump after analysis
doing GOSUB
testing...
no interpolation path defined
executed 4.0
Pump Microbone
close () {'description': 'Jan Inlet'}
closing name=--- desc=Jan Inlet
checking ownership. requestor=129.138.12.150
check software interlocks R
interlocks []
actuate state mode=None-script, software_lock=False
doing actuation None-script close_channel False
measurement finished
estimated time: 12.583 actual time: :12.655
flush and close file /Users/jan/PychronDev/data/isotopes/f9/cff34f-c549-49d1-aaeb-3922b77900cf.h5
set_fits () {}
Close R ===>> OK
using default fits file=/Users/jan/PychronDev/scripts/measurement/fits/nominal_linear.yaml
Get Checksum: -423938523
set "Ar40" to "('Linear', 'SEM')"
No fit for "PM41". defaulting to linear. check the measurement script "jan_unknown120_60.py"
set "PM41" to "linear"
set "Ar36" to "('Linear', 'SEM')"
set "Ar37" to "('linear', 'SEM')"
set "Ar38" to "('linear', 'SEM')"
set "Ar39" to "('Linear', 'SEM')"
set_baseline_fits () {}
using default fits file=/Users/jan/PychronDev/scripts/measurement/fits/nominal_linear.yaml
set "H1" to "('average', 'SEM')"
set "H2" to "('average', 'SEM')"
set "CDD" to "('average', 'SEM')"
set "L2" to "('average', 'SEM')"
set "L1" to "('average', 'SEM')"
set "AX" to "('average', 'SEM')"
multicollect () {'integration_time': 1, 'ncounts': 120}
build tables- signal [Detector(H2), Detector(H1), Detector(AX), Detector(L1), Detector(L2), Detector(CDD)]
add group /signal/PM41 (Group) '' table H2
add group /signal/Ar40 (Group) '' table H1
add group /signal/Ar39 (Group) '' table AX
add group /signal/Ar38 (Group) '' table L1
add group /signal/Ar37 (Group) '' table L2
add group /signal/Ar36 (Group) '' table CDD
flush and close file /Users/jan/PychronDev/data/isotopes/f9/cff34f-c549-49d1-aaeb-3922b77900cf.h5
measuring signal. ncounts=120
GetIndicatorState R ===>> False
change switch state (True, True)
update switch state R False args=() kw={} ncanvase=2
08:19:28 -- CLOSE  VALVE-R (Jan Inlet)
---------------------------------------- close None (Jan Inlet) result=[(True, True)]
action=close, ok=True, locked=[False]
is_closed ('F',) {}
is F () closed?
is closed True
open () {'description': 'CO2 Laser to Jan'}
opening name=--- desc=CO2 Laser to Jan
checking ownership. requestor=129.138.12.150
check software interlocks A
interlocks []
actuate state mode=None-script, software_lock=False
doing actuation None-script open_channel False
Open A ===>> OK
GetIndicatorState A ===>> OK
change switch state (True, True)
update switch state A True args=() kw={} ncanvase=2
08:19:28 -- OPEN   VALVE-A (CO2 Laser to Jan)
---------------------------------------- open None (CO2 Laser to Jan) result=[(True, True)], time=0.11 sec
starting measurement
GetData ===>> H2,-0.0332770792450809,H1,2.64611303165931,AX,0.178799155519487,L1,0.0407622671648418,L2,0.092026...
action=open, ok=True, locked=[False]
sleep (1,) {}
SLEEP 1.0
GetData ===>> H2,-0.0802744257837477,H1,2.52369438664075,AX,0.239735917441215,L1,0.0136566294624044,L2,0.064749...
close () {'description': 'CO2 Laser to Roughing'}
closing name=--- desc=CO2 Laser to Roughing
checking ownership. requestor=129.138.12.150
check software interlocks G
interlocks []
actuate state mode=None-script, software_lock=True
VALVE-G(CO2 Laser to Roughing) software locked
change switch state (True, False)
---------------------------------------- close None (CO2 Laser to Roughing) result=[(True, False)]
action=close, ok=True, locked=[True]
open () {'description': 'Microbone to Turbo'}
opening name=--- desc=Microbone to Turbo
checking ownership. requestor=129.138.12.150
check software interlocks U
interlocks []
actuate state mode=None-script, software_lock=False
doing actuation None-script open_channel True
Open U ===>> OK
GetIndicatorState U ===>> OK
change switch state (True, True)
update switch state U True args=() kw={} ncanvase=2
08:19:30 -- OPEN   VALVE-U (Microbone to Turbo)
---------------------------------------- open None (Microbone to Turbo) result=[(True, True)], time=0.15 sec
action=open, ok=True, locked=[False]
open () {'description': 'Microbone to Getter NP-10'}
opening name=--- desc=Microbone to Getter NP-10
checking ownership. requestor=129.138.12.150
check software interlocks M
interlocks []
actuate state mode=None-script, software_lock=False
doing actuation None-script open_channel False
Open M ===>> OK
GetIndicatorState M ===>> OK
change switch state (True, True)
update switch state M True args=() kw={} ncanvase=2
08:19:30 -- OPEN   VALVE-M (Microbone to Getter NP-10)
---------------------------------------- open None (Microbone to Getter NP-10) result=[(True, True)], time=0.14 sec
action=open, ok=True, locked=[False]
open () {'description': 'Microbone to Getter D-50'}
opening name=--- desc=Microbone to Getter D-50
checking ownership. requestor=129.138.12.150
check software interlocks K
interlocks []
actuate state mode=None-script, software_lock=False
doing actuation None-script open_channel False
GetData ===>> H2,-0.129984711889248,H1,2.57711984664983,AX,0.125135999028435,L1,-0.0178917614971287,L2,0.046137...
Open K ===>> OK
GetIndicatorState K ===>> OK
change switch state (True, True)
update switch state K True args=() kw={} ncanvase=2
08:19:31 -- OPEN   VALVE-K (Microbone to Getter D-50)
---------------------------------------- open None (Microbone to Getter D-50) result=[(True, True)], time=0.40 sec
Get Checksum: -110011688
action=open, ok=True, locked=[False]
open () {'description': 'Microbone to CO2 Laser'}
opening name=--- desc=Microbone to CO2 Laser
checking ownership. requestor=129.138.12.150
check software interlocks T
interlocks []
actuate state mode=None-script, software_lock=False
doing actuation None-script open_channel False
Open T ===>> OK
GetIndicatorState T ===>> OK
change switch state (True, True)
update switch state T True args=() kw={} ncanvase=2
08:19:31 -- OPEN   VALVE-T (Microbone to CO2 Laser)
---------------------------------------- open None (Microbone to CO2 Laser) result=[(True, True)], time=0.43 sec
GetData ===>> H2,-0.196904101160068,H1,2.63580516634379,AX,0.0192131930576442,L1,-0.0235576055512175,L2,-0.0040...
action=open, ok=True, locked=[False]
open () {'description': 'Microbone to Inlet Pipette'}
opening name=--- desc=Microbone to Inlet Pipette
checking ownership. requestor=129.138.12.150
check software interlocks S
interlocks []
actuate state mode=None-script, software_lock=False
doing actuation None-script open_channel False
Open S ===>> OK
GetIndicatorState S ===>> OK
change switch state (True, True)
update switch state S True args=() kw={} ncanvase=2
08:19:32 -- OPEN   VALVE-S (Microbone to Inlet Pipette)
---------------------------------------- open None (Microbone to Inlet Pipette) result=[(True, True)], time=0.41 sec
action=open, ok=True, locked=[False]
sleep (1,) {}
SLEEP 1.0
GetData ===>> H2,-0.209418545608703,H1,2.63991368580225,AX,0.0236224596049567,L1,0.00362994117251853,L2,-0.0655...
set_resource () {'name': 'CO2PumpTimeFlag', 'value': 30}
Set CO2PumpTimeFlag 30 ===>> OK
release ('JanCO2Flag',) {}
release JanCO2Flag
Set JanCO2Flag 0 ===>> OK
executed 6.0
PumpMicrobone.py completed successfully
gosub finished
get_resource_value () {'name': 'JanMiniboneFlag'}
Read JanMiniboneFlag ===>> 0
Get Resource Value JanMiniboneFlag=0.0
get resource value 0.0
get_resource_value () {'name': 'JanMiniboneFlag'}
Read JanMiniboneFlag ===>> 0
Get Resource Value JanMiniboneFlag=0.0
executed 4.0
jan_pump_extraction_line.py completed successfully
Post Equilibration Finished
08:19:33 -- ******* Post Equilibration Finished *******
GetData ===>> H2,-0.0853473946962558,H1,2.53307017051905,AX,-0.00382777744046979,L1,-0.0490091793094844,L2,0.07...
Get Checksum: -110011688
GetData ===>> H2,-0.178388298711705,H1,2.59945202215739,AX,0.0104764732183596,L1,-0.00915185739335961,L2,-0.010...
GetData ===>> H2,-0.0988017416432586,H1,2.64548462066856,AX,0.10139574277773,L1,-0.00778842294068424,L2,0.03823...
GetData ===>> H2,-0.187710380985726,H1,2.61049310802914,AX,0.0097571500812672,L1,-0.017638726194942,L2,0.100552...
Get Checksum: -110011688
GetData ===>> H2,-0.282938202988852,H1,2.61589328910399,AX,0.00946710193299333,L1,0.0459038013452397,L2,0.04387...
GetData ===>> H2,-0.149166883807889,H1,2.66890764674213,AX,0.111547881230836,L1,0.0770534506573651,L2,0.0002279...
Get Checksum: -110011688
GetData ===>> H2,-0.213479662846654,H1,2.68672630516267,AX,0.0592321860385612,L1,-0.00153488463167799,L2,-0.158...
GetData ===>> H2,-0.129088602818698,H1,2.74051556475319,AX,0.101175308081384,L1,-0.0506090033201556,L2,0.113741...
GetData ===>> H2,-0.0651830928411619,H1,2.78439474079824,AX,0.059580091169942,L1,-0.00832206703927178,L2,0.1313...
Get Checksum: -110011688
GetData ===>> H2,-0.11383444043746,H1,2.7850717821446,AX,0.142556162606453,L1,-0.00839881352654881,L2,0.0224787...
GetData ===>> H2,-0.114394762450446,H1,2.75888808067954,AX,0.0969059344818913,L1,-0.0188714637601055,L2,-0.0367...
GetData ===>> H2,-0.14371478678587,H1,2.75108021427057,AX,0.103240452689155,L1,0.003191734371025,L2,0.003009024...
Get Checksum: -110011688
GetData ===>> H2,-0.0611920514433815,H1,2.788650504291,AX,0.110433994927859,L1,-0.00585627476264601,L2,0.071832...
GetData ===>> H2,-0.0460556810872633,H1,2.89195584227862,AX,0.0430604229257407,L1,0.00199006505756049,L2,0.0130...
GetData ===>> H2,-0.178652822468285,H1,2.88909962163928,AX,-0.0131423920550252,L1,-0.0177706411275355,L2,0.0831...
Get Checksum: -110011688
GetData ===>> H2,-0.223823813350949,H1,2.85342783738567,AX,0.070760104504284,L1,-0.0146665841303221,L2,0.083387...
GetData ===>> H2,-0.2088850367543,H1,2.8421166425723,AX,0.0597308504462109,L1,-0.0134088531077022,L2,0.02527190...
GetData ===>> H2,-0.098445640414114,H1,2.94638688619566,AX,-0.0392603176256528,L1,-0.00810621440664817,L2,0.112...
Get Checksum: -110011688
GetData ===>> H2,-0.173078134117623,H1,2.95502517461912,AX,-0.00286494577240571,L1,-0.00769128467928719,L2,0.00...
08:19:53 -- collecting point 25
GetData ===>> H2,-0.208924107701314,H1,2.84728213348358,AX,0.107556514273834,L1,-0.00730512083933312,L2,0.04017...
GetData ===>> H2,-0.213064862698246,H1,2.84464491793199,AX,0.09453929713999,L1,0.0155621794439495,L2,-0.0152032...
Get Checksum: -110011688
GetData ===>> H2,-0.233349611005952,H1,2.91417901463402,AX,0.0280667382362054,L1,-0.00996239579682543,L2,0.0837...
GetData ===>> H2,-0.271284461700995,H1,2.87576358691861,AX,0.103774148865769,L1,-0.0295903901086744,L2,-0.08004...
GetData ===>> H2,-0.184708186409421,H1,2.94537066526532,AX,0.122965950375912,L1,0.0049831000325451,L2,0.0368898...
Get Checksum: -110011688
GetData ===>> H2,-0.19489838497126,H1,3.01218462927866,AX,0.0549530545976821,L1,0.0206297893852239,L2,0.0010599...
GetData ===>> H2,-0.294320693699618,H1,2.96541871093237,AX,0.120378201549483,L1,0.031865269010272,L2,0.06290145...
GetData ===>> H2,-0.231878725429341,H1,2.9468829024849,AX,0.0170782515421782,L1,-0.00746222654922655,L2,-0.0199...
Get Checksum: -110011688
GetData ===>> H2,-0.22255911633354,H1,2.96171611854634,AX,0.00596338857689596,L1,-0.0440058417307283,L2,0.10621...
GetData ===>> H2,-0.242271113351595,H1,2.98964619138251,AX,0.0901426088692059,L1,-0.00803066489170402,L2,0.0757...
Get Checksum: -110011688
GetData ===>> H2,-0.253849037399469,H1,2.93623723111114,AX,0.123012368022894,L1,-0.0300862713905516,L2,0.058829...
GetData ===>> H2,-0.201522470024712,H1,3.03013906775325,AX,0.0715023914947548,L1,-0.0254187491123671,L2,-0.0022...
GetData ===>> H2,-0.248183297362591,H1,3.07244078703952,AX,0.0953165687480365,L1,-0.0268218691836955,L2,-0.0100...
Get Checksum: -110011688
GetData ===>> H2,-0.154726645626185,H1,3.09500971301031,AX,0.0320586392565108,L1,-0.00777523137994359,L2,0.0570...
GetData ===>> H2,-0.172476474745973,H1,3.07529948275997,AX,0.0273820972377126,L1,-0.0662082275630184,L2,0.06020...
GetData ===>> H2,-0.201886465657981,H1,3.05283181745761,AX,0.141790120575889,L1,-0.0383926755217057,L2,-0.04692...
Get Checksum: -110011688
GetData ===>> H2,-0.0984862608900405,H1,3.10778039660515,AX,0.17206497236058,L1,-0.0212549675261794,L2,-0.00189...
GetData ===>> H2,-0.15143691723204,H1,3.14096397933692,AX,0.154059124120286,L1,-0.00710603679935307,L2,0.147082...
GetData ===>> H2,-0.149530173719125,H1,3.13994676500167,AX,0.162370888106039,L1,-0.0261101487099909,L2,-0.03747...
Get Checksum: -110011688
GetData ===>> H2,-0.145199648748667,H1,3.20572334760401,AX,0.126041167300821,L1,0.00394690263165051,L2,-0.02592...
GetData ===>> H2,-0.13429307189371,H1,3.17631850027598,AX,0.0226593659179314,L1,0.0344766938920875,L2,-0.013197...
GetData ===>> H2,-0.171521308579331,H1,3.16802077184193,AX,0.0415400602244737,L1,0.00825772734018658,L2,0.09256...
Get Checksum: -110011688
GetData ===>> H2,-0.119157736384136,H1,3.19050494444915,AX,0.029656516413346,L1,-0.0236486933538518,L2,0.103698...
GetData ===>> H2,-0.276441714281325,H1,3.20545676362165,AX,0.0220675901855034,L1,0.0176710718677464,L2,0.019594...
GetData ===>> H2,-0.223635262602545,H1,3.18370828829118,AX,0.13847067472136,L1,0.0333157100818587,L2,0.03360614...
Get Checksum: -110011688
08:20:20 -- collecting point 50
GetData ===>> H2,-0.227572626499775,H1,3.2286400642888,AX,0.112708193009622,L1,0.0105463261515543,L2,0.03401660...
GetData ===>> H2,-0.161381870281185,H1,3.20804992838364,AX,0.064972779668897,L1,-0.0321210450175174,L2,-0.04825...
GetData ===>> H2,-0.194729926250976,H1,3.27270653561322,AX,0.0802594854593771,L1,-0.0199397940819642,L2,0.05439...
Get Checksum: -110011688
GetData ===>> H2,-0.157716374485234,H1,3.34768317102705,AX,0.139329541472553,L1,0.00180640595588028,L2,0.034917...
GetData ===>> H2,-0.146443864696316,H1,3.21724771411775,AX,0.0669095815499947,L1,0.0125389225084955,L2,0.009255...
GetData ===>> H2,-0.0952727326786519,H1,3.21175802651037,AX,-0.00883898848406833,L1,-0.0194170338226941,L2,0.06...
Get Checksum: -110011688
GetData ===>> H2,-0.128838544673774,H1,3.22688265044067,AX,0.0470413323875269,L1,-0.0435700264395419,L2,0.00254...
GetData ===>> H2,-0.192677223757482,H1,3.34699216079641,AX,0.0813150294363738,L1,-0.0554246975439593,L2,-0.0174...
Get Checksum: -110011688
GetData ===>> H2,-0.258956926930661,H1,3.36922807139601,AX,0.02050114237522,L1,-0.0555946821064756,L2,0.1090108...
GetData ===>> H2,-0.284366345171982,H1,3.39332447894594,AX,0.0969639410211915,L1,-0.0425223161915533,L2,-0.0057...
GetData ===>> H2,-0.164372544251457,H1,3.42984983847729,AX,0.0911518574894617,L1,0.00346786246256052,L2,0.02742...
Get Checksum: -110011688
GetData ===>> H2,-0.19614880164245,H1,3.37156833797361,AX,-0.000278013518562215,L1,0.00508516463956833,L2,0.037...
GetData ===>> H2,-0.177546100291635,H1,3.36932507619554,AX,0.109180888064208,L1,-0.0247764358422499,L2,0.074615...
GetData ===>> H2,-0.18370053295926,H1,3.44034526619914,AX,0.100815652542716,L1,-0.0340153257505723,L2,0.0402991...
Get Checksum: -110011688
GetData ===>> H2,-0.0972960207430521,H1,3.47637768809192,AX,0.0560199207188906,L1,-0.0467196835531685,L2,0.1267...
GetData ===>> H2,-0.0873217864277014,H1,3.52213344383372,AX,0.0387547244994527,L1,0.00170917602266037,L2,0.0588...
GetData ===>> H2,-0.152653772451876,H1,3.47950943370592,AX,0.152097372656221,L1,-0.0460852824340604,L2,-0.02404...
Get Checksum: -110011688
GetData ===>> H2,-0.239187314896658,H1,3.43077193675294,AX,0.0242374521245786,L1,-0.0134364200080116,L2,-0.0146...
GetData ===>> H2,-0.247068104034131,H1,3.45416690750888,AX,0.11616600408638,L1,0.0350247823678802,L2,0.02154396...
GetData ===>> H2,-0.14457681403528,H1,3.49425906541072,AX,0.117465615827943,L1,0.0234800128281154,L2,0.06267335...
Get Checksum: -110011688
GetData ===>> H2,-0.188253819865319,H1,3.51516965177561,AX,0.192652137122575,L1,-0.0090763157260696,L2,-0.04741...
GetData ===>> H2,-0.203810055470482,H1,3.49792556049564,AX,0.0612848442824713,L1,-0.0170762694834937,L2,0.01129...
GetData ===>> H2,-0.192390112243861,H1,3.48826183811373,AX,-0.00749341085550942,L1,-0.0166013348560636,L2,-0.00...
Get Checksum: -110011688
GetData ===>> H2,-0.253383835759362,H1,3.59452926549733,AX,0.050511704039907,L1,-0.00292196264747675,L2,0.06368...
GetData ===>> H2,-0.281162984981408,H1,3.59959222208579,AX,0.116920240931917,L1,0.00906173795169626,L2,-0.09655...
08:20:46 -- collecting point 75
GetData ===>> H2,-0.204892352173372,H1,3.5673611483406,AX,0.150170483641633,L1,-0.0352092509800214,L2,-0.085899...
Get Checksum: -110011688
GetData ===>> H2,-0.195733365415925,H1,3.64421053660287,AX,0.148789183043387,L1,-0.0442237422881825,L2,0.065182...
GetData ===>> H2,-0.191481551759921,H1,3.67589484013637,AX,0.134861195892991,L1,-0.0482552472134559,L2,0.048030...
GetData ===>> H2,-0.119125268325905,H1,3.6488872394101,AX,0.0905950293710442,L1,0.0150386276087401,L2,-0.088336...
Get Checksum: -110011688
GetData ===>> H2,-0.178597488928266,H1,3.63633958366691,AX,0.125019952422372,L1,0.0199570042857212,L2,0.0176565...
GetData ===>> H2,-0.24224554188179,H1,3.58822823924123,AX,0.0583624286485254,L1,0.00767815948946339,L2,0.000763...
Get Checksum: -110011688
GetData ===>> H2,-0.232246128334398,H1,3.63695903477768,AX,0.200189079258423,L1,-0.00409531025021066,L2,0.10271...
GetData ===>> H2,-0.124644856926737,H1,3.72319885459962,AX,0.130126133885906,L1,-0.0071791946451149,L2,-0.00732...
GetData ===>> H2,-0.155784556695236,H1,3.68911574360971,AX,0.0280783423624776,L1,-0.0167332633901632,L2,0.00625...
Get Checksum: -110011688
GetData ===>> H2,-0.207719582648403,H1,3.67245622803296,AX,0.116351661844898,L1,-0.00332509135343179,L2,0.03522...
GetData ===>> H2,-0.209264962306332,H1,3.64987119641487,AX,0.0710384614626199,L1,0.0100746426496381,L2,-0.00902...
GetData ===>> H2,-0.109108499766795,H1,3.7019472219104,AX,0.114831599359768,L1,0.0126481665938068,L2,0.03254580...
Get Checksum: -110011688
GetData ===>> H2,-0.177114179368119,H1,3.71186814715581,AX,0.103611719285053,L1,0.0102966792063561,L2,0.0743414...
GetData ===>> H2,-0.213404245769755,H1,3.80310818754321,AX,0.1331087318983,L1,-0.0354836618628774,L2,0.08409420...
GetData ===>> H2,-0.0965038123002869,H1,3.75425849224673,AX,0.155533365716267,L1,-0.0340596251375049,L2,0.13530...
Get Checksum: -110011688
GetData ===>> H2,-0.0684467759662106,H1,3.7267938544898,AX,0.156311124209292,L1,-0.026380943917286,L2,-0.032386...
GetData ===>> H2,-0.0500506738700632,H1,3.78253256586498,AX,0.212930043618173,L1,-0.00887247030282377,L2,0.0011...
GetData ===>> H2,-0.160192132218484,H1,3.82887914375563,AX,0.043965688329841,L1,0.00909413972432586,L2,-0.02928...
Get Checksum: -110011688
GetData ===>> H2,-0.120422565552526,H1,3.79864755569523,AX,0.0524714764483019,L1,0.00129865998647619,L2,0.04513...
GetData ===>> H2,-0.0776537472287597,H1,3.84444211901587,AX,0.190968308307192,L1,-0.0183342581759809,L2,-0.0674...
GetData ===>> H2,-0.211494409985836,H1,3.87394533583756,AX,0.162103879076489,L1,-0.0281217673071043,L2,0.084025...
GetData ===>> H2,-0.249623872586569,H1,3.81370752847523,AX,0.0321746853391439,L1,0.0158635943277117,L2,0.045396...
GetData ===>> H2,-0.107480119716965,H1,3.834021958089,AX,0.173121511691434,L1,-0.0591122377920828,L2,-0.0237383...
Get Checksum: -110011688
GetData ===>> H2,-0.10580776028258,H1,3.82259383385806,AX,0.0880313409839038,L1,-0.0521367948190345,L2,0.037402...
GetData ===>> H2,-0.172949980652168,H1,3.88584146130231,AX,0.134547839089074,L1,0.0134873447178647,L2,0.0599475...
08:21:12 -- collecting point 100
GetData ===>> H2,-0.0618848903295507,H1,3.9056125053279,AX,0.182131587270859,L1,0.0113397164030391,L2,0.0453847...
Get Checksum: -110011688
GetData ===>> H2,-0.155029302042732,H1,3.92757973733582,AX,0.0686724526797934,L1,-0.0526691342861413,L2,-0.0236...
GetData ===>> H2,-0.231283857296238,H1,3.98565094155552,AX,0.138923319768002,L1,-0.0233059112815723,L2,0.063152...
Get Checksum: -110011688
GetData ===>> H2,-0.157239529790455,H1,3.96011986543734,AX,0.0918246957137236,L1,0.0191629353658961,L2,0.058008...
GetData ===>> H2,-0.235151285772643,H1,4.01492405191444,AX,0.223895343015527,L1,-0.00852712275306113,L2,0.02052...
GetData ===>> H2,-0.148130970963985,H1,4.00354717863414,AX,0.219353422071159,L1,0.0025314587599265,L2,-0.008821...
Get Checksum: -110011688
GetData ===>> H2,-0.062367547682364,H1,3.99866828768827,AX,0.15087855288611,L1,0.0313221583402152,L2,0.02964985...
GetData ===>> H2,-0.122462228451342,H1,4.09499496915242,AX,0.0836929451506176,L1,-0.000693665529262395,L2,-0.06...
GetData ===>> H2,-0.154834738131171,H1,3.98040797476058,AX,0.13670653974131,L1,0.00443557109050663,L2,-0.041888...
Get Checksum: -110011688
GetData ===>> H2,-0.122529850255044,H1,4.07042729604117,AX,0.231051330809782,L1,-0.0232987199241766,L2,0.041416...
GetData ===>> H2,-0.21054071819093,H1,4.02575455284528,AX,0.180076380698856,L1,-0.0280510859225514,L2,0.0759384...
GetData ===>> H2,-0.238669003341099,H1,4.062367716247,AX,0.202175027002762,L1,-0.0197191829734901,L2,0.01845456...
Get Checksum: -110011688
GetData ===>> H2,-0.21093271141898,H1,4.06166162022192,AX,0.148649893313939,L1,0.00312570486200785,L2,0.0716153...
GetData ===>> H2,-0.22142090270908,H1,4.08707479298547,AX,0.0966507061194567,L1,-0.0162787023351179,L2,0.016505...
GetData ===>> H2,-0.130027961215738,H1,4.03378690213783,AX,0.152062549022642,L1,-0.0062173064117594,L2,-0.02836...
Get Checksum: -110011688
GetData ===>> H2,-0.116695311815709,H1,4.05514872328017,AX,0.0908270407001498,L1,-0.0191544444525897,L2,0.07941...
GetData ===>> H2,-0.157989234096427,H1,4.10582385352682,AX,0.201269151081272,L1,-0.0138067679988483,L2,0.019206...
GetData ===>> H2,-0.111749908100373,H1,4.09466647037606,AX,0.197959291430851,L1,-0.00534289185046617,L2,0.01559...
Get Checksum: -110011688
GetData ===>> H2,-0.182012816047158,H1,4.06644612502285,AX,0.144668612750072,L1,0.00969419138466088,L2,0.063323...
GetData ===>> H2,-0.206323574328285,H1,4.13251161134507,AX,0.208156342217773,L1,-0.00169808019838782,L2,-0.0422...
GetData ===>> H2,-0.135397858626739,H1,4.19020678719197,AX,0.156171823724204,L1,-0.00633964642553175,L2,-0.1460...
Get Checksum: -110011688
measurement finished
estimated time: 125.829 actual time: :126.086
flush and close file /Users/jan/PychronDev/data/isotopes/f9/cff34f-c549-49d1-aaeb-3922b77900cf.h5
baselines () {'settling_time': 15.0, 'detector': 'H1', 'mass': 34.2, 'ncounts': 60}
%%%%%%%%%%%%%%%%%%%%%%%%%%%%%%%% Baseline
build tables- baseline [Detector(H2), Detector(H1), Detector(AX), Detector(L1), Detector(L2), Detector(CDD)]
add group baseline table H2
add group baseline table H1
add group baseline table AX
add group baseline table L1
add group baseline table L2
add group baseline table CDD
flush and close file /Users/jan/PychronDev/data/isotopes/f9/cff34f-c549-49d1-aaeb-3922b77900cf.h5
detector Detector(H1)
POSITION 34.2 H1
Mapping mass to dac mass func: "parabolic"
H1 map mass coeffs = [-0.00063987  0.15840543  0.57053999]
H1 map mass to dac 34.2 >> 5.23958599104
GetDeflection H1 ===>> 0
GetHighVoltage ===>> 4500
positioning 34.2 (5.23958599104) on H1
setting magnet DAC
current  : 5.878930
requested: 5.239586
Delta Dac: 0.639344
Checking detector protection. dv=0.63934
Checking detector "CDD". Protection Threshold: 0.1 (V)
ProtectDetector CDD,On ===>> OK
GetDeflection CDD ===>> 2000
SetMagnetDAC 5.23958599104 ===>> OK
Magnet settling time: 0.500
GetMagnetMoving ===>> True
GetMagnetMoving ===>> True
GetMagnetMoving ===>> True
GetMagnetMoving ===>> True
GetMagnetMoving ===>> True
GetMagnetMoving ===>> True
GetMagnetMoving ===>> True
Get Checksum: -110011688
GetMagnetMoving ===>> True
GetMagnetMoving ===>> True
GetMagnetMoving ===>> False
ProtectDetector CDD,Off ===>> OK
GetDeflection CDD ===>> 50
Delaying 15.0s for detectors to settle
Get Checksum: -110011688
Get Checksum: -110011688
Get Checksum: -110011688
Get Checksum: -110011688
Get Checksum: -110011688
Join finished
measuring baseline. ncounts=60
starting measurement
GetData ===>> H2,-0.236761650967515,H1,-0.0311432715740743,AX,-0.123133553137364,L1,-0.0653436273262301,L2,-0.0...
GetData ===>> H2,-0.22100465158798,H1,-0.0919774013722339,AX,-0.0345637830485823,L1,-0.0268697946782798,L2,0.05...
Get Checksum: -110011688
GetData ===>> H2,-0.227248155562429,H1,-0.0602714954982318,AX,-0.122797555361015,L1,0.0193467309287555,L2,-0.05...
GetData ===>> H2,-0.249430192497024,H1,0.00389813673333812,AX,-0.104478127061977,L1,-0.0423450926853954,L2,-0.0...
GetData ===>> H2,-0.258775502039527,H1,-0.065254517490909,AX,-0.133016003147839,L1,-0.0255253979045296,L2,-0.11...
Get Checksum: -110011688
GetData ===>> H2,-0.331281048426427,H1,0.0148734624123794,AX,-0.159973449156112,L1,-0.0156106162336706,L2,0.036...
GetData ===>> H2,-0.28784659983881,H1,0.000713131623553265,AX,-0.142652349450153,L1,-0.00340067618894213,L2,-0....
GetData ===>> H2,-0.189687132736243,H1,-0.0612371244062658,AX,-0.0632844750739819,L1,0.0136386203118506,L2,-0.0...
Get Checksum: -110011688
GetData ===>> H2,-0.185872204510907,H1,-0.0386675831990811,AX,-0.136414143103926,L1,-0.0158601042042471,L2,0.01...
GetData ===>> H2,-0.209489947661791,H1,-0.017357169684362,AX,-0.0579050632688488,L1,-0.0299425402024986,L2,-0.0...
GetData ===>> H2,-0.308447640874737,H1,0.00482860679127413,AX,-0.105694894336507,L1,-0.0470213092797234,L2,-0.1...
Get Checksum: -110011688
GetData ===>> H2,-0.294571687956833,H1,0.00652256166631133,AX,-0.0572326158832846,L1,-0.00535008898810962,L2,0....
GetData ===>> H2,-0.215270670582492,H1,-0.00061094180228134,AX,-0.101812774140238,L1,-0.0204661238717992,L2,0.0...
GetData ===>> H2,-0.204345151590948,H1,-0.0298315270159886,AX,0.0286005294737407,L1,-0.0384885100813097,L2,-0.0...
Get Checksum: -110011688
GetData ===>> H2,-0.152790264024443,H1,-0.0349472335730237,AX,-0.123121967026487,L1,-0.0301377745662726,L2,0.04...
GetData ===>> H2,-0.178048187658978,H1,-0.0441166918330847,AX,-0.122948175197365,L1,-0.00718039394962919,L2,-0....
GetData ===>> H2,-0.241600852536083,H1,-0.0437709147621977,AX,-0.171704597167443,L1,-0.00608057169578298,L2,0.0...
Get Checksum: -110011688
GetData ===>> H2,-0.194390305846423,H1,0.00200143609190313,AX,-0.104651951890089,L1,-0.030566558207155,L2,-0.09...
GetData ===>> H2,-0.153357835117042,H1,0.0508022100775165,AX,-0.0553891587028929,L1,-0.0507394190268163,L2,-0.1...
Get Checksum: -110011688
GetData ===>> H2,-0.216700579821821,H1,-0.000777940810370148,AX,-0.0491165050920518,L1,-0.0387915808618089,L2,0...
GetData ===>> H2,-0.136252405660351,H1,-0.118621663203844,AX,-0.151765441045528,L1,-0.0572022107262829,L2,-0.11...
GetData ===>> H2,-0.168985950148795,H1,-0.0591866420302843,AX,-0.0445943783027104,L1,-0.039204844471675,L2,0.02...
Get Checksum: -110011688
GetData ===>> H2,-0.100556358877433,H1,-0.114808965984125,AX,-0.0796759350192127,L1,-0.0176687070133106,L2,0.03...
GetData ===>> H2,-0.170394702587526,H1,-0.028901370457146,AX,-0.124570220194863,L1,-0.0398516577490633,L2,0.008...
08:22:18 -- collecting point 25
GetData ===>> H2,-0.180608217125035,H1,0.0360282182622963,AX,-0.0378339866439326,L1,-0.0358898720817155,L2,-0.0...
Get Checksum: -110011688
GetData ===>> H2,-0.276786879836662,H1,-0.0485759166607423,AX,-0.115880377753251,L1,-0.0185932715921362,L2,-0.0...
GetData ===>> H2,-0.297536218376364,H1,0.0277948716298273,AX,-0.200261476549293,L1,-0.011279980913762,L2,-0.012...
GetData ===>> H2,-0.160383903210292,H1,0.0482124271180108,AX,-0.0691272923507591,L1,0.0123120347310043,L2,-0.06...
Get Checksum: -110011688
GetData ===>> H2,-0.147184115165667,H1,0.0110796811495951,AX,-0.101024742768707,L1,0.0083477253387916,L2,-0.110...
GetData ===>> H2,-0.280793787353251,H1,-0.0198617065046978,AX,-0.0407677991929682,L1,-0.0538437700978273,L2,-0....
GetData ===>> H2,-0.236978232278318,H1,-0.0576725961014766,AX,-0.0465539923780061,L1,-0.0863841590055442,L2,-0....
Get Checksum: -110011688
GetData ===>> H2,-0.120279180236679,H1,-0.0280308314875686,AX,-0.0999006281479233,L1,-0.0214204010537387,L2,-0....
GetData ===>> H2,-0.101543212018044,H1,-0.0755416463762647,AX,0.0268135007461749,L1,0.0435841132910967,L2,-0.03...
GetData ===>> H2,-0.0782581558350307,H1,-0.104335215503037,AX,-0.0989851025198299,L1,-0.00786637271944751,L2,-0...
Get Checksum: -110011688
GetData ===>> H2,-0.163517953640358,H1,0.0247164898462106,AX,-0.0208091706302987,L1,-0.0300587230719964,L2,-0.0...
GetData ===>> H2,-0.214182633543004,H1,-0.010916644363834,AX,-0.0355958804479434,L1,-0.0314240706372595,L2,-0.0...
GetData ===>> H2,-0.219909393367301,H1,0.00518648219347568,AX,-0.0694750680306241,L1,-0.0391114124464696,L2,-0....
Get Checksum: -110011688
GetData ===>> H2,-0.244986742957479,H1,-0.0149122042421677,AX,-0.114965002492808,L1,-0.0450761430253101,L2,-0.0...
GetData ===>> H2,-0.189138369289144,H1,-0.0312982947949568,AX,-0.00596221368560558,L1,0.0222758993923241,L2,0.1...
GetData ===>> H2,-0.303931475745856,H1,0.0315176923317618,AX,-0.0782965621251781,L1,-0.0162199317286089,L2,-0.0...
Get Checksum: -110011688
GetData ===>> H2,-0.208057778810609,H1,-0.0131708753663194,AX,-0.0566181340366807,L1,-0.0517085102282973,L2,-0....
GetData ===>> H2,-0.206765572438561,H1,-0.113510232816094,AX,0.00507007786372004,L1,-0.0687944085439906,L2,0.01...
Get Checksum: -110011688
GetData ===>> H2,-0.290188551382894,H1,0.0273414606167368,AX,0.0341823044641776,L1,-0.044772064542437,L2,0.0038...
GetData ===>> H2,-0.302470451272006,H1,-0.00835224578386014,AX,-0.10988972769744,L1,-0.0367142246626214,L2,0.02...
GetData ===>> H2,-0.380363563870993,H1,-0.0584832692116287,AX,-0.0813798392440946,L1,-0.0385412186996031,L2,0.0...
Get Checksum: -110011688
GetData ===>> H2,-0.284319325497445,H1,-0.00975969127805494,AX,-0.0847411954581159,L1,-0.0161479672531316,L2,0....
GetData ===>> H2,-0.201209694050482,H1,-0.0303323769671458,AX,-0.076268037051673,L1,-0.0147625507768303,L2,-0.0...
GetData ===>> H2,-0.228799069395539,H1,-0.0511154398602496,AX,-0.0633656277164486,L1,-0.0231453030750036,L2,-0....
Get Checksum: -110011688
GetData ===>> H2,-0.339023174886615,H1,-0.0684492431543003,AX,0.00958312108859951,L1,-0.013944596295339,L2,-0.0...
08:22:44 -- collecting point 50
GetData ===>> H2,-0.232150577812793,H1,-0.107111640695589,AX,0.0128781228362869,L1,-0.0312276636326339,L2,-0.04...
GetData ===>> H2,-0.206368044431894,H1,-0.0136718086947816,AX,-0.0855757210756543,L1,0.0212641707513862,L2,-0.0...
Get Checksum: -110011688
GetData ===>> H2,-0.170675352643482,H1,-0.0396811160176867,AX,-0.0579050632688488,L1,0.000598900756287776,L2,-0...
GetData ===>> H2,-0.226064632798951,H1,-0.0354838309963188,AX,-0.0764535039577448,L1,-0.0148501195431886,L2,0.0...
GetData ===>> H2,-0.216934281918327,H1,-0.100879471366721,AX,-0.0342274792845286,L1,-0.024380961374192,L2,-0.07...
GetData ===>> H2,-0.274449754854513,H1,-0.0232486947105535,AX,-0.0542645167310396,L1,-0.0167272666761358,L2,-0....
GetData ===>> H2,-0.247051960499137,H1,-0.0273987916008743,AX,-0.0117272776449355,L1,0.00882532817199274,L2,-0....
Get Checksum: -110011688
GetData ===>> H2,-0.212368556808026,H1,-0.0902374129619464,AX,-0.0605136513907167,L1,-0.0193990484680431,L2,-0....
GetData ===>> H2,-0.109108499766795,H1,-0.100629223191029,AX,-0.0185822714600295,L1,-0.0524741458008487,L2,-0.0...
GetData ===>> H2,-0.232029456271767,H1,-0.0313698438928921,AX,-0.0620671773150417,L1,-0.0558328950674625,L2,0.0...
Get Checksum: -110011688
GetData ===>> H2,-0.243585947203086,H1,-0.0275895965155425,AX,-0.115973073501833,L1,-0.0118014524013262,L2,0.00...
measurement finished
estimated time: 62.915 actual time: :63.093
flush and close file /Users/jan/PychronDev/data/isotopes/f9/cff34f-c549-49d1-aaeb-3922b77900cf.h5
activate_detectors ('H1', 'AX', 'CDD') {'peak_center': True}
peak_center () {'detector': 'H1', 'integration_time': 0.262144, 'isotope': 'Ar40'}
peak center: mean=4.08896946023 threshold=3
peak center started
setup peak center. detector=['H1', 'AX', 'CDD'], isotope=Ar40
VersionedUnpickler [<apptools.sweet_pickle.versioned_unpickler.VersionedUnpickler object at 0x153e183b0>] using Updater [<apptools.sweet_pickle.updater.Updater object at 0x1356d5710>]
VersionedUnpickler [<apptools.sweet_pickle.versioned_unpickler.VersionedUnpickler object at 0x153e183b0>] using Updater [<apptools.sweet_pickle.updater.Updater object at 0x1356d5710>]
VersionedUnpickler [<apptools.sweet_pickle.versioned_unpickler.VersionedUnpickler object at 0x16ff3ee30>] using Updater [<apptools.sweet_pickle.updater.Updater object at 0x1356d5710>]
setting integration time = 0.524288
SetIntegrationTime 0.524288 ===>> OK
Mapping mass to dac mass func: "parabolic"
H1 map mass coeffs = [-0.00063987  0.15840543  0.57053999]
H1 map mass to dac 39.9624 >> 5.87893
GetDeflection H1 ===>> 0
GetHighVoltage ===>> 4500
do peak center. <pychron.spectrometer.jobs.peak_center.PeakCenter object at 0x1356efa10>
doing pc
starting peak center. center dac= 5.87893 step_width=0.001
width = 0.001
get scan parameters. half-width=0.015,window=0.015, i=0, scalar=1
Scan parameters center=5.87893 width=0.03000 (5.86393 - 5.89393)
GetData ===>> H2,-0.186399547591155,H1,-0.0469544033491197,AX,-0.044385659685421,L1,-0.00877174515806341,L2,-0....
Moving to starting dac 5.86393
setting magnet DAC
current  : 5.239586
requested: 5.863930
Delta Dac: 0.624344
Checking detector protection. dv=0.62434
Checking detector "CDD". Protection Threshold: 0.1 (V)
ProtectDetector CDD,On ===>> OK
GetDeflection CDD ===>> 2000
SetMagnetDAC 5.86393 ===>> OK
Magnet settling time: 0.500
GetMagnetMoving ===>> True
GetMagnetMoving ===>> True
GetMagnetMoving ===>> True
Get Checksum: -110011688
GetMagnetMoving ===>> True
GetMagnetMoving ===>> True
GetMagnetMoving ===>> True
GetMagnetMoving ===>> True
GetMagnetMoving ===>> True
GetMagnetMoving ===>> True
GetMagnetMoving ===>> False
ProtectDetector CDD,Off ===>> OK
GetDeflection CDD ===>> 50
Wait until signal near baseline. tol= -0.0352158025118. timeout= 10
GetData ===>> H2,0.0673942312624247,H1,0.0532488407661404,AX,-0.107537398668205,L1,0.00704785657138037,L2,0.060...
GetData ===>> H2,0.136124660854,H1,0.0571635742232292,AX,-0.23232925165836,L1,-0.0259559688614227,L2,-0.1476718...
GetData ===>> H2,0.0388403018389088,H1,-0.00800634513284919,AX,-0.159414483408307,L1,-0.047533573493968,L2,-0.0...
Get Checksum: -110011688
GetData ===>> H2,-0.0954337764483809,H1,-0.129356008323866,AX,-0.191513905965988,L1,-0.0448762184448117,L2,0.05...
Peak center baseline intensity achieved
_do_sweep sm= 5.86393, em= 5.89393, stm= 0.001
calculated step values: start=5.86393, end=5.89393, width=0.001, nsteps=31.0
setting magnet DAC
current  : 5.863930
requested: 5.863930
Delta Dac: 0.000000
Checking detector protection. dv=0.00000
Checking detector "CDD". Protection Threshold: 0.1 (V)
SetMagnetDAC 5.86393 ===>> OK
GetData ===>> H2,-0.0954337764483809,H1,-0.129356008323866,AX,-0.191513905965988,L1,-0.0448762184448117,L2,0.05...
setting magnet DAC
current  : 5.863930
requested: 5.864964
Delta Dac: 0.001034
Checking detector protection. dv=0.00103
Checking detector "CDD". Protection Threshold: 0.1 (V)
SetMagnetDAC 5.86496448276 ===>> OK
Magnet settling time: 1.049
GetData ===>> H2,-0.202439177371859,H1,0.00850285511628814,AX,-0.0810900617197679,L1,-0.0292665157475514,L2,-0....
setting magnet DAC
current  : 5.864964
requested: 5.865999
Delta Dac: 0.001034
Checking detector protection. dv=0.00103
Checking detector "CDD". Protection Threshold: 0.1 (V)
SetMagnetDAC 5.86599896552 ===>> OK
Magnet settling time: 1.049
GetData ===>> H2,-0.151563201491993,H1,0.0166391706455161,AX,0.00381713639053272,L1,-0.0115281327842547,L2,-0.1...
setting magnet DAC
current  : 5.865999
requested: 5.867033
Delta Dac: 0.001034
Checking detector protection. dv=0.00103
Checking detector "CDD". Protection Threshold: 0.1 (V)
SetMagnetDAC 5.86703344828 ===>> OK
Magnet settling time: 1.049
Get Checksum: -110011688
GetData ===>> H2,-0.234928851929948,H1,0.0895821810811938,AX,-0.0756189000963292,L1,-0.0288739988089664,L2,-0.0...
setting magnet DAC
current  : 5.867033
requested: 5.868068
Delta Dac: 0.001034
Checking detector protection. dv=0.00103
Checking detector "CDD". Protection Threshold: 0.1 (V)
SetMagnetDAC 5.86806793103 ===>> OK
Magnet settling time: 1.049
GetData ===>> H2,-0.381736693638023,H1,0.339235134397753,AX,-0.0200088846060302,L1,-0.0396839694149285,L2,-0.13...
setting magnet DAC
current  : 5.868068
requested: 5.869102
Delta Dac: 0.001034
Checking detector protection. dv=0.00103
Checking detector "CDD". Protection Threshold: 0.1 (V)
SetMagnetDAC 5.86910241379 ===>> OK
Magnet settling time: 1.049
GetData ===>> H2,-0.224678898968976,H1,1.08612973448603,AX,-0.0742510616208047,L1,-0.0364901704042179,L2,-0.031...
setting magnet DAC
current  : 5.869102
requested: 5.870137
Delta Dac: 0.001034
Checking detector protection. dv=0.00103
Checking detector "CDD". Protection Threshold: 0.1 (V)
SetMagnetDAC 5.87013689655 ===>> OK
Magnet settling time: 1.049
Get Checksum: -110011688
GetData ===>> H2,-0.120026222480964,H1,2.24116017656415,AX,0.00105608155379042,L1,-0.0550708905137317,L2,-0.048...
setting magnet DAC
current  : 5.870137
requested: 5.871171
Delta Dac: 0.001034
Checking detector protection. dv=0.00103
Checking detector "CDD". Protection Threshold: 0.1 (V)
SetMagnetDAC 5.87117137931 ===>> OK
Magnet settling time: 1.049
GetData ===>> H2,-0.199958503668268,H1,3.61583239481222,AX,0.00797046722265218,L1,0.00391208440794137,L2,0.0441...
setting magnet DAC
current  : 5.871171
requested: 5.872206
Delta Dac: 0.001034
Checking detector protection. dv=0.00103
Checking detector "CDD". Protection Threshold: 0.1 (V)
SetMagnetDAC 5.87220586207 ===>> OK
Magnet settling time: 1.049
GetData ===>> H2,-0.133372526996462,H1,4.48649162064678,AX,0.250183049162775,L1,-0.0236597291162255,L2,0.055264...
setting magnet DAC
current  : 5.872206
requested: 5.873240
Delta Dac: 0.001034
Checking detector protection. dv=0.00103
Checking detector "CDD". Protection Threshold: 0.1 (V)
Get Checksum: -110011688
SetMagnetDAC 5.87324034483 ===>> OK
Magnet settling time: 1.049
GetData ===>> H2,-0.206078311827491,H1,5.141302531503,AX,0.24303244696509,L1,0.0212858850910915,L2,-0.016805419...
setting magnet DAC
current  : 5.873240
requested: 5.874275
Delta Dac: 0.001034
Checking detector protection. dv=0.00103
Checking detector "CDD". Protection Threshold: 0.1 (V)
SetMagnetDAC 5.87427482759 ===>> OK
Magnet settling time: 1.049
GetData ===>> H2,-0.323997190295653,H1,5.34017036429637,AX,0.269571249658897,L1,0.0312560738606589,L2,-0.055961...
setting magnet DAC
current  : 5.874275
requested: 5.875309
Delta Dac: 0.001034
Checking detector protection. dv=0.00103
Checking detector "CDD". Protection Threshold: 0.1 (V)
SetMagnetDAC 5.87530931034 ===>> OK
Magnet settling time: 1.049
Get Checksum: -110011688
GetData ===>> H2,-0.149677177216485,H1,5.2792235820766,AX,0.188213118992811,L1,0.0284665022538726,L2,0.09542329...
setting magnet DAC
current  : 5.875309
requested: 5.876344
Delta Dac: 0.001034
Checking detector protection. dv=0.00103
Checking detector "CDD". Protection Threshold: 0.1 (V)
SetMagnetDAC 5.8763437931 ===>> OK
Magnet settling time: 1.049
GetData ===>> H2,-0.106929264216673,H1,5.25398863403954,AX,0.269571249658897,L1,-0.00413369968166601,L2,0.04111...
setting magnet DAC
current  : 5.876344
requested: 5.877378
Delta Dac: 0.001034
Checking detector protection. dv=0.00103
Checking detector "CDD". Protection Threshold: 0.1 (V)
SetMagnetDAC 5.87737827586 ===>> OK
Magnet settling time: 1.049
GetData ===>> H2,-0.174784460491762,H1,5.37172311367262,AX,0.298370425360522,L1,0.0199391884105319,L2,0.0103169...
setting magnet DAC
current  : 5.877378
requested: 5.878413
Delta Dac: 0.001034
Checking detector protection. dv=0.00103
Checking detector "CDD". Protection Threshold: 0.1 (V)
SetMagnetDAC 5.87841275862 ===>> OK
Magnet settling time: 1.049
Get Checksum: -110011688
GetData ===>> H2,-0.198539960995521,H1,5.32736094908646,AX,0.238482336885398,L1,0.0526721308469561,L2,0.0758888...
setting magnet DAC
current  : 5.878413
requested: 5.879447
Delta Dac: 0.001034
Checking detector protection. dv=0.00103
Checking detector "CDD". Protection Threshold: 0.1 (V)
SetMagnetDAC 5.87944724138 ===>> OK
Magnet settling time: 1.049
GetData ===>> H2,-0.186254010575839,H1,5.38098499847617,AX,0.179373431079347,L1,0.0318760834577412,L2,0.0595714...
setting magnet DAC
current  : 5.879447
requested: 5.880482
Delta Dac: 0.001034
Checking detector protection. dv=0.00103
Checking detector "CDD". Protection Threshold: 0.1 (V)
SetMagnetDAC 5.88048172414 ===>> OK
Magnet settling time: 1.049
GetData ===>> H2,-0.193772741032384,H1,5.4243984772371,AX,0.217638119877216,L1,0.0542032547543831,L2,0.08019657...
setting magnet DAC
current  : 5.880482
requested: 5.881516
Delta Dac: 0.001034
Checking detector protection. dv=0.00103
Checking detector "CDD". Protection Threshold: 0.1 (V)
SetMagnetDAC 5.8815162069 ===>> OK
Magnet settling time: 1.049
Get Checksum: -110011688
GetData ===>> H2,-0.192541961566519,H1,5.40632468323714,AX,0.202622833322658,L1,0.0332652355559496,L2,0.0689148...
setting magnet DAC
current  : 5.881516
requested: 5.882551
Delta Dac: 0.001034
Checking detector protection. dv=0.00103
Checking detector "CDD". Protection Threshold: 0.1 (V)
SetMagnetDAC 5.88255068966 ===>> OK
Magnet settling time: 1.049
GetData ===>> H2,-0.110439434771575,H1,5.31026788778151,AX,0.15492345885015,L1,0.0298215466109371,L2,-0.0034387...
setting magnet DAC
current  : 5.882551
requested: 5.883585
Delta Dac: 0.001034
Checking detector protection. dv=0.00103
Checking detector "CDD". Protection Threshold: 0.1 (V)
SetMagnetDAC 5.88358517241 ===>> OK
Magnet settling time: 1.049
GetData ===>> H2,-0.215817342738995,H1,5.32238946468973,AX,0.0827228427323617,L1,0.00620404241589681,L2,0.11099...
setting magnet DAC
current  : 5.883585
requested: 5.884620
Delta Dac: 0.001034
Checking detector protection. dv=0.00103
Checking detector "CDD". Protection Threshold: 0.1 (V)
SetMagnetDAC 5.88461965517 ===>> OK
Magnet settling time: 1.049
Get Checksum: -110011688
GetData ===>> H2,-0.243951974009212,H1,5.28301792698753,AX,0.268131514194618,L1,-0.0551928767473592,L2,0.035351...
setting magnet DAC
current  : 5.884620
requested: 5.885654
Delta Dac: 0.001034
Checking detector protection. dv=0.00103
Checking detector "CDD". Protection Threshold: 0.1 (V)
SetMagnetDAC 5.88565413793 ===>> OK
Magnet settling time: 1.049
GetData ===>> H2,0.0165784862024172,H1,4.80133722410379,AX,0.274424708137028,L1,-0.05016150903218,L2,-0.0375690...
setting magnet DAC
current  : 5.885654
requested: 5.886689
Delta Dac: 0.001034
Checking detector protection. dv=0.00103
Checking detector "CDD". Protection Threshold: 0.1 (V)
SetMagnetDAC 5.88668862069 ===>> OK
Magnet settling time: 1.049
Get Checksum: -110011688
GetData ===>> H2,-0.195454151329493,H1,3.66179979961532,AX,0.0177628200806872,L1,-0.0116599984384669,L2,-0.0839...
setting magnet DAC
current  : 5.886689
requested: 5.887723
Delta Dac: 0.001034
Checking detector protection. dv=0.00103
Checking detector "CDD". Protection Threshold: 0.1 (V)
SetMagnetDAC 5.88772310345 ===>> OK
Magnet settling time: 1.049
GetData ===>> H2,-0.207433927015091,H1,2.28219432928312,AX,-0.0240682385035825,L1,-0.0137000995866446,L2,-0.089...
setting magnet DAC
current  : 5.887723
requested: 5.888758
Delta Dac: 0.001034
Checking detector protection. dv=0.00103
Checking detector "CDD". Protection Threshold: 0.1 (V)
SetMagnetDAC 5.88875758621 ===>> OK
Magnet settling time: 1.049
GetData ===>> H2,-0.210470669859964,H1,1.10294091015237,AX,-0.0413012101544513,L1,0.0383788670475119,L2,0.01494...
setting magnet DAC
current  : 5.888758
requested: 5.889792
Delta Dac: 0.001034
Checking detector protection. dv=0.00103
Checking detector "CDD". Protection Threshold: 0.1 (V)
SetMagnetDAC 5.88979206897 ===>> OK
Magnet settling time: 1.049
Get Checksum: -110011688
GetData ===>> H2,-0.29076993526374,H1,0.41837467412329,AX,0.00558054012453762,L1,0.0161377216498826,L2,0.054786...
setting magnet DAC
current  : 5.889792
requested: 5.890827
Delta Dac: 0.001034
Checking detector protection. dv=0.00103
Checking detector "CDD". Protection Threshold: 0.1 (V)
SetMagnetDAC 5.89082655172 ===>> OK
Magnet settling time: 1.049
GetData ===>> H2,-0.249806789619865,H1,0.11301288408252,AX,-0.0658117684598956,L1,0.0255720262919098,L2,0.00507...
setting magnet DAC
current  : 5.890827
requested: 5.891861
Delta Dac: 0.001034
Checking detector protection. dv=0.00103
Checking detector "CDD". Protection Threshold: 0.1 (V)
SetMagnetDAC 5.89186103448 ===>> OK
Magnet settling time: 1.049
GetData ===>> H2,-0.0677997979563169,H1,-0.0399434404868558,AX,0.0267438769141665,L1,-0.0135514810373962,L2,0.0...
setting magnet DAC
current  : 5.891861
requested: 5.892896
Delta Dac: 0.001034
Checking detector protection. dv=0.00103
Checking detector "CDD". Protection Threshold: 0.1 (V)
SetMagnetDAC 5.89289551724 ===>> OK
Magnet settling time: 1.049
Get Checksum: -110011688
GetData ===>> H2,-0.142505262551444,H1,-0.0536787429952888,AX,-0.0168772673443643,L1,-0.0365237189533299,L2,0.0...
setting magnet DAC
current  : 5.892896
requested: 5.893930
Delta Dac: 0.001034
Checking detector protection. dv=0.00103
Checking detector "CDD". Protection Threshold: 0.1 (V)
SetMagnetDAC 5.89393 ===>> OK
Magnet settling time: 1.049
GetData ===>> H2,-0.211074148938295,H1,0.00344483394079123,AX,0.00787765342471305,L1,-0.0353662293015221,L2,-0....
result of _do_sweep=True
result of _calculate_peak_center=([5.8716792916868235, 5.8790222534724634, 5.8863652152581034], [4.0433103714246705, 5.4240504733993369, 4.0180479724012486], 5.8804734316909695, 5.4240504733993369)
Failed to find a valid peak. No peak greater than 1.0. max = 0.297290279476
Failed to find a valid peak. No peak greater than 1.0. max = 0.0175410785612
new center pos Detector(H1) (Ar40) @ 5.87902225347
GetHighVoltage ===>> 4500
GetDeflection H1 ===>> 0
dac uncorrected for HV and deflection 5.87902225347
update mftable H1 Ar40 5.87902225347 message=automated run peakcenter
get initial guess parabolic
get initial guess parabolic
get initial guess parabolic
get initial guess parabolic
get initial guess parabolic
get initial guess parabolic
dump mftable to /Users/jan/PychronDev/setupfiles/spectrometer/mftables/mftable.csv
add to repo msg=modified - automated run peakcenter
locally archiving mftable
setting magnet DAC
current  : 5.893930
requested: 5.879022
Delta Dac: 0.014908
Checking detector protection. dv=0.01491
Checking detector "CDD". Protection Threshold: 0.1 (V)
Get Checksum: -110011688
SetMagnetDAC 5.87902225347 ===>> OK
Magnet settling time: 0.500
sweep finished
setting integration time = 1.048576
SetIntegrationTime 1.048576 ===>> OK
Failed to find a valid peak. No peak greater than 1.0. max = 0.297290279476
Failed to find a valid peak. No peak greater than 1.0. max = 0.0175410785588
flush and close file /Users/jan/PychronDev/data/isotopes/f9/cff34f-c549-49d1-aaeb-3922b77900cf.h5
finished measure script
executed 226.132928
jan_unknown120_60.py completed successfully
Measurement Finished
08:23:34 -- ******* Measurement Finished *******
Post Measurement Started jan_pump_ms.py
08:23:34 -- ******* Post Measurement Started jan_pump_ms.py *******
testing...
no interpolation path defined
executed 0
Pumping spectrometer
open () {'name': 'O'}
opening name=O desc=---
checking ownership. requestor=129.138.12.150
check software interlocks O
interlocks []
actuate state mode=None-script, software_lock=False
doing actuation None-script open_channel True
Open O ===>> OK
GetIndicatorState O ===>> OK
change switch state (True, True)
update switch state O True args=() kw={} ncanvase=2
08:23:34 -- OPEN   VALVE-O (Jan Ion Pump)
---------------------------------------- open O () result=[(True, True)], time=0.12 sec
action=open, ok=True, locked=[False]
executed 0
jan_pump_ms.py completed successfully
setting _ms_pumptime
Post Measurement Finished
08:23:34 -- ******* Post Measurement Finished *******
$$$$$$$$$$$$$$$$$$$$ state at run end measurement
state changed from measurement to success
post measurement save measured=True aborted=False
Set filtering
setting fod for Ar40= {'filter_outliers': True, 'std_devs': 2, 'iterations': 1}
setting fod for H1= {'filter_outliers': True, 'std_devs': 2, 'iterations': 1}
setting fod for PM41= {'filter_outliers': False, 'std_devs': 2, 'iterations': 1}
setting fod for H2= {'filter_outliers': True, 'std_devs': 2, 'iterations': 1}
setting fod for Ar36= {'filter_outliers': True, 'std_devs': 2, 'iterations': 1}
setting fod for CDD= {'filter_outliers': True, 'std_devs': 10, 'iterations': 1}
setting fod for Ar37= {'filter_outliers': True, 'std_devs': 2, 'iterations': 1}
setting fod for L2= {'filter_outliers': True, 'std_devs': 2, 'iterations': 1}
setting fod for Ar38= {'filter_outliers': True, 'std_devs': 2, 'iterations': 1}
setting fod for L1= {'filter_outliers': True, 'std_devs': 2, 'iterations': 1}
setting fod for Ar39= {'filter_outliers': True, 'std_devs': 2, 'iterations': 1}
setting fod for AX= {'filter_outliers': True, 'std_devs': 2, 'iterations': 1}
persistence save...
persistence save - db
post measurement save
6170259632 connecting to database sqlite:////Users/jan/PychronDev/.appdata/local_lab.db
connected to db sqlite:////Users/jan/PychronDev/.appdata/local_lab.db
create new session 6170259632
close session 6170259632
No database instance. Not saving post measurement to isotopedb database
$$$$$$$$$$$$$$$ auto_save_detector_ic=False
massspec enabled True
create new session 4979649712
MassSpec Database Version: 16.0
close session 4979649712
saving post measurement to secondary database
saving to massspec database 129.138.12.160/massspecdata
setting labnumber to 65572
setting aliquot to 4
setting step to B
setting uuid to f9cff34f-c549-49d1-aaeb-3922b77900cf
setting irradpos to 65572
setting extract_device to Fusions CO2
setting tray to 
setting position to 204
setting power_requested to 0.4
setting extract_value to 0.4
setting duration to 30.0
setting duration_at_request to 30.0
setting first_stage_delay to 30.0
setting cleanup to 30.0
setting comment to M:15 with inclusions
setting irradiation to NM-289
setting level to M
setting irradiation_level to M
setting sample to NM-2602 W
setting material to Sanidine
setting project to JoyitaHills
setting mass_spectrometer to Jan
no attribute chron_dosages
no attribute production_ratios
no attribute interference_corrections
no attribute production_name
no attribute j
Reference Isotope=Ar40
Reference Detector=H1
%%%%%%%%%%%%%%%%%%%% Comment: M:15 with inclusions %%%%%%%%%%%%%%%%%%%
adding isotope PM41 H2
add baseline dbdet= PM41. original det= H2
get baseline data PM41 H2
Get data baseline <pychron.processing.isotope.Baseline object at 0x15e407a90> len t=60
baseline PM41. v=-0.219008459931, e=0.00744955915613
get signal data PM41 H2
Get data signal PM41 0.05+/-0.06 len t=120
adding isotope Ar40 H1
add baseline dbdet= Ar40. original det= H1
get baseline data Ar40 H1
Get data baseline <pychron.processing.isotope.Baseline object at 0x15e407dd0> len t=60
baseline Ar40. v=-0.0299824370181, e=0.00537119402906
get signal data Ar40 H1
Get data signal Ar40 2.422+/-0.009 len t=120
adding isotope Ar39 AX
add baseline dbdet= Ar39. original det= AX
get baseline data Ar39 AX
Get data baseline <pychron.processing.isotope.Baseline object at 0x15694b0d0> len t=60
baseline Ar39. v=-0.0754540773557, e=0.00604621831125
get signal data Ar39 AX
Get data signal Ar39 0.104+/-0.011 len t=120
adding isotope Ar38 L1
add baseline dbdet= Ar38. original det= L1
get baseline data Ar38 L1
Get data baseline <pychron.processing.isotope.Baseline object at 0x1499b5250> len t=60
baseline Ar38. v=-0.0240180437231, e=0.00285013583815
get signal data Ar38 L1
Get data signal Ar38 0.014+/-0.005 len t=120
adding isotope Ar37 L2
add baseline dbdet= Ar37. original det= L2
get baseline data Ar37 L2
Get data baseline <pychron.processing.isotope.Baseline object at 0x1499b53d0> len t=60
baseline Ar37. v=-0.0247662245195, e=0.00693017585664
get signal data Ar37 L2
Get data signal Ar37 0.066+/-0.011 len t=120
adding isotope Ar36 CDD
add baseline dbdet= Ar36. original det= CDD
get baseline data Ar36 CDD
Get data baseline <pychron.processing.isotope.Baseline object at 0x16e4734d0> len t=60
baseline Ar36. v=1.48865411202e-05, e=5.81418773012e-06
get signal data Ar36 CDD
Get data signal Ar36 0.01117+/-0.00029 len t=120
65572-04B added analysis time 0.514559984207s
analysis added to mass spec database
mass spec save time= 0.530
persistence save - dvc
================= post measurement started
create new session 4984345712
close session 4984345712
---------------- Experiment Queue saving disabled
DVC saving peakcenter
Failed to find a valid peak. No peak greater than 1.0. max = 0.297290279476
Failed to find a valid peak. No peak greater than 1.0. max = 0.0175410785588
Get Checksum: 2035439760
Smart pull ahead: 0 behind: 0
Up-to-date with origin
add to repo msg=modified - ad8224ebc6dbfeb9f5997218dfa5fe690569839d.json
add to repo msg=modified - 72-04B.json
add to repo msg=modified - 72-04B.dat.json
add to repo msg=modified - 72-04B.blan.json
add to repo msg=modified - 72-04B.inte.json
add to repo msg=modified - 72-04B.icfa.json
add to repo msg=modified - 72-04B.base.json
not at valid file /Users/jan/PychronDev/data/.dvc/repositories/Load1783/655/tags/72-04B.tags.json
add to repo msg=modified - 72-04B.peak.json
add to repo msg=modified - 72-04B.extr.json
not at valid file /Users/jan/PychronDev/data/.dvc/repositories/Load1783/655/monitor/72-04B.moni.json
commit message=<COLLECTION>
Get Checksum: 2035439760
add to repo msg=modified - 72-04B.inte.json
add to repo msg=modified - 72-04B.base.json
commit message=<ISOEVO> default collection fits
add to repo msg=modified - 72-04B.blan.json
commit message=<BLANKS> preceding ba-01-J-2237
add to repo msg=modified - 72-04B.icfa.json
commit message=<ICFactor> default
Get Checksum: 2035439760
push repository <pychron.git_archive.repo_manager.GitRepoManager object at 0x1704da590>
pushing to remote=origin, url=https://github.com
Get Checksum: 2035439760
no changes to meta repo
create new session 4984345712
add association Load1783
get identifier "65572"
setting analysis irradiation position=<pychron.dvc.dvc_orm.IrradiationPositionTbl object at 0x1389edc10>
close session 4984345712
================= post measurement finished
08:23:48 -- ******* Post Run Check *******
loading queue conditionals post_run_actions
loading system conditionals post_run_actions
loading conditionals from /Users/jan/PychronDev/setupfiles/spectrometer/default_conditionals.yaml
loading queue conditionals post_run_terminations
loading system conditionals post_run_terminations
loading conditionals from /Users/jan/PychronDev/setupfiles/spectrometer/default_conditionals.yaml
Checking default post run terminations n=1
GetDeflection CDD ===>> 50
testing CDD==2000
evaluate ot="CDD.deflection==2000" t="CDD==2000", ctx="{'CDD': 50.0}"
08:23:48 -- ******* Post Run Check Passed *******
08:23:48 -- Automated run 65572-04B success duration: 353.289 s
----------------- finish -----------------
----------------- stop -----------------
retroactive repository identifiers disabled
finish run. runs completed=92
update duration runid=65572-04B, duration=353.288850069, md5=301e91d8
loading script "jan_unknown120_60.py"
loading script "jan_pump_ms.py"
loading script "jan_co2.py"
loading script "jan_pump_extraction_line.py"
testing...
no interpolation path defined
executed 213.652928
script duration name:unknown120_60 seconds:214.0
loading script "jan_unknown120_60.py"
loading script "jan_pump_ms.py"
loading script "jan_co2.py"
loading script "jan_pump_extraction_line.py"
testing...
no interpolation path defined
executed 0
loading script "jan_unknown120_60.py"
loading script "jan_pump_ms.py"
loading script "jan_co2.py"
loading script "jan_pump_extraction_line.py"
testing...
no interpolation path defined
calculate duration
testing...
no interpolation path defined
executed 0
calculate duration
testing...
no interpolation path defined
executed 0
executed 0.0
script duration name:co2 seconds:0.0
loading script "jan_unknown120_60.py"
loading script "jan_pump_ms.py"
loading script "jan_co2.py"
loading script "jan_pump_extraction_line.py"
testing...
no interpolation path defined
calculate duration
testing...
no interpolation path defined
executed 4.0
executed 4.0
Script duration 214.0
Run total estimated duration= 215.000
unknown120_60 in script context. using previous estimated duration
script duration name:unknown120_60 seconds:214.0
pump_ms in script context. using previous estimated duration
co2 in script context. using previous estimated duration
script duration name:co2 seconds:0.0
pump_extraction_line in script context. using previous estimated duration
Script duration 214.0
Run total estimated duration= 215.000
script duration name:unknown120_60 seconds:214.0
script duration name:co2 seconds:0.0
Script duration 214.0
Run total estimated duration= 215.000
script duration name:unknown120_60 seconds:214.0
script duration name:co2 seconds:0.0
Script duration 214.0
Run total estimated duration= 215.000
script duration name:unknown120_60 seconds:214.0
script duration name:co2 seconds:0.0
Script duration 214.0
Run total estimated duration= 215.000
script duration name:unknown120_60 seconds:214.0
script duration name:co2 seconds:0.0
Script duration 214.0
Run total estimated duration= 215.000
script duration name:unknown120_60 seconds:214.0
script duration name:co2 seconds:0.0
Script duration 214.0
Run total estimated duration= 215.000
loading script "jan_unknown400_120.py"
loading script "jan_pump_ms.py"
loading script "jan_co2.py"
loading script "jan_pump_extraction_line.py"
testing...
no interpolation path defined
executed 556.052928
script duration name:unknown400_120 seconds:556.0
script duration name:co2 seconds:0.0
Script duration 556.0
Run total estimated duration= 557.000
unknown400_120 in script context. using previous estimated duration
script duration name:unknown400_120 seconds:556.0
loading script "jan_unknown400_120.py"
loading script "jan_pump_ms.py"
loading script "jan_cocktail_x1.py"
loading script "jan_pump_extraction_line.py"
testing...
no interpolation path defined
calculate duration
testing...
no interpolation path defined
executed 0
calculate duration
testing...
no interpolation path defined
executed 0
calculate duration
testing...
no interpolation path defined
executed 32.0
calculate duration
testing...
no interpolation path defined
executed 34.0
calculate duration
testing...
no interpolation path defined
executed 4.0
calculate duration
testing...
no interpolation path defined
executed 38.0
executed 108.0
script duration name:cocktail_x1 seconds:108.0
Script duration 664.0
Run total estimated duration= 665.000
script duration name:unknown120_60 seconds:214.0
cocktail_x1 in script context. using previous estimated duration
script duration name:cocktail_x1 seconds:108.0
Script duration 322.0
Run total estimated duration= 323.000
script duration name:unknown400_120 seconds:556.0
loading script "jan_unknown400_120.py"
loading script "jan_pump_ms.py"
loading script "jan_sniffair_x2.py"
loading script "jan_pump_extraction_line.py"
testing...
no interpolation path defined
calculate duration
testing...
no interpolation path defined
executed 0
calculate duration
testing...
no interpolation path defined
executed 0
calculate duration
testing...
no interpolation path defined
executed 32.0
calculate duration
testing...
no interpolation path defined
executed 34.0
calculate duration
testing...
no interpolation path defined
executed 4.0
calculate duration
testing...
no interpolation path defined
executed 36.0
calculate duration
testing...
no interpolation path defined
executed 34.0
calculate duration
testing...
no interpolation path defined
executed 4.0
calculate duration
testing...
no interpolation path defined
executed 36.0
calculate duration
testing...
no interpolation path defined
executed 70.0
executed 250.0
script duration name:sniffair_x2 seconds:250.0
Script duration 806.0
Run total estimated duration= 807.000
script duration name:unknown400_120 seconds:556.0
sniffair_x2 in script context. using previous estimated duration
script duration name:sniffair_x2 seconds:250.0
Script duration 806.0
Run total estimated duration= 807.000
loading script "jan_ic_peak_hop3.py"
loading script "jan_pump_ms.py"
loading script "jan_air_x1.py"
loading script "jan_pump_extraction_line.py"
testing...
no interpolation path defined
executed 133.8
script duration name:ic_peak_hop3 seconds:134.0
loading script "jan_ic_peak_hop3.py"
loading script "jan_pump_ms.py"
loading script "jan_air_x1.py"
loading script "jan_pump_extraction_line.py"
testing...
no interpolation path defined
calculate duration
testing...
no interpolation path defined
executed 0
calculate duration
testing...
no interpolation path defined
executed 0
calculate duration
testing...
no interpolation path defined
executed 32.0
calculate duration
testing...
no interpolation path defined
executed 34.0
calculate duration
testing...
no interpolation path defined
executed 4.0
calculate duration
testing...
no interpolation path defined
executed 36.0
executed 106.0
script duration name:air_x1 seconds:106.0
Script duration 240.0
Run total estimated duration= 241.000
script duration name:unknown120_60 seconds:214.0
script duration name:co2 seconds:0.0
Script duration 214.0
Run total estimated duration= 215.000
script duration name:unknown120_60 seconds:214.0
script duration name:co2 seconds:0.0
Script duration 214.0
Run total estimated duration= 215.000
script duration name:unknown120_60 seconds:214.0
script duration name:co2 seconds:0.0
Script duration 214.0
Run total estimated duration= 215.000
script duration name:unknown120_60 seconds:214.0
script duration name:co2 seconds:0.0
Script duration 214.0
Run total estimated duration= 215.000
script duration name:unknown120_60 seconds:214.0
script duration name:co2 seconds:0.0
Script duration 214.0
Run total estimated duration= 215.000
script duration name:unknown120_60 seconds:214.0
script duration name:co2 seconds:0.0
Script duration 214.0
Run total estimated duration= 215.000
script duration name:unknown120_60 seconds:214.0
script duration name:co2 seconds:0.0
Script duration 214.0
Run total estimated duration= 215.000
script duration name:unknown120_60 seconds:214.0
script duration name:co2 seconds:0.0
Script duration 214.0
Run total estimated duration= 215.000
script duration name:unknown120_60 seconds:214.0
script duration name:co2 seconds:0.0
Script duration 214.0
Run total estimated duration= 215.000
script duration name:unknown120_60 seconds:214.0
script duration name:co2 seconds:0.0
Script duration 214.0
Run total estimated duration= 215.000
script duration name:unknown120_60 seconds:214.0
script duration name:co2 seconds:0.0
Script duration 214.0
Run total estimated duration= 215.000
script duration name:unknown120_60 seconds:214.0
script duration name:co2 seconds:0.0
Script duration 214.0
Run total estimated duration= 215.000
script duration name:unknown120_60 seconds:214.0
script duration name:co2 seconds:0.0
Script duration 214.0
Run total estimated duration= 215.000
script duration name:unknown120_60 seconds:214.0
script duration name:co2 seconds:0.0
Script duration 214.0
Run total estimated duration= 215.000
script duration name:unknown120_60 seconds:214.0
script duration name:co2 seconds:0.0
Script duration 214.0
Run total estimated duration= 215.000
script duration name:unknown400_120 seconds:556.0
script duration name:co2 seconds:0.0
Script duration 556.0
Run total estimated duration= 557.000
script duration name:unknown400_120 seconds:556.0
script duration name:cocktail_x1 seconds:108.0
Script duration 664.0
Run total estimated duration= 665.000
script duration name:unknown120_60 seconds:214.0
script duration name:cocktail_x1 seconds:108.0
Script duration 322.0
Run total estimated duration= 323.000
ic_peak_hop3 in script context. using previous estimated duration
script duration name:ic_peak_hop3 seconds:134.0
air_x1 in script context. using previous estimated duration
script duration name:air_x1 seconds:106.0
Script duration 240.0
Run total estimated duration= 241.000
script duration name:unknown120_60 seconds:214.0
script duration name:co2 seconds:0.0
Script duration 214.0
Run total estimated duration= 215.000
script duration name:unknown120_60 seconds:214.0
script duration name:co2 seconds:0.0
Script duration 214.0
Run total estimated duration= 215.000
script duration name:unknown120_60 seconds:214.0
script duration name:co2 seconds:0.0
Script duration 214.0
Run total estimated duration= 215.000
script duration name:unknown120_60 seconds:214.0
script duration name:co2 seconds:0.0
Script duration 214.0
Run total estimated duration= 215.000
script duration name:unknown120_60 seconds:214.0
script duration name:co2 seconds:0.0
Script duration 214.0
Run total estimated duration= 215.000
script duration name:unknown120_60 seconds:214.0
script duration name:co2 seconds:0.0
Script duration 214.0
Run total estimated duration= 215.000
script duration name:unknown120_60 seconds:214.0
script duration name:co2 seconds:0.0
Script duration 214.0
Run total estimated duration= 215.000
script duration name:unknown120_60 seconds:214.0
script duration name:co2 seconds:0.0
Script duration 214.0
Run total estimated duration= 215.000
script duration name:unknown120_60 seconds:214.0
script duration name:co2 seconds:0.0
Script duration 214.0
Run total estimated duration= 215.000
script duration name:unknown120_60 seconds:214.0
script duration name:co2 seconds:0.0
Script duration 214.0
Run total estimated duration= 215.000
script duration name:unknown400_120 seconds:556.0
script duration name:sniffair_x2 seconds:250.0
Script duration 806.0
Run total estimated duration= 807.000
script duration name:unknown400_120 seconds:556.0
script duration name:sniffair_x2 seconds:250.0
Script duration 806.0
Run total estimated duration= 807.000
script duration name:unknown400_120 seconds:556.0
script duration name:co2 seconds:0.0
Script duration 556.0
Run total estimated duration= 557.000
nruns=45 before=5.0, run_dur=14237.0, btw=1980.0
write rem/ex queues
/Users/jan/PychronDev/experiments/rem/CurrentExperiment.rem.txt
/Users/jan/PychronDev/experiments/rem/CurrentExperiment.ex.txt
doing event level: 3
