do run
loading script "jan_unknown120_60.py"
loading script "jan_pump_ms.py"
loading script "jan_co2.py"
loading script "jan_pump_extraction_line.py"
testing...
no interpolation path defined
executed 213.652928
script duration name:unknown120_60 seconds:214.0
loading script "jan_unknown120_60.py"
loading script "jan_pump_ms.py"
loading script "jan_co2.py"
loading script "jan_pump_extraction_line.py"
testing...
no interpolation path defined
executed 0
loading script "jan_unknown120_60.py"
loading script "jan_pump_ms.py"
loading script "jan_co2.py"
loading script "jan_pump_extraction_line.py"
testing...
no interpolation path defined
calculate duration
testing...
no interpolation path defined
executed 0
calculate duration
testing...
no interpolation path defined
executed 0
executed 0.0
script duration name:co2 seconds:0.0
loading script "jan_unknown120_60.py"
loading script "jan_pump_ms.py"
loading script "jan_co2.py"
loading script "jan_pump_extraction_line.py"
testing...
no interpolation path defined
calculate duration
testing...
no interpolation path defined
executed 4.0
executed 4.0
Script duration 214.0
Run total estimated duration= 215.000
run duration: 0:03:35
doing event level: 2
16:18:47 -- Setting default integration. t=1.048576
setting integration time = 1.048576
SetIntegrationTime 1.048576 ===>> OK
----------------- start -----------------
**************** Experiment Type: Ar/Ar, Ar/Ar
create new session 4988673200
close session 4988673200
$$$$$ Clearing conditionals
adding conditionals 
Add queue conditionals
add default conditionals
adding default conditionals from /Users/jan/PychronDev/setupfiles/spectrometer/default_conditionals.yaml
Start automated run 65572-07B
loading script "jan_unknown120_60.py"
loading script "jan_pump_ms.py"
loading script "jan_co2.py"
loading script "jan_pump_extraction_line.py"
%%%%%%%%%%%%%%%%%% setting automated run 65572-07B
No value "sensitivity_multiplier" in metadata
$$$$$$$$$$$$$$$ auto_save_detector_ic=False
============================= Pre Extraction Check =============================
loading queue conditionals pre_run_terminations
loading system conditionals pre_run_terminations
loading conditionals from /Users/jan/PychronDev/setupfiles/spectrometer/default_conditionals.yaml
16:18:47 -- ******* Pre Extraction Check *******
Get a measurement from the spectrometer
GetData ===>> H2,-0.208487583243022,H1,-0.0895580942052775,AX,-0.0369410696175698,L1,-0.0483091013824877,L2,0.0...
Pre Extraction Termination data. keys=H2,H1,AX,L1,L2,CDD, signals=-0.20849,-0.08956,-0.03694,-0.04831,0.02362,0.00387
16:18:47 -- testing system defined conditionals
Checking default pre extraction terminations n=2
testing CDD
evaluate ot="CDD.inactive" t="CDD", ctx="{'CDD': False}"
GetDeflection CDD ===>> 50
testing CDD==2000
evaluate ot="CDD.deflection==2000" t="CDD==2000", ctx="{'CDD': 50.0}"
16:18:47 -- ******* Pre Extraction Check Passed *******
=================================================================================
16:18:47 -- stopping status monitor
stop 4977205328
Alive clients [4985221872]
16:18:47 -- starting status monitor
start 4977205328
Monitor already running
start extraction
do extraction
Analysis started at 16:18:47.572584
Extraction Started jan_co2.py
16:18:47 -- ******* Extraction Started jan_co2.py *******
state changed from not run to extraction
DO EXTRACTION <pychron.extraction_line.pyscript_runner.RemotePyScriptRunner object at 0x12c443410>
testing...
no interpolation path defined
calculate duration
testing...
no interpolation path defined
executed 0
calculate duration
testing...
no interpolation path defined
executed 0
executed 100.0
Jan CO2 laser analysis
doing GOSUB
testing...
no interpolation path defined
executed 0
Waiting for CO2 access
wait ('FelixCO2Flag', 0) {}
waiting for FelixCO2Flag = 0
Read FelixCO2Flag ===>> 0
finished waiting
CO2 free
wait ('CO2PumpTimeFlag', 0) {}
waiting for CO2PumpTimeFlag = 0
Read CO2PumpTimeFlag ===>> 0
finished waiting
acquire ('JanCO2Flag',) {'clear': True}
acquire JanCO2Flag
Set JanCO2Flag 1 ===>> OK
JanCO2Flag acquired
set extraction state False (0.75, 'red', 1.5)
CO2 acquired
executed 0
WaitForCO2Access.py completed successfully
gosub finished
doing GOSUB
testing...
no interpolation path defined
executed 0
Prepare for CO2 analysis
close () {'description': 'Jan Inlet'}
closing name=--- desc=Jan Inlet
checking ownership. requestor=129.138.12.150
check software interlocks R
interlocks []
actuate state mode=None-script, software_lock=False
doing actuation None-script close_channel False
Close R ===>> OK
GetIndicatorState R ===>> False
change switch state (True, True)
update switch state R False args=() kw={} ncanvase=2
16:18:48 -- CLOSE  VALVE-R (Jan Inlet)
---------------------------------------- close None (Jan Inlet) result=[(True, True)]
action=close, ok=True, locked=[False]
open () {'description': 'Jan Ion Pump'}
opening name=--- desc=Jan Ion Pump
checking ownership. requestor=129.138.12.150
check software interlocks O
interlocks []
actuate state mode=None-script, software_lock=False
doing actuation None-script open_channel False
Open O ===>> OK
Get Checksum: -1965264452
GetIndicatorState O ===>> OK
change switch state (True, True)
update switch state O True args=() kw={} ncanvase=2
16:18:48 -- OPEN   VALVE-O (Jan Ion Pump)
---------------------------------------- open None (Jan Ion Pump) result=[(True, True)], time=0.10 sec
action=open, ok=True, locked=[False]
close () {'description': 'Microbone to Minibone'}
closing name=--- desc=Microbone to Minibone
checking ownership. requestor=129.138.12.150
check software interlocks L
interlocks []
actuate state mode=None-script, software_lock=False
doing actuation None-script close_channel False
Close L ===>> OK
GetIndicatorState L ===>> False
change switch state (True, True)
update switch state L False args=() kw={} ncanvase=2
16:18:49 -- CLOSE  VALVE-L (Microbone to Minibone)
---------------------------------------- close None (Microbone to Minibone) result=[(True, True)]
action=close, ok=True, locked=[False]
open () {'description': 'Microbone to Turbo'}
opening name=--- desc=Microbone to Turbo
checking ownership. requestor=129.138.12.150
check software interlocks U
interlocks []
actuate state mode=None-script, software_lock=False
doing actuation None-script open_channel False
Open U ===>> OK
GetIndicatorState U ===>> OK
change switch state (True, True)
update switch state U True args=() kw={} ncanvase=2
16:18:49 -- OPEN   VALVE-U (Microbone to Turbo)
---------------------------------------- open None (Microbone to Turbo) result=[(True, True)], time=0.12 sec
action=open, ok=True, locked=[False]
open () {'description': 'Microbone to Inlet Pipette'}
opening name=--- desc=Microbone to Inlet Pipette
checking ownership. requestor=129.138.12.150
check software interlocks S
interlocks []
actuate state mode=None-script, software_lock=False
doing actuation None-script open_channel False
Open S ===>> OK
GetIndicatorState S ===>> OK
change switch state (True, True)
update switch state S True args=() kw={} ncanvase=2
16:18:50 -- OPEN   VALVE-S (Microbone to Inlet Pipette)
---------------------------------------- open None (Microbone to Inlet Pipette) result=[(True, True)], time=0.39 sec
action=open, ok=True, locked=[False]
open () {'description': 'Microbone to Getter D-50'}
opening name=--- desc=Microbone to Getter D-50
checking ownership. requestor=129.138.12.150
check software interlocks K
interlocks []
actuate state mode=None-script, software_lock=False
doing actuation None-script open_channel False
Open K ===>> OK
GetIndicatorState K ===>> OK
change switch state (True, True)
update switch state K True args=() kw={} ncanvase=2
16:18:50 -- OPEN   VALVE-K (Microbone to Getter D-50)
---------------------------------------- open None (Microbone to Getter D-50) result=[(True, True)], time=0.41 sec
action=open, ok=True, locked=[False]
open () {'description': 'Microbone to Getter NP-10'}
opening name=--- desc=Microbone to Getter NP-10
checking ownership. requestor=129.138.12.150
check software interlocks M
interlocks []
actuate state mode=None-script, software_lock=False
doing actuation None-script open_channel False
Open M ===>> OK
GetIndicatorState M ===>> OK
change switch state (True, True)
update switch state M True args=() kw={} ncanvase=2
16:18:51 -- OPEN   VALVE-M (Microbone to Getter NP-10)
---------------------------------------- open None (Microbone to Getter NP-10) result=[(True, True)], time=0.17 sec
Get Checksum: -1965264452
action=open, ok=True, locked=[False]
close () {'description': 'CO2 Laser to Felix'}
closing name=--- desc=CO2 Laser to Felix
checking ownership. requestor=129.138.12.150
check software interlocks F
interlocks []
actuate state mode=None-script, software_lock=True
VALVE-F(CO2 Laser to Felix) software locked
change switch state (True, False)
---------------------------------------- close None (CO2 Laser to Felix) result=[(True, False)]
action=close, ok=True, locked=[True]
open () {'description': 'CO2 Laser to Jan'}
opening name=--- desc=CO2 Laser to Jan
checking ownership. requestor=129.138.12.150
check software interlocks A
interlocks []
actuate state mode=None-script, software_lock=False
doing actuation None-script open_channel False
Open A ===>> OK
GetIndicatorState A ===>> OK
change switch state (True, True)
update switch state A True args=() kw={} ncanvase=2
16:18:51 -- OPEN   VALVE-A (CO2 Laser to Jan)
---------------------------------------- open None (CO2 Laser to Jan) result=[(True, True)], time=0.13 sec
action=open, ok=True, locked=[False]
open () {'description': 'Microbone to CO2 Laser'}
opening name=--- desc=Microbone to CO2 Laser
checking ownership. requestor=129.138.12.150
check software interlocks T
interlocks []
actuate state mode=None-script, software_lock=False
doing actuation None-script open_channel False
Open T ===>> OK
GetIndicatorState T ===>> OK
change switch state (True, True)
update switch state T True args=() kw={} ncanvase=2
16:18:52 -- OPEN   VALVE-T (Microbone to CO2 Laser)
---------------------------------------- open None (Microbone to CO2 Laser) result=[(True, True)], time=0.44 sec
action=open, ok=True, locked=[False]
executed 0
PrepareForCO2Analysis.py completed successfully
gosub finished
set_motor ('beam', '1.25') {}
setting motor "beam" to 1.25
set motor beam to 1.25
SetMotor beam,1.25 ===>> OK
GetMotorMoving beam ===>> False
GetMotorMoving beam ===>> False
Block completed
move_to_position ('207',) {'autocenter': True}
FusionsCO2 move to position 207
sending GoToHole 207,True
GoToHole 207,True ===>> OK
GetDriveMoving ===>> False
Get Checksum: -1965264452
GetDriveMoving ===>> OK
GetDriveMoving ===>> OK
GetDriveMoving ===>> OK
GetDriveMoving ===>> OK
GetDriveMoving ===>> False
Block completed
GetAutoCorrecting ===>> False
GetAutoCorrecting ===>> False
Block completed
update position
GetPosition ===>> 9.96950,-11.96340,1.00000
got position (9.9695, -11.9634, 1.0)
move to position succeeded
sleep (5,) {}
SLEEP 5.0
block started
WaitControl setup for 5.0  
Get Checksum: -1965264452
Get Checksum: -1965264452
Join finished
block finished. duration 5.0102288723
close () {'description': 'Microbone to Turbo'}
closing name=--- desc=Microbone to Turbo
checking ownership. requestor=129.138.12.150
check software interlocks U
interlocks []
actuate state mode=None-script, software_lock=False
doing actuation None-script close_channel True
Close U ===>> OK
GetIndicatorState U ===>> False
change switch state (True, True)
update switch state U False args=() kw={} ncanvase=2
16:19:01 -- CLOSE  VALVE-U (Microbone to Turbo)
---------------------------------------- close None (Microbone to Turbo) result=[(True, True)]
action=close, ok=True, locked=[False]
enable laser
enable () {}
set extraction state FusionsCO2 Enabled (False, 'red', 1.5)
enabling laser
Enable ===>> OK
begin interval
BEGIN INTERVAL Interval 1 waiting for 30.0
block started
set extract to 0.4
WaitControl setup for 30.0  
extract (0.4,) {}
GetPosition ===>> 9.96950,-11.96340,1.00000
set extraction state FusionsCO2 ON! 0.4(watts) (0.75, 'red', 1.5)
extract sample to 0.4 (watts)
set laser output
SetLaserOutput 0.4,watts ===>> OK
executing pattern triangle.lp
execute_pattern ('triangle.lp',) {}
executing pattern triangle.lp
IsPatterning ===>> OK
IsPatterning ===>> OK
Get Checksum: 1551197106
IsPatterning ===>> OK
IsPatterning ===>> OK
IsPatterning ===>> OK
Get Checksum: 1551197106
IsPatterning ===>> OK
IsPatterning ===>> OK
IsPatterning ===>> OK
Get Checksum: 1551197106
IsPatterning ===>> OK
IsPatterning ===>> OK
IsPatterning ===>> OK
Get Checksum: 1551197106
IsPatterning ===>> OK
IsPatterning ===>> OK
IsPatterning ===>> OK
Get Checksum: 1551197106
IsPatterning ===>> OK
IsPatterning ===>> OK
IsPatterning ===>> OK
Get Checksum: 1551197106
IsPatterning ===>> OK
IsPatterning ===>> OK
IsPatterning ===>> OK
Get Checksum: 1551197106
IsPatterning ===>> OK
IsPatterning ===>> OK
IsPatterning ===>> OK
Get Checksum: 1551197106
IsPatterning ===>> OK
IsPatterning ===>> OK
IsPatterning ===>> OK
Get Checksum: 1551197106
IsPatterning ===>> False
IsPatterning ===>> False
Block completed
COMPLETE INTERVAL waiting for Interval 1 to complete
Join finished
block finished. duration 30.0447130203
Interval 1 finished
end_extract () {}
ending extraction. set laser power to 0
set laser power 0
SetLaserPower 0 ===>> OK
disable () {}
%%%%%%%%%%%%%%%%%%%%%%%%%%%%%%%%%%% disable
set extraction state False (0.75, 'red', 1.5)
disabling laser
Disable ===>> OK
sleep (30.0,) {}
SLEEP 30.0
block started
WaitControl setup for 30.0  
Get Checksum: 1551197106
Get Checksum: 1551197106
Get Checksum: 1551197106
Get Checksum: 1551197106
Get Checksum: 1551197106
Get Checksum: 1551197106
Get Checksum: 1551197106
Get Checksum: 1551197106
Get Checksum: 1551197106
Get Checksum: 1551197106
Join finished
block finished. duration 30.0357010365
executed 166.5
jan_co2.py completed successfully
GetAchievedOutput ===>> No Response
Requested Output= 0.000
Achieved Output=  0.000
GetResponseBlob ===>> No Response
GetOutputBlob ===>> No Response
persistence save...
persistence save - db
AutomatedRunPersister post_extraction_save deprecated
persistence save - dvc
no extraction position for 207
create new session 4984870000
close session 4984870000
Extraction Finished
16:20:02 -- ******* Extraction Finished *******
no overlap. not waiting for min ms pumptime
16:20:02 -- Sending spectrometer configuration
======== Sending configuration ========
SetDeflection CDD,50.0 ===>> OK
SetDeflection H2,0.0 ===>> OK
SetDeflection H1,0.0 ===>> OK
SetDeflection L2,825.0 ===>> OK
SetDeflection L1,400.0 ===>> OK
SetDeflection AX,190.0 ===>> OK
SetZFocus 74.64 ===>> OK
SetZSymmetry -50.72 ===>> OK
SetExtractionLens 26.13 ===>> OK
SetIonRepeller -3.81 ===>> OK
SetElectronEnergy 75.08 ===>> OK
SetYSymmetry -2.81 ===>> OK
SetIonCounterVoltage 1590.0 ===>> OK
send trap current 200.0
GetParameter Trap Current Readback ===>> 198.370811206739
SetParameter Trap Current Set,200.0 ===>> OK
updating mftable name mftable
Using mftable located at /Users/jan/PychronDev/setupfiles/spectrometer/mftables/mftable.csv
============ MFtable ===========
Isotope  H2     H1     AX     L1     L2     CDD    
Ar40     5.7819 5.8792 5.9926 6.1218 6.2310 6.3500
Ar39     5.6811 5.7714 5.8850 6.0078 6.1161 6.2365
Ar36     5.3586 5.4405 5.5484 5.6667 5.7711 5.8876
================================
get initial guess parabolic
get initial guess parabolic
get initial guess parabolic
get initial guess parabolic
get initial guess parabolic
get initial guess parabolic
======== Configuration Finished ========
GetYSymmetry ===>> -2.81
GetZSymmetry ===>> -50.72
GetParameter Trap Current Readback ===>> 198.035158395898
GetHighVoltage ===>> 4500
start measurement
do measurement
L#=65572 analysis type=unknown
Measurement Started jan_unknown120_60.py
16:20:02 -- ******* Measurement Started jan_unknown120_60.py *******
state changed from extraction to measurement
setting spec, defl, and gains
GetExtractionLens ===>> 26.13
GetYSymmetry ===>> -2.81
GetZSymmetry ===>> -50.72
GetZFocus ===>> 74.64
GetDeflection H2 ===>> 0
GetDeflection H1 ===>> 0
GetDeflection AX ===>> 190
GetDeflection L1 ===>> 400
GetDeflection L2 ===>> 825
GetDeflection CDD ===>> 50
GetGain H2 ===>> 0.0113
GetGain H1 ===>> 0.1
GetGain AX ===>> 0.097049
GetGain L1 ===>> 0.010355
GetGain L2 ===>> 0.095649
GetGain CDD ===>> 0
pre measurement save
New frame /Users/jan/PychronDev/data/isotopes/44/50b00d-6118-4915-9e1d-4e091068e328.h5
flush and close file /Users/jan/PychronDev/data/isotopes/44/50b00d-6118-4915-9e1d-4e091068e328.h5
testing...
no interpolation path defined
executed 226.132928
unknown measurement script
activate_detectors ('H2', 'H1', 'AX', 'L1', 'L2', 'CDD') {}
activate detectors
*************** Set Analysis View Ar/Ar
create graphs
Get Checksum: 1551197106
clearing graphs
clear isotope group
setting isotope det=H2, iso=PM41
setting isotope det=H1, iso=Ar40
setting isotope det=AX, iso=Ar39
setting isotope det=L1, iso=Ar38
setting isotope det=L2, iso=Ar37
setting isotope det=CDD, iso=Ar36
setting previous blanks
 - setting Ar40 blank 0.109+/-0.007
 - setting Ar36 blank 0.00423+/-0.00016
 - setting Ar37 blank 0.048+/-0.005
 - setting Ar38 blank 0.0090+/-0.0022
 - setting PM41 blank 0.02+/-0.06
 - setting Ar39 blank 0.013+/-0.009
load analysis view
position_magnet ('Ar40',) {'detector': 'H1'}
detector Detector(H1)
POSITION Ar40 H1
setting detector H2 to PM41 (40.9624)
setting detector H1 to Ar40 (39.9624)
setting detector AX to Ar39 (38.9624)
setting detector L1 to Ar38 (37.9624)
setting detector L2 to Ar37 (36.9624)
setting detector CDD to Ar36 (35.9624)
Mapping mass to dac mass func: "parabolic"
H1 map mass coeffs = [-0.00063987  0.15840543  0.57077999]
H1 map mass to dac 39.9624 >> 5.87917
GetDeflection H1 ===>> 0
GetHighVoltage ===>> 4500
positioning Ar40 (5.87917) on H1
setting magnet DAC
current  : 5.879171
requested: 5.879170
Delta Dac: 0.000001
Checking detector protection. dv=0.00000
Checking detector "CDD". Protection Threshold: 0.1 (V)
SetMagnetDAC 5.87917 ===>> OK
Magnet settling time: 0.500
equilibrate () {'delay': 3, 'inlet': 'R', 'outlet': 'O', 'eqtime': 12.0}
Equilibration Started
16:20:04 -- ******* Equilibration Started *******
checking ownership. requestor=129.138.12.150
check software interlocks O
interlocks []
actuate state mode=None-script, software_lock=False
doing actuation None-script close_channel True
Close O ===>> OK
GetIndicatorState O ===>> False
change switch state (True, True)
update switch state O False args=() kw={} ncanvase=2
16:20:04 -- CLOSE  VALVE-O (Jan Ion Pump)
waiting 3s before opening inlet value ('R',)
Get Checksum: -598318598
checking ownership. requestor=129.138.12.150
check software interlocks R
interlocks []
actuate state mode=None-script, software_lock=False
doing actuation None-script open_channel True
Open R ===>> OK
GetIndicatorState R ===>> OK
change switch state (True, True)
update switch state R True args=() kw={} ncanvase=2
16:20:07 -- OPEN   VALVE-R (Jan Inlet)
set_time_zero () {}
equilibrating for 12.0sec
sniff (12.0,) {}
py_sniff
build tables- sniff [Detector(H2), Detector(H1), Detector(AX), Detector(L1), Detector(L2), Detector(CDD)]
add group /sniff/PM41 (Group) '' table H2
add group /sniff/Ar40 (Group) '' table H1
add group /sniff/Ar39 (Group) '' table AX
add group /sniff/Ar38 (Group) '' table L1
add group /sniff/Ar37 (Group) '' table L2
add group /sniff/Ar36 (Group) '' table CDD
flush and close file /Users/jan/PychronDev/data/isotopes/44/50b00d-6118-4915-9e1d-4e091068e328.h5
measuring sniff. ncounts=12.0
starting measurement
GetData ===>> H2,-0.226723058372118,H1,-0.0358773339449446,AX,-0.0831416680172512,L1,-0.0294646192291844,L2,-0....
Get Checksum: -1449001502
GetData ===>> H2,0.495766131303925,H1,157.112032527979,AX,36.4009501609434,L1,0.18487999015774,L2,0.53161145770...
GetData ===>> H2,0.844310205607913,H1,421.719923876315,AX,93.5477323935675,L1,0.730686600842839,L2,0.5900626327...
GetData ===>> H2,0.269036561139599,H1,511.316462966037,AX,110.273952460074,L1,1.09125400500395,L2,0.50935153272...
Get Checksum: -1449001502
GetData ===>> H2,-3.79536021870486E-06,H1,541.250135249573,AX,114.939725000492,L1,1.24641870466585,L2,0.4560310...
GetData ===>> H2,0.00872236578056709,H1,552.380872852441,AX,116.875538267614,L1,1.36653730285768,L2,0.521749262...
GetData ===>> H2,-0.101784159025669,H1,557.079500569307,AX,117.599037311517,L1,1.42156880779924,L2,0.5292343815...
Get Checksum: -1449001502
GetData ===>> H2,-0.106504606634251,H1,559.158764239914,AX,118.005097928986,L1,1.42681232734762,L2,0.4347965308...
GetData ===>> H2,-0.0892413601026396,H1,559.827103977871,AX,118.12147877048,L1,1.45380869676373,L2,0.5761125102...
GetData ===>> H2,-0.0412290752918115,H1,559.822800684021,AX,118.182476685223,L1,1.45763884920946,L2,0.545212208...
Get Checksum: -1449001502
GetData ===>> H2,-0.011936384328518,H1,560.340433299938,AX,117.980565579832,L1,1.50575403089988,L2,0.5151902637...
Equilibration Finished
16:20:19 -- ******* Equilibration Finished *******
checking ownership. requestor=129.138.12.150
check software interlocks R
interlocks []
actuate state mode=None-script, software_lock=False
doing actuation None-script close_channel True
GetData ===>> H2,0.0164164918604659,H1,560.599151419999,AX,118.062932759863,L1,1.49445399301794,L2,0.4343394230...
Close R ===>> OK
GetIndicatorState R ===>> False
change switch state (True, True)
update switch state R False args=() kw={} ncanvase=2
16:20:20 -- CLOSE  VALVE-R (Jan Inlet)
Post Equilibration Started jan_pump_extraction_line.py
16:20:20 -- ******* Post Equilibration Started jan_pump_extraction_line.py *******
testing...
no interpolation path defined
calculate duration
testing...
no interpolation path defined
executed 4.0
executed 4.0
Pump after analysis
doing GOSUB
testing...
no interpolation path defined
executed 4.0
Pump Microbone
close () {'description': 'Jan Inlet'}
closing name=--- desc=Jan Inlet
checking ownership. requestor=129.138.12.150
check software interlocks R
interlocks []
actuate state mode=None-script, software_lock=False
doing actuation None-script close_channel False
measurement finished
estimated time: 12.583 actual time: :12.673
flush and close file /Users/jan/PychronDev/data/isotopes/44/50b00d-6118-4915-9e1d-4e091068e328.h5
set_fits () {}
Close R ===>> OK
using default fits file=/Users/jan/PychronDev/scripts/measurement/fits/nominal_linear.yaml
set "Ar40" to "('Linear', 'SEM')"
No fit for "PM41". defaulting to linear. check the measurement script "jan_unknown120_60.py"
set "PM41" to "linear"
set "Ar36" to "('Linear', 'SEM')"
set "Ar37" to "('linear', 'SEM')"
set "Ar38" to "('linear', 'SEM')"
set "Ar39" to "('Linear', 'SEM')"
set_baseline_fits () {}
using default fits file=/Users/jan/PychronDev/scripts/measurement/fits/nominal_linear.yaml
set "H1" to "('average', 'SEM')"
set "H2" to "('average', 'SEM')"
set "CDD" to "('average', 'SEM')"
set "L2" to "('average', 'SEM')"
set "L1" to "('average', 'SEM')"
set "AX" to "('average', 'SEM')"
multicollect () {'integration_time': 1, 'ncounts': 120}
build tables- signal [Detector(H2), Detector(H1), Detector(AX), Detector(L1), Detector(L2), Detector(CDD)]
add group /signal/PM41 (Group) '' table H2
add group /signal/Ar40 (Group) '' table H1
add group /signal/Ar39 (Group) '' table AX
add group /signal/Ar38 (Group) '' table L1
add group /signal/Ar37 (Group) '' table L2
add group /signal/Ar36 (Group) '' table CDD
flush and close file /Users/jan/PychronDev/data/isotopes/44/50b00d-6118-4915-9e1d-4e091068e328.h5
measuring signal. ncounts=120
GetIndicatorState R ===>> False
change switch state (True, True)
update switch state R False args=() kw={} ncanvase=2
16:20:20 -- CLOSE  VALVE-R (Jan Inlet)
---------------------------------------- close None (Jan Inlet) result=[(True, True)]
action=close, ok=True, locked=[False]
is_closed ('F',) {}
is F () closed?
is closed True
open () {'description': 'CO2 Laser to Jan'}
opening name=--- desc=CO2 Laser to Jan
checking ownership. requestor=129.138.12.150
check software interlocks A
interlocks []
actuate state mode=None-script, software_lock=False
doing actuation None-script open_channel False
Open A ===>> OK
GetIndicatorState A ===>> OK
change switch state (True, True)
update switch state A True args=() kw={} ncanvase=2
16:20:21 -- OPEN   VALVE-A (CO2 Laser to Jan)
---------------------------------------- open None (CO2 Laser to Jan) result=[(True, True)], time=0.13 sec
Get Checksum: -598318598
starting measurement
GetData ===>> H2,0.0957760101166437,H1,560.03359397821,AX,118.160018275844,L1,1.5470200160668,L2,0.454306691930...
action=open, ok=True, locked=[False]
sleep (1,) {}
SLEEP 1.0
GetData ===>> H2,-0.00841825213957025,H1,560.013566896523,AX,118.045770128504,L1,1.54404081707357,L2,0.54869842...
close () {'description': 'CO2 Laser to Roughing'}
closing name=--- desc=CO2 Laser to Roughing
checking ownership. requestor=129.138.12.150
check software interlocks G
interlocks []
actuate state mode=None-script, software_lock=True
VALVE-G(CO2 Laser to Roughing) software locked
change switch state (True, False)
---------------------------------------- close None (CO2 Laser to Roughing) result=[(True, False)]
action=close, ok=True, locked=[True]
open () {'description': 'Microbone to Turbo'}
opening name=--- desc=Microbone to Turbo
checking ownership. requestor=129.138.12.150
check software interlocks U
interlocks []
actuate state mode=None-script, software_lock=False
doing actuation None-script open_channel True
Open U ===>> OK
GetIndicatorState U ===>> OK
change switch state (True, True)
update switch state U True args=() kw={} ncanvase=2
16:20:22 -- OPEN   VALVE-U (Microbone to Turbo)
---------------------------------------- open None (Microbone to Turbo) result=[(True, True)], time=0.19 sec
action=open, ok=True, locked=[False]
open () {'description': 'Microbone to Getter NP-10'}
opening name=--- desc=Microbone to Getter NP-10
checking ownership. requestor=129.138.12.150
check software interlocks M
interlocks []
actuate state mode=None-script, software_lock=False
doing actuation None-script open_channel False
Open M ===>> OK
GetIndicatorState M ===>> OK
change switch state (True, True)
update switch state M True args=() kw={} ncanvase=2
16:20:23 -- OPEN   VALVE-M (Microbone to Getter NP-10)
---------------------------------------- open None (Microbone to Getter NP-10) result=[(True, True)], time=0.14 sec
action=open, ok=True, locked=[False]
open () {'description': 'Microbone to Getter D-50'}
opening name=--- desc=Microbone to Getter D-50
checking ownership. requestor=129.138.12.150
check software interlocks K
interlocks []
actuate state mode=None-script, software_lock=False
doing actuation None-script open_channel False
GetData ===>> H2,-0.0804288833375241,H1,559.422615555838,AX,118.015083343438,L1,1.52824498415315,L2,0.464070590...
Open K ===>> OK
GetIndicatorState K ===>> OK
change switch state (True, True)
update switch state K True args=() kw={} ncanvase=2
16:20:23 -- OPEN   VALVE-K (Microbone to Getter D-50)
---------------------------------------- open None (Microbone to Getter D-50) result=[(True, True)], time=0.45 sec
action=open, ok=True, locked=[False]
open () {'description': 'Microbone to CO2 Laser'}
opening name=--- desc=Microbone to CO2 Laser
checking ownership. requestor=129.138.12.150
check software interlocks T
interlocks []
actuate state mode=None-script, software_lock=False
doing actuation None-script open_channel False
Open T ===>> OK
Get Checksum: -860229079
GetIndicatorState T ===>> OK
change switch state (True, True)
update switch state T True args=() kw={} ncanvase=2
16:20:24 -- OPEN   VALVE-T (Microbone to CO2 Laser)
---------------------------------------- open None (Microbone to CO2 Laser) result=[(True, True)], time=0.40 sec
GetData ===>> H2,-0.252629522984604,H1,559.133287924936,AX,118.116258879318,L1,1.53502619713722,L2,0.4916318467...
action=open, ok=True, locked=[False]
open () {'description': 'Microbone to Inlet Pipette'}
opening name=--- desc=Microbone to Inlet Pipette
checking ownership. requestor=129.138.12.150
check software interlocks S
interlocks []
actuate state mode=None-script, software_lock=False
doing actuation None-script open_channel False
Open S ===>> OK
GetIndicatorState S ===>> OK
change switch state (True, True)
update switch state S True args=() kw={} ncanvase=2
16:20:25 -- OPEN   VALVE-S (Microbone to Inlet Pipette)
---------------------------------------- open None (Microbone to Inlet Pipette) result=[(True, True)], time=0.39 sec
action=open, ok=True, locked=[False]
sleep (1,) {}
SLEEP 1.0
GetData ===>> H2,-0.289793784027349,H1,558.8035575312,AX,117.802260685295,L1,1.51069076467851,L2,0.495447414867...
set_resource () {'name': 'CO2PumpTimeFlag', 'value': 30}
Set CO2PumpTimeFlag 30 ===>> OK
release ('JanCO2Flag',) {}
release JanCO2Flag
Set JanCO2Flag 0 ===>> OK
executed 6.0
PumpMicrobone.py completed successfully
gosub finished
get_resource_value () {'name': 'JanMiniboneFlag'}
Read JanMiniboneFlag ===>> 0
Get Resource Value JanMiniboneFlag=0.0
get resource value 0.0
get_resource_value () {'name': 'JanMiniboneFlag'}
Read JanMiniboneFlag ===>> 0
Get Resource Value JanMiniboneFlag=0.0
executed 4.0
jan_pump_extraction_line.py completed successfully
Post Equilibration Finished
16:20:26 -- ******* Post Equilibration Finished *******
GetData ===>> H2,-0.204946262128252,H1,558.66942949621,AX,117.861451408316,L1,1.49621598608634,L2,0.46094146695...
Get Checksum: -860229079
GetData ===>> H2,-0.220607245436769,H1,558.41251906126,AX,117.795019320982,L1,1.51028196840972,L2,0.54850410906...
GetData ===>> H2,-0.129506255217048,H1,558.64830847117,AX,117.880317460602,L1,1.5039169554528,L2,0.350485601671...
GetData ===>> H2,-0.190413832569672,H1,558.336455692159,AX,117.86549261184,L1,1.49880471584464,L2,0.41092699056...
Get Checksum: -860229079
GetData ===>> H2,-0.103595158945091,H1,558.111690827303,AX,117.626366881488,L1,1.51244734576336,L2,0.4000282772...
GetData ===>> H2,-0.0753198322983808,H1,557.915772384083,AX,117.708793844151,L1,1.51411520081057,L2,0.550287268...
GetData ===>> H2,-0.099698038309947,H1,557.663395909547,AX,117.524678057288,L1,1.50318814604822,L2,0.3880571147...
Get Checksum: -860229079
GetData ===>> H2,-0.0736687252329435,H1,557.404378869407,AX,117.39493895732,L1,1.45303562621971,L2,0.5950371423...
GetData ===>> H2,-0.114930696767386,H1,556.94817849959,AX,117.298842197089,L1,1.47801746729365,L2,0.45351877152...
GetData ===>> H2,-0.0868058776456783,H1,556.911718914169,AX,117.666542032233,L1,1.47892430065105,L2,0.478644059...
Get Checksum: -860229079
GetData ===>> H2,-0.106104094343355,H1,556.761250673921,AX,117.367189774506,L1,1.44218881215117,L2,0.4572186278...
GetData ===>> H2,-0.0878495715854634,H1,556.331839308499,AX,117.195341998066,L1,1.51092418524458,L2,0.524571826...
GetData ===>> H2,-0.12380917887676,H1,556.423510366173,AX,117.208298052628,L1,1.41767508857221,L2,0.58274428273...
Get Checksum: -860229079
GetData ===>> H2,-0.140187629250481,H1,556.192521660044,AX,117.248437384763,L1,1.41486390382192,L2,0.4738012194...
GetData ===>> H2,-0.154386147498224,H1,556.29978448123,AX,117.205769957454,L1,1.46464522527485,L2,0.54653809950...
GetData ===>> H2,-0.0661435294020833,H1,556.007436139122,AX,117.215138986239,L1,1.48938486919426,L2,0.524400413...
Get Checksum: -860229079
GetData ===>> H2,-0.0826195159195785,H1,555.607525832334,AX,117.23124920268,L1,1.50111678944886,L2,0.4430480383...
GetData ===>> H2,-0.167747074792929,H1,555.294399058541,AX,117.238774606034,L1,1.47623493711933,L2,0.4826647171...
GetData ===>> H2,-0.175877714647801,H1,555.120170848045,AX,116.980644455359,L1,1.50048617492296,L2,0.3865151367...
16:20:46 -- collecting point 25
GetData ===>> H2,-0.176560756608712,H1,554.894209756312,AX,117.013893638384,L1,1.48567641748637,L2,0.4689586235...
Get Checksum: -860229079
GetData ===>> H2,-0.191923708999803,H1,554.381560437529,AX,117.043277151868,L1,1.49451585770093,L2,0.4806886344...
GetData ===>> H2,-0.151904101502631,H1,554.344285756946,AX,116.899631602496,L1,1.42725286739143,L2,0.4261461352...
GetData ===>> H2,-0.181304466612232,H1,554.425900753321,AX,116.755094282845,L1,1.46815670381078,L2,0.4743151885...
Get Checksum: -860229079
GetData ===>> H2,-0.154199679903567,H1,554.074110697354,AX,116.781429073967,L1,1.48661679574796,L2,0.4844923443...
GetData ===>> H2,-0.102218662904944,H1,553.890677306071,AX,116.802849094365,L1,1.47171553173825,L2,0.4679878495...
GetData ===>> H2,-0.18412141117101,H1,553.600541168435,AX,116.912515083932,L1,1.46517059699876,L2,0.42136989724...
Get Checksum: -860229079
GetData ===>> H2,-0.214660682514888,H1,553.390255683175,AX,116.594863180516,L1,1.46304093938489,L2,0.4951732372...
GetData ===>> H2,-0.272018093455447,H1,553.251352114791,AX,116.681124586879,L1,1.45309993946186,L2,0.5679834972...
GetData ===>> H2,-0.260755756445329,H1,553.084086194293,AX,116.613506101525,L1,1.45262917539059,L2,0.4914833397...
Get Checksum: -860229079
GetData ===>> H2,-0.266462265447249,H1,552.906127724101,AX,116.682274586585,L1,1.46997265363172,L2,0.4733443603...
GetData ===>> H2,-0.163206072767449,H1,552.622159235381,AX,116.426949285532,L1,1.4476398236572,L2,0.49751519632...
GetData ===>> H2,-0.116656071057507,H1,552.139932736376,AX,116.361423923952,L1,1.47666379938823,L2,0.5009996803...
Get Checksum: -860229079
GetData ===>> H2,-0.137270476564568,H1,552.011313399289,AX,116.381162039805,L1,1.51115374187011,L2,0.5161843687...
GetData ===>> H2,-0.152842968251289,H1,552.216655729685,AX,116.240097786729,L1,1.46226463296518,L2,0.5470753190...
GetData ===>> H2,-0.164431944678592,H1,551.718501798095,AX,116.379123245164,L1,1.42998762772932,L2,0.4036724680...
Get Checksum: -860229079
GetData ===>> H2,-0.162849626972682,H1,551.280580056225,AX,116.210602681469,L1,1.47274800423033,L2,0.3647930157...
GetData ===>> H2,-0.21395100818007,H1,551.466741369231,AX,116.154629247992,L1,1.48146744655762,L2,0.51856112151...
GetData ===>> H2,-0.215892743720559,H1,550.931900139407,AX,116.185262111266,L1,1.47203736420226,L2,0.4701007231...
Get Checksum: -860229079
GetData ===>> H2,-0.0787270246940841,H1,550.820334214061,AX,116.198598738512,L1,1.46766126376611,L2,0.468912939...
GetData ===>> H2,-0.112517439510247,H1,550.604341702031,AX,116.173612021964,L1,1.48664641772509,L2,0.4787240145...
GetData ===>> H2,-0.164773491091632,H1,550.572664042165,AX,116.014273781843,L1,1.45613724696244,L2,0.5144132692...
Get Checksum: -860229079
GetData ===>> H2,-0.0721841509927749,H1,550.173205193045,AX,115.993318538175,L1,1.44117280563195,L2,0.419655994...
GetData ===>> H2,-0.127965325451253,H1,550.041303939983,AX,115.901604274974,L1,1.41356194060906,L2,0.4751147015...
Get Checksum: -860229079
GetData ===>> H2,-0.206082354659075,H1,549.750931689939,AX,115.89444085805,L1,1.41353754634979,L2,0.55916927001...
16:21:12 -- collecting point 50
GetData ===>> H2,-0.12969277462401,H1,549.795307166091,AX,115.918986652509,L1,1.45172500580147,L2,0.49807499013...
GetData ===>> H2,-0.164854488730674,H1,549.299067506587,AX,115.884519978811,L1,1.45481467175929,L2,0.5137276910...
Get Checksum: -860229079
GetData ===>> H2,-0.0554796081726471,H1,548.837602049937,AX,115.867030420137,L1,1.42922454828139,L2,0.457424179...
GetData ===>> H2,-0.0860610861442266,H1,548.989395384322,AX,115.902714911837,L1,1.45759252416787,L2,0.504575692...
GetData ===>> H2,-0.163655664540549,H1,548.821935123102,AX,115.730370508271,L1,1.48305625010616,L2,0.4785412612...
Get Checksum: -860229079
GetData ===>> H2,-0.137878841859778,H1,548.657531022727,AX,115.708263186355,L1,1.4619865666255,L2,0.47092304331...
GetData ===>> H2,-0.15244700486017,H1,548.518102139781,AX,115.568569665134,L1,1.45971724649118,L2,0.43293383018...
GetData ===>> H2,-0.145305027377497,H1,548.065158599641,AX,115.524656590053,L1,1.46220283982661,L2,0.4242036173...
Get Checksum: -860229079
GetData ===>> H2,-0.174853074458268,H1,547.707133513497,AX,115.665592936588,L1,1.44162935368871,L2,0.4395162964...
GetData ===>> H2,-0.120601118319819,H1,547.592729486969,AX,115.479645623793,L1,1.43163344244325,L2,0.5015937688...
GetData ===>> H2,-0.10968124066019,H1,547.051091529199,AX,115.572654215772,L1,1.43699660906661,L2,0.54754395982...
Get Checksum: -860229079
GetData ===>> H2,-0.0847745131728896,H1,547.326232843218,AX,115.509719264745,L1,1.44878151305494,L2,0.629528673...
GetData ===>> H2,-0.166439226038354,H1,546.940077859271,AX,115.310102651372,L1,1.41977657163752,L2,0.4989432482...
GetData ===>> H2,-0.191095998116506,H1,546.789624779908,AX,115.424208591536,L1,1.43514946634541,L2,0.4088933839...
Get Checksum: -860229079
GetData ===>> H2,-0.205625505544635,H1,546.78966929688,AX,115.185472022869,L1,1.46372459870099,L2,0.59844511626...
GetData ===>> H2,-0.225197445285833,H1,546.582587055308,AX,115.169219881455,L1,1.44659089715879,L2,0.4864342363...
GetData ===>> H2,-0.147506946496383,H1,546.027073508695,AX,115.099152045994,L1,1.45196422395891,L2,0.4720537450...
Get Checksum: -860229079
GetData ===>> H2,-0.123783485534661,H1,545.764217028964,AX,115.395370693555,L1,1.41429764605573,L2,0.4865941586...
GetData ===>> H2,-0.146545179202423,H1,545.704341368052,AX,115.311100203921,L1,1.44267627201966,L2,0.4899754348...
GetData ===>> H2,-0.0951061407043065,H1,545.197844062113,AX,115.161648443188,L1,1.44723357592927,L2,0.497469499...
Get Checksum: -860229079
GetData ===>> H2,-0.14094991252222,H1,545.159769478228,AX,115.058196890197,L1,1.48807480847772,L2,0.40865346694...
GetData ===>> H2,-0.0644674112284554,H1,545.1045977217,AX,115.05181188867,L1,1.47421835352076,L2,0.535245755326...
Get Checksum: -860229079
GetData ===>> H2,-0.0796741892342618,H1,544.819354568824,AX,115.106720430152,L1,1.45783315918771,L2,0.454809137...
GetData ===>> H2,-0.156801841648277,H1,544.581463619547,AX,114.722758302336,L1,1.46468256702937,L2,0.5742031021...
GetData ===>> H2,-0.0803773977193444,H1,544.142517705669,AX,114.813195949959,L1,1.45170056983646,L2,0.501970788...
Get Checksum: -860229079
16:21:39 -- collecting point 75
GetData ===>> H2,-0.129425158866507,H1,543.775329713224,AX,114.792112466647,L1,1.45035410504703,L2,0.4808713918...
GetData ===>> H2,-0.190644371375983,H1,544.519943940992,AX,114.901130215755,L1,1.44710887637091,L2,0.4320082071...
GetData ===>> H2,-0.0555582890140878,H1,544.210750517618,AX,114.797590575842,L1,1.42534182832258,L2,0.510231318...
Get Checksum: -860229079
GetData ===>> H2,-0.181585113212961,H1,543.669727930863,AX,114.620183360867,L1,1.43548365105877,L2,0.5100485054...
GetData ===>> H2,-0.314253585763177,H1,543.358405640288,AX,114.677485572523,L1,1.45329545407054,L2,0.4240779264...
GetData ===>> H2,-0.183453664420095,H1,543.20075091009,AX,114.463767589998,L1,1.47456086290495,L2,0.43699067868...
Get Checksum: -860229079
GetData ===>> H2,-0.206452941416871,H1,542.974249879946,AX,114.4425830781,L1,1.43760082320462,L2,0.461603827702...
GetData ===>> H2,-0.131176912606004,H1,542.722801029671,AX,114.604606550805,L1,1.41189555448443,L2,0.5322971636...
GetData ===>> H2,-0.114776415238478,H1,542.78487403131,AX,114.635616406315,L1,1.46114983609935,L2,0.46889009796...
Get Checksum: -860229079
GetData ===>> H2,-0.115148582022769,H1,542.563582296793,AX,114.558290940521,L1,1.43596952268549,L2,0.5861518199...
GetData ===>> H2,-0.152066126233194,H1,542.225016271239,AX,114.56610445986,L1,1.41330131006406,L2,0.52597742574...
GetData ===>> H2,-0.109877563634265,H1,542.303870436126,AX,114.46172338507,L1,1.42186818524528,L2,0.54798974220...
Get Checksum: -860229079
GetData ===>> H2,-0.0568835725043111,H1,542.276167794035,AX,114.338388637314,L1,1.42191572663466,L2,0.397492276...
GetData ===>> H2,-0.11819312489078,H1,541.662310402867,AX,114.249230373531,L1,1.45097266066341,L2,0.45613377865...
GetData ===>> H2,-0.217027266004455,H1,541.002849278524,AX,114.414561368801,L1,1.42642026036276,L2,0.4944078288...
Get Checksum: -860229079
GetData ===>> H2,-0.103762979898019,H1,540.618427977575,AX,114.237777993886,L1,1.45322856709546,L2,0.5027476822...
GetData ===>> H2,-0.12785583037472,H1,541.051658346775,AX,114.207402000509,L1,1.47606494237086,L2,0.49550453530...
GetData ===>> H2,-0.18196829253077,H1,540.644695246276,AX,114.09458449181,L1,1.4302252981798,L2,0.5186868168053...
Get Checksum: -860229079
GetData ===>> H2,-0.161580372873037,H1,540.574382442656,AX,114.065235911036,L1,1.44173095433452,L2,0.3754364682...
GetData ===>> H2,-0.130669644233903,H1,540.379376292412,AX,113.800542849413,L1,1.40980972547509,L2,0.5204008599...
Get Checksum: -860229079
GetData ===>> H2,-0.113378312492227,H1,540.079408041063,AX,113.880338972904,L1,1.41896727231781,L2,0.4637850825...
GetData ===>> H2,-0.144705166720248,H1,539.466757762057,AX,114.071584720494,L1,1.45775080221374,L2,0.4903524088...
GetData ===>> H2,-0.216638647763918,H1,539.440703030586,AX,113.946368176761,L1,1.46276671532108,L2,0.4116467605...
Get Checksum: -860229079
GetData ===>> H2,-0.203134746904906,H1,539.439292336089,AX,113.855899323485,L1,1.45765943818063,L2,0.4801289421...
GetData ===>> H2,-0.16248101782413,H1,539.068192913284,AX,113.686160196265,L1,1.4447421115018,L2,0.473127352993...
16:22:05 -- collecting point 100
GetData ===>> H2,-0.168867196726345,H1,538.944353643197,AX,113.784717233957,L1,1.4372280062278,L2,0.44705578476...
Get Checksum: -860229079
GetData ===>> H2,-0.171488928653715,H1,538.718824701937,AX,113.707707716781,L1,1.45126973427451,L2,0.5416575406...
GetData ===>> H2,-0.152671340766236,H1,538.762859667079,AX,113.74079633344,L1,1.39008016165436,L2,0.52658309687...
GetData ===>> H2,-0.136524170577706,H1,538.417861564933,AX,113.641193720717,L1,1.42749818394448,L2,0.4746921009...
Get Checksum: -860229079
GetData ===>> H2,-0.0751775049212047,H1,538.31451795781,AX,113.805836797505,L1,1.45317840213608,L2,0.5060495506...
GetData ===>> H2,-0.0405519193459289,H1,538.065965391876,AX,113.658079878455,L1,1.46785815020642,L2,0.484823605...
GetData ===>> H2,-0.0307524022363767,H1,537.895043683438,AX,113.555835772301,L1,1.47403937737117,L2,0.520857943...
Get Checksum: -860229079
GetData ===>> H2,-0.174948927470928,H1,537.886377562174,AX,113.408758945524,L1,1.49057655683531,L2,0.4725448620...
GetData ===>> H2,-0.126457985587653,H1,537.531142963541,AX,113.51475091467,L1,1.4683741898629,L2,0.449293801540...
GetData ===>> H2,-0.140143025983251,H1,536.947846956711,AX,113.513336473935,L1,1.43049252310319,L2,0.5193267226...
Get Checksum: -860229079
GetData ===>> H2,-0.194909166243971,H1,536.90299214468,AX,113.679819625135,L1,1.41629701557852,L2,0.49038667929...
GetData ===>> H2,-0.151223572347051,H1,536.547341779998,AX,113.346596968955,L1,1.42108956421545,L2,0.4492138714...
GetData ===>> H2,-0.130398276825832,H1,536.159057525727,AX,113.21478633645,L1,1.46833944327671,L2,0.43652213248...
Get Checksum: -860229079
GetData ===>> H2,-0.170740117053574,H1,536.139177544802,AX,113.208090658539,L1,1.39794474190627,L2,0.4419861848...
GetData ===>> H2,-0.215607294495719,H1,535.972420735412,AX,113.33839500337,L1,1.3776618246047,L2,0.419667420179...
GetData ===>> H2,-0.104343567135912,H1,535.99457851579,AX,113.179678542211,L1,1.38960572549859,L2,0.52197780676...
Get Checksum: -860229079
GetData ===>> H2,-0.152574038990689,H1,535.510435585559,AX,113.036793536205,L1,1.4150834811648,L2,0.47484058204...
GetData ===>> H2,-0.196918936895687,H1,535.083864788143,AX,112.995601347675,L1,1.44909009848619,L2,0.4407391307...
GetData ===>> H2,-0.12627006102296,H1,535.032194444598,AX,113.147684090316,L1,1.42811856431649,L2,0.40660848422...
Get Checksum: -860229079
GetData ===>> H2,-0.163148016072849,H1,535.138681471333,AX,112.977621033305,L1,1.4157460925449,L2,0.56493100782...
GetData ===>> H2,-0.180552893139725,H1,534.608751623724,AX,112.983101049181,L1,1.39962204770095,L2,0.5365257923...
measurement finished
estimated time: 125.829 actual time: :126.128
flush and close file /Users/jan/PychronDev/data/isotopes/44/50b00d-6118-4915-9e1d-4e091068e328.h5
baselines () {'settling_time': 15.0, 'detector': 'H1', 'mass': 34.2, 'ncounts': 60}
%%%%%%%%%%%%%%%%%%%%%%%%%%%%%%%% Baseline
build tables- baseline [Detector(H2), Detector(H1), Detector(AX), Detector(L1), Detector(L2), Detector(CDD)]
add group baseline table H2
add group baseline table H1
add group baseline table AX
add group baseline table L1
add group baseline table L2
add group baseline table CDD
flush and close file /Users/jan/PychronDev/data/isotopes/44/50b00d-6118-4915-9e1d-4e091068e328.h5
detector Detector(H1)
POSITION 34.2 H1
Mapping mass to dac mass func: "parabolic"
H1 map mass coeffs = [-0.00063987  0.15840543  0.57077999]
H1 map mass to dac 34.2 >> 5.23982599104
GetDeflection H1 ===>> 0
GetHighVoltage ===>> 4500
positioning 34.2 (5.23982599104) on H1
setting magnet DAC
current  : 5.879170
requested: 5.239826
Delta Dac: 0.639344
Checking detector protection. dv=0.63934
Checking detector "CDD". Protection Threshold: 0.1 (V)
ProtectDetector CDD,On ===>> OK
GetDeflection CDD ===>> 2000
SetMagnetDAC 5.23982599104 ===>> OK
Magnet settling time: 0.500
GetMagnetMoving ===>> True
GetMagnetMoving ===>> True
GetMagnetMoving ===>> True
GetMagnetMoving ===>> True
GetMagnetMoving ===>> True
GetMagnetMoving ===>> True
Get Checksum: -860229079
GetMagnetMoving ===>> True
GetMagnetMoving ===>> True
GetMagnetMoving ===>> False
ProtectDetector CDD,Off ===>> OK
GetDeflection CDD ===>> 50
Delaying 15.0s for detectors to settle
Get Checksum: -860229079
Get Checksum: -860229079
Get Checksum: -860229079
Get Checksum: -860229079
Get Checksum: -860229079
Join finished
measuring baseline. ncounts=60
starting measurement
GetData ===>> H2,-0.175433580282907,H1,0.00379077536007979,AX,-0.106251125736354,L1,-0.027540727622624,L2,-0.11...
GetData ===>> H2,-0.219328715272085,H1,-0.133998722052175,AX,-0.133363550523511,L1,0.00928975263932615,L2,-0.09...
Get Checksum: -860229079
GetData ===>> H2,-0.263613405588713,H1,0.00441108710578249,AX,0.0832057576893984,L1,-0.0635197103857912,L2,0.06...
GetData ===>> H2,-0.224491796402045,H1,-0.0347206693526612,AX,-0.0170860449632097,L1,-0.093869513961141,L2,-0.0...
GetData ===>> H2,-0.164496744789416,H1,-0.103834735812902,AX,-0.0748538402678821,L1,-0.055889155595182,L2,0.043...
Get Checksum: -860229079
GetData ===>> H2,-0.300006288136534,H1,-0.0182158750827497,AX,-0.168470558310562,L1,-0.0357496774894894,L2,-0.0...
GetData ===>> H2,-0.30291037577288,H1,-0.0232367688968392,AX,-0.0990430474352081,L1,-0.0238044995250759,L2,-0.0...
GetData ===>> H2,-0.217984014351131,H1,-0.000288871499853771,AX,-0.0903741044751066,L1,-0.0210571629981323,L2,-...
Get Checksum: -860229079
GetData ===>> H2,-0.201670765955815,H1,-0.102690772834157,AX,-0.0699387670036295,L1,-0.0445434010387391,L2,-0.0...
GetData ===>> H2,-0.175795368862013,H1,-0.000265014399158781,AX,-0.0863638775866617,L1,-0.0464407913916457,L2,0...
GetData ===>> H2,-0.199326114505818,H1,-0.0113818072992487,AX,-0.058218097535659,L1,-0.0392994734580321,L2,-0.0...
Get Checksum: -860229079
GetData ===>> H2,-0.297453023545479,H1,-0.00801827276142293,AX,-0.120132704308106,L1,-0.0516510852075939,L2,-0....
GetData ===>> H2,-0.351513971052602,H1,0.0258977181756272,AX,-0.0848686928906869,L1,-0.021859146363987,L2,-0.02...
GetData ===>> H2,-0.235340989843332,H1,-0.0251329554317391,AX,-0.0121216558598821,L1,0.00151591931289818,L2,0.0...
Get Checksum: -860229079
GetData ===>> H2,-0.162317637773056,H1,0.0438206902404705,AX,-0.217050953593144,L1,-0.023645097798334,L2,-0.093...
GetData ===>> H2,-0.172042073000756,H1,0.02295063914326,AX,-0.0718746863450194,L1,-0.0119680778242193,L2,-0.047...
GetData ===>> H2,-0.210798007374839,H1,-0.0362827596070979,AX,-0.107178171002399,L1,-0.0264863843266087,L2,0.03...
Get Checksum: -860229079
GetData ===>> H2,-0.18165662301355,H1,-0.0857204525012588,AX,-0.0398865051119724,L1,-0.0388143407491352,L2,0.04...
GetData ===>> H2,-0.254982381937888,H1,-0.059556208818212,AX,-0.157098406491947,L1,-0.0430264281290125,L2,-0.12...
Get Checksum: -860229079
GetData ===>> H2,-0.235207793701339,H1,0.00591416612361075,AX,0.0173335138242281,L1,-0.0547351531911634,L2,-0.0...
GetData ===>> H2,-0.307717661433899,H1,-0.0715842665710785,AX,-0.0251120449980746,L1,-0.0653161215320716,L2,-0....
GetData ===>> H2,-0.268791638283607,H1,-0.0416246855324374,AX,-0.0477366989382838,L1,-0.0350642535586892,L2,-0....
Get Checksum: -860229079
GetData ===>> H2,-0.210234927097097,H1,0.00866986960816902,AX,-0.149110442704173,L1,-0.0225543866288235,L2,0.03...
GetData ===>> H2,-0.228690027724298,H1,0.00213265321813445,AX,-0.128613628906521,L1,0.0220487923203514,L2,-0.10...
16:23:11 -- collecting point 25
GetData ===>> H2,-0.160012512783026,H1,-0.0112148259814536,AX,-0.0355147046446047,L1,-0.0182994827188553,L2,0.0...
Get Checksum: -860229079
GetData ===>> H2,-0.146106143138369,H1,0.049716163906788,AX,-0.0734164388678892,L1,-0.0321964877998765,L2,0.005...
GetData ===>> H2,-0.16840431639053,H1,0.0253369312714248,AX,-0.0727093223224246,L1,-0.0108172272666058,L2,-0.01...
GetData ===>> H2,-0.140733667153739,H1,-0.0334089716810258,AX,-0.0106137305299223,L1,-0.0144767156574618,L2,-0....
Get Checksum: -860229079
GetData ===>> H2,0.241742361081537,H1,-0.0320376330066761,AX,0.00389834507132411,L1,0.00111861437244108,L2,-0.0...
GetData ===>> H2,-0.155579197262882,H1,-0.0516400281709071,AX,-0.0859466190526302,L1,0.00683706545784345,L2,-0....
GetData ===>> H2,-0.241661419907521,H1,-0.101141635450852,AX,-0.0362452844374384,L1,-0.0420984115212463,L2,0.03...
Get Checksum: -860229079
GetData ===>> H2,-0.242093457733391,H1,0.0143604584265546,AX,-0.00907098274689173,L1,-0.0292777567319821,L2,-0....
GetData ===>> H2,-0.269581875920611,H1,0.0293221659401823,AX,-0.129470948985846,L1,-0.00150248519714582,L2,-0.0...
GetData ===>> H2,-0.229855776754964,H1,-0.018788341255571,AX,-0.0459394430984603,L1,-0.0221780038990609,L2,0.07...
Get Checksum: -860229079
GetData ===>> H2,-0.164711392509573,H1,-0.0346848960078415,AX,-0.0758623269620993,L1,-0.0385927291276945,L2,-0....
GetData ===>> H2,-0.138522321644026,H1,-0.013516758170584,AX,-0.0217022356710953,L1,-0.0344818461511399,L2,-0.0...
GetData ===>> H2,-0.119579812691863,H1,-0.0365570172120354,AX,0.00739038243734579,L1,-0.0673692816689485,L2,-0....
Get Checksum: -860229079
GetData ===>> H2,-0.0744333070653824,H1,-0.0446651633571048,AX,-0.0277794996261563,L1,-0.0523509302663369,L2,-0...
GetData ===>> H2,-0.209348490325999,H1,-0.0853509823336427,AX,-0.10268191898588,L1,-0.0584181597062038,L2,0.050...
GetData ===>> H2,-0.222198133182194,H1,-0.0114533706359275,AX,-0.128752654297494,L1,-0.0248159824338167,L2,0.01...
Get Checksum: -860229079
GetData ===>> H2,-0.23061358372549,H1,0.147665629801597,AX,-0.120155877240595,L1,-0.0259699554063159,L2,-0.0529...
GetData ===>> H2,-0.191563783529844,H1,-0.0016129316718015,AX,-0.0900843537369614,L1,-0.0107165215814963,L2,-0....
GetData ===>> H2,-0.171805978108035,H1,0.0130123442047882,AX,-0.000266412770645371,L1,0.00876292651595639,L2,-0...
Get Checksum: -860229079
GetData ===>> H2,-0.252005596963468,H1,-0.00234056088592709,AX,-0.152762495939765,L1,-0.0440249980131401,L2,-0....
GetData ===>> H2,-0.27435840909911,H1,-0.0207203904163176,AX,-0.0868622673794077,L1,-0.0193127183181358,L2,0.05...
Get Checksum: -860229079
GetData ===>> H2,-0.116848214166014,H1,-0.0553120693501217,AX,-0.117050655098036,L1,-0.0326718840560592,L2,-0.0...
GetData ===>> H2,-0.0736307659306973,H1,-0.0515327262400998,AX,-0.143730660549544,L1,-0.0298874427023404,L2,-0....
GetData ===>> H2,-0.0541636583342758,H1,-0.0062648961119514,AX,-0.0829214411652466,L1,-0.014586971105275,L2,0.0...
Get Checksum: -860229079
GetData ===>> H2,-0.0719943284456706,H1,-0.0421970178274609,AX,-0.0732425582265985,L1,-0.0159176774728482,L2,-0...
16:23:37 -- collecting point 50
GetData ===>> H2,-0.205035212992043,H1,-0.0857204525012588,AX,-0.0280114487475287,L1,-0.0304000773448724,L2,-0....
GetData ===>> H2,-0.237130240283176,H1,-0.109649678718004,AX,-0.113331210052977,L1,0.00249304405684513,L2,0.017...
Get Checksum: -860229079
GetData ===>> H2,-0.222264134694329,H1,-0.0160452444334823,AX,-0.0931672573382603,L1,-0.00415529367253514,L2,0....
GetData ===>> H2,-0.112896448234902,H1,-0.0772461322257055,AX,0.0563910073272799,L1,-0.00274078943056442,L2,-0....
GetData ===>> H2,-0.0273427254270244,H1,0.0218529638644106,AX,-0.0196957274140538,L1,-0.0344291162427798,L2,-0....
Get Checksum: -860229079
GetData ===>> H2,-0.145182085548659,H1,0.0297159252824255,AX,-0.0290436156345916,L1,-0.0410864763886855,L2,-0.1...
GetData ===>> H2,-0.209984360829806,H1,-0.110424184541169,AX,0.00316746938314157,L1,-0.0285614183228299,L2,-0.1...
GetData ===>> H2,-0.25712238532229,H1,-0.0765309668733004,AX,-0.0567340743047349,L1,-0.0280870256716933,L2,0.08...
Get Checksum: -860229079
GetData ===>> H2,-0.167400219400589,H1,-0.0293425996461093,AX,-0.118788664779141,L1,0.0190704382130756,L2,-0.11...
GetData ===>> H2,-0.209488600457413,H1,0.0871027957237704,AX,-0.00528940731197659,L1,0.00311610060585241,L2,0.0...
GetData ===>> H2,-0.228745221788175,H1,0.0362907419022786,AX,-0.123631754600774,L1,-0.0474557780407862,L2,-0.08...
Get Checksum: -860229079
measurement finished
estimated time: 62.915 actual time: :63.103
flush and close file /Users/jan/PychronDev/data/isotopes/44/50b00d-6118-4915-9e1d-4e091068e328.h5
activate_detectors ('H1', 'AX', 'CDD') {'peak_center': True}
peak_center () {'detector': 'H1', 'integration_time': 0.262144, 'isotope': 'Ar40'}
peak center: mean=535.618650402 threshold=3
peak center started
setup peak center. detector=['H1', 'AX', 'CDD'], isotope=Ar40
VersionedUnpickler [<apptools.sweet_pickle.versioned_unpickler.VersionedUnpickler object at 0x13ea13650>] using Updater [<apptools.sweet_pickle.updater.Updater object at 0x1339c17d0>]
VersionedUnpickler [<apptools.sweet_pickle.versioned_unpickler.VersionedUnpickler object at 0x13ea13650>] using Updater [<apptools.sweet_pickle.updater.Updater object at 0x1339c17d0>]
VersionedUnpickler [<apptools.sweet_pickle.versioned_unpickler.VersionedUnpickler object at 0x13ea13650>] using Updater [<apptools.sweet_pickle.updater.Updater object at 0x1339c17d0>]
setting integration time = 0.524288
SetIntegrationTime 0.524288 ===>> OK
Mapping mass to dac mass func: "parabolic"
H1 map mass coeffs = [-0.00063987  0.15840543  0.57077999]
H1 map mass to dac 39.9624 >> 5.87917
GetDeflection H1 ===>> 0
GetHighVoltage ===>> 4500
do peak center. <pychron.spectrometer.jobs.peak_center.PeakCenter object at 0x1339c1830>
doing pc
starting peak center. center dac= 5.87917 step_width=0.001
width = 0.001
get scan parameters. half-width=0.015,window=0.015, i=0, scalar=1
Scan parameters center=5.87917 width=0.03000 (5.86417 - 5.89417)
GetData ===>> H2,-0.264347536449063,H1,0.0258619231729764,AX,-0.121059617301974,L1,-0.0174120683174044,L2,-0.04...
Moving to starting dac 5.86417
setting magnet DAC
current  : 5.239826
requested: 5.864170
Delta Dac: 0.624344
Checking detector protection. dv=0.62434
Checking detector "CDD". Protection Threshold: 0.1 (V)
ProtectDetector CDD,On ===>> OK
GetDeflection CDD ===>> 2000
SetMagnetDAC 5.86417 ===>> OK
Magnet settling time: 0.500
GetMagnetMoving ===>> True
GetMagnetMoving ===>> True
GetMagnetMoving ===>> True
GetMagnetMoving ===>> True
GetMagnetMoving ===>> True
GetMagnetMoving ===>> True
GetMagnetMoving ===>> True
Get Checksum: -860229079
GetMagnetMoving ===>> True
GetMagnetMoving ===>> False
ProtectDetector CDD,Off ===>> OK
GetDeflection CDD ===>> 50
Wait until signal near baseline. tol= 0.0193964423797. timeout= 10
GetData ===>> H2,3.96904545557434,H1,2.09212020285403,AX,0.0435710844265599,L1,0.0153819190344434,L2,-0.0791736...
GetData ===>> H2,49.695586742185,H1,23.2449147871989,AX,1.76297878744155,L1,0.0119203476608879,L2,-0.0295327621...
GetData ===>> H2,48.9599572901238,H1,19.2646785935496,AX,2.3875423260973,L1,0.00470452895687269,L2,-0.037569013...
GetData ===>> H2,25.4597547865428,H1,9.31857155952056,AX,1.15388333922267,L1,-0.00610575980932348,L2,-0.0610592...
GetData ===>> H2,10.3321930861681,H1,4.68818265514905,AX,0.365547365726037,L1,0.0348589103446462,L2,-0.12404416...
GetData ===>> H2,3.56433940382765,H1,2.34642046405449,AX,0.288684591744982,L1,0.045373040552474,L2,-0.150018334...
Get Checksum: -860229079
GetData ===>> H2,1.1778394473179,H1,1.36049833356575,AX,0.196867973626315,L1,0.058995225673199,L2,-0.0482450274...
GetData ===>> H2,0.481471700199339,H1,0.879445303498927,AX,0.132798507852265,L1,0.057434519831491,L2,-0.0198792...
GetData ===>> H2,0.267593241745807,H1,0.808570994024582,AX,-0.0315602013767517,L1,0.0445658099719686,L2,0.04072...
GetData ===>> H2,0.21197724616289,H1,0.572015066949239,AX,0.100153671437074,L1,0.0322413782719094,L2,-0.0189685...
GetData ===>> H2,0.156577605941032,H1,0.509218592024374,AX,0.0144444479878816,L1,-0.0133645061965855,L2,0.04325...
GetData ===>> H2,0.180203276602519,H1,0.43296171178826,AX,-0.0825041678681552,L1,-0.0419810562204595,L2,-0.0974...
Get Checksum: -860229079
GetData ===>> H2,0.141860120816362,H1,0.425596188304378,AX,-0.0677593626168432,L1,-0.0269327294330932,L2,-0.060...
GetData ===>> H2,0.109337876304013,H1,0.415385788917156,AX,0.0608691774389718,L1,-0.0428025145469651,L2,0.02040...
GetData ===>> H2,0.0792817676189914,H1,0.4339422281048,AX,-0.00956976853954283,L1,-0.0458865749773391,L2,0.0533...
GetData ===>> H2,0.0596695076454008,H1,0.47465906489228,AX,-0.0582760667338901,L1,-0.0353206938576121,L2,0.0708...
GetData ===>> H2,0.139044024135054,H1,0.407304289292188,AX,-0.042646320466436,L1,-0.0405463367574001,L2,-0.0410...
GetData ===>> H2,0.0566121102553091,H1,0.371065097655676,AX,-0.0416258936561006,L1,-0.018869220760712,L2,-0.088...
Get Checksum: -860229079
GetData ===>> H2,-0.043419039564356,H1,0.439275448091814,AX,-0.139051566103822,L1,-0.0361738500077632,L2,0.0101...
GetData ===>> H2,-0.0568020469690655,H1,0.3341222533783,AX,-0.109182876183731,L1,-0.0123169034097659,L2,0.03371...
GetData ===>> H2,-0.00353750859944528,H1,0.280500496139236,AX,0.134375382063854,L1,-0.0201700693980339,L2,-0.03...
Peak center failed to move to a baseline position
_do_sweep sm= 5.86417, em= 5.89417, stm= 0.001
calculated step values: start=5.86417, end=5.89417, width=0.001, nsteps=31.0
setting magnet DAC
current  : 5.864170
requested: 5.864170
Delta Dac: 0.000000
Checking detector protection. dv=0.00000
Checking detector "CDD". Protection Threshold: 0.1 (V)
SetMagnetDAC 5.86417 ===>> OK
GetData ===>> H2,-0.00353750859944528,H1,0.280500496139236,AX,0.134375382063854,L1,-0.0201700693980339,L2,-0.03...
setting magnet DAC
current  : 5.864170
requested: 5.865204
Delta Dac: 0.001034
Checking detector protection. dv=0.00103
Checking detector "CDD". Protection Threshold: 0.1 (V)
SetMagnetDAC 5.86520448276 ===>> OK
Magnet settling time: 1.049
GetData ===>> H2,-0.109024246894427,H1,0.84513484695472,AX,0.111791413454385,L1,-0.00614654043096301,L2,-0.0006...
setting magnet DAC
current  : 5.865204
requested: 5.866239
Delta Dac: 0.001034
Checking detector protection. dv=0.00103
Checking detector "CDD". Protection Threshold: 0.1 (V)
SetMagnetDAC 5.86623896552 ===>> OK
Magnet settling time: 1.049
Get Checksum: -860229079
GetData ===>> H2,-0.281757128402315,H1,3.44307546806448,AX,0.462347431831578,L1,-0.0579670655143527,L2,-0.18218...
setting magnet DAC
current  : 5.866239
requested: 5.867273
Delta Dac: 0.001034
Checking detector protection. dv=0.00103
Checking detector "CDD". Protection Threshold: 0.1 (V)
SetMagnetDAC 5.86727344828 ===>> OK
Magnet settling time: 1.049
GetData ===>> H2,-0.138605638489539,H1,13.5666330909843,AX,1.73756833474338,L1,-0.0175490348101702,L2,0.0463098...
setting magnet DAC
current  : 5.867273
requested: 5.868308
Delta Dac: 0.001034
Checking detector protection. dv=0.00103
Checking detector "CDD". Protection Threshold: 0.1 (V)
SetMagnetDAC 5.86830793103 ===>> OK
Magnet settling time: 1.049
GetData ===>> H2,-0.1341642677463,H1,46.3878889187305,AX,6.09517741933062,L1,0.0344478479550976,L2,-0.047971882...
setting magnet DAC
current  : 5.868308
requested: 5.869342
Delta Dac: 0.001034
Checking detector protection. dv=0.00103
Checking detector "CDD". Protection Threshold: 0.1 (V)
SetMagnetDAC 5.86934241379 ===>> OK
Magnet settling time: 1.049
Get Checksum: -860229079
GetData ===>> H2,-0.175747443472496,H1,123.60850674315,AX,18.4600978488425,L1,0.0894295364921559,L2,0.014029548...
setting magnet DAC
current  : 5.869342
requested: 5.870377
Delta Dac: 0.001034
Checking detector protection. dv=0.00103
Checking detector "CDD". Protection Threshold: 0.1 (V)
SetMagnetDAC 5.87037689655 ===>> OK
Magnet settling time: 1.049
GetData ===>> H2,-0.165781870429198,H1,243.874117971482,AX,40.6262501396956,L1,0.235078162927075,L2,0.076481444...
setting magnet DAC
current  : 5.870377
requested: 5.871411
Delta Dac: 0.001034
Checking detector protection. dv=0.00103
Checking detector "CDD". Protection Threshold: 0.1 (V)
SetMagnetDAC 5.87141137931 ===>> OK
Magnet settling time: 1.049
GetData ===>> H2,-0.121446500494267,H1,369.650353492449,AX,67.3996086221434,L1,0.493098421581989,L2,0.076686570...
setting magnet DAC
current  : 5.871411
requested: 5.872446
Delta Dac: 0.001034
Checking detector protection. dv=0.00103
Checking detector "CDD". Protection Threshold: 0.1 (V)
SetMagnetDAC 5.87244586207 ===>> OK
Magnet settling time: 1.049
GetData ===>> H2,-0.155826438754272,H1,455.014008250481,AX,89.3242618352378,L1,0.725892091863852,L2,0.215292860...
setting magnet DAC
current  : 5.872446
requested: 5.873480
Delta Dac: 0.001034
Checking detector protection. dv=0.00103
Checking detector "CDD". Protection Threshold: 0.1 (V)
SetMagnetDAC 5.87348034483 ===>> OK
Magnet settling time: 1.049
Get Checksum: -860229079
GetData ===>> H2,-0.292072233708619,H1,494.057687854877,AX,101.335330478731,L1,0.969791434984075,L2,0.247001840...
setting magnet DAC
current  : 5.873480
requested: 5.874515
Delta Dac: 0.001034
Checking detector protection. dv=0.00103
Checking detector "CDD". Protection Threshold: 0.1 (V)
SetMagnetDAC 5.87451482759 ===>> OK
Magnet settling time: 1.049
GetData ===>> H2,-0.275297385200859,H1,507.257671720571,AX,105.978794029494,L1,1.13394848008386,L2,0.4730474030...
setting magnet DAC
current  : 5.874515
requested: 5.875549
Delta Dac: 0.001034
Checking detector protection. dv=0.00103
Checking detector "CDD". Protection Threshold: 0.1 (V)
SetMagnetDAC 5.87554931034 ===>> OK
Magnet settling time: 1.049
GetData ===>> H2,-0.16990624696626,H1,510.615277046713,AX,107.472623716367,L1,1.20254933771899,L2,0.57152770795...
setting magnet DAC
current  : 5.875549
requested: 5.876584
Delta Dac: 0.001034
Checking detector protection. dv=0.00103
Checking detector "CDD". Protection Threshold: 0.1 (V)
SetMagnetDAC 5.8765837931 ===>> OK
Magnet settling time: 1.049
Get Checksum: -860229079
GetData ===>> H2,-0.160473035101839,H1,511.692612696173,AX,107.730982390005,L1,1.28336447070656,L2,0.3984032544...
setting magnet DAC
current  : 5.876584
requested: 5.877618
Delta Dac: 0.001034
Checking detector protection. dv=0.00103
Checking detector "CDD". Protection Threshold: 0.1 (V)
SetMagnetDAC 5.87761827586 ===>> OK
Magnet settling time: 1.049
GetData ===>> H2,-0.11561005189599,H1,511.507294165435,AX,107.588567595894,L1,1.34888391715008,L2,0.39071152060...
setting magnet DAC
current  : 5.877618
requested: 5.878653
Delta Dac: 0.001034
Checking detector protection. dv=0.00103
Checking detector "CDD". Protection Threshold: 0.1 (V)
SetMagnetDAC 5.87865275862 ===>> OK
Magnet settling time: 1.049
GetData ===>> H2,-0.197347816115743,H1,511.605199592028,AX,107.900649873115,L1,1.33225082594903,L2,0.3856448996...
setting magnet DAC
current  : 5.878653
requested: 5.879687
Delta Dac: 0.001034
Checking detector protection. dv=0.00103
Checking detector "CDD". Protection Threshold: 0.1 (V)
SetMagnetDAC 5.87968724138 ===>> OK
Magnet settling time: 1.049
Get Checksum: -860229079
GetData ===>> H2,-0.214031808264228,H1,511.200163784153,AX,107.851751044306,L1,1.377572086069,L2,0.419130642429...
setting magnet DAC
current  : 5.879687
requested: 5.880722
Delta Dac: 0.001034
Checking detector protection. dv=0.00103
Checking detector "CDD". Protection Threshold: 0.1 (V)
SetMagnetDAC 5.88072172414 ===>> OK
Magnet settling time: 1.049
GetData ===>> H2,-0.204116020331095,H1,511.26137684076,AX,107.704852755024,L1,1.43034156003079,L2,0.35027730531...
setting magnet DAC
current  : 5.880722
requested: 5.881756
Delta Dac: 0.001034
Checking detector protection. dv=0.00103
Checking detector "CDD". Protection Threshold: 0.1 (V)
SetMagnetDAC 5.8817562069 ===>> OK
Magnet settling time: 1.049
GetData ===>> H2,-0.247541637457296,H1,510.984072622762,AX,107.683339741899,L1,1.40137426038752,L2,0.3932449315...
setting magnet DAC
current  : 5.881756
requested: 5.882791
Delta Dac: 0.001034
Checking detector protection. dv=0.00103
Checking detector "CDD". Protection Threshold: 0.1 (V)
SetMagnetDAC 5.88279068966 ===>> OK
Magnet settling time: 1.049
Get Checksum: -860229079
GetData ===>> H2,-0.219312188189005,H1,509.924361148484,AX,107.429450970343,L1,1.38836260796246,L2,0.3999097196...
setting magnet DAC
current  : 5.882791
requested: 5.883825
Delta Dac: 0.001034
Checking detector protection. dv=0.00103
Checking detector "CDD". Protection Threshold: 0.1 (V)
SetMagnetDAC 5.88382517241 ===>> OK
Magnet settling time: 1.049
GetData ===>> H2,-0.164610144091625,H1,506.410615437397,AX,106.066429035432,L1,1.37704136203281,L2,0.3521252241...
setting magnet DAC
current  : 5.883825
requested: 5.884860
Delta Dac: 0.001034
Checking detector protection. dv=0.00103
Checking detector "CDD". Protection Threshold: 0.1 (V)
SetMagnetDAC 5.88485965517 ===>> OK
Magnet settling time: 1.049
GetData ===>> H2,-0.207482435084053,H1,493.847624013047,AX,100.958442168977,L1,1.2545532446301,L2,0.37818239170...
setting magnet DAC
current  : 5.884860
requested: 5.885894
Delta Dac: 0.001034
Checking detector protection. dv=0.00103
Checking detector "CDD". Protection Threshold: 0.1 (V)
Get Checksum: -860229079
SetMagnetDAC 5.88589413793 ===>> OK
Magnet settling time: 1.049
GetData ===>> H2,-0.326654400023649,H1,456.086271995576,AX,87.8305725263551,L1,1.10499576621217,L2,0.3330774002...
setting magnet DAC
current  : 5.885894
requested: 5.886929
Delta Dac: 0.001034
Checking detector protection. dv=0.00103
Checking detector "CDD". Protection Threshold: 0.1 (V)
SetMagnetDAC 5.88692862069 ===>> OK
Magnet settling time: 1.049
GetData ===>> H2,-0.247937130264418,H1,370.061211580975,AX,63.6814394765812,L1,0.941916426653524,L2,0.176293117...
setting magnet DAC
current  : 5.886929
requested: 5.887963
Delta Dac: 0.001034
Checking detector protection. dv=0.00103
Checking detector "CDD". Protection Threshold: 0.1 (V)
SetMagnetDAC 5.88796310345 ===>> OK
Magnet settling time: 1.049
Get Checksum: -860229079
GetData ===>> H2,-0.0895841965161987,H1,244.841424103956,AX,36.3094026913529,L1,0.64521082922375,L2,0.163197878...
setting magnet DAC
current  : 5.887963
requested: 5.888998
Delta Dac: 0.001034
Checking detector protection. dv=0.00103
Checking detector "CDD". Protection Threshold: 0.1 (V)
SetMagnetDAC 5.88899758621 ===>> OK
Magnet settling time: 1.049
GetData ===>> H2,-0.222442630614006,H1,123.287184225523,AX,15.2869109035285,L1,0.401820420757649,L2,0.104496648...
setting magnet DAC
current  : 5.888998
requested: 5.890032
Delta Dac: 0.001034
Checking detector protection. dv=0.00103
Checking detector "CDD". Protection Threshold: 0.1 (V)
SetMagnetDAC 5.89003206897 ===>> OK
Magnet settling time: 1.049
GetData ===>> H2,-0.196641100799581,H1,47.3552137389335,AX,4.86610802739287,L1,0.238490234067254,L2,-0.14969939...
setting magnet DAC
current  : 5.890032
requested: 5.891067
Delta Dac: 0.001034
Checking detector protection. dv=0.00103
Checking detector "CDD". Protection Threshold: 0.1 (V)
SetMagnetDAC 5.89106655172 ===>> OK
Magnet settling time: 1.049
Get Checksum: -860229079
GetData ===>> H2,-0.0489477077666689,H1,14.458164379589,AX,1.18830734115673,L1,0.113806141933346,L2,-0.07664789...
setting magnet DAC
current  : 5.891067
requested: 5.892101
Delta Dac: 0.001034
Checking detector protection. dv=0.00103
Checking detector "CDD". Protection Threshold: 0.1 (V)
SetMagnetDAC 5.89210103448 ===>> OK
Magnet settling time: 1.049
GetData ===>> H2,-0.0594063114246335,H1,3.71903318555955,AX,0.125007268778928,L1,0.109767037712737,L2,-0.077239...
setting magnet DAC
current  : 5.892101
requested: 5.893136
Delta Dac: 0.001034
Checking detector protection. dv=0.00103
Checking detector "CDD". Protection Threshold: 0.1 (V)
SetMagnetDAC 5.89313551724 ===>> OK
Magnet settling time: 1.049
GetData ===>> H2,-0.268344035016328,H1,0.362365816127519,AX,-0.203924694985706,L1,0.049413556918848,L2,0.003962...
setting magnet DAC
current  : 5.893136
requested: 5.894170
Delta Dac: 0.001034
Checking detector protection. dv=0.00103
Checking detector "CDD". Protection Threshold: 0.1 (V)
SetMagnetDAC 5.89417 ===>> OK
Magnet settling time: 1.049
Get Checksum: -860229079
GetData ===>> H2,-0.216318211262604,H1,-0.0025433418555874,AX,-0.0382166628616691,L1,0.00233938670972385,L2,0.1...
result of _do_sweep=True
result of _calculate_peak_center=([5.8715347294589169, 5.8791699999999993, 5.8868052705410818], [379.82898567302817, 511.68704199885627, 380.31870876469219], 5.8766148897795585, 511.68704199885627)
Failed to find a valid peak. No peak greater than 1.0. max = 0.027936628025
new center pos Detector(H1) (Ar40) @ 5.87917
GetHighVoltage ===>> 4500
GetDeflection H1 ===>> 0
dac uncorrected for HV and deflection 5.87917
update mftable H1 Ar40 5.87917 message=automated run peakcenter
get initial guess parabolic
get initial guess parabolic
get initial guess parabolic
get initial guess parabolic
get initial guess parabolic
get initial guess parabolic
dump mftable to /Users/jan/PychronDev/setupfiles/spectrometer/mftables/mftable.csv
add to repo msg=modified - automated run peakcenter
sweep finished
locally archiving mftable
setting magnet DAC
current  : 5.894170
requested: 5.879170
Delta Dac: 0.015000
Checking detector protection. dv=0.01500
Checking detector "CDD". Protection Threshold: 0.1 (V)
SetMagnetDAC 5.87917 ===>> OK
Magnet settling time: 0.500
setting integration time = 1.048576
SetIntegrationTime 1.048576 ===>> OK
Failed to find a valid peak. No peak greater than 1.0. max = 0.027936628025
flush and close file /Users/jan/PychronDev/data/isotopes/44/50b00d-6118-4915-9e1d-4e091068e328.h5
finished measure script
executed 226.132928
jan_unknown120_60.py completed successfully
Measurement Finished
16:24:34 -- ******* Measurement Finished *******
Post Measurement Started jan_pump_ms.py
16:24:34 -- ******* Post Measurement Started jan_pump_ms.py *******
testing...
no interpolation path defined
executed 0
Pumping spectrometer
open () {'name': 'O'}
opening name=O desc=---
checking ownership. requestor=129.138.12.150
check software interlocks O
interlocks []
actuate state mode=None-script, software_lock=False
doing actuation None-script open_channel True
Open O ===>> OK
GetIndicatorState O ===>> OK
change switch state (True, True)
update switch state O True args=() kw={} ncanvase=2
16:24:34 -- OPEN   VALVE-O (Jan Ion Pump)
---------------------------------------- open O () result=[(True, True)], time=0.08 sec
action=open, ok=True, locked=[False]
executed 0
jan_pump_ms.py completed successfully
setting _ms_pumptime
Post Measurement Finished
16:24:35 -- ******* Post Measurement Finished *******
$$$$$$$$$$$$$$$$$$$$ state at run end measurement
state changed from measurement to success
post measurement save measured=True aborted=False
Set filtering
setting fod for Ar40= {'filter_outliers': True, 'std_devs': 2, 'iterations': 1}
setting fod for H1= {'filter_outliers': True, 'std_devs': 2, 'iterations': 1}
setting fod for PM41= {'filter_outliers': False, 'std_devs': 2, 'iterations': 1}
setting fod for H2= {'filter_outliers': True, 'std_devs': 2, 'iterations': 1}
setting fod for Ar36= {'filter_outliers': True, 'std_devs': 2, 'iterations': 1}
setting fod for CDD= {'filter_outliers': True, 'std_devs': 10, 'iterations': 1}
setting fod for Ar37= {'filter_outliers': True, 'std_devs': 2, 'iterations': 1}
setting fod for L2= {'filter_outliers': True, 'std_devs': 2, 'iterations': 1}
setting fod for Ar38= {'filter_outliers': True, 'std_devs': 2, 'iterations': 1}
setting fod for L1= {'filter_outliers': True, 'std_devs': 2, 'iterations': 1}
setting fod for Ar39= {'filter_outliers': True, 'std_devs': 2, 'iterations': 1}
setting fod for AX= {'filter_outliers': True, 'std_devs': 2, 'iterations': 1}
persistence save...
persistence save - db
post measurement save
5177103952 connecting to database sqlite:////Users/jan/PychronDev/.appdata/local_lab.db
connected to db sqlite:////Users/jan/PychronDev/.appdata/local_lab.db
create new session 5177103952
close session 5177103952
No database instance. Not saving post measurement to isotopedb database
$$$$$$$$$$$$$$$ auto_save_detector_ic=False
massspec enabled True
create new session 5015664976
MassSpec Database Version: 16.0
close session 5015664976
saving post measurement to secondary database
saving to massspec database 129.138.12.160/massspecdata
setting labnumber to 65572
setting aliquot to 7
setting step to B
setting uuid to 4450b00d-6118-4915-9e1d-4e091068e328
setting irradpos to 65572
setting extract_device to Fusions CO2
setting tray to 
setting position to 207
setting power_requested to 0.4
setting extract_value to 0.4
setting duration to 30.0
setting duration_at_request to 30.0
setting first_stage_delay to 30.0
setting cleanup to 30.0
setting comment to M:15 with inclusions
setting irradiation to NM-289
setting level to M
setting irradiation_level to M
setting sample to NM-2602 W
setting material to Sanidine
setting project to JoyitaHills
setting mass_spectrometer to Jan
no attribute chron_dosages
no attribute production_ratios
no attribute interference_corrections
no attribute production_name
no attribute j
Reference Isotope=Ar40
Reference Detector=H1
%%%%%%%%%%%%%%%%%%%% Comment: M:15 with inclusions %%%%%%%%%%%%%%%%%%%
adding isotope PM41 H2
add baseline dbdet= PM41. original det= H2
get baseline data PM41 H2
Get data baseline <pychron.processing.isotope.Baseline object at 0x13e25fb10> len t=60
baseline PM41. v=-0.198376300058, e=0.00858827650916
get signal data PM41 H2
Get data signal PM41 0.06+/-0.06 len t=120
adding isotope Ar40 H1
add baseline dbdet= Ar40. original det= H1
get baseline data Ar40 H1
Get data baseline <pychron.processing.isotope.Baseline object at 0x13e25fcd0> len t=60
baseline Ar40. v=-0.0253466367953, e=0.0055154526194
get signal data Ar40 H1
Get data signal Ar40 562.77+/-0.04 len t=120
adding isotope Ar39 AX
add baseline dbdet= Ar39. original det= AX
get baseline data Ar39 AX
Get data baseline <pychron.processing.isotope.Baseline object at 0x13e25fe90> len t=60
baseline Ar39. v=-0.0723926830386, e=0.00650720624775
get signal data Ar39 AX
Get data signal Ar39 118.652+/-0.020 len t=120
adding isotope Ar38 L1
add baseline dbdet= Ar38. original det= L1
get baseline data Ar38 L1
Get data baseline <pychron.processing.isotope.Baseline object at 0x13e26c090> len t=60
baseline Ar38. v=-0.0276616016802, e=0.00259089763844
get signal data Ar38 L1
Get data signal Ar38 1.529+/-0.005 len t=120
adding isotope Ar37 L2
add baseline dbdet= Ar37. original det= L2
get baseline data Ar37 L2
Get data baseline <pychron.processing.isotope.Baseline object at 0x13e26c250> len t=60
baseline Ar37. v=-0.026050385282, e=0.00758128243545
get signal data Ar37 L2
Get data signal Ar37 0.507+/-0.010 len t=120
adding isotope Ar36 CDD
add baseline dbdet= Ar36. original det= CDD
get baseline data Ar36 CDD
Get data baseline <pychron.processing.isotope.Baseline object at 0x13e26c410> len t=60
baseline Ar36. v=0.000133978870981, e=1.64830298396e-05
Get Checksum: -1965264452
get signal data Ar36 CDD
Get data signal Ar36 0.0196+/-0.0004 len t=120
65572-07B added analysis time 0.489049196243s
analysis added to mass spec database
mass spec save time= 0.498
persistence save - dvc
================= post measurement started
create new session 4984870000
close session 4984870000
---------------- Experiment Queue saving disabled
DVC saving peakcenter
Failed to find a valid peak. No peak greater than 1.0. max = 0.027936628025
Smart pull ahead: 0 behind: 0
Up-to-date with origin
add to repo msg=modified - ad8224ebc6dbfeb9f5997218dfa5fe690569839d.json
add to repo msg=modified - 72-07B.json
add to repo msg=modified - 72-07B.dat.json
add to repo msg=modified - 72-07B.blan.json
add to repo msg=modified - 72-07B.inte.json
add to repo msg=modified - 72-07B.icfa.json
add to repo msg=modified - 72-07B.base.json
not at valid file /Users/jan/PychronDev/data/.dvc/repositories/Load1783/655/tags/72-07B.tags.json
add to repo msg=modified - 72-07B.peak.json
add to repo msg=modified - 72-07B.extr.json
not at valid file /Users/jan/PychronDev/data/.dvc/repositories/Load1783/655/monitor/72-07B.moni.json
commit message=<COLLECTION>
Get Checksum: -1965264452
add to repo msg=modified - 72-07B.inte.json
add to repo msg=modified - 72-07B.base.json
commit message=<ISOEVO> default collection fits
add to repo msg=modified - 72-07B.blan.json
commit message=<BLANKS> preceding ba-01-J-2238
add to repo msg=modified - 72-07B.icfa.json
Get Checksum: -1965264452
commit message=<ICFactor> default
push repository <pychron.git_archive.repo_manager.GitRepoManager object at 0x1134cdbf0>
pushing to remote=origin, url=https://github.com
Get Checksum: -1965264452
no changes to meta repo
create new session 4984870000
add association Load1783
get identifier "65572"
setting analysis irradiation position=<pychron.dvc.dvc_orm.IrradiationPositionTbl object at 0x1381c29d0>
close session 4984870000
================= post measurement finished
16:24:47 -- ******* Post Run Check *******
loading queue conditionals post_run_actions
loading system conditionals post_run_actions
loading conditionals from /Users/jan/PychronDev/setupfiles/spectrometer/default_conditionals.yaml
loading queue conditionals post_run_terminations
loading system conditionals post_run_terminations
loading conditionals from /Users/jan/PychronDev/setupfiles/spectrometer/default_conditionals.yaml
Checking default post run terminations n=1
GetDeflection CDD ===>> 50
testing CDD==2000
evaluate ot="CDD.deflection==2000" t="CDD==2000", ctx="{'CDD': 50.0}"
16:24:47 -- ******* Post Run Check Passed *******
16:24:47 -- Automated run 65572-07B success duration: 359.697 s
----------------- finish -----------------
----------------- stop -----------------
retroactive repository identifiers disabled
finish run. runs completed=12
update duration runid=65572-07B, duration=359.697085142, md5=301e91d8
loading script "jan_unknown120_60.py"
loading script "jan_pump_ms.py"
loading script "jan_co2.py"
loading script "jan_pump_extraction_line.py"
testing...
no interpolation path defined
executed 213.652928
script duration name:unknown120_60 seconds:214.0
loading script "jan_unknown120_60.py"
loading script "jan_pump_ms.py"
loading script "jan_co2.py"
loading script "jan_pump_extraction_line.py"
testing...
no interpolation path defined
executed 0
loading script "jan_unknown120_60.py"
loading script "jan_pump_ms.py"
loading script "jan_co2.py"
loading script "jan_pump_extraction_line.py"
testing...
no interpolation path defined
calculate duration
testing...
no interpolation path defined
executed 0
calculate duration
testing...
no interpolation path defined
executed 0
executed 0.0
script duration name:co2 seconds:0.0
loading script "jan_unknown120_60.py"
loading script "jan_pump_ms.py"
loading script "jan_co2.py"
loading script "jan_pump_extraction_line.py"
testing...
no interpolation path defined
calculate duration
testing...
no interpolation path defined
executed 4.0
executed 4.0
Script duration 214.0
Run total estimated duration= 215.000
unknown120_60 in script context. using previous estimated duration
script duration name:unknown120_60 seconds:214.0
pump_ms in script context. using previous estimated duration
co2 in script context. using previous estimated duration
script duration name:co2 seconds:0.0
pump_extraction_line in script context. using previous estimated duration
Script duration 214.0
Run total estimated duration= 215.000
script duration name:unknown120_60 seconds:214.0
script duration name:co2 seconds:0.0
Script duration 214.0
Run total estimated duration= 215.000
script duration name:unknown120_60 seconds:214.0
script duration name:co2 seconds:0.0
Script duration 214.0
Run total estimated duration= 215.000
script duration name:unknown120_60 seconds:214.0
script duration name:co2 seconds:0.0
Script duration 214.0
Run total estimated duration= 215.000
script duration name:unknown120_60 seconds:214.0
script duration name:co2 seconds:0.0
Script duration 214.0
Run total estimated duration= 215.000
script duration name:unknown120_60 seconds:214.0
script duration name:co2 seconds:0.0
Script duration 214.0
Run total estimated duration= 215.000
script duration name:unknown120_60 seconds:214.0
script duration name:co2 seconds:0.0
Script duration 214.0
Run total estimated duration= 215.000
script duration name:unknown120_60 seconds:214.0
script duration name:co2 seconds:0.0
Script duration 214.0
Run total estimated duration= 215.000
script duration name:unknown120_60 seconds:214.0
script duration name:co2 seconds:0.0
Script duration 214.0
Run total estimated duration= 215.000
script duration name:unknown120_60 seconds:214.0
script duration name:co2 seconds:0.0
Script duration 214.0
Run total estimated duration= 215.000
script duration name:unknown120_60 seconds:214.0
script duration name:co2 seconds:0.0
Script duration 214.0
Run total estimated duration= 215.000
script duration name:unknown120_60 seconds:214.0
script duration name:co2 seconds:0.0
Script duration 214.0
Run total estimated duration= 215.000
loading script "jan_unknown400_120.py"
loading script "jan_pump_ms.py"
loading script "jan_co2.py"
loading script "jan_pump_extraction_line.py"
testing...
no interpolation path defined
executed 556.052928
script duration name:unknown400_120 seconds:556.0
script duration name:co2 seconds:0.0
Script duration 556.0
Run total estimated duration= 557.000
unknown400_120 in script context. using previous estimated duration
script duration name:unknown400_120 seconds:556.0
loading script "jan_unknown400_120.py"
loading script "jan_pump_ms.py"
loading script "jan_cocktail_x1.py"
loading script "jan_pump_extraction_line.py"
testing...
no interpolation path defined
calculate duration
testing...
no interpolation path defined
executed 0
calculate duration
testing...
no interpolation path defined
executed 0
calculate duration
testing...
no interpolation path defined
executed 32.0
calculate duration
testing...
no interpolation path defined
executed 34.0
calculate duration
testing...
no interpolation path defined
executed 4.0
calculate duration
testing...
no interpolation path defined
executed 38.0
executed 108.0
script duration name:cocktail_x1 seconds:108.0
Script duration 664.0
Run total estimated duration= 665.000
script duration name:unknown120_60 seconds:214.0
cocktail_x1 in script context. using previous estimated duration
script duration name:cocktail_x1 seconds:108.0
Script duration 322.0
Run total estimated duration= 323.000
loading script "jan_ic_peak_hop3.py"
loading script "jan_pump_ms.py"
loading script "jan_air_x1.py"
loading script "jan_pump_extraction_line.py"
testing...
no interpolation path defined
executed 133.8
script duration name:ic_peak_hop3 seconds:134.0
loading script "jan_ic_peak_hop3.py"
loading script "jan_pump_ms.py"
loading script "jan_air_x1.py"
loading script "jan_pump_extraction_line.py"
testing...
no interpolation path defined
calculate duration
testing...
no interpolation path defined
executed 0
calculate duration
testing...
no interpolation path defined
executed 0
calculate duration
testing...
no interpolation path defined
executed 32.0
calculate duration
testing...
no interpolation path defined
executed 34.0
calculate duration
testing...
no interpolation path defined
executed 4.0
calculate duration
testing...
no interpolation path defined
executed 36.0
executed 106.0
script duration name:air_x1 seconds:106.0
Script duration 240.0
Run total estimated duration= 241.000
script duration name:unknown120_60 seconds:214.0
script duration name:co2 seconds:0.0
Script duration 214.0
Run total estimated duration= 215.000
script duration name:unknown120_60 seconds:214.0
script duration name:co2 seconds:0.0
Script duration 214.0
Run total estimated duration= 215.000
script duration name:unknown120_60 seconds:214.0
script duration name:co2 seconds:0.0
Script duration 214.0
Run total estimated duration= 215.000
script duration name:unknown120_60 seconds:214.0
script duration name:co2 seconds:0.0
Script duration 214.0
Run total estimated duration= 215.000
script duration name:unknown120_60 seconds:214.0
script duration name:co2 seconds:0.0
Script duration 214.0
Run total estimated duration= 215.000
script duration name:unknown120_60 seconds:214.0
script duration name:co2 seconds:0.0
Script duration 214.0
Run total estimated duration= 215.000
script duration name:unknown120_60 seconds:214.0
script duration name:co2 seconds:0.0
Script duration 214.0
Run total estimated duration= 215.000
script duration name:unknown120_60 seconds:214.0
script duration name:co2 seconds:0.0
Script duration 214.0
Run total estimated duration= 215.000
script duration name:unknown120_60 seconds:214.0
script duration name:co2 seconds:0.0
Script duration 214.0
Run total estimated duration= 215.000
script duration name:unknown120_60 seconds:214.0
script duration name:co2 seconds:0.0
Script duration 214.0
Run total estimated duration= 215.000
script duration name:unknown400_120 seconds:556.0
loading script "jan_unknown400_120.py"
loading script "jan_pump_ms.py"
loading script "jan_sniffair_x2.py"
loading script "jan_pump_extraction_line.py"
testing...
no interpolation path defined
calculate duration
testing...
no interpolation path defined
executed 0
calculate duration
testing...
no interpolation path defined
executed 0
calculate duration
testing...
no interpolation path defined
executed 32.0
calculate duration
testing...
no interpolation path defined
executed 34.0
calculate duration
testing...
no interpolation path defined
executed 4.0
calculate duration
testing...
no interpolation path defined
executed 36.0
calculate duration
testing...
no interpolation path defined
executed 34.0
calculate duration
testing...
no interpolation path defined
executed 4.0
calculate duration
testing...
no interpolation path defined
executed 36.0
calculate duration
testing...
no interpolation path defined
executed 70.0
executed 250.0
script duration name:sniffair_x2 seconds:250.0
Script duration 806.0
Run total estimated duration= 807.000
script duration name:unknown400_120 seconds:556.0
sniffair_x2 in script context. using previous estimated duration
script duration name:sniffair_x2 seconds:250.0
Script duration 806.0
Run total estimated duration= 807.000
script duration name:unknown400_120 seconds:556.0
script duration name:co2 seconds:0.0
Script duration 556.0
Run total estimated duration= 557.000
nruns=30 before=5.0, run_dur=8902.0, btw=1305.0
write rem/ex queues
/Users/jan/PychronDev/experiments/rem/CurrentExperiment.rem.txt
/Users/jan/PychronDev/experiments/rem/CurrentExperiment.ex.txt
doing event level: 3
