do run
loading script "jan_unknown120_60.py"
loading script "jan_pump_ms.py"
loading script "jan_co2.py"
loading script "jan_pump_extraction_line.py"
testing...
no interpolation path defined
executed 213.652928
script duration name:unknown120_60 seconds:214.0
loading script "jan_unknown120_60.py"
loading script "jan_pump_ms.py"
loading script "jan_co2.py"
loading script "jan_pump_extraction_line.py"
testing...
no interpolation path defined
executed 0
loading script "jan_unknown120_60.py"
loading script "jan_pump_ms.py"
loading script "jan_co2.py"
loading script "jan_pump_extraction_line.py"
testing...
no interpolation path defined
calculate duration
testing...
no interpolation path defined
executed 0
calculate duration
testing...
no interpolation path defined
executed 0
executed 0.0
script duration name:co2 seconds:0.0
loading script "jan_unknown120_60.py"
loading script "jan_pump_ms.py"
loading script "jan_co2.py"
loading script "jan_pump_extraction_line.py"
testing...
no interpolation path defined
calculate duration
testing...
no interpolation path defined
executed 4.0
executed 4.0
Script duration 214.0
Run total estimated duration= 215.000
run duration: 0:03:35
doing event level: 2
14:53:31 -- Setting default integration. t=1.048576
setting integration time = 1.048576
SetIntegrationTime 1.048576 ===>> OK
----------------- start -----------------
**************** Experiment Type: Ar/Ar, Ar/Ar
create new session 4988673200
close session 4988673200
$$$$$ Clearing conditionals
adding conditionals 
Add queue conditionals
add default conditionals
adding default conditionals from /Users/jan/PychronDev/setupfiles/spectrometer/default_conditionals.yaml
Start automated run 65572-06C
loading script "jan_unknown120_60.py"
loading script "jan_pump_ms.py"
loading script "jan_co2.py"
loading script "jan_pump_extraction_line.py"
%%%%%%%%%%%%%%%%%% setting automated run 65572-06C
No value "sensitivity_multiplier" in metadata
$$$$$$$$$$$$$$$ auto_save_detector_ic=False
============================= Pre Extraction Check =============================
loading queue conditionals pre_run_terminations
loading system conditionals pre_run_terminations
loading conditionals from /Users/jan/PychronDev/setupfiles/spectrometer/default_conditionals.yaml
14:53:31 -- ******* Pre Extraction Check *******
Get a measurement from the spectrometer
GetData ===>> H2,-0.173875597421632,H1,0.00906354772725067,AX,0.0510340114860357,L1,0.00173078259336565,L2,0.01...
Pre Extraction Termination data. keys=H2,H1,AX,L1,L2,CDD, signals=-0.17388,0.00906,0.05103,0.00173,0.01175,0.00461
14:53:31 -- testing system defined conditionals
Checking default pre extraction terminations n=2
testing CDD
evaluate ot="CDD.inactive" t="CDD", ctx="{'CDD': False}"
GetDeflection CDD ===>> 50
testing CDD==2000
evaluate ot="CDD.deflection==2000" t="CDD==2000", ctx="{'CDD': 50.0}"
14:53:31 -- ******* Pre Extraction Check Passed *******
=================================================================================
14:53:31 -- stopping status monitor
stop 4977205328
Alive clients [4985221872]
14:53:31 -- starting status monitor
start 4977205328
Monitor already running
start extraction
do extraction
Analysis started at 14:53:31.198775
Extraction Started jan_co2.py
14:53:31 -- ******* Extraction Started jan_co2.py *******
state changed from not run to extraction
DO EXTRACTION <pychron.extraction_line.pyscript_runner.RemotePyScriptRunner object at 0x12c443410>
testing...
no interpolation path defined
calculate duration
testing...
no interpolation path defined
executed 0
calculate duration
testing...
no interpolation path defined
executed 0
executed 100.0
Jan CO2 laser analysis
doing GOSUB
testing...
no interpolation path defined
executed 0
Waiting for CO2 access
wait ('FelixCO2Flag', 0) {}
waiting for FelixCO2Flag = 0
Read FelixCO2Flag ===>> 0
finished waiting
CO2 free
wait ('CO2PumpTimeFlag', 0) {}
waiting for CO2PumpTimeFlag = 0
Read CO2PumpTimeFlag ===>> 0
finished waiting
acquire ('JanCO2Flag',) {'clear': True}
acquire JanCO2Flag
Set JanCO2Flag 1 ===>> OK
JanCO2Flag acquired
set extraction state False (0.75, 'red', 1.5)
CO2 acquired
executed 0
WaitForCO2Access.py completed successfully
gosub finished
doing GOSUB
testing...
no interpolation path defined
executed 0
Prepare for CO2 analysis
close () {'description': 'Jan Inlet'}
closing name=--- desc=Jan Inlet
checking ownership. requestor=129.138.12.150
check software interlocks R
interlocks []
actuate state mode=None-script, software_lock=False
doing actuation None-script close_channel False
Close R ===>> OK
GetIndicatorState R ===>> False
change switch state (True, True)
update switch state R False args=() kw={} ncanvase=2
14:53:31 -- CLOSE  VALVE-R (Jan Inlet)
---------------------------------------- close None (Jan Inlet) result=[(True, True)]
action=close, ok=True, locked=[False]
open () {'description': 'Jan Ion Pump'}
opening name=--- desc=Jan Ion Pump
checking ownership. requestor=129.138.12.150
check software interlocks O
interlocks []
actuate state mode=None-script, software_lock=False
doing actuation None-script open_channel False
Open O ===>> OK
GetIndicatorState O ===>> OK
change switch state (True, True)
update switch state O True args=() kw={} ncanvase=2
14:53:31 -- OPEN   VALVE-O (Jan Ion Pump)
---------------------------------------- open None (Jan Ion Pump) result=[(True, True)], time=0.08 sec
Get Checksum: -1404555142
action=open, ok=True, locked=[False]
close () {'description': 'Microbone to Minibone'}
closing name=--- desc=Microbone to Minibone
checking ownership. requestor=129.138.12.150
check software interlocks L
interlocks []
actuate state mode=None-script, software_lock=False
doing actuation None-script close_channel False
Close L ===>> OK
GetIndicatorState L ===>> False
change switch state (True, True)
update switch state L False args=() kw={} ncanvase=2
14:53:32 -- CLOSE  VALVE-L (Microbone to Minibone)
---------------------------------------- close None (Microbone to Minibone) result=[(True, True)]
action=close, ok=True, locked=[False]
open () {'description': 'Microbone to Turbo'}
opening name=--- desc=Microbone to Turbo
checking ownership. requestor=129.138.12.150
check software interlocks U
interlocks []
actuate state mode=None-script, software_lock=False
doing actuation None-script open_channel False
Open U ===>> OK
GetIndicatorState U ===>> OK
change switch state (True, True)
update switch state U True args=() kw={} ncanvase=2
14:53:33 -- OPEN   VALVE-U (Microbone to Turbo)
---------------------------------------- open None (Microbone to Turbo) result=[(True, True)], time=0.13 sec
action=open, ok=True, locked=[False]
open () {'description': 'Microbone to Inlet Pipette'}
opening name=--- desc=Microbone to Inlet Pipette
checking ownership. requestor=129.138.12.150
check software interlocks S
interlocks []
actuate state mode=None-script, software_lock=False
doing actuation None-script open_channel False
Open S ===>> OK
GetIndicatorState S ===>> OK
change switch state (True, True)
update switch state S True args=() kw={} ncanvase=2
14:53:33 -- OPEN   VALVE-S (Microbone to Inlet Pipette)
---------------------------------------- open None (Microbone to Inlet Pipette) result=[(True, True)], time=0.41 sec
action=open, ok=True, locked=[False]
open () {'description': 'Microbone to Getter D-50'}
opening name=--- desc=Microbone to Getter D-50
checking ownership. requestor=129.138.12.150
check software interlocks K
interlocks []
actuate state mode=None-script, software_lock=False
doing actuation None-script open_channel False
Open K ===>> OK
GetIndicatorState K ===>> OK
change switch state (True, True)
update switch state K True args=() kw={} ncanvase=2
14:53:34 -- OPEN   VALVE-K (Microbone to Getter D-50)
---------------------------------------- open None (Microbone to Getter D-50) result=[(True, True)], time=0.40 sec
action=open, ok=True, locked=[False]
open () {'description': 'Microbone to Getter NP-10'}
opening name=--- desc=Microbone to Getter NP-10
checking ownership. requestor=129.138.12.150
check software interlocks M
interlocks []
actuate state mode=None-script, software_lock=False
doing actuation None-script open_channel False
Open M ===>> OK
GetIndicatorState M ===>> OK
change switch state (True, True)
update switch state M True args=() kw={} ncanvase=2
14:53:34 -- OPEN   VALVE-M (Microbone to Getter NP-10)
---------------------------------------- open None (Microbone to Getter NP-10) result=[(True, True)], time=0.13 sec
action=open, ok=True, locked=[False]
close () {'description': 'CO2 Laser to Felix'}
closing name=--- desc=CO2 Laser to Felix
checking ownership. requestor=129.138.12.150
check software interlocks F
interlocks []
actuate state mode=None-script, software_lock=True
VALVE-F(CO2 Laser to Felix) software locked
change switch state (True, False)
---------------------------------------- close None (CO2 Laser to Felix) result=[(True, False)]
action=close, ok=True, locked=[True]
open () {'description': 'CO2 Laser to Jan'}
opening name=--- desc=CO2 Laser to Jan
checking ownership. requestor=129.138.12.150
check software interlocks A
interlocks []
actuate state mode=None-script, software_lock=False
doing actuation None-script open_channel False
Open A ===>> OK
GetIndicatorState A ===>> OK
change switch state (True, True)
update switch state A True args=() kw={} ncanvase=2
14:53:35 -- OPEN   VALVE-A (CO2 Laser to Jan)
---------------------------------------- open None (CO2 Laser to Jan) result=[(True, True)], time=0.12 sec
Get Checksum: -1404555142
action=open, ok=True, locked=[False]
open () {'description': 'Microbone to CO2 Laser'}
opening name=--- desc=Microbone to CO2 Laser
checking ownership. requestor=129.138.12.150
check software interlocks T
interlocks []
actuate state mode=None-script, software_lock=False
doing actuation None-script open_channel False
Open T ===>> OK
GetIndicatorState T ===>> OK
change switch state (True, True)
update switch state T True args=() kw={} ncanvase=2
14:53:35 -- OPEN   VALVE-T (Microbone to CO2 Laser)
---------------------------------------- open None (Microbone to CO2 Laser) result=[(True, True)], time=0.39 sec
action=open, ok=True, locked=[False]
executed 0
PrepareForCO2Analysis.py completed successfully
gosub finished
set_motor ('beam', '1.25') {}
setting motor "beam" to 1.25
set motor beam to 1.25
SetMotor beam,1.25 ===>> OK
GetMotorMoving beam ===>> False
GetMotorMoving beam ===>> False
Block completed
move_to_position ('206',) {'autocenter': True}
FusionsCO2 move to position 206
sending GoToHole 206,True
GoToHole 206,True ===>> OK
GetDriveMoving ===>> False
GetDriveMoving ===>> OK
Get Checksum: -1404555142
GetDriveMoving ===>> OK
GetDriveMoving ===>> OK
GetDriveMoving ===>> OK
GetDriveMoving ===>> False
Block completed
GetAutoCorrecting ===>> False
GetAutoCorrecting ===>> False
Block completed
update position
GetPosition ===>> 7.97560,-11.96340,1.00000
got position (7.9756, -11.9634, 1.0)
move to position succeeded
sleep (5,) {}
SLEEP 5.0
block started
WaitControl setup for 5.0  
Get Checksum: -1404555142
Get Checksum: -1404555142
Join finished
block finished. duration 5.00761008263
close () {'description': 'Microbone to Turbo'}
closing name=--- desc=Microbone to Turbo
checking ownership. requestor=129.138.12.150
check software interlocks U
interlocks []
actuate state mode=None-script, software_lock=False
doing actuation None-script close_channel True
Close U ===>> OK
set states for children of U. state=False
handle state [('U', False)]
update switch state U False args=() kw={'refresh': False} ncanvase=2
refresh_canvas_needed fired
GetIndicatorState U ===>> False
change switch state (True, True)
update switch state U False args=() kw={} ncanvase=2
14:53:45 -- CLOSE  VALVE-U (Microbone to Turbo)
---------------------------------------- close None (Microbone to Turbo) result=[(True, True)]
action=close, ok=True, locked=[False]
enable laser
enable () {}
set extraction state FusionsCO2 Enabled (False, 'red', 1.5)
enabling laser
Enable ===>> OK
begin interval
BEGIN INTERVAL Interval 1 waiting for 30.0
block started
set extract to 5.0
extract (5.0,) {}
WaitControl setup for 30.0  
GetPosition ===>> 7.97560,-11.96340,1.00000
set extraction state FusionsCO2 ON! 5.0(watts) (0.75, 'red', 1.5)
extract sample to 5.0 (watts)
set laser output
SetLaserOutput 5.0,watts ===>> OK
executing pattern triangle.lp
execute_pattern ('triangle.lp',) {}
executing pattern triangle.lp
Get Checksum: 777293942
IsPatterning ===>> OK
IsPatterning ===>> OK
IsPatterning ===>> OK
Get Checksum: 777293942
IsPatterning ===>> OK
IsPatterning ===>> OK
IsPatterning ===>> OK
Get Checksum: 777293942
IsPatterning ===>> OK
IsPatterning ===>> OK
IsPatterning ===>> OK
Get Checksum: 777293942
IsPatterning ===>> OK
IsPatterning ===>> OK
IsPatterning ===>> OK
IsPatterning ===>> OK
IsPatterning ===>> OK
Get Checksum: 777293942
IsPatterning ===>> OK
IsPatterning ===>> OK
IsPatterning ===>> OK
Get Checksum: 777293942
IsPatterning ===>> OK
IsPatterning ===>> OK
IsPatterning ===>> OK
Get Checksum: 777293942
IsPatterning ===>> OK
IsPatterning ===>> OK
IsPatterning ===>> OK
Get Checksum: 777293942
IsPatterning ===>> OK
IsPatterning ===>> OK
IsPatterning ===>> OK
Get Checksum: 777293942
IsPatterning ===>> False
IsPatterning ===>> False
Block completed
COMPLETE INTERVAL waiting for Interval 1 to complete
Join finished
block finished. duration 30.0349879265
Interval 1 finished
end_extract () {}
ending extraction. set laser power to 0
set laser power 0
SetLaserPower 0 ===>> OK
disable () {}
%%%%%%%%%%%%%%%%%%%%%%%%%%%%%%%%%%% disable
set extraction state False (0.75, 'red', 1.5)
disabling laser
Disable ===>> OK
sleep (30.0,) {}
SLEEP 30.0
block started
WaitControl setup for 30.0  
Get Checksum: 777293942
Get Checksum: 777293942
Get Checksum: 777293942
Get Checksum: 777293942
Get Checksum: 777293942
Get Checksum: 777293942
Get Checksum: 777293942
Get Checksum: 777293942
Get Checksum: 777293942
Get Checksum: 777293942
Join finished
block finished. duration 30.0375649929
executed 166.5
jan_co2.py completed successfully
GetAchievedOutput ===>> No Response
Requested Output= 0.000
Achieved Output=  0.000
GetResponseBlob ===>> No Response
GetOutputBlob ===>> No Response
persistence save...
persistence save - db
AutomatedRunPersister post_extraction_save deprecated
persistence save - dvc
no extraction position for 206
create new session 4984870000
close session 4984870000
Extraction Finished
14:54:46 -- ******* Extraction Finished *******
no overlap. not waiting for min ms pumptime
14:54:46 -- Sending spectrometer configuration
======== Sending configuration ========
SetDeflection CDD,50.0 ===>> OK
SetDeflection H2,0.0 ===>> OK
SetDeflection H1,0.0 ===>> OK
SetDeflection L2,825.0 ===>> OK
SetDeflection L1,400.0 ===>> OK
SetDeflection AX,190.0 ===>> OK
SetZFocus 74.64 ===>> OK
SetZSymmetry -50.72 ===>> OK
SetExtractionLens 26.13 ===>> OK
SetIonRepeller -3.81 ===>> OK
SetElectronEnergy 75.08 ===>> OK
SetYSymmetry -2.81 ===>> OK
SetIonCounterVoltage 1590.0 ===>> OK
send trap current 200.0
GetParameter Trap Current Readback ===>> 198.594579747299
SetParameter Trap Current Set,200.0 ===>> OK
updating mftable name mftable
Using mftable located at /Users/jan/PychronDev/setupfiles/spectrometer/mftables/mftable.csv
============ MFtable ===========
Isotope  H2     H1     AX     L1     L2     CDD    
Ar40     5.7815 5.8793 5.9928 6.1215 6.2312 6.3497
Ar39     5.6808 5.7716 5.8852 6.0075 6.1163 6.2362
Ar36     5.3583 5.4406 5.5486 5.6664 5.7713 5.8873
================================
get initial guess parabolic
get initial guess parabolic
get initial guess parabolic
get initial guess parabolic
get initial guess parabolic
get initial guess parabolic
======== Configuration Finished ========
GetYSymmetry ===>> -2.81
GetZSymmetry ===>> -50.72
GetParameter Trap Current Readback ===>> 198.147042666178
GetHighVoltage ===>> 4500
start measurement
do measurement
L#=65572 analysis type=unknown
Measurement Started jan_unknown120_60.py
14:54:46 -- ******* Measurement Started jan_unknown120_60.py *******
state changed from extraction to measurement
setting spec, defl, and gains
GetExtractionLens ===>> 26.13
GetYSymmetry ===>> -2.81
GetZSymmetry ===>> -50.72
GetZFocus ===>> 74.64
GetDeflection H2 ===>> 0
GetDeflection H1 ===>> 0
GetDeflection AX ===>> 190
GetDeflection L1 ===>> 400
GetDeflection L2 ===>> 825
GetDeflection CDD ===>> 50
GetGain H2 ===>> 0.0113
GetGain H1 ===>> 0.1
GetGain AX ===>> 0.097049
GetGain L1 ===>> 0.010355
GetGain L2 ===>> 0.095649
GetGain CDD ===>> 0
pre measurement save
New frame /Users/jan/PychronDev/data/isotopes/02/149455-16ac-44b6-9fe1-02fdbd220905.h5
flush and close file /Users/jan/PychronDev/data/isotopes/02/149455-16ac-44b6-9fe1-02fdbd220905.h5
testing...
no interpolation path defined
executed 226.132928
unknown measurement script
activate_detectors ('H2', 'H1', 'AX', 'L1', 'L2', 'CDD') {}
activate detectors
*************** Set Analysis View Ar/Ar
create graphs
Get Checksum: 777293942
clearing graphs
clear isotope group
setting isotope det=H2, iso=PM41
setting isotope det=H1, iso=Ar40
setting isotope det=AX, iso=Ar39
setting isotope det=L1, iso=Ar38
setting isotope det=L2, iso=Ar37
setting isotope det=CDD, iso=Ar36
setting previous blanks
 - setting Ar40 blank 0.912+/-0.008
 - setting Ar36 blank 0.00675+/-0.00018
 - setting Ar37 blank 0.046+/-0.005
 - setting Ar38 blank 0.0108+/-0.0024
 - setting PM41 blank 0.03+/-0.07
 - setting Ar39 blank 0.026+/-0.009
load analysis view
position_magnet ('Ar40',) {'detector': 'H1'}
detector Detector(H1)
POSITION Ar40 H1
setting detector H2 to PM41 (40.9624)
setting detector H1 to Ar40 (39.9624)
setting detector AX to Ar39 (38.9624)
setting detector L1 to Ar38 (37.9624)
setting detector L2 to Ar37 (36.9624)
setting detector CDD to Ar36 (35.9624)
Mapping mass to dac mass func: "parabolic"
H1 map mass coeffs = [-0.00063987  0.15840543  0.57095999]
H1 map mass to dac 39.9624 >> 5.87935
GetDeflection H1 ===>> 0
GetHighVoltage ===>> 4500
positioning Ar40 (5.87935) on H1
setting magnet DAC
current  : 5.879350
requested: 5.879350
Delta Dac: 0.000000
Checking detector protection. dv=0.00000
Checking detector "CDD". Protection Threshold: 0.1 (V)
SetMagnetDAC 5.87935 ===>> OK
Magnet settling time: 0.500
equilibrate () {'delay': 3, 'inlet': 'R', 'outlet': 'O', 'eqtime': 12.0}
Equilibration Started
14:54:48 -- ******* Equilibration Started *******
checking ownership. requestor=129.138.12.150
check software interlocks O
interlocks []
actuate state mode=None-script, software_lock=False
doing actuation None-script close_channel True
Close O ===>> OK
GetIndicatorState O ===>> False
change switch state (True, True)
update switch state O False args=() kw={} ncanvase=2
14:54:48 -- CLOSE  VALVE-O (Jan Ion Pump)
waiting 3s before opening inlet value ('R',)
Get Checksum: 1076709024
checking ownership. requestor=129.138.12.150
check software interlocks R
interlocks []
actuate state mode=None-script, software_lock=False
doing actuation None-script open_channel True
Open R ===>> OK
GetIndicatorState R ===>> OK
change switch state (True, True)
update switch state R True args=() kw={} ncanvase=2
14:54:51 -- OPEN   VALVE-R (Jan Inlet)
equilibrating for 12.0sec
set_time_zero () {}
sniff (12.0,) {}
py_sniff
build tables- sniff [Detector(H2), Detector(H1), Detector(AX), Detector(L1), Detector(L2), Detector(CDD)]
add group /sniff/PM41 (Group) '' table H2
add group /sniff/Ar40 (Group) '' table H1
add group /sniff/Ar39 (Group) '' table AX
add group /sniff/Ar38 (Group) '' table L1
add group /sniff/Ar37 (Group) '' table L2
add group /sniff/Ar36 (Group) '' table CDD
flush and close file /Users/jan/PychronDev/data/isotopes/02/149455-16ac-44b6-9fe1-02fdbd220905.h5
measuring sniff. ncounts=12.0
starting measurement
GetData ===>> H2,0.227542082670692,H1,0.958532527054668,AX,0.814012990557611,L1,0.045086405457135,L2,0.07993446...
Get Checksum: -612364762
GetData ===>> H2,0.978115284294004,H1,3.65400148993154,AX,1.18104760039636,L1,0.156993272215945,L2,0.2343421007...
GetData ===>> H2,0.423076675348381,H1,4.85255156492228,AX,0.748125215400869,L1,0.137013041255384,L2,0.132257797...
GetData ===>> H2,0.0692747367686245,H1,5.10822803224598,AX,0.52561517789569,L1,0.0908084240525733,L2,-0.0021427...
Get Checksum: -612364762
GetData ===>> H2,-0.0298667993854252,H1,5.26322767506768,AX,0.370161524310443,L1,0.0978112704174808,L2,0.086271...
GetData ===>> H2,-0.0145606828067493,H1,5.39255127506599,AX,0.436358256919022,L1,0.0502575495084455,L2,0.177502...
GetData ===>> H2,-0.0390576913959247,H1,5.47537268534788,AX,0.42527368639564,L1,0.0391039286890533,L2,0.0176451...
Get Checksum: -612364762
GetData ===>> H2,-0.15329702528772,H1,5.48147416811531,AX,0.322949353246731,L1,0.0795136181138848,L2,0.04694700...
GetData ===>> H2,-0.107961756865277,H1,5.51974533601916,AX,0.280799593715968,L1,0.128512923245247,L2,0.03475772...
GetData ===>> H2,-0.118841168855681,H1,5.45395910078332,AX,0.491800007399971,L1,0.111767085684155,L2,0.08274939...
Get Checksum: -612364762
GetData ===>> H2,-0.0598781178532222,H1,5.42991700896136,AX,0.430118673915635,L1,0.019226602730511,L2,0.0514057...
Equilibration Finished
14:55:03 -- ******* Equilibration Finished *******
checking ownership. requestor=129.138.12.150
check software interlocks R
interlocks []
actuate state mode=None-script, software_lock=False
doing actuation None-script close_channel True
GetData ===>> H2,-0.225645859560356,H1,5.48883808622402,AX,0.353170411518899,L1,0.02358216479705,L2,0.049695221...
Close R ===>> OK
GetIndicatorState R ===>> False
change switch state (True, True)
update switch state R False args=() kw={} ncanvase=2
14:55:04 -- CLOSE  VALVE-R (Jan Inlet)
Post Equilibration Started jan_pump_extraction_line.py
14:55:04 -- ******* Post Equilibration Started jan_pump_extraction_line.py *******
testing...
no interpolation path defined
calculate duration
testing...
no interpolation path defined
executed 4.0
executed 4.0
Pump after analysis
doing GOSUB
testing...
no interpolation path defined
executed 4.0
Pump Microbone
close () {'description': 'Jan Inlet'}
closing name=--- desc=Jan Inlet
checking ownership. requestor=129.138.12.150
check software interlocks R
interlocks []
actuate state mode=None-script, software_lock=False
doing actuation None-script close_channel False
Close R ===>> OK
measurement finished
estimated time: 12.583 actual time: :12.663
flush and close file /Users/jan/PychronDev/data/isotopes/02/149455-16ac-44b6-9fe1-02fdbd220905.h5
set_fits () {}
using default fits file=/Users/jan/PychronDev/scripts/measurement/fits/nominal_linear.yaml
set "Ar40" to "('Linear', 'SEM')"
No fit for "PM41". defaulting to linear. check the measurement script "jan_unknown120_60.py"
set "PM41" to "linear"
set "Ar36" to "('Linear', 'SEM')"
set "Ar37" to "('linear', 'SEM')"
set "Ar38" to "('linear', 'SEM')"
set "Ar39" to "('Linear', 'SEM')"
set_baseline_fits () {}
using default fits file=/Users/jan/PychronDev/scripts/measurement/fits/nominal_linear.yaml
set "H1" to "('average', 'SEM')"
set "H2" to "('average', 'SEM')"
set "CDD" to "('average', 'SEM')"
set "L2" to "('average', 'SEM')"
set "L1" to "('average', 'SEM')"
set "AX" to "('average', 'SEM')"
multicollect () {'integration_time': 1, 'ncounts': 120}
build tables- signal [Detector(H2), Detector(H1), Detector(AX), Detector(L1), Detector(L2), Detector(CDD)]
add group /signal/PM41 (Group) '' table H2
add group /signal/Ar40 (Group) '' table H1
add group /signal/Ar39 (Group) '' table AX
add group /signal/Ar38 (Group) '' table L1
add group /signal/Ar37 (Group) '' table L2
GetIndicatorState R ===>> False
add group /signal/Ar36 (Group) '' table CDD
change switch state (True, True)
flush and close file /Users/jan/PychronDev/data/isotopes/02/149455-16ac-44b6-9fe1-02fdbd220905.h5
update switch state R False args=() kw={} ncanvase=2
measuring signal. ncounts=120
14:55:04 -- CLOSE  VALVE-R (Jan Inlet)
---------------------------------------- close None (Jan Inlet) result=[(True, True)]
action=close, ok=True, locked=[False]
is_closed ('F',) {}
is F () closed?
is closed True
open () {'description': 'CO2 Laser to Jan'}
opening name=--- desc=CO2 Laser to Jan
checking ownership. requestor=129.138.12.150
check software interlocks A
interlocks []
actuate state mode=None-script, software_lock=False
doing actuation None-script open_channel False
Open A ===>> OK
GetIndicatorState A ===>> OK
change switch state (True, True)
update switch state A True args=() kw={} ncanvase=2
14:55:05 -- OPEN   VALVE-A (CO2 Laser to Jan)
---------------------------------------- open None (CO2 Laser to Jan) result=[(True, True)], time=0.12 sec
Get Checksum: 1076709024
starting measurement
GetData ===>> H2,-0.164847738949531,H1,5.57120039914654,AX,0.403931722232185,L1,0.0557141082550509,L2,0.0862824...
action=open, ok=True, locked=[False]
sleep (1,) {}
SLEEP 1.0
GetData ===>> H2,-0.0329919097537615,H1,5.51718367646539,AX,0.583272168670349,L1,0.0802197316832259,L2,0.042408...
close () {'description': 'CO2 Laser to Roughing'}
closing name=--- desc=CO2 Laser to Roughing
checking ownership. requestor=129.138.12.150
check software interlocks G
interlocks []
actuate state mode=None-script, software_lock=True
VALVE-G(CO2 Laser to Roughing) software locked
change switch state (True, False)
---------------------------------------- close None (CO2 Laser to Roughing) result=[(True, False)]
action=close, ok=True, locked=[True]
open () {'description': 'Microbone to Turbo'}
opening name=--- desc=Microbone to Turbo
checking ownership. requestor=129.138.12.150
check software interlocks U
interlocks []
actuate state mode=None-script, software_lock=False
doing actuation None-script open_channel True
Open U ===>> OK
GetIndicatorState U ===>> OK
change switch state (True, True)
update switch state U True args=() kw={} ncanvase=2
14:55:06 -- OPEN   VALVE-U (Microbone to Turbo)
---------------------------------------- open None (Microbone to Turbo) result=[(True, True)], time=0.14 sec
action=open, ok=True, locked=[False]
open () {'description': 'Microbone to Getter NP-10'}
opening name=--- desc=Microbone to Getter NP-10
checking ownership. requestor=129.138.12.150
check software interlocks M
interlocks []
actuate state mode=None-script, software_lock=False
doing actuation None-script open_channel False
Open M ===>> OK
GetIndicatorState M ===>> OK
change switch state (True, True)
update switch state M True args=() kw={} ncanvase=2
14:55:06 -- OPEN   VALVE-M (Microbone to Getter NP-10)
---------------------------------------- open None (Microbone to Getter NP-10) result=[(True, True)], time=0.13 sec
action=open, ok=True, locked=[False]
open () {'description': 'Microbone to Getter D-50'}
opening name=--- desc=Microbone to Getter D-50
checking ownership. requestor=129.138.12.150
check software interlocks K
interlocks []
actuate state mode=None-script, software_lock=False
doing actuation None-script open_channel False
GetData ===>> H2,-0.150630776560261,H1,5.51022216799322,AX,0.486498553533684,L1,0.0585181169470717,L2,-0.002644...
Open K ===>> OK
GetIndicatorState K ===>> OK
change switch state (True, True)
update switch state K True args=() kw={} ncanvase=2
14:55:07 -- OPEN   VALVE-K (Microbone to Getter D-50)
---------------------------------------- open None (Microbone to Getter D-50) result=[(True, True)], time=0.44 sec
action=open, ok=True, locked=[False]
open () {'description': 'Microbone to CO2 Laser'}
opening name=--- desc=Microbone to CO2 Laser
checking ownership. requestor=129.138.12.150
check software interlocks T
interlocks []
actuate state mode=None-script, software_lock=False
doing actuation None-script open_channel False
Open T ===>> OK
GetIndicatorState T ===>> OK
change switch state (True, True)
update switch state T True args=() kw={} ncanvase=2
14:55:08 -- OPEN   VALVE-T (Microbone to CO2 Laser)
---------------------------------------- open None (Microbone to CO2 Laser) result=[(True, True)], time=0.40 sec
GetData ===>> H2,-0.166991267301027,H1,5.49426640338504,AX,0.338982427649766,L1,0.0393227800846662,L2,-0.010097...
action=open, ok=True, locked=[False]
open () {'description': 'Microbone to Inlet Pipette'}
opening name=--- desc=Microbone to Inlet Pipette
checking ownership. requestor=129.138.12.150
check software interlocks S
interlocks []
actuate state mode=None-script, software_lock=False
doing actuation None-script open_channel False
Open S ===>> OK
Get Checksum: -1097334291
GetIndicatorState S ===>> OK
change switch state (True, True)
update switch state S True args=() kw={} ncanvase=2
14:55:08 -- OPEN   VALVE-S (Microbone to Inlet Pipette)
---------------------------------------- open None (Microbone to Inlet Pipette) result=[(True, True)], time=0.40 sec
action=open, ok=True, locked=[False]
sleep (1,) {}
SLEEP 1.0
GetData ===>> H2,-0.151068287153104,H1,5.61753751227105,AX,0.424727623754134,L1,0.028394430526044,L2,-0.0129810...
set_resource () {'name': 'CO2PumpTimeFlag', 'value': 30}
Set CO2PumpTimeFlag 30 ===>> OK
release ('JanCO2Flag',) {}
release JanCO2Flag
Set JanCO2Flag 0 ===>> OK
executed 6.0
PumpMicrobone.py completed successfully
gosub finished
get_resource_value () {'name': 'JanMiniboneFlag'}
Read JanMiniboneFlag ===>> 0
Get Resource Value JanMiniboneFlag=0.0
get resource value 0.0
get_resource_value () {'name': 'JanMiniboneFlag'}
Read JanMiniboneFlag ===>> 0
Get Resource Value JanMiniboneFlag=0.0
executed 4.0
jan_pump_extraction_line.py completed successfully
Post Equilibration Finished
14:55:10 -- ******* Post Equilibration Finished *******
GetData ===>> H2,-0.207416410161275,H1,5.57616704581221,AX,0.408733735949673,L1,0.0155345602042703,L2,0.1147907...
GetData ===>> H2,-0.231149267400628,H1,5.64709384822744,AX,0.308092067713272,L1,0.00534222714082754,L2,0.026069...
Get Checksum: -1097334291
GetData ===>> H2,-0.191225416188582,H1,5.59441693240801,AX,0.268932654691571,L1,0.0351894551178194,L2,0.0234706...
GetData ===>> H2,-0.0422440553156948,H1,5.64779271127278,AX,0.454045053761347,L1,0.0685426627262646,L2,-0.02251...
GetData ===>> H2,-0.211610248425935,H1,5.54966877330456,AX,0.419605996411853,L1,0.0544675973226629,L2,0.0897015...
Get Checksum: -1097334291
GetData ===>> H2,-0.269083280048442,H1,5.64862644883248,AX,0.355645676694782,L1,0.0438860710963554,L2,0.0707371...
GetData ===>> H2,-0.332035664493917,H1,5.68783199934184,AX,0.415315087907834,L1,0.0402848205357065,L2,-0.050660...
GetData ===>> H2,-0.299259018368023,H1,5.58345189463159,AX,0.341155228250906,L1,0.034432223107006,L2,0.02057495...
Get Checksum: -1097334291
GetData ===>> H2,-0.178207447280813,H1,5.5796377091186,AX,0.375566294975604,L1,0.021861342718267,L2,-0.00011397...
GetData ===>> H2,-0.175749470951046,H1,5.59932336796842,AX,0.406408276057146,L1,-0.0027575870844756,L2,-0.05256...
Get Checksum: -1097334291
GetData ===>> H2,-0.184659626854361,H1,5.67290588653544,AX,0.37754230740834,L1,-0.0343014724026455,L2,-0.016137...
GetData ===>> H2,-0.18988532822734,H1,5.6697296142951,AX,0.301936076468116,L1,-0.0387987682002131,L2,0.04410763...
GetData ===>> H2,-0.184009448302498,H1,5.64065717488702,AX,0.42850365133945,L1,-0.0267679527292876,L2,0.1209015...
Get Checksum: -1097334291
GetData ===>> H2,-0.18717500749531,H1,5.71116375138925,AX,0.318128328340297,L1,-0.0173640977415596,L2,0.0117516...
GetData ===>> H2,-0.18257811456115,H1,5.74404817231511,AX,0.473653023185035,L1,0.0183064682140643,L2,0.06967635...
GetData ===>> H2,-0.105926836085325,H1,5.76783457064021,AX,0.288417490064703,L1,0.0530131280454607,L2,0.0511776...
Get Checksum: -1097334291
GetData ===>> H2,-0.224735546513239,H1,5.76442214911361,AX,0.334346506941644,L1,0.0425195134305882,L2,0.0612363...
GetData ===>> H2,-0.286964213192948,H1,5.76168492868219,AX,0.401304085985255,L1,0.0455900577424841,L2,-0.025664...
GetData ===>> H2,-0.252914581153328,H1,5.6979270558932,AX,0.301506333103796,L1,0.015030222181851,L2,-0.03455140...
Get Checksum: -1097334291
14:55:30 -- collecting point 25
GetData ===>> H2,-0.148615849383474,H1,5.7242794497341,AX,0.280369943516712,L1,0.0177551484798923,L2,0.08525668...
GetData ===>> H2,-0.149651717930887,H1,5.75433284472815,AX,0.34078340867163,L1,0.0394430301249055,L2,0.05925188...
GetData ===>> H2,-0.116244711499129,H1,5.81668537425066,AX,0.388225091397395,L1,0.00377641454655119,L2,0.066573...
Get Checksum: -1097334291
GetData ===>> H2,-0.156539761028709,H1,5.82963057729395,AX,0.343211880908984,L1,0.0286370740617842,L2,-0.020900...
GetData ===>> H2,-0.166724023300496,H1,5.85528038100216,AX,0.323158463335489,L1,0.0166453936684766,L2,0.0494329...
GetData ===>> H2,-0.11620276281209,H1,5.85319379472049,AX,0.403548036419928,L1,0.000691318999888302,L2,0.012013...
Get Checksum: -1097334291
GetData ===>> H2,-0.200189067468928,H1,5.76984770687201,AX,0.38959685028056,L1,0.0227445492042304,L2,0.15029830...
GetData ===>> H2,-0.182969354761544,H1,5.91250613490375,AX,0.297569042897739,L1,0.0454854787088011,L2,0.0025189...
GetData ===>> H2,-0.235377315791282,H1,5.89919441263371,AX,0.347801742414847,L1,0.0146868064492185,L2,0.0672355...
Get Checksum: -1097334291
GetData ===>> H2,-0.251448875233267,H1,5.86579987419931,AX,0.443086299137137,L1,0.0252009689218089,L2,0.0676917...
GetData ===>> H2,-0.223569269097393,H1,5.82451365332293,AX,0.421687562021702,L1,0.024350140384604,L2,0.03735736...
GetData ===>> H2,-0.238366406404401,H1,5.83460049496665,AX,0.422101918419101,L1,0.0183196810395819,L2,0.1079506...
GetData ===>> H2,-0.286942723463062,H1,5.8507144941953,AX,0.424262891998799,L1,-0.0029675553939464,L2,0.0291368...
Get Checksum: -1097334291
GetData ===>> H2,-0.247756873356408,H1,5.8465660950709,AX,0.213592108263324,L1,-0.000272429559950384,L2,0.02108...
GetData ===>> H2,-0.155537314290301,H1,5.86573849714507,AX,0.404466559518905,L1,-0.0119860588200556,L2,0.015091...
GetData ===>> H2,-0.192355065269178,H1,5.86211731565729,AX,0.401594750229706,L1,0.00996662663452816,L2,-0.02574...
Get Checksum: -1097334291
GetData ===>> H2,-0.289303662453875,H1,5.89866640006662,AX,0.383935563112232,L1,0.00270912866761466,L2,0.063734...
GetData ===>> H2,-0.129077789607492,H1,5.92950441263846,AX,0.354076839362511,L1,0.00863212429887767,L2,0.059901...
GetData ===>> H2,-0.162760513772029,H1,5.92914820609487,AX,0.399769393134691,L1,-0.0129785599624381,L2,0.109193...
Get Checksum: -1097334291
GetData ===>> H2,-0.266462265447249,H1,6.01368821972146,AX,0.407977955403644,L1,0.0278731270320966,L2,0.0115123...
GetData ===>> H2,-0.259550905053492,H1,6.01786407512563,AX,0.335124954419486,L1,0.000634907763335168,L2,-0.0686...
GetData ===>> H2,-0.274107204456106,H1,5.89585447173249,AX,0.387132348126832,L1,-0.0156154141375915,L2,-0.10680...
Get Checksum: -1097334291
GetData ===>> H2,-0.0902793309706903,H1,5.96970224415176,AX,0.39089887655856,L1,-0.0424325073729645,L2,0.013564...
GetData ===>> H2,-0.140176816353314,H1,5.92494751834309,AX,0.345489354804503,L1,-0.00245162542346313,L2,-0.0649...
GetData ===>> H2,-0.0590481869084572,H1,5.9439011005088,AX,0.415687191740112,L1,0.0278334898504247,L2,0.1236150...
Get Checksum: -1097334291
14:55:56 -- collecting point 50
GetData ===>> H2,-0.122886886700247,H1,5.95992162204089,AX,0.430258101578798,L1,0.0467116458494932,L2,0.0928815...
GetData ===>> H2,-0.126460689515517,H1,6.08214445255097,AX,0.413698778359874,L1,0.0554830830296327,L2,-0.031748...
GetData ===>> H2,-0.15110069467355,H1,6.114963531399,AX,0.403443395096726,L1,0.0285577938485547,L2,0.0300603011...
Get Checksum: -1097334291
GetData ===>> H2,-0.171167822714442,H1,6.10600178027114,AX,0.397572034045674,L1,-0.0134543983805695,L2,0.028942...
GetData ===>> H2,-0.165534846039695,H1,6.08365611327726,AX,0.364815164157005,L1,0.0438355436628828,L2,0.0542795...
GetData ===>> H2,-0.0846810616755811,H1,6.05979166593442,AX,0.436044525340306,L1,0.051071756108443,L2,-0.071698...
Get Checksum: -1097334291
GetData ===>> H2,-0.118078123663148,H1,6.07928096085251,AX,0.344222793878999,L1,0.01202032938081,L2,-0.01334570...
GetData ===>> H2,-0.188194487856954,H1,6.00947568989561,AX,0.320219346013416,L1,-0.00311273092187736,L2,0.03213...
GetData ===>> H2,-0.160173225043546,H1,6.12774981902227,AX,0.301924461757693,L1,-0.0121299056302188,L2,-0.02748...
Get Checksum: -1097334291
GetData ===>> H2,-0.19759866246409,H1,6.07290291101921,AX,0.377519059970502,L1,-0.0322827074294015,L2,0.0815413...
GetData ===>> H2,-0.270001163203658,H1,6.16371975134553,AX,0.461401939044621,L1,0.0055653590645641,L2,0.0445181...
Get Checksum: -1097334291
GetData ===>> H2,-0.161639787938682,H1,6.24042172080148,AX,0.392863574111279,L1,0.0416089787052603,L2,0.0067362...
GetData ===>> H2,-0.0370175706254014,H1,6.06559137382809,AX,0.430002484348513,L1,0.0497248028874989,L2,-0.05265...
GetData ===>> H2,-0.0507672623548302,H1,6.06556679810655,AX,0.413547614088113,L1,0.0418435207456601,L2,0.081484...
Get Checksum: -1097334291
GetData ===>> H2,-0.0929984736529035,H1,6.16742198430524,AX,0.389887479639345,L1,0.0483431599335736,L2,0.025420...
GetData ===>> H2,-0.132419962422201,H1,6.15911981970754,AX,0.377670168415422,L1,-0.00597262192394216,L2,-0.0682...
GetData ===>> H2,-0.149399174609767,H1,6.06014799451564,AX,0.316653026186222,L1,-0.0181975539624074,L2,0.083114...
Get Checksum: -1097334291
GetData ===>> H2,-0.0956411225206067,H1,6.1587754480499,AX,0.252261001098463,L1,-0.0167596488894066,L2,-0.00703...
GetData ===>> H2,-0.15504686667595,H1,6.22056343355257,AX,0.39817659351494,L1,0.0151358909155121,L2,0.016676201...
GetData ===>> H2,-0.258145195857714,H1,6.20046311461257,AX,0.285107812570806,L1,0.0186572145459929,L2,0.0383493...
Get Checksum: -1097334291
GetData ===>> H2,-0.242743502193506,H1,6.17651995449429,AX,0.394932943321413,L1,0.00782934788823281,L2,-0.02379...
GetData ===>> H2,-0.199013277800431,H1,6.11025513435404,AX,0.454939937502537,L1,0.041059329742574,L2,0.02695921...
GetData ===>> H2,-0.243188956187511,H1,6.33981973417177,AX,0.379739215287909,L1,0.0242155301067746,L2,0.0724822...
Get Checksum: -1097334291
GetData ===>> H2,-0.260094023416151,H1,6.18962163212886,AX,0.391329014059125,L1,-0.0117103466870305,L2,0.056115...
GetData ===>> H2,-0.212962507074014,H1,6.24337312364147,AX,0.33949367049427,L1,0.00245823085873505,L2,-0.054169...
14:56:23 -- collecting point 75
GetData ===>> H2,-0.205645720497425,H1,6.21493249077412,AX,0.473536781762117,L1,0.0495540412976837,L2,-0.005960...
Get Checksum: -1097334291
GetData ===>> H2,-0.191091953777904,H1,6.36465033675833,AX,0.473455412848535,L1,0.0106399453507695,L2,0.0952181...
GetData ===>> H2,-0.181570271499633,H1,6.31713640535516,AX,0.386399984489146,L1,0.0105583285643819,L2,0.0153424...
GetData ===>> H2,-0.194326962817732,H1,6.22596106664373,AX,0.411187156234311,L1,0.015893616224136,L2,0.05342425...
Get Checksum: -1097334291
GetData ===>> H2,-0.165951949665087,H1,6.22210031628041,AX,0.36271156801182,L1,0.0107227630598115,L2,0.03296765...
GetData ===>> H2,-0.235053068938173,H1,6.30355094820863,AX,0.417280277319087,L1,0.0117874513361163,L2,-0.037080...
GetData ===>> H2,-0.260944047368859,H1,6.27028397170759,AX,0.386027992366534,L1,0.00057249569960784,L2,-0.03972...
Get Checksum: -1097334291
GetData ===>> H2,-0.2408013327859,H1,6.32177605151887,AX,0.305165019630682,L1,0.0167835058457914,L2,0.147720885...
GetData ===>> H2,-0.224630505673513,H1,6.36915889347585,AX,0.449222120377378,L1,0.0184217807298935,L2,-0.044110...
Get Checksum: -1097334291
GetData ===>> H2,-0.216431307535511,H1,6.33589318013186,AX,0.488986480666837,L1,0.00293001995047727,L2,0.004353...
GetData ===>> H2,-0.157488085902211,H1,6.30785773839573,AX,0.487986651859092,L1,0.00250985047141225,L2,0.097429...
GetData ===>> H2,-0.170284059789148,H1,6.37566649654511,AX,0.433708999743607,L1,0.00356871113110658,L2,-0.00736...
Get Checksum: -1097334291
GetData ===>> H2,-0.10390102430751,H1,6.46546159476771,AX,0.38853896672781,L1,-0.0318372313847465,L2,-0.0101889...
GetData ===>> H2,-0.186937654974967,H1,6.38202687531642,AX,0.30363183903967,L1,0.0196794935132931,L2,0.08155275...
GetData ===>> H2,-0.128837192993155,H1,6.41590218147508,AX,0.422531785693473,L1,0.0264871193317538,L2,-0.023977...
Get Checksum: -1097334291
GetData ===>> H2,-0.234524297880214,H1,6.32797898105835,AX,0.427213976252263,L1,-0.00110648368473277,L2,0.02949...
GetData ===>> H2,-0.328704517576813,H1,6.36687087337451,AX,0.377809653341638,L1,0.0173551902924696,L2,-0.008764...
GetData ===>> H2,-0.310370319758145,H1,6.49384647845539,AX,0.461611147685487,L1,-0.0122653594968861,L2,0.018819...
Get Checksum: -1097334291
GetData ===>> H2,-0.178353208361402,H1,6.43246858010589,AX,0.332382987926427,L1,0.0217495955752918,L2,0.0586702...
GetData ===>> H2,-0.195605224540863,H1,6.48114928256238,AX,0.358341811660022,L1,0.0209265499411619,L2,-0.010610...
GetData ===>> H2,-0.21892586073764,H1,6.37559268400343,AX,0.496311120382099,L1,-0.0150072615830424,L2,-0.055194...
Get Checksum: -1097334291
GetData ===>> H2,-0.171981363355492,H1,6.4811000239285,AX,0.456369444142731,L1,-0.0290226119455587,L2,-0.019510...
GetData ===>> H2,-0.219266738585929,H1,6.42219119235985,AX,0.434882565318242,L1,0.0167883097816704,L2,-0.054977...
GetData ===>> H2,-0.216218577894293,H1,6.42254811443823,AX,0.388934218580702,L1,0.0201948767430099,L2,0.0588755...
Get Checksum: -1097334291
GetData ===>> H2,-0.198303969435919,H1,6.49690093487332,AX,0.336670249169174,L1,0.00256147034865515,L2,-0.00416...
14:56:49 -- collecting point 100
GetData ===>> H2,-0.239540022405459,H1,6.54402243477803,AX,0.343002727809862,L1,0.00731579653193981,L2,0.024120...
GetData ===>> H2,-0.197910189702752,H1,6.49783699604074,AX,0.396130407355768,L1,0.0147228285291289,L2,-0.013778...
Get Checksum: -1097334291
GetData ===>> H2,-0.127770666807059,H1,6.49219612424721,AX,0.424634677225924,L1,0.00701943651776317,L2,0.067281...
GetData ===>> H2,-0.0621899430028028,H1,6.56330389655928,AX,0.455765097316514,L1,0.0243477366138847,L2,0.090727...
GetData ===>> H2,-0.181643130632907,H1,6.48942506638399,AX,0.307778451215295,L1,0.0727754865177358,L2,0.0103496...
Get Checksum: -1097334291
GetData ===>> H2,-0.245874765525737,H1,6.44988708663996,AX,0.424216418945057,L1,0.0616010179950281,L2,0.0392273...
GetData ===>> H2,-0.169429914985568,H1,6.56063198959764,AX,0.479279273602437,L1,0.0231843788443646,L2,0.0626049...
Get Checksum: -1097334291
GetData ===>> H2,-0.135968465210572,H1,6.60398204879493,AX,0.391433642386688,L1,0.00243662272733684,L2,0.005322...
GetData ===>> H2,-0.242564508177118,H1,6.65003676175553,AX,0.438949485944343,L1,0.00241861598657864,L2,0.040641...
GetData ===>> H2,-0.229073688201255,H1,6.58508805548703,AX,0.427887858405182,L1,0.0379327936519133,L2,-0.009698...
Get Checksum: -1097334291
GetData ===>> H2,-0.203049825009975,H1,6.56053348743508,AX,0.496578538265871,L1,-0.019258761598251,L2,-0.021664...
GetData ===>> H2,-0.177956409910462,H1,6.57635660059672,AX,0.312657044285298,L1,-0.0242203703328606,L2,0.094876...
GetData ===>> H2,-0.106022907698249,H1,6.57529754619899,AX,0.353298240576266,L1,-0.0262407543883878,L2,0.023824...
Get Checksum: -1097334291
GetData ===>> H2,-0.179210191584572,H1,6.57299475605344,AX,0.450593436215272,L1,0.0189599232472957,L2,0.0164938...
GetData ===>> H2,-0.150098719324402,H1,6.61589418269541,AX,0.379704343347774,L1,0.0257305403990562,L2,0.0692543...
GetData ===>> H2,-0.152022919864793,H1,6.58761280258322,AX,0.449036180730754,L1,0.0179533318406539,L2,-0.012103...
Get Checksum: -1097334291
GetData ===>> H2,-0.173388394397706,H1,6.63643259339468,AX,0.382250027747235,L1,0.0473704716727751,L2,0.0099962...
GetData ===>> H2,-0.216258969906201,H1,6.61022743287629,AX,0.386167489246267,L1,0.0181323007693487,L2,0.1414600...
GetData ===>> H2,-0.235094777561248,H1,6.64488569764721,AX,0.494160177099158,L1,-0.0187023909886874,L2,0.087980...
Get Checksum: -1097334291
GetData ===>> H2,-0.171347265390832,H1,6.62313821945058,AX,0.356040795260874,L1,0.0289734212913691,L2,-0.027646...
GetData ===>> H2,-0.265405622700559,H1,6.69370788086263,AX,0.399629876800205,L1,0.0502058369791265,L2,-0.042344...
measurement finished
estimated time: 125.829 actual time: :126.113
flush and close file /Users/jan/PychronDev/data/isotopes/02/149455-16ac-44b6-9fe1-02fdbd220905.h5
baselines () {'settling_time': 15.0, 'detector': 'H1', 'mass': 34.2, 'ncounts': 60}
%%%%%%%%%%%%%%%%%%%%%%%%%%%%%%%% Baseline
build tables- baseline [Detector(H2), Detector(H1), Detector(AX), Detector(L1), Detector(L2), Detector(CDD)]
add group baseline table H2
add group baseline table H1
add group baseline table AX
add group baseline table L1
add group baseline table L2
add group baseline table CDD
flush and close file /Users/jan/PychronDev/data/isotopes/02/149455-16ac-44b6-9fe1-02fdbd220905.h5
detector Detector(H1)
POSITION 34.2 H1
Mapping mass to dac mass func: "parabolic"
H1 map mass coeffs = [-0.00063987  0.15840543  0.57095999]
H1 map mass to dac 34.2 >> 5.24000599104
GetDeflection H1 ===>> 0
GetHighVoltage ===>> 4500
positioning 34.2 (5.24000599104) on H1
setting magnet DAC
current  : 5.879350
requested: 5.240006
Delta Dac: 0.639344
Checking detector protection. dv=0.63934
Checking detector "CDD". Protection Threshold: 0.1 (V)
ProtectDetector CDD,On ===>> OK
GetDeflection CDD ===>> 2000
SetMagnetDAC 5.24000599104 ===>> OK
Magnet settling time: 0.500
Get Checksum: -1097334291
GetMagnetMoving ===>> True
GetMagnetMoving ===>> True
GetMagnetMoving ===>> True
GetMagnetMoving ===>> True
GetMagnetMoving ===>> True
GetMagnetMoving ===>> True
GetMagnetMoving ===>> True
GetMagnetMoving ===>> True
GetMagnetMoving ===>> False
ProtectDetector CDD,Off ===>> OK
GetDeflection CDD ===>> 50
Delaying 15.0s for detectors to settle
Get Checksum: -1097334291
Get Checksum: -1097334291
Get Checksum: -1097334291
Get Checksum: -1097334291
Get Checksum: -1097334291
Join finished
measuring baseline. ncounts=60
starting measurement
GetData ===>> H2,-0.25159814389861,H1,0.0138713175395601,AX,-0.0880213035370325,L1,-0.0265474913305769,L2,-0.11...
GetData ===>> H2,-0.194169277568011,H1,-0.0384052553856538,AX,-0.105996186739514,L1,-0.0569891651359851,L2,0.00...
GetData ===>> H2,-0.091761595019975,H1,-0.0021974211305452,AX,-0.138060697396125,L1,0.0210935566866856,L2,0.052...
Get Checksum: -1097334291
GetData ===>> H2,-0.063952309488073,H1,-0.0655286957093491,AX,-0.0712602969537361,L1,0.0311959974368036,L2,0.00...
GetData ===>> H2,-0.123490036397145,H1,-0.128918979019965,AX,-0.0480381708606221,L1,-0.0465341552948745,L2,-0.0...
GetData ===>> H2,-0.202923114965545,H1,-0.058352131359629,AX,-0.073462806986432,L1,-0.0576809483709073,L2,-0.06...
Get Checksum: -1097334291
GetData ===>> H2,-0.194822915774664,H1,-0.0744211993025655,AX,-0.167195459668255,L1,-0.0453143713131492,L2,-0.0...
GetData ===>> H2,-0.175173031349008,H1,-0.0812867204438071,AX,-0.0349232788906043,L1,-0.013738452404361,L2,-0.0...
Get Checksum: -1097334291
GetData ===>> H2,-0.0538231145836472,H1,-0.104847608782532,AX,0.0347625489172979,L1,-0.00697770945780427,L2,-0....
GetData ===>> H2,-0.104320560746997,H1,-0.0365808656638709,AX,-0.0410692927043362,L1,-0.0781896348201639,L2,-0....
GetData ===>> H2,-0.217632317680968,H1,-0.0368670466429631,AX,-0.103945062319318,L1,-0.0371934683424295,L2,-0.0...
Get Checksum: -1097334291
GetData ===>> H2,-0.225380583595594,H1,0.0410043516661186,AX,-0.0814146124890343,L1,-0.0265654639081465,L2,-0.1...
GetData ===>> H2,-0.265445954393255,H1,-0.0856727790078836,AX,-0.0440146032605748,L1,0.0154613095438832,L2,-0.1...
GetData ===>> H2,-0.212274276118666,H1,-0.045058630207495,AX,-0.0623917915396972,L1,-0.0446547404628148,L2,-0.0...
Get Checksum: -1097334291
GetData ===>> H2,-0.20527510728877,H1,-0.0189791625855971,AX,-0.0652321198145035,L1,-0.0334298371360465,L2,-0.0...
GetData ===>> H2,-0.157501594230378,H1,-0.057350709368653,AX,-0.125891008285941,L1,-0.0536236858626564,L2,-0.05...
GetData ===>> H2,-0.0802337787104152,H1,0.0242272983566274,AX,-0.0785167994452272,L1,-0.0512502972757206,L2,0.0...
Get Checksum: -1097334291
GetData ===>> H2,-0.0905394863602874,H1,-0.0199690423964725,AX,-0.090768164094296,L1,-0.024158050730726,L2,-0.0...
GetData ===>> H2,-0.177875428926401,H1,-0.0152103739570862,AX,-0.124894625948742,L1,-0.00111488387848597,L2,0.0...
GetData ===>> H2,-0.251717826357529,H1,-0.0292710490989777,AX,0.0203270941743651,L1,-0.0390455303680877,L2,-0.0...
Get Checksum: -1097334291
GetData ===>> H2,-0.285543116564097,H1,-0.0461913291702086,AX,-0.0996572614165942,L1,-0.0476317145909437,L2,-0....
GetData ===>> H2,-0.217703735897839,H1,-0.0372128475676135,AX,-0.0186750599427363,L1,-0.00893242526760277,L2,-0...
GetData ===>> H2,-0.183624989059863,H1,0.0488688173832187,AX,-0.111790089908951,L1,-0.00234963613706661,L2,0.05...
Get Checksum: -1097334291
GetData ===>> H2,-0.189518596424938,H1,-0.0499231834727219,AX,-0.215417322276345,L1,-0.00506939680738145,L2,-0....
14:57:54 -- collecting point 25
GetData ===>> H2,-0.187431234743345,H1,-0.0655167749328498,AX,-0.116031008299902,L1,0.00794574050287842,L2,-0.0...
GetData ===>> H2,-0.243520007289193,H1,-0.0574341615840133,AX,-0.0700662838337619,L1,0.0126769784180701,L2,0.10...
Get Checksum: -1097334291
GetData ===>> H2,-0.16275241253722,H1,-0.0286390170442406,AX,-0.110596574075413,L1,-0.00195726772110314,L2,-0.0...
GetData ===>> H2,-0.141356712948689,H1,-0.0882113609298905,AX,-0.111674215227115,L1,0.023105063884589,L2,0.0133...
GetData ===>> H2,-0.157986532548317,H1,-0.0614397860804637,AX,-0.0876851844727394,L1,-0.0193882572398123,L2,-0....
Get Checksum: -1097334291
GetData ===>> H2,-0.0885678478900777,H1,-0.0243697148569531,AX,-0.0935613056448056,L1,-0.0135490839460341,L2,-0...
GetData ===>> H2,-0.165302665200842,H1,-0.0604145522207443,AX,-0.121175480805202,L1,0.00112221525317609,L2,-0.0...
Get Checksum: -1097334291
GetData ===>> H2,-0.179075237899267,H1,0.0367919253083439,AX,-0.14960898503716,L1,0.00998342904970953,L2,0.0032...
GetData ===>> H2,-0.281973466452463,H1,0.00658220848717153,AX,-0.0689534040446743,L1,-0.0163854480689747,L2,-0....
GetData ===>> H2,-0.301857479030349,H1,-0.0514611915557016,AX,-0.087256341222108,L1,-0.0341051216019804,L2,0.05...
Get Checksum: -1097334291
GetData ===>> H2,-0.144109327765269,H1,-0.0381071547630228,AX,-0.117757449447862,L1,-0.0308863374547979,L2,-0.0...
GetData ===>> H2,-0.204891004421212,H1,-0.0408615707142566,AX,-0.0168424710309986,L1,-0.04795844572433,L2,-0.04...
GetData ===>> H2,-0.271778929372225,H1,-0.0680320273094502,AX,-0.0805568688201825,L1,-0.0508291536214529,L2,0.0...
Get Checksum: -1097334291
GetData ===>> H2,-0.194994068407588,H1,0.0196457184876266,AX,0.00915385090353027,L1,-0.0348892952082053,L2,-0.0...
GetData ===>> H2,-0.163922980922132,H1,0.0384148221242555,AX,-0.013153991268423,L1,-0.0188558756093084,L2,-0.02...
GetData ===>> H2,-0.285334906828376,H1,-0.0191580572520554,AX,-0.0501948273747914,L1,-0.0312156874716602,L2,0.0...
Get Checksum: -1097334291
GetData ===>> H2,-0.218072947407976,H1,-0.00956885237084466,AX,-0.13007338560249,L1,-0.0389353266534275,L2,0.05...
GetData ===>> H2,-0.147088209526768,H1,-0.0345418025006648,AX,-0.0601426564565323,L1,-0.038501687261797,L2,0.01...
GetData ===>> H2,-0.0940997648976841,H1,-0.0697128005296975,AX,-0.165676911293754,L1,-0.0697376068989595,L2,0.0...
Get Checksum: -1097334291
GetData ===>> H2,-0.0874246945652631,H1,-0.0755297267925446,AX,-0.0694866605318749,L1,-0.042543870188584,L2,0.0...
GetData ===>> H2,-0.148343023408858,H1,-0.0834797737587543,AX,-0.0556094478761088,L1,-0.0269740318404346,L2,-0....
GetData ===>> H2,-0.137328610658167,H1,-0.0990323867584795,AX,-0.14142329211422,L1,-0.0393665516935492,L2,-0.04...
Get Checksum: -1097334291
GetData ===>> H2,-0.111429072720267,H1,-0.0526891965425545,AX,-0.157654872995193,L1,0.0017763966170835,L2,-0.08...
GetData ===>> H2,-0.144948357297473,H1,-0.0226166246244606,AX,-0.0826780319594394,L1,-0.00186007318191119,L2,0....
GetData ===>> H2,-0.200410188571011,H1,-0.0124791061722139,AX,-0.00872299114531008,L1,-0.0260023078806204,L2,-0...
Get Checksum: -1097334291
14:58:21 -- collecting point 50
GetData ===>> H2,-0.220728489472578,H1,0.0731007655599082,AX,0.00288904199303316,L1,-0.0290585482226688,L2,-0.0...
GetData ===>> H2,-0.144413331143593,H1,-0.0331585547167499,AX,-0.094221912460511,L1,-0.0369250946967597,L2,-0.0...
GetData ===>> H2,-0.13577781549237,H1,-0.0662916224505981,AX,-0.0811827906214605,L1,-0.0627362213615306,L2,0.07...
Get Checksum: -1097334291
GetData ===>> H2,-0.0544105801020508,H1,-0.0214121026544277,AX,-0.0208439655255542,L1,-0.0755016828301294,L2,0....
GetData ===>> H2,-0.0932450204464116,H1,-0.0743020020670169,AX,-0.0803482273249617,L1,-0.0808625239944273,L2,-0...
Get Checksum: -1097334291
GetData ===>> H2,-0.131225609176787,H1,0.0051387653992709,AX,-0.0970613117361662,L1,-0.0315546073167672,L2,-0.0...
GetData ===>> H2,-0.146011579299735,H1,0.00834777048044368,AX,-0.173721470178939,L1,-0.0134064559823683,L2,-0.0...
GetData ===>> H2,-0.338313232992765,H1,-0.0849219184913206,AX,-0.0245437517393044,L1,-0.0199757628257544,L2,-0....
Get Checksum: -1097334291
GetData ===>> H2,-0.247863144568322,H1,-0.155149620353989,AX,-0.0496150856971633,L1,-0.0414002470567844,L2,0.01...
GetData ===>> H2,-0.141364821778977,H1,-0.10553873974668,AX,-0.0889369323394098,L1,-0.0172249817782369,L2,0.005...
GetData ===>> H2,-0.266720361610888,H1,-0.0944919886926019,AX,-0.113331210052977,L1,-0.0612504147099922,L2,-0.0...
Get Checksum: -1097334291
measurement finished
estimated time: 62.915 actual time: :63.088
flush and close file /Users/jan/PychronDev/data/isotopes/02/149455-16ac-44b6-9fe1-02fdbd220905.h5
activate_detectors ('H1', 'AX', 'CDD') {'peak_center': True}
peak_center () {'detector': 'H1', 'integration_time': 0.262144, 'isotope': 'Ar40'}
peak center: mean=6.61365477124 threshold=3
peak center started
setup peak center. detector=['H1', 'AX', 'CDD'], isotope=Ar40
VersionedUnpickler [<apptools.sweet_pickle.versioned_unpickler.VersionedUnpickler object at 0x137389a10>] using Updater [<apptools.sweet_pickle.updater.Updater object at 0x1339c17d0>]
VersionedUnpickler [<apptools.sweet_pickle.versioned_unpickler.VersionedUnpickler object at 0x137389a10>] using Updater [<apptools.sweet_pickle.updater.Updater object at 0x1339c17d0>]
VersionedUnpickler [<apptools.sweet_pickle.versioned_unpickler.VersionedUnpickler object at 0x133079fb0>] using Updater [<apptools.sweet_pickle.updater.Updater object at 0x1339c17d0>]
setting integration time = 0.524288
SetIntegrationTime 0.524288 ===>> OK
Mapping mass to dac mass func: "parabolic"
H1 map mass coeffs = [-0.00063987  0.15840543  0.57095999]
H1 map mass to dac 39.9624 >> 5.87935
GetDeflection H1 ===>> 0
GetHighVoltage ===>> 4500
do peak center. <pychron.spectrometer.jobs.peak_center.PeakCenter object at 0x1339c1830>
doing pc
starting peak center. center dac= 5.87935 step_width=0.001
width = 0.001
get scan parameters. half-width=0.015,window=0.015, i=0, scalar=1
Scan parameters center=5.87935 width=0.03000 (5.86435 - 5.89435)
GetData ===>> H2,-0.294107277071431,H1,-0.0980909563227382,AX,-0.0321632445163806,L1,-0.026305457490702,L2,0.01...
Moving to starting dac 5.86435
setting magnet DAC
current  : 5.240006
requested: 5.864350
Delta Dac: 0.624344
Checking detector protection. dv=0.62434
Checking detector "CDD". Protection Threshold: 0.1 (V)
ProtectDetector CDD,On ===>> OK
GetDeflection CDD ===>> 2000
SetMagnetDAC 5.86435 ===>> OK
Magnet settling time: 0.500
GetMagnetMoving ===>> True
GetMagnetMoving ===>> True
GetMagnetMoving ===>> True
GetMagnetMoving ===>> True
GetMagnetMoving ===>> True
GetMagnetMoving ===>> True
GetMagnetMoving ===>> True
GetMagnetMoving ===>> True
GetMagnetMoving ===>> False
ProtectDetector CDD,Off ===>> OK
GetDeflection CDD ===>> 50
Wait until signal near baseline. tol= -0.0735682172421. timeout= 10
GetData ===>> H2,-0.147623509331764,H1,0.0686460838182025,AX,0.136833501599548,L1,0.0326571575469288,L2,-0.1279...
Get Checksum: -1097334291
GetData ===>> H2,0.23538668484341,H1,0.050670929145258,AX,-0.138958892344352,L1,0.00148711117687609,L2,-0.23420...
GetData ===>> H2,0.0903462682755161,H1,0.0408372832229055,AX,-0.0940017106869993,L1,-0.024720518153252,L2,-0.06...
GetData ===>> H2,-0.0261837464489683,H1,0.0663065051979885,AX,-0.0371729969055014,L1,-0.0143281085772873,L2,-0....
GetData ===>> H2,-0.0602083373946897,H1,-0.0263493580680894,AX,-0.112357873855019,L1,-0.0450845230106822,L2,-0....
GetData ===>> H2,-0.0499077622940394,H1,-0.0799517948921967,AX,-0.00588101316312851,L1,-0.0239925846736589,L2,-...
Peak center baseline intensity achieved
_do_sweep sm= 5.86435, em= 5.89435, stm= 0.001
calculated step values: start=5.86435, end=5.89435, width=0.001, nsteps=31.0
setting magnet DAC
current  : 5.864350
requested: 5.864350
Delta Dac: 0.000000
Checking detector protection. dv=0.00000
Checking detector "CDD". Protection Threshold: 0.1 (V)
SetMagnetDAC 5.86435 ===>> OK
GetData ===>> H2,-0.0499077622940394,H1,-0.0799517948921967,AX,-0.00588101316312851,L1,-0.0239925846736589,L2,-...
setting magnet DAC
current  : 5.864350
requested: 5.865384
Delta Dac: 0.001034
Checking detector protection. dv=0.00103
Checking detector "CDD". Protection Threshold: 0.1 (V)
SetMagnetDAC 5.86538448276 ===>> OK
Magnet settling time: 1.049
Get Checksum: -1097334291
GetData ===>> H2,-0.16904262747975,H1,-0.0656955864310359,AX,-0.0395154315323629,L1,-0.011691166431564,L2,0.058...
setting magnet DAC
current  : 5.865384
requested: 5.866419
Delta Dac: 0.001034
Checking detector protection. dv=0.00103
Checking detector "CDD". Protection Threshold: 0.1 (V)
SetMagnetDAC 5.86641896552 ===>> OK
Magnet settling time: 1.049
GetData ===>> H2,-0.247678850817139,H1,-0.0423997180637013,AX,-0.0420897253508434,L1,-0.0179012610722982,L2,-0....
setting magnet DAC
current  : 5.866419
requested: 5.867453
Delta Dac: 0.001034
Checking detector protection. dv=0.00103
Checking detector "CDD". Protection Threshold: 0.1 (V)
SetMagnetDAC 5.86745344828 ===>> OK
Magnet settling time: 1.049
GetData ===>> H2,-0.213059475583227,H1,0.182455249366753,AX,-0.0112633012285638,L1,-0.0306569555265851,L2,-0.12...
setting magnet DAC
current  : 5.867453
requested: 5.868488
Delta Dac: 0.001034
Checking detector protection. dv=0.00103
Checking detector "CDD". Protection Threshold: 0.1 (V)
SetMagnetDAC 5.86848793103 ===>> OK
Magnet settling time: 1.049
Get Checksum: -1097334291
GetData ===>> H2,-0.19201944578154,H1,0.899453177546339,AX,-0.049023745627895,L1,-0.0510684419547603,L2,0.09594...
setting magnet DAC
current  : 5.868488
requested: 5.869522
Delta Dac: 0.001034
Checking detector protection. dv=0.00103
Checking detector "CDD". Protection Threshold: 0.1 (V)
SetMagnetDAC 5.86952241379 ===>> OK
Magnet settling time: 1.049
GetData ===>> H2,-0.183914669578925,H1,2.24388562158742,AX,-0.136155469386763,L1,-0.049288000180942,L2,-0.05054...
setting magnet DAC
current  : 5.869522
requested: 5.870557
Delta Dac: 0.001034
Checking detector protection. dv=0.00103
Checking detector "CDD". Protection Threshold: 0.1 (V)
SetMagnetDAC 5.87055689655 ===>> OK
Magnet settling time: 1.049
Get Checksum: -1097334291
GetData ===>> H2,-0.196136662488532,H1,4.1836674189651,AX,0.232609294573501,L1,-0.025589659188565,L2,-0.0049872...
setting magnet DAC
current  : 5.870557
requested: 5.871591
Delta Dac: 0.001034
Checking detector protection. dv=0.00103
Checking detector "CDD". Protection Threshold: 0.1 (V)
SetMagnetDAC 5.87159137931 ===>> OK
Magnet settling time: 1.049
GetData ===>> H2,-0.237778144253352,H1,5.90416927590673,AX,0.370475341513079,L1,-0.0152221148345136,L2,0.128802...
setting magnet DAC
current  : 5.871591
requested: 5.872626
Delta Dac: 0.001034
Checking detector protection. dv=0.00103
Checking detector "CDD". Protection Threshold: 0.1 (V)
SetMagnetDAC 5.87262586207 ===>> OK
Magnet settling time: 1.049
GetData ===>> H2,-0.255053632299641,H1,6.87684152519912,AX,0.434111630086304,L1,0.0102343717808872,L2,-0.004736...
setting magnet DAC
current  : 5.872626
requested: 5.873660
Delta Dac: 0.001034
Checking detector protection. dv=0.00103
Checking detector "CDD". Protection Threshold: 0.1 (V)
SetMagnetDAC 5.87366034483 ===>> OK
Magnet settling time: 1.049
Get Checksum: -1097334291
GetData ===>> H2,-0.231382360701934,H1,7.34312142712559,AX,0.256614395987347,L1,0.00722046362913317,L2,-0.01131...
setting magnet DAC
current  : 5.873660
requested: 5.874695
Delta Dac: 0.001034
Checking detector protection. dv=0.00103
Checking detector "CDD". Protection Threshold: 0.1 (V)
SetMagnetDAC 5.87469482759 ===>> OK
Magnet settling time: 1.049
GetData ===>> H2,-0.167039856442041,H1,7.40330436846637,AX,0.505157901592346,L1,0.0177454903285165,L2,0.0381533...
setting magnet DAC
current  : 5.874695
requested: 5.875729
Delta Dac: 0.001034
Checking detector protection. dv=0.00103
Checking detector "CDD". Protection Threshold: 0.1 (V)
SetMagnetDAC 5.87572931034 ===>> OK
Magnet settling time: 1.049
GetData ===>> H2,-0.29944282181349,H1,7.41939365137039,AX,0.40604783473626,L1,0.0321236173144262,L2,-0.01808050...
setting magnet DAC
current  : 5.875729
requested: 5.876764
Delta Dac: 0.001034
Checking detector protection. dv=0.00103
Checking detector "CDD". Protection Threshold: 0.1 (V)
SetMagnetDAC 5.8767637931 ===>> OK
Magnet settling time: 1.049
Get Checksum: -1097334291
GetData ===>> H2,-0.123569822858252,H1,7.31270371601276,AX,0.398002200975775,L1,0.00926560289418769,L2,0.003552...
setting magnet DAC
current  : 5.876764
requested: 5.877798
Delta Dac: 0.001034
Checking detector protection. dv=0.00103
Checking detector "CDD". Protection Threshold: 0.1 (V)
SetMagnetDAC 5.87779827586 ===>> OK
Magnet settling time: 1.049
GetData ===>> H2,-0.166807706443222,H1,7.42737743168982,AX,0.330802906661755,L1,0.0267489328817483,L2,0.0871485...
setting magnet DAC
current  : 5.877798
requested: 5.878833
Delta Dac: 0.001034
Checking detector protection. dv=0.00103
Checking detector "CDD". Protection Threshold: 0.1 (V)
SetMagnetDAC 5.87883275862 ===>> OK
Magnet settling time: 1.049
GetData ===>> H2,-0.219877508491881,H1,7.39223362220473,AX,0.421366400014724,L1,0.025082089351689,L2,-0.0310808...
setting magnet DAC
current  : 5.878833
requested: 5.879867
Delta Dac: 0.001034
Checking detector protection. dv=0.00103
Checking detector "CDD". Protection Threshold: 0.1 (V)
SetMagnetDAC 5.87986724138 ===>> OK
Magnet settling time: 1.049
Get Checksum: -1097334291
GetData ===>> H2,-0.199478484423523,H1,7.52444304479252,AX,0.514149789725091,L1,0.0417220393159905,L2,0.0152595...
setting magnet DAC
current  : 5.879867
requested: 5.880902
Delta Dac: 0.001034
Checking detector protection. dv=0.00103
Checking detector "CDD". Protection Threshold: 0.1 (V)
SetMagnetDAC 5.88090172414 ===>> OK
Magnet settling time: 1.049
GetData ===>> H2,-0.176235647261584,H1,7.47905203086659,AX,0.550520785746064,L1,-0.00638162549942369,L2,-0.0456...
setting magnet DAC
current  : 5.880902
requested: 5.881936
Delta Dac: 0.001034
Checking detector protection. dv=0.00103
Checking detector "CDD". Protection Threshold: 0.1 (V)
SetMagnetDAC 5.8819362069 ===>> OK
Magnet settling time: 1.049
GetData ===>> H2,-0.0990080903057369,H1,7.50165848106967,AX,0.428470093341042,L1,0.00805956784908607,L2,0.05736...
setting magnet DAC
current  : 5.881936
requested: 5.882971
Delta Dac: 0.001034
Checking detector protection. dv=0.00103
Checking detector "CDD". Protection Threshold: 0.1 (V)
SetMagnetDAC 5.88297068966 ===>> OK
Magnet settling time: 1.049
Get Checksum: -1097334291
GetData ===>> H2,-0.236810540669821,H1,7.44386600493676,AX,0.37400876045032,L1,0.0145206130958915,L2,0.04692506...
setting magnet DAC
current  : 5.882971
requested: 5.884005
Delta Dac: 0.001034
Checking detector protection. dv=0.00103
Checking detector "CDD". Protection Threshold: 0.1 (V)
SetMagnetDAC 5.88400517241 ===>> OK
Magnet settling time: 1.049
GetData ===>> H2,-0.234084678268703,H1,7.45687083480686,AX,0.504948797771994,L1,0.0208537702973739,L2,0.0742250...
setting magnet DAC
current  : 5.884005
requested: 5.885040
Delta Dac: 0.001034
Checking detector protection. dv=0.00103
Checking detector "CDD". Protection Threshold: 0.1 (V)
SetMagnetDAC 5.88503965517 ===>> OK
Magnet settling time: 1.049
Get Checksum: -1097334291
GetData ===>> H2,-0.238605727314155,H1,7.18902012857694,AX,0.462742233694234,L1,-0.0133501233726293,L2,-0.09940...
setting magnet DAC
current  : 5.885040
requested: 5.886074
Delta Dac: 0.001034
Checking detector protection. dv=0.00103
Checking detector "CDD". Protection Threshold: 0.1 (V)
SetMagnetDAC 5.88607413793 ===>> OK
Magnet settling time: 1.049
GetData ===>> H2,-0.200443895676447,H1,6.52189421331257,AX,0.271127116729223,L1,-0.0340616440768287,L2,-0.00291...
setting magnet DAC
current  : 5.886074
requested: 5.887109
Delta Dac: 0.001034
Checking detector protection. dv=0.00103
Checking detector "CDD". Protection Threshold: 0.1 (V)
SetMagnetDAC 5.88710862069 ===>> OK
Magnet settling time: 1.049
GetData ===>> H2,-0.111628072947475,H1,4.86704760983614,AX,0.254246125050413,L1,-0.0015684839351567,L2,0.011136...
setting magnet DAC
current  : 5.887109
requested: 5.888143
Delta Dac: 0.001034
Checking detector protection. dv=0.00103
Checking detector "CDD". Protection Threshold: 0.1 (V)
SetMagnetDAC 5.88814310345 ===>> OK
Magnet settling time: 1.049
Get Checksum: -1097334291
GetData ===>> H2,-0.234947670369124,H1,2.92154077978137,AX,-0.0203104424312647,L1,0.0216195864123244,L2,-0.1159...
setting magnet DAC
current  : 5.888143
requested: 5.889178
Delta Dac: 0.001034
Checking detector protection. dv=0.00103
Checking detector "CDD". Protection Threshold: 0.1 (V)
SetMagnetDAC 5.88917758621 ===>> OK
Magnet settling time: 1.049
GetData ===>> H2,-0.238498022623214,H1,1.22618975970099,AX,0.0875901803979863,L1,0.00661155747278442,L2,-0.0790...
setting magnet DAC
current  : 5.889178
requested: 5.890212
Delta Dac: 0.001034
Checking detector protection. dv=0.00103
Checking detector "CDD". Protection Threshold: 0.1 (V)
SetMagnetDAC 5.89021206897 ===>> OK
Magnet settling time: 1.049
GetData ===>> H2,-0.22000133678329,H1,0.445541745942868,AX,-0.0675275082136734,L1,0.0113015641418143,L2,-0.0472...
setting magnet DAC
current  : 5.890212
requested: 5.891247
Delta Dac: 0.001034
Checking detector protection. dv=0.00103
Checking detector "CDD". Protection Threshold: 0.1 (V)
SetMagnetDAC 5.89124655172 ===>> OK
Magnet settling time: 1.049
GetData ===>> H2,-0.188194111006439,H1,0.0475202384089936,AX,0.00172893643968365,L1,0.00624239607141042,L2,0.01...
setting magnet DAC
current  : 5.891247
requested: 5.892281
Delta Dac: 0.001034
Checking detector protection. dv=0.00103
Checking detector "CDD". Protection Threshold: 0.1 (V)
SetMagnetDAC 5.89228103448 ===>> OK
Magnet settling time: 1.049
GetData ===>> H2,-0.0440132695154141,H1,0.0191923443808363,AX,-0.0779372264800461,L1,-0.0262408671610403,L2,0.0...
setting magnet DAC
current  : 5.892281
requested: 5.893316
Delta Dac: 0.001034
Checking detector protection. dv=0.00103
Checking detector "CDD". Protection Threshold: 0.1 (V)
SetMagnetDAC 5.89331551724 ===>> OK
Magnet settling time: 1.049
Get Checksum: -1097334291
GetData ===>> H2,-0.0391011231297121,H1,-0.0593773863492906,AX,-0.00850259582083051,L1,0.000363658145060702,L2,...
setting magnet DAC
current  : 5.893316
requested: 5.894350
Delta Dac: 0.001034
Checking detector protection. dv=0.00103
Checking detector "CDD". Protection Threshold: 0.1 (V)
SetMagnetDAC 5.89435 ===>> OK
Magnet settling time: 1.049
GetData ===>> H2,-0.261464323307698,H1,-0.0410404262718654,AX,-0.0847296047741098,L1,-0.0556712398355193,L2,-0....
result of _do_sweep=True
result of _calculate_peak_center=([5.8713540080160307, 5.8790193386773533, 5.8866846693386758], [5.5093847816790493, 7.5236481985644534, 5.5452362479340653], 5.8798610220440866, 7.5236481985644534)
Failed to find a valid peak. No peak greater than 1.0. max = 0.549864795838
Failed to find a valid peak. No peak greater than 1.0. max = 0.0205285371738
new center pos Detector(H1) (Ar40) @ 5.87901933868
GetHighVoltage ===>> 4500
GetDeflection H1 ===>> 0
dac uncorrected for HV and deflection 5.87901933868
update mftable H1 Ar40 5.87901933868 message=automated run peakcenter
get initial guess parabolic
get initial guess parabolic
get initial guess parabolic
get initial guess parabolic
get initial guess parabolic
get initial guess parabolic
dump mftable to /Users/jan/PychronDev/setupfiles/spectrometer/mftables/mftable.csv
add to repo msg=modified - automated run peakcenter
sweep finished
locally archiving mftable
setting magnet DAC
current  : 5.894350
requested: 5.879019
Delta Dac: 0.015331
Checking detector protection. dv=0.01533
Checking detector "CDD". Protection Threshold: 0.1 (V)
SetMagnetDAC 5.87901933868 ===>> OK
Magnet settling time: 0.500
Get Checksum: -1097334291
setting integration time = 1.048576
SetIntegrationTime 1.048576 ===>> OK
Failed to find a valid peak. No peak greater than 1.0. max = 0.549864795838
Failed to find a valid peak. No peak greater than 1.0. max = 0.0205285371738
flush and close file /Users/jan/PychronDev/data/isotopes/02/149455-16ac-44b6-9fe1-02fdbd220905.h5
finished measure script
executed 226.132928
jan_unknown120_60.py completed successfully
Measurement Finished
14:59:10 -- ******* Measurement Finished *******
Post Measurement Started jan_pump_ms.py
14:59:10 -- ******* Post Measurement Started jan_pump_ms.py *******
testing...
no interpolation path defined
executed 0
Pumping spectrometer
open () {'name': 'O'}
opening name=O desc=---
checking ownership. requestor=129.138.12.150
check software interlocks O
interlocks []
actuate state mode=None-script, software_lock=False
doing actuation None-script open_channel True
Open O ===>> OK
GetIndicatorState O ===>> OK
change switch state (True, True)
update switch state O True args=() kw={} ncanvase=2
14:59:11 -- OPEN   VALVE-O (Jan Ion Pump)
---------------------------------------- open O () result=[(True, True)], time=0.12 sec
action=open, ok=True, locked=[False]
executed 0
jan_pump_ms.py completed successfully
setting _ms_pumptime
Post Measurement Finished
14:59:11 -- ******* Post Measurement Finished *******
$$$$$$$$$$$$$$$$$$$$ state at run end measurement
state changed from measurement to success
post measurement save measured=True aborted=False
Set filtering
setting fod for Ar40= {'filter_outliers': True, 'std_devs': 2, 'iterations': 1}
setting fod for H1= {'filter_outliers': True, 'std_devs': 2, 'iterations': 1}
setting fod for PM41= {'filter_outliers': False, 'std_devs': 2, 'iterations': 1}
setting fod for H2= {'filter_outliers': True, 'std_devs': 2, 'iterations': 1}
setting fod for Ar36= {'filter_outliers': True, 'std_devs': 2, 'iterations': 1}
setting fod for CDD= {'filter_outliers': True, 'std_devs': 10, 'iterations': 1}
setting fod for Ar37= {'filter_outliers': True, 'std_devs': 2, 'iterations': 1}
setting fod for L2= {'filter_outliers': True, 'std_devs': 2, 'iterations': 1}
setting fod for Ar38= {'filter_outliers': True, 'std_devs': 2, 'iterations': 1}
setting fod for L1= {'filter_outliers': True, 'std_devs': 2, 'iterations': 1}
setting fod for Ar39= {'filter_outliers': True, 'std_devs': 2, 'iterations': 1}
setting fod for AX= {'filter_outliers': True, 'std_devs': 2, 'iterations': 1}
persistence save...
persistence save - db
post measurement save
5057616016 connecting to database sqlite:////Users/jan/PychronDev/.appdata/local_lab.db
connected to db sqlite:////Users/jan/PychronDev/.appdata/local_lab.db
create new session 5057616016
close session 5057616016
No database instance. Not saving post measurement to isotopedb database
$$$$$$$$$$$$$$$ auto_save_detector_ic=False
massspec enabled True
create new session 5015664976
MassSpec Database Version: 16.0
close session 5015664976
saving post measurement to secondary database
saving to massspec database 129.138.12.160/massspecdata
setting labnumber to 65572
setting aliquot to 6
setting step to C
setting uuid to 02149455-16ac-44b6-9fe1-02fdbd220905
setting irradpos to 65572
setting extract_device to Fusions CO2
setting tray to 
setting position to 206
setting power_requested to 5.0
setting extract_value to 5.0
setting duration to 30.0
setting duration_at_request to 30.0
setting first_stage_delay to 30.0
setting cleanup to 30.0
setting comment to M:15 with inclusions
setting irradiation to NM-289
setting level to M
setting irradiation_level to M
setting sample to NM-2602 W
setting material to Sanidine
setting project to JoyitaHills
setting mass_spectrometer to Jan
no attribute chron_dosages
no attribute production_ratios
no attribute interference_corrections
no attribute production_name
no attribute j
Reference Isotope=Ar40
Reference Detector=H1
%%%%%%%%%%%%%%%%%%%% Comment: M:15 with inclusions %%%%%%%%%%%%%%%%%%%
adding isotope PM41 H2
add baseline dbdet= PM41. original det= H2
get baseline data PM41 H2
Get data baseline <pychron.processing.isotope.Baseline object at 0x1382c7190> len t=60
baseline PM41. v=-0.173933242844, e=0.00826637032902
get signal data PM41 H2
Get data signal PM41 -0.01+/-0.06 len t=120
adding isotope Ar40 H1
add baseline dbdet= Ar40. original det= H1
get baseline data Ar40 H1
Get data baseline <pychron.processing.isotope.Baseline object at 0x1382c7350> len t=60
baseline Ar40. v=-0.0402200793647, e=0.00528469308349
get signal data Ar40 H1
Get data signal Ar40 5.443+/-0.010 len t=120
adding isotope Ar39 AX
add baseline dbdet= Ar39. original det= AX
get baseline data Ar39 AX
Get data baseline <pychron.processing.isotope.Baseline object at 0x1382c7510> len t=60
baseline Ar39. v=-0.0833958789046, e=0.00579603558369
get signal data Ar39 AX
Get data signal Ar39 0.447+/-0.011 len t=120
adding isotope Ar38 L1
add baseline dbdet= Ar38. original det= L1
get baseline data Ar38 L1
Get data baseline <pychron.processing.isotope.Baseline object at 0x1382c76d0> len t=60
baseline Ar38. v=-0.0273586519825, e=0.0031767710229
get signal data Ar38 L1
Get data signal Ar38 0.056+/-0.005 len t=120
adding isotope Ar37 L2
add baseline dbdet= Ar37. original det= L2
get baseline data Ar37 L2
Get data baseline <pychron.processing.isotope.Baseline object at 0x1382c7890> len t=60
baseline Ar37. v=-0.0207229591039, e=0.00609287749549
get signal data Ar37 L2
Get data signal Ar37 0.054+/-0.010 len t=120
adding isotope Ar36 CDD
add baseline dbdet= Ar36. original det= CDD
get baseline data Ar36 CDD
Get data baseline <pychron.processing.isotope.Baseline object at 0x1382c7a50> len t=60
baseline Ar36. v=9.92436074678e-06, e=4.83437743744e-06
get signal data Ar36 CDD
Get data signal Ar36 0.01543+/-0.00029 len t=120
65572-06C added analysis time 0.525789022446s
analysis added to mass spec database
mass spec save time= 0.549
persistence save - dvc
================= post measurement started
create new session 4984870000
close session 4984870000
---------------- Experiment Queue saving disabled
DVC saving peakcenter
Failed to find a valid peak. No peak greater than 1.0. max = 0.549864795838
Failed to find a valid peak. No peak greater than 1.0. max = 0.0205285371738
Smart pull ahead: 0 behind: 0
Up-to-date with origin
add to repo msg=modified - ad8224ebc6dbfeb9f5997218dfa5fe690569839d.json
Get Checksum: -1404555142
add to repo msg=modified - 72-06C.json
add to repo msg=modified - 72-06C.dat.json
add to repo msg=modified - 72-06C.blan.json
add to repo msg=modified - 72-06C.inte.json
add to repo msg=modified - 72-06C.icfa.json
add to repo msg=modified - 72-06C.base.json
not at valid file /Users/jan/PychronDev/data/.dvc/repositories/Load1783/655/tags/72-06C.tags.json
add to repo msg=modified - 72-06C.peak.json
add to repo msg=modified - 72-06C.extr.json
not at valid file /Users/jan/PychronDev/data/.dvc/repositories/Load1783/655/monitor/72-06C.moni.json
commit message=<COLLECTION>
add to repo msg=modified - 72-06C.inte.json
add to repo msg=modified - 72-06C.base.json
commit message=<ISOEVO> default collection fits
add to repo msg=modified - 72-06C.blan.json
Get Checksum: -1404555142
commit message=<BLANKS> preceding 
add to repo msg=modified - 72-06C.icfa.json
commit message=<ICFactor> default
push repository <pychron.git_archive.repo_manager.GitRepoManager object at 0x1381098f0>
pushing to remote=origin, url=https://github.com
Get Checksum: -1404555142
no changes to meta repo
create new session 4984870000
add association Load1783
get identifier "65572"
setting analysis irradiation position=<pychron.dvc.dvc_orm.IrradiationPositionTbl object at 0x1332c0c10>
close session 4984870000
================= post measurement finished
14:59:23 -- ******* Post Run Check *******
loading queue conditionals post_run_actions
loading system conditionals post_run_actions
loading conditionals from /Users/jan/PychronDev/setupfiles/spectrometer/default_conditionals.yaml
loading queue conditionals post_run_terminations
loading system conditionals post_run_terminations
loading conditionals from /Users/jan/PychronDev/setupfiles/spectrometer/default_conditionals.yaml
Checking default post run terminations n=1
GetDeflection CDD ===>> 50
testing CDD==2000
evaluate ot="CDD.deflection==2000" t="CDD==2000", ctx="{'CDD': 50.0}"
14:59:23 -- ******* Post Run Check Passed *******
14:59:23 -- Automated run 65572-06C success duration: 352.030 s
----------------- finish -----------------
----------------- stop -----------------
retroactive repository identifiers disabled
finish run. runs completed=4
update duration runid=65572-06C, duration=352.030436993, md5=301e91d8
loading script "jan_unknown400_120.py"
loading script "jan_pump_ms.py"
loading script "jan_co2.py"
loading script "jan_pump_extraction_line.py"
testing...
no interpolation path defined
executed 556.052928
script duration name:unknown400_120 seconds:556.0
loading script "jan_unknown400_120.py"
loading script "jan_pump_ms.py"
loading script "jan_co2.py"
loading script "jan_pump_extraction_line.py"
testing...
no interpolation path defined
executed 0
loading script "jan_unknown400_120.py"
loading script "jan_pump_ms.py"
loading script "jan_co2.py"
loading script "jan_pump_extraction_line.py"
testing...
no interpolation path defined
calculate duration
testing...
no interpolation path defined
executed 0
calculate duration
testing...
no interpolation path defined
executed 0
executed 0.0
script duration name:co2 seconds:0.0
loading script "jan_unknown400_120.py"
loading script "jan_pump_ms.py"
loading script "jan_co2.py"
loading script "jan_pump_extraction_line.py"
testing...
no interpolation path defined
calculate duration
testing...
no interpolation path defined
executed 4.0
executed 4.0
Script duration 556.0
Run total estimated duration= 557.000
unknown400_120 in script context. using previous estimated duration
script duration name:unknown400_120 seconds:556.0
pump_ms in script context. using previous estimated duration
loading script "jan_unknown400_120.py"
loading script "jan_pump_ms.py"
loading script "jan_cocktail_x1.py"
loading script "jan_pump_extraction_line.py"
testing...
no interpolation path defined
calculate duration
testing...
no interpolation path defined
executed 0
calculate duration
testing...
no interpolation path defined
executed 0
calculate duration
testing...
no interpolation path defined
executed 32.0
calculate duration
testing...
no interpolation path defined
executed 34.0
calculate duration
testing...
no interpolation path defined
executed 4.0
calculate duration
testing...
no interpolation path defined
executed 38.0
executed 108.0
script duration name:cocktail_x1 seconds:108.0
pump_extraction_line in script context. using previous estimated duration
Script duration 664.0
Run total estimated duration= 665.000
loading script "jan_unknown120_60.py"
loading script "jan_pump_ms.py"
loading script "jan_cocktail_x1.py"
loading script "jan_pump_extraction_line.py"
testing...
no interpolation path defined
executed 213.652928
script duration name:unknown120_60 seconds:214.0
cocktail_x1 in script context. using previous estimated duration
script duration name:cocktail_x1 seconds:108.0
Script duration 322.0
Run total estimated duration= 323.000
script duration name:unknown400_120 seconds:556.0
loading script "jan_unknown400_120.py"
loading script "jan_pump_ms.py"
loading script "jan_sniffair_x2.py"
loading script "jan_pump_extraction_line.py"
testing...
no interpolation path defined
calculate duration
testing...
no interpolation path defined
executed 0
calculate duration
testing...
no interpolation path defined
executed 0
calculate duration
testing...
no interpolation path defined
executed 32.0
calculate duration
testing...
no interpolation path defined
executed 34.0
calculate duration
testing...
no interpolation path defined
executed 4.0
calculate duration
testing...
no interpolation path defined
executed 36.0
calculate duration
testing...
no interpolation path defined
executed 34.0
calculate duration
testing...
no interpolation path defined
executed 4.0
calculate duration
testing...
no interpolation path defined
executed 36.0
calculate duration
testing...
no interpolation path defined
executed 70.0
executed 250.0
script duration name:sniffair_x2 seconds:250.0
Script duration 806.0
Run total estimated duration= 807.000
script duration name:unknown400_120 seconds:556.0
sniffair_x2 in script context. using previous estimated duration
script duration name:sniffair_x2 seconds:250.0
Script duration 806.0
Run total estimated duration= 807.000
loading script "jan_ic_peak_hop3.py"
Get Checksum: -1404555142
loading script "jan_pump_ms.py"
loading script "jan_air_x1.py"
loading script "jan_pump_extraction_line.py"
testing...
no interpolation path defined
executed 133.8
script duration name:ic_peak_hop3 seconds:134.0
loading script "jan_ic_peak_hop3.py"
loading script "jan_pump_ms.py"
loading script "jan_air_x1.py"
loading script "jan_pump_extraction_line.py"
testing...
no interpolation path defined
calculate duration
testing...
no interpolation path defined
executed 0
calculate duration
testing...
no interpolation path defined
executed 0
calculate duration
testing...
no interpolation path defined
executed 32.0
calculate duration
testing...
no interpolation path defined
executed 34.0
calculate duration
testing...
no interpolation path defined
executed 4.0
calculate duration
testing...
no interpolation path defined
executed 36.0
executed 106.0
script duration name:air_x1 seconds:106.0
Script duration 240.0
Run total estimated duration= 241.000
unknown120_60 in script context. using previous estimated duration
script duration name:unknown120_60 seconds:214.0
co2 in script context. using previous estimated duration
script duration name:co2 seconds:0.0
Script duration 214.0
Run total estimated duration= 215.000
script duration name:unknown120_60 seconds:214.0
script duration name:co2 seconds:0.0
Script duration 214.0
Run total estimated duration= 215.000
script duration name:unknown120_60 seconds:214.0
script duration name:co2 seconds:0.0
Script duration 214.0
Run total estimated duration= 215.000
script duration name:unknown120_60 seconds:214.0
script duration name:co2 seconds:0.0
Script duration 214.0
Run total estimated duration= 215.000
script duration name:unknown120_60 seconds:214.0
script duration name:co2 seconds:0.0
Script duration 214.0
Run total estimated duration= 215.000
script duration name:unknown120_60 seconds:214.0
script duration name:co2 seconds:0.0
Script duration 214.0
Run total estimated duration= 215.000
script duration name:unknown120_60 seconds:214.0
script duration name:co2 seconds:0.0
Script duration 214.0
Run total estimated duration= 215.000
script duration name:unknown120_60 seconds:214.0
script duration name:co2 seconds:0.0
Script duration 214.0
Run total estimated duration= 215.000
script duration name:unknown120_60 seconds:214.0
script duration name:co2 seconds:0.0
Script duration 214.0
Run total estimated duration= 215.000
script duration name:unknown120_60 seconds:214.0
script duration name:co2 seconds:0.0
Script duration 214.0
Run total estimated duration= 215.000
script duration name:unknown120_60 seconds:214.0
script duration name:co2 seconds:0.0
Script duration 214.0
Run total estimated duration= 215.000
script duration name:unknown120_60 seconds:214.0
script duration name:co2 seconds:0.0
Script duration 214.0
Run total estimated duration= 215.000
script duration name:unknown120_60 seconds:214.0
script duration name:co2 seconds:0.0
Script duration 214.0
Run total estimated duration= 215.000
script duration name:unknown120_60 seconds:214.0
script duration name:co2 seconds:0.0
Script duration 214.0
Run total estimated duration= 215.000
script duration name:unknown120_60 seconds:214.0
script duration name:co2 seconds:0.0
Script duration 214.0
Run total estimated duration= 215.000
script duration name:unknown400_120 seconds:556.0
script duration name:co2 seconds:0.0
Script duration 556.0
Run total estimated duration= 557.000
script duration name:unknown400_120 seconds:556.0
script duration name:cocktail_x1 seconds:108.0
Script duration 664.0
Run total estimated duration= 665.000
script duration name:unknown120_60 seconds:214.0
script duration name:cocktail_x1 seconds:108.0
Script duration 322.0
Run total estimated duration= 323.000
ic_peak_hop3 in script context. using previous estimated duration
script duration name:ic_peak_hop3 seconds:134.0
air_x1 in script context. using previous estimated duration
script duration name:air_x1 seconds:106.0
Script duration 240.0
Run total estimated duration= 241.000
script duration name:unknown120_60 seconds:214.0
script duration name:co2 seconds:0.0
Script duration 214.0
Run total estimated duration= 215.000
script duration name:unknown120_60 seconds:214.0
script duration name:co2 seconds:0.0
Script duration 214.0
Run total estimated duration= 215.000
script duration name:unknown120_60 seconds:214.0
script duration name:co2 seconds:0.0
Script duration 214.0
Run total estimated duration= 215.000
script duration name:unknown120_60 seconds:214.0
script duration name:co2 seconds:0.0
Script duration 214.0
Run total estimated duration= 215.000
script duration name:unknown120_60 seconds:214.0
script duration name:co2 seconds:0.0
Script duration 214.0
Run total estimated duration= 215.000
script duration name:unknown120_60 seconds:214.0
script duration name:co2 seconds:0.0
Script duration 214.0
Run total estimated duration= 215.000
script duration name:unknown120_60 seconds:214.0
script duration name:co2 seconds:0.0
Script duration 214.0
Run total estimated duration= 215.000
script duration name:unknown120_60 seconds:214.0
script duration name:co2 seconds:0.0
Script duration 214.0
Run total estimated duration= 215.000
script duration name:unknown120_60 seconds:214.0
script duration name:co2 seconds:0.0
Script duration 214.0
Run total estimated duration= 215.000
script duration name:unknown120_60 seconds:214.0
script duration name:co2 seconds:0.0
Script duration 214.0
Run total estimated duration= 215.000
script duration name:unknown400_120 seconds:556.0
script duration name:sniffair_x2 seconds:250.0
Script duration 806.0
Run total estimated duration= 807.000
script duration name:unknown400_120 seconds:556.0
script duration name:sniffair_x2 seconds:250.0
Script duration 806.0
Run total estimated duration= 807.000
script duration name:unknown400_120 seconds:556.0
script duration name:co2 seconds:0.0
Script duration 556.0
Run total estimated duration= 557.000
nruns=38 before=5.0, run_dur=12732.0, btw=1665.0
write rem/ex queues
/Users/jan/PychronDev/experiments/rem/CurrentExperiment.rem.txt
/Users/jan/PychronDev/experiments/rem/CurrentExperiment.ex.txt
doing event level: 3
